<?xml version="1.0" encoding="UTF-8" ?>
<testsuite errors="0" failures="0" hostname="Blacklock" name="com.onb.orderingsystem.dao.jdbc.OrderItemDaoTest" tests="1" time="7.35" timestamp="2011-06-13T15:05:16">
  <properties>
    <property name="libs.jsp-compiler.javadoc" value="" />
    <property name="netbeans.autoupdate.country" value="US" />
    <property name="javac.test.classpath" value="..\Basurahan\mysql-connector-java-5.1.16\mysql-connector-java-5.1.16-bin.jar:..\Basurahan\dependencieslis\junit-3.8.2.jar:..\Basurahan\dependencieslis\junit-addons-1.4.jar:..\Basurahan\dependencieslis\junitperf-1.8.jar:..\Basurahan\dependencieslis\logback-classic-0.9.15.jar:..\Basurahan\dependencieslis\mmmockobjects-1.12.0.jar:..\Basurahan\dependencieslis\mockobjects-core-0.07.jar:..\Basurahan\dependencieslis\mockobjects-jdk1.3-0.07.jar:..\Basurahan\dependencieslis\poi-3.2-FINAL.jar:..\Basurahan\dependencieslis\slf4j-api-1.5.6.jar:..\Basurahan\dependencieslis\xercesImpl-2.6.2.jar:..\Basurahan\dependencieslis\xmlParserAPIs-2.6.2.jar:build/web/WEB-INF/classes:..\Basurahan\dependencieslis\slf4j-api-1.5.6.jar:../Basurahan/dbunit-2.4.8.jar:..\Basurahan\dependencieslis\junit-addons-1.4.jar:..\Basurahan\dependencieslis\junitperf-1.8.jar:..\Basurahan\dependencieslis\mmmockobjects-1.12.0.jar:..\Basurahan\dependencieslis\mockobjects-core-0.07.jar:..\Basurahan\dependencieslis\mockobjects-jdk1.3-0.07.jar:..\Basurahan\dependencieslis\poi-3.2-FINAL.jar:..\Basurahan\dependencieslis\xercesImpl-2.6.2.jar:..\Basurahan\dependencieslis\xmlParserAPIs-2.6.2.jar:..\Basurahan\dependencieslis\jcl-over-slf4j-1.5.6.jar:..\Basurahan\dependencieslis\logback-classic-0.9.15.jar:..\Basurahan\mysql-connector-java-5.1.16\mysql-connector-java-5.1.16-bin.jar:D:\Work Area\Projects\Git Repository\Group-IIT\Basurahan\dependencieslis\commons-collections-3.2.1.jar:D:\Work Area\Projects\Git Repository\Group-IIT\Basurahan\dependencieslis\commons-io-1.4.jar:D:\Work Area\Projects\Git Repository\Group-IIT\Basurahan\dependencieslis\logback-core-0.9.15.jar:C:\Users\The Architect\.netbeans\7.0\modules\ext\junit-4.8.2.jar" />
    <property name="libs.jsf20.maven-pom" value="" />
    <property name="libs.DataBindingME.src" value="C:\Program Files\NetBeans 7.0\mobility\sources\netbeans_databindingme-src.zip" />
    <property name="libs.j2me_ant_ext.javadoc" value="" />
    <property name="source.root" value="src" />
    <property name="do.display.browser" value="true" />
    <property name="libs.junit.javadoc" value="C:\Users\The Architect\.netbeans\7.0\docs\junit-3.8.2-api.zip" />
    <property name="libs.nsicom-ant-utils.src" value="" />
    <property name="libs.nokiaS80-ant-utils.javadoc" value="" />
    <property name="ant.core.lib" value="C:\Program Files\NetBeans 7.0\java\ant\lib\ant.jar" />
    <property name="libs.swing-app-framework.src" value="" />
    <property name="libs.jakarta_slide_ant_webdav.javadoc" value="" />
    <property name="javadoc.windowtitle" value="" />
    <property name="libs.toplink.classpath" value="C:\Program Files\NetBeans 7.0\java\modules\ext\toplink\toplink-essentials.jar;C:\Program Files\NetBeans 7.0\java\modules\ext\toplink\toplink-essentials-agent.jar" />
    <property name="libs.jsp-compilation.javadoc" value="" />
    <property name="user.dir" value="D:\Work Area\Projects\Git Repository\Group-IIT\OrderingSystem" />
    <property name="libs.hibernate-persistence.javadoc" value="" />
    <property name="libs.JMUnit4CLDC10.javadoc" value="C:\Program Files\NetBeans 7.0\mobility\modules\docs\jmunit-1.2.1-api.zip" />
    <property name="java.vm.version" value="16.3-b01" />
    <property name="libs.DataBindingME.classpath" value="C:\Program Files\NetBeans 7.0\mobility\modules\ext\netbeans_databindingme.jar" />
    <property name="libs.jstl11.maven-pom" value="" />
    <property name="libs.Java-EE-GlassFish-v3.wsimport" value="" />
    <property name="libs.nsicom-ant-utils.classpath" value="C:\Program Files\NetBeans 7.0\mobility\ant\nblib\org-netbeans-modules-j2me-cdc-project-nsicom.jar" />
    <property name="libs.MySQLDriver.classpath" value="C:\Program Files\NetBeans 7.0\ide\modules\ext\mysql-connector-java-5.1.13-bin.jar" />
    <property name="libs.eclipselinkmodelgen.src" value="" />
    <property name="libs.jstl11.src" value="" />
    <property name="javadoc.notree" value="false" />
    <property name="lib.dir" value="web/WEB-INF/lib" />
    <property name="netbeans.autoupdate.version" value="1.23" />
    <property name="libs.EclipseLink-GlassFish-v3.classpath" value="D:\Work Area\Servers\glassfish-3.1\glassfish\modules\org.eclipse.persistence.antlr.jar;D:\Work Area\Servers\glassfish-3.1\glassfish\modules\org.eclipse.persistence.asm.jar;D:\Work Area\Servers\glassfish-3.1\glassfish\modules\org.eclipse.persistence.core.jar;D:\Work Area\Servers\glassfish-3.1\glassfish\modules\org.eclipse.persistence.jpa.jar;D:\Work Area\Servers\glassfish-3.1\glassfish\modules\org.eclipse.persistence.jpa.modelgen.jar;D:\Work Area\Servers\glassfish-3.1\glassfish\modules\org.eclipse.persistence.oracle.jar;D:\Work Area\Servers\glassfish-3.1\glassfish\modules\javax.persistence.jar" />
    <property name="libs.javaee-web-api-6.0.classpath" value="C:\Program Files\NetBeans 7.0\enterprise\modules\ext\javaee-web-api-6.0.jar" />
    <property name="libs.DataBindingME-PIM.maven-pom" value="" />
    <property name="libs.hibernate-support.maven-pom" value="" />
    <property name="libs.hibernate-support.javadoc" value="" />
    <property name="libs.NetBeans MIDP Components.maven-pom" value="" />
    <property name="jdk.home" value="C:\Program Files\Java\jdk1.6.0_20" />
    <property name="libs.javac-api.src" value="" />
    <property name="javadoc.noindex" value="false" />
    <property name="sun.os.patch.level" value="" />
    <property name="do.tmp.war.package" value="true" />
    <property name="java.vm.specification.name" value="Java Virtual Machine Specification" />
    <property name="libs.semc-ant-utils.classpath" value="C:\Program Files\NetBeans 7.0\mobility\modules\ext\org-netbeans-modules-j2me-cdc-project-semc.jar" />
    <property name="nb.show.statistics.ui" value="usageStatisticsEnabled" />
    <property name="libs.nokiadeployment.classpath" value="C:\Program Files\NetBeans 7.0\mobility\modules\org-netbeans-modules-mobility-deployment-nokia.jar" />
    <property name="netbeans.autoupdate.variant" value="" />
    <property name="have.tests" value="true" />
    <property name="libs.nokiaS80-ant-utils.maven-pom" value="" />
    <property name="org.xml.sax.driver" value="com.sun.org.apache.xerces.internal.jaxp.SAXParserImpl$JAXPSAXParser" />
    <property name="libs.nb_svg_midp_components.src" value="C:\Program Files\NetBeans 7.0\mobility\sources\nb_svg_midp_components-src.zip" />
    <property name="j2ee.server.instance" value="tomcat70:home=D:\Work Area\Servers\Apache Tomcat 7.0.11:base=apache-tomcat-7.0.11_base" />
    <property name="ant.file.type.OrderingSystem" value="file" />
    <property name="libs.NetBeans MIDP Components WMA.src" value="C:\Program Files\NetBeans 7.0\mobility\sources\netbeans_midp_components_wma-src.zip" />
    <property name="libs.javac-api.javadoc" value="" />
    <property name="os.name" value="Windows 7" />
    <property name="libs.beans-binding.classpath" value="C:\Program Files\NetBeans 7.0\java\modules\ext\beansbinding-1.2.1.jar" />
    <property name="ap.proc.none.internal" value="" />
    <property name="file.reference.mmmockobjects-1.12.0.jar" value="..\Basurahan\dependencieslis\mmmockobjects-1.12.0.jar" />
    <property name="libs.DataBindingME-SVG.javadoc" value="C:\Program Files\NetBeans 7.0\mobility\modules\docs\netbeans_databindingme_svg-api.zip" />
    <property name="file.reference.logback-classic-0.9.15.jar" value="..\Basurahan\dependencieslis\logback-classic-0.9.15.jar" />
    <property name="libs.restapi.javadoc" value="C:\Program Files\NetBeans 7.0\enterprise\docs\jsr311-api-1.1.1-javadoc.zip" />
    <property name="libs.JWSAntTasks.maven-pom" value="" />
    <property name="libs.ojec-ant-utils.src" value="" />
    <property name="libs.spring-webmvc3.0.src" value="" />
    <property name="libs.restapi.classpath" value="C:\Program Files\NetBeans 7.0\enterprise\modules\ext\rest\jsr311-api-1.1.1.jar" />
    <property name="runmain.jvmargs" value="" />
    <property name="java.vendor.url.bug" value="http://java.sun.com/cgi-bin/bugreport.cgi" />
    <property name="libs.nsicom-ant-utils.javadoc" value="" />
    <property name="libs.jaxb.maven-pom" value="" />
    <property name="os.arch" value="x86" />
    <property name="libs.eclipselink.src" value="" />
    <property name="user.name" value="The Architect" />
    <property name="j2ee.compile.on.save" value="true" />
    <property name="libs.jsf12.javadoc" value="C:\Program Files\NetBeans 7.0\enterprise\docs\javaee6-doc-api.zip" />
    <property name="libs.Comet-GlassFish-v3.javadoc" value="" />
    <property name="libs.spring-webmvc3.0.maven-pom" value="" />
    <property name="libs.swing-layout.maven-pom" value="" />
    <property name="build.classes.dir" value="build/web/WEB-INF/classes" />
    <property name="netbeans.accept_license_class" value="org.netbeans.license.AcceptLicense" />
    <property name="file.reference.commons-collections-3.2.1.jar" value="D:\Work Area\Projects\Git Repository\Group-IIT\Basurahan\dependencieslis\commons-collections-3.2.1.jar" />
    <property name="libs.Java-EE-GlassFish-v3.wsjwsdp" value="" />
    <property name="ap.supported.internal" value="true" />
    <property name="libs.jaxws21.javadoc" value="C:\Program Files\NetBeans 7.0\java\docs\jaxws-api-doc.zip" />
    <property name="build.web.excludes" value="**/*.java,**/*.form" />
    <property name="includes" value="**" />
    <property name="file.reference.dbunit-2.4.8.jar" value="../Basurahan/dbunit-2.4.8.jar" />
    <property name="libs.ojec-ant-utils.maven-pom" value="" />
    <property name="user.country" value="US" />
    <property name="libs.jstl11.javadoc" value="C:\Program Files\NetBeans 7.0\enterprise\docs\javaee6-doc-api.zip" />
    <property name="libs.JMUnit4CLDC11.src" value="" />
    <property name="javadoc.encoding" value="UTF-8" />
    <property name="javac.classpath" value="..\Basurahan\mysql-connector-java-5.1.16\mysql-connector-java-5.1.16-bin.jar:..\Basurahan\dependencieslis\junit-3.8.2.jar:..\Basurahan\dependencieslis\junit-addons-1.4.jar:..\Basurahan\dependencieslis\junitperf-1.8.jar:..\Basurahan\dependencieslis\logback-classic-0.9.15.jar:..\Basurahan\dependencieslis\mmmockobjects-1.12.0.jar:..\Basurahan\dependencieslis\mockobjects-core-0.07.jar:..\Basurahan\dependencieslis\mockobjects-jdk1.3-0.07.jar:..\Basurahan\dependencieslis\poi-3.2-FINAL.jar:..\Basurahan\dependencieslis\slf4j-api-1.5.6.jar:..\Basurahan\dependencieslis\xercesImpl-2.6.2.jar:..\Basurahan\dependencieslis\xmlParserAPIs-2.6.2.jar" />
    <property name="libs.jsp-compilation-syscp.src" value="" />
    <property name="ant.file.type.OrderingSystem-impl" value="file" />
    <property name="do.debug.server" value="true" />
    <property name="debug-transport" value="dt_shmem" />
    <property name="file.reference.slf4j-api-1.5.6.jar" value="..\Basurahan\dependencieslis\slf4j-api-1.5.6.jar" />
    <property name="netbeans.home" value="C:\Program Files\NetBeans 7.0\platform" />
    <property name="build.compiler.emacs" value="true" />
    <property name="libs.javaee-web-api-6.0.src" value="" />
    <property name="libs.ejb3-persistence.src" value="" />
    <property name="libs.Java-EE-GlassFish-v3.javadoc" value="C:\Program Files\NetBeans 7.0\enterprise\docs\javaee6-doc-api.zip" />
    <property name="libs.jsp-compilation-syscp.classpath" value="C:\Program Files\NetBeans 7.0\java\ant\lib\ant.jar;C:\Program Files\NetBeans 7.0\enterprise\modules\ext\servlet3.0-jsp2.2-api.jar;C:\Program Files\NetBeans 7.0\enterprise\modules\ext\glassfish-jspparser-3.0.jar;C:\Program Files\NetBeans 7.0\enterprise\modules\ext\standard.jar;C:\Program Files\NetBeans 7.0\enterprise\modules\ext\jsf-2_0\jsf-impl.jar" />
    <property name="libs.nokiaS80-ant-utils.src" value="" />
    <property name="libs.cdc-pp-awt-layout.javadoc" value="" />
    <property name="libs.j2me_ant_ext.classpath" value="C:\Program Files\NetBeans 7.0\mobility\modules\org-netbeans-modules-mobility-antext.jar;C:\Program Files\NetBeans 7.0\java\modules\org-netbeans-modules-classfile.jar" />
    <property name="java.endorsed.dirs" value="C:\Program Files\Java\jdk1.6.0_20\jre\lib\endorsed" />
    <property name="libs.Comet-GlassFish-v3.maven-pom" value="" />
    <property name="libs.groovy-all.src" value="" />
    <property name="netbeans.dynamic.classpath" value="C:\Program Files\NetBeans 7.0\platform\core\core.jar;C:\Program Files\NetBeans 7.0\platform\core\org-openide-filesystems.jar;C:\Program Files\NetBeans 7.0\platform\core\locale\core_ja.jar;C:\Program Files\NetBeans 7.0\platform\core\locale\core_pt_BR.jar;C:\Program Files\NetBeans 7.0\platform\core\locale\core_ru.jar;C:\Program Files\NetBeans 7.0\platform\core\locale\core_zh_CN.jar;C:\Program Files\NetBeans 7.0\platform\core\locale\org-openide-filesystems_ja.jar;C:\Program Files\NetBeans 7.0\platform\core\locale\org-openide-filesystems_pt_BR.jar;C:\Program Files\NetBeans 7.0\platform\core\locale\org-openide-filesystems_ru.jar;C:\Program Files\NetBeans 7.0\platform\core\locale\org-openide-filesystems_zh_CN.jar;C:\Program Files\NetBeans 7.0\nb\core\org-netbeans-upgrader.jar;C:\Program Files\NetBeans 7.0\nb\core\locale\core_nb.jar;C:\Program Files\NetBeans 7.0\nb\core\locale\core_nb_ja.jar;C:\Program Files\NetBeans 7.0\nb\core\locale\core_nb_pt_BR.jar;C:\Program Files\NetBeans 7.0\nb\core\locale\core_nb_ru.jar;C:\Program Files\NetBeans 7.0\nb\core\locale\core_nb_zh_CN.jar;C:\Program Files\NetBeans 7.0\nb\core\locale\org-netbeans-upgrader_ja.jar;C:\Program Files\NetBeans 7.0\nb\core\locale\org-netbeans-upgrader_pt_BR.jar;C:\Program Files\NetBeans 7.0\nb\core\locale\org-netbeans-upgrader_ru.jar;C:\Program Files\NetBeans 7.0\nb\core\locale\org-netbeans-upgrader_zh_CN.jar" />
    <property name="libs.cdc-agui-swing-layout.maven-pom" value="" />
    <property name="libs.cdc-pp-awt-layout.src" value="C:\Program Files\NetBeans 7.0\mobility\sources\cdc-pp-awt-layout-src.zip" />
    <property name="java.vm.specification.version" value="1.0" />
    <property name="libs.jakarta_slide_ant_webdav.src" value="" />
    <property name="libs.primefaces.classpath" value="C:\Program Files\NetBeans 7.0\enterprise\modules\ext\primefaces\primefaces-2.2.1.jar" />
    <property name="libs.javaee-api-6.0.classpath" value="C:\Program Files\NetBeans 7.0\enterprise\modules\ext\javaee-api-6.0.jar" />
    <property name="libs.sjmc-ant-utils.maven-pom" value="" />
    <property name="libs.groovy-all.maven-pom" value="" />
    <property name="libs.JMUnit4CLDC10.maven-pom" value="" />
    <property name="libs.hibernate-persistence.classpath" value="C:\Program Files\NetBeans 7.0\java\modules\ext\hibernate\antlr-2.7.6.jar;C:\Program Files\NetBeans 7.0\java\modules\ext\hibernate\asm.jar;C:\Program Files\NetBeans 7.0\java\modules\ext\hibernate\asm-attrs.jar;C:\Program Files\NetBeans 7.0\java\modules\ext\hibernate\cglib-2.1.3.jar;C:\Program Files\NetBeans 7.0\java\modules\ext\hibernate\commons-collections-2.1.1.jar;C:\Program Files\NetBeans 7.0\ide\modules\ext\commons-logging-1.1.jar;C:\Program Files\NetBeans 7.0\java\modules\ext\hibernate\dom4j-1.6.1.jar;C:\Program Files\NetBeans 7.0\java\modules\ext\hibernate\ehcache-1.2.3.jar;C:\Program Files\NetBeans 7.0\java\modules\ext\hibernate\jdbc2_0-stdext.jar;C:\Program Files\NetBeans 7.0\java\modules\ext\hibernate\jta.jar;C:\Program Files\NetBeans 7.0\java\modules\ext\hibernate\hibernate3.jar;C:\Program Files\NetBeans 7.0\java\modules\ext\hibernate\hibernate-tools.jar;C:\Program Files\NetBeans 7.0\java\modules\ext\hibernate\hibernate-annotations.jar;C:\Program Files\NetBeans 7.0\java\modules\ext\hibernate\hibernate-commons-annotations.jar;C:\Program Files\NetBeans 7.0\java\modules\ext\hibernate\hibernate-entitymanager.jar;C:\Program Files\NetBeans 7.0\java\modules\ext\hibernate\javassist.jar;C:\Program Files\NetBeans 7.0\java\modules\ext\hibernate\ejb3-persistence.jar" />
    <property name="libs.jaxws21.src" value="" />
    <property name="do.war.package.with.custom.manifest" value="true" />
    <property name="libs.swing-app-framework.classpath" value="C:\Program Files\NetBeans 7.0\java\modules\ext\appframework-1.0.3.jar;C:\Program Files\NetBeans 7.0\java\modules\ext\swing-worker-1.1.jar" />
    <property name="netbeans.autoupdate.language" value="en" />
    <property name="libs.jakarta_slide_ant_webdav.classpath" value="C:\Program Files\NetBeans 7.0\mobility\modules\ext\commons-httpclient-3.0.1.jar;C:\Program Files\NetBeans 7.0\ide\modules\ext\commons-logging-1.1.jar;C:\Program Files\NetBeans 7.0\mobility\modules\ext\jdom-1.0.jar;C:\Program Files\NetBeans 7.0\mobility\modules\ext\jakarta-slide-webdavlib-2.1.jar;C:\Program Files\NetBeans 7.0\mobility\modules\ext\jakarta-slide-ant-webdav-2.1.jar" />
    <property name="java.vendor" value="Sun Microsystems Inc." />
    <property name="libs.JMUnit4CLDC10.src" value="" />
    <property name="libs.javaee-api-6.0.javadoc" value="C:\Program Files\NetBeans 7.0\enterprise\docs\javaee6-doc-api.zip" />
    <property name="file.reference.commons-io-1.4.jar" value="D:\Work Area\Projects\Git Repository\Group-IIT\Basurahan\dependencieslis\commons-io-1.4.jar" />
    <property name="javac.debug" value="true" />
    <property name="javadoc.splitindex" value="true" />
    <property name="file.separator" value="\" />
    <property name="libs.restlib_gfv3ee6.classpath" value="D:\Work Area\Servers\glassfish-3.1\glassfish\modules\jackson-core-asl.jar;D:\Work Area\Servers\glassfish-3.1\glassfish\modules\jackson-jaxrs.jar;D:\Work Area\Servers\glassfish-3.1\glassfish\modules\jackson-mapper-asl.jar;D:\Work Area\Servers\glassfish-3.1\glassfish\modules\jersey-client.jar;D:\Work Area\Servers\glassfish-3.1\glassfish\modules\jersey-core.jar;D:\Work Area\Servers\glassfish-3.1\glassfish\modules\jersey-gf-server.jar;D:\Work Area\Servers\glassfish-3.1\glassfish\modules\jersey-json.jar;D:\Work Area\Servers\glassfish-3.1\glassfish\modules\jersey-multipart.jar;D:\Work Area\Servers\glassfish-3.1\glassfish\modules\jettison.jar;D:\Work Area\Servers\glassfish-3.1\glassfish\modules\mimepull.jar" />
    <property name="libs.ActiveSync.classpath" value="C:\Program Files\NetBeans 7.0\mobility\modules\ext\nbactivesync-5.0.jar" />
    <property name="libs.junit_4.maven-pom" value="" />
    <property name="resource.dir" value="setup" />
    <property name="javac.test.processorpath" value="..\Basurahan\mysql-connector-java-5.1.16\mysql-connector-java-5.1.16-bin.jar:..\Basurahan\dependencieslis\junit-3.8.2.jar:..\Basurahan\dependencieslis\junit-addons-1.4.jar:..\Basurahan\dependencieslis\junitperf-1.8.jar:..\Basurahan\dependencieslis\logback-classic-0.9.15.jar:..\Basurahan\dependencieslis\mmmockobjects-1.12.0.jar:..\Basurahan\dependencieslis\mockobjects-core-0.07.jar:..\Basurahan\dependencieslis\mockobjects-jdk1.3-0.07.jar:..\Basurahan\dependencieslis\poi-3.2-FINAL.jar:..\Basurahan\dependencieslis\slf4j-api-1.5.6.jar:..\Basurahan\dependencieslis\xercesImpl-2.6.2.jar:..\Basurahan\dependencieslis\xmlParserAPIs-2.6.2.jar:build/web/WEB-INF/classes:..\Basurahan\dependencieslis\slf4j-api-1.5.6.jar:../Basurahan/dbunit-2.4.8.jar:..\Basurahan\dependencieslis\junit-addons-1.4.jar:..\Basurahan\dependencieslis\junitperf-1.8.jar:..\Basurahan\dependencieslis\mmmockobjects-1.12.0.jar:..\Basurahan\dependencieslis\mockobjects-core-0.07.jar:..\Basurahan\dependencieslis\mockobjects-jdk1.3-0.07.jar:..\Basurahan\dependencieslis\poi-3.2-FINAL.jar:..\Basurahan\dependencieslis\xercesImpl-2.6.2.jar:..\Basurahan\dependencieslis\xmlParserAPIs-2.6.2.jar:..\Basurahan\dependencieslis\jcl-over-slf4j-1.5.6.jar:..\Basurahan\dependencieslis\logback-classic-0.9.15.jar:..\Basurahan\mysql-connector-java-5.1.16\mysql-connector-java-5.1.16-bin.jar:D:\Work Area\Projects\Git Repository\Group-IIT\Basurahan\dependencieslis\commons-collections-3.2.1.jar:D:\Work Area\Projects\Git Repository\Group-IIT\Basurahan\dependencieslis\commons-io-1.4.jar:D:\Work Area\Projects\Git Repository\Group-IIT\Basurahan\dependencieslis\logback-core-0.9.15.jar:C:\Users\The Architect\.netbeans\7.0\modules\ext\junit-4.8.2.jar" />
    <property name="netbeans.buildnumber" value="201104080000" />
    <property name="libs.JWSAntTasks.javadoc" value="" />
    <property name="build.generated.sources.dir" value="build/generated-sources" />
    <property name="user.variant" value="" />
    <property name="libs.eclipselinkmodelgen.classpath" value="C:\Program Files\NetBeans 7.0\java\modules\ext\eclipselink\eclipselink-jpa-modelgen-2.2.0.jar" />
    <property name="libs.Java-EE-GlassFish-v3.wscompile" value="" />
    <property name="sun.java.launcher" value="SUN_STANDARD" />
    <property name="libs.junit.classpath" value="C:\Users\The Architect\.netbeans\7.0\modules\ext\junit-3.8.2.jar" />
    <property name="libs.jaxb.javadoc" value="C:\Program Files\NetBeans 7.0\ide\docs\jaxb-api-doc.zip" />
    <property name="libs.struts.classpath" value="C:\Program Files\NetBeans 7.0\enterprise\modules\ext\struts\antlr-2.7.2.jar;C:\Program Files\NetBeans 7.0\enterprise\modules\ext\struts\bsf-2.3.0.jar;C:\Program Files\NetBeans 7.0\enterprise\modules\ext\struts\commons-beanutils-1.7.0.jar;C:\Program Files\NetBeans 7.0\enterprise\modules\ext\struts\commons-chain-1.1.jar;C:\Program Files\NetBeans 7.0\enterprise\modules\ext\struts\commons-digester-1.8.jar;C:\Program Files\NetBeans 7.0\enterprise\modules\ext\struts\commons-fileupload-1.1.1.jar;C:\Program Files\NetBeans 7.0\enterprise\modules\ext\struts\commons-io-1.1.jar;C:\Program Files\NetBeans 7.0\enterprise\modules\ext\struts\commons-logging-1.0.4.jar;C:\Program Files\NetBeans 7.0\enterprise\modules\ext\struts\commons-validator-1.3.1.jar;C:\Program Files\NetBeans 7.0\enterprise\modules\ext\struts\jstl-1.0.2.jar;C:\Program Files\NetBeans 7.0\enterprise\modules\ext\struts\oro-2.0.8.jar;C:\Program Files\NetBeans 7.0\enterprise\modules\ext\struts\standard-1.0.2.jar;C:\Program Files\NetBeans 7.0\enterprise\modules\ext\struts\struts-core-1.3.8.jar;C:\Program Files\NetBeans 7.0\enterprise\modules\ext\struts\struts-el-1.3.8.jar;C:\Program Files\NetBeans 7.0\enterprise\modules\ext\struts\struts-extras-1.3.8.jar;C:\Program Files\NetBeans 7.0\enterprise\modules\ext\struts\struts-faces-1.3.8.jar;C:\Program Files\NetBeans 7.0\enterprise\modules\ext\struts\struts-mailreader-dao-1.3.8.jar;C:\Program Files\NetBeans 7.0\enterprise\modules\ext\struts\struts-scripting-1.3.8.jar;C:\Program Files\NetBeans 7.0\enterprise\modules\ext\struts\struts-taglib-1.3.8.jar;C:\Program Files\NetBeans 7.0\enterprise\modules\ext\struts\struts-tiles-1.3.8.jar" />
    <property name="application.args.param" value="" />
    <property name="ant.home" value="C:\Program Files\NetBeans 7.0\java\ant" />
    <property name="libs.junit_4.src" value="C:\Users\The Architect\.netbeans\7.0\docs\junit-4.8.2-src.jar" />
    <property name="libs.ricoh-ant-utils.maven-pom" value="" />
    <property name="conf.dir" value="src/conf" />
    <property name="webinf.dir" value="web/WEB-INF" />
    <property name="libs.absolutelayout.maven-pom" value="" />
    <property name="ant.java.version" value="1.6" />
    <property name="java.library.path" value="C:\Program Files\Java\jdk1.6.0_20\jre\bin;.;C:\Windows\Sun\Java\bin;C:\Windows\system32;C:\Windows;C:\Windows\system32;C:\Windows;C:\Windows\System32\Wbem;C:\Windows\System32\WindowsPowerShell\v1.0\;D:\Work Area\Servers\xampp\php;C:\grails-1.3.7\bin;C:\groovy-1.7.10\bin;C:\Program Files\Java\jdk1.6.0_20\bin;c:\Program Files\Microsoft SQL Server\100\Tools\Binn\;c:\Program Files\Microsoft SQL Server\100\DTS\Binn\;C:\Program Files\MySQL\MySQL Server 5.5\bin;D:\Work Area\Servers\glassfish-3.1\bin;D:\Work Area\Servers\glassfish-3.1\glassfish\bin;C:\Windows\system32\gs\gs8.71\bin" />
    <property name="javadoc.author" value="false" />
    <property name="libs.metro.maven-pom" value="" />
    <property name="libs.EclipseLink-GlassFish-v3.src" value="" />
    <property name="java.util.logging.config.class" value="org.netbeans.core.startup.TopLogging" />
    <property name="libs.PostgreSQLDriver.src" value="" />
    <property name="sun.arch.data.model" value="32" />
    <property name="basedir" value="D:\Work Area\Projects\Git Repository\Group-IIT\OrderingSystem" />
    <property name="libs.ActiveSync.src" value="" />
    <property name="jar.compress" value="false" />
    <property name="libs.NetBeans MIDP Components PDA.src" value="C:\Program Files\NetBeans 7.0\mobility\sources\netbeans_midp_components_pda-src.zip" />
    <property name="libs.jstl11.classpath" value="C:\Program Files\NetBeans 7.0\enterprise\modules\ext\standard.jar;C:\Program Files\NetBeans 7.0\enterprise\modules\ext\jstl.jar" />
    <property name="path.separator" value=";" />
    <property name="dist.war" value="dist/OrderingSystem.war" />
    <property name="libs.javaee-web-api-6.0.javadoc" value="C:\Program Files\NetBeans 7.0\enterprise\docs\javaee6-doc-api.zip" />
    <property name="ant.junit.enabletestlistenerevents" value="true" />
    <property name="sun.io.unicode.encoding" value="UnicodeLittle" />
    <property name="libs.semc-ant-utils.javadoc" value="" />
    <property name="libs.jaxws21.classpath" value="C:\Program Files\NetBeans 7.0\ide\modules\ext\jaxb\jaxb-impl.jar;C:\Program Files\NetBeans 7.0\ide\modules\ext\jaxb\jaxb-xjc.jar;C:\Program Files\NetBeans 7.0\java\modules\ext\jaxws22\FastInfoset.jar;C:\Program Files\NetBeans 7.0\java\modules\ext\jaxws22\gmbal-api-only.jar;C:\Program Files\NetBeans 7.0\java\modules\ext\jaxws22\http.jar;C:\Program Files\NetBeans 7.0\java\modules\ext\jaxws22\jaxws-rt.jar;C:\Program Files\NetBeans 7.0\java\modules\ext\jaxws22\jaxws-tools.jar;C:\Program Files\NetBeans 7.0\java\modules\ext\jaxws22\management-api.jar;C:\Program Files\NetBeans 7.0\java\modules\ext\jaxws22\mimepull.jar;C:\Program Files\NetBeans 7.0\java\modules\ext\jaxws22\policy.jar;C:\Program Files\NetBeans 7.0\java\modules\ext\jaxws22\saaj-impl.jar;C:\Program Files\NetBeans 7.0\java\modules\ext\jaxws22\stax-ex.jar;C:\Program Files\NetBeans 7.0\java\modules\ext\jaxws22\streambuffer.jar;C:\Program Files\NetBeans 7.0\java\modules\ext\jaxws22\woodstox.jar;C:\Program Files\NetBeans 7.0\java\modules\ext\jaxws22\api\jaxws-api.jar;C:\Program Files\NetBeans 7.0\java\modules\ext\jaxws22\api\jsr181-api.jar;C:\Program Files\NetBeans 7.0\java\modules\ext\jaxws22\api\jsr250-api.jar;C:\Program Files\NetBeans 7.0\java\modules\ext\jaxws22\api\saaj-api.jar;C:\Program Files\NetBeans 7.0\ide\modules\ext\jaxb\activation.jar;C:\Program Files\NetBeans 7.0\ide\modules\ext\jaxb\api\jaxb-api.jar;C:\Program Files\NetBeans 7.0\ide\modules\ext\jaxb\api\jsr173_api.jar" />
    <property name="libs.struts.src" value="" />
    <property name="apple.awt.graphics.UseQuartz" value="true" />
    <property name="user.language" value="en" />
    <property name="j2ee.platform.classpath" value="D:/Work Area/Servers/Apache Tomcat 7.0.11/lib/annotations-api.jar:D:/Work Area/Servers/Apache Tomcat 7.0.11/lib/catalina-ant.jar:D:/Work Area/Servers/Apache Tomcat 7.0.11/lib/catalina-ha.jar:D:/Work Area/Servers/Apache Tomcat 7.0.11/lib/catalina-tribes.jar:D:/Work Area/Servers/Apache Tomcat 7.0.11/lib/catalina.jar:D:/Work Area/Servers/Apache Tomcat 7.0.11/lib/ecj-3.6.jar:D:/Work Area/Servers/Apache Tomcat 7.0.11/lib/el-api.jar:D:/Work Area/Servers/Apache Tomcat 7.0.11/lib/jasper-el.jar:D:/Work Area/Servers/Apache Tomcat 7.0.11/lib/jasper.jar:D:/Work Area/Servers/Apache Tomcat 7.0.11/lib/jsp-api.jar:D:/Work Area/Servers/Apache Tomcat 7.0.11/lib/servlet-api.jar:D:/Work Area/Servers/Apache Tomcat 7.0.11/lib/tomcat-api.jar:D:/Work Area/Servers/Apache Tomcat 7.0.11/lib/tomcat-coyote.jar:D:/Work Area/Servers/Apache Tomcat 7.0.11/lib/tomcat-dbcp.jar:D:/Work Area/Servers/Apache Tomcat 7.0.11/lib/tomcat-i18n-es.jar:D:/Work Area/Servers/Apache Tomcat 7.0.11/lib/tomcat-i18n-fr.jar:D:/Work Area/Servers/Apache Tomcat 7.0.11/lib/tomcat-i18n-ja.jar:D:/Work Area/Servers/Apache Tomcat 7.0.11/lib/tomcat-util.jar" />
    <property name="libs.spring-framework.classpath" value="C:\Program Files\NetBeans 7.0\ide\modules\ext\commons-logging-1.1.jar;C:\Program Files\NetBeans 7.0\java\modules\ext\cglib-2.2.jar;C:\Program Files\NetBeans 7.0\java\modules\ext\spring\spring-2.5.6.SEC01.jar" />
    <property name="libs.eclipselink.maven-pom" value="" />
    <property name="build.meta.inf.dir" value="build/web/META-INF" />
    <property name="persistence.xml.dir" value="src/conf" />
    <property name="libs.primefaces.javadoc" value="" />
    <property name="libs.spring-framework300.maven-pom" value="" />
    <property name="run.test.classpath" value="..\Basurahan\mysql-connector-java-5.1.16\mysql-connector-java-5.1.16-bin.jar:..\Basurahan\dependencieslis\junit-3.8.2.jar:..\Basurahan\dependencieslis\junit-addons-1.4.jar:..\Basurahan\dependencieslis\junitperf-1.8.jar:..\Basurahan\dependencieslis\logback-classic-0.9.15.jar:..\Basurahan\dependencieslis\mmmockobjects-1.12.0.jar:..\Basurahan\dependencieslis\mockobjects-core-0.07.jar:..\Basurahan\dependencieslis\mockobjects-jdk1.3-0.07.jar:..\Basurahan\dependencieslis\poi-3.2-FINAL.jar:..\Basurahan\dependencieslis\slf4j-api-1.5.6.jar:..\Basurahan\dependencieslis\xercesImpl-2.6.2.jar:..\Basurahan\dependencieslis\xmlParserAPIs-2.6.2.jar:build/web/WEB-INF/classes:..\Basurahan\dependencieslis\slf4j-api-1.5.6.jar:../Basurahan/dbunit-2.4.8.jar:..\Basurahan\dependencieslis\junit-addons-1.4.jar:..\Basurahan\dependencieslis\junitperf-1.8.jar:..\Basurahan\dependencieslis\mmmockobjects-1.12.0.jar:..\Basurahan\dependencieslis\mockobjects-core-0.07.jar:..\Basurahan\dependencieslis\mockobjects-jdk1.3-0.07.jar:..\Basurahan\dependencieslis\poi-3.2-FINAL.jar:..\Basurahan\dependencieslis\xercesImpl-2.6.2.jar:..\Basurahan\dependencieslis\xmlParserAPIs-2.6.2.jar:..\Basurahan\dependencieslis\jcl-over-slf4j-1.5.6.jar:..\Basurahan\dependencieslis\logback-classic-0.9.15.jar:..\Basurahan\mysql-connector-java-5.1.16\mysql-connector-java-5.1.16-bin.jar:D:\Work Area\Projects\Git Repository\Group-IIT\Basurahan\dependencieslis\commons-collections-3.2.1.jar:D:\Work Area\Projects\Git Repository\Group-IIT\Basurahan\dependencieslis\commons-io-1.4.jar:D:\Work Area\Projects\Git Repository\Group-IIT\Basurahan\dependencieslis\logback-core-0.9.15.jar:C:\Users\The Architect\.netbeans\7.0\modules\ext\junit-4.8.2.jar:build/test/classes" />
    <property name="ant.project.invoked-targets" value="test" />
    <property name="useJavaUtilZip" value="true" />
    <property name="libs.swing-layout.javadoc" value="C:\Program Files\NetBeans 7.0\platform\docs\swing-layout-1.0.4-doc.zip" />
    <property name="libs.swing-app-framework.javadoc" value="C:\Program Files\NetBeans 7.0\java\docs\appframework-1.0.3-doc.zip" />
    <property name="libs.ejb3-persistence.maven-pom" value="" />
    <property name="jspc.schemas" value="/resources/schemas/" />
    <property name="libs.DataBindingME-SVG.classpath" value="C:\Program Files\NetBeans 7.0\mobility\modules\ext\netbeans_databindingme_svg.jar" />
    <property name="libs.PostgreSQLDriver.maven-pom" value="" />
    <property name="java.class.version" value="50.0" />
    <property name="libs.javaee-endorsed-api-6.0.src" value="" />
    <property name="libs.cdc-ant-utils.classpath" value="C:\Program Files\NetBeans 7.0\mobility\modules\ext\org-netbeans-modules-j2me-cdc-project.jar" />
    <property name="file.reference.xercesImpl-2.6.2.jar" value="..\Basurahan\dependencieslis\xercesImpl-2.6.2.jar" />
    <property name="netbeans.system_http_proxy" value="DIRECT" />
    <property name="libs.eclipselink.javadoc" value="" />
    <property name="libs.NetBeans MIDP Components WMA.maven-pom" value="" />
    <property name="libs.jsp-compilation.maven-pom" value="" />
    <property name="user.properties.file" value="C:\Users\The Architect\.netbeans\7.0\build.properties" />
    <property name="build.web.dir" value="build/web" />
    <property name="libs.spring-framework.src" value="" />
    <property name="libs.javac-api.maven-pom" value="" />
    <property name="file.encoding.pkg" value="sun.io" />
    <property name="sun.cpu.endian" value="little" />
    <property name="file.reference.logback-core-0.9.15.jar" value="D:\Work Area\Projects\Git Repository\Group-IIT\Basurahan\dependencieslis\logback-core-0.9.15.jar" />
    <property name="libs.JWSAntTasks.classpath" value="C:\Program Files\NetBeans 7.0\java\ant\extra\org-netbeans-modules-javawebstart-anttasks.jar" />
    <property name="libs.spring-framework300.src" value="" />
    <property name="file.reference.junit-3.8.2.jar" value="..\Basurahan\dependencieslis\junit-3.8.2.jar" />
    <property name="libs.ant-contrib.classpath" value="C:\Program Files\NetBeans 7.0\mobility\modules\ext\ant-contrib-1.0b3.jar" />
    <property name="empty.dir" value="D:\Work Area\Projects\Git Repository\Group-IIT\OrderingSystem\build\empty" />
    <property name="display.browser" value="true" />
    <property name="version-output" value="java version &quot;1.6" />
    <property name="javadoc.preview" value="true" />
    <property name="file.reference.xmlParserAPIs-2.6.2.jar" value="..\Basurahan\dependencieslis\xmlParserAPIs-2.6.2.jar" />
    <property name="java.home" value="C:\Program Files\Java\jdk1.6.0_20\jre" />
    <property name="libs.ojec-ant-utils.javadoc" value="" />
    <property name="libs.jsp-compilation.src" value="" />
    <property name="libs.ricoh-ant-utils.src" value="" />
    <property name="libs.spring-webmvc.src" value="" />
    <property name="libs.ant-contrib.javadoc" value="" />
    <property name="ant.file.OrderingSystem-impl" value="D:\Work Area\Projects\Git Repository\Group-IIT\OrderingSystem\nbproject\build-impl.xml" />
    <property name="debug.test.classpath" value="..\Basurahan\mysql-connector-java-5.1.16\mysql-connector-java-5.1.16-bin.jar:..\Basurahan\dependencieslis\junit-3.8.2.jar:..\Basurahan\dependencieslis\junit-addons-1.4.jar:..\Basurahan\dependencieslis\junitperf-1.8.jar:..\Basurahan\dependencieslis\logback-classic-0.9.15.jar:..\Basurahan\dependencieslis\mmmockobjects-1.12.0.jar:..\Basurahan\dependencieslis\mockobjects-core-0.07.jar:..\Basurahan\dependencieslis\mockobjects-jdk1.3-0.07.jar:..\Basurahan\dependencieslis\poi-3.2-FINAL.jar:..\Basurahan\dependencieslis\slf4j-api-1.5.6.jar:..\Basurahan\dependencieslis\xercesImpl-2.6.2.jar:..\Basurahan\dependencieslis\xmlParserAPIs-2.6.2.jar:build/web/WEB-INF/classes:..\Basurahan\dependencieslis\slf4j-api-1.5.6.jar:../Basurahan/dbunit-2.4.8.jar:..\Basurahan\dependencieslis\junit-addons-1.4.jar:..\Basurahan\dependencieslis\junitperf-1.8.jar:..\Basurahan\dependencieslis\mmmockobjects-1.12.0.jar:..\Basurahan\dependencieslis\mockobjects-core-0.07.jar:..\Basurahan\dependencieslis\mockobjects-jdk1.3-0.07.jar:..\Basurahan\dependencieslis\poi-3.2-FINAL.jar:..\Basurahan\dependencieslis\xercesImpl-2.6.2.jar:..\Basurahan\dependencieslis\xmlParserAPIs-2.6.2.jar:..\Basurahan\dependencieslis\jcl-over-slf4j-1.5.6.jar:..\Basurahan\dependencieslis\logback-classic-0.9.15.jar:..\Basurahan\mysql-connector-java-5.1.16\mysql-connector-java-5.1.16-bin.jar:D:\Work Area\Projects\Git Repository\Group-IIT\Basurahan\dependencieslis\commons-collections-3.2.1.jar:D:\Work Area\Projects\Git Repository\Group-IIT\Basurahan\dependencieslis\commons-io-1.4.jar:D:\Work Area\Projects\Git Repository\Group-IIT\Basurahan\dependencieslis\logback-core-0.9.15.jar:C:\Users\The Architect\.netbeans\7.0\modules\ext\junit-4.8.2.jar:build/test/classes" />
    <property name="libs.javaee-endorsed-api-6.0.classpath" value="C:\Program Files\NetBeans 7.0\enterprise\modules\ext\javaee6-endorsed\javax.annotation.jar;C:\Program Files\NetBeans 7.0\enterprise\modules\ext\javaee6-endorsed\jaxb-api-osgi.jar;C:\Program Files\NetBeans 7.0\enterprise\modules\ext\javaee6-endorsed\webservices-api-osgi.jar" />
    <property name="libs.javaee-api-6.0.src" value="" />
    <property name="netbeans.importclass" value="org.netbeans.upgrade.AutoUpgrade" />
    <property name="ant.project.default-target" value="default" />
    <property name="annotation.processing.run.all.processors" value="true" />
    <property name="libs.savaje-ant-utils.classpath" value="C:\Program Files\NetBeans 7.0\mobility\modules\ext\org-netbeans-modules-j2me-cdc-project-savaje.jar" />
    <property name="libs.toplink.maven-pom" value="" />
    <property name="libs.DataBindingME.maven-pom" value="" />
    <property name="libs.PostgreSQLDriver.javadoc" value="" />
    <property name="libs.restlib.classpath" value="C:\Program Files\NetBeans 7.0\enterprise\modules\ext\rest\asm-3.1.jar;C:\Program Files\NetBeans 7.0\enterprise\modules\ext\rest\jackson-core-asl-1.1.1.jar;C:\Program Files\NetBeans 7.0\enterprise\modules\ext\rest\jersey-client-1.3.jar;C:\Program Files\NetBeans 7.0\enterprise\modules\ext\rest\jersey-core-1.3.jar;C:\Program Files\NetBeans 7.0\enterprise\modules\ext\rest\jersey-json-1.3.jar;C:\Program Files\NetBeans 7.0\enterprise\modules\ext\rest\jersey-multipart-1.3.jar;C:\Program Files\NetBeans 7.0\enterprise\modules\ext\rest\jersey-server-1.3.jar;C:\Program Files\NetBeans 7.0\enterprise\modules\ext\rest\jersey-spring-1.3.jar;C:\Program Files\NetBeans 7.0\enterprise\modules\ext\rest\jettison-1.1.jar;C:\Program Files\NetBeans 7.0\enterprise\modules\ext\rest\mimepull-1.4.jar;C:\Program Files\NetBeans 7.0\enterprise\modules\ext\rest\oauth-client-1.3.jar;C:\Program Files\NetBeans 7.0\enterprise\modules\ext\rest\oauth-signature-1.3.jar;C:\Program Files\NetBeans 7.0\ide\modules\ext\jaxb\activation.jar;C:\Program Files\NetBeans 7.0\ide\modules\ext\jaxb\api\jaxb-api.jar;C:\Program Files\NetBeans 7.0\ide\modules\ext\jaxb\api\jsr173_api.jar" />
    <property name="libs.JMUnit4CLDC11.javadoc" value="C:\Program Files\NetBeans 7.0\mobility\modules\docs\jmunit-1.2.1-api.zip" />
    <property name="libs.nsicom-ant-utils.maven-pom" value="" />
    <property name="libs.MySQLDriver.maven-pom" value="" />
    <property name="libs.savaje-ant-utils.src" value="" />
    <property name="libs.junit_4.javadoc" value="C:\Users\The Architect\.netbeans\7.0\docs\junit-4.8.2-api.zip" />
    <property name="libs.spring-webmvc.javadoc" value="" />
    <property name="libs.toplink.src" value="" />
    <property name="libs.EclipseLink-GlassFish-v3.maven-pom" value="" />
    <property name="libs.javaee-web-api-6.0.maven-pom" value="" />
    <property name="libs.cdc-pp-awt-layout.classpath" value="C:\Program Files\NetBeans 7.0\mobility\modules\ext\cdc-pp-awt-layout.jar" />
    <property name="j2ee.deploy.on.save" value="true" />
    <property name="libs.cdc-agui-swing-layout.src" value="C:\Program Files\NetBeans 7.0\mobility\sources\cdc-agui-swing-layout-src.zip" />
    <property name="libs.hibernate-support.src" value="" />
    <property name="libs.javaee-endorsed-api-6.0.javadoc" value="C:\Program Files\NetBeans 7.0\enterprise\docs\javaee6-doc-api.zip" />
    <property name="libs.JMUnit4CLDC11.classpath" value="C:\Program Files\NetBeans 7.0\mobility\modules\ext\jmunit4cldc11-1.2.1.jar" />
    <property name="libs.nb_svg_midp_components.classpath" value="C:\Program Files\NetBeans 7.0\mobility\modules\ext\nb_svg_midp_components.jar" />
    <property name="libs.spring-webmvc3.0.javadoc" value="" />
    <property name="annotation.processing.enabled.in.editor" value="true" />
    <property name="libs.NetBeans MIDP Components PDA.classpath" value="C:\Program Files\NetBeans 7.0\mobility\modules\ext\netbeans_midp_components_pda.jar" />
    <property name="libs.semc-ant-utils.maven-pom" value="" />
    <property name="file.reference.mockobjects-jdk1.3-0.07.jar" value="..\Basurahan\dependencieslis\mockobjects-jdk1.3-0.07.jar" />
    <property name="libs.nokiadeployment.maven-pom" value="" />
    <property name="libs.restapi.src" value="" />
    <property name="libs.NetBeans MIDP Components.javadoc" value="C:\Program Files\NetBeans 7.0\mobility\modules\docs\netbeans_midp_components_basic-api.zip" />
    <property name="sun.management.compiler" value="HotSpot Client Compiler" />
    <property name="javac.deprecation" value="false" />
    <property name="javadoc.use" value="true" />
    <property name="client.urlPart" value="" />
    <property name="sun.java2d.noddraw" value="true" />
    <property name="libs.jsp-compiler.classpath" value="C:\Program Files\NetBeans 7.0\enterprise\ant\extra\jspcompile.jar" />
    <property name="dist.ear.war" value="dist/OrderingSystem.war" />
    <property name="javac.processorpath" value="..\Basurahan\mysql-connector-java-5.1.16\mysql-connector-java-5.1.16-bin.jar:..\Basurahan\dependencieslis\junit-3.8.2.jar:..\Basurahan\dependencieslis\junit-addons-1.4.jar:..\Basurahan\dependencieslis\junitperf-1.8.jar:..\Basurahan\dependencieslis\logback-classic-0.9.15.jar:..\Basurahan\dependencieslis\mmmockobjects-1.12.0.jar:..\Basurahan\dependencieslis\mockobjects-core-0.07.jar:..\Basurahan\dependencieslis\mockobjects-jdk1.3-0.07.jar:..\Basurahan\dependencieslis\poi-3.2-FINAL.jar:..\Basurahan\dependencieslis\slf4j-api-1.5.6.jar:..\Basurahan\dependencieslis\xercesImpl-2.6.2.jar:..\Basurahan\dependencieslis\xmlParserAPIs-2.6.2.jar" />
    <property name="libs.spring-webmvc.classpath" value="C:\Program Files\NetBeans 7.0\enterprise\modules\ext\spring\spring-webmvc-2.5.6.SEC01.jar" />
    <property name="javac.compilerargs" value="" />
    <property name="ant.file" value="D:\Work Area\Projects\Git Repository\Group-IIT\OrderingSystem\build.xml" />
    <property name="libs.beans-binding.maven-pom" value="" />
    <property name="file.reference.mockobjects-core-0.07.jar" value="..\Basurahan\dependencieslis\mockobjects-core-0.07.jar" />
    <property name="libs.jsf12.classpath" value="C:\Program Files\NetBeans 7.0\enterprise\modules\ext\jsf-1_2\commons-beanutils.jar;C:\Program Files\NetBeans 7.0\enterprise\modules\ext\jsf-1_2\commons-collections.jar;C:\Program Files\NetBeans 7.0\enterprise\modules\ext\jsf-1_2\commons-digester.jar;C:\Program Files\NetBeans 7.0\enterprise\modules\ext\jsf-1_2\commons-logging.jar;C:\Program Files\NetBeans 7.0\enterprise\modules\ext\jsf-1_2\jsf-api.jar;C:\Program Files\NetBeans 7.0\enterprise\modules\ext\jsf-1_2\jsf-impl.jar" />
    <property name="sun.awt.exception.handler" value="org.netbeans.core.startup.TopLogging$AWTHandler" />
    <property name="has.custom.manifest" value="true" />
    <property name="libs.restapi.maven-pom" value="" />
    <property name="libs.beans-binding.src" value="" />
    <property name="libs.NetBeans MIDP Components PDA.javadoc" value="C:\Program Files\NetBeans 7.0\mobility\modules\docs\netbeans_midp_components_pda-api.zip" />
    <property name="java.vm.specification.vendor" value="Sun Microsystems Inc." />
    <property name="libs.DataBindingME-PIM.javadoc" value="C:\Program Files\NetBeans 7.0\mobility\modules\docs\netbeans_databindingme_pim-api.zip" />
    <property name="libs.swing-layout.src" value="C:\Program Files\NetBeans 7.0\platform\docs\swing-layout-1.0.4-src.zip" />
    <property name="libs.Java-EE-GlassFish-v3.embedabbleejb" value="" />
    <property name="libs.j2me_ant_ext.src" value="" />
    <property name="org.openide.major.version" value="IDE/1" />
    <property name="java.vm.name" value="Java HotSpot(TM) Client VM" />
    <property name="do.display.browser.debug" value="true" />
    <property name="netbeans.user" value="C:\Users\The Architect\.netbeans\7.0" />
    <property name="javadoc.additionalparam" value="" />
    <property name="libs.ricoh-ant-utils.classpath" value="C:\Program Files\NetBeans 7.0\mobility\modules\ext\org-netbeans-modules-j2me-cdc-project-ricoh.jar;C:\Program Files\NetBeans 7.0\mobility\modules\ext\RicohAntTasks-2.0.jar;C:\Program Files\NetBeans 7.0\mobility\modules\ext\commons-httpclient-3.0.jar;C:\Program Files\NetBeans 7.0\ide\modules\ext\commons-logging-1.1.jar;C:\Program Files\NetBeans 7.0\mobility\modules\ext\commons-codec-1.3.jar" />
    <property name="java.vendor.url" value="http://java.sun.com/" />
    <property name="java.io.tmpdir" value="C:\Users\THEARC~1\AppData\Local\Temp\" />
    <property name="endorsed.classpath.cmd.line.arg" value="-Xbootclasspath/p:&apos;C:\Program Files\NetBeans 7.0\enterprise\modules\ext\javaee6-endorsed\javax.annotation.jar;C:\Program Files\NetBeans 7.0\enterprise\modules\ext\javaee6-endorsed\jaxb-api-osgi.jar;C:\Program Files\NetBeans 7.0\enterprise\modules\ext\javaee6-endorsed\webservices-api-osgi.jar&apos;" />
    <property name="compile.jsps" value="false" />
    <property name="libs.jsp-compiler.src" value="" />
    <property name="file.reference.poi-3.2-FINAL.jar" value="..\Basurahan\dependencieslis\poi-3.2-FINAL.jar" />
    <property name="deploy.ant.properties.file" value="C:\Users\The Architect\.netbeans\7.0\tomcat70_1.properties" />
    <property name="file.reference.jcl-over-slf4j-1.5.6.jar" value="..\Basurahan\dependencieslis\jcl-over-slf4j-1.5.6.jar" />
    <property name="sun.boot.library.path" value="C:\Program Files\Java\jdk1.6.0_20\jre\bin" />
    <property name="have.sources" value="true" />
    <property name="war.name" value="OrderingSystem.war" />
    <property name="debug.classpath" value="build/web/WEB-INF/classes:..\Basurahan\mysql-connector-java-5.1.16\mysql-connector-java-5.1.16-bin.jar:..\Basurahan\dependencieslis\junit-3.8.2.jar:..\Basurahan\dependencieslis\junit-addons-1.4.jar:..\Basurahan\dependencieslis\junitperf-1.8.jar:..\Basurahan\dependencieslis\logback-classic-0.9.15.jar:..\Basurahan\dependencieslis\mmmockobjects-1.12.0.jar:..\Basurahan\dependencieslis\mockobjects-core-0.07.jar:..\Basurahan\dependencieslis\mockobjects-jdk1.3-0.07.jar:..\Basurahan\dependencieslis\poi-3.2-FINAL.jar:..\Basurahan\dependencieslis\slf4j-api-1.5.6.jar:..\Basurahan\dependencieslis\xercesImpl-2.6.2.jar:..\Basurahan\dependencieslis\xmlParserAPIs-2.6.2.jar" />
    <property name="javadoc.private" value="false" />
    <property name="test.src.dir" value="test" />
    <property name="libs.jsf20.classpath" value="C:\Program Files\NetBeans 7.0\enterprise\modules\ext\jsf-2_0\jsf-api.jar;C:\Program Files\NetBeans 7.0\enterprise\modules\ext\jsf-2_0\jsf-impl.jar" />
    <property name="ap.processors.internal" value="" />
    <property name="javadoc.encoding.used" value="UTF-8" />
    <property name="libs.DataBindingME-SVG.src" value="C:\Program Files\NetBeans 7.0\mobility\sources\netbeans_databindingme_svg-src.zip" />
    <property name="java.runtime.name" value="Java(TM) SE Runtime Environment" />
    <property name="ant.project.name" value="OrderingSystem" />
    <property name="netbeans.hash.code" value="unique=NB_GFMOD_GROOVY_JAVA_JC_MOB_TOMCAT_WEBEE045a3657f-0608-46f4-b376-f01797437efc_54fe8de4-7bc4-4845-9d2e-640b52646caf" />
    <property name="libs.jsp-compilation-syscp.maven-pom" value="" />
    <property name="libs.j2me_ant_ext.maven-pom" value="" />
    <property name="sun.cpu.isalist" value="pentium_pro+mmx pentium_pro pentium+mmx pentium i486 i386 i86" />
    <property name="libs.CopyLibs.javadoc" value="" />
    <property name="j2ee.server.domain" value="C:/Users/The Architect/.netbeans/7.0/apache-tomcat-7.0.11_base" />
    <property name="libs.ActiveSync.javadoc" value="" />
    <property name="org.openide.specification.version" value="6.2" />
    <property name="j2ee.server.home" value="D:/Work Area/Servers/Apache Tomcat 7.0.11" />
    <property name="libs.hibernate-support.classpath" value="C:\Program Files\NetBeans 7.0\java\modules\ext\hibernate\antlr-2.7.6.jar;C:\Program Files\NetBeans 7.0\java\modules\ext\hibernate\asm.jar;C:\Program Files\NetBeans 7.0\java\modules\ext\hibernate\asm-attrs.jar;C:\Program Files\NetBeans 7.0\java\modules\ext\hibernate\cglib-2.1.3.jar;C:\Program Files\NetBeans 7.0\java\modules\ext\hibernate\commons-collections-2.1.1.jar;C:\Program Files\NetBeans 7.0\ide\modules\ext\commons-logging-1.1.jar;C:\Program Files\NetBeans 7.0\java\modules\ext\hibernate\dom4j-1.6.1.jar;C:\Program Files\NetBeans 7.0\java\modules\ext\hibernate\ehcache-1.2.3.jar;C:\Program Files\NetBeans 7.0\java\modules\ext\hibernate\jdbc2_0-stdext.jar;C:\Program Files\NetBeans 7.0\java\modules\ext\hibernate\jta.jar;C:\Program Files\NetBeans 7.0\java\modules\ext\hibernate\hibernate3.jar;C:\Program Files\NetBeans 7.0\java\modules\ext\hibernate\hibernate-tools.jar;C:\Program Files\NetBeans 7.0\java\modules\ext\hibernate\hibernate-annotations.jar;C:\Program Files\NetBeans 7.0\java\modules\ext\hibernate\hibernate-commons-annotations.jar;C:\Program Files\NetBeans 7.0\java\modules\ext\hibernate\hibernate-entitymanager.jar;C:\Program Files\NetBeans 7.0\java\modules\ext\hibernate\javassist.jar" />
    <property name="libs.DataBindingME-PIM.classpath" value="C:\Program Files\NetBeans 7.0\mobility\modules\ext\netbeans_databindingme_pim.jar" />
    <property name="user.home" value="C:\Users\The Architect" />
    <property name="annotation.processing.processors.list" value="" />
    <property name="debug-args-line" value="-Xdebug" />
    <property name="libs.primefaces.maven-pom" value="" />
    <property name="libs.NetBeans MIDP Components.classpath" value="C:\Program Files\NetBeans 7.0\mobility\modules\ext\netbeans_midp_components_basic.jar" />
    <property name="libs.javaee-api-6.0.maven-pom" value="" />
    <property name="libs.JWSAntTasks.src" value="" />
    <property name="libs.CopyLibs.maven-pom" value="" />
    <property name="libs.absolutelayout.javadoc" value="" />
    <property name="libs.hibernate-persistence.maven-pom" value="" />
    <property name="libs.spring-framework300.javadoc" value="" />
    <property name="java.specification.name" value="Java Platform API Specification" />
    <property name="file.reference.junit-addons-1.4.jar" value="..\Basurahan\dependencieslis\junit-addons-1.4.jar" />
    <property name="libs.swing-app-framework.maven-pom" value="" />
    <property name="no.dist.ear.dir" value="true" />
    <property name="libs.NetBeans MIDP Components WMA.classpath" value="C:\Program Files\NetBeans 7.0\mobility\modules\ext\netbeans_midp_components_wma.jar" />
    <property name="libs.jakarta_slide_ant_webdav.maven-pom" value="" />
    <property name="libs.sjmc-ant-utils.src" value="" />
    <property name="libs.cdc-agui-swing-layout.javadoc" value="" />
    <property name="java.specification.vendor" value="Sun Microsystems Inc." />
    <property name="libs.javac-api.classpath" value="C:\Program Files\NetBeans 7.0\java\modules\ext\javac-api-nb-7.0-b07.jar" />
    <property name="java.version" value="1.6.0_20" />
    <property name="libs.nokiaS80-ant-utils.classpath" value="C:\Program Files\NetBeans 7.0\mobility\modules\ext\org-netbeans-modules-j2me-cdc-project-nokiaS80.jar" />
    <property name="javadoc.version" value="false" />
    <property name="libs.NetBeans MIDP Components WMA.javadoc" value="C:\Program Files\NetBeans 7.0\mobility\modules\docs\netbeans_midp_components_wma-api.zip" />
    <property name="libs.MySQLDriver.javadoc" value="" />
    <property name="org.openide.version" value="deprecated" />
    <property name="libs.restlib_gfv3ee6.maven-pom" value="" />
    <property name="source.encoding" value="UTF-8" />
    <property name="libs.ActiveSync.maven-pom" value="" />
    <property name="ap.cmd.line.internal" value="" />
    <property name="libs.eclipselinkmodelgen.maven-pom" value="" />
    <property name="file.reference.junitperf-1.8.jar" value="..\Basurahan\dependencieslis\junitperf-1.8.jar" />
    <property name="libs.jsp-compilation-syscp.javadoc" value="" />
    <property name="libs.junit.maven-pom" value="" />
    <property name="libs.eclipselinkmodelgen.javadoc" value="" />
    <property name="libs.metro.javadoc" value="C:\Program Files\NetBeans 7.0\enterprise\docs\metro-1.4-doc.zip" />
    <property name="libs.struts.maven-pom" value="" />
    <property name="ant.file.OrderingSystem" value="D:\Work Area\Projects\Git Repository\Group-IIT\OrderingSystem\build.xml" />
    <property name="netbeans.home+have.tests" value="true" />
    <property name="libs.jaxb.src" value="" />
    <property name="libs.Java-EE-GlassFish-v3.wsgenerate" value="" />
    <property name="libs.cdc-ant-utils.src" value="" />
    <property name="libs.jaxb.classpath" value="C:\Program Files\NetBeans 7.0\ide\modules\ext\jaxb\jaxb-impl.jar;C:\Program Files\NetBeans 7.0\ide\modules\ext\jaxb\jaxb-xjc.jar;C:\Program Files\NetBeans 7.0\ide\modules\ext\jaxb\jaxb1-impl.jar;C:\Program Files\NetBeans 7.0\ide\modules\ext\jaxb\activation.jar;C:\Program Files\NetBeans 7.0\ide\modules\ext\jaxb\api\jaxb-api.jar;C:\Program Files\NetBeans 7.0\ide\modules\ext\jaxb\api\jsr173_api.jar" />
    <property name="dist.javadoc.dir" value="dist/javadoc" />
    <property name="libs.spring-webmvc3.0.classpath" value="C:\Program Files\NetBeans 7.0\java\modules\ext\spring-3.0\spring-webmvc-3.0.2.RELEASE.jar" />
    <property name="libs.swing-layout.classpath" value="C:\Program Files\NetBeans 7.0\platform\modules\ext\swing-layout-1.0.4.jar" />
    <property name="jspc.dtds" value="/resources/dtds/" />
    <property name="libs.restlib.src" value="" />
    <property name="javac.source" value="1.6" />
    <property name="build.generated.dir" value="build/generated" />
    <property name="line.separator" value="&#xd;&#xa;" />
    <property name="libs.hibernate-persistence.src" value="" />
    <property name="libs.nb_svg_midp_components.javadoc" value="C:\Program Files\NetBeans 7.0\mobility\modules\docs\nb_svg_midp_components-api.zip" />
    <property name="java.specification.version" value="1.6" />
    <property name="libs.jaxws21.maven-pom" value="" />
    <property name="java.vm.info" value="mixed mode" />
    <property name="libs.cdc-ant-utils.javadoc" value="" />
    <property name="libs.ojec-ant-utils.classpath" value="C:\Program Files\NetBeans 7.0\mobility\modules\ext\org-netbeans-modules-j2me-cdc-project-ojec.jar" />
    <property name="libs.spring-framework.maven-pom" value="" />
    <property name="sun.boot.class.path" value="C:\Program Files\NetBeans 7.0\enterprise\modules\ext\javaee6-endorsed\javax.annotation.jar;C:\Program Files\NetBeans 7.0\enterprise\modules\ext\javaee6-endorsed\jaxb-api-osgi.jar;C:\Program Files\NetBeans 7.0\enterprise\modules\ext\javaee6-endorsed\webservices-api-osgi.jar;C:\Program Files\Java\jdk1.6.0_20\jre\lib\resources.jar;C:\Program Files\Java\jdk1.6.0_20\jre\lib\rt.jar;C:\Program Files\Java\jdk1.6.0_20\jre\lib\sunrsasign.jar;C:\Program Files\Java\jdk1.6.0_20\jre\lib\jsse.jar;C:\Program Files\Java\jdk1.6.0_20\jre\lib\jce.jar;C:\Program Files\Java\jdk1.6.0_20\jre\lib\charsets.jar;C:\Program Files\Java\jdk1.6.0_20\jre\classes" />
    <property name="javac.target" value="1.6" />
    <property name="build.test.classes.dir" value="build/test/classes" />
    <property name="src.dir" value="src/java" />
    <property name="annotation.processing.enabled" value="true" />
    <property name="sun.awt.keepWorkingSetOnMinimize" value="true" />
    <property name="libs.jsf20.src" value="" />
    <property name="libs.jsf12.src" value="" />
    <property name="libs.DataBindingME-SVG.maven-pom" value="" />
    <property name="j2ee.platform" value="1.6-web" />
    <property name="libs.nokiadeployment.src" value="" />
    <property name="libs.savaje-ant-utils.javadoc" value="" />
    <property name="libs.struts.javadoc" value="C:\Program Files\NetBeans 7.0\enterprise\docs\struts-1.3.8-javadoc.zip" />
    <property name="ignore.failing.tests" value="true" />
    <property name="libs.cdc-ant-utils.maven-pom" value="" />
    <property name="libs.Comet-GlassFish-v3.classpath" value="D:\Work Area\Servers\glassfish-3.1\glassfish\modules\grizzly-comet.jar" />
    <property name="web.docbase.dir" value="web" />
    <property name="libs.restlib_gfv3ee6.javadoc" value="C:\Program Files\NetBeans 7.0\enterprise\docs\jsr311-api-1.1.1-javadoc.zip;C:\Program Files\NetBeans 7.0\enterprise\docs\jersey-client-1.3-javadoc.zip;C:\Program Files\NetBeans 7.0\enterprise\docs\jersey-json-1.3-javadoc.zip;C:\Program Files\NetBeans 7.0\enterprise\docs\jersey-multipart-1.3-javadoc.zip" />
    <property name="libs.primefaces.src" value="" />
    <property name="libs.cdc-agui-swing-layout.classpath" value="C:\Program Files\NetBeans 7.0\mobility\modules\ext\cdc-agui-swing-layout.jar" />
    <property name="file.reference.mysql-connector-java-5.1.16-bin.jar" value="..\Basurahan\mysql-connector-java-5.1.16\mysql-connector-java-5.1.16-bin.jar" />
    <property name="dist.dir" value="dist" />
    <property name="libs.groovy-all.javadoc" value="" />
    <property name="javac.fork" value="true" />
    <property name="libs.sjmc-ant-utils.classpath" value="C:\Program Files\NetBeans 7.0\mobility\modules\ext\org-netbeans-modules-j2me-cdc-project-sjmc.jar" />
    <property name="libs.groovy-all.classpath" value="C:\Program Files\NetBeans 7.0\groovy\modules\ext\groovy-all.jar" />
    <property name="libs.JMUnit4CLDC10.classpath" value="C:\Program Files\NetBeans 7.0\mobility\modules\ext\jmunit4cldc10-1.2.1.jar" />
    <property name="java.awt.printerjob" value="sun.awt.windows.WPrinterJob" />
    <property name="default.javac.source" value="1.6" />
    <property name="debug-transport-by-os" value="dt_shmem" />
    <property name="libs.MySQLDriver.src" value="" />
    <property name="sun.jnu.encoding" value="Cp1252" />
    <property name="libs.ant-contrib.maven-pom" value="" />
    <property name="libs.nokiadeployment.javadoc" value="" />
    <property name="build.test.results.dir" value="build/test/results" />
    <property name="java.runtime.version" value="1.6.0_20-b02" />
    <property name="libs.ejb3-persistence.javadoc" value="" />
    <property name="libs.NetBeans MIDP Components.src" value="C:\Program Files\NetBeans 7.0\mobility\sources\netbeans_midp_components_basic-src.zip" />
    <property name="libs.sjmc-ant-utils.javadoc" value="" />
    <property name="do.tmp.war.package.with.custom.manifest" value="true" />
    <property name="default.javac.target" value="1.6" />
    <property name="libs.Java-EE-GlassFish-v3.src" value="" />
    <property name="libs.junit_4.classpath" value="C:\Users\The Architect\.netbeans\7.0\modules\ext\junit-4.8.2.jar" />
    <property name="user.timezone" value="" />
    <property name="libs.ant-contrib.src" value="" />
    <property name="libs.javaee-endorsed-api-6.0.maven-pom" value="" />
    <property name="netbeans.dirs" value="C:\Program Files\NetBeans 7.0\nb;C:\Program Files\NetBeans 7.0\ergonomics;C:\Program Files\NetBeans 7.0\ide;C:\Program Files\NetBeans 7.0\java;C:\Program Files\NetBeans 7.0\xml;C:\Program Files\NetBeans 7.0\apisupport;C:\Program Files\NetBeans 7.0\webcommon;C:\Program Files\NetBeans 7.0\websvccommon;C:\Program Files\NetBeans 7.0\enterprise;C:\Program Files\NetBeans 7.0\mobility;C:\Program Files\NetBeans 7.0\profiler;C:\Program Files\NetBeans 7.0\ruby;C:\Program Files\NetBeans 7.0\python;C:\Program Files\NetBeans 7.0\php;C:\Program Files\NetBeans 7.0\visualweb;C:\Program Files\NetBeans 7.0\soa;C:\Program Files\NetBeans 7.0\identity;C:\Program Files\NetBeans 7.0\uml;C:\Program Files\NetBeans 7.0\harness;C:\Program Files\NetBeans 7.0\cnd;C:\Program Files\NetBeans 7.0\dlight;C:\Program Files\NetBeans 7.0\groovy;C:\Program Files\NetBeans 7.0\extra;C:\Program Files\NetBeans 7.0\javafx;C:\Program Files\NetBeans 7.0\javacard" />
    <property name="libs.jsf20.javadoc" value="C:\Program Files\NetBeans 7.0\enterprise\docs\javaee6-doc-api.zip" />
    <property name="java.ext.dirs" value="C:\Program Files\Java\jdk1.6.0_20\jre\lib\ext;C:\Windows\Sun\Java\lib\ext" />
    <property name="libs.restlib_gfv3ee6.src" value="" />
    <property name="libs.metro.src" value="" />
    <property name="endorsed.classpath" value="C:\Program Files\NetBeans 7.0\enterprise\modules\ext\javaee6-endorsed\javax.annotation.jar;C:\Program Files\NetBeans 7.0\enterprise\modules\ext\javaee6-endorsed\jaxb-api-osgi.jar;C:\Program Files\NetBeans 7.0\enterprise\modules\ext\javaee6-endorsed\webservices-api-osgi.jar" />
    <property name="libs.semc-ant-utils.src" value="" />
    <property name="libs.savaje-ant-utils.maven-pom" value="" />
    <property name="libs.absolutelayout.classpath" value="C:\Program Files\NetBeans 7.0\java\modules\ext\AbsoluteLayout.jar" />
    <property name="excludes" value="" />
    <property name="libs.metro.classpath" value="C:\Program Files\NetBeans 7.0\ide\modules\ext\jaxb\activation.jar;C:\Program Files\NetBeans 7.0\enterprise\modules\ext\metro\webservices-api.jar;C:\Program Files\NetBeans 7.0\enterprise\modules\ext\metro\webservices-extra-api.jar;C:\Program Files\NetBeans 7.0\enterprise\modules\ext\metro\webservices-extra.jar;C:\Program Files\NetBeans 7.0\enterprise\modules\ext\metro\webservices-rt.jar;C:\Program Files\NetBeans 7.0\enterprise\modules\ext\metro\webservices-tools.jar" />
    <property name="libs.restlib.maven-pom" value="" />
    <property name="libs.DataBindingME.javadoc" value="C:\Program Files\NetBeans 7.0\mobility\modules\docs\netbeans_databindingme-api.zip" />
    <property name="java.class.path" value="D:\Work Area\Projects\Git Repository\Group-IIT\Basurahan\mysql-connector-java-5.1.16\mysql-connector-java-5.1.16-bin.jar;D:\Work Area\Projects\Git Repository\Group-IIT\Basurahan\dependencieslis\junit-3.8.2.jar;D:\Work Area\Projects\Git Repository\Group-IIT\Basurahan\dependencieslis\junit-addons-1.4.jar;D:\Work Area\Projects\Git Repository\Group-IIT\Basurahan\dependencieslis\junitperf-1.8.jar;D:\Work Area\Projects\Git Repository\Group-IIT\Basurahan\dependencieslis\logback-classic-0.9.15.jar;D:\Work Area\Projects\Git Repository\Group-IIT\Basurahan\dependencieslis\mmmockobjects-1.12.0.jar;D:\Work Area\Projects\Git Repository\Group-IIT\Basurahan\dependencieslis\mockobjects-core-0.07.jar;D:\Work Area\Projects\Git Repository\Group-IIT\Basurahan\dependencieslis\mockobjects-jdk1.3-0.07.jar;D:\Work Area\Projects\Git Repository\Group-IIT\Basurahan\dependencieslis\poi-3.2-FINAL.jar;D:\Work Area\Projects\Git Repository\Group-IIT\Basurahan\dependencieslis\slf4j-api-1.5.6.jar;D:\Work Area\Projects\Git Repository\Group-IIT\Basurahan\dependencieslis\xercesImpl-2.6.2.jar;D:\Work Area\Projects\Git Repository\Group-IIT\Basurahan\dependencieslis\xmlParserAPIs-2.6.2.jar;D:\Work Area\Projects\Git Repository\Group-IIT\OrderingSystem\build\web\WEB-INF\classes;D:\Work Area\Projects\Git Repository\Group-IIT\Basurahan\dbunit-2.4.8.jar;D:\Work Area\Projects\Git Repository\Group-IIT\Basurahan\dependencieslis\jcl-over-slf4j-1.5.6.jar;D:\Work Area\Projects\Git Repository\Group-IIT\Basurahan\dependencieslis\commons-collections-3.2.1.jar;D:\Work Area\Projects\Git Repository\Group-IIT\Basurahan\dependencieslis\commons-io-1.4.jar;D:\Work Area\Projects\Git Repository\Group-IIT\Basurahan\dependencieslis\logback-core-0.9.15.jar;C:\Users\The Architect\.netbeans\7.0\modules\ext\junit-4.8.2.jar;D:\Work Area\Projects\Git Repository\Group-IIT\OrderingSystem\build\test\classes;D:\Work Area\Servers\Apache Tomcat 7.0.11\lib\annotations-api.jar;D:\Work Area\Servers\Apache Tomcat 7.0.11\lib\catalina-ant.jar;D:\Work Area\Servers\Apache Tomcat 7.0.11\lib\catalina-ha.jar;D:\Work Area\Servers\Apache Tomcat 7.0.11\lib\catalina-tribes.jar;D:\Work Area\Servers\Apache Tomcat 7.0.11\lib\catalina.jar;D:\Work Area\Servers\Apache Tomcat 7.0.11\lib\ecj-3.6.jar;D:\Work Area\Servers\Apache Tomcat 7.0.11\lib\el-api.jar;D:\Work Area\Servers\Apache Tomcat 7.0.11\lib\jasper-el.jar;D:\Work Area\Servers\Apache Tomcat 7.0.11\lib\jasper.jar;D:\Work Area\Servers\Apache Tomcat 7.0.11\lib\jsp-api.jar;D:\Work Area\Servers\Apache Tomcat 7.0.11\lib\servlet-api.jar;D:\Work Area\Servers\Apache Tomcat 7.0.11\lib\tomcat-api.jar;D:\Work Area\Servers\Apache Tomcat 7.0.11\lib\tomcat-coyote.jar;D:\Work Area\Servers\Apache Tomcat 7.0.11\lib\tomcat-dbcp.jar;D:\Work Area\Servers\Apache Tomcat 7.0.11\lib\tomcat-i18n-es.jar;D:\Work Area\Servers\Apache Tomcat 7.0.11\lib\tomcat-i18n-fr.jar;D:\Work Area\Servers\Apache Tomcat 7.0.11\lib\tomcat-i18n-ja.jar;D:\Work Area\Servers\Apache Tomcat 7.0.11\lib\tomcat-util.jar;C:\Program Files\NetBeans 7.0\java\ant\lib\ant-launcher.jar;C:\Program Files\NetBeans 7.0\java\ant\lib\ant.jar;C:\Program Files\NetBeans 7.0\java\ant\lib\ant-junit.jar;C:\Program Files\NetBeans 7.0\java\ant\lib\ant-junit4.jar" />
    <property name="apple.laf.useScreenMenuBar" value="true" />
    <property name="libs.absolutelayout.src" value="" />
    <property name="j2ee.server.type" value="Tomcat70" />
    <property name="libs.cdc-pp-awt-layout.maven-pom" value="" />
    <property name="os.version" value="6.1" />
    <property name="libs.EclipseLink-GlassFish-v3.javadoc" value="C:\Program Files\NetBeans 7.0\enterprise\docs\javaee6-doc-api.zip" />
    <property name="libs.JMUnit4CLDC11.maven-pom" value="" />
    <property name="libs.toplink.javadoc" value="" />
    <property name="sun.desktop" value="windows" />
    <property name="libs.nb_svg_midp_components.maven-pom" value="" />
    <property name="libs.ricoh-ant-utils.javadoc" value="" />
    <property name="libs.Comet-GlassFish-v3.src" value="" />
    <property name="libs.restlib.javadoc" value="C:\Program Files\NetBeans 7.0\enterprise\docs\jersey-client-1.3-javadoc.zip;C:\Program Files\NetBeans 7.0\enterprise\docs\jersey-core-1.1.5.1-javadoc.zip;C:\Program Files\NetBeans 7.0\enterprise\docs\jersey-json-1.3-javadoc.zip;C:\Program Files\NetBeans 7.0\enterprise\docs\jersey-multipart-1.3-javadoc.zip;C:\Program Files\NetBeans 7.0\enterprise\docs\jersey-spring-1.3-javadoc.zip;C:\Program Files\NetBeans 7.0\enterprise\docs\oauth-client-1.3-javadoc.zip;C:\Program Files\NetBeans 7.0\enterprise\docs\oauth-signature-1.3-javadoc.zip" />
    <property name="war.content.additional" value="" />
    <property name="libs.NetBeans MIDP Components PDA.maven-pom" value="" />
    <property name="j2ee.platform.embeddableejb.classpath" value="" />
    <property name="forceRedeploy" value="false" />
    <property name="libs.eclipselink.classpath" value="C:\Program Files\NetBeans 7.0\java\modules\ext\eclipselink\eclipselink-2.2.0.jar;C:\Program Files\NetBeans 7.0\java\modules\ext\eclipselink\eclipselink-javax.persistence-2.0.jar" />
    <property name="java.awt.graphicsenv" value="sun.awt.Win32GraphicsEnvironment" />
    <property name="libs.beans-binding.javadoc" value="C:\Program Files\NetBeans 7.0\java\docs\beansbinding-1.2.1-doc.zip" />
    <property name="libs.Java-EE-GlassFish-v3.classpath" value="D:\Work Area\Servers\glassfish-3.1\glassfish\modules\javax.security.auth.message.jar;D:\Work Area\Servers\glassfish-3.1\glassfish\modules\jaxrpc-api-osgi.jar;D:\Work Area\Servers\glassfish-3.1\glassfish\modules\javax.mail.jar;D:\Work Area\Servers\glassfish-3.1\glassfish\modules\javax.resource.jar;D:\Work Area\Servers\glassfish-3.1\glassfish\modules\jsf-api.jar;D:\Work Area\Servers\glassfish-3.1\glassfish\modules\javax.transaction.jar;D:\Work Area\Servers\glassfish-3.1\glassfish\modules\jsf-impl.jar;D:\Work Area\Servers\glassfish-3.1\glassfish\modules\jersey-core.jar;D:\Work Area\Servers\glassfish-3.1\glassfish\modules\weld-osgi-bundle.jar;D:\Work Area\Servers\glassfish-3.1\glassfish\modules\javax.enterprise.deploy.jar;D:\Work Area\Servers\glassfish-3.1\glassfish\modules\endorsed\jaxb-api-osgi.jar;D:\Work Area\Servers\glassfish-3.1\glassfish\modules\javax.servlet.jsp.jar;D:\Work Area\Servers\glassfish-3.1\glassfish\modules\javax.servlet.jsp.jstl.jar;D:\Work Area\Servers\glassfish-3.1\glassfish\modules\javax.management.j2ee.jar;D:\Work Area\Servers\glassfish-3.1\glassfish\modules\endorsed\webservices-api-osgi.jar;D:\Work Area\Servers\glassfish-3.1\glassfish\modules\javax.jms.jar;D:\Work Area\Servers\glassfish-3.1\glassfish\modules\endorsed\javax.annotation.jar;D:\Work Area\Servers\glassfish-3.1\glassfish\modules\javax.persistence.jar;D:\Work Area\Servers\glassfish-3.1\glassfish\modules\javax.security.jacc.jar;D:\Work Area\Servers\glassfish-3.1\glassfish\modules\bean-validator.jar;D:\Work Area\Servers\glassfish-3.1\glassfish\modules\javax.ejb.jar;D:\Work Area\Servers\glassfish-3.1\glassfish\modules\jstl-impl.jar;D:\Work Area\Servers\glassfish-3.1\glassfish\modules\javax.servlet.jar;D:\Work Area\Servers\glassfish-3.1\glassfish\modules\web-core.jar;D:\Work Area\Servers\glassfish-3.1\glassfish\modules\jackson-core-asl.jar;D:\Work Area\Servers\glassfish-3.1\glassfish\modules\jackson-jaxrs.jar;D:\Work Area\Servers\glassfish-3.1\glassfish\modules\jackson-mapper-asl.jar;D:\Work Area\Servers\glassfish-3.1\glassfish\modules\jersey-client.jar;D:\Work Area\Servers\glassfish-3.1\glassfish\modules\jersey-core.jar;D:\Work Area\Servers\glassfish-3.1\glassfish\modules\jersey-gf-server.jar;D:\Work Area\Servers\glassfish-3.1\glassfish\modules\jersey-json.jar;D:\Work Area\Servers\glassfish-3.1\glassfish\modules\jersey-multipart.jar;D:\Work Area\Servers\glassfish-3.1\glassfish\modules\jettison.jar;D:\Work Area\Servers\glassfish-3.1\glassfish\modules\mimepull.jar" />
    <property name="java.vm.vendor" value="Sun Microsystems Inc." />
    <property name="libs.CopyLibs.classpath" value="C:\Program Files\NetBeans 7.0\java\ant\extra\org-netbeans-modules-java-j2seproject-copylibstask.jar" />
    <property name="libs.spring-framework300.classpath" value="C:\Program Files\NetBeans 7.0\ide\modules\ext\commons-logging-1.1.jar;C:\Program Files\NetBeans 7.0\java\modules\ext\cglib-2.2.jar;C:\Program Files\NetBeans 7.0\java\modules\ext\spring-3.0\spring-aop-3.0.2.RELEASE.jar;C:\Program Files\NetBeans 7.0\java\modules\ext\spring-3.0\spring-asm-3.0.2.RELEASE.jar;C:\Program Files\NetBeans 7.0\java\modules\ext\spring-3.0\spring-aspects-3.0.2.RELEASE.jar;C:\Program Files\NetBeans 7.0\java\modules\ext\spring-3.0\spring-beans-3.0.2.RELEASE.jar;C:\Program Files\NetBeans 7.0\java\modules\ext\spring-3.0\spring-context-3.0.2.RELEASE.jar;C:\Program Files\NetBeans 7.0\java\modules\ext\spring-3.0\spring-context-support-3.0.2.RELEASE.jar;C:\Program Files\NetBeans 7.0\java\modules\ext\spring-3.0\spring-core-3.0.2.RELEASE.jar;C:\Program Files\NetBeans 7.0\java\modules\ext\spring-3.0\spring-expression-3.0.2.RELEASE.jar;C:\Program Files\NetBeans 7.0\java\modules\ext\spring-3.0\spring-instrument-3.0.2.RELEASE.jar;C:\Program Files\NetBeans 7.0\java\modules\ext\spring-3.0\spring-instrument-tomcat-3.0.2.RELEASE.jar;C:\Program Files\NetBeans 7.0\java\modules\ext\spring-3.0\spring-jdbc-3.0.2.RELEASE.jar;C:\Program Files\NetBeans 7.0\java\modules\ext\spring-3.0\spring-jms-3.0.2.RELEASE.jar;C:\Program Files\NetBeans 7.0\java\modules\ext\spring-3.0\spring-orm-3.0.2.RELEASE.jar;C:\Program Files\NetBeans 7.0\java\modules\ext\spring-3.0\spring-oxm-3.0.2.RELEASE.jar;C:\Program Files\NetBeans 7.0\java\modules\ext\spring-3.0\spring-test-3.0.2.RELEASE.jar;C:\Program Files\NetBeans 7.0\java\modules\ext\spring-3.0\spring-tx-3.0.2.RELEASE.jar;C:\Program Files\NetBeans 7.0\java\modules\ext\spring-3.0\spring-web-3.0.2.RELEASE.jar;C:\Program Files\NetBeans 7.0\java\modules\ext\spring-3.0\spring-webmvc-portlet-3.0.2.RELEASE.jar;C:\Program Files\NetBeans 7.0\java\modules\ext\spring-3.0\spring-webmvc-3.0.2.RELEASE.jar;C:\Program Files\NetBeans 7.0\java\modules\ext\spring-3.0\spring-struts-3.0.2.RELEASE.jar" />
    <property name="libs.jsp-compiler.maven-pom" value="" />
    <property name="libs.spring-webmvc.maven-pom" value="" />
    <property name="libs.Java-EE-GlassFish-v3.wsinterop" value="" />
    <property name="libs.ejb3-persistence.classpath" value="C:\Program Files\NetBeans 7.0\java\modules\ext\hibernate\ejb3-persistence.jar" />
    <property name="libs.spring-framework.javadoc" value="" />
    <property name="libs.DataBindingME-PIM.src" value="C:\Program Files\NetBeans 7.0\mobility\sources\netbeans_databindingme_pim-src.zip" />
    <property name="libs.PostgreSQLDriver.classpath" value="C:\Program Files\NetBeans 7.0\ide\modules\ext\postgresql-8.3-603.jdbc3.jar" />
    <property name="libs.jsf12.maven-pom" value="" />
    <property name="libs.junit.src" value="" />
    <property name="annotation.processing.source.output" value="build/generated-sources/ap-source-output" />
    <property name="libs.CopyLibs.src" value="" />
    <property name="build.dir" value="build" />
    <property name="libs.jsp-compilation.classpath" value="C:\Program Files\NetBeans 7.0\java\ant\lib\ant.jar;C:\Program Files\NetBeans 7.0\enterprise\modules\ext\servlet3.0-jsp2.2-api.jar;C:\Program Files\NetBeans 7.0\enterprise\modules\ext\glassfish-jspparser-3.0.jar;C:\Program Files\NetBeans 7.0\enterprise\modules\ext\jsf-2_0\jsf-api.jar;C:\Program Files\NetBeans 7.0\enterprise\modules\ext\jstl.jar;C:\Program Files\NetBeans 7.0\java\ant\lib\ant-launcher.jar" />
    <property name="ant.version" value="Apache Ant(TM) version 1.8.2 compiled on December 20 2010" />
    <property name="file.encoding" value="Cp1252" />
    <property name="build.classes.excludes" value="**/*.java,**/*.form" />
    <property name="jdkBug6558476" value="true" />
    <property name="javadoc.nonavbar" value="false" />
    <property name="platform.active" value="default_platform" />
    <property name="awt.toolkit" value="sun.awt.windows.WToolkit" />
    <property name="war.ear.name" value="OrderingSystem.war" />
  </properties>
  <testcase classname="com.onb.orderingsystem.dao.jdbc.OrderItemDaoTest" name="testCreateOrderItem" time="7.195" />
  <system-out><![CDATA[23:05:15.774 [main] DEBUG org.dbunit.DBTestCase - getConnection() - start
23:05:15.803 [main] DEBUG org.dbunit.assertion.SimpleAssert - assertNotNullNorEmpty(propertyName=driverClass, property=com.mysql.jdbc.Driver) - start
23:05:15.815 [main] DEBUG org.dbunit.JdbcDatabaseTester - getConnection() - start
23:05:15.815 [main] DEBUG org.dbunit.assertion.SimpleAssert - assertNotNullNorEmpty(propertyName=connectionUrl, property=jdbc:mysql://127.0.0.1/orderingsystem_test) - start
23:05:16.085 [main] DEBUG org.dbunit.util.SQLHelper - isEscaped returns 'false' for tableName= (dbIdentifierQuoteString=`)
23:05:16.089 [main] DEBUG o.dbunit.database.DatabaseConnection - Database connection info: 
	database product name=MySQL
	database version=5.5.2-m2-community
	database major version=5
	database minor version=5
	jdbc driver name=MySQL-AB JDBC Driver
	jdbc driver version=mysql-connector-java-5.1.16 ( Revision: ${bzr.revision-id} )
	jdbc driver major version=5
	jdbc driver minor version=1

23:05:16.089 [main] DEBUG o.dbunit.database.DatabaseConnection - validateSchema(validateStrict=false) - start
23:05:16.092 [main] WARN  o.dbunit.database.DatabaseConnection - The given schema '' does not exist.
23:05:16.342 [main] DEBUG org.dbunit.DatabaseTestCase - setUp() - start
23:05:16.342 [main] DEBUG org.dbunit.AbstractDatabaseTester - setSetUpOperation(setUpOperation=org.dbunit.operation.CompositeOperation[_actions=[org.dbunit.operation.DeleteAllOperation@30d82d, org.dbunit.operation.InsertOperation[_reverseRowOrder=false, super=org.dbunit.operation.InsertOperation@c09554]]]) - start
23:05:16.344 [main] DEBUG o.d.d.xml.FlatXmlDataSetBuilder - Creating FlatXmlDataSet with builder parameters: org.dbunit.dataset.xml.FlatXmlDataSetBuilder[dtdMetadata=true, columnSensing=false, caseSensitiveTableNames=false, metaDataSet=null]
23:05:16.395 [main] DEBUG o.d.d.xml.FlatXmlDataSetBuilder - Creating FlatXmlProducer using the properties of this builder: org.dbunit.dataset.xml.FlatXmlDataSetBuilder[dtdMetadata=true, columnSensing=false, caseSensitiveTableNames=false, metaDataSet=null]
23:05:16.410 [main] DEBUG o.dbunit.dataset.xml.FlatXmlProducer - setConsumer(consumer) - start
23:05:16.410 [main] DEBUG o.dbunit.dataset.xml.FlatXmlProducer - produce() - start
23:05:16.418 [main] DEBUG o.dbunit.dataset.xml.FlatDtdProducer - setLexicalHandler(xmlReader=org.apache.xerces.parsers.SAXParser@18941f7, handler=org.dbunit.dataset.xml.FlatXmlProducer$FlatDtdHandler@49d67c) - start
23:05:16.418 [main] DEBUG o.dbunit.dataset.xml.FlatDtdProducer - setDeclHandler(xmlReader=org.apache.xerces.parsers.SAXParser@18941f7, handler=org.dbunit.dataset.xml.FlatXmlProducer$FlatDtdHandler@49d67c) - start
23:05:16.519 [main] DEBUG o.dbunit.dataset.xml.FlatXmlProducer - startElement(uri=, localName=, qName=dataset, attributes=org.apache.xerces.parsers.AbstractSAXParser$AttributesProxy@11ca803) - start
23:05:16.519 [main] DEBUG org.dbunit.dataset.CachedDataSet - startDataSet() - start
23:05:16.519 [main] DEBUG o.dbunit.dataset.xml.FlatXmlProducer - startElement(uri=, localName=, qName=customers, attributes=org.apache.xerces.parsers.AbstractSAXParser$AttributesProxy@11ca803) - start
23:05:16.519 [main] DEBUG o.dbunit.dataset.OrderedTableNameMap - getLastTableName() - start
23:05:16.600 [main] DEBUG o.dbunit.dataset.OrderedTableNameMap - isLastTable(tableName=customers) - start
23:05:16.600 [main] DEBUG o.dbunit.dataset.OrderedTableNameMap - getTableName(tableName=customers) - start
23:05:16.600 [main] DEBUG o.dbunit.dataset.OrderedTableNameMap - getTableName(tableName=customers) - end - result=CUSTOMERS
23:05:16.600 [main] DEBUG o.dbunit.dataset.xml.FlatXmlProducer - createTableMetaData(tableName=customers, attributes=org.apache.xerces.parsers.AbstractSAXParser$AttributesProxy@11ca803) - start
23:05:16.620 [main] DEBUG org.dbunit.dataset.Columns - getColumns(columnNames=[], columns=[(id, UNKNOWN, nullableUnknown), (name, UNKNOWN, nullableUnknown)]) - start
23:05:16.620 [main] DEBUG o.dbunit.dataset.OrderedTableNameMap - add(tableName=customers, object=tableName=customers, columns=[(id, UNKNOWN, nullableUnknown), (name, UNKNOWN, nullableUnknown)], keys=[]) - start
23:05:16.620 [main] DEBUG o.dbunit.dataset.OrderedTableNameMap - getTableName(tableName=customers) - start
23:05:16.620 [main] DEBUG o.dbunit.dataset.OrderedTableNameMap - getTableName(tableName=customers) - end - result=CUSTOMERS
23:05:16.705 [main] DEBUG o.dbunit.dataset.OrderedTableNameMap - getTableName(tableName=CUSTOMERS) - start
23:05:16.705 [main] DEBUG o.dbunit.dataset.OrderedTableNameMap - getTableName(tableName=CUSTOMERS) - end - result=CUSTOMERS
23:05:16.705 [main] DEBUG org.dbunit.dataset.CachedDataSet - startTable(metaData=tableName=customers, columns=[(id, UNKNOWN, nullableUnknown), (name, UNKNOWN, nullableUnknown)], keys=[]) - start
23:05:16.707 [main] DEBUG o.dbunit.dataset.OrderedTableNameMap - getLastTableName() - start
23:05:16.707 [main] DEBUG o.dbunit.dataset.OrderedTableNameMap - getTableName(tableName=customers) - start
23:05:16.707 [main] DEBUG o.dbunit.dataset.OrderedTableNameMap - getTableName(tableName=customers) - end - result=CUSTOMERS
23:05:16.707 [main] DEBUG o.d.dataset.AbstractTableMetaData - getColumnIndex(columnName=id) - start
23:05:16.708 [main] DEBUG o.d.dataset.AbstractTableMetaData - getColumnIndex(columnName=name) - start
23:05:16.708 [main] DEBUG o.dbunit.dataset.OrderedTableNameMap - getLastTableName() - start
23:05:16.708 [main] DEBUG o.dbunit.dataset.OrderedTableNameMap - getTableName(tableName=customers) - start
23:05:16.708 [main] DEBUG o.dbunit.dataset.OrderedTableNameMap - getTableName(tableName=customers) - end - result=CUSTOMERS
23:05:16.708 [main] DEBUG org.dbunit.dataset.CachedDataSet - row(values=1) - start
23:05:16.708 [main] DEBUG org.dbunit.dataset.DefaultTable - addRow(values=1) - start
23:05:16.708 [main] DEBUG o.dbunit.dataset.xml.FlatXmlProducer - endElement(uri=, localName=, qName=customers) - start
23:05:16.709 [main] DEBUG o.dbunit.dataset.xml.FlatXmlProducer - startElement(uri=, localName=, qName=customers, attributes=org.apache.xerces.parsers.AbstractSAXParser$AttributesProxy@11ca803) - start
23:05:16.709 [main] DEBUG o.dbunit.dataset.OrderedTableNameMap - getLastTableName() - start
23:05:16.710 [main] DEBUG o.dbunit.dataset.OrderedTableNameMap - getTableName(tableName=customers) - start
23:05:16.710 [main] DEBUG o.dbunit.dataset.OrderedTableNameMap - getTableName(tableName=customers) - end - result=CUSTOMERS
23:05:16.711 [main] DEBUG o.dbunit.dataset.OrderedTableNameMap - isLastTable(tableName=customers) - start
23:05:16.711 [main] DEBUG o.dbunit.dataset.OrderedTableNameMap - getLastTableName() - start
23:05:16.711 [main] DEBUG o.dbunit.dataset.OrderedTableNameMap - getTableName(tableName=customers) - start
23:05:16.711 [main] DEBUG o.dbunit.dataset.OrderedTableNameMap - getTableName(tableName=customers) - end - result=CUSTOMERS
23:05:16.711 [main] DEBUG o.dbunit.dataset.OrderedTableNameMap - getTableName(tableName=customers) - start
23:05:16.713 [main] DEBUG o.dbunit.dataset.OrderedTableNameMap - getTableName(tableName=customers) - end - result=CUSTOMERS
23:05:16.713 [main] DEBUG o.dbunit.dataset.OrderedTableNameMap - getLastTableName() - start
23:05:16.713 [main] DEBUG o.dbunit.dataset.OrderedTableNameMap - getTableName(tableName=customers) - start
23:05:16.713 [main] DEBUG o.dbunit.dataset.OrderedTableNameMap - getTableName(tableName=customers) - end - result=CUSTOMERS
23:05:16.713 [main] DEBUG o.d.dataset.AbstractTableMetaData - getColumnIndex(columnName=id) - start
23:05:16.714 [main] DEBUG o.d.dataset.AbstractTableMetaData - getColumnIndex(columnName=name) - start
23:05:16.714 [main] DEBUG o.dbunit.dataset.OrderedTableNameMap - getLastTableName() - start
23:05:16.714 [main] DEBUG o.dbunit.dataset.OrderedTableNameMap - getTableName(tableName=customers) - start
23:05:16.714 [main] DEBUG o.dbunit.dataset.OrderedTableNameMap - getTableName(tableName=customers) - end - result=CUSTOMERS
23:05:16.714 [main] DEBUG org.dbunit.dataset.CachedDataSet - row(values=2) - start
23:05:16.716 [main] DEBUG org.dbunit.dataset.DefaultTable - addRow(values=2) - start
23:05:16.716 [main] DEBUG o.dbunit.dataset.xml.FlatXmlProducer - endElement(uri=, localName=, qName=customers) - start
23:05:16.716 [main] DEBUG o.dbunit.dataset.xml.FlatXmlProducer - startElement(uri=, localName=, qName=customers, attributes=org.apache.xerces.parsers.AbstractSAXParser$AttributesProxy@11ca803) - start
23:05:16.716 [main] DEBUG o.dbunit.dataset.OrderedTableNameMap - getLastTableName() - start
23:05:16.716 [main] DEBUG o.dbunit.dataset.OrderedTableNameMap - getTableName(tableName=customers) - start
23:05:16.717 [main] DEBUG o.dbunit.dataset.OrderedTableNameMap - getTableName(tableName=customers) - end - result=CUSTOMERS
23:05:16.717 [main] DEBUG o.dbunit.dataset.OrderedTableNameMap - isLastTable(tableName=customers) - start
23:05:16.717 [main] DEBUG o.dbunit.dataset.OrderedTableNameMap - getLastTableName() - start
23:05:16.717 [main] DEBUG o.dbunit.dataset.OrderedTableNameMap - getTableName(tableName=customers) - start
23:05:16.717 [main] DEBUG o.dbunit.dataset.OrderedTableNameMap - getTableName(tableName=customers) - end - result=CUSTOMERS
23:05:16.719 [main] DEBUG o.dbunit.dataset.OrderedTableNameMap - getTableName(tableName=customers) - start
23:05:16.719 [main] DEBUG o.dbunit.dataset.OrderedTableNameMap - getTableName(tableName=customers) - end - result=CUSTOMERS
23:05:16.720 [main] DEBUG o.dbunit.dataset.OrderedTableNameMap - getLastTableName() - start
23:05:16.720 [main] DEBUG o.dbunit.dataset.OrderedTableNameMap - getTableName(tableName=customers) - start
23:05:16.720 [main] DEBUG o.dbunit.dataset.OrderedTableNameMap - getTableName(tableName=customers) - end - result=CUSTOMERS
23:05:16.721 [main] DEBUG o.d.dataset.AbstractTableMetaData - getColumnIndex(columnName=id) - start
23:05:16.721 [main] DEBUG o.d.dataset.AbstractTableMetaData - getColumnIndex(columnName=name) - start
23:05:16.721 [main] DEBUG o.dbunit.dataset.OrderedTableNameMap - getLastTableName() - start
23:05:16.721 [main] DEBUG o.dbunit.dataset.OrderedTableNameMap - getTableName(tableName=customers) - start
23:05:16.721 [main] DEBUG o.dbunit.dataset.OrderedTableNameMap - getTableName(tableName=customers) - end - result=CUSTOMERS
23:05:16.723 [main] DEBUG org.dbunit.dataset.CachedDataSet - row(values=3) - start
23:05:16.723 [main] DEBUG org.dbunit.dataset.DefaultTable - addRow(values=3) - start
23:05:16.723 [main] DEBUG o.dbunit.dataset.xml.FlatXmlProducer - endElement(uri=, localName=, qName=customers) - start
23:05:16.723 [main] DEBUG o.dbunit.dataset.xml.FlatXmlProducer - startElement(uri=, localName=, qName=customers, attributes=org.apache.xerces.parsers.AbstractSAXParser$AttributesProxy@11ca803) - start
23:05:16.723 [main] DEBUG o.dbunit.dataset.OrderedTableNameMap - getLastTableName() - start
23:05:16.724 [main] DEBUG o.dbunit.dataset.OrderedTableNameMap - getTableName(tableName=customers) - start
23:05:16.724 [main] DEBUG o.dbunit.dataset.OrderedTableNameMap - getTableName(tableName=customers) - end - result=CUSTOMERS
23:05:16.724 [main] DEBUG o.dbunit.dataset.OrderedTableNameMap - isLastTable(tableName=customers) - start
23:05:16.724 [main] DEBUG o.dbunit.dataset.OrderedTableNameMap - getLastTableName() - start
23:05:16.724 [main] DEBUG o.dbunit.dataset.OrderedTableNameMap - getTableName(tableName=customers) - start
23:05:16.726 [main] DEBUG o.dbunit.dataset.OrderedTableNameMap - getTableName(tableName=customers) - end - result=CUSTOMERS
23:05:16.726 [main] DEBUG o.dbunit.dataset.OrderedTableNameMap - getTableName(tableName=customers) - start
23:05:16.726 [main] DEBUG o.dbunit.dataset.OrderedTableNameMap - getTableName(tableName=customers) - end - result=CUSTOMERS
23:05:16.726 [main] DEBUG o.dbunit.dataset.OrderedTableNameMap - getLastTableName() - start
23:05:16.727 [main] DEBUG o.dbunit.dataset.OrderedTableNameMap - getTableName(tableName=customers) - start
23:05:16.728 [main] DEBUG o.dbunit.dataset.OrderedTableNameMap - getTableName(tableName=customers) - end - result=CUSTOMERS
23:05:16.728 [main] DEBUG o.d.dataset.AbstractTableMetaData - getColumnIndex(columnName=id) - start
23:05:16.728 [main] DEBUG o.d.dataset.AbstractTableMetaData - getColumnIndex(columnName=name) - start
23:05:16.728 [main] DEBUG o.dbunit.dataset.OrderedTableNameMap - getLastTableName() - start
23:05:16.728 [main] DEBUG o.dbunit.dataset.OrderedTableNameMap - getTableName(tableName=customers) - start
23:05:16.730 [main] DEBUG o.dbunit.dataset.OrderedTableNameMap - getTableName(tableName=customers) - end - result=CUSTOMERS
23:05:16.730 [main] DEBUG org.dbunit.dataset.CachedDataSet - row(values=4) - start
23:05:16.730 [main] DEBUG org.dbunit.dataset.DefaultTable - addRow(values=4) - start
23:05:16.730 [main] DEBUG o.dbunit.dataset.xml.FlatXmlProducer - endElement(uri=, localName=, qName=customers) - start
23:05:16.730 [main] DEBUG o.dbunit.dataset.xml.FlatXmlProducer - startElement(uri=, localName=, qName=customers, attributes=org.apache.xerces.parsers.AbstractSAXParser$AttributesProxy@11ca803) - start
23:05:16.731 [main] DEBUG o.dbunit.dataset.OrderedTableNameMap - getLastTableName() - start
23:05:16.731 [main] DEBUG o.dbunit.dataset.OrderedTableNameMap - getTableName(tableName=customers) - start
23:05:16.731 [main] DEBUG o.dbunit.dataset.OrderedTableNameMap - getTableName(tableName=customers) - end - result=CUSTOMERS
23:05:16.731 [main] DEBUG o.dbunit.dataset.OrderedTableNameMap - isLastTable(tableName=customers) - start
23:05:16.731 [main] DEBUG o.dbunit.dataset.OrderedTableNameMap - getLastTableName() - start
23:05:16.733 [main] DEBUG o.dbunit.dataset.OrderedTableNameMap - getTableName(tableName=customers) - start
23:05:16.733 [main] DEBUG o.dbunit.dataset.OrderedTableNameMap - getTableName(tableName=customers) - end - result=CUSTOMERS
23:05:16.733 [main] DEBUG o.dbunit.dataset.OrderedTableNameMap - getTableName(tableName=customers) - start
23:05:16.733 [main] DEBUG o.dbunit.dataset.OrderedTableNameMap - getTableName(tableName=customers) - end - result=CUSTOMERS
23:05:16.733 [main] DEBUG o.dbunit.dataset.OrderedTableNameMap - getLastTableName() - start
23:05:16.734 [main] DEBUG o.dbunit.dataset.OrderedTableNameMap - getTableName(tableName=customers) - start
23:05:16.735 [main] DEBUG o.dbunit.dataset.OrderedTableNameMap - getTableName(tableName=customers) - end - result=CUSTOMERS
23:05:16.735 [main] DEBUG o.d.dataset.AbstractTableMetaData - getColumnIndex(columnName=id) - start
23:05:16.735 [main] DEBUG o.d.dataset.AbstractTableMetaData - getColumnIndex(columnName=name) - start
23:05:16.735 [main] DEBUG o.dbunit.dataset.OrderedTableNameMap - getLastTableName() - start
23:05:16.736 [main] DEBUG o.dbunit.dataset.OrderedTableNameMap - getTableName(tableName=customers) - start
23:05:16.736 [main] DEBUG o.dbunit.dataset.OrderedTableNameMap - getTableName(tableName=customers) - end - result=CUSTOMERS
23:05:16.737 [main] DEBUG org.dbunit.dataset.CachedDataSet - row(values=5) - start
23:05:16.737 [main] DEBUG org.dbunit.dataset.DefaultTable - addRow(values=5) - start
23:05:16.737 [main] DEBUG o.dbunit.dataset.xml.FlatXmlProducer - endElement(uri=, localName=, qName=customers) - start
23:05:16.738 [main] DEBUG o.dbunit.dataset.xml.FlatXmlProducer - startElement(uri=, localName=, qName=customers, attributes=org.apache.xerces.parsers.AbstractSAXParser$AttributesProxy@11ca803) - start
23:05:16.738 [main] DEBUG o.dbunit.dataset.OrderedTableNameMap - getLastTableName() - start
23:05:16.738 [main] DEBUG o.dbunit.dataset.OrderedTableNameMap - getTableName(tableName=customers) - start
23:05:16.738 [main] DEBUG o.dbunit.dataset.OrderedTableNameMap - getTableName(tableName=customers) - end - result=CUSTOMERS
23:05:16.740 [main] DEBUG o.dbunit.dataset.OrderedTableNameMap - isLastTable(tableName=customers) - start
23:05:16.740 [main] DEBUG o.dbunit.dataset.OrderedTableNameMap - getLastTableName() - start
23:05:16.740 [main] DEBUG o.dbunit.dataset.OrderedTableNameMap - getTableName(tableName=customers) - start
23:05:16.740 [main] DEBUG o.dbunit.dataset.OrderedTableNameMap - getTableName(tableName=customers) - end - result=CUSTOMERS
23:05:16.740 [main] DEBUG o.dbunit.dataset.OrderedTableNameMap - getTableName(tableName=customers) - start
23:05:16.741 [main] DEBUG o.dbunit.dataset.OrderedTableNameMap - getTableName(tableName=customers) - end - result=CUSTOMERS
23:05:16.741 [main] DEBUG o.dbunit.dataset.OrderedTableNameMap - getLastTableName() - start
23:05:16.741 [main] DEBUG o.dbunit.dataset.OrderedTableNameMap - getTableName(tableName=customers) - start
23:05:16.741 [main] DEBUG o.dbunit.dataset.OrderedTableNameMap - getTableName(tableName=customers) - end - result=CUSTOMERS
23:05:16.742 [main] DEBUG o.d.dataset.AbstractTableMetaData - getColumnIndex(columnName=id) - start
23:05:16.743 [main] DEBUG o.d.dataset.AbstractTableMetaData - getColumnIndex(columnName=name) - start
23:05:16.743 [main] DEBUG o.dbunit.dataset.OrderedTableNameMap - getLastTableName() - start
23:05:16.743 [main] DEBUG o.dbunit.dataset.OrderedTableNameMap - getTableName(tableName=customers) - start
23:05:16.743 [main] DEBUG o.dbunit.dataset.OrderedTableNameMap - getTableName(tableName=customers) - end - result=CUSTOMERS
23:05:16.743 [main] DEBUG org.dbunit.dataset.CachedDataSet - row(values=6) - start
23:05:16.745 [main] DEBUG org.dbunit.dataset.DefaultTable - addRow(values=6) - start
23:05:16.745 [main] DEBUG o.dbunit.dataset.xml.FlatXmlProducer - endElement(uri=, localName=, qName=customers) - start
23:05:16.745 [main] DEBUG o.dbunit.dataset.xml.FlatXmlProducer - startElement(uri=, localName=, qName=products, attributes=org.apache.xerces.parsers.AbstractSAXParser$AttributesProxy@11ca803) - start
23:05:16.745 [main] DEBUG o.dbunit.dataset.OrderedTableNameMap - getLastTableName() - start
23:05:16.745 [main] DEBUG o.dbunit.dataset.OrderedTableNameMap - getTableName(tableName=customers) - start
23:05:16.746 [main] DEBUG o.dbunit.dataset.OrderedTableNameMap - getTableName(tableName=customers) - end - result=CUSTOMERS
23:05:16.746 [main] DEBUG o.dbunit.dataset.OrderedTableNameMap - isLastTable(tableName=products) - start
23:05:16.746 [main] DEBUG o.dbunit.dataset.OrderedTableNameMap - getLastTableName() - start
23:05:16.746 [main] DEBUG o.dbunit.dataset.OrderedTableNameMap - getTableName(tableName=customers) - start
23:05:16.746 [main] DEBUG o.dbunit.dataset.OrderedTableNameMap - getTableName(tableName=customers) - end - result=CUSTOMERS
23:05:16.748 [main] DEBUG o.dbunit.dataset.OrderedTableNameMap - getTableName(tableName=products) - start
23:05:16.748 [main] DEBUG o.dbunit.dataset.OrderedTableNameMap - getTableName(tableName=products) - end - result=PRODUCTS
23:05:16.749 [main] DEBUG org.dbunit.dataset.CachedDataSet - endTable() - start
23:05:16.749 [main] DEBUG o.dbunit.dataset.OrderedTableNameMap - getTableName(tableName=customers) - start
23:05:16.749 [main] DEBUG o.dbunit.dataset.OrderedTableNameMap - getTableName(tableName=customers) - end - result=CUSTOMERS
23:05:16.750 [main] DEBUG o.dbunit.dataset.OrderedTableNameMap - add(tableName=customers, object=org.dbunit.dataset.DefaultTable[_metaData=tableName=customers, columns=[(id, UNKNOWN, nullableUnknown), (name, UNKNOWN, nullableUnknown)], keys=[], _rowList.size()=6]) - start
23:05:16.750 [main] DEBUG o.dbunit.dataset.OrderedTableNameMap - getTableName(tableName=customers) - start
23:05:16.750 [main] DEBUG o.dbunit.dataset.OrderedTableNameMap - getTableName(tableName=customers) - end - result=CUSTOMERS
23:05:16.750 [main] DEBUG o.dbunit.dataset.OrderedTableNameMap - getTableName(tableName=CUSTOMERS) - start
23:05:16.752 [main] DEBUG o.dbunit.dataset.OrderedTableNameMap - getTableName(tableName=CUSTOMERS) - end - result=CUSTOMERS
23:05:16.752 [main] DEBUG o.dbunit.dataset.OrderedTableNameMap - getTableName(tableName=products) - start
23:05:16.752 [main] DEBUG o.dbunit.dataset.OrderedTableNameMap - getTableName(tableName=products) - end - result=PRODUCTS
23:05:16.752 [main] DEBUG o.dbunit.dataset.xml.FlatXmlProducer - createTableMetaData(tableName=products, attributes=org.apache.xerces.parsers.AbstractSAXParser$AttributesProxy@11ca803) - start
23:05:16.753 [main] DEBUG org.dbunit.dataset.Columns - getColumns(columnNames=[], columns=[(sku_number, UNKNOWN, nullableUnknown), (name, UNKNOWN, nullableUnknown), (amount, UNKNOWN, nullableUnknown)]) - start
23:05:16.753 [main] DEBUG o.dbunit.dataset.OrderedTableNameMap - add(tableName=products, object=tableName=products, columns=[(sku_number, UNKNOWN, nullableUnknown), (name, UNKNOWN, nullableUnknown), (amount, UNKNOWN, nullableUnknown)], keys=[]) - start
23:05:16.753 [main] DEBUG o.dbunit.dataset.OrderedTableNameMap - getTableName(tableName=products) - start
23:05:16.755 [main] DEBUG o.dbunit.dataset.OrderedTableNameMap - getTableName(tableName=products) - end - result=PRODUCTS
23:05:16.755 [main] DEBUG o.dbunit.dataset.OrderedTableNameMap - getTableName(tableName=PRODUCTS) - start
23:05:16.755 [main] DEBUG o.dbunit.dataset.OrderedTableNameMap - getTableName(tableName=PRODUCTS) - end - result=PRODUCTS
23:05:16.755 [main] DEBUG org.dbunit.dataset.CachedDataSet - startTable(metaData=tableName=products, columns=[(sku_number, UNKNOWN, nullableUnknown), (name, UNKNOWN, nullableUnknown), (amount, UNKNOWN, nullableUnknown)], keys=[]) - start
23:05:16.756 [main] DEBUG o.dbunit.dataset.OrderedTableNameMap - getLastTableName() - start
23:05:16.756 [main] DEBUG o.dbunit.dataset.OrderedTableNameMap - getTableName(tableName=products) - start
23:05:16.756 [main] DEBUG o.dbunit.dataset.OrderedTableNameMap - getTableName(tableName=products) - end - result=PRODUCTS
23:05:16.756 [main] DEBUG o.d.dataset.AbstractTableMetaData - getColumnIndex(columnName=sku_number) - start
23:05:16.756 [main] DEBUG o.d.dataset.AbstractTableMetaData - getColumnIndex(columnName=name) - start
23:05:16.758 [main] DEBUG o.d.dataset.AbstractTableMetaData - getColumnIndex(columnName=amount) - start
23:05:16.758 [main] DEBUG o.dbunit.dataset.OrderedTableNameMap - getLastTableName() - start
23:05:16.758 [main] DEBUG o.dbunit.dataset.OrderedTableNameMap - getTableName(tableName=products) - start
23:05:16.758 [main] DEBUG o.dbunit.dataset.OrderedTableNameMap - getTableName(tableName=products) - end - result=PRODUCTS
23:05:16.758 [main] DEBUG org.dbunit.dataset.CachedDataSet - row(values=1) - start
23:05:16.758 [main] DEBUG org.dbunit.dataset.DefaultTable - addRow(values=1) - start
23:05:16.760 [main] DEBUG o.dbunit.dataset.xml.FlatXmlProducer - endElement(uri=, localName=, qName=products) - start
23:05:16.760 [main] DEBUG o.dbunit.dataset.xml.FlatXmlProducer - startElement(uri=, localName=, qName=products, attributes=org.apache.xerces.parsers.AbstractSAXParser$AttributesProxy@11ca803) - start
23:05:16.760 [main] DEBUG o.dbunit.dataset.OrderedTableNameMap - getLastTableName() - start
23:05:16.760 [main] DEBUG o.dbunit.dataset.OrderedTableNameMap - getTableName(tableName=products) - start
23:05:16.761 [main] DEBUG o.dbunit.dataset.OrderedTableNameMap - getTableName(tableName=products) - end - result=PRODUCTS
23:05:16.761 [main] DEBUG o.dbunit.dataset.OrderedTableNameMap - isLastTable(tableName=products) - start
23:05:16.762 [main] DEBUG o.dbunit.dataset.OrderedTableNameMap - getLastTableName() - start
23:05:16.762 [main] DEBUG o.dbunit.dataset.OrderedTableNameMap - getTableName(tableName=products) - start
23:05:16.762 [main] DEBUG o.dbunit.dataset.OrderedTableNameMap - getTableName(tableName=products) - end - result=PRODUCTS
23:05:16.763 [main] DEBUG o.dbunit.dataset.OrderedTableNameMap - getTableName(tableName=products) - start
23:05:16.763 [main] DEBUG o.dbunit.dataset.OrderedTableNameMap - getTableName(tableName=products) - end - result=PRODUCTS
23:05:16.763 [main] DEBUG o.dbunit.dataset.OrderedTableNameMap - getLastTableName() - start
23:05:16.763 [main] DEBUG o.dbunit.dataset.OrderedTableNameMap - getTableName(tableName=products) - start
23:05:16.763 [main] DEBUG o.dbunit.dataset.OrderedTableNameMap - getTableName(tableName=products) - end - result=PRODUCTS
23:05:16.765 [main] DEBUG o.d.dataset.AbstractTableMetaData - getColumnIndex(columnName=sku_number) - start
23:05:16.765 [main] DEBUG o.d.dataset.AbstractTableMetaData - getColumnIndex(columnName=name) - start
23:05:16.765 [main] DEBUG o.d.dataset.AbstractTableMetaData - getColumnIndex(columnName=amount) - start
23:05:16.765 [main] DEBUG o.dbunit.dataset.OrderedTableNameMap - getLastTableName() - start
23:05:16.765 [main] DEBUG o.dbunit.dataset.OrderedTableNameMap - getTableName(tableName=products) - start
23:05:16.766 [main] DEBUG o.dbunit.dataset.OrderedTableNameMap - getTableName(tableName=products) - end - result=PRODUCTS
23:05:16.766 [main] DEBUG org.dbunit.dataset.CachedDataSet - row(values=2) - start
23:05:16.766 [main] DEBUG org.dbunit.dataset.DefaultTable - addRow(values=2) - start
23:05:16.767 [main] DEBUG o.dbunit.dataset.xml.FlatXmlProducer - endElement(uri=, localName=, qName=products) - start
23:05:16.767 [main] DEBUG o.dbunit.dataset.xml.FlatXmlProducer - startElement(uri=, localName=, qName=products, attributes=org.apache.xerces.parsers.AbstractSAXParser$AttributesProxy@11ca803) - start
23:05:16.768 [main] DEBUG o.dbunit.dataset.OrderedTableNameMap - getLastTableName() - start
23:05:16.768 [main] DEBUG o.dbunit.dataset.OrderedTableNameMap - getTableName(tableName=products) - start
23:05:16.768 [main] DEBUG o.dbunit.dataset.OrderedTableNameMap - getTableName(tableName=products) - end - result=PRODUCTS
23:05:16.768 [main] DEBUG o.dbunit.dataset.OrderedTableNameMap - isLastTable(tableName=products) - start
23:05:16.768 [main] DEBUG o.dbunit.dataset.OrderedTableNameMap - getLastTableName() - start
23:05:16.769 [main] DEBUG o.dbunit.dataset.OrderedTableNameMap - getTableName(tableName=products) - start
23:05:16.770 [main] DEBUG o.dbunit.dataset.OrderedTableNameMap - getTableName(tableName=products) - end - result=PRODUCTS
23:05:16.770 [main] DEBUG o.dbunit.dataset.OrderedTableNameMap - getTableName(tableName=products) - start
23:05:16.770 [main] DEBUG o.dbunit.dataset.OrderedTableNameMap - getTableName(tableName=products) - end - result=PRODUCTS
23:05:16.770 [main] DEBUG o.dbunit.dataset.OrderedTableNameMap - getLastTableName() - start
23:05:16.772 [main] DEBUG o.dbunit.dataset.OrderedTableNameMap - getTableName(tableName=products) - start
23:05:16.772 [main] DEBUG o.dbunit.dataset.OrderedTableNameMap - getTableName(tableName=products) - end - result=PRODUCTS
23:05:16.772 [main] DEBUG o.d.dataset.AbstractTableMetaData - getColumnIndex(columnName=sku_number) - start
23:05:16.772 [main] DEBUG o.d.dataset.AbstractTableMetaData - getColumnIndex(columnName=name) - start
23:05:16.772 [main] DEBUG o.d.dataset.AbstractTableMetaData - getColumnIndex(columnName=amount) - start
23:05:16.773 [main] DEBUG o.dbunit.dataset.OrderedTableNameMap - getLastTableName() - start
23:05:16.773 [main] DEBUG o.dbunit.dataset.OrderedTableNameMap - getTableName(tableName=products) - start
23:05:16.773 [main] DEBUG o.dbunit.dataset.OrderedTableNameMap - getTableName(tableName=products) - end - result=PRODUCTS
23:05:16.773 [main] DEBUG org.dbunit.dataset.CachedDataSet - row(values=3) - start
23:05:16.773 [main] DEBUG org.dbunit.dataset.DefaultTable - addRow(values=3) - start
23:05:16.773 [main] DEBUG o.dbunit.dataset.xml.FlatXmlProducer - endElement(uri=, localName=, qName=products) - start
23:05:16.775 [main] DEBUG o.dbunit.dataset.xml.FlatXmlProducer - startElement(uri=, localName=, qName=products, attributes=org.apache.xerces.parsers.AbstractSAXParser$AttributesProxy@11ca803) - start
23:05:16.775 [main] DEBUG o.dbunit.dataset.OrderedTableNameMap - getLastTableName() - start
23:05:16.775 [main] DEBUG o.dbunit.dataset.OrderedTableNameMap - getTableName(tableName=products) - start
23:05:16.775 [main] DEBUG o.dbunit.dataset.OrderedTableNameMap - getTableName(tableName=products) - end - result=PRODUCTS
23:05:16.777 [main] DEBUG o.dbunit.dataset.OrderedTableNameMap - isLastTable(tableName=products) - start
23:05:16.777 [main] DEBUG o.dbunit.dataset.OrderedTableNameMap - getLastTableName() - start
23:05:16.777 [main] DEBUG o.dbunit.dataset.OrderedTableNameMap - getTableName(tableName=products) - start
23:05:16.777 [main] DEBUG o.dbunit.dataset.OrderedTableNameMap - getTableName(tableName=products) - end - result=PRODUCTS
23:05:16.777 [main] DEBUG o.dbunit.dataset.OrderedTableNameMap - getTableName(tableName=products) - start
23:05:16.778 [main] DEBUG o.dbunit.dataset.OrderedTableNameMap - getTableName(tableName=products) - end - result=PRODUCTS
23:05:16.779 [main] DEBUG o.dbunit.dataset.OrderedTableNameMap - getLastTableName() - start
23:05:16.779 [main] DEBUG o.dbunit.dataset.OrderedTableNameMap - getTableName(tableName=products) - start
23:05:16.779 [main] DEBUG o.dbunit.dataset.OrderedTableNameMap - getTableName(tableName=products) - end - result=PRODUCTS
23:05:16.779 [main] DEBUG o.d.dataset.AbstractTableMetaData - getColumnIndex(columnName=sku_number) - start
23:05:16.780 [main] DEBUG o.d.dataset.AbstractTableMetaData - getColumnIndex(columnName=name) - start
23:05:16.780 [main] DEBUG o.d.dataset.AbstractTableMetaData - getColumnIndex(columnName=amount) - start
23:05:16.781 [main] DEBUG o.dbunit.dataset.OrderedTableNameMap - getLastTableName() - start
23:05:16.781 [main] DEBUG o.dbunit.dataset.OrderedTableNameMap - getTableName(tableName=products) - start
23:05:16.781 [main] DEBUG o.dbunit.dataset.OrderedTableNameMap - getTableName(tableName=products) - end - result=PRODUCTS
23:05:16.782 [main] DEBUG org.dbunit.dataset.CachedDataSet - row(values=4) - start
23:05:16.782 [main] DEBUG org.dbunit.dataset.DefaultTable - addRow(values=4) - start
23:05:16.782 [main] DEBUG o.dbunit.dataset.xml.FlatXmlProducer - endElement(uri=, localName=, qName=products) - start
23:05:16.782 [main] DEBUG o.dbunit.dataset.xml.FlatXmlProducer - startElement(uri=, localName=, qName=orders, attributes=org.apache.xerces.parsers.AbstractSAXParser$AttributesProxy@11ca803) - start
23:05:16.782 [main] DEBUG o.dbunit.dataset.OrderedTableNameMap - getLastTableName() - start
23:05:16.783 [main] DEBUG o.dbunit.dataset.OrderedTableNameMap - getTableName(tableName=products) - start
23:05:16.783 [main] DEBUG o.dbunit.dataset.OrderedTableNameMap - getTableName(tableName=products) - end - result=PRODUCTS
23:05:16.783 [main] DEBUG o.dbunit.dataset.OrderedTableNameMap - isLastTable(tableName=orders) - start
23:05:16.783 [main] DEBUG o.dbunit.dataset.OrderedTableNameMap - getLastTableName() - start
23:05:16.783 [main] DEBUG o.dbunit.dataset.OrderedTableNameMap - getTableName(tableName=products) - start
23:05:16.785 [main] DEBUG o.dbunit.dataset.OrderedTableNameMap - getTableName(tableName=products) - end - result=PRODUCTS
23:05:16.785 [main] DEBUG o.dbunit.dataset.OrderedTableNameMap - getTableName(tableName=orders) - start
23:05:16.785 [main] DEBUG o.dbunit.dataset.OrderedTableNameMap - getTableName(tableName=orders) - end - result=ORDERS
23:05:16.785 [main] DEBUG org.dbunit.dataset.CachedDataSet - endTable() - start
23:05:16.785 [main] DEBUG o.dbunit.dataset.OrderedTableNameMap - getTableName(tableName=products) - start
23:05:16.787 [main] DEBUG o.dbunit.dataset.OrderedTableNameMap - getTableName(tableName=products) - end - result=PRODUCTS
23:05:16.787 [main] DEBUG o.dbunit.dataset.OrderedTableNameMap - add(tableName=products, object=org.dbunit.dataset.DefaultTable[_metaData=tableName=products, columns=[(sku_number, UNKNOWN, nullableUnknown), (name, UNKNOWN, nullableUnknown), (amount, UNKNOWN, nullableUnknown)], keys=[], _rowList.size()=4]) - start
23:05:16.787 [main] DEBUG o.dbunit.dataset.OrderedTableNameMap - getTableName(tableName=products) - start
23:05:16.788 [main] DEBUG o.dbunit.dataset.OrderedTableNameMap - getTableName(tableName=products) - end - result=PRODUCTS
23:05:16.789 [main] DEBUG o.dbunit.dataset.OrderedTableNameMap - getTableName(tableName=PRODUCTS) - start
23:05:16.789 [main] DEBUG o.dbunit.dataset.OrderedTableNameMap - getTableName(tableName=PRODUCTS) - end - result=PRODUCTS
23:05:16.789 [main] DEBUG o.dbunit.dataset.OrderedTableNameMap - getTableName(tableName=orders) - start
23:05:16.789 [main] DEBUG o.dbunit.dataset.OrderedTableNameMap - getTableName(tableName=orders) - end - result=ORDERS
23:05:16.790 [main] DEBUG o.dbunit.dataset.xml.FlatXmlProducer - createTableMetaData(tableName=orders, attributes=org.apache.xerces.parsers.AbstractSAXParser$AttributesProxy@11ca803) - start
23:05:16.790 [main] DEBUG org.dbunit.dataset.Columns - getColumns(columnNames=[], columns=[(order_number, UNKNOWN, nullableUnknown), (customer_id, UNKNOWN, nullableUnknown), (date, UNKNOWN, nullableUnknown), (amount, UNKNOWN, nullableUnknown), (order_status, UNKNOWN, nullableUnknown), (discount_status, UNKNOWN, nullableUnknown)]) - start
23:05:16.791 [main] DEBUG o.dbunit.dataset.OrderedTableNameMap - add(tableName=orders, object=tableName=orders, columns=[(order_number, UNKNOWN, nullableUnknown), (customer_id, UNKNOWN, nullableUnknown), (date, UNKNOWN, nullableUnknown), (amount, UNKNOWN, nullableUnknown), (order_status, UNKNOWN, nullableUnknown), (discount_status, UNKNOWN, nullableUnknown)], keys=[]) - start
23:05:16.792 [main] DEBUG o.dbunit.dataset.OrderedTableNameMap - getTableName(tableName=orders) - start
23:05:16.792 [main] DEBUG o.dbunit.dataset.OrderedTableNameMap - getTableName(tableName=orders) - end - result=ORDERS
23:05:16.793 [main] DEBUG o.dbunit.dataset.OrderedTableNameMap - getTableName(tableName=ORDERS) - start
23:05:16.793 [main] DEBUG o.dbunit.dataset.OrderedTableNameMap - getTableName(tableName=ORDERS) - end - result=ORDERS
23:05:16.793 [main] DEBUG org.dbunit.dataset.CachedDataSet - startTable(metaData=tableName=orders, columns=[(order_number, UNKNOWN, nullableUnknown), (customer_id, UNKNOWN, nullableUnknown), (date, UNKNOWN, nullableUnknown), (amount, UNKNOWN, nullableUnknown), (order_status, UNKNOWN, nullableUnknown), (discount_status, UNKNOWN, nullableUnknown)], keys=[]) - start
23:05:16.795 [main] DEBUG o.dbunit.dataset.OrderedTableNameMap - getLastTableName() - start
23:05:16.795 [main] DEBUG o.dbunit.dataset.OrderedTableNameMap - getTableName(tableName=orders) - start
23:05:16.795 [main] DEBUG o.dbunit.dataset.OrderedTableNameMap - getTableName(tableName=orders) - end - result=ORDERS
23:05:16.795 [main] DEBUG o.d.dataset.AbstractTableMetaData - getColumnIndex(columnName=order_number) - start
23:05:16.795 [main] DEBUG o.d.dataset.AbstractTableMetaData - getColumnIndex(columnName=customer_id) - start
23:05:16.796 [main] DEBUG o.d.dataset.AbstractTableMetaData - getColumnIndex(columnName=date) - start
23:05:16.796 [main] DEBUG o.d.dataset.AbstractTableMetaData - getColumnIndex(columnName=amount) - start
23:05:16.796 [main] DEBUG o.d.dataset.AbstractTableMetaData - getColumnIndex(columnName=order_status) - start
23:05:16.796 [main] DEBUG o.d.dataset.AbstractTableMetaData - getColumnIndex(columnName=discount_status) - start
23:05:16.796 [main] DEBUG o.dbunit.dataset.OrderedTableNameMap - getLastTableName() - start
23:05:16.798 [main] DEBUG o.dbunit.dataset.OrderedTableNameMap - getTableName(tableName=orders) - start
23:05:16.798 [main] DEBUG o.dbunit.dataset.OrderedTableNameMap - getTableName(tableName=orders) - end - result=ORDERS
23:05:16.798 [main] DEBUG org.dbunit.dataset.CachedDataSet - row(values=1) - start
23:05:16.798 [main] DEBUG org.dbunit.dataset.DefaultTable - addRow(values=1) - start
23:05:16.798 [main] DEBUG o.dbunit.dataset.xml.FlatXmlProducer - endElement(uri=, localName=, qName=orders) - start
23:05:16.798 [main] DEBUG o.dbunit.dataset.xml.FlatXmlProducer - startElement(uri=, localName=, qName=order_items, attributes=org.apache.xerces.parsers.AbstractSAXParser$AttributesProxy@11ca803) - start
23:05:16.799 [main] DEBUG o.dbunit.dataset.OrderedTableNameMap - getLastTableName() - start
23:05:16.799 [main] DEBUG o.dbunit.dataset.OrderedTableNameMap - getTableName(tableName=orders) - start
23:05:16.799 [main] DEBUG o.dbunit.dataset.OrderedTableNameMap - getTableName(tableName=orders) - end - result=ORDERS
23:05:16.799 [main] DEBUG o.dbunit.dataset.OrderedTableNameMap - isLastTable(tableName=order_items) - start
23:05:16.800 [main] DEBUG o.dbunit.dataset.OrderedTableNameMap - getLastTableName() - start
23:05:16.802 [main] DEBUG o.dbunit.dataset.OrderedTableNameMap - getTableName(tableName=orders) - start
23:05:16.803 [main] DEBUG o.dbunit.dataset.OrderedTableNameMap - getTableName(tableName=orders) - end - result=ORDERS
23:05:16.803 [main] DEBUG o.dbunit.dataset.OrderedTableNameMap - getTableName(tableName=order_items) - start
23:05:16.803 [main] DEBUG o.dbunit.dataset.OrderedTableNameMap - getTableName(tableName=order_items) - end - result=ORDER_ITEMS
23:05:16.803 [main] DEBUG org.dbunit.dataset.CachedDataSet - endTable() - start
23:05:16.804 [main] DEBUG o.dbunit.dataset.OrderedTableNameMap - getTableName(tableName=orders) - start
23:05:16.805 [main] DEBUG o.dbunit.dataset.OrderedTableNameMap - getTableName(tableName=orders) - end - result=ORDERS
23:05:16.805 [main] DEBUG o.dbunit.dataset.OrderedTableNameMap - add(tableName=orders, object=org.dbunit.dataset.DefaultTable[_metaData=tableName=orders, columns=[(order_number, UNKNOWN, nullableUnknown), (customer_id, UNKNOWN, nullableUnknown), (date, UNKNOWN, nullableUnknown), (amount, UNKNOWN, nullableUnknown), (order_status, UNKNOWN, nullableUnknown), (discount_status, UNKNOWN, nullableUnknown)], keys=[], _rowList.size()=1]) - start
23:05:16.807 [main] DEBUG o.dbunit.dataset.OrderedTableNameMap - getTableName(tableName=orders) - start
23:05:16.808 [main] DEBUG o.dbunit.dataset.OrderedTableNameMap - getTableName(tableName=orders) - end - result=ORDERS
23:05:16.809 [main] DEBUG o.dbunit.dataset.OrderedTableNameMap - getTableName(tableName=ORDERS) - start
23:05:16.809 [main] DEBUG o.dbunit.dataset.OrderedTableNameMap - getTableName(tableName=ORDERS) - end - result=ORDERS
23:05:16.809 [main] DEBUG o.dbunit.dataset.OrderedTableNameMap - getTableName(tableName=order_items) - start
23:05:16.907 [main] DEBUG o.dbunit.dataset.OrderedTableNameMap - getTableName(tableName=order_items) - end - result=ORDER_ITEMS
23:05:16.907 [main] DEBUG o.dbunit.dataset.xml.FlatXmlProducer - createTableMetaData(tableName=order_items, attributes=org.apache.xerces.parsers.AbstractSAXParser$AttributesProxy@11ca803) - start
23:05:16.907 [main] DEBUG org.dbunit.dataset.Columns - getColumns(columnNames=[], columns=[(id, UNKNOWN, nullableUnknown), (order_order_number, UNKNOWN, nullableUnknown), (product_sku_number, UNKNOWN, nullableUnknown), (quantity, UNKNOWN, nullableUnknown)]) - start
23:05:16.908 [main] DEBUG o.dbunit.dataset.OrderedTableNameMap - add(tableName=order_items, object=tableName=order_items, columns=[(id, UNKNOWN, nullableUnknown), (order_order_number, UNKNOWN, nullableUnknown), (product_sku_number, UNKNOWN, nullableUnknown), (quantity, UNKNOWN, nullableUnknown)], keys=[]) - start
23:05:16.908 [main] DEBUG o.dbunit.dataset.OrderedTableNameMap - getTableName(tableName=order_items) - start
23:05:16.908 [main] DEBUG o.dbunit.dataset.OrderedTableNameMap - getTableName(tableName=order_items) - end - result=ORDER_ITEMS
23:05:16.910 [main] DEBUG o.dbunit.dataset.OrderedTableNameMap - getTableName(tableName=ORDER_ITEMS) - start
23:05:16.910 [main] DEBUG o.dbunit.dataset.OrderedTableNameMap - getTableName(tableName=ORDER_ITEMS) - end - result=ORDER_ITEMS
23:05:16.910 [main] DEBUG org.dbunit.dataset.CachedDataSet - startTable(metaData=tableName=order_items, columns=[(id, UNKNOWN, nullableUnknown), (order_order_number, UNKNOWN, nullableUnknown), (product_sku_number, UNKNOWN, nullableUnknown), (quantity, UNKNOWN, nullableUnknown)], keys=[]) - start
23:05:16.911 [main] DEBUG o.dbunit.dataset.OrderedTableNameMap - getLastTableName() - start
23:05:16.911 [main] DEBUG o.dbunit.dataset.OrderedTableNameMap - getTableName(tableName=order_items) - start
23:05:16.911 [main] DEBUG o.dbunit.dataset.OrderedTableNameMap - getTableName(tableName=order_items) - end - result=ORDER_ITEMS
23:05:16.913 [main] DEBUG o.d.dataset.AbstractTableMetaData - getColumnIndex(columnName=id) - start
23:05:16.913 [main] DEBUG o.d.dataset.AbstractTableMetaData - getColumnIndex(columnName=order_order_number) - start
23:05:16.913 [main] DEBUG o.d.dataset.AbstractTableMetaData - getColumnIndex(columnName=product_sku_number) - start
23:05:16.913 [main] DEBUG o.d.dataset.AbstractTableMetaData - getColumnIndex(columnName=quantity) - start
23:05:16.913 [main] DEBUG o.dbunit.dataset.OrderedTableNameMap - getLastTableName() - start
23:05:16.913 [main] DEBUG o.dbunit.dataset.OrderedTableNameMap - getTableName(tableName=order_items) - start
23:05:16.913 [main] DEBUG o.dbunit.dataset.OrderedTableNameMap - getTableName(tableName=order_items) - end - result=ORDER_ITEMS
23:05:16.914 [main] DEBUG org.dbunit.dataset.CachedDataSet - row(values=1) - start
23:05:16.914 [main] DEBUG org.dbunit.dataset.DefaultTable - addRow(values=1) - start
23:05:16.914 [main] DEBUG o.dbunit.dataset.xml.FlatXmlProducer - endElement(uri=, localName=, qName=order_items) - start
23:05:16.915 [main] DEBUG o.dbunit.dataset.xml.FlatXmlProducer - startElement(uri=, localName=, qName=orders, attributes=org.apache.xerces.parsers.AbstractSAXParser$AttributesProxy@11ca803) - start
23:05:16.915 [main] DEBUG o.dbunit.dataset.OrderedTableNameMap - getLastTableName() - start
23:05:16.915 [main] DEBUG o.dbunit.dataset.OrderedTableNameMap - getTableName(tableName=order_items) - start
23:05:16.915 [main] DEBUG o.dbunit.dataset.OrderedTableNameMap - getTableName(tableName=order_items) - end - result=ORDER_ITEMS
23:05:16.917 [main] DEBUG o.dbunit.dataset.OrderedTableNameMap - isLastTable(tableName=orders) - start
23:05:16.917 [main] DEBUG o.dbunit.dataset.OrderedTableNameMap - getLastTableName() - start
23:05:16.917 [main] DEBUG o.dbunit.dataset.OrderedTableNameMap - getTableName(tableName=order_items) - start
23:05:16.917 [main] DEBUG o.dbunit.dataset.OrderedTableNameMap - getTableName(tableName=order_items) - end - result=ORDER_ITEMS
23:05:16.917 [main] DEBUG o.dbunit.dataset.OrderedTableNameMap - getTableName(tableName=orders) - start
23:05:16.919 [main] DEBUG o.dbunit.dataset.OrderedTableNameMap - getTableName(tableName=orders) - end - result=ORDERS
23:05:16.919 [main] DEBUG org.dbunit.dataset.CachedDataSet - endTable() - start
23:05:16.919 [main] DEBUG o.dbunit.dataset.OrderedTableNameMap - getTableName(tableName=order_items) - start
23:05:16.919 [main] DEBUG o.dbunit.dataset.OrderedTableNameMap - getTableName(tableName=order_items) - end - result=ORDER_ITEMS
23:05:16.919 [main] DEBUG o.dbunit.dataset.OrderedTableNameMap - add(tableName=order_items, object=org.dbunit.dataset.DefaultTable[_metaData=tableName=order_items, columns=[(id, UNKNOWN, nullableUnknown), (order_order_number, UNKNOWN, nullableUnknown), (product_sku_number, UNKNOWN, nullableUnknown), (quantity, UNKNOWN, nullableUnknown)], keys=[], _rowList.size()=1]) - start
23:05:16.920 [main] DEBUG o.dbunit.dataset.OrderedTableNameMap - getTableName(tableName=order_items) - start
23:05:16.920 [main] DEBUG o.dbunit.dataset.OrderedTableNameMap - getTableName(tableName=order_items) - end - result=ORDER_ITEMS
23:05:16.920 [main] DEBUG o.dbunit.dataset.OrderedTableNameMap - getTableName(tableName=ORDER_ITEMS) - start
23:05:16.921 [main] DEBUG o.dbunit.dataset.OrderedTableNameMap - getTableName(tableName=ORDER_ITEMS) - end - result=ORDER_ITEMS
23:05:16.921 [main] DEBUG o.dbunit.dataset.OrderedTableNameMap - getTableName(tableName=orders) - start
23:05:16.922 [main] DEBUG o.dbunit.dataset.OrderedTableNameMap - getTableName(tableName=orders) - end - result=ORDERS
23:05:16.922 [main] DEBUG o.dbunit.dataset.OrderedTableNameMap - getTableName(tableName=orders) - start
23:05:16.922 [main] DEBUG o.dbunit.dataset.OrderedTableNameMap - getTableName(tableName=orders) - end - result=ORDERS
23:05:16.922 [main] DEBUG o.dbunit.dataset.OrderedTableNameMap - setLastTable(nameorders) - start
23:05:16.922 [main] DEBUG o.dbunit.dataset.OrderedTableNameMap - getTableName(tableName=orders) - start
23:05:16.924 [main] DEBUG o.dbunit.dataset.OrderedTableNameMap - getTableName(tableName=orders) - end - result=ORDERS
23:05:16.924 [main] DEBUG org.dbunit.dataset.CachedDataSet - startTable(metaData=tableName=orders, columns=[(order_number, UNKNOWN, nullableUnknown), (customer_id, UNKNOWN, nullableUnknown), (date, UNKNOWN, nullableUnknown), (amount, UNKNOWN, nullableUnknown), (order_status, UNKNOWN, nullableUnknown), (discount_status, UNKNOWN, nullableUnknown)], keys=[]) - start
23:05:16.924 [main] DEBUG o.dbunit.dataset.OrderedTableNameMap - getLastTableName() - start
23:05:16.926 [main] DEBUG o.dbunit.dataset.OrderedTableNameMap - getTableName(tableName=orders) - start
23:05:16.926 [main] DEBUG o.dbunit.dataset.OrderedTableNameMap - getTableName(tableName=orders) - end - result=ORDERS
23:05:16.926 [main] DEBUG o.d.dataset.AbstractTableMetaData - getColumnIndex(columnName=order_number) - start
23:05:16.926 [main] DEBUG o.d.dataset.AbstractTableMetaData - getColumnIndex(columnName=customer_id) - start
23:05:16.926 [main] DEBUG o.d.dataset.AbstractTableMetaData - getColumnIndex(columnName=date) - start
23:05:16.927 [main] DEBUG o.d.dataset.AbstractTableMetaData - getColumnIndex(columnName=amount) - start
23:05:16.927 [main] DEBUG o.d.dataset.AbstractTableMetaData - getColumnIndex(columnName=order_status) - start
23:05:16.927 [main] DEBUG o.d.dataset.AbstractTableMetaData - getColumnIndex(columnName=discount_status) - start
23:05:16.928 [main] DEBUG o.dbunit.dataset.OrderedTableNameMap - getLastTableName() - start
23:05:16.928 [main] DEBUG o.dbunit.dataset.OrderedTableNameMap - getTableName(tableName=orders) - start
23:05:16.929 [main] DEBUG o.dbunit.dataset.OrderedTableNameMap - getTableName(tableName=orders) - end - result=ORDERS
23:05:16.929 [main] DEBUG org.dbunit.dataset.CachedDataSet - row(values=2) - start
23:05:16.929 [main] DEBUG org.dbunit.dataset.DefaultTable - addRow(values=2) - start
23:05:16.929 [main] DEBUG o.dbunit.dataset.xml.FlatXmlProducer - endElement(uri=, localName=, qName=orders) - start
23:05:16.929 [main] DEBUG o.dbunit.dataset.xml.FlatXmlProducer - startElement(uri=, localName=, qName=order_items, attributes=org.apache.xerces.parsers.AbstractSAXParser$AttributesProxy@11ca803) - start
23:05:16.930 [main] DEBUG o.dbunit.dataset.OrderedTableNameMap - getLastTableName() - start
23:05:16.930 [main] DEBUG o.dbunit.dataset.OrderedTableNameMap - getTableName(tableName=orders) - start
23:05:16.930 [main] DEBUG o.dbunit.dataset.OrderedTableNameMap - getTableName(tableName=orders) - end - result=ORDERS
23:05:16.930 [main] DEBUG o.dbunit.dataset.OrderedTableNameMap - isLastTable(tableName=order_items) - start
23:05:16.930 [main] DEBUG o.dbunit.dataset.OrderedTableNameMap - getLastTableName() - start
23:05:16.932 [main] DEBUG o.dbunit.dataset.OrderedTableNameMap - getTableName(tableName=orders) - start
23:05:16.932 [main] DEBUG o.dbunit.dataset.OrderedTableNameMap - getTableName(tableName=orders) - end - result=ORDERS
23:05:16.932 [main] DEBUG o.dbunit.dataset.OrderedTableNameMap - getTableName(tableName=order_items) - start
23:05:16.932 [main] DEBUG o.dbunit.dataset.OrderedTableNameMap - getTableName(tableName=order_items) - end - result=ORDER_ITEMS
23:05:16.932 [main] DEBUG org.dbunit.dataset.CachedDataSet - endTable() - start
23:05:16.934 [main] DEBUG o.dbunit.dataset.OrderedTableNameMap - getTableName(tableName=orders) - start
23:05:16.934 [main] DEBUG o.dbunit.dataset.OrderedTableNameMap - getTableName(tableName=orders) - end - result=ORDERS
23:05:16.934 [main] DEBUG o.dbunit.dataset.OrderedTableNameMap - getTableName(tableName=orders) - start
23:05:16.934 [main] DEBUG o.dbunit.dataset.OrderedTableNameMap - getTableName(tableName=orders) - end - result=ORDERS
23:05:16.934 [main] DEBUG org.dbunit.dataset.DefaultTable - addTableRows(table=org.dbunit.dataset.DefaultTable[_metaData=tableName=orders, columns=[(order_number, UNKNOWN, nullableUnknown), (customer_id, UNKNOWN, nullableUnknown), (date, UNKNOWN, nullableUnknown), (amount, UNKNOWN, nullableUnknown), (order_status, UNKNOWN, nullableUnknown), (discount_status, UNKNOWN, nullableUnknown)], keys=[], _rowList.size()=1]) - start
23:05:16.936 [main] DEBUG org.dbunit.dataset.DefaultTable - getValue(row=0, column=order_number) - start
23:05:16.936 [main] DEBUG org.dbunit.dataset.AbstractTable - assertValidRowIndex(row=0) - start
23:05:16.936 [main] DEBUG org.dbunit.dataset.AbstractTable - assertValidRowIndex(row=0, rowCount=1) - start
23:05:16.936 [main] DEBUG org.dbunit.dataset.AbstractTable - getColumnIndex(columnName=order_number) - start
23:05:16.936 [main] DEBUG o.d.dataset.AbstractTableMetaData - getColumnIndex(columnName=order_number) - start
23:05:16.938 [main] DEBUG org.dbunit.dataset.DefaultTable - getValue(row=0, column=customer_id) - start
23:05:16.938 [main] DEBUG org.dbunit.dataset.AbstractTable - assertValidRowIndex(row=0) - start
23:05:16.938 [main] DEBUG org.dbunit.dataset.AbstractTable - assertValidRowIndex(row=0, rowCount=1) - start
23:05:16.938 [main] DEBUG org.dbunit.dataset.AbstractTable - getColumnIndex(columnName=customer_id) - start
23:05:16.938 [main] DEBUG o.d.dataset.AbstractTableMetaData - getColumnIndex(columnName=customer_id) - start
23:05:16.940 [main] DEBUG org.dbunit.dataset.DefaultTable - getValue(row=0, column=date) - start
23:05:16.940 [main] DEBUG org.dbunit.dataset.AbstractTable - assertValidRowIndex(row=0) - start
23:05:16.940 [main] DEBUG org.dbunit.dataset.AbstractTable - assertValidRowIndex(row=0, rowCount=1) - start
23:05:16.940 [main] DEBUG org.dbunit.dataset.AbstractTable - getColumnIndex(columnName=date) - start
23:05:16.940 [main] DEBUG o.d.dataset.AbstractTableMetaData - getColumnIndex(columnName=date) - start
23:05:16.940 [main] DEBUG org.dbunit.dataset.DefaultTable - getValue(row=0, column=amount) - start
23:05:16.941 [main] DEBUG org.dbunit.dataset.AbstractTable - assertValidRowIndex(row=0) - start
23:05:16.941 [main] DEBUG org.dbunit.dataset.AbstractTable - assertValidRowIndex(row=0, rowCount=1) - start
23:05:16.941 [main] DEBUG org.dbunit.dataset.AbstractTable - getColumnIndex(columnName=amount) - start
23:05:16.942 [main] DEBUG o.d.dataset.AbstractTableMetaData - getColumnIndex(columnName=amount) - start
23:05:16.942 [main] DEBUG org.dbunit.dataset.DefaultTable - getValue(row=0, column=order_status) - start
23:05:16.944 [main] DEBUG org.dbunit.dataset.AbstractTable - assertValidRowIndex(row=0) - start
23:05:16.944 [main] DEBUG org.dbunit.dataset.AbstractTable - assertValidRowIndex(row=0, rowCount=1) - start
23:05:16.944 [main] DEBUG org.dbunit.dataset.AbstractTable - getColumnIndex(columnName=order_status) - start
23:05:16.944 [main] DEBUG o.d.dataset.AbstractTableMetaData - getColumnIndex(columnName=order_status) - start
23:05:16.944 [main] DEBUG org.dbunit.dataset.DefaultTable - getValue(row=0, column=discount_status) - start
23:05:16.946 [main] DEBUG org.dbunit.dataset.AbstractTable - assertValidRowIndex(row=0) - start
23:05:16.946 [main] DEBUG org.dbunit.dataset.AbstractTable - assertValidRowIndex(row=0, rowCount=1) - start
23:05:16.946 [main] DEBUG org.dbunit.dataset.AbstractTable - getColumnIndex(columnName=discount_status) - start
23:05:16.946 [main] DEBUG o.d.dataset.AbstractTableMetaData - getColumnIndex(columnName=discount_status) - start
23:05:16.946 [main] DEBUG org.dbunit.dataset.DefaultTable - getValue(row=1, column=order_number) - start
23:05:16.947 [main] DEBUG org.dbunit.dataset.AbstractTable - assertValidRowIndex(row=1) - start
23:05:16.947 [main] DEBUG org.dbunit.dataset.AbstractTable - assertValidRowIndex(row=1, rowCount=1) - start
23:05:16.948 [main] DEBUG o.dbunit.dataset.OrderedTableNameMap - getTableName(tableName=order_items) - start
23:05:16.948 [main] DEBUG o.dbunit.dataset.OrderedTableNameMap - getTableName(tableName=order_items) - end - result=ORDER_ITEMS
23:05:16.948 [main] DEBUG o.dbunit.dataset.OrderedTableNameMap - getTableName(tableName=order_items) - start
23:05:16.949 [main] DEBUG o.dbunit.dataset.OrderedTableNameMap - getTableName(tableName=order_items) - end - result=ORDER_ITEMS
23:05:16.949 [main] DEBUG o.dbunit.dataset.OrderedTableNameMap - setLastTable(nameorder_items) - start
23:05:16.949 [main] DEBUG o.dbunit.dataset.OrderedTableNameMap - getTableName(tableName=order_items) - start
23:05:16.949 [main] DEBUG o.dbunit.dataset.OrderedTableNameMap - getTableName(tableName=order_items) - end - result=ORDER_ITEMS
23:05:16.949 [main] DEBUG org.dbunit.dataset.CachedDataSet - startTable(metaData=tableName=order_items, columns=[(id, UNKNOWN, nullableUnknown), (order_order_number, UNKNOWN, nullableUnknown), (product_sku_number, UNKNOWN, nullableUnknown), (quantity, UNKNOWN, nullableUnknown)], keys=[]) - start
23:05:16.951 [main] DEBUG o.dbunit.dataset.OrderedTableNameMap - getLastTableName() - start
23:05:16.951 [main] DEBUG o.dbunit.dataset.OrderedTableNameMap - getTableName(tableName=order_items) - start
23:05:16.951 [main] DEBUG o.dbunit.dataset.OrderedTableNameMap - getTableName(tableName=order_items) - end - result=ORDER_ITEMS
23:05:16.951 [main] DEBUG o.d.dataset.AbstractTableMetaData - getColumnIndex(columnName=id) - start
23:05:16.951 [main] DEBUG o.d.dataset.AbstractTableMetaData - getColumnIndex(columnName=order_order_number) - start
23:05:16.952 [main] DEBUG o.d.dataset.AbstractTableMetaData - getColumnIndex(columnName=product_sku_number) - start
23:05:16.953 [main] DEBUG o.d.dataset.AbstractTableMetaData - getColumnIndex(columnName=quantity) - start
23:05:16.953 [main] DEBUG o.dbunit.dataset.OrderedTableNameMap - getLastTableName() - start
23:05:16.953 [main] DEBUG o.dbunit.dataset.OrderedTableNameMap - getTableName(tableName=order_items) - start
23:05:16.953 [main] DEBUG o.dbunit.dataset.OrderedTableNameMap - getTableName(tableName=order_items) - end - result=ORDER_ITEMS
23:05:16.955 [main] DEBUG org.dbunit.dataset.CachedDataSet - row(values=2) - start
23:05:16.955 [main] DEBUG org.dbunit.dataset.DefaultTable - addRow(values=2) - start
23:05:16.955 [main] DEBUG o.dbunit.dataset.xml.FlatXmlProducer - endElement(uri=, localName=, qName=order_items) - start
23:05:16.955 [main] DEBUG o.dbunit.dataset.xml.FlatXmlProducer - startElement(uri=, localName=, qName=order_items, attributes=org.apache.xerces.parsers.AbstractSAXParser$AttributesProxy@11ca803) - start
23:05:16.955 [main] DEBUG o.dbunit.dataset.OrderedTableNameMap - getLastTableName() - start
23:05:16.956 [main] DEBUG o.dbunit.dataset.OrderedTableNameMap - getTableName(tableName=order_items) - start
23:05:16.956 [main] DEBUG o.dbunit.dataset.OrderedTableNameMap - getTableName(tableName=order_items) - end - result=ORDER_ITEMS
23:05:16.956 [main] DEBUG o.dbunit.dataset.OrderedTableNameMap - isLastTable(tableName=order_items) - start
23:05:16.956 [main] DEBUG o.dbunit.dataset.OrderedTableNameMap - getLastTableName() - start
23:05:16.956 [main] DEBUG o.dbunit.dataset.OrderedTableNameMap - getTableName(tableName=order_items) - start
23:05:16.958 [main] DEBUG o.dbunit.dataset.OrderedTableNameMap - getTableName(tableName=order_items) - end - result=ORDER_ITEMS
23:05:16.958 [main] DEBUG o.dbunit.dataset.OrderedTableNameMap - getTableName(tableName=order_items) - start
23:05:16.958 [main] DEBUG o.dbunit.dataset.OrderedTableNameMap - getTableName(tableName=order_items) - end - result=ORDER_ITEMS
23:05:16.958 [main] DEBUG o.dbunit.dataset.OrderedTableNameMap - getLastTableName() - start
23:05:16.958 [main] DEBUG o.dbunit.dataset.OrderedTableNameMap - getTableName(tableName=order_items) - start
23:05:16.960 [main] DEBUG o.dbunit.dataset.OrderedTableNameMap - getTableName(tableName=order_items) - end - result=ORDER_ITEMS
23:05:16.960 [main] DEBUG o.d.dataset.AbstractTableMetaData - getColumnIndex(columnName=id) - start
23:05:16.960 [main] DEBUG o.d.dataset.AbstractTableMetaData - getColumnIndex(columnName=order_order_number) - start
23:05:16.960 [main] DEBUG o.d.dataset.AbstractTableMetaData - getColumnIndex(columnName=product_sku_number) - start
23:05:16.960 [main] DEBUG o.d.dataset.AbstractTableMetaData - getColumnIndex(columnName=quantity) - start
23:05:16.962 [main] DEBUG o.dbunit.dataset.OrderedTableNameMap - getLastTableName() - start
23:05:16.962 [main] DEBUG o.dbunit.dataset.OrderedTableNameMap - getTableName(tableName=order_items) - start
23:05:16.962 [main] DEBUG o.dbunit.dataset.OrderedTableNameMap - getTableName(tableName=order_items) - end - result=ORDER_ITEMS
23:05:16.962 [main] DEBUG org.dbunit.dataset.CachedDataSet - row(values=3) - start
23:05:16.962 [main] DEBUG org.dbunit.dataset.DefaultTable - addRow(values=3) - start
23:05:16.962 [main] DEBUG o.dbunit.dataset.xml.FlatXmlProducer - endElement(uri=, localName=, qName=order_items) - start
23:05:16.963 [main] DEBUG o.dbunit.dataset.xml.FlatXmlProducer - startElement(uri=, localName=, qName=orders, attributes=org.apache.xerces.parsers.AbstractSAXParser$AttributesProxy@11ca803) - start
23:05:16.964 [main] DEBUG o.dbunit.dataset.OrderedTableNameMap - getLastTableName() - start
23:05:16.964 [main] DEBUG o.dbunit.dataset.OrderedTableNameMap - getTableName(tableName=order_items) - start
23:05:16.964 [main] DEBUG o.dbunit.dataset.OrderedTableNameMap - getTableName(tableName=order_items) - end - result=ORDER_ITEMS
23:05:16.965 [main] DEBUG o.dbunit.dataset.OrderedTableNameMap - isLastTable(tableName=orders) - start
23:05:16.965 [main] DEBUG o.dbunit.dataset.OrderedTableNameMap - getLastTableName() - start
23:05:16.965 [main] DEBUG o.dbunit.dataset.OrderedTableNameMap - getTableName(tableName=order_items) - start
23:05:16.965 [main] DEBUG o.dbunit.dataset.OrderedTableNameMap - getTableName(tableName=order_items) - end - result=ORDER_ITEMS
23:05:16.966 [main] DEBUG o.dbunit.dataset.OrderedTableNameMap - getTableName(tableName=orders) - start
23:05:16.967 [main] DEBUG o.dbunit.dataset.OrderedTableNameMap - getTableName(tableName=orders) - end - result=ORDERS
23:05:16.967 [main] DEBUG org.dbunit.dataset.CachedDataSet - endTable() - start
23:05:16.967 [main] DEBUG o.dbunit.dataset.OrderedTableNameMap - getTableName(tableName=order_items) - start
23:05:16.967 [main] DEBUG o.dbunit.dataset.OrderedTableNameMap - getTableName(tableName=order_items) - end - result=ORDER_ITEMS
23:05:16.967 [main] DEBUG o.dbunit.dataset.OrderedTableNameMap - getTableName(tableName=order_items) - start
23:05:16.969 [main] DEBUG o.dbunit.dataset.OrderedTableNameMap - getTableName(tableName=order_items) - end - result=ORDER_ITEMS
23:05:16.969 [main] DEBUG org.dbunit.dataset.DefaultTable - addTableRows(table=org.dbunit.dataset.DefaultTable[_metaData=tableName=order_items, columns=[(id, UNKNOWN, nullableUnknown), (order_order_number, UNKNOWN, nullableUnknown), (product_sku_number, UNKNOWN, nullableUnknown), (quantity, UNKNOWN, nullableUnknown)], keys=[], _rowList.size()=2]) - start
23:05:16.969 [main] DEBUG org.dbunit.dataset.DefaultTable - getValue(row=0, column=id) - start
23:05:16.970 [main] DEBUG org.dbunit.dataset.AbstractTable - assertValidRowIndex(row=0) - start
23:05:16.970 [main] DEBUG org.dbunit.dataset.AbstractTable - assertValidRowIndex(row=0, rowCount=2) - start
23:05:16.970 [main] DEBUG org.dbunit.dataset.AbstractTable - getColumnIndex(columnName=id) - start
23:05:16.971 [main] DEBUG o.d.dataset.AbstractTableMetaData - getColumnIndex(columnName=id) - start
23:05:16.971 [main] DEBUG org.dbunit.dataset.DefaultTable - getValue(row=0, column=order_order_number) - start
23:05:16.972 [main] DEBUG org.dbunit.dataset.AbstractTable - assertValidRowIndex(row=0) - start
23:05:16.972 [main] DEBUG org.dbunit.dataset.AbstractTable - assertValidRowIndex(row=0, rowCount=2) - start
23:05:16.972 [main] DEBUG org.dbunit.dataset.AbstractTable - getColumnIndex(columnName=order_order_number) - start
23:05:16.972 [main] DEBUG o.d.dataset.AbstractTableMetaData - getColumnIndex(columnName=order_order_number) - start
23:05:16.972 [main] DEBUG org.dbunit.dataset.DefaultTable - getValue(row=0, column=product_sku_number) - start
23:05:16.973 [main] DEBUG org.dbunit.dataset.AbstractTable - assertValidRowIndex(row=0) - start
23:05:16.974 [main] DEBUG org.dbunit.dataset.AbstractTable - assertValidRowIndex(row=0, rowCount=2) - start
23:05:16.974 [main] DEBUG org.dbunit.dataset.AbstractTable - getColumnIndex(columnName=product_sku_number) - start
23:05:16.974 [main] DEBUG o.d.dataset.AbstractTableMetaData - getColumnIndex(columnName=product_sku_number) - start
23:05:16.974 [main] DEBUG org.dbunit.dataset.DefaultTable - getValue(row=0, column=quantity) - start
23:05:16.975 [main] DEBUG org.dbunit.dataset.AbstractTable - assertValidRowIndex(row=0) - start
23:05:16.975 [main] DEBUG org.dbunit.dataset.AbstractTable - assertValidRowIndex(row=0, rowCount=2) - start
23:05:16.975 [main] DEBUG org.dbunit.dataset.AbstractTable - getColumnIndex(columnName=quantity) - start
23:05:16.975 [main] DEBUG o.d.dataset.AbstractTableMetaData - getColumnIndex(columnName=quantity) - start
23:05:16.975 [main] DEBUG org.dbunit.dataset.DefaultTable - getValue(row=1, column=id) - start
23:05:16.976 [main] DEBUG org.dbunit.dataset.AbstractTable - assertValidRowIndex(row=1) - start
23:05:16.976 [main] DEBUG org.dbunit.dataset.AbstractTable - assertValidRowIndex(row=1, rowCount=2) - start
23:05:16.976 [main] DEBUG org.dbunit.dataset.AbstractTable - getColumnIndex(columnName=id) - start
23:05:16.977 [main] DEBUG o.d.dataset.AbstractTableMetaData - getColumnIndex(columnName=id) - start
23:05:16.977 [main] DEBUG org.dbunit.dataset.DefaultTable - getValue(row=1, column=order_order_number) - start
23:05:16.978 [main] DEBUG org.dbunit.dataset.AbstractTable - assertValidRowIndex(row=1) - start
23:05:16.978 [main] DEBUG org.dbunit.dataset.AbstractTable - assertValidRowIndex(row=1, rowCount=2) - start
23:05:16.978 [main] DEBUG org.dbunit.dataset.AbstractTable - getColumnIndex(columnName=order_order_number) - start
23:05:16.978 [main] DEBUG o.d.dataset.AbstractTableMetaData - getColumnIndex(columnName=order_order_number) - start
23:05:16.978 [main] DEBUG org.dbunit.dataset.DefaultTable - getValue(row=1, column=product_sku_number) - start
23:05:16.979 [main] DEBUG org.dbunit.dataset.AbstractTable - assertValidRowIndex(row=1) - start
23:05:16.980 [main] DEBUG org.dbunit.dataset.AbstractTable - assertValidRowIndex(row=1, rowCount=2) - start
23:05:16.980 [main] DEBUG org.dbunit.dataset.AbstractTable - getColumnIndex(columnName=product_sku_number) - start
23:05:16.980 [main] DEBUG o.d.dataset.AbstractTableMetaData - getColumnIndex(columnName=product_sku_number) - start
23:05:16.980 [main] DEBUG org.dbunit.dataset.DefaultTable - getValue(row=1, column=quantity) - start
23:05:16.981 [main] DEBUG org.dbunit.dataset.AbstractTable - assertValidRowIndex(row=1) - start
23:05:16.981 [main] DEBUG org.dbunit.dataset.AbstractTable - assertValidRowIndex(row=1, rowCount=2) - start
23:05:16.981 [main] DEBUG org.dbunit.dataset.AbstractTable - getColumnIndex(columnName=quantity) - start
23:05:16.982 [main] DEBUG o.d.dataset.AbstractTableMetaData - getColumnIndex(columnName=quantity) - start
23:05:16.982 [main] DEBUG org.dbunit.dataset.DefaultTable - getValue(row=2, column=id) - start
23:05:16.983 [main] DEBUG org.dbunit.dataset.AbstractTable - assertValidRowIndex(row=2) - start
23:05:16.983 [main] DEBUG org.dbunit.dataset.AbstractTable - assertValidRowIndex(row=2, rowCount=2) - start
23:05:16.983 [main] DEBUG o.dbunit.dataset.OrderedTableNameMap - getTableName(tableName=orders) - start
23:05:16.983 [main] DEBUG o.dbunit.dataset.OrderedTableNameMap - getTableName(tableName=orders) - end - result=ORDERS
23:05:16.983 [main] DEBUG o.dbunit.dataset.OrderedTableNameMap - getTableName(tableName=orders) - start
23:05:16.985 [main] DEBUG o.dbunit.dataset.OrderedTableNameMap - getTableName(tableName=orders) - end - result=ORDERS
23:05:16.985 [main] DEBUG o.dbunit.dataset.OrderedTableNameMap - setLastTable(nameorders) - start
23:05:16.985 [main] DEBUG o.dbunit.dataset.OrderedTableNameMap - getTableName(tableName=orders) - start
23:05:16.985 [main] DEBUG o.dbunit.dataset.OrderedTableNameMap - getTableName(tableName=orders) - end - result=ORDERS
23:05:16.985 [main] DEBUG org.dbunit.dataset.CachedDataSet - startTable(metaData=tableName=orders, columns=[(order_number, UNKNOWN, nullableUnknown), (customer_id, UNKNOWN, nullableUnknown), (date, UNKNOWN, nullableUnknown), (amount, UNKNOWN, nullableUnknown), (order_status, UNKNOWN, nullableUnknown), (discount_status, UNKNOWN, nullableUnknown)], keys=[]) - start
23:05:16.986 [main] DEBUG o.dbunit.dataset.OrderedTableNameMap - getLastTableName() - start
23:05:16.986 [main] DEBUG o.dbunit.dataset.OrderedTableNameMap - getTableName(tableName=orders) - start
23:05:16.986 [main] DEBUG o.dbunit.dataset.OrderedTableNameMap - getTableName(tableName=orders) - end - result=ORDERS
23:05:16.986 [main] DEBUG o.d.dataset.AbstractTableMetaData - getColumnIndex(columnName=order_number) - start
23:05:16.986 [main] DEBUG o.d.dataset.AbstractTableMetaData - getColumnIndex(columnName=customer_id) - start
23:05:16.988 [main] DEBUG o.d.dataset.AbstractTableMetaData - getColumnIndex(columnName=date) - start
23:05:16.988 [main] DEBUG o.d.dataset.AbstractTableMetaData - getColumnIndex(columnName=amount) - start
23:05:16.988 [main] DEBUG o.d.dataset.AbstractTableMetaData - getColumnIndex(columnName=order_status) - start
23:05:16.988 [main] DEBUG o.d.dataset.AbstractTableMetaData - getColumnIndex(columnName=discount_status) - start
23:05:16.988 [main] DEBUG o.dbunit.dataset.OrderedTableNameMap - getLastTableName() - start
23:05:16.990 [main] DEBUG o.dbunit.dataset.OrderedTableNameMap - getTableName(tableName=orders) - start
23:05:16.990 [main] DEBUG o.dbunit.dataset.OrderedTableNameMap - getTableName(tableName=orders) - end - result=ORDERS
23:05:16.990 [main] DEBUG org.dbunit.dataset.CachedDataSet - row(values=3) - start
23:05:16.990 [main] DEBUG org.dbunit.dataset.DefaultTable - addRow(values=3) - start
23:05:16.990 [main] DEBUG o.dbunit.dataset.xml.FlatXmlProducer - endElement(uri=, localName=, qName=orders) - start
23:05:16.990 [main] DEBUG o.dbunit.dataset.xml.FlatXmlProducer - startElement(uri=, localName=, qName=order_items, attributes=org.apache.xerces.parsers.AbstractSAXParser$AttributesProxy@11ca803) - start
23:05:16.991 [main] DEBUG o.dbunit.dataset.OrderedTableNameMap - getLastTableName() - start
23:05:16.991 [main] DEBUG o.dbunit.dataset.OrderedTableNameMap - getTableName(tableName=orders) - start
23:05:16.991 [main] DEBUG o.dbunit.dataset.OrderedTableNameMap - getTableName(tableName=orders) - end - result=ORDERS
23:05:16.991 [main] DEBUG o.dbunit.dataset.OrderedTableNameMap - isLastTable(tableName=order_items) - start
23:05:16.992 [main] DEBUG o.dbunit.dataset.OrderedTableNameMap - getLastTableName() - start
23:05:16.993 [main] DEBUG o.dbunit.dataset.OrderedTableNameMap - getTableName(tableName=orders) - start
23:05:16.993 [main] DEBUG o.dbunit.dataset.OrderedTableNameMap - getTableName(tableName=orders) - end - result=ORDERS
23:05:16.994 [main] DEBUG o.dbunit.dataset.OrderedTableNameMap - getTableName(tableName=order_items) - start
23:05:16.994 [main] DEBUG o.dbunit.dataset.OrderedTableNameMap - getTableName(tableName=order_items) - end - result=ORDER_ITEMS
23:05:16.994 [main] DEBUG org.dbunit.dataset.CachedDataSet - endTable() - start
23:05:16.995 [main] DEBUG o.dbunit.dataset.OrderedTableNameMap - getTableName(tableName=orders) - start
23:05:16.995 [main] DEBUG o.dbunit.dataset.OrderedTableNameMap - getTableName(tableName=orders) - end - result=ORDERS
23:05:16.995 [main] DEBUG o.dbunit.dataset.OrderedTableNameMap - getTableName(tableName=orders) - start
23:05:16.995 [main] DEBUG o.dbunit.dataset.OrderedTableNameMap - getTableName(tableName=orders) - end - result=ORDERS
23:05:16.996 [main] DEBUG org.dbunit.dataset.DefaultTable - addTableRows(table=org.dbunit.dataset.DefaultTable[_metaData=tableName=orders, columns=[(order_number, UNKNOWN, nullableUnknown), (customer_id, UNKNOWN, nullableUnknown), (date, UNKNOWN, nullableUnknown), (amount, UNKNOWN, nullableUnknown), (order_status, UNKNOWN, nullableUnknown), (discount_status, UNKNOWN, nullableUnknown)], keys=[], _rowList.size()=1]) - start
23:05:16.997 [main] DEBUG org.dbunit.dataset.DefaultTable - getValue(row=0, column=order_number) - start
23:05:16.997 [main] DEBUG org.dbunit.dataset.AbstractTable - assertValidRowIndex(row=0) - start
23:05:16.997 [main] DEBUG org.dbunit.dataset.AbstractTable - assertValidRowIndex(row=0, rowCount=1) - start
23:05:16.998 [main] DEBUG org.dbunit.dataset.AbstractTable - getColumnIndex(columnName=order_number) - start
23:05:16.998 [main] DEBUG o.d.dataset.AbstractTableMetaData - getColumnIndex(columnName=order_number) - start
23:05:16.999 [main] DEBUG org.dbunit.dataset.DefaultTable - getValue(row=0, column=customer_id) - start
23:05:16.999 [main] DEBUG org.dbunit.dataset.AbstractTable - assertValidRowIndex(row=0) - start
23:05:16.999 [main] DEBUG org.dbunit.dataset.AbstractTable - assertValidRowIndex(row=0, rowCount=1) - start
23:05:16.999 [main] DEBUG org.dbunit.dataset.AbstractTable - getColumnIndex(columnName=customer_id) - start
23:05:16.999 [main] DEBUG o.d.dataset.AbstractTableMetaData - getColumnIndex(columnName=customer_id) - start
23:05:17.002 [main] DEBUG org.dbunit.dataset.DefaultTable - getValue(row=0, column=date) - start
23:05:17.003 [main] DEBUG org.dbunit.dataset.AbstractTable - assertValidRowIndex(row=0) - start
23:05:17.004 [main] DEBUG org.dbunit.dataset.AbstractTable - assertValidRowIndex(row=0, rowCount=1) - start
23:05:17.004 [main] DEBUG org.dbunit.dataset.AbstractTable - getColumnIndex(columnName=date) - start
23:05:17.004 [main] DEBUG o.d.dataset.AbstractTableMetaData - getColumnIndex(columnName=date) - start
23:05:17.004 [main] DEBUG org.dbunit.dataset.DefaultTable - getValue(row=0, column=amount) - start
23:05:17.103 [main] DEBUG org.dbunit.dataset.AbstractTable - assertValidRowIndex(row=0) - start
23:05:17.103 [main] DEBUG org.dbunit.dataset.AbstractTable - assertValidRowIndex(row=0, rowCount=1) - start
23:05:17.103 [main] DEBUG org.dbunit.dataset.AbstractTable - getColumnIndex(columnName=amount) - start
23:05:17.103 [main] DEBUG o.d.dataset.AbstractTableMetaData - getColumnIndex(columnName=amount) - start
23:05:17.103 [main] DEBUG org.dbunit.dataset.DefaultTable - getValue(row=0, column=order_status) - start
23:05:17.104 [main] DEBUG org.dbunit.dataset.AbstractTable - assertValidRowIndex(row=0) - start
23:05:17.104 [main] DEBUG org.dbunit.dataset.AbstractTable - assertValidRowIndex(row=0, rowCount=1) - start
23:05:17.104 [main] DEBUG org.dbunit.dataset.AbstractTable - getColumnIndex(columnName=order_status) - start
23:05:17.105 [main] DEBUG o.d.dataset.AbstractTableMetaData - getColumnIndex(columnName=order_status) - start
23:05:17.105 [main] DEBUG org.dbunit.dataset.DefaultTable - getValue(row=0, column=discount_status) - start
23:05:17.106 [main] DEBUG org.dbunit.dataset.AbstractTable - assertValidRowIndex(row=0) - start
23:05:17.106 [main] DEBUG org.dbunit.dataset.AbstractTable - assertValidRowIndex(row=0, rowCount=1) - start
23:05:17.106 [main] DEBUG org.dbunit.dataset.AbstractTable - getColumnIndex(columnName=discount_status) - start
23:05:17.106 [main] DEBUG o.d.dataset.AbstractTableMetaData - getColumnIndex(columnName=discount_status) - start
23:05:17.106 [main] DEBUG org.dbunit.dataset.DefaultTable - getValue(row=1, column=order_number) - start
23:05:17.107 [main] DEBUG org.dbunit.dataset.AbstractTable - assertValidRowIndex(row=1) - start
23:05:17.108 [main] DEBUG org.dbunit.dataset.AbstractTable - assertValidRowIndex(row=1, rowCount=1) - start
23:05:17.108 [main] DEBUG o.dbunit.dataset.OrderedTableNameMap - getTableName(tableName=order_items) - start
23:05:17.108 [main] DEBUG o.dbunit.dataset.OrderedTableNameMap - getTableName(tableName=order_items) - end - result=ORDER_ITEMS
23:05:17.108 [main] DEBUG o.dbunit.dataset.OrderedTableNameMap - getTableName(tableName=order_items) - start
23:05:17.109 [main] DEBUG o.dbunit.dataset.OrderedTableNameMap - getTableName(tableName=order_items) - end - result=ORDER_ITEMS
23:05:17.109 [main] DEBUG o.dbunit.dataset.OrderedTableNameMap - setLastTable(nameorder_items) - start
23:05:17.109 [main] DEBUG o.dbunit.dataset.OrderedTableNameMap - getTableName(tableName=order_items) - start
23:05:17.109 [main] DEBUG o.dbunit.dataset.OrderedTableNameMap - getTableName(tableName=order_items) - end - result=ORDER_ITEMS
23:05:17.109 [main] DEBUG org.dbunit.dataset.CachedDataSet - startTable(metaData=tableName=order_items, columns=[(id, UNKNOWN, nullableUnknown), (order_order_number, UNKNOWN, nullableUnknown), (product_sku_number, UNKNOWN, nullableUnknown), (quantity, UNKNOWN, nullableUnknown)], keys=[]) - start
23:05:17.111 [main] DEBUG o.dbunit.dataset.OrderedTableNameMap - getLastTableName() - start
23:05:17.111 [main] DEBUG o.dbunit.dataset.OrderedTableNameMap - getTableName(tableName=order_items) - start
23:05:17.111 [main] DEBUG o.dbunit.dataset.OrderedTableNameMap - getTableName(tableName=order_items) - end - result=ORDER_ITEMS
23:05:17.111 [main] DEBUG o.d.dataset.AbstractTableMetaData - getColumnIndex(columnName=id) - start
23:05:17.111 [main] DEBUG o.d.dataset.AbstractTableMetaData - getColumnIndex(columnName=order_order_number) - start
23:05:17.113 [main] DEBUG o.d.dataset.AbstractTableMetaData - getColumnIndex(columnName=product_sku_number) - start
23:05:17.113 [main] DEBUG o.d.dataset.AbstractTableMetaData - getColumnIndex(columnName=quantity) - start
23:05:17.113 [main] DEBUG o.dbunit.dataset.OrderedTableNameMap - getLastTableName() - start
23:05:17.113 [main] DEBUG o.dbunit.dataset.OrderedTableNameMap - getTableName(tableName=order_items) - start
23:05:17.113 [main] DEBUG o.dbunit.dataset.OrderedTableNameMap - getTableName(tableName=order_items) - end - result=ORDER_ITEMS
23:05:17.115 [main] DEBUG org.dbunit.dataset.CachedDataSet - row(values=4) - start
23:05:17.115 [main] DEBUG org.dbunit.dataset.DefaultTable - addRow(values=4) - start
23:05:17.115 [main] DEBUG o.dbunit.dataset.xml.FlatXmlProducer - endElement(uri=, localName=, qName=order_items) - start
23:05:17.115 [main] DEBUG o.dbunit.dataset.xml.FlatXmlProducer - startElement(uri=, localName=, qName=orders, attributes=org.apache.xerces.parsers.AbstractSAXParser$AttributesProxy@11ca803) - start
23:05:17.115 [main] DEBUG o.dbunit.dataset.OrderedTableNameMap - getLastTableName() - start
23:05:17.116 [main] DEBUG o.dbunit.dataset.OrderedTableNameMap - getTableName(tableName=order_items) - start
23:05:17.116 [main] DEBUG o.dbunit.dataset.OrderedTableNameMap - getTableName(tableName=order_items) - end - result=ORDER_ITEMS
23:05:17.117 [main] DEBUG o.dbunit.dataset.OrderedTableNameMap - isLastTable(tableName=orders) - start
23:05:17.117 [main] DEBUG o.dbunit.dataset.OrderedTableNameMap - getLastTableName() - start
23:05:17.117 [main] DEBUG o.dbunit.dataset.OrderedTableNameMap - getTableName(tableName=order_items) - start
23:05:17.118 [main] DEBUG o.dbunit.dataset.OrderedTableNameMap - getTableName(tableName=order_items) - end - result=ORDER_ITEMS
23:05:17.118 [main] DEBUG o.dbunit.dataset.OrderedTableNameMap - getTableName(tableName=orders) - start
23:05:17.118 [main] DEBUG o.dbunit.dataset.OrderedTableNameMap - getTableName(tableName=orders) - end - result=ORDERS
23:05:17.118 [main] DEBUG org.dbunit.dataset.CachedDataSet - endTable() - start
23:05:17.118 [main] DEBUG o.dbunit.dataset.OrderedTableNameMap - getTableName(tableName=order_items) - start
23:05:17.120 [main] DEBUG o.dbunit.dataset.OrderedTableNameMap - getTableName(tableName=order_items) - end - result=ORDER_ITEMS
23:05:17.120 [main] DEBUG o.dbunit.dataset.OrderedTableNameMap - getTableName(tableName=order_items) - start
23:05:17.120 [main] DEBUG o.dbunit.dataset.OrderedTableNameMap - getTableName(tableName=order_items) - end - result=ORDER_ITEMS
23:05:17.120 [main] DEBUG org.dbunit.dataset.DefaultTable - addTableRows(table=org.dbunit.dataset.DefaultTable[_metaData=tableName=order_items, columns=[(id, UNKNOWN, nullableUnknown), (order_order_number, UNKNOWN, nullableUnknown), (product_sku_number, UNKNOWN, nullableUnknown), (quantity, UNKNOWN, nullableUnknown)], keys=[], _rowList.size()=1]) - start
23:05:17.122 [main] DEBUG org.dbunit.dataset.DefaultTable - getValue(row=0, column=id) - start
23:05:17.122 [main] DEBUG org.dbunit.dataset.AbstractTable - assertValidRowIndex(row=0) - start
23:05:17.122 [main] DEBUG org.dbunit.dataset.AbstractTable - assertValidRowIndex(row=0, rowCount=1) - start
23:05:17.122 [main] DEBUG org.dbunit.dataset.AbstractTable - getColumnIndex(columnName=id) - start
23:05:17.122 [main] DEBUG o.d.dataset.AbstractTableMetaData - getColumnIndex(columnName=id) - start
23:05:17.122 [main] DEBUG org.dbunit.dataset.DefaultTable - getValue(row=0, column=order_order_number) - start
23:05:17.123 [main] DEBUG org.dbunit.dataset.AbstractTable - assertValidRowIndex(row=0) - start
23:05:17.123 [main] DEBUG org.dbunit.dataset.AbstractTable - assertValidRowIndex(row=0, rowCount=1) - start
23:05:17.123 [main] DEBUG org.dbunit.dataset.AbstractTable - getColumnIndex(columnName=order_order_number) - start
23:05:17.123 [main] DEBUG o.d.dataset.AbstractTableMetaData - getColumnIndex(columnName=order_order_number) - start
23:05:17.123 [main] DEBUG org.dbunit.dataset.DefaultTable - getValue(row=0, column=product_sku_number) - start
23:05:17.125 [main] DEBUG org.dbunit.dataset.AbstractTable - assertValidRowIndex(row=0) - start
23:05:17.125 [main] DEBUG org.dbunit.dataset.AbstractTable - assertValidRowIndex(row=0, rowCount=1) - start
23:05:17.125 [main] DEBUG org.dbunit.dataset.AbstractTable - getColumnIndex(columnName=product_sku_number) - start
23:05:17.126 [main] DEBUG o.d.dataset.AbstractTableMetaData - getColumnIndex(columnName=product_sku_number) - start
23:05:17.126 [main] DEBUG org.dbunit.dataset.DefaultTable - getValue(row=0, column=quantity) - start
23:05:17.127 [main] DEBUG org.dbunit.dataset.AbstractTable - assertValidRowIndex(row=0) - start
23:05:17.128 [main] DEBUG org.dbunit.dataset.AbstractTable - assertValidRowIndex(row=0, rowCount=1) - start
23:05:17.128 [main] DEBUG org.dbunit.dataset.AbstractTable - getColumnIndex(columnName=quantity) - start
23:05:17.128 [main] DEBUG o.d.dataset.AbstractTableMetaData - getColumnIndex(columnName=quantity) - start
23:05:17.128 [main] DEBUG org.dbunit.dataset.DefaultTable - getValue(row=1, column=id) - start
23:05:17.129 [main] DEBUG org.dbunit.dataset.AbstractTable - assertValidRowIndex(row=1) - start
23:05:17.129 [main] DEBUG org.dbunit.dataset.AbstractTable - assertValidRowIndex(row=1, rowCount=1) - start
23:05:17.129 [main] DEBUG o.dbunit.dataset.OrderedTableNameMap - getTableName(tableName=orders) - start
23:05:17.129 [main] DEBUG o.dbunit.dataset.OrderedTableNameMap - getTableName(tableName=orders) - end - result=ORDERS
23:05:17.129 [main] DEBUG o.dbunit.dataset.OrderedTableNameMap - getTableName(tableName=orders) - start
23:05:17.130 [main] DEBUG o.dbunit.dataset.OrderedTableNameMap - getTableName(tableName=orders) - end - result=ORDERS
23:05:17.130 [main] DEBUG o.dbunit.dataset.OrderedTableNameMap - setLastTable(nameorders) - start
23:05:17.130 [main] DEBUG o.dbunit.dataset.OrderedTableNameMap - getTableName(tableName=orders) - start
23:05:17.130 [main] DEBUG o.dbunit.dataset.OrderedTableNameMap - getTableName(tableName=orders) - end - result=ORDERS
23:05:17.130 [main] DEBUG org.dbunit.dataset.CachedDataSet - startTable(metaData=tableName=orders, columns=[(order_number, UNKNOWN, nullableUnknown), (customer_id, UNKNOWN, nullableUnknown), (date, UNKNOWN, nullableUnknown), (amount, UNKNOWN, nullableUnknown), (order_status, UNKNOWN, nullableUnknown), (discount_status, UNKNOWN, nullableUnknown)], keys=[]) - start
23:05:17.132 [main] DEBUG o.dbunit.dataset.OrderedTableNameMap - getLastTableName() - start
23:05:17.132 [main] DEBUG o.dbunit.dataset.OrderedTableNameMap - getTableName(tableName=orders) - start
23:05:17.132 [main] DEBUG o.dbunit.dataset.OrderedTableNameMap - getTableName(tableName=orders) - end - result=ORDERS
23:05:17.132 [main] DEBUG o.d.dataset.AbstractTableMetaData - getColumnIndex(columnName=order_number) - start
23:05:17.132 [main] DEBUG o.d.dataset.AbstractTableMetaData - getColumnIndex(columnName=customer_id) - start
23:05:17.134 [main] DEBUG o.d.dataset.AbstractTableMetaData - getColumnIndex(columnName=date) - start
23:05:17.134 [main] DEBUG o.d.dataset.AbstractTableMetaData - getColumnIndex(columnName=amount) - start
23:05:17.134 [main] DEBUG o.d.dataset.AbstractTableMetaData - getColumnIndex(columnName=order_status) - start
23:05:17.134 [main] DEBUG o.d.dataset.AbstractTableMetaData - getColumnIndex(columnName=discount_status) - start
23:05:17.134 [main] DEBUG o.dbunit.dataset.OrderedTableNameMap - getLastTableName() - start
23:05:17.136 [main] DEBUG o.dbunit.dataset.OrderedTableNameMap - getTableName(tableName=orders) - start
23:05:17.136 [main] DEBUG o.dbunit.dataset.OrderedTableNameMap - getTableName(tableName=orders) - end - result=ORDERS
23:05:17.136 [main] DEBUG org.dbunit.dataset.CachedDataSet - row(values=4) - start
23:05:17.136 [main] DEBUG org.dbunit.dataset.DefaultTable - addRow(values=4) - start
23:05:17.136 [main] DEBUG o.dbunit.dataset.xml.FlatXmlProducer - endElement(uri=, localName=, qName=orders) - start
23:05:17.136 [main] DEBUG o.dbunit.dataset.xml.FlatXmlProducer - startElement(uri=, localName=, qName=order_items, attributes=org.apache.xerces.parsers.AbstractSAXParser$AttributesProxy@11ca803) - start
23:05:17.138 [main] DEBUG o.dbunit.dataset.OrderedTableNameMap - getLastTableName() - start
23:05:17.138 [main] DEBUG o.dbunit.dataset.OrderedTableNameMap - getTableName(tableName=orders) - start
23:05:17.138 [main] DEBUG o.dbunit.dataset.OrderedTableNameMap - getTableName(tableName=orders) - end - result=ORDERS
23:05:17.138 [main] DEBUG o.dbunit.dataset.OrderedTableNameMap - isLastTable(tableName=order_items) - start
23:05:17.138 [main] DEBUG o.dbunit.dataset.OrderedTableNameMap - getLastTableName() - start
23:05:17.139 [main] DEBUG o.dbunit.dataset.OrderedTableNameMap - getTableName(tableName=orders) - start
23:05:17.140 [main] DEBUG o.dbunit.dataset.OrderedTableNameMap - getTableName(tableName=orders) - end - result=ORDERS
23:05:17.140 [main] DEBUG o.dbunit.dataset.OrderedTableNameMap - getTableName(tableName=order_items) - start
23:05:17.140 [main] DEBUG o.dbunit.dataset.OrderedTableNameMap - getTableName(tableName=order_items) - end - result=ORDER_ITEMS
23:05:17.140 [main] DEBUG org.dbunit.dataset.CachedDataSet - endTable() - start
23:05:17.141 [main] DEBUG o.dbunit.dataset.OrderedTableNameMap - getTableName(tableName=orders) - start
23:05:17.141 [main] DEBUG o.dbunit.dataset.OrderedTableNameMap - getTableName(tableName=orders) - end - result=ORDERS
23:05:17.141 [main] DEBUG o.dbunit.dataset.OrderedTableNameMap - getTableName(tableName=orders) - start
23:05:17.141 [main] DEBUG o.dbunit.dataset.OrderedTableNameMap - getTableName(tableName=orders) - end - result=ORDERS
23:05:17.141 [main] DEBUG org.dbunit.dataset.DefaultTable - addTableRows(table=org.dbunit.dataset.DefaultTable[_metaData=tableName=orders, columns=[(order_number, UNKNOWN, nullableUnknown), (customer_id, UNKNOWN, nullableUnknown), (date, UNKNOWN, nullableUnknown), (amount, UNKNOWN, nullableUnknown), (order_status, UNKNOWN, nullableUnknown), (discount_status, UNKNOWN, nullableUnknown)], keys=[], _rowList.size()=1]) - start
23:05:17.143 [main] DEBUG org.dbunit.dataset.DefaultTable - getValue(row=0, column=order_number) - start
23:05:17.143 [main] DEBUG org.dbunit.dataset.AbstractTable - assertValidRowIndex(row=0) - start
23:05:17.143 [main] DEBUG org.dbunit.dataset.AbstractTable - assertValidRowIndex(row=0, rowCount=1) - start
23:05:17.143 [main] DEBUG org.dbunit.dataset.AbstractTable - getColumnIndex(columnName=order_number) - start
23:05:17.143 [main] DEBUG o.d.dataset.AbstractTableMetaData - getColumnIndex(columnName=order_number) - start
23:05:17.145 [main] DEBUG org.dbunit.dataset.DefaultTable - getValue(row=0, column=customer_id) - start
23:05:17.145 [main] DEBUG org.dbunit.dataset.AbstractTable - assertValidRowIndex(row=0) - start
23:05:17.145 [main] DEBUG org.dbunit.dataset.AbstractTable - assertValidRowIndex(row=0, rowCount=1) - start
23:05:17.145 [main] DEBUG org.dbunit.dataset.AbstractTable - getColumnIndex(columnName=customer_id) - start
23:05:17.145 [main] DEBUG o.d.dataset.AbstractTableMetaData - getColumnIndex(columnName=customer_id) - start
23:05:17.147 [main] DEBUG org.dbunit.dataset.DefaultTable - getValue(row=0, column=date) - start
23:05:17.147 [main] DEBUG org.dbunit.dataset.AbstractTable - assertValidRowIndex(row=0) - start
23:05:17.147 [main] DEBUG org.dbunit.dataset.AbstractTable - assertValidRowIndex(row=0, rowCount=1) - start
23:05:17.147 [main] DEBUG org.dbunit.dataset.AbstractTable - getColumnIndex(columnName=date) - start
23:05:17.147 [main] DEBUG o.d.dataset.AbstractTableMetaData - getColumnIndex(columnName=date) - start
23:05:17.147 [main] DEBUG org.dbunit.dataset.DefaultTable - getValue(row=0, column=amount) - start
23:05:17.149 [main] DEBUG org.dbunit.dataset.AbstractTable - assertValidRowIndex(row=0) - start
23:05:17.149 [main] DEBUG org.dbunit.dataset.AbstractTable - assertValidRowIndex(row=0, rowCount=1) - start
23:05:17.149 [main] DEBUG org.dbunit.dataset.AbstractTable - getColumnIndex(columnName=amount) - start
23:05:17.149 [main] DEBUG o.d.dataset.AbstractTableMetaData - getColumnIndex(columnName=amount) - start
23:05:17.149 [main] DEBUG org.dbunit.dataset.DefaultTable - getValue(row=0, column=order_status) - start
23:05:17.150 [main] DEBUG org.dbunit.dataset.AbstractTable - assertValidRowIndex(row=0) - start
23:05:17.150 [main] DEBUG org.dbunit.dataset.AbstractTable - assertValidRowIndex(row=0, rowCount=1) - start
23:05:17.150 [main] DEBUG org.dbunit.dataset.AbstractTable - getColumnIndex(columnName=order_status) - start
23:05:17.150 [main] DEBUG o.d.dataset.AbstractTableMetaData - getColumnIndex(columnName=order_status) - start
23:05:17.150 [main] DEBUG org.dbunit.dataset.DefaultTable - getValue(row=0, column=discount_status) - start
23:05:17.152 [main] DEBUG org.dbunit.dataset.AbstractTable - assertValidRowIndex(row=0) - start
23:05:17.152 [main] DEBUG org.dbunit.dataset.AbstractTable - assertValidRowIndex(row=0, rowCount=1) - start
23:05:17.152 [main] DEBUG org.dbunit.dataset.AbstractTable - getColumnIndex(columnName=discount_status) - start
23:05:17.153 [main] DEBUG o.d.dataset.AbstractTableMetaData - getColumnIndex(columnName=discount_status) - start
23:05:17.153 [main] DEBUG org.dbunit.dataset.DefaultTable - getValue(row=1, column=order_number) - start
23:05:17.154 [main] DEBUG org.dbunit.dataset.AbstractTable - assertValidRowIndex(row=1) - start
23:05:17.154 [main] DEBUG org.dbunit.dataset.AbstractTable - assertValidRowIndex(row=1, rowCount=1) - start
23:05:17.154 [main] DEBUG o.dbunit.dataset.OrderedTableNameMap - getTableName(tableName=order_items) - start
23:05:17.154 [main] DEBUG o.dbunit.dataset.OrderedTableNameMap - getTableName(tableName=order_items) - end - result=ORDER_ITEMS
23:05:17.154 [main] DEBUG o.dbunit.dataset.OrderedTableNameMap - getTableName(tableName=order_items) - start
23:05:17.155 [main] DEBUG o.dbunit.dataset.OrderedTableNameMap - getTableName(tableName=order_items) - end - result=ORDER_ITEMS
23:05:17.155 [main] DEBUG o.dbunit.dataset.OrderedTableNameMap - setLastTable(nameorder_items) - start
23:05:17.155 [main] DEBUG o.dbunit.dataset.OrderedTableNameMap - getTableName(tableName=order_items) - start
23:05:17.156 [main] DEBUG o.dbunit.dataset.OrderedTableNameMap - getTableName(tableName=order_items) - end - result=ORDER_ITEMS
23:05:17.156 [main] DEBUG org.dbunit.dataset.CachedDataSet - startTable(metaData=tableName=order_items, columns=[(id, UNKNOWN, nullableUnknown), (order_order_number, UNKNOWN, nullableUnknown), (product_sku_number, UNKNOWN, nullableUnknown), (quantity, UNKNOWN, nullableUnknown)], keys=[]) - start
23:05:17.157 [main] DEBUG o.dbunit.dataset.OrderedTableNameMap - getLastTableName() - start
23:05:17.157 [main] DEBUG o.dbunit.dataset.OrderedTableNameMap - getTableName(tableName=order_items) - start
23:05:17.157 [main] DEBUG o.dbunit.dataset.OrderedTableNameMap - getTableName(tableName=order_items) - end - result=ORDER_ITEMS
23:05:17.157 [main] DEBUG o.d.dataset.AbstractTableMetaData - getColumnIndex(columnName=id) - start
23:05:17.157 [main] DEBUG o.d.dataset.AbstractTableMetaData - getColumnIndex(columnName=order_order_number) - start
23:05:17.159 [main] DEBUG o.d.dataset.AbstractTableMetaData - getColumnIndex(columnName=product_sku_number) - start
23:05:17.159 [main] DEBUG o.d.dataset.AbstractTableMetaData - getColumnIndex(columnName=quantity) - start
23:05:17.159 [main] DEBUG o.dbunit.dataset.OrderedTableNameMap - getLastTableName() - start
23:05:17.159 [main] DEBUG o.dbunit.dataset.OrderedTableNameMap - getTableName(tableName=order_items) - start
23:05:17.159 [main] DEBUG o.dbunit.dataset.OrderedTableNameMap - getTableName(tableName=order_items) - end - result=ORDER_ITEMS
23:05:17.161 [main] DEBUG org.dbunit.dataset.CachedDataSet - row(values=5) - start
23:05:17.161 [main] DEBUG org.dbunit.dataset.DefaultTable - addRow(values=5) - start
23:05:17.161 [main] DEBUG o.dbunit.dataset.xml.FlatXmlProducer - endElement(uri=, localName=, qName=order_items) - start
23:05:17.164 [main] DEBUG o.dbunit.dataset.xml.FlatXmlProducer - startElement(uri=, localName=, qName=orders, attributes=org.apache.xerces.parsers.AbstractSAXParser$AttributesProxy@11ca803) - start
23:05:17.164 [main] DEBUG o.dbunit.dataset.OrderedTableNameMap - getLastTableName() - start
23:05:17.164 [main] DEBUG o.dbunit.dataset.OrderedTableNameMap - getTableName(tableName=order_items) - start
23:05:17.164 [main] DEBUG o.dbunit.dataset.OrderedTableNameMap - getTableName(tableName=order_items) - end - result=ORDER_ITEMS
23:05:17.264 [main] DEBUG o.dbunit.dataset.OrderedTableNameMap - isLastTable(tableName=orders) - start
23:05:17.264 [main] DEBUG o.dbunit.dataset.OrderedTableNameMap - getLastTableName() - start
23:05:17.264 [main] DEBUG o.dbunit.dataset.OrderedTableNameMap - getTableName(tableName=order_items) - start
23:05:17.264 [main] DEBUG o.dbunit.dataset.OrderedTableNameMap - getTableName(tableName=order_items) - end - result=ORDER_ITEMS
23:05:17.264 [main] DEBUG o.dbunit.dataset.OrderedTableNameMap - getTableName(tableName=orders) - start
23:05:17.265 [main] DEBUG o.dbunit.dataset.OrderedTableNameMap - getTableName(tableName=orders) - end - result=ORDERS
23:05:17.265 [main] DEBUG org.dbunit.dataset.CachedDataSet - endTable() - start
23:05:17.265 [main] DEBUG o.dbunit.dataset.OrderedTableNameMap - getTableName(tableName=order_items) - start
23:05:17.265 [main] DEBUG o.dbunit.dataset.OrderedTableNameMap - getTableName(tableName=order_items) - end - result=ORDER_ITEMS
23:05:17.265 [main] DEBUG o.dbunit.dataset.OrderedTableNameMap - getTableName(tableName=order_items) - start
23:05:17.267 [main] DEBUG o.dbunit.dataset.OrderedTableNameMap - getTableName(tableName=order_items) - end - result=ORDER_ITEMS
23:05:17.267 [main] DEBUG org.dbunit.dataset.DefaultTable - addTableRows(table=org.dbunit.dataset.DefaultTable[_metaData=tableName=order_items, columns=[(id, UNKNOWN, nullableUnknown), (order_order_number, UNKNOWN, nullableUnknown), (product_sku_number, UNKNOWN, nullableUnknown), (quantity, UNKNOWN, nullableUnknown)], keys=[], _rowList.size()=1]) - start
23:05:17.267 [main] DEBUG org.dbunit.dataset.DefaultTable - getValue(row=0, column=id) - start
23:05:17.268 [main] DEBUG org.dbunit.dataset.AbstractTable - assertValidRowIndex(row=0) - start
23:05:17.269 [main] DEBUG org.dbunit.dataset.AbstractTable - assertValidRowIndex(row=0, rowCount=1) - start
23:05:17.269 [main] DEBUG org.dbunit.dataset.AbstractTable - getColumnIndex(columnName=id) - start
23:05:17.269 [main] DEBUG o.d.dataset.AbstractTableMetaData - getColumnIndex(columnName=id) - start
23:05:17.269 [main] DEBUG org.dbunit.dataset.DefaultTable - getValue(row=0, column=order_order_number) - start
23:05:17.270 [main] DEBUG org.dbunit.dataset.AbstractTable - assertValidRowIndex(row=0) - start
23:05:17.270 [main] DEBUG org.dbunit.dataset.AbstractTable - assertValidRowIndex(row=0, rowCount=1) - start
23:05:17.270 [main] DEBUG org.dbunit.dataset.AbstractTable - getColumnIndex(columnName=order_order_number) - start
23:05:17.270 [main] DEBUG o.d.dataset.AbstractTableMetaData - getColumnIndex(columnName=order_order_number) - start
23:05:17.270 [main] DEBUG org.dbunit.dataset.DefaultTable - getValue(row=0, column=product_sku_number) - start
23:05:17.272 [main] DEBUG org.dbunit.dataset.AbstractTable - assertValidRowIndex(row=0) - start
23:05:17.272 [main] DEBUG org.dbunit.dataset.AbstractTable - assertValidRowIndex(row=0, rowCount=1) - start
23:05:17.272 [main] DEBUG org.dbunit.dataset.AbstractTable - getColumnIndex(columnName=product_sku_number) - start
23:05:17.272 [main] DEBUG o.d.dataset.AbstractTableMetaData - getColumnIndex(columnName=product_sku_number) - start
23:05:17.272 [main] DEBUG org.dbunit.dataset.DefaultTable - getValue(row=0, column=quantity) - start
23:05:17.273 [main] DEBUG org.dbunit.dataset.AbstractTable - assertValidRowIndex(row=0) - start
23:05:17.273 [main] DEBUG org.dbunit.dataset.AbstractTable - assertValidRowIndex(row=0, rowCount=1) - start
23:05:17.273 [main] DEBUG org.dbunit.dataset.AbstractTable - getColumnIndex(columnName=quantity) - start
23:05:17.273 [main] DEBUG o.d.dataset.AbstractTableMetaData - getColumnIndex(columnName=quantity) - start
23:05:17.273 [main] DEBUG org.dbunit.dataset.DefaultTable - getValue(row=1, column=id) - start
23:05:17.275 [main] DEBUG org.dbunit.dataset.AbstractTable - assertValidRowIndex(row=1) - start
23:05:17.275 [main] DEBUG org.dbunit.dataset.AbstractTable - assertValidRowIndex(row=1, rowCount=1) - start
23:05:17.275 [main] DEBUG o.dbunit.dataset.OrderedTableNameMap - getTableName(tableName=orders) - start
23:05:17.275 [main] DEBUG o.dbunit.dataset.OrderedTableNameMap - getTableName(tableName=orders) - end - result=ORDERS
23:05:17.275 [main] DEBUG o.dbunit.dataset.OrderedTableNameMap - getTableName(tableName=orders) - start
23:05:17.276 [main] DEBUG o.dbunit.dataset.OrderedTableNameMap - getTableName(tableName=orders) - end - result=ORDERS
23:05:17.276 [main] DEBUG o.dbunit.dataset.OrderedTableNameMap - setLastTable(nameorders) - start
23:05:17.276 [main] DEBUG o.dbunit.dataset.OrderedTableNameMap - getTableName(tableName=orders) - start
23:05:17.276 [main] DEBUG o.dbunit.dataset.OrderedTableNameMap - getTableName(tableName=orders) - end - result=ORDERS
23:05:17.276 [main] DEBUG org.dbunit.dataset.CachedDataSet - startTable(metaData=tableName=orders, columns=[(order_number, UNKNOWN, nullableUnknown), (customer_id, UNKNOWN, nullableUnknown), (date, UNKNOWN, nullableUnknown), (amount, UNKNOWN, nullableUnknown), (order_status, UNKNOWN, nullableUnknown), (discount_status, UNKNOWN, nullableUnknown)], keys=[]) - start
23:05:17.278 [main] DEBUG o.dbunit.dataset.OrderedTableNameMap - getLastTableName() - start
23:05:17.278 [main] DEBUG o.dbunit.dataset.OrderedTableNameMap - getTableName(tableName=orders) - start
23:05:17.278 [main] DEBUG o.dbunit.dataset.OrderedTableNameMap - getTableName(tableName=orders) - end - result=ORDERS
23:05:17.278 [main] DEBUG o.d.dataset.AbstractTableMetaData - getColumnIndex(columnName=order_number) - start
23:05:17.278 [main] DEBUG o.d.dataset.AbstractTableMetaData - getColumnIndex(columnName=customer_id) - start
23:05:17.280 [main] DEBUG o.d.dataset.AbstractTableMetaData - getColumnIndex(columnName=date) - start
23:05:17.280 [main] DEBUG o.d.dataset.AbstractTableMetaData - getColumnIndex(columnName=amount) - start
23:05:17.280 [main] DEBUG o.d.dataset.AbstractTableMetaData - getColumnIndex(columnName=order_status) - start
23:05:17.280 [main] DEBUG o.d.dataset.AbstractTableMetaData - getColumnIndex(columnName=discount_status) - start
23:05:17.280 [main] DEBUG o.dbunit.dataset.OrderedTableNameMap - getLastTableName() - start
23:05:17.282 [main] DEBUG o.dbunit.dataset.OrderedTableNameMap - getTableName(tableName=orders) - start
23:05:17.282 [main] DEBUG o.dbunit.dataset.OrderedTableNameMap - getTableName(tableName=orders) - end - result=ORDERS
23:05:17.282 [main] DEBUG org.dbunit.dataset.CachedDataSet - row(values=5) - start
23:05:17.282 [main] DEBUG org.dbunit.dataset.DefaultTable - addRow(values=5) - start
23:05:17.282 [main] DEBUG o.dbunit.dataset.xml.FlatXmlProducer - endElement(uri=, localName=, qName=orders) - start
23:05:17.282 [main] DEBUG o.dbunit.dataset.xml.FlatXmlProducer - startElement(uri=, localName=, qName=order_items, attributes=org.apache.xerces.parsers.AbstractSAXParser$AttributesProxy@11ca803) - start
23:05:17.283 [main] DEBUG o.dbunit.dataset.OrderedTableNameMap - getLastTableName() - start
23:05:17.283 [main] DEBUG o.dbunit.dataset.OrderedTableNameMap - getTableName(tableName=orders) - start
23:05:17.283 [main] DEBUG o.dbunit.dataset.OrderedTableNameMap - getTableName(tableName=orders) - end - result=ORDERS
23:05:17.283 [main] DEBUG o.dbunit.dataset.OrderedTableNameMap - isLastTable(tableName=order_items) - start
23:05:17.283 [main] DEBUG o.dbunit.dataset.OrderedTableNameMap - getLastTableName() - start
23:05:17.285 [main] DEBUG o.dbunit.dataset.OrderedTableNameMap - getTableName(tableName=orders) - start
23:05:17.285 [main] DEBUG o.dbunit.dataset.OrderedTableNameMap - getTableName(tableName=orders) - end - result=ORDERS
23:05:17.285 [main] DEBUG o.dbunit.dataset.OrderedTableNameMap - getTableName(tableName=order_items) - start
23:05:17.285 [main] DEBUG o.dbunit.dataset.OrderedTableNameMap - getTableName(tableName=order_items) - end - result=ORDER_ITEMS
23:05:17.285 [main] DEBUG org.dbunit.dataset.CachedDataSet - endTable() - start
23:05:17.287 [main] DEBUG o.dbunit.dataset.OrderedTableNameMap - getTableName(tableName=orders) - start
23:05:17.287 [main] DEBUG o.dbunit.dataset.OrderedTableNameMap - getTableName(tableName=orders) - end - result=ORDERS
23:05:17.287 [main] DEBUG o.dbunit.dataset.OrderedTableNameMap - getTableName(tableName=orders) - start
23:05:17.287 [main] DEBUG o.dbunit.dataset.OrderedTableNameMap - getTableName(tableName=orders) - end - result=ORDERS
23:05:17.287 [main] DEBUG org.dbunit.dataset.DefaultTable - addTableRows(table=org.dbunit.dataset.DefaultTable[_metaData=tableName=orders, columns=[(order_number, UNKNOWN, nullableUnknown), (customer_id, UNKNOWN, nullableUnknown), (date, UNKNOWN, nullableUnknown), (amount, UNKNOWN, nullableUnknown), (order_status, UNKNOWN, nullableUnknown), (discount_status, UNKNOWN, nullableUnknown)], keys=[], _rowList.size()=1]) - start
23:05:17.289 [main] DEBUG org.dbunit.dataset.DefaultTable - getValue(row=0, column=order_number) - start
23:05:17.289 [main] DEBUG org.dbunit.dataset.AbstractTable - assertValidRowIndex(row=0) - start
23:05:17.289 [main] DEBUG org.dbunit.dataset.AbstractTable - assertValidRowIndex(row=0, rowCount=1) - start
23:05:17.289 [main] DEBUG org.dbunit.dataset.AbstractTable - getColumnIndex(columnName=order_number) - start
23:05:17.289 [main] DEBUG o.d.dataset.AbstractTableMetaData - getColumnIndex(columnName=order_number) - start
23:05:17.291 [main] DEBUG org.dbunit.dataset.DefaultTable - getValue(row=0, column=customer_id) - start
23:05:17.291 [main] DEBUG org.dbunit.dataset.AbstractTable - assertValidRowIndex(row=0) - start
23:05:17.291 [main] DEBUG org.dbunit.dataset.AbstractTable - assertValidRowIndex(row=0, rowCount=1) - start
23:05:17.291 [main] DEBUG org.dbunit.dataset.AbstractTable - getColumnIndex(columnName=customer_id) - start
23:05:17.291 [main] DEBUG o.d.dataset.AbstractTableMetaData - getColumnIndex(columnName=customer_id) - start
23:05:17.293 [main] DEBUG org.dbunit.dataset.DefaultTable - getValue(row=0, column=date) - start
23:05:17.293 [main] DEBUG org.dbunit.dataset.AbstractTable - assertValidRowIndex(row=0) - start
23:05:17.293 [main] DEBUG org.dbunit.dataset.AbstractTable - assertValidRowIndex(row=0, rowCount=1) - start
23:05:17.293 [main] DEBUG org.dbunit.dataset.AbstractTable - getColumnIndex(columnName=date) - start
23:05:17.293 [main] DEBUG o.d.dataset.AbstractTableMetaData - getColumnIndex(columnName=date) - start
23:05:17.293 [main] DEBUG org.dbunit.dataset.DefaultTable - getValue(row=0, column=amount) - start
23:05:17.295 [main] DEBUG org.dbunit.dataset.AbstractTable - assertValidRowIndex(row=0) - start
23:05:17.295 [main] DEBUG org.dbunit.dataset.AbstractTable - assertValidRowIndex(row=0, rowCount=1) - start
23:05:17.295 [main] DEBUG org.dbunit.dataset.AbstractTable - getColumnIndex(columnName=amount) - start
23:05:17.295 [main] DEBUG o.d.dataset.AbstractTableMetaData - getColumnIndex(columnName=amount) - start
23:05:17.295 [main] DEBUG org.dbunit.dataset.DefaultTable - getValue(row=0, column=order_status) - start
23:05:17.296 [main] DEBUG org.dbunit.dataset.AbstractTable - assertValidRowIndex(row=0) - start
23:05:17.297 [main] DEBUG org.dbunit.dataset.AbstractTable - assertValidRowIndex(row=0, rowCount=1) - start
23:05:17.297 [main] DEBUG org.dbunit.dataset.AbstractTable - getColumnIndex(columnName=order_status) - start
23:05:17.297 [main] DEBUG o.d.dataset.AbstractTableMetaData - getColumnIndex(columnName=order_status) - start
23:05:17.297 [main] DEBUG org.dbunit.dataset.DefaultTable - getValue(row=0, column=discount_status) - start
23:05:17.298 [main] DEBUG org.dbunit.dataset.AbstractTable - assertValidRowIndex(row=0) - start
23:05:17.298 [main] DEBUG org.dbunit.dataset.AbstractTable - assertValidRowIndex(row=0, rowCount=1) - start
23:05:17.298 [main] DEBUG org.dbunit.dataset.AbstractTable - getColumnIndex(columnName=discount_status) - start
23:05:17.298 [main] DEBUG o.d.dataset.AbstractTableMetaData - getColumnIndex(columnName=discount_status) - start
23:05:17.298 [main] DEBUG org.dbunit.dataset.DefaultTable - getValue(row=1, column=order_number) - start
23:05:17.300 [main] DEBUG org.dbunit.dataset.AbstractTable - assertValidRowIndex(row=1) - start
23:05:17.300 [main] DEBUG org.dbunit.dataset.AbstractTable - assertValidRowIndex(row=1, rowCount=1) - start
23:05:17.300 [main] DEBUG o.dbunit.dataset.OrderedTableNameMap - getTableName(tableName=order_items) - start
23:05:17.300 [main] DEBUG o.dbunit.dataset.OrderedTableNameMap - getTableName(tableName=order_items) - end - result=ORDER_ITEMS
23:05:17.300 [main] DEBUG o.dbunit.dataset.OrderedTableNameMap - getTableName(tableName=order_items) - start
23:05:17.301 [main] DEBUG o.dbunit.dataset.OrderedTableNameMap - getTableName(tableName=order_items) - end - result=ORDER_ITEMS
23:05:17.301 [main] DEBUG o.dbunit.dataset.OrderedTableNameMap - setLastTable(nameorder_items) - start
23:05:17.301 [main] DEBUG o.dbunit.dataset.OrderedTableNameMap - getTableName(tableName=order_items) - start
23:05:17.301 [main] DEBUG o.dbunit.dataset.OrderedTableNameMap - getTableName(tableName=order_items) - end - result=ORDER_ITEMS
23:05:17.301 [main] DEBUG org.dbunit.dataset.CachedDataSet - startTable(metaData=tableName=order_items, columns=[(id, UNKNOWN, nullableUnknown), (order_order_number, UNKNOWN, nullableUnknown), (product_sku_number, UNKNOWN, nullableUnknown), (quantity, UNKNOWN, nullableUnknown)], keys=[]) - start
23:05:17.303 [main] DEBUG o.dbunit.dataset.OrderedTableNameMap - getLastTableName() - start
23:05:17.303 [main] DEBUG o.dbunit.dataset.OrderedTableNameMap - getTableName(tableName=order_items) - start
23:05:17.303 [main] DEBUG o.dbunit.dataset.OrderedTableNameMap - getTableName(tableName=order_items) - end - result=ORDER_ITEMS
23:05:17.303 [main] DEBUG o.d.dataset.AbstractTableMetaData - getColumnIndex(columnName=id) - start
23:05:17.303 [main] DEBUG o.d.dataset.AbstractTableMetaData - getColumnIndex(columnName=order_order_number) - start
23:05:17.308 [main] DEBUG o.d.dataset.AbstractTableMetaData - getColumnIndex(columnName=product_sku_number) - start
23:05:17.308 [main] DEBUG o.d.dataset.AbstractTableMetaData - getColumnIndex(columnName=quantity) - start
23:05:17.308 [main] DEBUG o.dbunit.dataset.OrderedTableNameMap - getLastTableName() - start
23:05:17.308 [main] DEBUG o.dbunit.dataset.OrderedTableNameMap - getTableName(tableName=order_items) - start
23:05:17.308 [main] DEBUG o.dbunit.dataset.OrderedTableNameMap - getTableName(tableName=order_items) - end - result=ORDER_ITEMS
23:05:17.311 [main] DEBUG org.dbunit.dataset.CachedDataSet - row(values=6) - start
23:05:17.311 [main] DEBUG org.dbunit.dataset.DefaultTable - addRow(values=6) - start
23:05:17.311 [main] DEBUG o.dbunit.dataset.xml.FlatXmlProducer - endElement(uri=, localName=, qName=order_items) - start
23:05:17.311 [main] DEBUG o.dbunit.dataset.xml.FlatXmlProducer - startElement(uri=, localName=, qName=order_items, attributes=org.apache.xerces.parsers.AbstractSAXParser$AttributesProxy@11ca803) - start
23:05:17.311 [main] DEBUG o.dbunit.dataset.OrderedTableNameMap - getLastTableName() - start
23:05:17.410 [main] DEBUG o.dbunit.dataset.OrderedTableNameMap - getTableName(tableName=order_items) - start
23:05:17.410 [main] DEBUG o.dbunit.dataset.OrderedTableNameMap - getTableName(tableName=order_items) - end - result=ORDER_ITEMS
23:05:17.410 [main] DEBUG o.dbunit.dataset.OrderedTableNameMap - isLastTable(tableName=order_items) - start
23:05:17.410 [main] DEBUG o.dbunit.dataset.OrderedTableNameMap - getLastTableName() - start
23:05:17.410 [main] DEBUG o.dbunit.dataset.OrderedTableNameMap - getTableName(tableName=order_items) - start
23:05:17.412 [main] DEBUG o.dbunit.dataset.OrderedTableNameMap - getTableName(tableName=order_items) - end - result=ORDER_ITEMS
23:05:17.412 [main] DEBUG o.dbunit.dataset.OrderedTableNameMap - getTableName(tableName=order_items) - start
23:05:17.412 [main] DEBUG o.dbunit.dataset.OrderedTableNameMap - getTableName(tableName=order_items) - end - result=ORDER_ITEMS
23:05:17.412 [main] DEBUG o.dbunit.dataset.OrderedTableNameMap - getLastTableName() - start
23:05:17.412 [main] DEBUG o.dbunit.dataset.OrderedTableNameMap - getTableName(tableName=order_items) - start
23:05:17.413 [main] DEBUG o.dbunit.dataset.OrderedTableNameMap - getTableName(tableName=order_items) - end - result=ORDER_ITEMS
23:05:17.413 [main] DEBUG o.d.dataset.AbstractTableMetaData - getColumnIndex(columnName=id) - start
23:05:17.413 [main] DEBUG o.d.dataset.AbstractTableMetaData - getColumnIndex(columnName=order_order_number) - start
23:05:17.413 [main] DEBUG o.d.dataset.AbstractTableMetaData - getColumnIndex(columnName=product_sku_number) - start
23:05:17.413 [main] DEBUG o.d.dataset.AbstractTableMetaData - getColumnIndex(columnName=quantity) - start
23:05:17.415 [main] DEBUG o.dbunit.dataset.OrderedTableNameMap - getLastTableName() - start
23:05:17.415 [main] DEBUG o.dbunit.dataset.OrderedTableNameMap - getTableName(tableName=order_items) - start
23:05:17.415 [main] DEBUG o.dbunit.dataset.OrderedTableNameMap - getTableName(tableName=order_items) - end - result=ORDER_ITEMS
23:05:17.415 [main] DEBUG org.dbunit.dataset.CachedDataSet - row(values=7) - start
23:05:17.415 [main] DEBUG org.dbunit.dataset.DefaultTable - addRow(values=7) - start
23:05:17.415 [main] DEBUG o.dbunit.dataset.xml.FlatXmlProducer - endElement(uri=, localName=, qName=order_items) - start
23:05:17.417 [main] DEBUG o.dbunit.dataset.xml.FlatXmlProducer - startElement(uri=, localName=, qName=orders, attributes=org.apache.xerces.parsers.AbstractSAXParser$AttributesProxy@11ca803) - start
23:05:17.417 [main] DEBUG o.dbunit.dataset.OrderedTableNameMap - getLastTableName() - start
23:05:17.417 [main] DEBUG o.dbunit.dataset.OrderedTableNameMap - getTableName(tableName=order_items) - start
23:05:17.417 [main] DEBUG o.dbunit.dataset.OrderedTableNameMap - getTableName(tableName=order_items) - end - result=ORDER_ITEMS
23:05:17.418 [main] DEBUG o.dbunit.dataset.OrderedTableNameMap - isLastTable(tableName=orders) - start
23:05:17.419 [main] DEBUG o.dbunit.dataset.OrderedTableNameMap - getLastTableName() - start
23:05:17.419 [main] DEBUG o.dbunit.dataset.OrderedTableNameMap - getTableName(tableName=order_items) - start
23:05:17.419 [main] DEBUG o.dbunit.dataset.OrderedTableNameMap - getTableName(tableName=order_items) - end - result=ORDER_ITEMS
23:05:17.419 [main] DEBUG o.dbunit.dataset.OrderedTableNameMap - getTableName(tableName=orders) - start
23:05:17.420 [main] DEBUG o.dbunit.dataset.OrderedTableNameMap - getTableName(tableName=orders) - end - result=ORDERS
23:05:17.420 [main] DEBUG org.dbunit.dataset.CachedDataSet - endTable() - start
23:05:17.420 [main] DEBUG o.dbunit.dataset.OrderedTableNameMap - getTableName(tableName=order_items) - start
23:05:17.420 [main] DEBUG o.dbunit.dataset.OrderedTableNameMap - getTableName(tableName=order_items) - end - result=ORDER_ITEMS
23:05:17.420 [main] DEBUG o.dbunit.dataset.OrderedTableNameMap - getTableName(tableName=order_items) - start
23:05:17.422 [main] DEBUG o.dbunit.dataset.OrderedTableNameMap - getTableName(tableName=order_items) - end - result=ORDER_ITEMS
23:05:17.422 [main] DEBUG org.dbunit.dataset.DefaultTable - addTableRows(table=org.dbunit.dataset.DefaultTable[_metaData=tableName=order_items, columns=[(id, UNKNOWN, nullableUnknown), (order_order_number, UNKNOWN, nullableUnknown), (product_sku_number, UNKNOWN, nullableUnknown), (quantity, UNKNOWN, nullableUnknown)], keys=[], _rowList.size()=2]) - start
23:05:17.422 [main] DEBUG org.dbunit.dataset.DefaultTable - getValue(row=0, column=id) - start
23:05:17.424 [main] DEBUG org.dbunit.dataset.AbstractTable - assertValidRowIndex(row=0) - start
23:05:17.424 [main] DEBUG org.dbunit.dataset.AbstractTable - assertValidRowIndex(row=0, rowCount=2) - start
23:05:17.424 [main] DEBUG org.dbunit.dataset.AbstractTable - getColumnIndex(columnName=id) - start
23:05:17.424 [main] DEBUG o.d.dataset.AbstractTableMetaData - getColumnIndex(columnName=id) - start
23:05:17.424 [main] DEBUG org.dbunit.dataset.DefaultTable - getValue(row=0, column=order_order_number) - start
23:05:17.424 [main] DEBUG org.dbunit.dataset.AbstractTable - assertValidRowIndex(row=0) - start
23:05:17.424 [main] DEBUG org.dbunit.dataset.AbstractTable - assertValidRowIndex(row=0, rowCount=2) - start
23:05:17.424 [main] DEBUG org.dbunit.dataset.AbstractTable - getColumnIndex(columnName=order_order_number) - start
23:05:17.424 [main] DEBUG o.d.dataset.AbstractTableMetaData - getColumnIndex(columnName=order_order_number) - start
23:05:17.425 [main] DEBUG org.dbunit.dataset.DefaultTable - getValue(row=0, column=product_sku_number) - start
23:05:17.426 [main] DEBUG org.dbunit.dataset.AbstractTable - assertValidRowIndex(row=0) - start
23:05:17.426 [main] DEBUG org.dbunit.dataset.AbstractTable - assertValidRowIndex(row=0, rowCount=2) - start
23:05:17.426 [main] DEBUG org.dbunit.dataset.AbstractTable - getColumnIndex(columnName=product_sku_number) - start
23:05:17.427 [main] DEBUG o.d.dataset.AbstractTableMetaData - getColumnIndex(columnName=product_sku_number) - start
23:05:17.427 [main] DEBUG org.dbunit.dataset.DefaultTable - getValue(row=0, column=quantity) - start
23:05:17.428 [main] DEBUG org.dbunit.dataset.AbstractTable - assertValidRowIndex(row=0) - start
23:05:17.428 [main] DEBUG org.dbunit.dataset.AbstractTable - assertValidRowIndex(row=0, rowCount=2) - start
23:05:17.428 [main] DEBUG org.dbunit.dataset.AbstractTable - getColumnIndex(columnName=quantity) - start
23:05:17.428 [main] DEBUG o.d.dataset.AbstractTableMetaData - getColumnIndex(columnName=quantity) - start
23:05:17.428 [main] DEBUG org.dbunit.dataset.DefaultTable - getValue(row=1, column=id) - start
23:05:17.430 [main] DEBUG org.dbunit.dataset.AbstractTable - assertValidRowIndex(row=1) - start
23:05:17.430 [main] DEBUG org.dbunit.dataset.AbstractTable - assertValidRowIndex(row=1, rowCount=2) - start
23:05:17.430 [main] DEBUG org.dbunit.dataset.AbstractTable - getColumnIndex(columnName=id) - start
23:05:17.430 [main] DEBUG o.d.dataset.AbstractTableMetaData - getColumnIndex(columnName=id) - start
23:05:17.430 [main] DEBUG org.dbunit.dataset.DefaultTable - getValue(row=1, column=order_order_number) - start
23:05:17.431 [main] DEBUG org.dbunit.dataset.AbstractTable - assertValidRowIndex(row=1) - start
23:05:17.432 [main] DEBUG org.dbunit.dataset.AbstractTable - assertValidRowIndex(row=1, rowCount=2) - start
23:05:17.432 [main] DEBUG org.dbunit.dataset.AbstractTable - getColumnIndex(columnName=order_order_number) - start
23:05:17.432 [main] DEBUG o.d.dataset.AbstractTableMetaData - getColumnIndex(columnName=order_order_number) - start
23:05:17.432 [main] DEBUG org.dbunit.dataset.DefaultTable - getValue(row=1, column=product_sku_number) - start
23:05:17.435 [main] DEBUG org.dbunit.dataset.AbstractTable - assertValidRowIndex(row=1) - start
23:05:17.435 [main] DEBUG org.dbunit.dataset.AbstractTable - assertValidRowIndex(row=1, rowCount=2) - start
23:05:17.435 [main] DEBUG org.dbunit.dataset.AbstractTable - getColumnIndex(columnName=product_sku_number) - start
23:05:17.435 [main] DEBUG o.d.dataset.AbstractTableMetaData - getColumnIndex(columnName=product_sku_number) - start
23:05:17.435 [main] DEBUG org.dbunit.dataset.DefaultTable - getValue(row=1, column=quantity) - start
23:05:17.535 [main] DEBUG org.dbunit.dataset.AbstractTable - assertValidRowIndex(row=1) - start
23:05:17.535 [main] DEBUG org.dbunit.dataset.AbstractTable - assertValidRowIndex(row=1, rowCount=2) - start
23:05:17.535 [main] DEBUG org.dbunit.dataset.AbstractTable - getColumnIndex(columnName=quantity) - start
23:05:17.535 [main] DEBUG o.d.dataset.AbstractTableMetaData - getColumnIndex(columnName=quantity) - start
23:05:17.535 [main] DEBUG org.dbunit.dataset.DefaultTable - getValue(row=2, column=id) - start
23:05:17.536 [main] DEBUG org.dbunit.dataset.AbstractTable - assertValidRowIndex(row=2) - start
23:05:17.536 [main] DEBUG org.dbunit.dataset.AbstractTable - assertValidRowIndex(row=2, rowCount=2) - start
23:05:17.536 [main] DEBUG o.dbunit.dataset.OrderedTableNameMap - getTableName(tableName=orders) - start
23:05:17.536 [main] DEBUG o.dbunit.dataset.OrderedTableNameMap - getTableName(tableName=orders) - end - result=ORDERS
23:05:17.536 [main] DEBUG o.dbunit.dataset.OrderedTableNameMap - getTableName(tableName=orders) - start
23:05:17.538 [main] DEBUG o.dbunit.dataset.OrderedTableNameMap - getTableName(tableName=orders) - end - result=ORDERS
23:05:17.538 [main] DEBUG o.dbunit.dataset.OrderedTableNameMap - setLastTable(nameorders) - start
23:05:17.538 [main] DEBUG o.dbunit.dataset.OrderedTableNameMap - getTableName(tableName=orders) - start
23:05:17.538 [main] DEBUG o.dbunit.dataset.OrderedTableNameMap - getTableName(tableName=orders) - end - result=ORDERS
23:05:17.538 [main] DEBUG org.dbunit.dataset.CachedDataSet - startTable(metaData=tableName=orders, columns=[(order_number, UNKNOWN, nullableUnknown), (customer_id, UNKNOWN, nullableUnknown), (date, UNKNOWN, nullableUnknown), (amount, UNKNOWN, nullableUnknown), (order_status, UNKNOWN, nullableUnknown), (discount_status, UNKNOWN, nullableUnknown)], keys=[]) - start
23:05:17.539 [main] DEBUG o.dbunit.dataset.OrderedTableNameMap - getLastTableName() - start
23:05:17.539 [main] DEBUG o.dbunit.dataset.OrderedTableNameMap - getTableName(tableName=orders) - start
23:05:17.539 [main] DEBUG o.dbunit.dataset.OrderedTableNameMap - getTableName(tableName=orders) - end - result=ORDERS
23:05:17.539 [main] DEBUG o.d.dataset.AbstractTableMetaData - getColumnIndex(columnName=order_number) - start
23:05:17.540 [main] DEBUG o.d.dataset.AbstractTableMetaData - getColumnIndex(columnName=customer_id) - start
23:05:17.541 [main] DEBUG o.d.dataset.AbstractTableMetaData - getColumnIndex(columnName=date) - start
23:05:17.541 [main] DEBUG o.d.dataset.AbstractTableMetaData - getColumnIndex(columnName=amount) - start
23:05:17.541 [main] DEBUG o.d.dataset.AbstractTableMetaData - getColumnIndex(columnName=order_status) - start
23:05:17.541 [main] DEBUG o.d.dataset.AbstractTableMetaData - getColumnIndex(columnName=discount_status) - start
23:05:17.541 [main] DEBUG o.dbunit.dataset.OrderedTableNameMap - getLastTableName() - start
23:05:17.543 [main] DEBUG o.dbunit.dataset.OrderedTableNameMap - getTableName(tableName=orders) - start
23:05:17.543 [main] DEBUG o.dbunit.dataset.OrderedTableNameMap - getTableName(tableName=orders) - end - result=ORDERS
23:05:17.543 [main] DEBUG org.dbunit.dataset.CachedDataSet - row(values=6) - start
23:05:17.543 [main] DEBUG org.dbunit.dataset.DefaultTable - addRow(values=6) - start
23:05:17.543 [main] DEBUG o.dbunit.dataset.xml.FlatXmlProducer - endElement(uri=, localName=, qName=orders) - start
23:05:17.543 [main] DEBUG o.dbunit.dataset.xml.FlatXmlProducer - startElement(uri=, localName=, qName=order_items, attributes=org.apache.xerces.parsers.AbstractSAXParser$AttributesProxy@11ca803) - start
23:05:17.545 [main] DEBUG o.dbunit.dataset.OrderedTableNameMap - getLastTableName() - start
23:05:17.545 [main] DEBUG o.dbunit.dataset.OrderedTableNameMap - getTableName(tableName=orders) - start
23:05:17.545 [main] DEBUG o.dbunit.dataset.OrderedTableNameMap - getTableName(tableName=orders) - end - result=ORDERS
23:05:17.545 [main] DEBUG o.dbunit.dataset.OrderedTableNameMap - isLastTable(tableName=order_items) - start
23:05:17.545 [main] DEBUG o.dbunit.dataset.OrderedTableNameMap - getLastTableName() - start
23:05:17.547 [main] DEBUG o.dbunit.dataset.OrderedTableNameMap - getTableName(tableName=orders) - start
23:05:17.547 [main] DEBUG o.dbunit.dataset.OrderedTableNameMap - getTableName(tableName=orders) - end - result=ORDERS
23:05:17.547 [main] DEBUG o.dbunit.dataset.OrderedTableNameMap - getTableName(tableName=order_items) - start
23:05:17.547 [main] DEBUG o.dbunit.dataset.OrderedTableNameMap - getTableName(tableName=order_items) - end - result=ORDER_ITEMS
23:05:17.547 [main] DEBUG org.dbunit.dataset.CachedDataSet - endTable() - start
23:05:17.549 [main] DEBUG o.dbunit.dataset.OrderedTableNameMap - getTableName(tableName=orders) - start
23:05:17.549 [main] DEBUG o.dbunit.dataset.OrderedTableNameMap - getTableName(tableName=orders) - end - result=ORDERS
23:05:17.549 [main] DEBUG o.dbunit.dataset.OrderedTableNameMap - getTableName(tableName=orders) - start
23:05:17.549 [main] DEBUG o.dbunit.dataset.OrderedTableNameMap - getTableName(tableName=orders) - end - result=ORDERS
23:05:17.549 [main] DEBUG org.dbunit.dataset.DefaultTable - addTableRows(table=org.dbunit.dataset.DefaultTable[_metaData=tableName=orders, columns=[(order_number, UNKNOWN, nullableUnknown), (customer_id, UNKNOWN, nullableUnknown), (date, UNKNOWN, nullableUnknown), (amount, UNKNOWN, nullableUnknown), (order_status, UNKNOWN, nullableUnknown), (discount_status, UNKNOWN, nullableUnknown)], keys=[], _rowList.size()=1]) - start
23:05:17.550 [main] DEBUG org.dbunit.dataset.DefaultTable - getValue(row=0, column=order_number) - start
23:05:17.550 [main] DEBUG org.dbunit.dataset.AbstractTable - assertValidRowIndex(row=0) - start
23:05:17.550 [main] DEBUG org.dbunit.dataset.AbstractTable - assertValidRowIndex(row=0, rowCount=1) - start
23:05:17.550 [main] DEBUG org.dbunit.dataset.AbstractTable - getColumnIndex(columnName=order_number) - start
23:05:17.550 [main] DEBUG o.d.dataset.AbstractTableMetaData - getColumnIndex(columnName=order_number) - start
23:05:17.552 [main] DEBUG org.dbunit.dataset.DefaultTable - getValue(row=0, column=customer_id) - start
23:05:17.552 [main] DEBUG org.dbunit.dataset.AbstractTable - assertValidRowIndex(row=0) - start
23:05:17.552 [main] DEBUG org.dbunit.dataset.AbstractTable - assertValidRowIndex(row=0, rowCount=1) - start
23:05:17.552 [main] DEBUG org.dbunit.dataset.AbstractTable - getColumnIndex(columnName=customer_id) - start
23:05:17.552 [main] DEBUG o.d.dataset.AbstractTableMetaData - getColumnIndex(columnName=customer_id) - start
23:05:17.554 [main] DEBUG org.dbunit.dataset.DefaultTable - getValue(row=0, column=date) - start
23:05:17.554 [main] DEBUG org.dbunit.dataset.AbstractTable - assertValidRowIndex(row=0) - start
23:05:17.554 [main] DEBUG org.dbunit.dataset.AbstractTable - assertValidRowIndex(row=0, rowCount=1) - start
23:05:17.554 [main] DEBUG org.dbunit.dataset.AbstractTable - getColumnIndex(columnName=date) - start
23:05:17.554 [main] DEBUG o.d.dataset.AbstractTableMetaData - getColumnIndex(columnName=date) - start
23:05:17.554 [main] DEBUG org.dbunit.dataset.DefaultTable - getValue(row=0, column=amount) - start
23:05:17.556 [main] DEBUG org.dbunit.dataset.AbstractTable - assertValidRowIndex(row=0) - start
23:05:17.556 [main] DEBUG org.dbunit.dataset.AbstractTable - assertValidRowIndex(row=0, rowCount=1) - start
23:05:17.556 [main] DEBUG org.dbunit.dataset.AbstractTable - getColumnIndex(columnName=amount) - start
23:05:17.556 [main] DEBUG o.d.dataset.AbstractTableMetaData - getColumnIndex(columnName=amount) - start
23:05:17.556 [main] DEBUG org.dbunit.dataset.DefaultTable - getValue(row=0, column=order_status) - start
23:05:17.557 [main] DEBUG org.dbunit.dataset.AbstractTable - assertValidRowIndex(row=0) - start
23:05:17.557 [main] DEBUG org.dbunit.dataset.AbstractTable - assertValidRowIndex(row=0, rowCount=1) - start
23:05:17.557 [main] DEBUG org.dbunit.dataset.AbstractTable - getColumnIndex(columnName=order_status) - start
23:05:17.557 [main] DEBUG o.d.dataset.AbstractTableMetaData - getColumnIndex(columnName=order_status) - start
23:05:17.557 [main] DEBUG org.dbunit.dataset.DefaultTable - getValue(row=0, column=discount_status) - start
23:05:17.559 [main] DEBUG org.dbunit.dataset.AbstractTable - assertValidRowIndex(row=0) - start
23:05:17.559 [main] DEBUG org.dbunit.dataset.AbstractTable - assertValidRowIndex(row=0, rowCount=1) - start
23:05:17.559 [main] DEBUG org.dbunit.dataset.AbstractTable - getColumnIndex(columnName=discount_status) - start
23:05:17.559 [main] DEBUG o.d.dataset.AbstractTableMetaData - getColumnIndex(columnName=discount_status) - start
23:05:17.559 [main] DEBUG org.dbunit.dataset.DefaultTable - getValue(row=1, column=order_number) - start
23:05:17.561 [main] DEBUG org.dbunit.dataset.AbstractTable - assertValidRowIndex(row=1) - start
23:05:17.561 [main] DEBUG org.dbunit.dataset.AbstractTable - assertValidRowIndex(row=1, rowCount=1) - start
23:05:17.561 [main] DEBUG o.dbunit.dataset.OrderedTableNameMap - getTableName(tableName=order_items) - start
23:05:17.561 [main] DEBUG o.dbunit.dataset.OrderedTableNameMap - getTableName(tableName=order_items) - end - result=ORDER_ITEMS
23:05:17.561 [main] DEBUG o.dbunit.dataset.OrderedTableNameMap - getTableName(tableName=order_items) - start
23:05:17.562 [main] DEBUG o.dbunit.dataset.OrderedTableNameMap - getTableName(tableName=order_items) - end - result=ORDER_ITEMS
23:05:17.562 [main] DEBUG o.dbunit.dataset.OrderedTableNameMap - setLastTable(nameorder_items) - start
23:05:17.562 [main] DEBUG o.dbunit.dataset.OrderedTableNameMap - getTableName(tableName=order_items) - start
23:05:17.562 [main] DEBUG o.dbunit.dataset.OrderedTableNameMap - getTableName(tableName=order_items) - end - result=ORDER_ITEMS
23:05:17.562 [main] DEBUG org.dbunit.dataset.CachedDataSet - startTable(metaData=tableName=order_items, columns=[(id, UNKNOWN, nullableUnknown), (order_order_number, UNKNOWN, nullableUnknown), (product_sku_number, UNKNOWN, nullableUnknown), (quantity, UNKNOWN, nullableUnknown)], keys=[]) - start
23:05:17.564 [main] DEBUG o.dbunit.dataset.OrderedTableNameMap - getLastTableName() - start
23:05:17.564 [main] DEBUG o.dbunit.dataset.OrderedTableNameMap - getTableName(tableName=order_items) - start
23:05:17.564 [main] DEBUG o.dbunit.dataset.OrderedTableNameMap - getTableName(tableName=order_items) - end - result=ORDER_ITEMS
23:05:17.564 [main] DEBUG o.d.dataset.AbstractTableMetaData - getColumnIndex(columnName=id) - start
23:05:17.564 [main] DEBUG o.d.dataset.AbstractTableMetaData - getColumnIndex(columnName=order_order_number) - start
23:05:17.566 [main] DEBUG o.d.dataset.AbstractTableMetaData - getColumnIndex(columnName=product_sku_number) - start
23:05:17.566 [main] DEBUG o.d.dataset.AbstractTableMetaData - getColumnIndex(columnName=quantity) - start
23:05:17.566 [main] DEBUG o.dbunit.dataset.OrderedTableNameMap - getLastTableName() - start
23:05:17.566 [main] DEBUG o.dbunit.dataset.OrderedTableNameMap - getTableName(tableName=order_items) - start
23:05:17.566 [main] DEBUG o.dbunit.dataset.OrderedTableNameMap - getTableName(tableName=order_items) - end - result=ORDER_ITEMS
23:05:17.567 [main] DEBUG org.dbunit.dataset.CachedDataSet - row(values=8) - start
23:05:17.567 [main] DEBUG org.dbunit.dataset.DefaultTable - addRow(values=8) - start
23:05:17.567 [main] DEBUG o.dbunit.dataset.xml.FlatXmlProducer - endElement(uri=, localName=, qName=order_items) - start
23:05:17.568 [main] DEBUG o.dbunit.dataset.xml.FlatXmlProducer - endElement(uri=, localName=, qName=dataset) - start
23:05:17.568 [main] DEBUG o.dbunit.dataset.OrderedTableNameMap - getLastTableName() - start
23:05:17.568 [main] DEBUG o.dbunit.dataset.OrderedTableNameMap - getTableName(tableName=order_items) - start
23:05:17.569 [main] DEBUG o.dbunit.dataset.OrderedTableNameMap - getTableName(tableName=order_items) - end - result=ORDER_ITEMS
23:05:17.569 [main] DEBUG org.dbunit.dataset.CachedDataSet - endTable() - start
23:05:17.569 [main] DEBUG o.dbunit.dataset.OrderedTableNameMap - getTableName(tableName=order_items) - start
23:05:17.569 [main] DEBUG o.dbunit.dataset.OrderedTableNameMap - getTableName(tableName=order_items) - end - result=ORDER_ITEMS
23:05:17.569 [main] DEBUG o.dbunit.dataset.OrderedTableNameMap - getTableName(tableName=order_items) - start
23:05:17.571 [main] DEBUG o.dbunit.dataset.OrderedTableNameMap - getTableName(tableName=order_items) - end - result=ORDER_ITEMS
23:05:17.571 [main] DEBUG org.dbunit.dataset.DefaultTable - addTableRows(table=org.dbunit.dataset.DefaultTable[_metaData=tableName=order_items, columns=[(id, UNKNOWN, nullableUnknown), (order_order_number, UNKNOWN, nullableUnknown), (product_sku_number, UNKNOWN, nullableUnknown), (quantity, UNKNOWN, nullableUnknown)], keys=[], _rowList.size()=1]) - start
23:05:17.571 [main] DEBUG org.dbunit.dataset.DefaultTable - getValue(row=0, column=id) - start
23:05:17.573 [main] DEBUG org.dbunit.dataset.AbstractTable - assertValidRowIndex(row=0) - start
23:05:17.573 [main] DEBUG org.dbunit.dataset.AbstractTable - assertValidRowIndex(row=0, rowCount=1) - start
23:05:17.573 [main] DEBUG org.dbunit.dataset.AbstractTable - getColumnIndex(columnName=id) - start
23:05:17.573 [main] DEBUG o.d.dataset.AbstractTableMetaData - getColumnIndex(columnName=id) - start
23:05:17.573 [main] DEBUG org.dbunit.dataset.DefaultTable - getValue(row=0, column=order_order_number) - start
23:05:17.574 [main] DEBUG org.dbunit.dataset.AbstractTable - assertValidRowIndex(row=0) - start
23:05:17.574 [main] DEBUG org.dbunit.dataset.AbstractTable - assertValidRowIndex(row=0, rowCount=1) - start
23:05:17.575 [main] DEBUG org.dbunit.dataset.AbstractTable - getColumnIndex(columnName=order_order_number) - start
23:05:17.575 [main] DEBUG o.d.dataset.AbstractTableMetaData - getColumnIndex(columnName=order_order_number) - start
23:05:17.575 [main] DEBUG org.dbunit.dataset.DefaultTable - getValue(row=0, column=product_sku_number) - start
23:05:17.576 [main] DEBUG org.dbunit.dataset.AbstractTable - assertValidRowIndex(row=0) - start
23:05:17.576 [main] DEBUG org.dbunit.dataset.AbstractTable - assertValidRowIndex(row=0, rowCount=1) - start
23:05:17.576 [main] DEBUG org.dbunit.dataset.AbstractTable - getColumnIndex(columnName=product_sku_number) - start
23:05:17.576 [main] DEBUG o.d.dataset.AbstractTableMetaData - getColumnIndex(columnName=product_sku_number) - start
23:05:17.576 [main] DEBUG org.dbunit.dataset.DefaultTable - getValue(row=0, column=quantity) - start
23:05:17.578 [main] DEBUG org.dbunit.dataset.AbstractTable - assertValidRowIndex(row=0) - start
23:05:17.578 [main] DEBUG org.dbunit.dataset.AbstractTable - assertValidRowIndex(row=0, rowCount=1) - start
23:05:17.578 [main] DEBUG org.dbunit.dataset.AbstractTable - getColumnIndex(columnName=quantity) - start
23:05:17.578 [main] DEBUG o.d.dataset.AbstractTableMetaData - getColumnIndex(columnName=quantity) - start
23:05:17.578 [main] DEBUG org.dbunit.dataset.DefaultTable - getValue(row=1, column=id) - start
23:05:17.579 [main] DEBUG org.dbunit.dataset.AbstractTable - assertValidRowIndex(row=1) - start
23:05:17.579 [main] DEBUG org.dbunit.dataset.AbstractTable - assertValidRowIndex(row=1, rowCount=1) - start
23:05:17.579 [main] DEBUG org.dbunit.dataset.CachedDataSet - endDataSet() - start
23:05:17.580 [main] DEBUG org.dbunit.dataset.CachedDataSet - endDataSet() - the final tableMap is: org.dbunit.dataset.OrderedTableNameMap[_tableNames=[customers, products, orders, order_items], _tableMap={ORDER_ITEMS=org.dbunit.dataset.DefaultTable[_metaData=tableName=order_items, columns=[(id, UNKNOWN, nullableUnknown), (order_order_number, UNKNOWN, nullableUnknown), (product_sku_number, UNKNOWN, nullableUnknown), (quantity, UNKNOWN, nullableUnknown)], keys=[], _rowList.size()=8], CUSTOMERS=org.dbunit.dataset.DefaultTable[_metaData=tableName=customers, columns=[(id, UNKNOWN, nullableUnknown), (name, UNKNOWN, nullableUnknown)], keys=[], _rowList.size()=6], ORDERS=org.dbunit.dataset.DefaultTable[_metaData=tableName=orders, columns=[(order_number, UNKNOWN, nullableUnknown), (customer_id, UNKNOWN, nullableUnknown), (date, UNKNOWN, nullableUnknown), (amount, UNKNOWN, nullableUnknown), (order_status, UNKNOWN, nullableUnknown), (discount_status, UNKNOWN, nullableUnknown)], keys=[], _rowList.size()=6], PRODUCTS=org.dbunit.dataset.DefaultTable[_metaData=tableName=products, columns=[(sku_number, UNKNOWN, nullableUnknown), (name, UNKNOWN, nullableUnknown), (amount, UNKNOWN, nullableUnknown)], keys=[], _rowList.size()=4]}, _caseSensitiveTableNames=false]
23:05:17.581 [main] DEBUG org.dbunit.AbstractDatabaseTester - setDataSet(dataSet=AbstractDataSet[_orderedTableNameMap=null]) - start
23:05:17.581 [main] DEBUG org.dbunit.DatabaseTestCase - getOperationListener() - start
23:05:17.582 [main] DEBUG org.dbunit.AbstractDatabaseTester - setOperationListener(operationListener=org.dbunit.DatabaseTestCase$1@3ef810) - start
23:05:17.583 [main] DEBUG org.dbunit.AbstractDatabaseTester - onSetup() - start
23:05:17.583 [main] DEBUG org.dbunit.AbstractDatabaseTester - executeOperation(operation=org.dbunit.operation.CompositeOperation[_actions=[org.dbunit.operation.DeleteAllOperation@30d82d, org.dbunit.operation.InsertOperation[_reverseRowOrder=false, super=org.dbunit.operation.InsertOperation@c09554]]]) - start
23:05:17.585 [main] DEBUG org.dbunit.JdbcDatabaseTester - getConnection() - start
23:05:17.585 [main] DEBUG org.dbunit.assertion.SimpleAssert - assertNotNullNorEmpty(propertyName=connectionUrl, property=jdbc:mysql://127.0.0.1/orderingsystem_test) - start
23:05:17.597 [main] DEBUG org.dbunit.util.SQLHelper - isEscaped returns 'false' for tableName= (dbIdentifierQuoteString=`)
23:05:17.597 [main] DEBUG o.dbunit.database.DatabaseConnection - Database connection info: 
	database product name=MySQL
	database version=5.5.2-m2-community
	database major version=5
	database minor version=5
	jdbc driver name=MySQL-AB JDBC Driver
	jdbc driver version=mysql-connector-java-5.1.16 ( Revision: ${bzr.revision-id} )
	jdbc driver major version=5
	jdbc driver minor version=1

23:05:17.688 [main] DEBUG o.dbunit.database.DatabaseConnection - validateSchema(validateStrict=false) - start
23:05:17.689 [main] WARN  o.dbunit.database.DatabaseConnection - The given schema '' does not exist.
23:05:17.689 [main] DEBUG org.dbunit.DefaultOperationListener - connectionCreated(connection=org.dbunit.database.DatabaseConnection[schema=, connection=com.mysql.jdbc.JDBC4Connection@19a32e0, super=_databaseConfig=org.dbunit.database.DatabaseConfig[, _propertyMap={http://www.dbunit.org/properties/statementFactory=org.dbunit.database.statement.PreparedStatementFactory@8238f4, http://www.dbunit.org/features/caseSensitiveTableNames=false, http://www.dbunit.org/properties/fetchSize=100, http://www.dbunit.org/features/batchedStatements=false, http://www.dbunit.org/properties/metadataHandler=org.dbunit.database.DefaultMetadataHandler@16925b0, http://www.dbunit.org/properties/datatypeFactory=org.dbunit.dataset.datatype.DefaultDataTypeFactory[_toleratedDeltaMap=org.dbunit.dataset.datatype.ToleratedDeltaMap@297ffb], http://www.dbunit.org/properties/escapePattern=null, http://www.dbunit.org/properties/batchSize=100, http://www.dbunit.org/features/qualifiedTableNames=false, http://www.dbunit.org/properties/tableType=[Ljava.lang.String;@914f6a, http://www.dbunit.org/properties/resultSetTableFactory=org.dbunit.database.CachedResultSetTableFactory@1f4cbee, http://www.dbunit.org/features/datatypeWarning=true}], _dataSet=null]) - start
23:05:17.690 [main] DEBUG org.dbunit.AbstractDatabaseTester - getDataSet() - start
23:05:17.690 [main] DEBUG o.d.operation.CompositeOperation - execute(connection=org.dbunit.database.DatabaseConnection[schema=, connection=com.mysql.jdbc.JDBC4Connection@19a32e0, super=_databaseConfig=org.dbunit.database.DatabaseConfig[, _propertyMap={http://www.dbunit.org/properties/statementFactory=org.dbunit.database.statement.PreparedStatementFactory@8238f4, http://www.dbunit.org/features/caseSensitiveTableNames=false, http://www.dbunit.org/properties/fetchSize=100, http://www.dbunit.org/features/batchedStatements=false, http://www.dbunit.org/properties/metadataHandler=org.dbunit.database.DefaultMetadataHandler@16925b0, http://www.dbunit.org/properties/datatypeFactory=org.dbunit.dataset.datatype.DefaultDataTypeFactory[_toleratedDeltaMap=org.dbunit.dataset.datatype.ToleratedDeltaMap@297ffb], http://www.dbunit.org/properties/escapePattern=null, http://www.dbunit.org/properties/batchSize=100, http://www.dbunit.org/features/qualifiedTableNames=false, http://www.dbunit.org/properties/tableType=[Ljava.lang.String;@914f6a, http://www.dbunit.org/properties/resultSetTableFactory=org.dbunit.database.CachedResultSetTableFactory@1f4cbee, http://www.dbunit.org/features/datatypeWarning=true}], _dataSet=null], , dataSet=AbstractDataSet[_orderedTableNameMap=null]) - start
23:05:17.691 [main] DEBUG o.d.operation.DeleteAllOperation - execute(connection=org.dbunit.database.DatabaseConnection[schema=, connection=com.mysql.jdbc.JDBC4Connection@19a32e0, super=_databaseConfig=org.dbunit.database.DatabaseConfig[, _propertyMap={http://www.dbunit.org/properties/statementFactory=org.dbunit.database.statement.PreparedStatementFactory@8238f4, http://www.dbunit.org/features/caseSensitiveTableNames=false, http://www.dbunit.org/properties/fetchSize=100, http://www.dbunit.org/features/batchedStatements=false, http://www.dbunit.org/properties/metadataHandler=org.dbunit.database.DefaultMetadataHandler@16925b0, http://www.dbunit.org/properties/datatypeFactory=org.dbunit.dataset.datatype.DefaultDataTypeFactory[_toleratedDeltaMap=org.dbunit.dataset.datatype.ToleratedDeltaMap@297ffb], http://www.dbunit.org/properties/escapePattern=null, http://www.dbunit.org/properties/batchSize=100, http://www.dbunit.org/features/qualifiedTableNames=false, http://www.dbunit.org/properties/tableType=[Ljava.lang.String;@914f6a, http://www.dbunit.org/properties/resultSetTableFactory=org.dbunit.database.CachedResultSetTableFactory@1f4cbee, http://www.dbunit.org/features/datatypeWarning=true}], _dataSet=null], dataSet=AbstractDataSet[_orderedTableNameMap=null]) - start
23:05:17.695 [main] DEBUG o.d.d.AbstractDatabaseConnection - createDataSet() - start
23:05:17.698 [main] DEBUG o.d.d.s.PreparedStatementFactory - createBatchStatement(connection=org.dbunit.database.DatabaseConnection[schema=, connection=com.mysql.jdbc.JDBC4Connection@19a32e0, super=_databaseConfig=org.dbunit.database.DatabaseConfig[, _propertyMap={http://www.dbunit.org/properties/statementFactory=org.dbunit.database.statement.PreparedStatementFactory@8238f4, http://www.dbunit.org/features/caseSensitiveTableNames=false, http://www.dbunit.org/properties/fetchSize=100, http://www.dbunit.org/features/batchedStatements=false, http://www.dbunit.org/properties/metadataHandler=org.dbunit.database.DefaultMetadataHandler@16925b0, http://www.dbunit.org/properties/datatypeFactory=org.dbunit.dataset.datatype.DefaultDataTypeFactory[_toleratedDeltaMap=org.dbunit.dataset.datatype.ToleratedDeltaMap@297ffb], http://www.dbunit.org/properties/escapePattern=null, http://www.dbunit.org/properties/batchSize=100, http://www.dbunit.org/features/qualifiedTableNames=false, http://www.dbunit.org/properties/tableType=[Ljava.lang.String;@914f6a, http://www.dbunit.org/properties/resultSetTableFactory=org.dbunit.database.CachedResultSetTableFactory@1f4cbee, http://www.dbunit.org/features/datatypeWarning=true}], _dataSet=AbstractDataSet[_orderedTableNameMap=null]]) - start
23:05:17.698 [main] DEBUG o.d.d.s.AbstractStatementFactory - supportBatchStatement(connection=org.dbunit.database.DatabaseConnection[schema=, connection=com.mysql.jdbc.JDBC4Connection@19a32e0, super=_databaseConfig=org.dbunit.database.DatabaseConfig[, _propertyMap={http://www.dbunit.org/properties/statementFactory=org.dbunit.database.statement.PreparedStatementFactory@8238f4, http://www.dbunit.org/features/caseSensitiveTableNames=false, http://www.dbunit.org/properties/fetchSize=100, http://www.dbunit.org/features/batchedStatements=false, http://www.dbunit.org/properties/metadataHandler=org.dbunit.database.DefaultMetadataHandler@16925b0, http://www.dbunit.org/properties/datatypeFactory=org.dbunit.dataset.datatype.DefaultDataTypeFactory[_toleratedDeltaMap=org.dbunit.dataset.datatype.ToleratedDeltaMap@297ffb], http://www.dbunit.org/properties/escapePattern=null, http://www.dbunit.org/properties/batchSize=100, http://www.dbunit.org/features/qualifiedTableNames=false, http://www.dbunit.org/properties/tableType=[Ljava.lang.String;@914f6a, http://www.dbunit.org/properties/resultSetTableFactory=org.dbunit.database.CachedResultSetTableFactory@1f4cbee, http://www.dbunit.org/features/datatypeWarning=true}], _dataSet=AbstractDataSet[_orderedTableNameMap=null]]) - start
23:05:17.704 [main] DEBUG org.dbunit.dataset.AbstractDataSet - iterator() - start
23:05:17.704 [main] DEBUG org.dbunit.dataset.CachedDataSet - createIterator(reversed=false) - start
23:05:17.704 [main] DEBUG o.dbunit.dataset.OrderedTableNameMap - orderedValues() - start
23:05:17.704 [main] DEBUG o.dbunit.dataset.OrderedTableNameMap - getTableName(tableName=customers) - start
23:05:17.704 [main] DEBUG o.dbunit.dataset.OrderedTableNameMap - getTableName(tableName=customers) - end - result=CUSTOMERS
23:05:17.704 [main] DEBUG o.dbunit.dataset.OrderedTableNameMap - getTableName(tableName=products) - start
23:05:17.707 [main] DEBUG o.dbunit.dataset.OrderedTableNameMap - getTableName(tableName=products) - end - result=PRODUCTS
23:05:17.707 [main] DEBUG o.dbunit.dataset.OrderedTableNameMap - getTableName(tableName=orders) - start
23:05:17.707 [main] DEBUG o.dbunit.dataset.OrderedTableNameMap - getTableName(tableName=orders) - end - result=ORDERS
23:05:17.707 [main] DEBUG o.dbunit.dataset.OrderedTableNameMap - getTableName(tableName=order_items) - start
23:05:17.707 [main] DEBUG o.dbunit.dataset.OrderedTableNameMap - getTableName(tableName=order_items) - end - result=ORDER_ITEMS
23:05:17.713 [main] DEBUG o.d.dataset.DefaultTableIterator - getTableMetaData() - start
23:05:17.713 [main] DEBUG o.d.dataset.DefaultTableIterator - getTable() - start
23:05:17.713 [main] DEBUG o.d.dataset.DefaultTableIterator - getTableMetaData() - start
23:05:17.713 [main] DEBUG o.d.dataset.DefaultTableIterator - getTable() - start
23:05:17.713 [main] DEBUG o.d.dataset.DefaultTableIterator - getTableMetaData() - start
23:05:17.713 [main] DEBUG o.d.dataset.DefaultTableIterator - getTable() - start
23:05:17.713 [main] DEBUG o.d.dataset.DefaultTableIterator - getTableMetaData() - start
23:05:17.714 [main] DEBUG o.d.dataset.DefaultTableIterator - getTable() - start
23:05:17.714 [main] DEBUG org.dbunit.database.DatabaseDataSet - getTableMetaData(tableName=order_items) - start
23:05:17.714 [main] DEBUG org.dbunit.database.DatabaseDataSet - initialize() - start
23:05:17.714 [main] DEBUG org.dbunit.database.DatabaseDataSet - Initializing the data set from the database...
23:05:17.718 [main] DEBUG org.dbunit.database.DatabaseDataSet - 
	database product name=MySQL
	database version=5.5.2-m2-community
	database major version=5
	database minor version=5
	jdbc driver name=MySQL-AB JDBC Driver
	jdbc driver version=mysql-connector-java-5.1.16 ( Revision: ${bzr.revision-id} )
	jdbc driver major version=5
	jdbc driver minor version=1

23:05:17.718 [main] DEBUG org.dbunit.database.DatabaseDataSet - metadata resultset=com.mysql.jdbc.JDBC4ResultSet@1742700
23:05:17.720 [main] DEBUG org.dbunit.util.QualifiedTableName - getQualifiedNameIfEnabled(config=org.dbunit.database.DatabaseConfig[, _propertyMap={http://www.dbunit.org/properties/statementFactory=org.dbunit.database.statement.PreparedStatementFactory@8238f4, http://www.dbunit.org/features/caseSensitiveTableNames=false, http://www.dbunit.org/properties/fetchSize=100, http://www.dbunit.org/features/batchedStatements=false, http://www.dbunit.org/properties/metadataHandler=org.dbunit.database.DefaultMetadataHandler@16925b0, http://www.dbunit.org/properties/datatypeFactory=org.dbunit.dataset.datatype.DefaultDataTypeFactory[_toleratedDeltaMap=org.dbunit.dataset.datatype.ToleratedDeltaMap@297ffb], http://www.dbunit.org/properties/escapePattern=null, http://www.dbunit.org/properties/batchSize=100, http://www.dbunit.org/features/qualifiedTableNames=false, http://www.dbunit.org/properties/tableType=[Ljava.lang.String;@914f6a, http://www.dbunit.org/properties/resultSetTableFactory=org.dbunit.database.CachedResultSetTableFactory@1f4cbee, http://www.dbunit.org/features/datatypeWarning=true}]) - start
23:05:17.817 [main] DEBUG org.dbunit.util.QualifiedTableName - Qualified table names feature is disabled. Returning plain table name
23:05:17.817 [main] DEBUG org.dbunit.util.QualifiedTableName - getQualifiedName(prefix=null, name=customers, escapePattern=null) - start
23:05:17.817 [main] DEBUG o.dbunit.dataset.OrderedTableNameMap - add(tableName=customers, object=null) - start
23:05:17.817 [main] DEBUG o.dbunit.dataset.OrderedTableNameMap - getTableName(tableName=customers) - start
23:05:17.817 [main] DEBUG o.dbunit.dataset.OrderedTableNameMap - getTableName(tableName=customers) - end - result=CUSTOMERS
23:05:17.819 [main] DEBUG o.dbunit.dataset.OrderedTableNameMap - getTableName(tableName=CUSTOMERS) - start
23:05:17.819 [main] DEBUG o.dbunit.dataset.OrderedTableNameMap - getTableName(tableName=CUSTOMERS) - end - result=CUSTOMERS
23:05:17.819 [main] DEBUG org.dbunit.util.QualifiedTableName - getQualifiedNameIfEnabled(config=org.dbunit.database.DatabaseConfig[, _propertyMap={http://www.dbunit.org/properties/statementFactory=org.dbunit.database.statement.PreparedStatementFactory@8238f4, http://www.dbunit.org/features/caseSensitiveTableNames=false, http://www.dbunit.org/properties/fetchSize=100, http://www.dbunit.org/features/batchedStatements=false, http://www.dbunit.org/properties/metadataHandler=org.dbunit.database.DefaultMetadataHandler@16925b0, http://www.dbunit.org/properties/datatypeFactory=org.dbunit.dataset.datatype.DefaultDataTypeFactory[_toleratedDeltaMap=org.dbunit.dataset.datatype.ToleratedDeltaMap@297ffb], http://www.dbunit.org/properties/escapePattern=null, http://www.dbunit.org/properties/batchSize=100, http://www.dbunit.org/features/qualifiedTableNames=false, http://www.dbunit.org/properties/tableType=[Ljava.lang.String;@914f6a, http://www.dbunit.org/properties/resultSetTableFactory=org.dbunit.database.CachedResultSetTableFactory@1f4cbee, http://www.dbunit.org/features/datatypeWarning=true}]) - start
23:05:17.823 [main] DEBUG org.dbunit.util.QualifiedTableName - Qualified table names feature is disabled. Returning plain table name
23:05:17.823 [main] DEBUG org.dbunit.util.QualifiedTableName - getQualifiedName(prefix=null, name=inventories, escapePattern=null) - start
23:05:17.823 [main] DEBUG o.dbunit.dataset.OrderedTableNameMap - add(tableName=inventories, object=null) - start
23:05:17.823 [main] DEBUG o.dbunit.dataset.OrderedTableNameMap - getTableName(tableName=inventories) - start
23:05:17.823 [main] DEBUG o.dbunit.dataset.OrderedTableNameMap - getTableName(tableName=inventories) - end - result=INVENTORIES
23:05:17.824 [main] DEBUG o.dbunit.dataset.OrderedTableNameMap - getTableName(tableName=INVENTORIES) - start
23:05:17.824 [main] DEBUG o.dbunit.dataset.OrderedTableNameMap - getTableName(tableName=INVENTORIES) - end - result=INVENTORIES
23:05:17.824 [main] DEBUG org.dbunit.util.QualifiedTableName - getQualifiedNameIfEnabled(config=org.dbunit.database.DatabaseConfig[, _propertyMap={http://www.dbunit.org/properties/statementFactory=org.dbunit.database.statement.PreparedStatementFactory@8238f4, http://www.dbunit.org/features/caseSensitiveTableNames=false, http://www.dbunit.org/properties/fetchSize=100, http://www.dbunit.org/features/batchedStatements=false, http://www.dbunit.org/properties/metadataHandler=org.dbunit.database.DefaultMetadataHandler@16925b0, http://www.dbunit.org/properties/datatypeFactory=org.dbunit.dataset.datatype.DefaultDataTypeFactory[_toleratedDeltaMap=org.dbunit.dataset.datatype.ToleratedDeltaMap@297ffb], http://www.dbunit.org/properties/escapePattern=null, http://www.dbunit.org/properties/batchSize=100, http://www.dbunit.org/features/qualifiedTableNames=false, http://www.dbunit.org/properties/tableType=[Ljava.lang.String;@914f6a, http://www.dbunit.org/properties/resultSetTableFactory=org.dbunit.database.CachedResultSetTableFactory@1f4cbee, http://www.dbunit.org/features/datatypeWarning=true}]) - start
23:05:17.829 [main] DEBUG org.dbunit.util.QualifiedTableName - Qualified table names feature is disabled. Returning plain table name
23:05:17.829 [main] DEBUG org.dbunit.util.QualifiedTableName - getQualifiedName(prefix=null, name=inventory_items, escapePattern=null) - start
23:05:17.829 [main] DEBUG o.dbunit.dataset.OrderedTableNameMap - add(tableName=inventory_items, object=null) - start
23:05:17.829 [main] DEBUG o.dbunit.dataset.OrderedTableNameMap - getTableName(tableName=inventory_items) - start
23:05:17.829 [main] DEBUG o.dbunit.dataset.OrderedTableNameMap - getTableName(tableName=inventory_items) - end - result=INVENTORY_ITEMS
23:05:17.830 [main] DEBUG o.dbunit.dataset.OrderedTableNameMap - getTableName(tableName=INVENTORY_ITEMS) - start
23:05:17.830 [main] DEBUG o.dbunit.dataset.OrderedTableNameMap - getTableName(tableName=INVENTORY_ITEMS) - end - result=INVENTORY_ITEMS
23:05:17.830 [main] DEBUG org.dbunit.util.QualifiedTableName - getQualifiedNameIfEnabled(config=org.dbunit.database.DatabaseConfig[, _propertyMap={http://www.dbunit.org/properties/statementFactory=org.dbunit.database.statement.PreparedStatementFactory@8238f4, http://www.dbunit.org/features/caseSensitiveTableNames=false, http://www.dbunit.org/properties/fetchSize=100, http://www.dbunit.org/features/batchedStatements=false, http://www.dbunit.org/properties/metadataHandler=org.dbunit.database.DefaultMetadataHandler@16925b0, http://www.dbunit.org/properties/datatypeFactory=org.dbunit.dataset.datatype.DefaultDataTypeFactory[_toleratedDeltaMap=org.dbunit.dataset.datatype.ToleratedDeltaMap@297ffb], http://www.dbunit.org/properties/escapePattern=null, http://www.dbunit.org/properties/batchSize=100, http://www.dbunit.org/features/qualifiedTableNames=false, http://www.dbunit.org/properties/tableType=[Ljava.lang.String;@914f6a, http://www.dbunit.org/properties/resultSetTableFactory=org.dbunit.database.CachedResultSetTableFactory@1f4cbee, http://www.dbunit.org/features/datatypeWarning=true}]) - start
23:05:17.835 [main] DEBUG org.dbunit.util.QualifiedTableName - Qualified table names feature is disabled. Returning plain table name
23:05:17.835 [main] DEBUG org.dbunit.util.QualifiedTableName - getQualifiedName(prefix=null, name=order_items, escapePattern=null) - start
23:05:17.835 [main] DEBUG o.dbunit.dataset.OrderedTableNameMap - add(tableName=order_items, object=null) - start
23:05:17.835 [main] DEBUG o.dbunit.dataset.OrderedTableNameMap - getTableName(tableName=order_items) - start
23:05:17.835 [main] DEBUG o.dbunit.dataset.OrderedTableNameMap - getTableName(tableName=order_items) - end - result=ORDER_ITEMS
23:05:17.836 [main] DEBUG o.dbunit.dataset.OrderedTableNameMap - getTableName(tableName=ORDER_ITEMS) - start
23:05:17.836 [main] DEBUG o.dbunit.dataset.OrderedTableNameMap - getTableName(tableName=ORDER_ITEMS) - end - result=ORDER_ITEMS
23:05:17.836 [main] DEBUG org.dbunit.util.QualifiedTableName - getQualifiedNameIfEnabled(config=org.dbunit.database.DatabaseConfig[, _propertyMap={http://www.dbunit.org/properties/statementFactory=org.dbunit.database.statement.PreparedStatementFactory@8238f4, http://www.dbunit.org/features/caseSensitiveTableNames=false, http://www.dbunit.org/properties/fetchSize=100, http://www.dbunit.org/features/batchedStatements=false, http://www.dbunit.org/properties/metadataHandler=org.dbunit.database.DefaultMetadataHandler@16925b0, http://www.dbunit.org/properties/datatypeFactory=org.dbunit.dataset.datatype.DefaultDataTypeFactory[_toleratedDeltaMap=org.dbunit.dataset.datatype.ToleratedDeltaMap@297ffb], http://www.dbunit.org/properties/escapePattern=null, http://www.dbunit.org/properties/batchSize=100, http://www.dbunit.org/features/qualifiedTableNames=false, http://www.dbunit.org/properties/tableType=[Ljava.lang.String;@914f6a, http://www.dbunit.org/properties/resultSetTableFactory=org.dbunit.database.CachedResultSetTableFactory@1f4cbee, http://www.dbunit.org/features/datatypeWarning=true}]) - start
23:05:17.840 [main] DEBUG org.dbunit.util.QualifiedTableName - Qualified table names feature is disabled. Returning plain table name
23:05:17.841 [main] DEBUG org.dbunit.util.QualifiedTableName - getQualifiedName(prefix=null, name=orders, escapePattern=null) - start
23:05:17.841 [main] DEBUG o.dbunit.dataset.OrderedTableNameMap - add(tableName=orders, object=null) - start
23:05:17.841 [main] DEBUG o.dbunit.dataset.OrderedTableNameMap - getTableName(tableName=orders) - start
23:05:17.841 [main] DEBUG o.dbunit.dataset.OrderedTableNameMap - getTableName(tableName=orders) - end - result=ORDERS
23:05:17.842 [main] DEBUG o.dbunit.dataset.OrderedTableNameMap - getTableName(tableName=ORDERS) - start
23:05:17.842 [main] DEBUG o.dbunit.dataset.OrderedTableNameMap - getTableName(tableName=ORDERS) - end - result=ORDERS
23:05:17.842 [main] DEBUG org.dbunit.util.QualifiedTableName - getQualifiedNameIfEnabled(config=org.dbunit.database.DatabaseConfig[, _propertyMap={http://www.dbunit.org/properties/statementFactory=org.dbunit.database.statement.PreparedStatementFactory@8238f4, http://www.dbunit.org/features/caseSensitiveTableNames=false, http://www.dbunit.org/properties/fetchSize=100, http://www.dbunit.org/features/batchedStatements=false, http://www.dbunit.org/properties/metadataHandler=org.dbunit.database.DefaultMetadataHandler@16925b0, http://www.dbunit.org/properties/datatypeFactory=org.dbunit.dataset.datatype.DefaultDataTypeFactory[_toleratedDeltaMap=org.dbunit.dataset.datatype.ToleratedDeltaMap@297ffb], http://www.dbunit.org/properties/escapePattern=null, http://www.dbunit.org/properties/batchSize=100, http://www.dbunit.org/features/qualifiedTableNames=false, http://www.dbunit.org/properties/tableType=[Ljava.lang.String;@914f6a, http://www.dbunit.org/properties/resultSetTableFactory=org.dbunit.database.CachedResultSetTableFactory@1f4cbee, http://www.dbunit.org/features/datatypeWarning=true}]) - start
23:05:17.846 [main] DEBUG org.dbunit.util.QualifiedTableName - Qualified table names feature is disabled. Returning plain table name
23:05:17.847 [main] DEBUG org.dbunit.util.QualifiedTableName - getQualifiedName(prefix=null, name=products, escapePattern=null) - start
23:05:17.847 [main] DEBUG o.dbunit.dataset.OrderedTableNameMap - add(tableName=products, object=null) - start
23:05:17.847 [main] DEBUG o.dbunit.dataset.OrderedTableNameMap - getTableName(tableName=products) - start
23:05:17.847 [main] DEBUG o.dbunit.dataset.OrderedTableNameMap - getTableName(tableName=products) - end - result=PRODUCTS
23:05:17.847 [main] DEBUG o.dbunit.dataset.OrderedTableNameMap - getTableName(tableName=PRODUCTS) - start
23:05:17.848 [main] DEBUG o.dbunit.dataset.OrderedTableNameMap - getTableName(tableName=PRODUCTS) - end - result=PRODUCTS
23:05:17.848 [main] DEBUG o.dbunit.dataset.OrderedTableNameMap - getTableName(tableName=order_items) - start
23:05:17.848 [main] DEBUG o.dbunit.dataset.OrderedTableNameMap - getTableName(tableName=order_items) - end - result=ORDER_ITEMS
23:05:17.848 [main] DEBUG o.dbunit.dataset.OrderedTableNameMap - getTableName(tableName=order_items) - start
23:05:17.852 [main] DEBUG o.dbunit.dataset.OrderedTableNameMap - getTableName(tableName=order_items) - end - result=ORDER_ITEMS
23:05:17.854 [main] DEBUG org.dbunit.util.SQLHelper - isEscaped returns 'false' for tableName=order_items (dbIdentifierQuoteString=`)
23:05:17.854 [main] DEBUG o.d.database.DatabaseTableMetaData - Validating if table 'order_items' exists in schema '' ...
23:05:17.859 [main] DEBUG org.dbunit.util.SQLHelper - close(resultSet=com.mysql.jdbc.JDBC4ResultSet@12884e0) - start
23:05:17.859 [main] DEBUG o.dbunit.dataset.OrderedTableNameMap - update(tableName=order_items, object=table=order_items, cols=[(id, INTEGER, noNulls), (order_order_number, INTEGER, noNulls), (product_sku_number, INTEGER, noNulls), (quantity, INTEGER, noNulls)], pk=[(id, INTEGER, noNulls)]) - start
23:05:17.876 [main] DEBUG o.dbunit.dataset.OrderedTableNameMap - getTableName(tableName=order_items) - start
23:05:17.956 [main] DEBUG o.dbunit.dataset.OrderedTableNameMap - getTableName(tableName=order_items) - end - result=ORDER_ITEMS
23:05:17.956 [main] DEBUG o.dbunit.dataset.OrderedTableNameMap - getTableName(tableName=order_items) - start
23:05:17.956 [main] DEBUG o.dbunit.dataset.OrderedTableNameMap - getTableName(tableName=order_items) - end - result=ORDER_ITEMS
23:05:17.956 [main] DEBUG o.dbunit.operation.AbstractOperation - getQualifiedName(prefix=, name=order_items, connection=org.dbunit.database.DatabaseConnection[schema=, connection=com.mysql.jdbc.JDBC4Connection@19a32e0, super=_databaseConfig=org.dbunit.database.DatabaseConfig[, _propertyMap={http://www.dbunit.org/properties/statementFactory=org.dbunit.database.statement.PreparedStatementFactory@8238f4, http://www.dbunit.org/features/caseSensitiveTableNames=false, http://www.dbunit.org/properties/fetchSize=100, http://www.dbunit.org/features/batchedStatements=false, http://www.dbunit.org/properties/metadataHandler=org.dbunit.database.DefaultMetadataHandler@16925b0, http://www.dbunit.org/properties/datatypeFactory=org.dbunit.dataset.datatype.DefaultDataTypeFactory[_toleratedDeltaMap=org.dbunit.dataset.datatype.ToleratedDeltaMap@297ffb], http://www.dbunit.org/properties/escapePattern=null, http://www.dbunit.org/properties/batchSize=100, http://www.dbunit.org/features/qualifiedTableNames=false, http://www.dbunit.org/properties/tableType=[Ljava.lang.String;@914f6a, http://www.dbunit.org/properties/resultSetTableFactory=org.dbunit.database.CachedResultSetTableFactory@1f4cbee, http://www.dbunit.org/features/datatypeWarning=true}], _dataSet=AbstractDataSet[_orderedTableNameMap=null]]) - start
23:05:17.957 [main] DEBUG org.dbunit.util.QualifiedTableName - getQualifiedName() - start
23:05:17.957 [main] DEBUG org.dbunit.util.QualifiedTableName - getQualifiedName(prefix=, name=order_items, escapePattern=null) - start
23:05:17.957 [main] DEBUG o.d.d.statement.SimpleStatement - addBatch(sql=delete from order_items) - start
23:05:17.957 [main] DEBUG o.d.operation.DeleteAllOperation - Added SQL: delete from order_items
23:05:17.957 [main] DEBUG org.dbunit.database.DatabaseDataSet - getTableMetaData(tableName=orders) - start
23:05:17.958 [main] DEBUG org.dbunit.database.DatabaseDataSet - initialize() - start
23:05:17.958 [main] DEBUG o.dbunit.dataset.OrderedTableNameMap - getTableName(tableName=orders) - start
23:05:17.958 [main] DEBUG o.dbunit.dataset.OrderedTableNameMap - getTableName(tableName=orders) - end - result=ORDERS
23:05:17.958 [main] DEBUG o.dbunit.dataset.OrderedTableNameMap - getTableName(tableName=orders) - start
23:05:17.959 [main] DEBUG o.dbunit.dataset.OrderedTableNameMap - getTableName(tableName=orders) - end - result=ORDERS
23:05:17.964 [main] DEBUG org.dbunit.util.SQLHelper - isEscaped returns 'false' for tableName=orders (dbIdentifierQuoteString=`)
23:05:17.964 [main] DEBUG o.d.database.DatabaseTableMetaData - Validating if table 'orders' exists in schema '' ...
23:05:17.965 [main] DEBUG org.dbunit.util.SQLHelper - close(resultSet=com.mysql.jdbc.JDBC4ResultSet@1e228bc) - start
23:05:17.966 [main] DEBUG o.dbunit.dataset.OrderedTableNameMap - update(tableName=orders, object=table=orders, cols=[(order_number, INTEGER, noNulls), (customer_id, INTEGER, noNulls), (date, DATE, noNulls), (amount, DECIMAL, noNulls), (order_status, VARCHAR, noNulls), (discount_status, VARCHAR, noNulls)], pk=[(order_number, INTEGER, noNulls)]) - start
23:05:17.974 [main] DEBUG o.dbunit.dataset.OrderedTableNameMap - getTableName(tableName=orders) - start
23:05:17.975 [main] DEBUG o.dbunit.dataset.OrderedTableNameMap - getTableName(tableName=orders) - end - result=ORDERS
23:05:18.068 [main] DEBUG o.dbunit.dataset.OrderedTableNameMap - getTableName(tableName=orders) - start
23:05:18.068 [main] DEBUG o.dbunit.dataset.OrderedTableNameMap - getTableName(tableName=orders) - end - result=ORDERS
23:05:18.068 [main] DEBUG o.dbunit.operation.AbstractOperation - getQualifiedName(prefix=, name=orders, connection=org.dbunit.database.DatabaseConnection[schema=, connection=com.mysql.jdbc.JDBC4Connection@19a32e0, super=_databaseConfig=org.dbunit.database.DatabaseConfig[, _propertyMap={http://www.dbunit.org/properties/statementFactory=org.dbunit.database.statement.PreparedStatementFactory@8238f4, http://www.dbunit.org/features/caseSensitiveTableNames=false, http://www.dbunit.org/properties/fetchSize=100, http://www.dbunit.org/features/batchedStatements=false, http://www.dbunit.org/properties/metadataHandler=org.dbunit.database.DefaultMetadataHandler@16925b0, http://www.dbunit.org/properties/datatypeFactory=org.dbunit.dataset.datatype.DefaultDataTypeFactory[_toleratedDeltaMap=org.dbunit.dataset.datatype.ToleratedDeltaMap@297ffb], http://www.dbunit.org/properties/escapePattern=null, http://www.dbunit.org/properties/batchSize=100, http://www.dbunit.org/features/qualifiedTableNames=false, http://www.dbunit.org/properties/tableType=[Ljava.lang.String;@914f6a, http://www.dbunit.org/properties/resultSetTableFactory=org.dbunit.database.CachedResultSetTableFactory@1f4cbee, http://www.dbunit.org/features/datatypeWarning=true}], _dataSet=AbstractDataSet[_orderedTableNameMap=null]]) - start
23:05:18.069 [main] DEBUG org.dbunit.util.QualifiedTableName - getQualifiedName() - start
23:05:18.069 [main] DEBUG org.dbunit.util.QualifiedTableName - getQualifiedName(prefix=, name=orders, escapePattern=null) - start
23:05:18.069 [main] DEBUG o.d.d.statement.SimpleStatement - addBatch(sql=delete from orders) - start
23:05:18.069 [main] DEBUG o.d.operation.DeleteAllOperation - Added SQL: delete from orders
23:05:18.069 [main] DEBUG org.dbunit.database.DatabaseDataSet - getTableMetaData(tableName=products) - start
23:05:18.070 [main] DEBUG org.dbunit.database.DatabaseDataSet - initialize() - start
23:05:18.070 [main] DEBUG o.dbunit.dataset.OrderedTableNameMap - getTableName(tableName=products) - start
23:05:18.070 [main] DEBUG o.dbunit.dataset.OrderedTableNameMap - getTableName(tableName=products) - end - result=PRODUCTS
23:05:18.070 [main] DEBUG o.dbunit.dataset.OrderedTableNameMap - getTableName(tableName=products) - start
23:05:18.070 [main] DEBUG o.dbunit.dataset.OrderedTableNameMap - getTableName(tableName=products) - end - result=PRODUCTS
23:05:18.075 [main] DEBUG org.dbunit.util.SQLHelper - isEscaped returns 'false' for tableName=products (dbIdentifierQuoteString=`)
23:05:18.075 [main] DEBUG o.d.database.DatabaseTableMetaData - Validating if table 'products' exists in schema '' ...
23:05:18.076 [main] DEBUG org.dbunit.util.SQLHelper - close(resultSet=com.mysql.jdbc.JDBC4ResultSet@97eded) - start
23:05:18.076 [main] DEBUG o.dbunit.dataset.OrderedTableNameMap - update(tableName=products, object=table=products, cols=[(sku_number, INTEGER, noNulls), (name, VARCHAR, noNulls), (amount, DECIMAL, noNulls)], pk=[(sku_number, INTEGER, noNulls)]) - start
23:05:18.084 [main] DEBUG o.dbunit.dataset.OrderedTableNameMap - getTableName(tableName=products) - start
23:05:18.084 [main] DEBUG o.dbunit.dataset.OrderedTableNameMap - getTableName(tableName=products) - end - result=PRODUCTS
23:05:18.084 [main] DEBUG o.dbunit.dataset.OrderedTableNameMap - getTableName(tableName=products) - start
23:05:18.179 [main] DEBUG o.dbunit.dataset.OrderedTableNameMap - getTableName(tableName=products) - end - result=PRODUCTS
23:05:18.179 [main] DEBUG o.dbunit.operation.AbstractOperation - getQualifiedName(prefix=, name=products, connection=org.dbunit.database.DatabaseConnection[schema=, connection=com.mysql.jdbc.JDBC4Connection@19a32e0, super=_databaseConfig=org.dbunit.database.DatabaseConfig[, _propertyMap={http://www.dbunit.org/properties/statementFactory=org.dbunit.database.statement.PreparedStatementFactory@8238f4, http://www.dbunit.org/features/caseSensitiveTableNames=false, http://www.dbunit.org/properties/fetchSize=100, http://www.dbunit.org/features/batchedStatements=false, http://www.dbunit.org/properties/metadataHandler=org.dbunit.database.DefaultMetadataHandler@16925b0, http://www.dbunit.org/properties/datatypeFactory=org.dbunit.dataset.datatype.DefaultDataTypeFactory[_toleratedDeltaMap=org.dbunit.dataset.datatype.ToleratedDeltaMap@297ffb], http://www.dbunit.org/properties/escapePattern=null, http://www.dbunit.org/properties/batchSize=100, http://www.dbunit.org/features/qualifiedTableNames=false, http://www.dbunit.org/properties/tableType=[Ljava.lang.String;@914f6a, http://www.dbunit.org/properties/resultSetTableFactory=org.dbunit.database.CachedResultSetTableFactory@1f4cbee, http://www.dbunit.org/features/datatypeWarning=true}], _dataSet=AbstractDataSet[_orderedTableNameMap=null]]) - start
23:05:18.180 [main] DEBUG org.dbunit.util.QualifiedTableName - getQualifiedName() - start
23:05:18.180 [main] DEBUG org.dbunit.util.QualifiedTableName - getQualifiedName(prefix=, name=products, escapePattern=null) - start
23:05:18.180 [main] DEBUG o.d.d.statement.SimpleStatement - addBatch(sql=delete from products) - start
23:05:18.180 [main] DEBUG o.d.operation.DeleteAllOperation - Added SQL: delete from products
23:05:18.180 [main] DEBUG org.dbunit.database.DatabaseDataSet - getTableMetaData(tableName=customers) - start
23:05:18.181 [main] DEBUG org.dbunit.database.DatabaseDataSet - initialize() - start
23:05:18.181 [main] DEBUG o.dbunit.dataset.OrderedTableNameMap - getTableName(tableName=customers) - start
23:05:18.181 [main] DEBUG o.dbunit.dataset.OrderedTableNameMap - getTableName(tableName=customers) - end - result=CUSTOMERS
23:05:18.181 [main] DEBUG o.dbunit.dataset.OrderedTableNameMap - getTableName(tableName=customers) - start
23:05:18.181 [main] DEBUG o.dbunit.dataset.OrderedTableNameMap - getTableName(tableName=customers) - end - result=CUSTOMERS
23:05:18.185 [main] DEBUG org.dbunit.util.SQLHelper - isEscaped returns 'false' for tableName=customers (dbIdentifierQuoteString=`)
23:05:18.185 [main] DEBUG o.d.database.DatabaseTableMetaData - Validating if table 'customers' exists in schema '' ...
23:05:18.187 [main] DEBUG org.dbunit.util.SQLHelper - close(resultSet=com.mysql.jdbc.JDBC4ResultSet@127fa12) - start
23:05:18.187 [main] DEBUG o.dbunit.dataset.OrderedTableNameMap - update(tableName=customers, object=table=customers, cols=[(id, INTEGER, noNulls), (name, VARCHAR, nullable)], pk=[(id, INTEGER, noNulls)]) - start
23:05:18.194 [main] DEBUG o.dbunit.dataset.OrderedTableNameMap - getTableName(tableName=customers) - start
23:05:18.194 [main] DEBUG o.dbunit.dataset.OrderedTableNameMap - getTableName(tableName=customers) - end - result=CUSTOMERS
23:05:18.195 [main] DEBUG o.dbunit.dataset.OrderedTableNameMap - getTableName(tableName=customers) - start
23:05:18.291 [main] DEBUG o.dbunit.dataset.OrderedTableNameMap - getTableName(tableName=customers) - end - result=CUSTOMERS
23:05:18.291 [main] DEBUG o.dbunit.operation.AbstractOperation - getQualifiedName(prefix=, name=customers, connection=org.dbunit.database.DatabaseConnection[schema=, connection=com.mysql.jdbc.JDBC4Connection@19a32e0, super=_databaseConfig=org.dbunit.database.DatabaseConfig[, _propertyMap={http://www.dbunit.org/properties/statementFactory=org.dbunit.database.statement.PreparedStatementFactory@8238f4, http://www.dbunit.org/features/caseSensitiveTableNames=false, http://www.dbunit.org/properties/fetchSize=100, http://www.dbunit.org/features/batchedStatements=false, http://www.dbunit.org/properties/metadataHandler=org.dbunit.database.DefaultMetadataHandler@16925b0, http://www.dbunit.org/properties/datatypeFactory=org.dbunit.dataset.datatype.DefaultDataTypeFactory[_toleratedDeltaMap=org.dbunit.dataset.datatype.ToleratedDeltaMap@297ffb], http://www.dbunit.org/properties/escapePattern=null, http://www.dbunit.org/properties/batchSize=100, http://www.dbunit.org/features/qualifiedTableNames=false, http://www.dbunit.org/properties/tableType=[Ljava.lang.String;@914f6a, http://www.dbunit.org/properties/resultSetTableFactory=org.dbunit.database.CachedResultSetTableFactory@1f4cbee, http://www.dbunit.org/features/datatypeWarning=true}], _dataSet=AbstractDataSet[_orderedTableNameMap=null]]) - start
23:05:18.292 [main] DEBUG org.dbunit.util.QualifiedTableName - getQualifiedName() - start
23:05:18.293 [main] DEBUG org.dbunit.util.QualifiedTableName - getQualifiedName(prefix=, name=customers, escapePattern=null) - start
23:05:18.293 [main] DEBUG o.d.d.statement.SimpleStatement - addBatch(sql=delete from customers) - start
23:05:18.293 [main] DEBUG o.d.operation.DeleteAllOperation - Added SQL: delete from customers
23:05:18.293 [main] DEBUG o.d.d.statement.SimpleStatement - executeBatch() - start
23:05:18.293 [main] DEBUG o.d.d.statement.SimpleStatement - DbUnit SQL: delete from order_items
23:05:18.298 [main] DEBUG o.d.d.statement.SimpleStatement - DbUnit SQL: delete from orders
23:05:18.298 [main] DEBUG o.d.d.statement.SimpleStatement - DbUnit SQL: delete from products
23:05:18.298 [main] DEBUG o.d.d.statement.SimpleStatement - DbUnit SQL: delete from customers
23:05:18.298 [main] DEBUG o.d.d.statement.SimpleStatement - clearBatch() - start
23:05:18.298 [main] DEBUG o.d.d.s.AbstractBatchStatement - close() - start
23:05:18.298 [main] DEBUG o.d.operation.AbstractBatchOperation - execute(connection=org.dbunit.database.DatabaseConnection[schema=, connection=com.mysql.jdbc.JDBC4Connection@19a32e0, super=_databaseConfig=org.dbunit.database.DatabaseConfig[, _propertyMap={http://www.dbunit.org/properties/statementFactory=org.dbunit.database.statement.PreparedStatementFactory@8238f4, http://www.dbunit.org/features/caseSensitiveTableNames=false, http://www.dbunit.org/properties/fetchSize=100, http://www.dbunit.org/features/batchedStatements=false, http://www.dbunit.org/properties/metadataHandler=org.dbunit.database.DefaultMetadataHandler@16925b0, http://www.dbunit.org/properties/datatypeFactory=org.dbunit.dataset.datatype.DefaultDataTypeFactory[_toleratedDeltaMap=org.dbunit.dataset.datatype.ToleratedDeltaMap@297ffb], http://www.dbunit.org/properties/escapePattern=null, http://www.dbunit.org/properties/batchSize=100, http://www.dbunit.org/features/qualifiedTableNames=false, http://www.dbunit.org/properties/tableType=[Ljava.lang.String;@914f6a, http://www.dbunit.org/properties/resultSetTableFactory=org.dbunit.database.CachedResultSetTableFactory@1f4cbee, http://www.dbunit.org/features/datatypeWarning=true}], _dataSet=AbstractDataSet[_orderedTableNameMap=null]], dataSet=AbstractDataSet[_orderedTableNameMap=null]) - start
23:05:18.299 [main] DEBUG org.dbunit.dataset.AbstractDataSet - iterator() - start
23:05:18.299 [main] DEBUG org.dbunit.dataset.CachedDataSet - createIterator(reversed=false) - start
23:05:18.299 [main] DEBUG o.dbunit.dataset.OrderedTableNameMap - orderedValues() - start
23:05:18.299 [main] DEBUG o.dbunit.dataset.OrderedTableNameMap - getTableName(tableName=customers) - start
23:05:18.299 [main] DEBUG o.dbunit.dataset.OrderedTableNameMap - getTableName(tableName=customers) - end - result=CUSTOMERS
23:05:18.299 [main] DEBUG o.dbunit.dataset.OrderedTableNameMap - getTableName(tableName=products) - start
23:05:18.301 [main] DEBUG o.dbunit.dataset.OrderedTableNameMap - getTableName(tableName=products) - end - result=PRODUCTS
23:05:18.301 [main] DEBUG o.dbunit.dataset.OrderedTableNameMap - getTableName(tableName=orders) - start
23:05:18.301 [main] DEBUG o.dbunit.dataset.OrderedTableNameMap - getTableName(tableName=orders) - end - result=ORDERS
23:05:18.301 [main] DEBUG o.dbunit.dataset.OrderedTableNameMap - getTableName(tableName=order_items) - start
23:05:18.301 [main] DEBUG o.dbunit.dataset.OrderedTableNameMap - getTableName(tableName=order_items) - end - result=ORDER_ITEMS
23:05:18.306 [main] DEBUG o.d.dataset.DefaultTableIterator - getTable() - start
23:05:18.306 [main] DEBUG o.d.operation.AbstractBatchOperation - isEmpty(table=org.dbunit.dataset.DefaultTable[_metaData=tableName=customers, columns=[(id, UNKNOWN, nullableUnknown), (name, UNKNOWN, nullableUnknown)], keys=[], _rowList.size()=6]) - start
23:05:18.306 [main] DEBUG org.dbunit.dataset.DefaultTable - getValue(row=0, column=id) - start
23:05:18.306 [main] DEBUG org.dbunit.dataset.AbstractTable - assertValidRowIndex(row=0) - start
23:05:18.308 [main] DEBUG org.dbunit.dataset.AbstractTable - assertValidRowIndex(row=0, rowCount=6) - start
23:05:18.308 [main] DEBUG org.dbunit.dataset.AbstractTable - getColumnIndex(columnName=id) - start
23:05:18.308 [main] DEBUG o.d.dataset.AbstractTableMetaData - getColumnIndex(columnName=id) - start
23:05:18.308 [main] DEBUG o.dbunit.operation.AbstractOperation - getOperationMetaData(connection=org.dbunit.database.DatabaseConnection[schema=, connection=com.mysql.jdbc.JDBC4Connection@19a32e0, super=_databaseConfig=org.dbunit.database.DatabaseConfig[, _propertyMap={http://www.dbunit.org/properties/statementFactory=org.dbunit.database.statement.PreparedStatementFactory@8238f4, http://www.dbunit.org/features/caseSensitiveTableNames=false, http://www.dbunit.org/properties/fetchSize=100, http://www.dbunit.org/features/batchedStatements=false, http://www.dbunit.org/properties/metadataHandler=org.dbunit.database.DefaultMetadataHandler@16925b0, http://www.dbunit.org/properties/datatypeFactory=org.dbunit.dataset.datatype.DefaultDataTypeFactory[_toleratedDeltaMap=org.dbunit.dataset.datatype.ToleratedDeltaMap@297ffb], http://www.dbunit.org/properties/escapePattern=null, http://www.dbunit.org/properties/batchSize=100, http://www.dbunit.org/features/qualifiedTableNames=false, http://www.dbunit.org/properties/tableType=[Ljava.lang.String;@914f6a, http://www.dbunit.org/properties/resultSetTableFactory=org.dbunit.database.CachedResultSetTableFactory@1f4cbee, http://www.dbunit.org/features/datatypeWarning=true}], _dataSet=AbstractDataSet[_orderedTableNameMap=null]], metaData=tableName=customers, columns=[(id, UNKNOWN, nullableUnknown), (name, UNKNOWN, nullableUnknown)], keys=[]) - start
23:05:18.309 [main] DEBUG o.d.d.AbstractDatabaseConnection - createDataSet() - start
23:05:18.310 [main] DEBUG org.dbunit.database.DatabaseDataSet - getTableMetaData(tableName=customers) - start
23:05:18.310 [main] DEBUG org.dbunit.database.DatabaseDataSet - initialize() - start
23:05:18.310 [main] DEBUG o.dbunit.dataset.OrderedTableNameMap - getTableName(tableName=customers) - start
23:05:18.310 [main] DEBUG o.dbunit.dataset.OrderedTableNameMap - getTableName(tableName=customers) - end - result=CUSTOMERS
23:05:18.311 [main] DEBUG o.dbunit.dataset.OrderedTableNameMap - getTableName(tableName=customers) - start
23:05:18.311 [main] DEBUG o.dbunit.dataset.OrderedTableNameMap - getTableName(tableName=customers) - end - result=CUSTOMERS
23:05:18.311 [main] DEBUG o.d.dataset.AbstractTableMetaData - getColumnIndex(columnName=id) - start
23:05:18.311 [main] DEBUG o.d.database.DatabaseTableMetaData - getColumns() - start
23:05:18.311 [main] DEBUG o.d.database.DatabaseTableMetaData - getColumns() - start
23:05:18.311 [main] DEBUG o.d.dataset.AbstractTableMetaData - getColumnIndex(columnName=name) - start
23:05:18.316 [main] DEBUG o.d.database.DatabaseTableMetaData - getColumns() - start
23:05:18.316 [main] DEBUG o.d.database.DatabaseTableMetaData - getPrimaryKeys() - start
23:05:18.316 [main] DEBUG org.dbunit.operation.InsertOperation - getIgnoreMapping(table=org.dbunit.dataset.DefaultTable[_metaData=tableName=customers, columns=[(id, UNKNOWN, nullableUnknown), (name, UNKNOWN, nullableUnknown)], keys=[], _rowList.size()=6], row=0) - start
23:05:18.316 [main] DEBUG org.dbunit.dataset.DefaultTable - getValue(row=0, column=id) - start
23:05:18.318 [main] DEBUG org.dbunit.dataset.AbstractTable - assertValidRowIndex(row=0) - start
23:05:18.318 [main] DEBUG org.dbunit.dataset.AbstractTable - assertValidRowIndex(row=0, rowCount=6) - start
23:05:18.318 [main] DEBUG org.dbunit.dataset.AbstractTable - getColumnIndex(columnName=id) - start
23:05:18.318 [main] DEBUG o.d.dataset.AbstractTableMetaData - getColumnIndex(columnName=id) - start
23:05:18.318 [main] DEBUG org.dbunit.dataset.DefaultTable - getValue(row=0, column=name) - start
23:05:18.318 [main] DEBUG org.dbunit.dataset.AbstractTable - assertValidRowIndex(row=0) - start
23:05:18.318 [main] DEBUG org.dbunit.dataset.AbstractTable - assertValidRowIndex(row=0, rowCount=6) - start
23:05:18.318 [main] DEBUG org.dbunit.dataset.AbstractTable - getColumnIndex(columnName=name) - start
23:05:18.318 [main] DEBUG o.d.dataset.AbstractTableMetaData - getColumnIndex(columnName=name) - start
23:05:18.318 [main] DEBUG org.dbunit.operation.InsertOperation - getOperationData(metaData=tableName=customers, columns=[(id, INTEGER, noNulls), (name, VARCHAR, nullable)], keys=[(id, INTEGER, noNulls)], ignoreMapping={}, connection=org.dbunit.database.DatabaseConnection[schema=, connection=com.mysql.jdbc.JDBC4Connection@19a32e0, super=_databaseConfig=org.dbunit.database.DatabaseConfig[, _propertyMap={http://www.dbunit.org/properties/statementFactory=org.dbunit.database.statement.PreparedStatementFactory@8238f4, http://www.dbunit.org/features/caseSensitiveTableNames=false, http://www.dbunit.org/properties/fetchSize=100, http://www.dbunit.org/features/batchedStatements=false, http://www.dbunit.org/properties/metadataHandler=org.dbunit.database.DefaultMetadataHandler@16925b0, http://www.dbunit.org/properties/datatypeFactory=org.dbunit.dataset.datatype.DefaultDataTypeFactory[_toleratedDeltaMap=org.dbunit.dataset.datatype.ToleratedDeltaMap@297ffb], http://www.dbunit.org/properties/escapePattern=null, http://www.dbunit.org/properties/batchSize=100, http://www.dbunit.org/features/qualifiedTableNames=false, http://www.dbunit.org/properties/tableType=[Ljava.lang.String;@914f6a, http://www.dbunit.org/properties/resultSetTableFactory=org.dbunit.database.CachedResultSetTableFactory@1f4cbee, http://www.dbunit.org/features/datatypeWarning=true}], _dataSet=AbstractDataSet[_orderedTableNameMap=null]]) - start
23:05:18.321 [main] DEBUG o.dbunit.operation.AbstractOperation - getQualifiedName(prefix=, name=customers, connection=org.dbunit.database.DatabaseConnection[schema=, connection=com.mysql.jdbc.JDBC4Connection@19a32e0, super=_databaseConfig=org.dbunit.database.DatabaseConfig[, _propertyMap={http://www.dbunit.org/properties/statementFactory=org.dbunit.database.statement.PreparedStatementFactory@8238f4, http://www.dbunit.org/features/caseSensitiveTableNames=false, http://www.dbunit.org/properties/fetchSize=100, http://www.dbunit.org/features/batchedStatements=false, http://www.dbunit.org/properties/metadataHandler=org.dbunit.database.DefaultMetadataHandler@16925b0, http://www.dbunit.org/properties/datatypeFactory=org.dbunit.dataset.datatype.DefaultDataTypeFactory[_toleratedDeltaMap=org.dbunit.dataset.datatype.ToleratedDeltaMap@297ffb], http://www.dbunit.org/properties/escapePattern=null, http://www.dbunit.org/properties/batchSize=100, http://www.dbunit.org/features/qualifiedTableNames=false, http://www.dbunit.org/properties/tableType=[Ljava.lang.String;@914f6a, http://www.dbunit.org/properties/resultSetTableFactory=org.dbunit.database.CachedResultSetTableFactory@1f4cbee, http://www.dbunit.org/features/datatypeWarning=true}], _dataSet=AbstractDataSet[_orderedTableNameMap=null]]) - start
23:05:18.322 [main] DEBUG org.dbunit.util.QualifiedTableName - getQualifiedName() - start
23:05:18.322 [main] DEBUG org.dbunit.util.QualifiedTableName - getQualifiedName(prefix=, name=customers, escapePattern=null) - start
23:05:18.322 [main] DEBUG o.dbunit.operation.AbstractOperation - getQualifiedName(prefix=null, name=id, connection=org.dbunit.database.DatabaseConnection[schema=, connection=com.mysql.jdbc.JDBC4Connection@19a32e0, super=_databaseConfig=org.dbunit.database.DatabaseConfig[, _propertyMap={http://www.dbunit.org/properties/statementFactory=org.dbunit.database.statement.PreparedStatementFactory@8238f4, http://www.dbunit.org/features/caseSensitiveTableNames=false, http://www.dbunit.org/properties/fetchSize=100, http://www.dbunit.org/features/batchedStatements=false, http://www.dbunit.org/properties/metadataHandler=org.dbunit.database.DefaultMetadataHandler@16925b0, http://www.dbunit.org/properties/datatypeFactory=org.dbunit.dataset.datatype.DefaultDataTypeFactory[_toleratedDeltaMap=org.dbunit.dataset.datatype.ToleratedDeltaMap@297ffb], http://www.dbunit.org/properties/escapePattern=null, http://www.dbunit.org/properties/batchSize=100, http://www.dbunit.org/features/qualifiedTableNames=false, http://www.dbunit.org/properties/tableType=[Ljava.lang.String;@914f6a, http://www.dbunit.org/properties/resultSetTableFactory=org.dbunit.database.CachedResultSetTableFactory@1f4cbee, http://www.dbunit.org/features/datatypeWarning=true}], _dataSet=AbstractDataSet[_orderedTableNameMap=null]]) - start
23:05:18.326 [main] DEBUG org.dbunit.util.QualifiedTableName - getQualifiedName() - start
23:05:18.326 [main] DEBUG org.dbunit.util.QualifiedTableName - getQualifiedName(prefix=null, name=id, escapePattern=null) - start
23:05:18.326 [main] DEBUG o.dbunit.operation.AbstractOperation - getQualifiedName(prefix=null, name=name, connection=org.dbunit.database.DatabaseConnection[schema=, connection=com.mysql.jdbc.JDBC4Connection@19a32e0, super=_databaseConfig=org.dbunit.database.DatabaseConfig[, _propertyMap={http://www.dbunit.org/properties/statementFactory=org.dbunit.database.statement.PreparedStatementFactory@8238f4, http://www.dbunit.org/features/caseSensitiveTableNames=false, http://www.dbunit.org/properties/fetchSize=100, http://www.dbunit.org/features/batchedStatements=false, http://www.dbunit.org/properties/metadataHandler=org.dbunit.database.DefaultMetadataHandler@16925b0, http://www.dbunit.org/properties/datatypeFactory=org.dbunit.dataset.datatype.DefaultDataTypeFactory[_toleratedDeltaMap=org.dbunit.dataset.datatype.ToleratedDeltaMap@297ffb], http://www.dbunit.org/properties/escapePattern=null, http://www.dbunit.org/properties/batchSize=100, http://www.dbunit.org/features/qualifiedTableNames=false, http://www.dbunit.org/properties/tableType=[Ljava.lang.String;@914f6a, http://www.dbunit.org/properties/resultSetTableFactory=org.dbunit.database.CachedResultSetTableFactory@1f4cbee, http://www.dbunit.org/features/datatypeWarning=true}], _dataSet=AbstractDataSet[_orderedTableNameMap=null]]) - start
23:05:18.330 [main] DEBUG org.dbunit.util.QualifiedTableName - getQualifiedName() - start
23:05:18.330 [main] DEBUG org.dbunit.util.QualifiedTableName - getQualifiedName(prefix=null, name=name, escapePattern=null) - start
23:05:18.331 [main] DEBUG o.d.d.s.PreparedStatementFactory - createPreparedBatchStatement(sql=insert into customers (id, name) values (?, ?), connection=org.dbunit.database.DatabaseConnection[schema=, connection=com.mysql.jdbc.JDBC4Connection@19a32e0, super=_databaseConfig=org.dbunit.database.DatabaseConfig[, _propertyMap={http://www.dbunit.org/properties/statementFactory=org.dbunit.database.statement.PreparedStatementFactory@8238f4, http://www.dbunit.org/features/caseSensitiveTableNames=false, http://www.dbunit.org/properties/fetchSize=100, http://www.dbunit.org/features/batchedStatements=false, http://www.dbunit.org/properties/metadataHandler=org.dbunit.database.DefaultMetadataHandler@16925b0, http://www.dbunit.org/properties/datatypeFactory=org.dbunit.dataset.datatype.DefaultDataTypeFactory[_toleratedDeltaMap=org.dbunit.dataset.datatype.ToleratedDeltaMap@297ffb], http://www.dbunit.org/properties/escapePattern=null, http://www.dbunit.org/properties/batchSize=100, http://www.dbunit.org/features/qualifiedTableNames=false, http://www.dbunit.org/properties/tableType=[Ljava.lang.String;@914f6a, http://www.dbunit.org/properties/resultSetTableFactory=org.dbunit.database.CachedResultSetTableFactory@1f4cbee, http://www.dbunit.org/features/datatypeWarning=true}], _dataSet=AbstractDataSet[_orderedTableNameMap=null]]) - start
23:05:18.335 [main] DEBUG o.d.d.s.AbstractStatementFactory - supportBatchStatement(connection=org.dbunit.database.DatabaseConnection[schema=, connection=com.mysql.jdbc.JDBC4Connection@19a32e0, super=_databaseConfig=org.dbunit.database.DatabaseConfig[, _propertyMap={http://www.dbunit.org/properties/statementFactory=org.dbunit.database.statement.PreparedStatementFactory@8238f4, http://www.dbunit.org/features/caseSensitiveTableNames=false, http://www.dbunit.org/properties/fetchSize=100, http://www.dbunit.org/features/batchedStatements=false, http://www.dbunit.org/properties/metadataHandler=org.dbunit.database.DefaultMetadataHandler@16925b0, http://www.dbunit.org/properties/datatypeFactory=org.dbunit.dataset.datatype.DefaultDataTypeFactory[_toleratedDeltaMap=org.dbunit.dataset.datatype.ToleratedDeltaMap@297ffb], http://www.dbunit.org/properties/escapePattern=null, http://www.dbunit.org/properties/batchSize=100, http://www.dbunit.org/features/qualifiedTableNames=false, http://www.dbunit.org/properties/tableType=[Ljava.lang.String;@914f6a, http://www.dbunit.org/properties/resultSetTableFactory=org.dbunit.database.CachedResultSetTableFactory@1f4cbee, http://www.dbunit.org/features/datatypeWarning=true}], _dataSet=AbstractDataSet[_orderedTableNameMap=null]]) - start
23:05:18.354 [main] DEBUG org.dbunit.dataset.DefaultTable - getValue(row=0, column=id) - start
23:05:18.354 [main] DEBUG org.dbunit.dataset.AbstractTable - assertValidRowIndex(row=0) - start
23:05:18.354 [main] DEBUG org.dbunit.dataset.AbstractTable - assertValidRowIndex(row=0, rowCount=6) - start
23:05:18.354 [main] DEBUG org.dbunit.dataset.AbstractTable - getColumnIndex(columnName=id) - start
23:05:18.354 [main] DEBUG o.d.dataset.AbstractTableMetaData - getColumnIndex(columnName=id) - start
23:05:18.354 [main] DEBUG o.d.d.s.AutomaticPreparedBatchStatement - addValue(value=1, dataType=INTEGER) - start
23:05:18.447 [main] DEBUG o.d.d.s.SimplePreparedStatement - addValue(value=1, dataType=INTEGER) - start
23:05:18.447 [main] DEBUG o.d.dataset.datatype.IntegerDataType - setSqlValue(value=1, column=1, statement=com.mysql.jdbc.JDBC4PreparedStatement@9446e4: insert into customers (id, name) values (** NOT SPECIFIED **, ** NOT SPECIFIED **)) - start
23:05:18.447 [main] DEBUG o.d.dataset.datatype.IntegerDataType - typeCast(value=1) - start
23:05:18.447 [main] DEBUG o.d.dataset.datatype.IntegerDataType - typeCast(value=1) - start
23:05:18.448 [main] DEBUG org.dbunit.dataset.DefaultTable - getValue(row=0, column=name) - start
23:05:18.448 [main] DEBUG org.dbunit.dataset.AbstractTable - assertValidRowIndex(row=0) - start
23:05:18.448 [main] DEBUG org.dbunit.dataset.AbstractTable - assertValidRowIndex(row=0, rowCount=6) - start
23:05:18.448 [main] DEBUG org.dbunit.dataset.AbstractTable - getColumnIndex(columnName=name) - start
23:05:18.448 [main] DEBUG o.d.dataset.AbstractTableMetaData - getColumnIndex(columnName=name) - start
23:05:18.448 [main] DEBUG o.d.d.s.AutomaticPreparedBatchStatement - addValue(value=Customer 1, dataType=VARCHAR) - start
23:05:18.450 [main] DEBUG o.d.d.s.SimplePreparedStatement - addValue(value=Customer 1, dataType=VARCHAR) - start
23:05:18.450 [main] DEBUG o.d.dataset.datatype.StringDataType - setSqlValue(value=Customer 1, column=2, statement=com.mysql.jdbc.JDBC4PreparedStatement@9446e4: insert into customers (id, name) values (1, ** NOT SPECIFIED **)) - start
23:05:18.450 [main] DEBUG org.dbunit.dataset.datatype.DataType - asString(value=Customer 1) - start
23:05:18.450 [main] DEBUG o.d.dataset.datatype.StringDataType - typeCast(value=Customer 1) - start
23:05:18.452 [main] DEBUG o.d.d.s.AutomaticPreparedBatchStatement - addBatch() - start
23:05:18.452 [main] DEBUG o.d.d.s.SimplePreparedStatement - addBatch() - start
23:05:18.531 [main] DEBUG org.dbunit.operation.InsertOperation - equalsIgnoreMapping(ignoreMapping={}, table=org.dbunit.dataset.DefaultTable[_metaData=tableName=customers, columns=[(id, UNKNOWN, nullableUnknown), (name, UNKNOWN, nullableUnknown)], keys=[], _rowList.size()=6], row=1) - start
23:05:18.531 [main] DEBUG org.dbunit.dataset.DefaultTable - getValue(row=1, column=id) - start
23:05:18.531 [main] DEBUG org.dbunit.dataset.AbstractTable - assertValidRowIndex(row=1) - start
23:05:18.531 [main] DEBUG org.dbunit.dataset.AbstractTable - assertValidRowIndex(row=1, rowCount=6) - start
23:05:18.554 [main] DEBUG org.dbunit.dataset.AbstractTable - getColumnIndex(columnName=id) - start
23:05:18.554 [main] DEBUG o.d.dataset.AbstractTableMetaData - getColumnIndex(columnName=id) - start
23:05:18.554 [main] DEBUG org.dbunit.dataset.DefaultTable - getValue(row=1, column=name) - start
23:05:18.554 [main] DEBUG org.dbunit.dataset.AbstractTable - assertValidRowIndex(row=1) - start
23:05:18.554 [main] DEBUG org.dbunit.dataset.AbstractTable - assertValidRowIndex(row=1, rowCount=6) - start
23:05:18.554 [main] DEBUG org.dbunit.dataset.AbstractTable - getColumnIndex(columnName=name) - start
23:05:18.555 [main] DEBUG o.d.dataset.AbstractTableMetaData - getColumnIndex(columnName=name) - start
23:05:18.555 [main] DEBUG org.dbunit.dataset.DefaultTable - getValue(row=1, column=id) - start
23:05:18.555 [main] DEBUG org.dbunit.dataset.AbstractTable - assertValidRowIndex(row=1) - start
23:05:18.556 [main] DEBUG org.dbunit.dataset.AbstractTable - assertValidRowIndex(row=1, rowCount=6) - start
23:05:18.556 [main] DEBUG org.dbunit.dataset.AbstractTable - getColumnIndex(columnName=id) - start
23:05:18.556 [main] DEBUG o.d.dataset.AbstractTableMetaData - getColumnIndex(columnName=id) - start
23:05:18.557 [main] DEBUG o.d.d.s.AutomaticPreparedBatchStatement - addValue(value=2, dataType=INTEGER) - start
23:05:18.560 [main] DEBUG o.d.d.s.SimplePreparedStatement - addValue(value=2, dataType=INTEGER) - start
23:05:18.560 [main] DEBUG o.d.dataset.datatype.IntegerDataType - setSqlValue(value=2, column=1, statement=com.mysql.jdbc.JDBC4PreparedStatement@9446e4: insert into customers (id, name) values (1, 'Customer 1')) - start
23:05:18.560 [main] DEBUG o.d.dataset.datatype.IntegerDataType - typeCast(value=2) - start
23:05:18.659 [main] DEBUG o.d.dataset.datatype.IntegerDataType - typeCast(value=2) - start
23:05:18.660 [main] DEBUG org.dbunit.dataset.DefaultTable - getValue(row=1, column=name) - start
23:05:18.660 [main] DEBUG org.dbunit.dataset.AbstractTable - assertValidRowIndex(row=1) - start
23:05:18.660 [main] DEBUG org.dbunit.dataset.AbstractTable - assertValidRowIndex(row=1, rowCount=6) - start
23:05:18.660 [main] DEBUG org.dbunit.dataset.AbstractTable - getColumnIndex(columnName=name) - start
23:05:18.660 [main] DEBUG o.d.dataset.AbstractTableMetaData - getColumnIndex(columnName=name) - start
23:05:18.760 [main] DEBUG o.d.d.s.AutomaticPreparedBatchStatement - addValue(value=Customer 2, dataType=VARCHAR) - start
23:05:18.760 [main] DEBUG o.d.d.s.SimplePreparedStatement - addValue(value=Customer 2, dataType=VARCHAR) - start
23:05:18.760 [main] DEBUG o.d.dataset.datatype.StringDataType - setSqlValue(value=Customer 2, column=2, statement=com.mysql.jdbc.JDBC4PreparedStatement@9446e4: insert into customers (id, name) values (2, 'Customer 1')) - start
23:05:18.760 [main] DEBUG org.dbunit.dataset.datatype.DataType - asString(value=Customer 2) - start
23:05:18.761 [main] DEBUG o.d.dataset.datatype.StringDataType - typeCast(value=Customer 2) - start
23:05:18.762 [main] DEBUG o.d.d.s.AutomaticPreparedBatchStatement - addBatch() - start
23:05:18.762 [main] DEBUG o.d.d.s.SimplePreparedStatement - addBatch() - start
23:05:18.780 [main] DEBUG org.dbunit.operation.InsertOperation - equalsIgnoreMapping(ignoreMapping={}, table=org.dbunit.dataset.DefaultTable[_metaData=tableName=customers, columns=[(id, UNKNOWN, nullableUnknown), (name, UNKNOWN, nullableUnknown)], keys=[], _rowList.size()=6], row=2) - start
23:05:18.780 [main] DEBUG org.dbunit.dataset.DefaultTable - getValue(row=2, column=id) - start
23:05:18.780 [main] DEBUG org.dbunit.dataset.AbstractTable - assertValidRowIndex(row=2) - start
23:05:18.780 [main] DEBUG org.dbunit.dataset.AbstractTable - assertValidRowIndex(row=2, rowCount=6) - start
23:05:18.864 [main] DEBUG org.dbunit.dataset.AbstractTable - getColumnIndex(columnName=id) - start
23:05:18.864 [main] DEBUG o.d.dataset.AbstractTableMetaData - getColumnIndex(columnName=id) - start
23:05:18.864 [main] DEBUG org.dbunit.dataset.DefaultTable - getValue(row=2, column=name) - start
23:05:18.864 [main] DEBUG org.dbunit.dataset.AbstractTable - assertValidRowIndex(row=2) - start
23:05:18.864 [main] DEBUG org.dbunit.dataset.AbstractTable - assertValidRowIndex(row=2, rowCount=6) - start
23:05:18.864 [main] DEBUG org.dbunit.dataset.AbstractTable - getColumnIndex(columnName=name) - start
23:05:18.865 [main] DEBUG o.d.dataset.AbstractTableMetaData - getColumnIndex(columnName=name) - start
23:05:18.865 [main] DEBUG org.dbunit.dataset.DefaultTable - getValue(row=2, column=id) - start
23:05:18.865 [main] DEBUG org.dbunit.dataset.AbstractTable - assertValidRowIndex(row=2) - start
23:05:18.865 [main] DEBUG org.dbunit.dataset.AbstractTable - assertValidRowIndex(row=2, rowCount=6) - start
23:05:18.865 [main] DEBUG org.dbunit.dataset.AbstractTable - getColumnIndex(columnName=id) - start
23:05:18.865 [main] DEBUG o.d.dataset.AbstractTableMetaData - getColumnIndex(columnName=id) - start
23:05:18.867 [main] DEBUG o.d.d.s.AutomaticPreparedBatchStatement - addValue(value=3, dataType=INTEGER) - start
23:05:18.867 [main] DEBUG o.d.d.s.SimplePreparedStatement - addValue(value=3, dataType=INTEGER) - start
23:05:18.867 [main] DEBUG o.d.dataset.datatype.IntegerDataType - setSqlValue(value=3, column=1, statement=com.mysql.jdbc.JDBC4PreparedStatement@9446e4: insert into customers (id, name) values (2, 'Customer 2')) - start
23:05:18.867 [main] DEBUG o.d.dataset.datatype.IntegerDataType - typeCast(value=3) - start
23:05:18.869 [main] DEBUG o.d.dataset.datatype.IntegerDataType - typeCast(value=3) - start
23:05:18.869 [main] DEBUG org.dbunit.dataset.DefaultTable - getValue(row=2, column=name) - start
23:05:18.869 [main] DEBUG org.dbunit.dataset.AbstractTable - assertValidRowIndex(row=2) - start
23:05:18.869 [main] DEBUG org.dbunit.dataset.AbstractTable - assertValidRowIndex(row=2, rowCount=6) - start
23:05:18.869 [main] DEBUG org.dbunit.dataset.AbstractTable - getColumnIndex(columnName=name) - start
23:05:18.869 [main] DEBUG o.d.dataset.AbstractTableMetaData - getColumnIndex(columnName=name) - start
23:05:18.870 [main] DEBUG o.d.d.s.AutomaticPreparedBatchStatement - addValue(value=Customer 3, dataType=VARCHAR) - start
23:05:18.870 [main] DEBUG o.d.d.s.SimplePreparedStatement - addValue(value=Customer 3, dataType=VARCHAR) - start
23:05:18.870 [main] DEBUG o.d.dataset.datatype.StringDataType - setSqlValue(value=Customer 3, column=2, statement=com.mysql.jdbc.JDBC4PreparedStatement@9446e4: insert into customers (id, name) values (3, 'Customer 2')) - start
23:05:18.870 [main] DEBUG org.dbunit.dataset.datatype.DataType - asString(value=Customer 3) - start
23:05:18.872 [main] DEBUG o.d.dataset.datatype.StringDataType - typeCast(value=Customer 3) - start
23:05:18.872 [main] DEBUG o.d.d.s.AutomaticPreparedBatchStatement - addBatch() - start
23:05:18.872 [main] DEBUG o.d.d.s.SimplePreparedStatement - addBatch() - start
23:05:18.894 [main] DEBUG org.dbunit.operation.InsertOperation - equalsIgnoreMapping(ignoreMapping={}, table=org.dbunit.dataset.DefaultTable[_metaData=tableName=customers, columns=[(id, UNKNOWN, nullableUnknown), (name, UNKNOWN, nullableUnknown)], keys=[], _rowList.size()=6], row=3) - start
23:05:18.894 [main] DEBUG org.dbunit.dataset.DefaultTable - getValue(row=3, column=id) - start
23:05:18.894 [main] DEBUG org.dbunit.dataset.AbstractTable - assertValidRowIndex(row=3) - start
23:05:18.894 [main] DEBUG org.dbunit.dataset.AbstractTable - assertValidRowIndex(row=3, rowCount=6) - start
23:05:18.975 [main] DEBUG org.dbunit.dataset.AbstractTable - getColumnIndex(columnName=id) - start
23:05:18.975 [main] DEBUG o.d.dataset.AbstractTableMetaData - getColumnIndex(columnName=id) - start
23:05:18.975 [main] DEBUG org.dbunit.dataset.DefaultTable - getValue(row=3, column=name) - start
23:05:18.975 [main] DEBUG org.dbunit.dataset.AbstractTable - assertValidRowIndex(row=3) - start
23:05:18.975 [main] DEBUG org.dbunit.dataset.AbstractTable - assertValidRowIndex(row=3, rowCount=6) - start
23:05:18.975 [main] DEBUG org.dbunit.dataset.AbstractTable - getColumnIndex(columnName=name) - start
23:05:18.976 [main] DEBUG o.d.dataset.AbstractTableMetaData - getColumnIndex(columnName=name) - start
23:05:18.976 [main] DEBUG org.dbunit.dataset.DefaultTable - getValue(row=3, column=id) - start
23:05:18.976 [main] DEBUG org.dbunit.dataset.AbstractTable - assertValidRowIndex(row=3) - start
23:05:18.976 [main] DEBUG org.dbunit.dataset.AbstractTable - assertValidRowIndex(row=3, rowCount=6) - start
23:05:18.976 [main] DEBUG org.dbunit.dataset.AbstractTable - getColumnIndex(columnName=id) - start
23:05:18.976 [main] DEBUG o.d.dataset.AbstractTableMetaData - getColumnIndex(columnName=id) - start
23:05:18.978 [main] DEBUG o.d.d.s.AutomaticPreparedBatchStatement - addValue(value=4, dataType=INTEGER) - start
23:05:18.978 [main] DEBUG o.d.d.s.SimplePreparedStatement - addValue(value=4, dataType=INTEGER) - start
23:05:18.978 [main] DEBUG o.d.dataset.datatype.IntegerDataType - setSqlValue(value=4, column=1, statement=com.mysql.jdbc.JDBC4PreparedStatement@9446e4: insert into customers (id, name) values (3, 'Customer 3')) - start
23:05:18.978 [main] DEBUG o.d.dataset.datatype.IntegerDataType - typeCast(value=4) - start
23:05:18.980 [main] DEBUG o.d.dataset.datatype.IntegerDataType - typeCast(value=4) - start
23:05:18.980 [main] DEBUG org.dbunit.dataset.DefaultTable - getValue(row=3, column=name) - start
23:05:18.980 [main] DEBUG org.dbunit.dataset.AbstractTable - assertValidRowIndex(row=3) - start
23:05:18.980 [main] DEBUG org.dbunit.dataset.AbstractTable - assertValidRowIndex(row=3, rowCount=6) - start
23:05:18.980 [main] DEBUG org.dbunit.dataset.AbstractTable - getColumnIndex(columnName=name) - start
23:05:18.980 [main] DEBUG o.d.dataset.AbstractTableMetaData - getColumnIndex(columnName=name) - start
23:05:18.982 [main] DEBUG o.d.d.s.AutomaticPreparedBatchStatement - addValue(value=Customer 4, dataType=VARCHAR) - start
23:05:18.982 [main] DEBUG o.d.d.s.SimplePreparedStatement - addValue(value=Customer 4, dataType=VARCHAR) - start
23:05:18.982 [main] DEBUG o.d.dataset.datatype.StringDataType - setSqlValue(value=Customer 4, column=2, statement=com.mysql.jdbc.JDBC4PreparedStatement@9446e4: insert into customers (id, name) values (4, 'Customer 3')) - start
23:05:18.982 [main] DEBUG org.dbunit.dataset.datatype.DataType - asString(value=Customer 4) - start
23:05:18.983 [main] DEBUG o.d.dataset.datatype.StringDataType - typeCast(value=Customer 4) - start
23:05:18.983 [main] DEBUG o.d.d.s.AutomaticPreparedBatchStatement - addBatch() - start
23:05:18.983 [main] DEBUG o.d.d.s.SimplePreparedStatement - addBatch() - start
23:05:19.000 [main] DEBUG org.dbunit.operation.InsertOperation - equalsIgnoreMapping(ignoreMapping={}, table=org.dbunit.dataset.DefaultTable[_metaData=tableName=customers, columns=[(id, UNKNOWN, nullableUnknown), (name, UNKNOWN, nullableUnknown)], keys=[], _rowList.size()=6], row=4) - start
23:05:19.001 [main] DEBUG org.dbunit.dataset.DefaultTable - getValue(row=4, column=id) - start
23:05:19.001 [main] DEBUG org.dbunit.dataset.AbstractTable - assertValidRowIndex(row=4) - start
23:05:19.001 [main] DEBUG org.dbunit.dataset.AbstractTable - assertValidRowIndex(row=4, rowCount=6) - start
23:05:19.086 [main] DEBUG org.dbunit.dataset.AbstractTable - getColumnIndex(columnName=id) - start
23:05:19.086 [main] DEBUG o.d.dataset.AbstractTableMetaData - getColumnIndex(columnName=id) - start
23:05:19.086 [main] DEBUG org.dbunit.dataset.DefaultTable - getValue(row=4, column=name) - start
23:05:19.086 [main] DEBUG org.dbunit.dataset.AbstractTable - assertValidRowIndex(row=4) - start
23:05:19.086 [main] DEBUG org.dbunit.dataset.AbstractTable - assertValidRowIndex(row=4, rowCount=6) - start
23:05:19.086 [main] DEBUG org.dbunit.dataset.AbstractTable - getColumnIndex(columnName=name) - start
23:05:19.087 [main] DEBUG o.d.dataset.AbstractTableMetaData - getColumnIndex(columnName=name) - start
23:05:19.087 [main] DEBUG org.dbunit.dataset.DefaultTable - getValue(row=4, column=id) - start
23:05:19.087 [main] DEBUG org.dbunit.dataset.AbstractTable - assertValidRowIndex(row=4) - start
23:05:19.087 [main] DEBUG org.dbunit.dataset.AbstractTable - assertValidRowIndex(row=4, rowCount=6) - start
23:05:19.087 [main] DEBUG org.dbunit.dataset.AbstractTable - getColumnIndex(columnName=id) - start
23:05:19.087 [main] DEBUG o.d.dataset.AbstractTableMetaData - getColumnIndex(columnName=id) - start
23:05:19.089 [main] DEBUG o.d.d.s.AutomaticPreparedBatchStatement - addValue(value=5, dataType=INTEGER) - start
23:05:19.089 [main] DEBUG o.d.d.s.SimplePreparedStatement - addValue(value=5, dataType=INTEGER) - start
23:05:19.089 [main] DEBUG o.d.dataset.datatype.IntegerDataType - setSqlValue(value=5, column=1, statement=com.mysql.jdbc.JDBC4PreparedStatement@9446e4: insert into customers (id, name) values (4, 'Customer 4')) - start
23:05:19.089 [main] DEBUG o.d.dataset.datatype.IntegerDataType - typeCast(value=5) - start
23:05:19.091 [main] DEBUG o.d.dataset.datatype.IntegerDataType - typeCast(value=5) - start
23:05:19.091 [main] DEBUG org.dbunit.dataset.DefaultTable - getValue(row=4, column=name) - start
23:05:19.091 [main] DEBUG org.dbunit.dataset.AbstractTable - assertValidRowIndex(row=4) - start
23:05:19.091 [main] DEBUG org.dbunit.dataset.AbstractTable - assertValidRowIndex(row=4, rowCount=6) - start
23:05:19.091 [main] DEBUG org.dbunit.dataset.AbstractTable - getColumnIndex(columnName=name) - start
23:05:19.091 [main] DEBUG o.d.dataset.AbstractTableMetaData - getColumnIndex(columnName=name) - start
23:05:19.093 [main] DEBUG o.d.d.s.AutomaticPreparedBatchStatement - addValue(value=Customer 5, dataType=VARCHAR) - start
23:05:19.093 [main] DEBUG o.d.d.s.SimplePreparedStatement - addValue(value=Customer 5, dataType=VARCHAR) - start
23:05:19.093 [main] DEBUG o.d.dataset.datatype.StringDataType - setSqlValue(value=Customer 5, column=2, statement=com.mysql.jdbc.JDBC4PreparedStatement@9446e4: insert into customers (id, name) values (5, 'Customer 4')) - start
23:05:19.093 [main] DEBUG org.dbunit.dataset.datatype.DataType - asString(value=Customer 5) - start
23:05:19.094 [main] DEBUG o.d.dataset.datatype.StringDataType - typeCast(value=Customer 5) - start
23:05:19.094 [main] DEBUG o.d.d.s.AutomaticPreparedBatchStatement - addBatch() - start
23:05:19.094 [main] DEBUG o.d.d.s.SimplePreparedStatement - addBatch() - start
23:05:19.195 [main] DEBUG org.dbunit.operation.InsertOperation - equalsIgnoreMapping(ignoreMapping={}, table=org.dbunit.dataset.DefaultTable[_metaData=tableName=customers, columns=[(id, UNKNOWN, nullableUnknown), (name, UNKNOWN, nullableUnknown)], keys=[], _rowList.size()=6], row=5) - start
23:05:19.195 [main] DEBUG org.dbunit.dataset.DefaultTable - getValue(row=5, column=id) - start
23:05:19.195 [main] DEBUG org.dbunit.dataset.AbstractTable - assertValidRowIndex(row=5) - start
23:05:19.195 [main] DEBUG org.dbunit.dataset.AbstractTable - assertValidRowIndex(row=5, rowCount=6) - start
23:05:19.198 [main] DEBUG org.dbunit.dataset.AbstractTable - getColumnIndex(columnName=id) - start
23:05:19.198 [main] DEBUG o.d.dataset.AbstractTableMetaData - getColumnIndex(columnName=id) - start
23:05:19.198 [main] DEBUG org.dbunit.dataset.DefaultTable - getValue(row=5, column=name) - start
23:05:19.198 [main] DEBUG org.dbunit.dataset.AbstractTable - assertValidRowIndex(row=5) - start
23:05:19.198 [main] DEBUG org.dbunit.dataset.AbstractTable - assertValidRowIndex(row=5, rowCount=6) - start
23:05:19.198 [main] DEBUG org.dbunit.dataset.AbstractTable - getColumnIndex(columnName=name) - start
23:05:19.199 [main] DEBUG o.d.dataset.AbstractTableMetaData - getColumnIndex(columnName=name) - start
23:05:19.199 [main] DEBUG org.dbunit.dataset.DefaultTable - getValue(row=5, column=id) - start
23:05:19.199 [main] DEBUG org.dbunit.dataset.AbstractTable - assertValidRowIndex(row=5) - start
23:05:19.199 [main] DEBUG org.dbunit.dataset.AbstractTable - assertValidRowIndex(row=5, rowCount=6) - start
23:05:19.199 [main] DEBUG org.dbunit.dataset.AbstractTable - getColumnIndex(columnName=id) - start
23:05:19.199 [main] DEBUG o.d.dataset.AbstractTableMetaData - getColumnIndex(columnName=id) - start
23:05:19.201 [main] DEBUG o.d.d.s.AutomaticPreparedBatchStatement - addValue(value=6, dataType=INTEGER) - start
23:05:19.201 [main] DEBUG o.d.d.s.SimplePreparedStatement - addValue(value=6, dataType=INTEGER) - start
23:05:19.201 [main] DEBUG o.d.dataset.datatype.IntegerDataType - setSqlValue(value=6, column=1, statement=com.mysql.jdbc.JDBC4PreparedStatement@9446e4: insert into customers (id, name) values (5, 'Customer 5')) - start
23:05:19.202 [main] DEBUG o.d.dataset.datatype.IntegerDataType - typeCast(value=6) - start
23:05:19.203 [main] DEBUG o.d.dataset.datatype.IntegerDataType - typeCast(value=6) - start
23:05:19.203 [main] DEBUG org.dbunit.dataset.DefaultTable - getValue(row=5, column=name) - start
23:05:19.205 [main] DEBUG org.dbunit.dataset.AbstractTable - assertValidRowIndex(row=5) - start
23:05:19.205 [main] DEBUG org.dbunit.dataset.AbstractTable - assertValidRowIndex(row=5, rowCount=6) - start
23:05:19.205 [main] DEBUG org.dbunit.dataset.AbstractTable - getColumnIndex(columnName=name) - start
23:05:19.206 [main] DEBUG o.d.dataset.AbstractTableMetaData - getColumnIndex(columnName=name) - start
23:05:19.206 [main] DEBUG o.d.d.s.AutomaticPreparedBatchStatement - addValue(value=Customer 6, dataType=VARCHAR) - start
23:05:19.305 [main] DEBUG o.d.d.s.SimplePreparedStatement - addValue(value=Customer 6, dataType=VARCHAR) - start
23:05:19.305 [main] DEBUG o.d.dataset.datatype.StringDataType - setSqlValue(value=Customer 6, column=2, statement=com.mysql.jdbc.JDBC4PreparedStatement@9446e4: insert into customers (id, name) values (6, 'Customer 5')) - start
23:05:19.305 [main] DEBUG org.dbunit.dataset.datatype.DataType - asString(value=Customer 6) - start
23:05:19.305 [main] DEBUG o.d.dataset.datatype.StringDataType - typeCast(value=Customer 6) - start
23:05:19.306 [main] DEBUG o.d.d.s.AutomaticPreparedBatchStatement - addBatch() - start
23:05:19.306 [main] DEBUG o.d.d.s.SimplePreparedStatement - addBatch() - start
23:05:19.356 [main] DEBUG org.dbunit.operation.InsertOperation - equalsIgnoreMapping(ignoreMapping={}, table=org.dbunit.dataset.DefaultTable[_metaData=tableName=customers, columns=[(id, UNKNOWN, nullableUnknown), (name, UNKNOWN, nullableUnknown)], keys=[], _rowList.size()=6], row=6) - start
23:05:19.357 [main] DEBUG org.dbunit.dataset.DefaultTable - getValue(row=6, column=id) - start
23:05:19.357 [main] DEBUG org.dbunit.dataset.AbstractTable - assertValidRowIndex(row=6) - start
23:05:19.357 [main] DEBUG org.dbunit.dataset.AbstractTable - assertValidRowIndex(row=6, rowCount=6) - start
23:05:19.409 [main] DEBUG o.d.d.s.AutomaticPreparedBatchStatement - executeBatch() - start
23:05:19.409 [main] DEBUG o.d.d.s.SimplePreparedStatement - executeBatch() - start
23:05:19.409 [main] DEBUG o.d.d.s.SimplePreparedStatement - clearBatch() - start
23:05:19.409 [main] DEBUG o.d.d.s.AutomaticPreparedBatchStatement - clearBatch() - start
23:05:19.409 [main] DEBUG o.d.d.s.SimplePreparedStatement - clearBatch() - start
23:05:19.409 [main] DEBUG o.d.d.s.AutomaticPreparedBatchStatement - close() - start
23:05:19.411 [main] DEBUG o.d.d.s.AbstractPreparedBatchStatement - close() - start
23:05:19.411 [main] DEBUG o.d.dataset.DefaultTableIterator - getTable() - start
23:05:19.411 [main] DEBUG o.d.operation.AbstractBatchOperation - isEmpty(table=org.dbunit.dataset.DefaultTable[_metaData=tableName=products, columns=[(sku_number, UNKNOWN, nullableUnknown), (name, UNKNOWN, nullableUnknown), (amount, UNKNOWN, nullableUnknown)], keys=[], _rowList.size()=4]) - start
23:05:19.411 [main] DEBUG org.dbunit.dataset.DefaultTable - getValue(row=0, column=sku_number) - start
23:05:19.412 [main] DEBUG org.dbunit.dataset.AbstractTable - assertValidRowIndex(row=0) - start
23:05:19.412 [main] DEBUG org.dbunit.dataset.AbstractTable - assertValidRowIndex(row=0, rowCount=4) - start
23:05:19.412 [main] DEBUG org.dbunit.dataset.AbstractTable - getColumnIndex(columnName=sku_number) - start
23:05:19.412 [main] DEBUG o.d.dataset.AbstractTableMetaData - getColumnIndex(columnName=sku_number) - start
23:05:19.412 [main] DEBUG o.dbunit.operation.AbstractOperation - getOperationMetaData(connection=org.dbunit.database.DatabaseConnection[schema=, connection=com.mysql.jdbc.JDBC4Connection@19a32e0, super=_databaseConfig=org.dbunit.database.DatabaseConfig[, _propertyMap={http://www.dbunit.org/properties/statementFactory=org.dbunit.database.statement.PreparedStatementFactory@8238f4, http://www.dbunit.org/features/caseSensitiveTableNames=false, http://www.dbunit.org/properties/fetchSize=100, http://www.dbunit.org/features/batchedStatements=false, http://www.dbunit.org/properties/metadataHandler=org.dbunit.database.DefaultMetadataHandler@16925b0, http://www.dbunit.org/properties/datatypeFactory=org.dbunit.dataset.datatype.DefaultDataTypeFactory[_toleratedDeltaMap=org.dbunit.dataset.datatype.ToleratedDeltaMap@297ffb], http://www.dbunit.org/properties/escapePattern=null, http://www.dbunit.org/properties/batchSize=100, http://www.dbunit.org/features/qualifiedTableNames=false, http://www.dbunit.org/properties/tableType=[Ljava.lang.String;@914f6a, http://www.dbunit.org/properties/resultSetTableFactory=org.dbunit.database.CachedResultSetTableFactory@1f4cbee, http://www.dbunit.org/features/datatypeWarning=true}], _dataSet=AbstractDataSet[_orderedTableNameMap=null]], metaData=tableName=products, columns=[(sku_number, UNKNOWN, nullableUnknown), (name, UNKNOWN, nullableUnknown), (amount, UNKNOWN, nullableUnknown)], keys=[]) - start
23:05:19.414 [main] DEBUG o.d.d.AbstractDatabaseConnection - createDataSet() - start
23:05:19.414 [main] DEBUG org.dbunit.database.DatabaseDataSet - getTableMetaData(tableName=products) - start
23:05:19.414 [main] DEBUG org.dbunit.database.DatabaseDataSet - initialize() - start
23:05:19.414 [main] DEBUG o.dbunit.dataset.OrderedTableNameMap - getTableName(tableName=products) - start
23:05:19.414 [main] DEBUG o.dbunit.dataset.OrderedTableNameMap - getTableName(tableName=products) - end - result=PRODUCTS
23:05:19.414 [main] DEBUG o.dbunit.dataset.OrderedTableNameMap - getTableName(tableName=products) - start
23:05:19.416 [main] DEBUG o.dbunit.dataset.OrderedTableNameMap - getTableName(tableName=products) - end - result=PRODUCTS
23:05:19.416 [main] DEBUG o.d.dataset.AbstractTableMetaData - getColumnIndex(columnName=sku_number) - start
23:05:19.416 [main] DEBUG o.d.database.DatabaseTableMetaData - getColumns() - start
23:05:19.416 [main] DEBUG o.d.database.DatabaseTableMetaData - getColumns() - start
23:05:19.416 [main] DEBUG o.d.dataset.AbstractTableMetaData - getColumnIndex(columnName=name) - start
23:05:19.416 [main] DEBUG o.d.database.DatabaseTableMetaData - getColumns() - start
23:05:19.421 [main] DEBUG o.d.dataset.AbstractTableMetaData - getColumnIndex(columnName=amount) - start
23:05:19.421 [main] DEBUG o.d.database.DatabaseTableMetaData - getColumns() - start
23:05:19.421 [main] DEBUG o.d.database.DatabaseTableMetaData - getPrimaryKeys() - start
23:05:19.421 [main] DEBUG org.dbunit.operation.InsertOperation - getIgnoreMapping(table=org.dbunit.dataset.DefaultTable[_metaData=tableName=products, columns=[(sku_number, UNKNOWN, nullableUnknown), (name, UNKNOWN, nullableUnknown), (amount, UNKNOWN, nullableUnknown)], keys=[], _rowList.size()=4], row=0) - start
23:05:19.423 [main] DEBUG org.dbunit.dataset.DefaultTable - getValue(row=0, column=sku_number) - start
23:05:19.423 [main] DEBUG org.dbunit.dataset.AbstractTable - assertValidRowIndex(row=0) - start
23:05:19.423 [main] DEBUG org.dbunit.dataset.AbstractTable - assertValidRowIndex(row=0, rowCount=4) - start
23:05:19.423 [main] DEBUG org.dbunit.dataset.AbstractTable - getColumnIndex(columnName=sku_number) - start
23:05:19.423 [main] DEBUG o.d.dataset.AbstractTableMetaData - getColumnIndex(columnName=sku_number) - start
23:05:19.424 [main] DEBUG org.dbunit.dataset.DefaultTable - getValue(row=0, column=name) - start
23:05:19.424 [main] DEBUG org.dbunit.dataset.AbstractTable - assertValidRowIndex(row=0) - start
23:05:19.424 [main] DEBUG org.dbunit.dataset.AbstractTable - assertValidRowIndex(row=0, rowCount=4) - start
23:05:19.424 [main] DEBUG org.dbunit.dataset.AbstractTable - getColumnIndex(columnName=name) - start
23:05:19.424 [main] DEBUG o.d.dataset.AbstractTableMetaData - getColumnIndex(columnName=name) - start
23:05:19.424 [main] DEBUG org.dbunit.dataset.DefaultTable - getValue(row=0, column=amount) - start
23:05:19.426 [main] DEBUG org.dbunit.dataset.AbstractTable - assertValidRowIndex(row=0) - start
23:05:19.426 [main] DEBUG org.dbunit.dataset.AbstractTable - assertValidRowIndex(row=0, rowCount=4) - start
23:05:19.426 [main] DEBUG org.dbunit.dataset.AbstractTable - getColumnIndex(columnName=amount) - start
23:05:19.426 [main] DEBUG o.d.dataset.AbstractTableMetaData - getColumnIndex(columnName=amount) - start
23:05:19.426 [main] DEBUG org.dbunit.operation.InsertOperation - getOperationData(metaData=tableName=products, columns=[(sku_number, INTEGER, noNulls), (name, VARCHAR, noNulls), (amount, DECIMAL, noNulls)], keys=[(sku_number, INTEGER, noNulls)], ignoreMapping={}, connection=org.dbunit.database.DatabaseConnection[schema=, connection=com.mysql.jdbc.JDBC4Connection@19a32e0, super=_databaseConfig=org.dbunit.database.DatabaseConfig[, _propertyMap={http://www.dbunit.org/properties/statementFactory=org.dbunit.database.statement.PreparedStatementFactory@8238f4, http://www.dbunit.org/features/caseSensitiveTableNames=false, http://www.dbunit.org/properties/fetchSize=100, http://www.dbunit.org/features/batchedStatements=false, http://www.dbunit.org/properties/metadataHandler=org.dbunit.database.DefaultMetadataHandler@16925b0, http://www.dbunit.org/properties/datatypeFactory=org.dbunit.dataset.datatype.DefaultDataTypeFactory[_toleratedDeltaMap=org.dbunit.dataset.datatype.ToleratedDeltaMap@297ffb], http://www.dbunit.org/properties/escapePattern=null, http://www.dbunit.org/properties/batchSize=100, http://www.dbunit.org/features/qualifiedTableNames=false, http://www.dbunit.org/properties/tableType=[Ljava.lang.String;@914f6a, http://www.dbunit.org/properties/resultSetTableFactory=org.dbunit.database.CachedResultSetTableFactory@1f4cbee, http://www.dbunit.org/features/datatypeWarning=true}], _dataSet=AbstractDataSet[_orderedTableNameMap=null]]) - start
23:05:19.428 [main] DEBUG o.dbunit.operation.AbstractOperation - getQualifiedName(prefix=, name=products, connection=org.dbunit.database.DatabaseConnection[schema=, connection=com.mysql.jdbc.JDBC4Connection@19a32e0, super=_databaseConfig=org.dbunit.database.DatabaseConfig[, _propertyMap={http://www.dbunit.org/properties/statementFactory=org.dbunit.database.statement.PreparedStatementFactory@8238f4, http://www.dbunit.org/features/caseSensitiveTableNames=false, http://www.dbunit.org/properties/fetchSize=100, http://www.dbunit.org/features/batchedStatements=false, http://www.dbunit.org/properties/metadataHandler=org.dbunit.database.DefaultMetadataHandler@16925b0, http://www.dbunit.org/properties/datatypeFactory=org.dbunit.dataset.datatype.DefaultDataTypeFactory[_toleratedDeltaMap=org.dbunit.dataset.datatype.ToleratedDeltaMap@297ffb], http://www.dbunit.org/properties/escapePattern=null, http://www.dbunit.org/properties/batchSize=100, http://www.dbunit.org/features/qualifiedTableNames=false, http://www.dbunit.org/properties/tableType=[Ljava.lang.String;@914f6a, http://www.dbunit.org/properties/resultSetTableFactory=org.dbunit.database.CachedResultSetTableFactory@1f4cbee, http://www.dbunit.org/features/datatypeWarning=true}], _dataSet=AbstractDataSet[_orderedTableNameMap=null]]) - start
23:05:19.429 [main] DEBUG org.dbunit.util.QualifiedTableName - getQualifiedName() - start
23:05:19.430 [main] DEBUG org.dbunit.util.QualifiedTableName - getQualifiedName(prefix=, name=products, escapePattern=null) - start
23:05:19.430 [main] DEBUG o.dbunit.operation.AbstractOperation - getQualifiedName(prefix=null, name=sku_number, connection=org.dbunit.database.DatabaseConnection[schema=, connection=com.mysql.jdbc.JDBC4Connection@19a32e0, super=_databaseConfig=org.dbunit.database.DatabaseConfig[, _propertyMap={http://www.dbunit.org/properties/statementFactory=org.dbunit.database.statement.PreparedStatementFactory@8238f4, http://www.dbunit.org/features/caseSensitiveTableNames=false, http://www.dbunit.org/properties/fetchSize=100, http://www.dbunit.org/features/batchedStatements=false, http://www.dbunit.org/properties/metadataHandler=org.dbunit.database.DefaultMetadataHandler@16925b0, http://www.dbunit.org/properties/datatypeFactory=org.dbunit.dataset.datatype.DefaultDataTypeFactory[_toleratedDeltaMap=org.dbunit.dataset.datatype.ToleratedDeltaMap@297ffb], http://www.dbunit.org/properties/escapePattern=null, http://www.dbunit.org/properties/batchSize=100, http://www.dbunit.org/features/qualifiedTableNames=false, http://www.dbunit.org/properties/tableType=[Ljava.lang.String;@914f6a, http://www.dbunit.org/properties/resultSetTableFactory=org.dbunit.database.CachedResultSetTableFactory@1f4cbee, http://www.dbunit.org/features/datatypeWarning=true}], _dataSet=AbstractDataSet[_orderedTableNameMap=null]]) - start
23:05:19.433 [main] DEBUG org.dbunit.util.QualifiedTableName - getQualifiedName() - start
23:05:19.433 [main] DEBUG org.dbunit.util.QualifiedTableName - getQualifiedName(prefix=null, name=sku_number, escapePattern=null) - start
23:05:19.433 [main] DEBUG o.dbunit.operation.AbstractOperation - getQualifiedName(prefix=null, name=name, connection=org.dbunit.database.DatabaseConnection[schema=, connection=com.mysql.jdbc.JDBC4Connection@19a32e0, super=_databaseConfig=org.dbunit.database.DatabaseConfig[, _propertyMap={http://www.dbunit.org/properties/statementFactory=org.dbunit.database.statement.PreparedStatementFactory@8238f4, http://www.dbunit.org/features/caseSensitiveTableNames=false, http://www.dbunit.org/properties/fetchSize=100, http://www.dbunit.org/features/batchedStatements=false, http://www.dbunit.org/properties/metadataHandler=org.dbunit.database.DefaultMetadataHandler@16925b0, http://www.dbunit.org/properties/datatypeFactory=org.dbunit.dataset.datatype.DefaultDataTypeFactory[_toleratedDeltaMap=org.dbunit.dataset.datatype.ToleratedDeltaMap@297ffb], http://www.dbunit.org/properties/escapePattern=null, http://www.dbunit.org/properties/batchSize=100, http://www.dbunit.org/features/qualifiedTableNames=false, http://www.dbunit.org/properties/tableType=[Ljava.lang.String;@914f6a, http://www.dbunit.org/properties/resultSetTableFactory=org.dbunit.database.CachedResultSetTableFactory@1f4cbee, http://www.dbunit.org/features/datatypeWarning=true}], _dataSet=AbstractDataSet[_orderedTableNameMap=null]]) - start
23:05:19.438 [main] DEBUG org.dbunit.util.QualifiedTableName - getQualifiedName() - start
23:05:19.438 [main] DEBUG org.dbunit.util.QualifiedTableName - getQualifiedName(prefix=null, name=name, escapePattern=null) - start
23:05:19.438 [main] DEBUG o.dbunit.operation.AbstractOperation - getQualifiedName(prefix=null, name=amount, connection=org.dbunit.database.DatabaseConnection[schema=, connection=com.mysql.jdbc.JDBC4Connection@19a32e0, super=_databaseConfig=org.dbunit.database.DatabaseConfig[, _propertyMap={http://www.dbunit.org/properties/statementFactory=org.dbunit.database.statement.PreparedStatementFactory@8238f4, http://www.dbunit.org/features/caseSensitiveTableNames=false, http://www.dbunit.org/properties/fetchSize=100, http://www.dbunit.org/features/batchedStatements=false, http://www.dbunit.org/properties/metadataHandler=org.dbunit.database.DefaultMetadataHandler@16925b0, http://www.dbunit.org/properties/datatypeFactory=org.dbunit.dataset.datatype.DefaultDataTypeFactory[_toleratedDeltaMap=org.dbunit.dataset.datatype.ToleratedDeltaMap@297ffb], http://www.dbunit.org/properties/escapePattern=null, http://www.dbunit.org/properties/batchSize=100, http://www.dbunit.org/features/qualifiedTableNames=false, http://www.dbunit.org/properties/tableType=[Ljava.lang.String;@914f6a, http://www.dbunit.org/properties/resultSetTableFactory=org.dbunit.database.CachedResultSetTableFactory@1f4cbee, http://www.dbunit.org/features/datatypeWarning=true}], _dataSet=AbstractDataSet[_orderedTableNameMap=null]]) - start
23:05:19.442 [main] DEBUG org.dbunit.util.QualifiedTableName - getQualifiedName() - start
23:05:19.442 [main] DEBUG org.dbunit.util.QualifiedTableName - getQualifiedName(prefix=null, name=amount, escapePattern=null) - start
23:05:19.442 [main] DEBUG o.d.d.s.PreparedStatementFactory - createPreparedBatchStatement(sql=insert into products (sku_number, name, amount) values (?, ?, ?), connection=org.dbunit.database.DatabaseConnection[schema=, connection=com.mysql.jdbc.JDBC4Connection@19a32e0, super=_databaseConfig=org.dbunit.database.DatabaseConfig[, _propertyMap={http://www.dbunit.org/properties/statementFactory=org.dbunit.database.statement.PreparedStatementFactory@8238f4, http://www.dbunit.org/features/caseSensitiveTableNames=false, http://www.dbunit.org/properties/fetchSize=100, http://www.dbunit.org/features/batchedStatements=false, http://www.dbunit.org/properties/metadataHandler=org.dbunit.database.DefaultMetadataHandler@16925b0, http://www.dbunit.org/properties/datatypeFactory=org.dbunit.dataset.datatype.DefaultDataTypeFactory[_toleratedDeltaMap=org.dbunit.dataset.datatype.ToleratedDeltaMap@297ffb], http://www.dbunit.org/properties/escapePattern=null, http://www.dbunit.org/properties/batchSize=100, http://www.dbunit.org/features/qualifiedTableNames=false, http://www.dbunit.org/properties/tableType=[Ljava.lang.String;@914f6a, http://www.dbunit.org/properties/resultSetTableFactory=org.dbunit.database.CachedResultSetTableFactory@1f4cbee, http://www.dbunit.org/features/datatypeWarning=true}], _dataSet=AbstractDataSet[_orderedTableNameMap=null]]) - start
23:05:19.447 [main] DEBUG o.d.d.s.AbstractStatementFactory - supportBatchStatement(connection=org.dbunit.database.DatabaseConnection[schema=, connection=com.mysql.jdbc.JDBC4Connection@19a32e0, super=_databaseConfig=org.dbunit.database.DatabaseConfig[, _propertyMap={http://www.dbunit.org/properties/statementFactory=org.dbunit.database.statement.PreparedStatementFactory@8238f4, http://www.dbunit.org/features/caseSensitiveTableNames=false, http://www.dbunit.org/properties/fetchSize=100, http://www.dbunit.org/features/batchedStatements=false, http://www.dbunit.org/properties/metadataHandler=org.dbunit.database.DefaultMetadataHandler@16925b0, http://www.dbunit.org/properties/datatypeFactory=org.dbunit.dataset.datatype.DefaultDataTypeFactory[_toleratedDeltaMap=org.dbunit.dataset.datatype.ToleratedDeltaMap@297ffb], http://www.dbunit.org/properties/escapePattern=null, http://www.dbunit.org/properties/batchSize=100, http://www.dbunit.org/features/qualifiedTableNames=false, http://www.dbunit.org/properties/tableType=[Ljava.lang.String;@914f6a, http://www.dbunit.org/properties/resultSetTableFactory=org.dbunit.database.CachedResultSetTableFactory@1f4cbee, http://www.dbunit.org/features/datatypeWarning=true}], _dataSet=AbstractDataSet[_orderedTableNameMap=null]]) - start
23:05:19.451 [main] DEBUG org.dbunit.dataset.DefaultTable - getValue(row=0, column=sku_number) - start
23:05:19.451 [main] DEBUG org.dbunit.dataset.AbstractTable - assertValidRowIndex(row=0) - start
23:05:19.451 [main] DEBUG org.dbunit.dataset.AbstractTable - assertValidRowIndex(row=0, rowCount=4) - start
23:05:19.451 [main] DEBUG org.dbunit.dataset.AbstractTable - getColumnIndex(columnName=sku_number) - start
23:05:19.452 [main] DEBUG o.d.dataset.AbstractTableMetaData - getColumnIndex(columnName=sku_number) - start
23:05:19.455 [main] DEBUG o.d.d.s.AutomaticPreparedBatchStatement - addValue(value=1, dataType=INTEGER) - start
23:05:19.455 [main] DEBUG o.d.d.s.SimplePreparedStatement - addValue(value=1, dataType=INTEGER) - start
23:05:19.455 [main] DEBUG o.d.dataset.datatype.IntegerDataType - setSqlValue(value=1, column=1, statement=com.mysql.jdbc.JDBC4PreparedStatement@100ebec: insert into products (sku_number, name, amount) values (** NOT SPECIFIED **, ** NOT SPECIFIED **, ** NOT SPECIFIED **)) - start
23:05:19.455 [main] DEBUG o.d.dataset.datatype.IntegerDataType - typeCast(value=1) - start
23:05:19.460 [main] DEBUG o.d.dataset.datatype.IntegerDataType - typeCast(value=1) - start
23:05:19.460 [main] DEBUG org.dbunit.dataset.DefaultTable - getValue(row=0, column=name) - start
23:05:19.460 [main] DEBUG org.dbunit.dataset.AbstractTable - assertValidRowIndex(row=0) - start
23:05:19.460 [main] DEBUG org.dbunit.dataset.AbstractTable - assertValidRowIndex(row=0, rowCount=4) - start
23:05:19.460 [main] DEBUG org.dbunit.dataset.AbstractTable - getColumnIndex(columnName=name) - start
23:05:19.460 [main] DEBUG o.d.dataset.AbstractTableMetaData - getColumnIndex(columnName=name) - start
23:05:19.462 [main] DEBUG o.d.d.s.AutomaticPreparedBatchStatement - addValue(value=Product 1, dataType=VARCHAR) - start
23:05:19.462 [main] DEBUG o.d.d.s.SimplePreparedStatement - addValue(value=Product 1, dataType=VARCHAR) - start
23:05:19.462 [main] DEBUG o.d.dataset.datatype.StringDataType - setSqlValue(value=Product 1, column=2, statement=com.mysql.jdbc.JDBC4PreparedStatement@100ebec: insert into products (sku_number, name, amount) values (1, ** NOT SPECIFIED **, ** NOT SPECIFIED **)) - start
23:05:19.462 [main] DEBUG org.dbunit.dataset.datatype.DataType - asString(value=Product 1) - start
23:05:19.463 [main] DEBUG o.d.dataset.datatype.StringDataType - typeCast(value=Product 1) - start
23:05:19.464 [main] DEBUG org.dbunit.dataset.DefaultTable - getValue(row=0, column=amount) - start
23:05:19.464 [main] DEBUG org.dbunit.dataset.AbstractTable - assertValidRowIndex(row=0) - start
23:05:19.464 [main] DEBUG org.dbunit.dataset.AbstractTable - assertValidRowIndex(row=0, rowCount=4) - start
23:05:19.464 [main] DEBUG org.dbunit.dataset.AbstractTable - getColumnIndex(columnName=amount) - start
23:05:19.464 [main] DEBUG o.d.dataset.AbstractTableMetaData - getColumnIndex(columnName=amount) - start
23:05:19.464 [main] DEBUG o.d.d.s.AutomaticPreparedBatchStatement - addValue(value=20.00, dataType=DECIMAL) - start
23:05:19.464 [main] DEBUG o.d.d.s.SimplePreparedStatement - addValue(value=20.00, dataType=DECIMAL) - start
23:05:19.464 [main] DEBUG o.d.dataset.datatype.NumberDataType - setSqlValue(value=20.00, column=3, statement=com.mysql.jdbc.JDBC4PreparedStatement@100ebec: insert into products (sku_number, name, amount) values (1, 'Product 1', ** NOT SPECIFIED **)) - start
23:05:19.465 [main] DEBUG o.d.dataset.datatype.NumberDataType - typeCast(value=20.00) - start
23:05:19.467 [main] DEBUG o.d.d.s.AutomaticPreparedBatchStatement - addBatch() - start
23:05:19.468 [main] DEBUG o.d.d.s.SimplePreparedStatement - addBatch() - start
23:05:19.485 [main] DEBUG org.dbunit.operation.InsertOperation - equalsIgnoreMapping(ignoreMapping={}, table=org.dbunit.dataset.DefaultTable[_metaData=tableName=products, columns=[(sku_number, UNKNOWN, nullableUnknown), (name, UNKNOWN, nullableUnknown), (amount, UNKNOWN, nullableUnknown)], keys=[], _rowList.size()=4], row=1) - start
23:05:19.485 [main] DEBUG org.dbunit.dataset.DefaultTable - getValue(row=1, column=sku_number) - start
23:05:19.485 [main] DEBUG org.dbunit.dataset.AbstractTable - assertValidRowIndex(row=1) - start
23:05:19.569 [main] DEBUG org.dbunit.dataset.AbstractTable - assertValidRowIndex(row=1, rowCount=4) - start
23:05:19.569 [main] DEBUG org.dbunit.dataset.AbstractTable - getColumnIndex(columnName=sku_number) - start
23:05:19.569 [main] DEBUG o.d.dataset.AbstractTableMetaData - getColumnIndex(columnName=sku_number) - start
23:05:19.569 [main] DEBUG org.dbunit.dataset.DefaultTable - getValue(row=1, column=name) - start
23:05:19.569 [main] DEBUG org.dbunit.dataset.AbstractTable - assertValidRowIndex(row=1) - start
23:05:19.570 [main] DEBUG org.dbunit.dataset.AbstractTable - assertValidRowIndex(row=1, rowCount=4) - start
23:05:19.570 [main] DEBUG org.dbunit.dataset.AbstractTable - getColumnIndex(columnName=name) - start
23:05:19.570 [main] DEBUG o.d.dataset.AbstractTableMetaData - getColumnIndex(columnName=name) - start
23:05:19.570 [main] DEBUG org.dbunit.dataset.DefaultTable - getValue(row=1, column=amount) - start
23:05:19.570 [main] DEBUG org.dbunit.dataset.AbstractTable - assertValidRowIndex(row=1) - start
23:05:19.570 [main] DEBUG org.dbunit.dataset.AbstractTable - assertValidRowIndex(row=1, rowCount=4) - start
23:05:19.572 [main] DEBUG org.dbunit.dataset.AbstractTable - getColumnIndex(columnName=amount) - start
23:05:19.572 [main] DEBUG o.d.dataset.AbstractTableMetaData - getColumnIndex(columnName=amount) - start
23:05:19.572 [main] DEBUG org.dbunit.dataset.DefaultTable - getValue(row=1, column=sku_number) - start
23:05:19.572 [main] DEBUG org.dbunit.dataset.AbstractTable - assertValidRowIndex(row=1) - start
23:05:19.572 [main] DEBUG org.dbunit.dataset.AbstractTable - assertValidRowIndex(row=1, rowCount=4) - start
23:05:19.573 [main] DEBUG org.dbunit.dataset.AbstractTable - getColumnIndex(columnName=sku_number) - start
23:05:19.573 [main] DEBUG o.d.dataset.AbstractTableMetaData - getColumnIndex(columnName=sku_number) - start
23:05:19.573 [main] DEBUG o.d.d.s.AutomaticPreparedBatchStatement - addValue(value=2, dataType=INTEGER) - start
23:05:19.573 [main] DEBUG o.d.d.s.SimplePreparedStatement - addValue(value=2, dataType=INTEGER) - start
23:05:19.573 [main] DEBUG o.d.dataset.datatype.IntegerDataType - setSqlValue(value=2, column=1, statement=com.mysql.jdbc.JDBC4PreparedStatement@100ebec: insert into products (sku_number, name, amount) values (1, 'Product 1', 20.00)) - start
23:05:19.575 [main] DEBUG o.d.dataset.datatype.IntegerDataType - typeCast(value=2) - start
23:05:19.575 [main] DEBUG o.d.dataset.datatype.IntegerDataType - typeCast(value=2) - start
23:05:19.575 [main] DEBUG org.dbunit.dataset.DefaultTable - getValue(row=1, column=name) - start
23:05:19.575 [main] DEBUG org.dbunit.dataset.AbstractTable - assertValidRowIndex(row=1) - start
23:05:19.575 [main] DEBUG org.dbunit.dataset.AbstractTable - assertValidRowIndex(row=1, rowCount=4) - start
23:05:19.575 [main] DEBUG org.dbunit.dataset.AbstractTable - getColumnIndex(columnName=name) - start
23:05:19.576 [main] DEBUG o.d.dataset.AbstractTableMetaData - getColumnIndex(columnName=name) - start
23:05:19.576 [main] DEBUG o.d.d.s.AutomaticPreparedBatchStatement - addValue(value=Product 2, dataType=VARCHAR) - start
23:05:19.576 [main] DEBUG o.d.d.s.SimplePreparedStatement - addValue(value=Product 2, dataType=VARCHAR) - start
23:05:19.576 [main] DEBUG o.d.dataset.datatype.StringDataType - setSqlValue(value=Product 2, column=2, statement=com.mysql.jdbc.JDBC4PreparedStatement@100ebec: insert into products (sku_number, name, amount) values (2, 'Product 1', 20.00)) - start
23:05:19.579 [main] DEBUG org.dbunit.dataset.datatype.DataType - asString(value=Product 2) - start
23:05:19.579 [main] DEBUG o.d.dataset.datatype.StringDataType - typeCast(value=Product 2) - start
23:05:19.579 [main] DEBUG org.dbunit.dataset.DefaultTable - getValue(row=1, column=amount) - start
23:05:19.579 [main] DEBUG org.dbunit.dataset.AbstractTable - assertValidRowIndex(row=1) - start
23:05:19.579 [main] DEBUG org.dbunit.dataset.AbstractTable - assertValidRowIndex(row=1, rowCount=4) - start
23:05:19.579 [main] DEBUG org.dbunit.dataset.AbstractTable - getColumnIndex(columnName=amount) - start
23:05:19.580 [main] DEBUG o.d.dataset.AbstractTableMetaData - getColumnIndex(columnName=amount) - start
23:05:19.580 [main] DEBUG o.d.d.s.AutomaticPreparedBatchStatement - addValue(value=50.00, dataType=DECIMAL) - start
23:05:19.580 [main] DEBUG o.d.d.s.SimplePreparedStatement - addValue(value=50.00, dataType=DECIMAL) - start
23:05:19.580 [main] DEBUG o.d.dataset.datatype.NumberDataType - setSqlValue(value=50.00, column=3, statement=com.mysql.jdbc.JDBC4PreparedStatement@100ebec: insert into products (sku_number, name, amount) values (2, 'Product 2', 20.00)) - start
23:05:19.582 [main] DEBUG o.d.dataset.datatype.NumberDataType - typeCast(value=50.00) - start
23:05:19.582 [main] DEBUG o.d.d.s.AutomaticPreparedBatchStatement - addBatch() - start
23:05:19.582 [main] DEBUG o.d.d.s.SimplePreparedStatement - addBatch() - start
23:05:19.609 [main] DEBUG org.dbunit.operation.InsertOperation - equalsIgnoreMapping(ignoreMapping={}, table=org.dbunit.dataset.DefaultTable[_metaData=tableName=products, columns=[(sku_number, UNKNOWN, nullableUnknown), (name, UNKNOWN, nullableUnknown), (amount, UNKNOWN, nullableUnknown)], keys=[], _rowList.size()=4], row=2) - start
23:05:19.609 [main] DEBUG org.dbunit.dataset.DefaultTable - getValue(row=2, column=sku_number) - start
23:05:19.609 [main] DEBUG org.dbunit.dataset.AbstractTable - assertValidRowIndex(row=2) - start
23:05:19.685 [main] DEBUG org.dbunit.dataset.AbstractTable - assertValidRowIndex(row=2, rowCount=4) - start
23:05:19.685 [main] DEBUG org.dbunit.dataset.AbstractTable - getColumnIndex(columnName=sku_number) - start
23:05:19.685 [main] DEBUG o.d.dataset.AbstractTableMetaData - getColumnIndex(columnName=sku_number) - start
23:05:19.685 [main] DEBUG org.dbunit.dataset.DefaultTable - getValue(row=2, column=name) - start
23:05:19.685 [main] DEBUG org.dbunit.dataset.AbstractTable - assertValidRowIndex(row=2) - start
23:05:19.686 [main] DEBUG org.dbunit.dataset.AbstractTable - assertValidRowIndex(row=2, rowCount=4) - start
23:05:19.686 [main] DEBUG org.dbunit.dataset.AbstractTable - getColumnIndex(columnName=name) - start
23:05:19.686 [main] DEBUG o.d.dataset.AbstractTableMetaData - getColumnIndex(columnName=name) - start
23:05:19.686 [main] DEBUG org.dbunit.dataset.DefaultTable - getValue(row=2, column=amount) - start
23:05:19.686 [main] DEBUG org.dbunit.dataset.AbstractTable - assertValidRowIndex(row=2) - start
23:05:19.686 [main] DEBUG org.dbunit.dataset.AbstractTable - assertValidRowIndex(row=2, rowCount=4) - start
23:05:19.687 [main] DEBUG org.dbunit.dataset.AbstractTable - getColumnIndex(columnName=amount) - start
23:05:19.688 [main] DEBUG o.d.dataset.AbstractTableMetaData - getColumnIndex(columnName=amount) - start
23:05:19.688 [main] DEBUG org.dbunit.dataset.DefaultTable - getValue(row=2, column=sku_number) - start
23:05:19.688 [main] DEBUG org.dbunit.dataset.AbstractTable - assertValidRowIndex(row=2) - start
23:05:19.688 [main] DEBUG org.dbunit.dataset.AbstractTable - assertValidRowIndex(row=2, rowCount=4) - start
23:05:19.689 [main] DEBUG org.dbunit.dataset.AbstractTable - getColumnIndex(columnName=sku_number) - start
23:05:19.689 [main] DEBUG o.d.dataset.AbstractTableMetaData - getColumnIndex(columnName=sku_number) - start
23:05:19.689 [main] DEBUG o.d.d.s.AutomaticPreparedBatchStatement - addValue(value=3, dataType=INTEGER) - start
23:05:19.689 [main] DEBUG o.d.d.s.SimplePreparedStatement - addValue(value=3, dataType=INTEGER) - start
23:05:19.689 [main] DEBUG o.d.dataset.datatype.IntegerDataType - setSqlValue(value=3, column=1, statement=com.mysql.jdbc.JDBC4PreparedStatement@100ebec: insert into products (sku_number, name, amount) values (2, 'Product 2', 50.00)) - start
23:05:19.691 [main] DEBUG o.d.dataset.datatype.IntegerDataType - typeCast(value=3) - start
23:05:19.691 [main] DEBUG o.d.dataset.datatype.IntegerDataType - typeCast(value=3) - start
23:05:19.691 [main] DEBUG org.dbunit.dataset.DefaultTable - getValue(row=2, column=name) - start
23:05:19.691 [main] DEBUG org.dbunit.dataset.AbstractTable - assertValidRowIndex(row=2) - start
23:05:19.691 [main] DEBUG org.dbunit.dataset.AbstractTable - assertValidRowIndex(row=2, rowCount=4) - start
23:05:19.691 [main] DEBUG org.dbunit.dataset.AbstractTable - getColumnIndex(columnName=name) - start
23:05:19.692 [main] DEBUG o.d.dataset.AbstractTableMetaData - getColumnIndex(columnName=name) - start
23:05:19.693 [main] DEBUG o.d.d.s.AutomaticPreparedBatchStatement - addValue(value=Product 3, dataType=VARCHAR) - start
23:05:19.693 [main] DEBUG o.d.d.s.SimplePreparedStatement - addValue(value=Product 3, dataType=VARCHAR) - start
23:05:19.693 [main] DEBUG o.d.dataset.datatype.StringDataType - setSqlValue(value=Product 3, column=2, statement=com.mysql.jdbc.JDBC4PreparedStatement@100ebec: insert into products (sku_number, name, amount) values (3, 'Product 2', 50.00)) - start
23:05:19.695 [main] DEBUG org.dbunit.dataset.datatype.DataType - asString(value=Product 3) - start
23:05:19.695 [main] DEBUG o.d.dataset.datatype.StringDataType - typeCast(value=Product 3) - start
23:05:19.696 [main] DEBUG org.dbunit.dataset.DefaultTable - getValue(row=2, column=amount) - start
23:05:19.696 [main] DEBUG org.dbunit.dataset.AbstractTable - assertValidRowIndex(row=2) - start
23:05:19.696 [main] DEBUG org.dbunit.dataset.AbstractTable - assertValidRowIndex(row=2, rowCount=4) - start
23:05:19.696 [main] DEBUG org.dbunit.dataset.AbstractTable - getColumnIndex(columnName=amount) - start
23:05:19.696 [main] DEBUG o.d.dataset.AbstractTableMetaData - getColumnIndex(columnName=amount) - start
23:05:19.697 [main] DEBUG o.d.d.s.AutomaticPreparedBatchStatement - addValue(value=60.00, dataType=DECIMAL) - start
23:05:19.697 [main] DEBUG o.d.d.s.SimplePreparedStatement - addValue(value=60.00, dataType=DECIMAL) - start
23:05:19.697 [main] DEBUG o.d.dataset.datatype.NumberDataType - setSqlValue(value=60.00, column=3, statement=com.mysql.jdbc.JDBC4PreparedStatement@100ebec: insert into products (sku_number, name, amount) values (3, 'Product 3', 50.00)) - start
23:05:19.697 [main] DEBUG o.d.dataset.datatype.NumberDataType - typeCast(value=60.00) - start
23:05:19.699 [main] DEBUG o.d.d.s.AutomaticPreparedBatchStatement - addBatch() - start
23:05:19.699 [main] DEBUG o.d.d.s.SimplePreparedStatement - addBatch() - start
23:05:19.716 [main] DEBUG org.dbunit.operation.InsertOperation - equalsIgnoreMapping(ignoreMapping={}, table=org.dbunit.dataset.DefaultTable[_metaData=tableName=products, columns=[(sku_number, UNKNOWN, nullableUnknown), (name, UNKNOWN, nullableUnknown), (amount, UNKNOWN, nullableUnknown)], keys=[], _rowList.size()=4], row=3) - start
23:05:19.716 [main] DEBUG org.dbunit.dataset.DefaultTable - getValue(row=3, column=sku_number) - start
23:05:19.716 [main] DEBUG org.dbunit.dataset.AbstractTable - assertValidRowIndex(row=3) - start
23:05:19.801 [main] DEBUG org.dbunit.dataset.AbstractTable - assertValidRowIndex(row=3, rowCount=4) - start
23:05:19.801 [main] DEBUG org.dbunit.dataset.AbstractTable - getColumnIndex(columnName=sku_number) - start
23:05:19.801 [main] DEBUG o.d.dataset.AbstractTableMetaData - getColumnIndex(columnName=sku_number) - start
23:05:19.801 [main] DEBUG org.dbunit.dataset.DefaultTable - getValue(row=3, column=name) - start
23:05:19.801 [main] DEBUG org.dbunit.dataset.AbstractTable - assertValidRowIndex(row=3) - start
23:05:19.802 [main] DEBUG org.dbunit.dataset.AbstractTable - assertValidRowIndex(row=3, rowCount=4) - start
23:05:19.802 [main] DEBUG org.dbunit.dataset.AbstractTable - getColumnIndex(columnName=name) - start
23:05:19.802 [main] DEBUG o.d.dataset.AbstractTableMetaData - getColumnIndex(columnName=name) - start
23:05:19.802 [main] DEBUG org.dbunit.dataset.DefaultTable - getValue(row=3, column=amount) - start
23:05:19.802 [main] DEBUG org.dbunit.dataset.AbstractTable - assertValidRowIndex(row=3) - start
23:05:19.802 [main] DEBUG org.dbunit.dataset.AbstractTable - assertValidRowIndex(row=3, rowCount=4) - start
23:05:19.803 [main] DEBUG org.dbunit.dataset.AbstractTable - getColumnIndex(columnName=amount) - start
23:05:19.803 [main] DEBUG o.d.dataset.AbstractTableMetaData - getColumnIndex(columnName=amount) - start
23:05:19.803 [main] DEBUG org.dbunit.dataset.DefaultTable - getValue(row=3, column=sku_number) - start
23:05:19.803 [main] DEBUG org.dbunit.dataset.AbstractTable - assertValidRowIndex(row=3) - start
23:05:19.803 [main] DEBUG org.dbunit.dataset.AbstractTable - assertValidRowIndex(row=3, rowCount=4) - start
23:05:19.805 [main] DEBUG org.dbunit.dataset.AbstractTable - getColumnIndex(columnName=sku_number) - start
23:05:19.805 [main] DEBUG o.d.dataset.AbstractTableMetaData - getColumnIndex(columnName=sku_number) - start
23:05:19.805 [main] DEBUG o.d.d.s.AutomaticPreparedBatchStatement - addValue(value=4, dataType=INTEGER) - start
23:05:19.805 [main] DEBUG o.d.d.s.SimplePreparedStatement - addValue(value=4, dataType=INTEGER) - start
23:05:19.805 [main] DEBUG o.d.dataset.datatype.IntegerDataType - setSqlValue(value=4, column=1, statement=com.mysql.jdbc.JDBC4PreparedStatement@100ebec: insert into products (sku_number, name, amount) values (3, 'Product 3', 60.00)) - start
23:05:19.807 [main] DEBUG o.d.dataset.datatype.IntegerDataType - typeCast(value=4) - start
23:05:19.807 [main] DEBUG o.d.dataset.datatype.IntegerDataType - typeCast(value=4) - start
23:05:19.807 [main] DEBUG org.dbunit.dataset.DefaultTable - getValue(row=3, column=name) - start
23:05:19.807 [main] DEBUG org.dbunit.dataset.AbstractTable - assertValidRowIndex(row=3) - start
23:05:19.807 [main] DEBUG org.dbunit.dataset.AbstractTable - assertValidRowIndex(row=3, rowCount=4) - start
23:05:19.807 [main] DEBUG org.dbunit.dataset.AbstractTable - getColumnIndex(columnName=name) - start
23:05:19.808 [main] DEBUG o.d.dataset.AbstractTableMetaData - getColumnIndex(columnName=name) - start
23:05:19.808 [main] DEBUG o.d.d.s.AutomaticPreparedBatchStatement - addValue(value=Product 4, dataType=VARCHAR) - start
23:05:19.808 [main] DEBUG o.d.d.s.SimplePreparedStatement - addValue(value=Product 4, dataType=VARCHAR) - start
23:05:19.808 [main] DEBUG o.d.dataset.datatype.StringDataType - setSqlValue(value=Product 4, column=2, statement=com.mysql.jdbc.JDBC4PreparedStatement@100ebec: insert into products (sku_number, name, amount) values (4, 'Product 3', 60.00)) - start
23:05:19.810 [main] DEBUG org.dbunit.dataset.datatype.DataType - asString(value=Product 4) - start
23:05:19.810 [main] DEBUG o.d.dataset.datatype.StringDataType - typeCast(value=Product 4) - start
23:05:19.811 [main] DEBUG org.dbunit.dataset.DefaultTable - getValue(row=3, column=amount) - start
23:05:19.811 [main] DEBUG org.dbunit.dataset.AbstractTable - assertValidRowIndex(row=3) - start
23:05:19.811 [main] DEBUG org.dbunit.dataset.AbstractTable - assertValidRowIndex(row=3, rowCount=4) - start
23:05:19.811 [main] DEBUG org.dbunit.dataset.AbstractTable - getColumnIndex(columnName=amount) - start
23:05:19.812 [main] DEBUG o.d.dataset.AbstractTableMetaData - getColumnIndex(columnName=amount) - start
23:05:19.812 [main] DEBUG o.d.d.s.AutomaticPreparedBatchStatement - addValue(value=200.00, dataType=DECIMAL) - start
23:05:19.812 [main] DEBUG o.d.d.s.SimplePreparedStatement - addValue(value=200.00, dataType=DECIMAL) - start
23:05:19.812 [main] DEBUG o.d.dataset.datatype.NumberDataType - setSqlValue(value=200.00, column=3, statement=com.mysql.jdbc.JDBC4PreparedStatement@100ebec: insert into products (sku_number, name, amount) values (4, 'Product 4', 60.00)) - start
23:05:19.814 [main] DEBUG o.d.dataset.datatype.NumberDataType - typeCast(value=200.00) - start
23:05:19.814 [main] DEBUG o.d.d.s.AutomaticPreparedBatchStatement - addBatch() - start
23:05:19.814 [main] DEBUG o.d.d.s.SimplePreparedStatement - addBatch() - start
23:05:19.851 [main] DEBUG org.dbunit.operation.InsertOperation - equalsIgnoreMapping(ignoreMapping={}, table=org.dbunit.dataset.DefaultTable[_metaData=tableName=products, columns=[(sku_number, UNKNOWN, nullableUnknown), (name, UNKNOWN, nullableUnknown), (amount, UNKNOWN, nullableUnknown)], keys=[], _rowList.size()=4], row=4) - start
23:05:19.851 [main] DEBUG org.dbunit.dataset.DefaultTable - getValue(row=4, column=sku_number) - start
23:05:19.851 [main] DEBUG org.dbunit.dataset.AbstractTable - assertValidRowIndex(row=4) - start
23:05:19.917 [main] DEBUG org.dbunit.dataset.AbstractTable - assertValidRowIndex(row=4, rowCount=4) - start
23:05:19.917 [main] DEBUG o.d.d.s.AutomaticPreparedBatchStatement - executeBatch() - start
23:05:19.917 [main] DEBUG o.d.d.s.SimplePreparedStatement - executeBatch() - start
23:05:19.917 [main] DEBUG o.d.d.s.SimplePreparedStatement - clearBatch() - start
23:05:19.917 [main] DEBUG o.d.d.s.AutomaticPreparedBatchStatement - clearBatch() - start
23:05:19.917 [main] DEBUG o.d.d.s.SimplePreparedStatement - clearBatch() - start
23:05:19.918 [main] DEBUG o.d.d.s.AutomaticPreparedBatchStatement - close() - start
23:05:19.918 [main] DEBUG o.d.d.s.AbstractPreparedBatchStatement - close() - start
23:05:19.918 [main] DEBUG o.d.dataset.DefaultTableIterator - getTable() - start
23:05:19.918 [main] DEBUG o.d.operation.AbstractBatchOperation - isEmpty(table=org.dbunit.dataset.DefaultTable[_metaData=tableName=orders, columns=[(order_number, UNKNOWN, nullableUnknown), (customer_id, UNKNOWN, nullableUnknown), (date, UNKNOWN, nullableUnknown), (amount, UNKNOWN, nullableUnknown), (order_status, UNKNOWN, nullableUnknown), (discount_status, UNKNOWN, nullableUnknown)], keys=[], _rowList.size()=6]) - start
23:05:19.920 [main] DEBUG org.dbunit.dataset.DefaultTable - getValue(row=0, column=order_number) - start
23:05:19.920 [main] DEBUG org.dbunit.dataset.AbstractTable - assertValidRowIndex(row=0) - start
23:05:19.920 [main] DEBUG org.dbunit.dataset.AbstractTable - assertValidRowIndex(row=0, rowCount=6) - start
23:05:19.920 [main] DEBUG org.dbunit.dataset.AbstractTable - getColumnIndex(columnName=order_number) - start
23:05:19.920 [main] DEBUG o.d.dataset.AbstractTableMetaData - getColumnIndex(columnName=order_number) - start
23:05:19.921 [main] DEBUG o.dbunit.operation.AbstractOperation - getOperationMetaData(connection=org.dbunit.database.DatabaseConnection[schema=, connection=com.mysql.jdbc.JDBC4Connection@19a32e0, super=_databaseConfig=org.dbunit.database.DatabaseConfig[, _propertyMap={http://www.dbunit.org/properties/statementFactory=org.dbunit.database.statement.PreparedStatementFactory@8238f4, http://www.dbunit.org/features/caseSensitiveTableNames=false, http://www.dbunit.org/properties/fetchSize=100, http://www.dbunit.org/features/batchedStatements=false, http://www.dbunit.org/properties/metadataHandler=org.dbunit.database.DefaultMetadataHandler@16925b0, http://www.dbunit.org/properties/datatypeFactory=org.dbunit.dataset.datatype.DefaultDataTypeFactory[_toleratedDeltaMap=org.dbunit.dataset.datatype.ToleratedDeltaMap@297ffb], http://www.dbunit.org/properties/escapePattern=null, http://www.dbunit.org/properties/batchSize=100, http://www.dbunit.org/features/qualifiedTableNames=false, http://www.dbunit.org/properties/tableType=[Ljava.lang.String;@914f6a, http://www.dbunit.org/properties/resultSetTableFactory=org.dbunit.database.CachedResultSetTableFactory@1f4cbee, http://www.dbunit.org/features/datatypeWarning=true}], _dataSet=AbstractDataSet[_orderedTableNameMap=null]], metaData=tableName=orders, columns=[(order_number, UNKNOWN, nullableUnknown), (customer_id, UNKNOWN, nullableUnknown), (date, UNKNOWN, nullableUnknown), (amount, UNKNOWN, nullableUnknown), (order_status, UNKNOWN, nullableUnknown), (discount_status, UNKNOWN, nullableUnknown)], keys=[]) - start
23:05:19.923 [main] DEBUG o.d.d.AbstractDatabaseConnection - createDataSet() - start
23:05:19.923 [main] DEBUG org.dbunit.database.DatabaseDataSet - getTableMetaData(tableName=orders) - start
23:05:19.923 [main] DEBUG org.dbunit.database.DatabaseDataSet - initialize() - start
23:05:19.923 [main] DEBUG o.dbunit.dataset.OrderedTableNameMap - getTableName(tableName=orders) - start
23:05:19.923 [main] DEBUG o.dbunit.dataset.OrderedTableNameMap - getTableName(tableName=orders) - end - result=ORDERS
23:05:19.923 [main] DEBUG o.dbunit.dataset.OrderedTableNameMap - getTableName(tableName=orders) - start
23:05:19.923 [main] DEBUG o.dbunit.dataset.OrderedTableNameMap - getTableName(tableName=orders) - end - result=ORDERS
23:05:19.923 [main] DEBUG o.d.dataset.AbstractTableMetaData - getColumnIndex(columnName=order_number) - start
23:05:19.923 [main] DEBUG o.d.database.DatabaseTableMetaData - getColumns() - start
23:05:19.923 [main] DEBUG o.d.database.DatabaseTableMetaData - getColumns() - start
23:05:19.923 [main] DEBUG o.d.dataset.AbstractTableMetaData - getColumnIndex(columnName=customer_id) - start
23:05:19.923 [main] DEBUG o.d.database.DatabaseTableMetaData - getColumns() - start
23:05:19.928 [main] DEBUG o.d.dataset.AbstractTableMetaData - getColumnIndex(columnName=date) - start
23:05:19.928 [main] DEBUG o.d.database.DatabaseTableMetaData - getColumns() - start
23:05:19.928 [main] DEBUG o.d.dataset.AbstractTableMetaData - getColumnIndex(columnName=amount) - start
23:05:19.928 [main] DEBUG o.d.database.DatabaseTableMetaData - getColumns() - start
23:05:19.929 [main] DEBUG o.d.dataset.AbstractTableMetaData - getColumnIndex(columnName=order_status) - start
23:05:19.929 [main] DEBUG o.d.database.DatabaseTableMetaData - getColumns() - start
23:05:19.931 [main] DEBUG o.d.dataset.AbstractTableMetaData - getColumnIndex(columnName=discount_status) - start
23:05:19.931 [main] DEBUG o.d.database.DatabaseTableMetaData - getColumns() - start
23:05:19.931 [main] DEBUG o.d.database.DatabaseTableMetaData - getPrimaryKeys() - start
23:05:19.931 [main] DEBUG org.dbunit.operation.InsertOperation - getIgnoreMapping(table=org.dbunit.dataset.DefaultTable[_metaData=tableName=orders, columns=[(order_number, UNKNOWN, nullableUnknown), (customer_id, UNKNOWN, nullableUnknown), (date, UNKNOWN, nullableUnknown), (amount, UNKNOWN, nullableUnknown), (order_status, UNKNOWN, nullableUnknown), (discount_status, UNKNOWN, nullableUnknown)], keys=[], _rowList.size()=6], row=0) - start
23:05:19.933 [main] DEBUG org.dbunit.dataset.DefaultTable - getValue(row=0, column=order_number) - start
23:05:19.933 [main] DEBUG org.dbunit.dataset.AbstractTable - assertValidRowIndex(row=0) - start
23:05:19.933 [main] DEBUG org.dbunit.dataset.AbstractTable - assertValidRowIndex(row=0, rowCount=6) - start
23:05:19.933 [main] DEBUG org.dbunit.dataset.AbstractTable - getColumnIndex(columnName=order_number) - start
23:05:19.933 [main] DEBUG o.d.dataset.AbstractTableMetaData - getColumnIndex(columnName=order_number) - start
23:05:19.934 [main] DEBUG org.dbunit.dataset.DefaultTable - getValue(row=0, column=customer_id) - start
23:05:19.934 [main] DEBUG org.dbunit.dataset.AbstractTable - assertValidRowIndex(row=0) - start
23:05:19.934 [main] DEBUG org.dbunit.dataset.AbstractTable - assertValidRowIndex(row=0, rowCount=6) - start
23:05:19.934 [main] DEBUG org.dbunit.dataset.AbstractTable - getColumnIndex(columnName=customer_id) - start
23:05:19.934 [main] DEBUG o.d.dataset.AbstractTableMetaData - getColumnIndex(columnName=customer_id) - start
23:05:19.936 [main] DEBUG org.dbunit.dataset.DefaultTable - getValue(row=0, column=date) - start
23:05:19.936 [main] DEBUG org.dbunit.dataset.AbstractTable - assertValidRowIndex(row=0) - start
23:05:19.936 [main] DEBUG org.dbunit.dataset.AbstractTable - assertValidRowIndex(row=0, rowCount=6) - start
23:05:19.936 [main] DEBUG org.dbunit.dataset.AbstractTable - getColumnIndex(columnName=date) - start
23:05:19.936 [main] DEBUG o.d.dataset.AbstractTableMetaData - getColumnIndex(columnName=date) - start
23:05:19.936 [main] DEBUG org.dbunit.dataset.DefaultTable - getValue(row=0, column=amount) - start
23:05:19.938 [main] DEBUG org.dbunit.dataset.AbstractTable - assertValidRowIndex(row=0) - start
23:05:19.938 [main] DEBUG org.dbunit.dataset.AbstractTable - assertValidRowIndex(row=0, rowCount=6) - start
23:05:19.938 [main] DEBUG org.dbunit.dataset.AbstractTable - getColumnIndex(columnName=amount) - start
23:05:19.938 [main] DEBUG o.d.dataset.AbstractTableMetaData - getColumnIndex(columnName=amount) - start
23:05:19.938 [main] DEBUG org.dbunit.dataset.DefaultTable - getValue(row=0, column=order_status) - start
23:05:19.940 [main] DEBUG org.dbunit.dataset.AbstractTable - assertValidRowIndex(row=0) - start
23:05:19.940 [main] DEBUG org.dbunit.dataset.AbstractTable - assertValidRowIndex(row=0, rowCount=6) - start
23:05:19.940 [main] DEBUG org.dbunit.dataset.AbstractTable - getColumnIndex(columnName=order_status) - start
23:05:19.940 [main] DEBUG o.d.dataset.AbstractTableMetaData - getColumnIndex(columnName=order_status) - start
23:05:19.940 [main] DEBUG org.dbunit.dataset.DefaultTable - getValue(row=0, column=discount_status) - start
23:05:19.941 [main] DEBUG org.dbunit.dataset.AbstractTable - assertValidRowIndex(row=0) - start
23:05:19.941 [main] DEBUG org.dbunit.dataset.AbstractTable - assertValidRowIndex(row=0, rowCount=6) - start
23:05:19.941 [main] DEBUG org.dbunit.dataset.AbstractTable - getColumnIndex(columnName=discount_status) - start
23:05:19.941 [main] DEBUG o.d.dataset.AbstractTableMetaData - getColumnIndex(columnName=discount_status) - start
23:05:19.941 [main] DEBUG org.dbunit.operation.InsertOperation - getOperationData(metaData=tableName=orders, columns=[(order_number, INTEGER, noNulls), (customer_id, INTEGER, noNulls), (date, DATE, noNulls), (amount, DECIMAL, noNulls), (order_status, VARCHAR, noNulls), (discount_status, VARCHAR, noNulls)], keys=[(order_number, INTEGER, noNulls)], ignoreMapping={}, connection=org.dbunit.database.DatabaseConnection[schema=, connection=com.mysql.jdbc.JDBC4Connection@19a32e0, super=_databaseConfig=org.dbunit.database.DatabaseConfig[, _propertyMap={http://www.dbunit.org/properties/statementFactory=org.dbunit.database.statement.PreparedStatementFactory@8238f4, http://www.dbunit.org/features/caseSensitiveTableNames=false, http://www.dbunit.org/properties/fetchSize=100, http://www.dbunit.org/features/batchedStatements=false, http://www.dbunit.org/properties/metadataHandler=org.dbunit.database.DefaultMetadataHandler@16925b0, http://www.dbunit.org/properties/datatypeFactory=org.dbunit.dataset.datatype.DefaultDataTypeFactory[_toleratedDeltaMap=org.dbunit.dataset.datatype.ToleratedDeltaMap@297ffb], http://www.dbunit.org/properties/escapePattern=null, http://www.dbunit.org/properties/batchSize=100, http://www.dbunit.org/features/qualifiedTableNames=false, http://www.dbunit.org/properties/tableType=[Ljava.lang.String;@914f6a, http://www.dbunit.org/properties/resultSetTableFactory=org.dbunit.database.CachedResultSetTableFactory@1f4cbee, http://www.dbunit.org/features/datatypeWarning=true}], _dataSet=AbstractDataSet[_orderedTableNameMap=null]]) - start
23:05:19.945 [main] DEBUG o.dbunit.operation.AbstractOperation - getQualifiedName(prefix=, name=orders, connection=org.dbunit.database.DatabaseConnection[schema=, connection=com.mysql.jdbc.JDBC4Connection@19a32e0, super=_databaseConfig=org.dbunit.database.DatabaseConfig[, _propertyMap={http://www.dbunit.org/properties/statementFactory=org.dbunit.database.statement.PreparedStatementFactory@8238f4, http://www.dbunit.org/features/caseSensitiveTableNames=false, http://www.dbunit.org/properties/fetchSize=100, http://www.dbunit.org/features/batchedStatements=false, http://www.dbunit.org/properties/metadataHandler=org.dbunit.database.DefaultMetadataHandler@16925b0, http://www.dbunit.org/properties/datatypeFactory=org.dbunit.dataset.datatype.DefaultDataTypeFactory[_toleratedDeltaMap=org.dbunit.dataset.datatype.ToleratedDeltaMap@297ffb], http://www.dbunit.org/properties/escapePattern=null, http://www.dbunit.org/properties/batchSize=100, http://www.dbunit.org/features/qualifiedTableNames=false, http://www.dbunit.org/properties/tableType=[Ljava.lang.String;@914f6a, http://www.dbunit.org/properties/resultSetTableFactory=org.dbunit.database.CachedResultSetTableFactory@1f4cbee, http://www.dbunit.org/features/datatypeWarning=true}], _dataSet=AbstractDataSet[_orderedTableNameMap=null]]) - start
23:05:19.945 [main] DEBUG org.dbunit.util.QualifiedTableName - getQualifiedName() - start
23:05:19.945 [main] DEBUG org.dbunit.util.QualifiedTableName - getQualifiedName(prefix=, name=orders, escapePattern=null) - start
23:05:19.945 [main] DEBUG o.dbunit.operation.AbstractOperation - getQualifiedName(prefix=null, name=order_number, connection=org.dbunit.database.DatabaseConnection[schema=, connection=com.mysql.jdbc.JDBC4Connection@19a32e0, super=_databaseConfig=org.dbunit.database.DatabaseConfig[, _propertyMap={http://www.dbunit.org/properties/statementFactory=org.dbunit.database.statement.PreparedStatementFactory@8238f4, http://www.dbunit.org/features/caseSensitiveTableNames=false, http://www.dbunit.org/properties/fetchSize=100, http://www.dbunit.org/features/batchedStatements=false, http://www.dbunit.org/properties/metadataHandler=org.dbunit.database.DefaultMetadataHandler@16925b0, http://www.dbunit.org/properties/datatypeFactory=org.dbunit.dataset.datatype.DefaultDataTypeFactory[_toleratedDeltaMap=org.dbunit.dataset.datatype.ToleratedDeltaMap@297ffb], http://www.dbunit.org/properties/escapePattern=null, http://www.dbunit.org/properties/batchSize=100, http://www.dbunit.org/features/qualifiedTableNames=false, http://www.dbunit.org/properties/tableType=[Ljava.lang.String;@914f6a, http://www.dbunit.org/properties/resultSetTableFactory=org.dbunit.database.CachedResultSetTableFactory@1f4cbee, http://www.dbunit.org/features/datatypeWarning=true}], _dataSet=AbstractDataSet[_orderedTableNameMap=null]]) - start
23:05:19.949 [main] DEBUG org.dbunit.util.QualifiedTableName - getQualifiedName() - start
23:05:19.949 [main] DEBUG org.dbunit.util.QualifiedTableName - getQualifiedName(prefix=null, name=order_number, escapePattern=null) - start
23:05:19.949 [main] DEBUG o.dbunit.operation.AbstractOperation - getQualifiedName(prefix=null, name=customer_id, connection=org.dbunit.database.DatabaseConnection[schema=, connection=com.mysql.jdbc.JDBC4Connection@19a32e0, super=_databaseConfig=org.dbunit.database.DatabaseConfig[, _propertyMap={http://www.dbunit.org/properties/statementFactory=org.dbunit.database.statement.PreparedStatementFactory@8238f4, http://www.dbunit.org/features/caseSensitiveTableNames=false, http://www.dbunit.org/properties/fetchSize=100, http://www.dbunit.org/features/batchedStatements=false, http://www.dbunit.org/properties/metadataHandler=org.dbunit.database.DefaultMetadataHandler@16925b0, http://www.dbunit.org/properties/datatypeFactory=org.dbunit.dataset.datatype.DefaultDataTypeFactory[_toleratedDeltaMap=org.dbunit.dataset.datatype.ToleratedDeltaMap@297ffb], http://www.dbunit.org/properties/escapePattern=null, http://www.dbunit.org/properties/batchSize=100, http://www.dbunit.org/features/qualifiedTableNames=false, http://www.dbunit.org/properties/tableType=[Ljava.lang.String;@914f6a, http://www.dbunit.org/properties/resultSetTableFactory=org.dbunit.database.CachedResultSetTableFactory@1f4cbee, http://www.dbunit.org/features/datatypeWarning=true}], _dataSet=AbstractDataSet[_orderedTableNameMap=null]]) - start
23:05:19.954 [main] DEBUG org.dbunit.util.QualifiedTableName - getQualifiedName() - start
23:05:19.954 [main] DEBUG org.dbunit.util.QualifiedTableName - getQualifiedName(prefix=null, name=customer_id, escapePattern=null) - start
23:05:19.954 [main] DEBUG o.dbunit.operation.AbstractOperation - getQualifiedName(prefix=null, name=date, connection=org.dbunit.database.DatabaseConnection[schema=, connection=com.mysql.jdbc.JDBC4Connection@19a32e0, super=_databaseConfig=org.dbunit.database.DatabaseConfig[, _propertyMap={http://www.dbunit.org/properties/statementFactory=org.dbunit.database.statement.PreparedStatementFactory@8238f4, http://www.dbunit.org/features/caseSensitiveTableNames=false, http://www.dbunit.org/properties/fetchSize=100, http://www.dbunit.org/features/batchedStatements=false, http://www.dbunit.org/properties/metadataHandler=org.dbunit.database.DefaultMetadataHandler@16925b0, http://www.dbunit.org/properties/datatypeFactory=org.dbunit.dataset.datatype.DefaultDataTypeFactory[_toleratedDeltaMap=org.dbunit.dataset.datatype.ToleratedDeltaMap@297ffb], http://www.dbunit.org/properties/escapePattern=null, http://www.dbunit.org/properties/batchSize=100, http://www.dbunit.org/features/qualifiedTableNames=false, http://www.dbunit.org/properties/tableType=[Ljava.lang.String;@914f6a, http://www.dbunit.org/properties/resultSetTableFactory=org.dbunit.database.CachedResultSetTableFactory@1f4cbee, http://www.dbunit.org/features/datatypeWarning=true}], _dataSet=AbstractDataSet[_orderedTableNameMap=null]]) - start
23:05:19.958 [main] DEBUG org.dbunit.util.QualifiedTableName - getQualifiedName() - start
23:05:19.958 [main] DEBUG org.dbunit.util.QualifiedTableName - getQualifiedName(prefix=null, name=date, escapePattern=null) - start
23:05:19.958 [main] DEBUG o.dbunit.operation.AbstractOperation - getQualifiedName(prefix=null, name=amount, connection=org.dbunit.database.DatabaseConnection[schema=, connection=com.mysql.jdbc.JDBC4Connection@19a32e0, super=_databaseConfig=org.dbunit.database.DatabaseConfig[, _propertyMap={http://www.dbunit.org/properties/statementFactory=org.dbunit.database.statement.PreparedStatementFactory@8238f4, http://www.dbunit.org/features/caseSensitiveTableNames=false, http://www.dbunit.org/properties/fetchSize=100, http://www.dbunit.org/features/batchedStatements=false, http://www.dbunit.org/properties/metadataHandler=org.dbunit.database.DefaultMetadataHandler@16925b0, http://www.dbunit.org/properties/datatypeFactory=org.dbunit.dataset.datatype.DefaultDataTypeFactory[_toleratedDeltaMap=org.dbunit.dataset.datatype.ToleratedDeltaMap@297ffb], http://www.dbunit.org/properties/escapePattern=null, http://www.dbunit.org/properties/batchSize=100, http://www.dbunit.org/features/qualifiedTableNames=false, http://www.dbunit.org/properties/tableType=[Ljava.lang.String;@914f6a, http://www.dbunit.org/properties/resultSetTableFactory=org.dbunit.database.CachedResultSetTableFactory@1f4cbee, http://www.dbunit.org/features/datatypeWarning=true}], _dataSet=AbstractDataSet[_orderedTableNameMap=null]]) - start
23:05:19.962 [main] DEBUG org.dbunit.util.QualifiedTableName - getQualifiedName() - start
23:05:19.963 [main] DEBUG org.dbunit.util.QualifiedTableName - getQualifiedName(prefix=null, name=amount, escapePattern=null) - start
23:05:19.963 [main] DEBUG o.dbunit.operation.AbstractOperation - getQualifiedName(prefix=null, name=order_status, connection=org.dbunit.database.DatabaseConnection[schema=, connection=com.mysql.jdbc.JDBC4Connection@19a32e0, super=_databaseConfig=org.dbunit.database.DatabaseConfig[, _propertyMap={http://www.dbunit.org/properties/statementFactory=org.dbunit.database.statement.PreparedStatementFactory@8238f4, http://www.dbunit.org/features/caseSensitiveTableNames=false, http://www.dbunit.org/properties/fetchSize=100, http://www.dbunit.org/features/batchedStatements=false, http://www.dbunit.org/properties/metadataHandler=org.dbunit.database.DefaultMetadataHandler@16925b0, http://www.dbunit.org/properties/datatypeFactory=org.dbunit.dataset.datatype.DefaultDataTypeFactory[_toleratedDeltaMap=org.dbunit.dataset.datatype.ToleratedDeltaMap@297ffb], http://www.dbunit.org/properties/escapePattern=null, http://www.dbunit.org/properties/batchSize=100, http://www.dbunit.org/features/qualifiedTableNames=false, http://www.dbunit.org/properties/tableType=[Ljava.lang.String;@914f6a, http://www.dbunit.org/properties/resultSetTableFactory=org.dbunit.database.CachedResultSetTableFactory@1f4cbee, http://www.dbunit.org/features/datatypeWarning=true}], _dataSet=AbstractDataSet[_orderedTableNameMap=null]]) - start
23:05:19.967 [main] DEBUG org.dbunit.util.QualifiedTableName - getQualifiedName() - start
23:05:19.967 [main] DEBUG org.dbunit.util.QualifiedTableName - getQualifiedName(prefix=null, name=order_status, escapePattern=null) - start
23:05:19.967 [main] DEBUG o.dbunit.operation.AbstractOperation - getQualifiedName(prefix=null, name=discount_status, connection=org.dbunit.database.DatabaseConnection[schema=, connection=com.mysql.jdbc.JDBC4Connection@19a32e0, super=_databaseConfig=org.dbunit.database.DatabaseConfig[, _propertyMap={http://www.dbunit.org/properties/statementFactory=org.dbunit.database.statement.PreparedStatementFactory@8238f4, http://www.dbunit.org/features/caseSensitiveTableNames=false, http://www.dbunit.org/properties/fetchSize=100, http://www.dbunit.org/features/batchedStatements=false, http://www.dbunit.org/properties/metadataHandler=org.dbunit.database.DefaultMetadataHandler@16925b0, http://www.dbunit.org/properties/datatypeFactory=org.dbunit.dataset.datatype.DefaultDataTypeFactory[_toleratedDeltaMap=org.dbunit.dataset.datatype.ToleratedDeltaMap@297ffb], http://www.dbunit.org/properties/escapePattern=null, http://www.dbunit.org/properties/batchSize=100, http://www.dbunit.org/features/qualifiedTableNames=false, http://www.dbunit.org/properties/tableType=[Ljava.lang.String;@914f6a, http://www.dbunit.org/properties/resultSetTableFactory=org.dbunit.database.CachedResultSetTableFactory@1f4cbee, http://www.dbunit.org/features/datatypeWarning=true}], _dataSet=AbstractDataSet[_orderedTableNameMap=null]]) - start
23:05:19.971 [main] DEBUG org.dbunit.util.QualifiedTableName - getQualifiedName() - start
23:05:19.971 [main] DEBUG org.dbunit.util.QualifiedTableName - getQualifiedName(prefix=null, name=discount_status, escapePattern=null) - start
23:05:19.971 [main] DEBUG o.d.d.s.PreparedStatementFactory - createPreparedBatchStatement(sql=insert into orders (order_number, customer_id, date, amount, order_status, discount_status) values (?, ?, ?, ?, ?, ?), connection=org.dbunit.database.DatabaseConnection[schema=, connection=com.mysql.jdbc.JDBC4Connection@19a32e0, super=_databaseConfig=org.dbunit.database.DatabaseConfig[, _propertyMap={http://www.dbunit.org/properties/statementFactory=org.dbunit.database.statement.PreparedStatementFactory@8238f4, http://www.dbunit.org/features/caseSensitiveTableNames=false, http://www.dbunit.org/properties/fetchSize=100, http://www.dbunit.org/features/batchedStatements=false, http://www.dbunit.org/properties/metadataHandler=org.dbunit.database.DefaultMetadataHandler@16925b0, http://www.dbunit.org/properties/datatypeFactory=org.dbunit.dataset.datatype.DefaultDataTypeFactory[_toleratedDeltaMap=org.dbunit.dataset.datatype.ToleratedDeltaMap@297ffb], http://www.dbunit.org/properties/escapePattern=null, http://www.dbunit.org/properties/batchSize=100, http://www.dbunit.org/features/qualifiedTableNames=false, http://www.dbunit.org/properties/tableType=[Ljava.lang.String;@914f6a, http://www.dbunit.org/properties/resultSetTableFactory=org.dbunit.database.CachedResultSetTableFactory@1f4cbee, http://www.dbunit.org/features/datatypeWarning=true}], _dataSet=AbstractDataSet[_orderedTableNameMap=null]]) - start
23:05:19.976 [main] DEBUG o.d.d.s.AbstractStatementFactory - supportBatchStatement(connection=org.dbunit.database.DatabaseConnection[schema=, connection=com.mysql.jdbc.JDBC4Connection@19a32e0, super=_databaseConfig=org.dbunit.database.DatabaseConfig[, _propertyMap={http://www.dbunit.org/properties/statementFactory=org.dbunit.database.statement.PreparedStatementFactory@8238f4, http://www.dbunit.org/features/caseSensitiveTableNames=false, http://www.dbunit.org/properties/fetchSize=100, http://www.dbunit.org/features/batchedStatements=false, http://www.dbunit.org/properties/metadataHandler=org.dbunit.database.DefaultMetadataHandler@16925b0, http://www.dbunit.org/properties/datatypeFactory=org.dbunit.dataset.datatype.DefaultDataTypeFactory[_toleratedDeltaMap=org.dbunit.dataset.datatype.ToleratedDeltaMap@297ffb], http://www.dbunit.org/properties/escapePattern=null, http://www.dbunit.org/properties/batchSize=100, http://www.dbunit.org/features/qualifiedTableNames=false, http://www.dbunit.org/properties/tableType=[Ljava.lang.String;@914f6a, http://www.dbunit.org/properties/resultSetTableFactory=org.dbunit.database.CachedResultSetTableFactory@1f4cbee, http://www.dbunit.org/features/datatypeWarning=true}], _dataSet=AbstractDataSet[_orderedTableNameMap=null]]) - start
23:05:19.980 [main] DEBUG org.dbunit.dataset.DefaultTable - getValue(row=0, column=order_number) - start
23:05:19.980 [main] DEBUG org.dbunit.dataset.AbstractTable - assertValidRowIndex(row=0) - start
23:05:19.980 [main] DEBUG org.dbunit.dataset.AbstractTable - assertValidRowIndex(row=0, rowCount=6) - start
23:05:19.980 [main] DEBUG org.dbunit.dataset.AbstractTable - getColumnIndex(columnName=order_number) - start
23:05:19.980 [main] DEBUG o.d.dataset.AbstractTableMetaData - getColumnIndex(columnName=order_number) - start
23:05:19.984 [main] DEBUG o.d.d.s.AutomaticPreparedBatchStatement - addValue(value=1, dataType=INTEGER) - start
23:05:19.984 [main] DEBUG o.d.d.s.SimplePreparedStatement - addValue(value=1, dataType=INTEGER) - start
23:05:19.984 [main] DEBUG o.d.dataset.datatype.IntegerDataType - setSqlValue(value=1, column=1, statement=com.mysql.jdbc.JDBC4PreparedStatement@13f210f: insert into orders (order_number, customer_id, date, amount, order_status, discount_status) values (** NOT SPECIFIED **, ** NOT SPECIFIED **, ** NOT SPECIFIED **, ** NOT SPECIFIED **, ** NOT SPECIFIED **, ** NOT SPECIFIED **)) - start
23:05:19.989 [main] DEBUG o.d.dataset.datatype.IntegerDataType - typeCast(value=1) - start
23:05:19.989 [main] DEBUG o.d.dataset.datatype.IntegerDataType - typeCast(value=1) - start
23:05:19.989 [main] DEBUG org.dbunit.dataset.DefaultTable - getValue(row=0, column=customer_id) - start
23:05:19.989 [main] DEBUG org.dbunit.dataset.AbstractTable - assertValidRowIndex(row=0) - start
23:05:19.989 [main] DEBUG org.dbunit.dataset.AbstractTable - assertValidRowIndex(row=0, rowCount=6) - start
23:05:19.989 [main] DEBUG org.dbunit.dataset.AbstractTable - getColumnIndex(columnName=customer_id) - start
23:05:19.990 [main] DEBUG o.d.dataset.AbstractTableMetaData - getColumnIndex(columnName=customer_id) - start
23:05:19.990 [main] DEBUG o.d.d.s.AutomaticPreparedBatchStatement - addValue(value=1, dataType=INTEGER) - start
23:05:19.990 [main] DEBUG o.d.d.s.SimplePreparedStatement - addValue(value=1, dataType=INTEGER) - start
23:05:19.990 [main] DEBUG o.d.dataset.datatype.IntegerDataType - setSqlValue(value=1, column=2, statement=com.mysql.jdbc.JDBC4PreparedStatement@13f210f: insert into orders (order_number, customer_id, date, amount, order_status, discount_status) values (1, ** NOT SPECIFIED **, ** NOT SPECIFIED **, ** NOT SPECIFIED **, ** NOT SPECIFIED **, ** NOT SPECIFIED **)) - start
23:05:19.992 [main] DEBUG o.d.dataset.datatype.IntegerDataType - typeCast(value=1) - start
23:05:19.992 [main] DEBUG o.d.dataset.datatype.IntegerDataType - typeCast(value=1) - start
23:05:19.992 [main] DEBUG org.dbunit.dataset.DefaultTable - getValue(row=0, column=date) - start
23:05:19.992 [main] DEBUG org.dbunit.dataset.AbstractTable - assertValidRowIndex(row=0) - start
23:05:19.992 [main] DEBUG org.dbunit.dataset.AbstractTable - assertValidRowIndex(row=0, rowCount=6) - start
23:05:19.992 [main] DEBUG org.dbunit.dataset.AbstractTable - getColumnIndex(columnName=date) - start
23:05:19.993 [main] DEBUG o.d.dataset.AbstractTableMetaData - getColumnIndex(columnName=date) - start
23:05:19.993 [main] DEBUG o.d.d.s.AutomaticPreparedBatchStatement - addValue(value=2011-06-13, dataType=DATE) - start
23:05:19.993 [main] DEBUG o.d.d.s.SimplePreparedStatement - addValue(value=2011-06-13, dataType=DATE) - start
23:05:19.993 [main] DEBUG o.d.dataset.datatype.DateDataType - setSqlValue(value=2011-06-13, column=3, statement=com.mysql.jdbc.JDBC4PreparedStatement@13f210f: insert into orders (order_number, customer_id, date, amount, order_status, discount_status) values (1, 1, ** NOT SPECIFIED **, ** NOT SPECIFIED **, ** NOT SPECIFIED **, ** NOT SPECIFIED **)) - start
23:05:19.996 [main] DEBUG o.d.dataset.datatype.DateDataType - typeCast(value=2011-06-13) - start
23:05:19.996 [main] DEBUG org.dbunit.dataset.DefaultTable - getValue(row=0, column=amount) - start
23:05:19.996 [main] DEBUG org.dbunit.dataset.AbstractTable - assertValidRowIndex(row=0) - start
23:05:19.996 [main] DEBUG org.dbunit.dataset.AbstractTable - assertValidRowIndex(row=0, rowCount=6) - start
23:05:19.996 [main] DEBUG org.dbunit.dataset.AbstractTable - getColumnIndex(columnName=amount) - start
23:05:19.996 [main] DEBUG o.d.dataset.AbstractTableMetaData - getColumnIndex(columnName=amount) - start
23:05:19.997 [main] DEBUG o.d.d.s.AutomaticPreparedBatchStatement - addValue(value=200.00, dataType=DECIMAL) - start
23:05:19.997 [main] DEBUG o.d.d.s.SimplePreparedStatement - addValue(value=200.00, dataType=DECIMAL) - start
23:05:19.997 [main] DEBUG o.d.dataset.datatype.NumberDataType - setSqlValue(value=200.00, column=4, statement=com.mysql.jdbc.JDBC4PreparedStatement@13f210f: insert into orders (order_number, customer_id, date, amount, order_status, discount_status) values (1, 1, '2011-06-13', ** NOT SPECIFIED **, ** NOT SPECIFIED **, ** NOT SPECIFIED **)) - start
23:05:19.999 [main] DEBUG o.d.dataset.datatype.NumberDataType - typeCast(value=200.00) - start
23:05:19.999 [main] DEBUG org.dbunit.dataset.DefaultTable - getValue(row=0, column=order_status) - start
23:05:19.999 [main] DEBUG org.dbunit.dataset.AbstractTable - assertValidRowIndex(row=0) - start
23:05:19.999 [main] DEBUG org.dbunit.dataset.AbstractTable - assertValidRowIndex(row=0, rowCount=6) - start
23:05:19.999 [main] DEBUG org.dbunit.dataset.AbstractTable - getColumnIndex(columnName=order_status) - start
23:05:20.000 [main] DEBUG o.d.dataset.AbstractTableMetaData - getColumnIndex(columnName=order_status) - start
23:05:20.000 [main] DEBUG o.d.d.s.AutomaticPreparedBatchStatement - addValue(value=UNPAID, dataType=VARCHAR) - start
23:05:20.000 [main] DEBUG o.d.d.s.SimplePreparedStatement - addValue(value=UNPAID, dataType=VARCHAR) - start
23:05:20.000 [main] DEBUG o.d.dataset.datatype.StringDataType - setSqlValue(value=UNPAID, column=5, statement=com.mysql.jdbc.JDBC4PreparedStatement@13f210f: insert into orders (order_number, customer_id, date, amount, order_status, discount_status) values (1, 1, '2011-06-13', 200.00, ** NOT SPECIFIED **, ** NOT SPECIFIED **)) - start
23:05:20.002 [main] DEBUG org.dbunit.dataset.datatype.DataType - asString(value=UNPAID) - start
23:05:20.002 [main] DEBUG o.d.dataset.datatype.StringDataType - typeCast(value=UNPAID) - start
23:05:20.002 [main] DEBUG org.dbunit.dataset.DefaultTable - getValue(row=0, column=discount_status) - start
23:05:20.002 [main] DEBUG org.dbunit.dataset.AbstractTable - assertValidRowIndex(row=0) - start
23:05:20.002 [main] DEBUG org.dbunit.dataset.AbstractTable - assertValidRowIndex(row=0, rowCount=6) - start
23:05:20.002 [main] DEBUG org.dbunit.dataset.AbstractTable - getColumnIndex(columnName=discount_status) - start
23:05:20.003 [main] DEBUG o.d.dataset.AbstractTableMetaData - getColumnIndex(columnName=discount_status) - start
23:05:20.003 [main] DEBUG o.d.d.s.AutomaticPreparedBatchStatement - addValue(value=NO_DISCOUNT, dataType=VARCHAR) - start
23:05:20.003 [main] DEBUG o.d.d.s.SimplePreparedStatement - addValue(value=NO_DISCOUNT, dataType=VARCHAR) - start
23:05:20.003 [main] DEBUG o.d.dataset.datatype.StringDataType - setSqlValue(value=NO_DISCOUNT, column=6, statement=com.mysql.jdbc.JDBC4PreparedStatement@13f210f: insert into orders (order_number, customer_id, date, amount, order_status, discount_status) values (1, 1, '2011-06-13', 200.00, 'UNPAID', ** NOT SPECIFIED **)) - start
23:05:20.006 [main] DEBUG org.dbunit.dataset.datatype.DataType - asString(value=NO_DISCOUNT) - start
23:05:20.006 [main] DEBUG o.d.dataset.datatype.StringDataType - typeCast(value=NO_DISCOUNT) - start
23:05:20.006 [main] DEBUG o.d.d.s.AutomaticPreparedBatchStatement - addBatch() - start
23:05:20.006 [main] DEBUG o.d.d.s.SimplePreparedStatement - addBatch() - start
23:05:20.024 [main] DEBUG org.dbunit.operation.InsertOperation - equalsIgnoreMapping(ignoreMapping={}, table=org.dbunit.dataset.DefaultTable[_metaData=tableName=orders, columns=[(order_number, UNKNOWN, nullableUnknown), (customer_id, UNKNOWN, nullableUnknown), (date, UNKNOWN, nullableUnknown), (amount, UNKNOWN, nullableUnknown), (order_status, UNKNOWN, nullableUnknown), (discount_status, UNKNOWN, nullableUnknown)], keys=[], _rowList.size()=6], row=1) - start
23:05:20.024 [main] DEBUG org.dbunit.dataset.DefaultTable - getValue(row=1, column=order_number) - start
23:05:20.109 [main] DEBUG org.dbunit.dataset.AbstractTable - assertValidRowIndex(row=1) - start
23:05:20.109 [main] DEBUG org.dbunit.dataset.AbstractTable - assertValidRowIndex(row=1, rowCount=6) - start
23:05:20.109 [main] DEBUG org.dbunit.dataset.AbstractTable - getColumnIndex(columnName=order_number) - start
23:05:20.109 [main] DEBUG o.d.dataset.AbstractTableMetaData - getColumnIndex(columnName=order_number) - start
23:05:20.109 [main] DEBUG org.dbunit.dataset.DefaultTable - getValue(row=1, column=customer_id) - start
23:05:20.110 [main] DEBUG org.dbunit.dataset.AbstractTable - assertValidRowIndex(row=1) - start
23:05:20.110 [main] DEBUG org.dbunit.dataset.AbstractTable - assertValidRowIndex(row=1, rowCount=6) - start
23:05:20.110 [main] DEBUG org.dbunit.dataset.AbstractTable - getColumnIndex(columnName=customer_id) - start
23:05:20.110 [main] DEBUG o.d.dataset.AbstractTableMetaData - getColumnIndex(columnName=customer_id) - start
23:05:20.110 [main] DEBUG org.dbunit.dataset.DefaultTable - getValue(row=1, column=date) - start
23:05:20.111 [main] DEBUG org.dbunit.dataset.AbstractTable - assertValidRowIndex(row=1) - start
23:05:20.111 [main] DEBUG org.dbunit.dataset.AbstractTable - assertValidRowIndex(row=1, rowCount=6) - start
23:05:20.111 [main] DEBUG org.dbunit.dataset.AbstractTable - getColumnIndex(columnName=date) - start
23:05:20.111 [main] DEBUG o.d.dataset.AbstractTableMetaData - getColumnIndex(columnName=date) - start
23:05:20.111 [main] DEBUG org.dbunit.dataset.DefaultTable - getValue(row=1, column=amount) - start
23:05:20.111 [main] DEBUG org.dbunit.dataset.AbstractTable - assertValidRowIndex(row=1) - start
23:05:20.113 [main] DEBUG org.dbunit.dataset.AbstractTable - assertValidRowIndex(row=1, rowCount=6) - start
23:05:20.113 [main] DEBUG org.dbunit.dataset.AbstractTable - getColumnIndex(columnName=amount) - start
23:05:20.113 [main] DEBUG o.d.dataset.AbstractTableMetaData - getColumnIndex(columnName=amount) - start
23:05:20.113 [main] DEBUG org.dbunit.dataset.DefaultTable - getValue(row=1, column=order_status) - start
23:05:20.113 [main] DEBUG org.dbunit.dataset.AbstractTable - assertValidRowIndex(row=1) - start
23:05:20.115 [main] DEBUG org.dbunit.dataset.AbstractTable - assertValidRowIndex(row=1, rowCount=6) - start
23:05:20.115 [main] DEBUG org.dbunit.dataset.AbstractTable - getColumnIndex(columnName=order_status) - start
23:05:20.115 [main] DEBUG o.d.dataset.AbstractTableMetaData - getColumnIndex(columnName=order_status) - start
23:05:20.115 [main] DEBUG org.dbunit.dataset.DefaultTable - getValue(row=1, column=discount_status) - start
23:05:20.115 [main] DEBUG org.dbunit.dataset.AbstractTable - assertValidRowIndex(row=1) - start
23:05:20.116 [main] DEBUG org.dbunit.dataset.AbstractTable - assertValidRowIndex(row=1, rowCount=6) - start
23:05:20.116 [main] DEBUG org.dbunit.dataset.AbstractTable - getColumnIndex(columnName=discount_status) - start
23:05:20.116 [main] DEBUG o.d.dataset.AbstractTableMetaData - getColumnIndex(columnName=discount_status) - start
23:05:20.116 [main] DEBUG org.dbunit.dataset.DefaultTable - getValue(row=1, column=order_number) - start
23:05:20.116 [main] DEBUG org.dbunit.dataset.AbstractTable - assertValidRowIndex(row=1) - start
23:05:20.119 [main] DEBUG org.dbunit.dataset.AbstractTable - assertValidRowIndex(row=1, rowCount=6) - start
23:05:20.119 [main] DEBUG org.dbunit.dataset.AbstractTable - getColumnIndex(columnName=order_number) - start
23:05:20.119 [main] DEBUG o.d.dataset.AbstractTableMetaData - getColumnIndex(columnName=order_number) - start
23:05:20.119 [main] DEBUG o.d.d.s.AutomaticPreparedBatchStatement - addValue(value=2, dataType=INTEGER) - start
23:05:20.119 [main] DEBUG o.d.d.s.SimplePreparedStatement - addValue(value=2, dataType=INTEGER) - start
23:05:20.120 [main] DEBUG o.d.dataset.datatype.IntegerDataType - setSqlValue(value=2, column=1, statement=com.mysql.jdbc.JDBC4PreparedStatement@13f210f: insert into orders (order_number, customer_id, date, amount, order_status, discount_status) values (1, 1, '2011-06-13', 200.00, 'UNPAID', 'NO_DISCOUNT')) - start
23:05:20.122 [main] DEBUG o.d.dataset.datatype.IntegerDataType - typeCast(value=2) - start
23:05:20.122 [main] DEBUG o.d.dataset.datatype.IntegerDataType - typeCast(value=2) - start
23:05:20.122 [main] DEBUG org.dbunit.dataset.DefaultTable - getValue(row=1, column=customer_id) - start
23:05:20.222 [main] DEBUG org.dbunit.dataset.AbstractTable - assertValidRowIndex(row=1) - start
23:05:20.222 [main] DEBUG org.dbunit.dataset.AbstractTable - assertValidRowIndex(row=1, rowCount=6) - start
23:05:20.222 [main] DEBUG org.dbunit.dataset.AbstractTable - getColumnIndex(columnName=customer_id) - start
23:05:20.222 [main] DEBUG o.d.dataset.AbstractTableMetaData - getColumnIndex(columnName=customer_id) - start
23:05:20.222 [main] DEBUG o.d.d.s.AutomaticPreparedBatchStatement - addValue(value=2, dataType=INTEGER) - start
23:05:20.223 [main] DEBUG o.d.d.s.SimplePreparedStatement - addValue(value=2, dataType=INTEGER) - start
23:05:20.223 [main] DEBUG o.d.dataset.datatype.IntegerDataType - setSqlValue(value=2, column=2, statement=com.mysql.jdbc.JDBC4PreparedStatement@13f210f: insert into orders (order_number, customer_id, date, amount, order_status, discount_status) values (2, 1, '2011-06-13', 200.00, 'UNPAID', 'NO_DISCOUNT')) - start
23:05:20.223 [main] DEBUG o.d.dataset.datatype.IntegerDataType - typeCast(value=2) - start
23:05:20.224 [main] DEBUG o.d.dataset.datatype.IntegerDataType - typeCast(value=2) - start
23:05:20.224 [main] DEBUG org.dbunit.dataset.DefaultTable - getValue(row=1, column=date) - start
23:05:20.224 [main] DEBUG org.dbunit.dataset.AbstractTable - assertValidRowIndex(row=1) - start
23:05:20.225 [main] DEBUG org.dbunit.dataset.AbstractTable - assertValidRowIndex(row=1, rowCount=6) - start
23:05:20.225 [main] DEBUG org.dbunit.dataset.AbstractTable - getColumnIndex(columnName=date) - start
23:05:20.225 [main] DEBUG o.d.dataset.AbstractTableMetaData - getColumnIndex(columnName=date) - start
23:05:20.225 [main] DEBUG o.d.d.s.AutomaticPreparedBatchStatement - addValue(value=2011-06-13, dataType=DATE) - start
23:05:20.225 [main] DEBUG o.d.d.s.SimplePreparedStatement - addValue(value=2011-06-13, dataType=DATE) - start
23:05:20.225 [main] DEBUG o.d.dataset.datatype.DateDataType - setSqlValue(value=2011-06-13, column=3, statement=com.mysql.jdbc.JDBC4PreparedStatement@13f210f: insert into orders (order_number, customer_id, date, amount, order_status, discount_status) values (2, 2, '2011-06-13', 200.00, 'UNPAID', 'NO_DISCOUNT')) - start
23:05:20.228 [main] DEBUG o.d.dataset.datatype.DateDataType - typeCast(value=2011-06-13) - start
23:05:20.228 [main] DEBUG org.dbunit.dataset.DefaultTable - getValue(row=1, column=amount) - start
23:05:20.228 [main] DEBUG org.dbunit.dataset.AbstractTable - assertValidRowIndex(row=1) - start
23:05:20.228 [main] DEBUG org.dbunit.dataset.AbstractTable - assertValidRowIndex(row=1, rowCount=6) - start
23:05:20.228 [main] DEBUG org.dbunit.dataset.AbstractTable - getColumnIndex(columnName=amount) - start
23:05:20.228 [main] DEBUG o.d.dataset.AbstractTableMetaData - getColumnIndex(columnName=amount) - start
23:05:20.229 [main] DEBUG o.d.d.s.AutomaticPreparedBatchStatement - addValue(value=10000.00, dataType=DECIMAL) - start
23:05:20.229 [main] DEBUG o.d.d.s.SimplePreparedStatement - addValue(value=10000.00, dataType=DECIMAL) - start
23:05:20.229 [main] DEBUG o.d.dataset.datatype.NumberDataType - setSqlValue(value=10000.00, column=4, statement=com.mysql.jdbc.JDBC4PreparedStatement@13f210f: insert into orders (order_number, customer_id, date, amount, order_status, discount_status) values (2, 2, '2011-06-13', 200.00, 'UNPAID', 'NO_DISCOUNT')) - start
23:05:20.231 [main] DEBUG o.d.dataset.datatype.NumberDataType - typeCast(value=10000.00) - start
23:05:20.231 [main] DEBUG org.dbunit.dataset.DefaultTable - getValue(row=1, column=order_status) - start
23:05:20.231 [main] DEBUG org.dbunit.dataset.AbstractTable - assertValidRowIndex(row=1) - start
23:05:20.231 [main] DEBUG org.dbunit.dataset.AbstractTable - assertValidRowIndex(row=1, rowCount=6) - start
23:05:20.231 [main] DEBUG org.dbunit.dataset.AbstractTable - getColumnIndex(columnName=order_status) - start
23:05:20.232 [main] DEBUG o.d.dataset.AbstractTableMetaData - getColumnIndex(columnName=order_status) - start
23:05:20.232 [main] DEBUG o.d.d.s.AutomaticPreparedBatchStatement - addValue(value=UNPAID, dataType=VARCHAR) - start
23:05:20.232 [main] DEBUG o.d.d.s.SimplePreparedStatement - addValue(value=UNPAID, dataType=VARCHAR) - start
23:05:20.232 [main] DEBUG o.d.dataset.datatype.StringDataType - setSqlValue(value=UNPAID, column=5, statement=com.mysql.jdbc.JDBC4PreparedStatement@13f210f: insert into orders (order_number, customer_id, date, amount, order_status, discount_status) values (2, 2, '2011-06-13', 10000.00, 'UNPAID', 'NO_DISCOUNT')) - start
23:05:20.234 [main] DEBUG org.dbunit.dataset.datatype.DataType - asString(value=UNPAID) - start
23:05:20.234 [main] DEBUG o.d.dataset.datatype.StringDataType - typeCast(value=UNPAID) - start
23:05:20.234 [main] DEBUG org.dbunit.dataset.DefaultTable - getValue(row=1, column=discount_status) - start
23:05:20.234 [main] DEBUG org.dbunit.dataset.AbstractTable - assertValidRowIndex(row=1) - start
23:05:20.234 [main] DEBUG org.dbunit.dataset.AbstractTable - assertValidRowIndex(row=1, rowCount=6) - start
23:05:20.234 [main] DEBUG org.dbunit.dataset.AbstractTable - getColumnIndex(columnName=discount_status) - start
23:05:20.235 [main] DEBUG o.d.dataset.AbstractTableMetaData - getColumnIndex(columnName=discount_status) - start
23:05:20.235 [main] DEBUG o.d.d.s.AutomaticPreparedBatchStatement - addValue(value=NO_DISCOUNT, dataType=VARCHAR) - start
23:05:20.235 [main] DEBUG o.d.d.s.SimplePreparedStatement - addValue(value=NO_DISCOUNT, dataType=VARCHAR) - start
23:05:20.235 [main] DEBUG o.d.dataset.datatype.StringDataType - setSqlValue(value=NO_DISCOUNT, column=6, statement=com.mysql.jdbc.JDBC4PreparedStatement@13f210f: insert into orders (order_number, customer_id, date, amount, order_status, discount_status) values (2, 2, '2011-06-13', 10000.00, 'UNPAID', 'NO_DISCOUNT')) - start
23:05:20.238 [main] DEBUG org.dbunit.dataset.datatype.DataType - asString(value=NO_DISCOUNT) - start
23:05:20.238 [main] DEBUG o.d.dataset.datatype.StringDataType - typeCast(value=NO_DISCOUNT) - start
23:05:20.238 [main] DEBUG o.d.d.s.AutomaticPreparedBatchStatement - addBatch() - start
23:05:20.238 [main] DEBUG o.d.d.s.SimplePreparedStatement - addBatch() - start
23:05:20.258 [main] DEBUG org.dbunit.operation.InsertOperation - equalsIgnoreMapping(ignoreMapping={}, table=org.dbunit.dataset.DefaultTable[_metaData=tableName=orders, columns=[(order_number, UNKNOWN, nullableUnknown), (customer_id, UNKNOWN, nullableUnknown), (date, UNKNOWN, nullableUnknown), (amount, UNKNOWN, nullableUnknown), (order_status, UNKNOWN, nullableUnknown), (discount_status, UNKNOWN, nullableUnknown)], keys=[], _rowList.size()=6], row=2) - start
23:05:20.258 [main] DEBUG org.dbunit.dataset.DefaultTable - getValue(row=2, column=order_number) - start
23:05:20.341 [main] DEBUG org.dbunit.dataset.AbstractTable - assertValidRowIndex(row=2) - start
23:05:20.341 [main] DEBUG org.dbunit.dataset.AbstractTable - assertValidRowIndex(row=2, rowCount=6) - start
23:05:20.341 [main] DEBUG org.dbunit.dataset.AbstractTable - getColumnIndex(columnName=order_number) - start
23:05:20.341 [main] DEBUG o.d.dataset.AbstractTableMetaData - getColumnIndex(columnName=order_number) - start
23:05:20.341 [main] DEBUG org.dbunit.dataset.DefaultTable - getValue(row=2, column=customer_id) - start
23:05:20.342 [main] DEBUG org.dbunit.dataset.AbstractTable - assertValidRowIndex(row=2) - start
23:05:20.342 [main] DEBUG org.dbunit.dataset.AbstractTable - assertValidRowIndex(row=2, rowCount=6) - start
23:05:20.342 [main] DEBUG org.dbunit.dataset.AbstractTable - getColumnIndex(columnName=customer_id) - start
23:05:20.342 [main] DEBUG o.d.dataset.AbstractTableMetaData - getColumnIndex(columnName=customer_id) - start
23:05:20.342 [main] DEBUG org.dbunit.dataset.DefaultTable - getValue(row=2, column=date) - start
23:05:20.343 [main] DEBUG org.dbunit.dataset.AbstractTable - assertValidRowIndex(row=2) - start
23:05:20.343 [main] DEBUG org.dbunit.dataset.AbstractTable - assertValidRowIndex(row=2, rowCount=6) - start
23:05:20.343 [main] DEBUG org.dbunit.dataset.AbstractTable - getColumnIndex(columnName=date) - start
23:05:20.344 [main] DEBUG o.d.dataset.AbstractTableMetaData - getColumnIndex(columnName=date) - start
23:05:20.344 [main] DEBUG org.dbunit.dataset.DefaultTable - getValue(row=2, column=amount) - start
23:05:20.344 [main] DEBUG org.dbunit.dataset.AbstractTable - assertValidRowIndex(row=2) - start
23:05:20.345 [main] DEBUG org.dbunit.dataset.AbstractTable - assertValidRowIndex(row=2, rowCount=6) - start
23:05:20.345 [main] DEBUG org.dbunit.dataset.AbstractTable - getColumnIndex(columnName=amount) - start
23:05:20.345 [main] DEBUG o.d.dataset.AbstractTableMetaData - getColumnIndex(columnName=amount) - start
23:05:20.345 [main] DEBUG org.dbunit.dataset.DefaultTable - getValue(row=2, column=order_status) - start
23:05:20.346 [main] DEBUG org.dbunit.dataset.AbstractTable - assertValidRowIndex(row=2) - start
23:05:20.347 [main] DEBUG org.dbunit.dataset.AbstractTable - assertValidRowIndex(row=2, rowCount=6) - start
23:05:20.347 [main] DEBUG org.dbunit.dataset.AbstractTable - getColumnIndex(columnName=order_status) - start
23:05:20.347 [main] DEBUG o.d.dataset.AbstractTableMetaData - getColumnIndex(columnName=order_status) - start
23:05:20.347 [main] DEBUG org.dbunit.dataset.DefaultTable - getValue(row=2, column=discount_status) - start
23:05:20.347 [main] DEBUG org.dbunit.dataset.AbstractTable - assertValidRowIndex(row=2) - start
23:05:20.348 [main] DEBUG org.dbunit.dataset.AbstractTable - assertValidRowIndex(row=2, rowCount=6) - start
23:05:20.348 [main] DEBUG org.dbunit.dataset.AbstractTable - getColumnIndex(columnName=discount_status) - start
23:05:20.348 [main] DEBUG o.d.dataset.AbstractTableMetaData - getColumnIndex(columnName=discount_status) - start
23:05:20.349 [main] DEBUG org.dbunit.dataset.DefaultTable - getValue(row=2, column=order_number) - start
23:05:20.349 [main] DEBUG org.dbunit.dataset.AbstractTable - assertValidRowIndex(row=2) - start
23:05:20.350 [main] DEBUG org.dbunit.dataset.AbstractTable - assertValidRowIndex(row=2, rowCount=6) - start
23:05:20.350 [main] DEBUG org.dbunit.dataset.AbstractTable - getColumnIndex(columnName=order_number) - start
23:05:20.350 [main] DEBUG o.d.dataset.AbstractTableMetaData - getColumnIndex(columnName=order_number) - start
23:05:20.350 [main] DEBUG o.d.d.s.AutomaticPreparedBatchStatement - addValue(value=3, dataType=INTEGER) - start
23:05:20.350 [main] DEBUG o.d.d.s.SimplePreparedStatement - addValue(value=3, dataType=INTEGER) - start
23:05:20.351 [main] DEBUG o.d.dataset.datatype.IntegerDataType - setSqlValue(value=3, column=1, statement=com.mysql.jdbc.JDBC4PreparedStatement@13f210f: insert into orders (order_number, customer_id, date, amount, order_status, discount_status) values (2, 2, '2011-06-13', 10000.00, 'UNPAID', 'NO_DISCOUNT')) - start
23:05:20.352 [main] DEBUG o.d.dataset.datatype.IntegerDataType - typeCast(value=3) - start
23:05:20.352 [main] DEBUG o.d.dataset.datatype.IntegerDataType - typeCast(value=3) - start
23:05:20.352 [main] DEBUG org.dbunit.dataset.DefaultTable - getValue(row=2, column=customer_id) - start
23:05:20.353 [main] DEBUG org.dbunit.dataset.AbstractTable - assertValidRowIndex(row=2) - start
23:05:20.353 [main] DEBUG org.dbunit.dataset.AbstractTable - assertValidRowIndex(row=2, rowCount=6) - start
23:05:20.353 [main] DEBUG org.dbunit.dataset.AbstractTable - getColumnIndex(columnName=customer_id) - start
23:05:20.353 [main] DEBUG o.d.dataset.AbstractTableMetaData - getColumnIndex(columnName=customer_id) - start
23:05:20.353 [main] DEBUG o.d.d.s.AutomaticPreparedBatchStatement - addValue(value=3, dataType=INTEGER) - start
23:05:20.355 [main] DEBUG o.d.d.s.SimplePreparedStatement - addValue(value=3, dataType=INTEGER) - start
23:05:20.355 [main] DEBUG o.d.dataset.datatype.IntegerDataType - setSqlValue(value=3, column=2, statement=com.mysql.jdbc.JDBC4PreparedStatement@13f210f: insert into orders (order_number, customer_id, date, amount, order_status, discount_status) values (3, 2, '2011-06-13', 10000.00, 'UNPAID', 'NO_DISCOUNT')) - start
23:05:20.355 [main] DEBUG o.d.dataset.datatype.IntegerDataType - typeCast(value=3) - start
23:05:20.356 [main] DEBUG o.d.dataset.datatype.IntegerDataType - typeCast(value=3) - start
23:05:20.356 [main] DEBUG org.dbunit.dataset.DefaultTable - getValue(row=2, column=date) - start
23:05:20.356 [main] DEBUG org.dbunit.dataset.AbstractTable - assertValidRowIndex(row=2) - start
23:05:20.356 [main] DEBUG org.dbunit.dataset.AbstractTable - assertValidRowIndex(row=2, rowCount=6) - start
23:05:20.356 [main] DEBUG org.dbunit.dataset.AbstractTable - getColumnIndex(columnName=date) - start
23:05:20.356 [main] DEBUG o.d.dataset.AbstractTableMetaData - getColumnIndex(columnName=date) - start
23:05:20.358 [main] DEBUG o.d.d.s.AutomaticPreparedBatchStatement - addValue(value=2011-06-13, dataType=DATE) - start
23:05:20.358 [main] DEBUG o.d.d.s.SimplePreparedStatement - addValue(value=2011-06-13, dataType=DATE) - start
23:05:20.358 [main] DEBUG o.d.dataset.datatype.DateDataType - setSqlValue(value=2011-06-13, column=3, statement=com.mysql.jdbc.JDBC4PreparedStatement@13f210f: insert into orders (order_number, customer_id, date, amount, order_status, discount_status) values (3, 3, '2011-06-13', 10000.00, 'UNPAID', 'NO_DISCOUNT')) - start
23:05:20.359 [main] DEBUG o.d.dataset.datatype.DateDataType - typeCast(value=2011-06-13) - start
23:05:20.359 [main] DEBUG org.dbunit.dataset.DefaultTable - getValue(row=2, column=amount) - start
23:05:20.359 [main] DEBUG org.dbunit.dataset.AbstractTable - assertValidRowIndex(row=2) - start
23:05:20.359 [main] DEBUG org.dbunit.dataset.AbstractTable - assertValidRowIndex(row=2, rowCount=6) - start
23:05:20.359 [main] DEBUG org.dbunit.dataset.AbstractTable - getColumnIndex(columnName=amount) - start
23:05:20.359 [main] DEBUG o.d.dataset.AbstractTableMetaData - getColumnIndex(columnName=amount) - start
23:05:20.360 [main] DEBUG o.d.d.s.AutomaticPreparedBatchStatement - addValue(value=15000.00, dataType=DECIMAL) - start
23:05:20.360 [main] DEBUG o.d.d.s.SimplePreparedStatement - addValue(value=15000.00, dataType=DECIMAL) - start
23:05:20.360 [main] DEBUG o.d.dataset.datatype.NumberDataType - setSqlValue(value=15000.00, column=4, statement=com.mysql.jdbc.JDBC4PreparedStatement@13f210f: insert into orders (order_number, customer_id, date, amount, order_status, discount_status) values (3, 3, '2011-06-13', 10000.00, 'UNPAID', 'NO_DISCOUNT')) - start
23:05:20.362 [main] DEBUG o.d.dataset.datatype.NumberDataType - typeCast(value=15000.00) - start
23:05:20.362 [main] DEBUG org.dbunit.dataset.DefaultTable - getValue(row=2, column=order_status) - start
23:05:20.362 [main] DEBUG org.dbunit.dataset.AbstractTable - assertValidRowIndex(row=2) - start
23:05:20.362 [main] DEBUG org.dbunit.dataset.AbstractTable - assertValidRowIndex(row=2, rowCount=6) - start
23:05:20.362 [main] DEBUG org.dbunit.dataset.AbstractTable - getColumnIndex(columnName=order_status) - start
23:05:20.363 [main] DEBUG o.d.dataset.AbstractTableMetaData - getColumnIndex(columnName=order_status) - start
23:05:20.363 [main] DEBUG o.d.d.s.AutomaticPreparedBatchStatement - addValue(value=UNPAID, dataType=VARCHAR) - start
23:05:20.363 [main] DEBUG o.d.d.s.SimplePreparedStatement - addValue(value=UNPAID, dataType=VARCHAR) - start
23:05:20.363 [main] DEBUG o.d.dataset.datatype.StringDataType - setSqlValue(value=UNPAID, column=5, statement=com.mysql.jdbc.JDBC4PreparedStatement@13f210f: insert into orders (order_number, customer_id, date, amount, order_status, discount_status) values (3, 3, '2011-06-13', 15000.00, 'UNPAID', 'NO_DISCOUNT')) - start
23:05:20.365 [main] DEBUG org.dbunit.dataset.datatype.DataType - asString(value=UNPAID) - start
23:05:20.365 [main] DEBUG o.d.dataset.datatype.StringDataType - typeCast(value=UNPAID) - start
23:05:20.365 [main] DEBUG org.dbunit.dataset.DefaultTable - getValue(row=2, column=discount_status) - start
23:05:20.365 [main] DEBUG org.dbunit.dataset.AbstractTable - assertValidRowIndex(row=2) - start
23:05:20.365 [main] DEBUG org.dbunit.dataset.AbstractTable - assertValidRowIndex(row=2, rowCount=6) - start
23:05:20.365 [main] DEBUG org.dbunit.dataset.AbstractTable - getColumnIndex(columnName=discount_status) - start
23:05:20.367 [main] DEBUG o.d.dataset.AbstractTableMetaData - getColumnIndex(columnName=discount_status) - start
23:05:20.367 [main] DEBUG o.d.d.s.AutomaticPreparedBatchStatement - addValue(value=NO_DISCOUNT, dataType=VARCHAR) - start
23:05:20.367 [main] DEBUG o.d.d.s.SimplePreparedStatement - addValue(value=NO_DISCOUNT, dataType=VARCHAR) - start
23:05:20.367 [main] DEBUG o.d.dataset.datatype.StringDataType - setSqlValue(value=NO_DISCOUNT, column=6, statement=com.mysql.jdbc.JDBC4PreparedStatement@13f210f: insert into orders (order_number, customer_id, date, amount, order_status, discount_status) values (3, 3, '2011-06-13', 15000.00, 'UNPAID', 'NO_DISCOUNT')) - start
23:05:20.369 [main] DEBUG org.dbunit.dataset.datatype.DataType - asString(value=NO_DISCOUNT) - start
23:05:20.369 [main] DEBUG o.d.dataset.datatype.StringDataType - typeCast(value=NO_DISCOUNT) - start
23:05:20.369 [main] DEBUG o.d.d.s.AutomaticPreparedBatchStatement - addBatch() - start
23:05:20.369 [main] DEBUG o.d.d.s.SimplePreparedStatement - addBatch() - start
23:05:20.387 [main] DEBUG org.dbunit.operation.InsertOperation - equalsIgnoreMapping(ignoreMapping={}, table=org.dbunit.dataset.DefaultTable[_metaData=tableName=orders, columns=[(order_number, UNKNOWN, nullableUnknown), (customer_id, UNKNOWN, nullableUnknown), (date, UNKNOWN, nullableUnknown), (amount, UNKNOWN, nullableUnknown), (order_status, UNKNOWN, nullableUnknown), (discount_status, UNKNOWN, nullableUnknown)], keys=[], _rowList.size()=6], row=3) - start
23:05:20.387 [main] DEBUG org.dbunit.dataset.DefaultTable - getValue(row=3, column=order_number) - start
23:05:20.472 [main] DEBUG org.dbunit.dataset.AbstractTable - assertValidRowIndex(row=3) - start
23:05:20.472 [main] DEBUG org.dbunit.dataset.AbstractTable - assertValidRowIndex(row=3, rowCount=6) - start
23:05:20.472 [main] DEBUG org.dbunit.dataset.AbstractTable - getColumnIndex(columnName=order_number) - start
23:05:20.472 [main] DEBUG o.d.dataset.AbstractTableMetaData - getColumnIndex(columnName=order_number) - start
23:05:20.472 [main] DEBUG org.dbunit.dataset.DefaultTable - getValue(row=3, column=customer_id) - start
23:05:20.473 [main] DEBUG org.dbunit.dataset.AbstractTable - assertValidRowIndex(row=3) - start
23:05:20.473 [main] DEBUG org.dbunit.dataset.AbstractTable - assertValidRowIndex(row=3, rowCount=6) - start
23:05:20.473 [main] DEBUG org.dbunit.dataset.AbstractTable - getColumnIndex(columnName=customer_id) - start
23:05:20.473 [main] DEBUG o.d.dataset.AbstractTableMetaData - getColumnIndex(columnName=customer_id) - start
23:05:20.473 [main] DEBUG org.dbunit.dataset.DefaultTable - getValue(row=3, column=date) - start
23:05:20.474 [main] DEBUG org.dbunit.dataset.AbstractTable - assertValidRowIndex(row=3) - start
23:05:20.474 [main] DEBUG org.dbunit.dataset.AbstractTable - assertValidRowIndex(row=3, rowCount=6) - start
23:05:20.474 [main] DEBUG org.dbunit.dataset.AbstractTable - getColumnIndex(columnName=date) - start
23:05:20.474 [main] DEBUG o.d.dataset.AbstractTableMetaData - getColumnIndex(columnName=date) - start
23:05:20.474 [main] DEBUG org.dbunit.dataset.DefaultTable - getValue(row=3, column=amount) - start
23:05:20.474 [main] DEBUG org.dbunit.dataset.AbstractTable - assertValidRowIndex(row=3) - start
23:05:20.476 [main] DEBUG org.dbunit.dataset.AbstractTable - assertValidRowIndex(row=3, rowCount=6) - start
23:05:20.476 [main] DEBUG org.dbunit.dataset.AbstractTable - getColumnIndex(columnName=amount) - start
23:05:20.476 [main] DEBUG o.d.dataset.AbstractTableMetaData - getColumnIndex(columnName=amount) - start
23:05:20.476 [main] DEBUG org.dbunit.dataset.DefaultTable - getValue(row=3, column=order_status) - start
23:05:20.476 [main] DEBUG org.dbunit.dataset.AbstractTable - assertValidRowIndex(row=3) - start
23:05:20.478 [main] DEBUG org.dbunit.dataset.AbstractTable - assertValidRowIndex(row=3, rowCount=6) - start
23:05:20.478 [main] DEBUG org.dbunit.dataset.AbstractTable - getColumnIndex(columnName=order_status) - start
23:05:20.478 [main] DEBUG o.d.dataset.AbstractTableMetaData - getColumnIndex(columnName=order_status) - start
23:05:20.478 [main] DEBUG org.dbunit.dataset.DefaultTable - getValue(row=3, column=discount_status) - start
23:05:20.478 [main] DEBUG org.dbunit.dataset.AbstractTable - assertValidRowIndex(row=3) - start
23:05:20.479 [main] DEBUG org.dbunit.dataset.AbstractTable - assertValidRowIndex(row=3, rowCount=6) - start
23:05:20.479 [main] DEBUG org.dbunit.dataset.AbstractTable - getColumnIndex(columnName=discount_status) - start
23:05:20.479 [main] DEBUG o.d.dataset.AbstractTableMetaData - getColumnIndex(columnName=discount_status) - start
23:05:20.479 [main] DEBUG org.dbunit.dataset.DefaultTable - getValue(row=3, column=order_number) - start
23:05:20.479 [main] DEBUG org.dbunit.dataset.AbstractTable - assertValidRowIndex(row=3) - start
23:05:20.481 [main] DEBUG org.dbunit.dataset.AbstractTable - assertValidRowIndex(row=3, rowCount=6) - start
23:05:20.481 [main] DEBUG org.dbunit.dataset.AbstractTable - getColumnIndex(columnName=order_number) - start
23:05:20.481 [main] DEBUG o.d.dataset.AbstractTableMetaData - getColumnIndex(columnName=order_number) - start
23:05:20.481 [main] DEBUG o.d.d.s.AutomaticPreparedBatchStatement - addValue(value=4, dataType=INTEGER) - start
23:05:20.481 [main] DEBUG o.d.d.s.SimplePreparedStatement - addValue(value=4, dataType=INTEGER) - start
23:05:20.482 [main] DEBUG o.d.dataset.datatype.IntegerDataType - setSqlValue(value=4, column=1, statement=com.mysql.jdbc.JDBC4PreparedStatement@13f210f: insert into orders (order_number, customer_id, date, amount, order_status, discount_status) values (3, 3, '2011-06-13', 15000.00, 'UNPAID', 'NO_DISCOUNT')) - start
23:05:20.482 [main] DEBUG o.d.dataset.datatype.IntegerDataType - typeCast(value=4) - start
23:05:20.482 [main] DEBUG o.d.dataset.datatype.IntegerDataType - typeCast(value=4) - start
23:05:20.482 [main] DEBUG org.dbunit.dataset.DefaultTable - getValue(row=3, column=customer_id) - start
23:05:20.484 [main] DEBUG org.dbunit.dataset.AbstractTable - assertValidRowIndex(row=3) - start
23:05:20.484 [main] DEBUG org.dbunit.dataset.AbstractTable - assertValidRowIndex(row=3, rowCount=6) - start
23:05:20.484 [main] DEBUG org.dbunit.dataset.AbstractTable - getColumnIndex(columnName=customer_id) - start
23:05:20.484 [main] DEBUG o.d.dataset.AbstractTableMetaData - getColumnIndex(columnName=customer_id) - start
23:05:20.484 [main] DEBUG o.d.d.s.AutomaticPreparedBatchStatement - addValue(value=3, dataType=INTEGER) - start
23:05:20.486 [main] DEBUG o.d.d.s.SimplePreparedStatement - addValue(value=3, dataType=INTEGER) - start
23:05:20.486 [main] DEBUG o.d.dataset.datatype.IntegerDataType - setSqlValue(value=3, column=2, statement=com.mysql.jdbc.JDBC4PreparedStatement@13f210f: insert into orders (order_number, customer_id, date, amount, order_status, discount_status) values (4, 3, '2011-06-13', 15000.00, 'UNPAID', 'NO_DISCOUNT')) - start
23:05:20.486 [main] DEBUG o.d.dataset.datatype.IntegerDataType - typeCast(value=3) - start
23:05:20.487 [main] DEBUG o.d.dataset.datatype.IntegerDataType - typeCast(value=3) - start
23:05:20.488 [main] DEBUG org.dbunit.dataset.DefaultTable - getValue(row=3, column=date) - start
23:05:20.488 [main] DEBUG org.dbunit.dataset.AbstractTable - assertValidRowIndex(row=3) - start
23:05:20.488 [main] DEBUG org.dbunit.dataset.AbstractTable - assertValidRowIndex(row=3, rowCount=6) - start
23:05:20.488 [main] DEBUG org.dbunit.dataset.AbstractTable - getColumnIndex(columnName=date) - start
23:05:20.488 [main] DEBUG o.d.dataset.AbstractTableMetaData - getColumnIndex(columnName=date) - start
23:05:20.489 [main] DEBUG o.d.d.s.AutomaticPreparedBatchStatement - addValue(value=2011-06-13, dataType=DATE) - start
23:05:20.489 [main] DEBUG o.d.d.s.SimplePreparedStatement - addValue(value=2011-06-13, dataType=DATE) - start
23:05:20.489 [main] DEBUG o.d.dataset.datatype.DateDataType - setSqlValue(value=2011-06-13, column=3, statement=com.mysql.jdbc.JDBC4PreparedStatement@13f210f: insert into orders (order_number, customer_id, date, amount, order_status, discount_status) values (4, 3, '2011-06-13', 15000.00, 'UNPAID', 'NO_DISCOUNT')) - start
23:05:20.490 [main] DEBUG o.d.dataset.datatype.DateDataType - typeCast(value=2011-06-13) - start
23:05:20.490 [main] DEBUG org.dbunit.dataset.DefaultTable - getValue(row=3, column=amount) - start
23:05:20.490 [main] DEBUG org.dbunit.dataset.AbstractTable - assertValidRowIndex(row=3) - start
23:05:20.490 [main] DEBUG org.dbunit.dataset.AbstractTable - assertValidRowIndex(row=3, rowCount=6) - start
23:05:20.490 [main] DEBUG org.dbunit.dataset.AbstractTable - getColumnIndex(columnName=amount) - start
23:05:20.490 [main] DEBUG o.d.dataset.AbstractTableMetaData - getColumnIndex(columnName=amount) - start
23:05:20.491 [main] DEBUG o.d.d.s.AutomaticPreparedBatchStatement - addValue(value=110000.00, dataType=DECIMAL) - start
23:05:20.491 [main] DEBUG o.d.d.s.SimplePreparedStatement - addValue(value=110000.00, dataType=DECIMAL) - start
23:05:20.491 [main] DEBUG o.d.dataset.datatype.NumberDataType - setSqlValue(value=110000.00, column=4, statement=com.mysql.jdbc.JDBC4PreparedStatement@13f210f: insert into orders (order_number, customer_id, date, amount, order_status, discount_status) values (4, 3, '2011-06-13', 15000.00, 'UNPAID', 'NO_DISCOUNT')) - start
23:05:20.493 [main] DEBUG o.d.dataset.datatype.NumberDataType - typeCast(value=110000.00) - start
23:05:20.494 [main] DEBUG org.dbunit.dataset.DefaultTable - getValue(row=3, column=order_status) - start
23:05:20.494 [main] DEBUG org.dbunit.dataset.AbstractTable - assertValidRowIndex(row=3) - start
23:05:20.494 [main] DEBUG org.dbunit.dataset.AbstractTable - assertValidRowIndex(row=3, rowCount=6) - start
23:05:20.494 [main] DEBUG org.dbunit.dataset.AbstractTable - getColumnIndex(columnName=order_status) - start
23:05:20.495 [main] DEBUG o.d.dataset.AbstractTableMetaData - getColumnIndex(columnName=order_status) - start
23:05:20.495 [main] DEBUG o.d.d.s.AutomaticPreparedBatchStatement - addValue(value=PAID, dataType=VARCHAR) - start
23:05:20.495 [main] DEBUG o.d.d.s.SimplePreparedStatement - addValue(value=PAID, dataType=VARCHAR) - start
23:05:20.495 [main] DEBUG o.d.dataset.datatype.StringDataType - setSqlValue(value=PAID, column=5, statement=com.mysql.jdbc.JDBC4PreparedStatement@13f210f: insert into orders (order_number, customer_id, date, amount, order_status, discount_status) values (4, 3, '2011-06-13', 110000.00, 'UNPAID', 'NO_DISCOUNT')) - start
23:05:20.497 [main] DEBUG org.dbunit.dataset.datatype.DataType - asString(value=PAID) - start
23:05:20.497 [main] DEBUG o.d.dataset.datatype.StringDataType - typeCast(value=PAID) - start
23:05:20.497 [main] DEBUG org.dbunit.dataset.DefaultTable - getValue(row=3, column=discount_status) - start
23:05:20.497 [main] DEBUG org.dbunit.dataset.AbstractTable - assertValidRowIndex(row=3) - start
23:05:20.497 [main] DEBUG org.dbunit.dataset.AbstractTable - assertValidRowIndex(row=3, rowCount=6) - start
23:05:20.497 [main] DEBUG org.dbunit.dataset.AbstractTable - getColumnIndex(columnName=discount_status) - start
23:05:20.498 [main] DEBUG o.d.dataset.AbstractTableMetaData - getColumnIndex(columnName=discount_status) - start
23:05:20.498 [main] DEBUG o.d.d.s.AutomaticPreparedBatchStatement - addValue(value=NO_DISCOUNT, dataType=VARCHAR) - start
23:05:20.498 [main] DEBUG o.d.d.s.SimplePreparedStatement - addValue(value=NO_DISCOUNT, dataType=VARCHAR) - start
23:05:20.498 [main] DEBUG o.d.dataset.datatype.StringDataType - setSqlValue(value=NO_DISCOUNT, column=6, statement=com.mysql.jdbc.JDBC4PreparedStatement@13f210f: insert into orders (order_number, customer_id, date, amount, order_status, discount_status) values (4, 3, '2011-06-13', 110000.00, 'PAID', 'NO_DISCOUNT')) - start
23:05:20.500 [main] DEBUG org.dbunit.dataset.datatype.DataType - asString(value=NO_DISCOUNT) - start
23:05:20.500 [main] DEBUG o.d.dataset.datatype.StringDataType - typeCast(value=NO_DISCOUNT) - start
23:05:20.500 [main] DEBUG o.d.d.s.AutomaticPreparedBatchStatement - addBatch() - start
23:05:20.500 [main] DEBUG o.d.d.s.SimplePreparedStatement - addBatch() - start
23:05:20.534 [main] DEBUG org.dbunit.operation.InsertOperation - equalsIgnoreMapping(ignoreMapping={}, table=org.dbunit.dataset.DefaultTable[_metaData=tableName=orders, columns=[(order_number, UNKNOWN, nullableUnknown), (customer_id, UNKNOWN, nullableUnknown), (date, UNKNOWN, nullableUnknown), (amount, UNKNOWN, nullableUnknown), (order_status, UNKNOWN, nullableUnknown), (discount_status, UNKNOWN, nullableUnknown)], keys=[], _rowList.size()=6], row=4) - start
23:05:20.534 [main] DEBUG org.dbunit.dataset.DefaultTable - getValue(row=4, column=order_number) - start
23:05:20.604 [main] DEBUG org.dbunit.dataset.AbstractTable - assertValidRowIndex(row=4) - start
23:05:20.604 [main] DEBUG org.dbunit.dataset.AbstractTable - assertValidRowIndex(row=4, rowCount=6) - start
23:05:20.604 [main] DEBUG org.dbunit.dataset.AbstractTable - getColumnIndex(columnName=order_number) - start
23:05:20.604 [main] DEBUG o.d.dataset.AbstractTableMetaData - getColumnIndex(columnName=order_number) - start
23:05:20.604 [main] DEBUG org.dbunit.dataset.DefaultTable - getValue(row=4, column=customer_id) - start
23:05:20.605 [main] DEBUG org.dbunit.dataset.AbstractTable - assertValidRowIndex(row=4) - start
23:05:20.605 [main] DEBUG org.dbunit.dataset.AbstractTable - assertValidRowIndex(row=4, rowCount=6) - start
23:05:20.605 [main] DEBUG org.dbunit.dataset.AbstractTable - getColumnIndex(columnName=customer_id) - start
23:05:20.607 [main] DEBUG o.d.dataset.AbstractTableMetaData - getColumnIndex(columnName=customer_id) - start
23:05:20.607 [main] DEBUG org.dbunit.dataset.DefaultTable - getValue(row=4, column=date) - start
23:05:20.607 [main] DEBUG org.dbunit.dataset.AbstractTable - assertValidRowIndex(row=4) - start
23:05:20.607 [main] DEBUG org.dbunit.dataset.AbstractTable - assertValidRowIndex(row=4, rowCount=6) - start
23:05:20.607 [main] DEBUG org.dbunit.dataset.AbstractTable - getColumnIndex(columnName=date) - start
23:05:20.607 [main] DEBUG o.d.dataset.AbstractTableMetaData - getColumnIndex(columnName=date) - start
23:05:20.607 [main] DEBUG org.dbunit.dataset.DefaultTable - getValue(row=4, column=amount) - start
23:05:20.607 [main] DEBUG org.dbunit.dataset.AbstractTable - assertValidRowIndex(row=4) - start
23:05:20.607 [main] DEBUG org.dbunit.dataset.AbstractTable - assertValidRowIndex(row=4, rowCount=6) - start
23:05:20.607 [main] DEBUG org.dbunit.dataset.AbstractTable - getColumnIndex(columnName=amount) - start
23:05:20.609 [main] DEBUG o.d.dataset.AbstractTableMetaData - getColumnIndex(columnName=amount) - start
23:05:20.609 [main] DEBUG org.dbunit.dataset.DefaultTable - getValue(row=4, column=order_status) - start
23:05:20.609 [main] DEBUG org.dbunit.dataset.AbstractTable - assertValidRowIndex(row=4) - start
23:05:20.609 [main] DEBUG org.dbunit.dataset.AbstractTable - assertValidRowIndex(row=4, rowCount=6) - start
23:05:20.609 [main] DEBUG org.dbunit.dataset.AbstractTable - getColumnIndex(columnName=order_status) - start
23:05:20.610 [main] DEBUG o.d.dataset.AbstractTableMetaData - getColumnIndex(columnName=order_status) - start
23:05:20.610 [main] DEBUG org.dbunit.dataset.DefaultTable - getValue(row=4, column=discount_status) - start
23:05:20.610 [main] DEBUG org.dbunit.dataset.AbstractTable - assertValidRowIndex(row=4) - start
23:05:20.610 [main] DEBUG org.dbunit.dataset.AbstractTable - assertValidRowIndex(row=4, rowCount=6) - start
23:05:20.610 [main] DEBUG org.dbunit.dataset.AbstractTable - getColumnIndex(columnName=discount_status) - start
23:05:20.612 [main] DEBUG o.d.dataset.AbstractTableMetaData - getColumnIndex(columnName=discount_status) - start
23:05:20.612 [main] DEBUG org.dbunit.dataset.DefaultTable - getValue(row=4, column=order_number) - start
23:05:20.612 [main] DEBUG org.dbunit.dataset.AbstractTable - assertValidRowIndex(row=4) - start
23:05:20.612 [main] DEBUG org.dbunit.dataset.AbstractTable - assertValidRowIndex(row=4, rowCount=6) - start
23:05:20.612 [main] DEBUG org.dbunit.dataset.AbstractTable - getColumnIndex(columnName=order_number) - start
23:05:20.614 [main] DEBUG o.d.dataset.AbstractTableMetaData - getColumnIndex(columnName=order_number) - start
23:05:20.614 [main] DEBUG o.d.d.s.AutomaticPreparedBatchStatement - addValue(value=5, dataType=INTEGER) - start
23:05:20.614 [main] DEBUG o.d.d.s.SimplePreparedStatement - addValue(value=5, dataType=INTEGER) - start
23:05:20.614 [main] DEBUG o.d.dataset.datatype.IntegerDataType - setSqlValue(value=5, column=1, statement=com.mysql.jdbc.JDBC4PreparedStatement@13f210f: insert into orders (order_number, customer_id, date, amount, order_status, discount_status) values (4, 3, '2011-06-13', 110000.00, 'PAID', 'NO_DISCOUNT')) - start
23:05:20.615 [main] DEBUG o.d.dataset.datatype.IntegerDataType - typeCast(value=5) - start
23:05:20.615 [main] DEBUG o.d.dataset.datatype.IntegerDataType - typeCast(value=5) - start
23:05:20.615 [main] DEBUG org.dbunit.dataset.DefaultTable - getValue(row=4, column=customer_id) - start
23:05:20.615 [main] DEBUG org.dbunit.dataset.AbstractTable - assertValidRowIndex(row=4) - start
23:05:20.615 [main] DEBUG org.dbunit.dataset.AbstractTable - assertValidRowIndex(row=4, rowCount=6) - start
23:05:20.615 [main] DEBUG org.dbunit.dataset.AbstractTable - getColumnIndex(columnName=customer_id) - start
23:05:20.616 [main] DEBUG o.d.dataset.AbstractTableMetaData - getColumnIndex(columnName=customer_id) - start
23:05:20.616 [main] DEBUG o.d.d.s.AutomaticPreparedBatchStatement - addValue(value=4, dataType=INTEGER) - start
23:05:20.616 [main] DEBUG o.d.d.s.SimplePreparedStatement - addValue(value=4, dataType=INTEGER) - start
23:05:20.616 [main] DEBUG o.d.dataset.datatype.IntegerDataType - setSqlValue(value=4, column=2, statement=com.mysql.jdbc.JDBC4PreparedStatement@13f210f: insert into orders (order_number, customer_id, date, amount, order_status, discount_status) values (5, 3, '2011-06-13', 110000.00, 'PAID', 'NO_DISCOUNT')) - start
23:05:20.619 [main] DEBUG o.d.dataset.datatype.IntegerDataType - typeCast(value=4) - start
23:05:20.619 [main] DEBUG o.d.dataset.datatype.IntegerDataType - typeCast(value=4) - start
23:05:20.619 [main] DEBUG org.dbunit.dataset.DefaultTable - getValue(row=4, column=date) - start
23:05:20.619 [main] DEBUG org.dbunit.dataset.AbstractTable - assertValidRowIndex(row=4) - start
23:05:20.619 [main] DEBUG org.dbunit.dataset.AbstractTable - assertValidRowIndex(row=4, rowCount=6) - start
23:05:20.619 [main] DEBUG org.dbunit.dataset.AbstractTable - getColumnIndex(columnName=date) - start
23:05:20.620 [main] DEBUG o.d.dataset.AbstractTableMetaData - getColumnIndex(columnName=date) - start
23:05:20.620 [main] DEBUG o.d.d.s.AutomaticPreparedBatchStatement - addValue(value=2011-06-13, dataType=DATE) - start
23:05:20.620 [main] DEBUG o.d.d.s.SimplePreparedStatement - addValue(value=2011-06-13, dataType=DATE) - start
23:05:20.620 [main] DEBUG o.d.dataset.datatype.DateDataType - setSqlValue(value=2011-06-13, column=3, statement=com.mysql.jdbc.JDBC4PreparedStatement@13f210f: insert into orders (order_number, customer_id, date, amount, order_status, discount_status) values (5, 4, '2011-06-13', 110000.00, 'PAID', 'NO_DISCOUNT')) - start
23:05:20.622 [main] DEBUG o.d.dataset.datatype.DateDataType - typeCast(value=2011-06-13) - start
23:05:20.622 [main] DEBUG org.dbunit.dataset.DefaultTable - getValue(row=4, column=amount) - start
23:05:20.622 [main] DEBUG org.dbunit.dataset.AbstractTable - assertValidRowIndex(row=4) - start
23:05:20.622 [main] DEBUG org.dbunit.dataset.AbstractTable - assertValidRowIndex(row=4, rowCount=6) - start
23:05:20.622 [main] DEBUG org.dbunit.dataset.AbstractTable - getColumnIndex(columnName=amount) - start
23:05:20.622 [main] DEBUG o.d.dataset.AbstractTableMetaData - getColumnIndex(columnName=amount) - start
23:05:20.623 [main] DEBUG o.d.d.s.AutomaticPreparedBatchStatement - addValue(value=2180.00, dataType=DECIMAL) - start
23:05:20.623 [main] DEBUG o.d.d.s.SimplePreparedStatement - addValue(value=2180.00, dataType=DECIMAL) - start
23:05:20.623 [main] DEBUG o.d.dataset.datatype.NumberDataType - setSqlValue(value=2180.00, column=4, statement=com.mysql.jdbc.JDBC4PreparedStatement@13f210f: insert into orders (order_number, customer_id, date, amount, order_status, discount_status) values (5, 4, '2011-06-13', 110000.00, 'PAID', 'NO_DISCOUNT')) - start
23:05:20.625 [main] DEBUG o.d.dataset.datatype.NumberDataType - typeCast(value=2180.00) - start
23:05:20.625 [main] DEBUG org.dbunit.dataset.DefaultTable - getValue(row=4, column=order_status) - start
23:05:20.625 [main] DEBUG org.dbunit.dataset.AbstractTable - assertValidRowIndex(row=4) - start
23:05:20.625 [main] DEBUG org.dbunit.dataset.AbstractTable - assertValidRowIndex(row=4, rowCount=6) - start
23:05:20.625 [main] DEBUG org.dbunit.dataset.AbstractTable - getColumnIndex(columnName=order_status) - start
23:05:20.627 [main] DEBUG o.d.dataset.AbstractTableMetaData - getColumnIndex(columnName=order_status) - start
23:05:20.627 [main] DEBUG o.d.d.s.AutomaticPreparedBatchStatement - addValue(value=UNPAID, dataType=VARCHAR) - start
23:05:20.627 [main] DEBUG o.d.d.s.SimplePreparedStatement - addValue(value=UNPAID, dataType=VARCHAR) - start
23:05:20.627 [main] DEBUG o.d.dataset.datatype.StringDataType - setSqlValue(value=UNPAID, column=5, statement=com.mysql.jdbc.JDBC4PreparedStatement@13f210f: insert into orders (order_number, customer_id, date, amount, order_status, discount_status) values (5, 4, '2011-06-13', 2180.00, 'PAID', 'NO_DISCOUNT')) - start
23:05:20.628 [main] DEBUG org.dbunit.dataset.datatype.DataType - asString(value=UNPAID) - start
23:05:20.629 [main] DEBUG o.d.dataset.datatype.StringDataType - typeCast(value=UNPAID) - start
23:05:20.629 [main] DEBUG org.dbunit.dataset.DefaultTable - getValue(row=4, column=discount_status) - start
23:05:20.629 [main] DEBUG org.dbunit.dataset.AbstractTable - assertValidRowIndex(row=4) - start
23:05:20.629 [main] DEBUG org.dbunit.dataset.AbstractTable - assertValidRowIndex(row=4, rowCount=6) - start
23:05:20.629 [main] DEBUG org.dbunit.dataset.AbstractTable - getColumnIndex(columnName=discount_status) - start
23:05:20.630 [main] DEBUG o.d.dataset.AbstractTableMetaData - getColumnIndex(columnName=discount_status) - start
23:05:20.630 [main] DEBUG o.d.d.s.AutomaticPreparedBatchStatement - addValue(value=NO_DISCOUNT, dataType=VARCHAR) - start
23:05:20.630 [main] DEBUG o.d.d.s.SimplePreparedStatement - addValue(value=NO_DISCOUNT, dataType=VARCHAR) - start
23:05:20.630 [main] DEBUG o.d.dataset.datatype.StringDataType - setSqlValue(value=NO_DISCOUNT, column=6, statement=com.mysql.jdbc.JDBC4PreparedStatement@13f210f: insert into orders (order_number, customer_id, date, amount, order_status, discount_status) values (5, 4, '2011-06-13', 2180.00, 'UNPAID', 'NO_DISCOUNT')) - start
23:05:20.632 [main] DEBUG org.dbunit.dataset.datatype.DataType - asString(value=NO_DISCOUNT) - start
23:05:20.632 [main] DEBUG o.d.dataset.datatype.StringDataType - typeCast(value=NO_DISCOUNT) - start
23:05:20.632 [main] DEBUG o.d.d.s.AutomaticPreparedBatchStatement - addBatch() - start
23:05:20.632 [main] DEBUG o.d.d.s.SimplePreparedStatement - addBatch() - start
23:05:20.651 [main] DEBUG org.dbunit.operation.InsertOperation - equalsIgnoreMapping(ignoreMapping={}, table=org.dbunit.dataset.DefaultTable[_metaData=tableName=orders, columns=[(order_number, UNKNOWN, nullableUnknown), (customer_id, UNKNOWN, nullableUnknown), (date, UNKNOWN, nullableUnknown), (amount, UNKNOWN, nullableUnknown), (order_status, UNKNOWN, nullableUnknown), (discount_status, UNKNOWN, nullableUnknown)], keys=[], _rowList.size()=6], row=5) - start
23:05:20.651 [main] DEBUG org.dbunit.dataset.DefaultTable - getValue(row=5, column=order_number) - start
23:05:20.735 [main] DEBUG org.dbunit.dataset.AbstractTable - assertValidRowIndex(row=5) - start
23:05:20.735 [main] DEBUG org.dbunit.dataset.AbstractTable - assertValidRowIndex(row=5, rowCount=6) - start
23:05:20.735 [main] DEBUG org.dbunit.dataset.AbstractTable - getColumnIndex(columnName=order_number) - start
23:05:20.735 [main] DEBUG o.d.dataset.AbstractTableMetaData - getColumnIndex(columnName=order_number) - start
23:05:20.735 [main] DEBUG org.dbunit.dataset.DefaultTable - getValue(row=5, column=customer_id) - start
23:05:20.736 [main] DEBUG org.dbunit.dataset.AbstractTable - assertValidRowIndex(row=5) - start
23:05:20.736 [main] DEBUG org.dbunit.dataset.AbstractTable - assertValidRowIndex(row=5, rowCount=6) - start
23:05:20.736 [main] DEBUG org.dbunit.dataset.AbstractTable - getColumnIndex(columnName=customer_id) - start
23:05:20.736 [main] DEBUG o.d.dataset.AbstractTableMetaData - getColumnIndex(columnName=customer_id) - start
23:05:20.736 [main] DEBUG org.dbunit.dataset.DefaultTable - getValue(row=5, column=date) - start
23:05:20.738 [main] DEBUG org.dbunit.dataset.AbstractTable - assertValidRowIndex(row=5) - start
23:05:20.738 [main] DEBUG org.dbunit.dataset.AbstractTable - assertValidRowIndex(row=5, rowCount=6) - start
23:05:20.738 [main] DEBUG org.dbunit.dataset.AbstractTable - getColumnIndex(columnName=date) - start
23:05:20.738 [main] DEBUG o.d.dataset.AbstractTableMetaData - getColumnIndex(columnName=date) - start
23:05:20.738 [main] DEBUG org.dbunit.dataset.DefaultTable - getValue(row=5, column=amount) - start
23:05:20.738 [main] DEBUG org.dbunit.dataset.AbstractTable - assertValidRowIndex(row=5) - start
23:05:20.739 [main] DEBUG org.dbunit.dataset.AbstractTable - assertValidRowIndex(row=5, rowCount=6) - start
23:05:20.739 [main] DEBUG org.dbunit.dataset.AbstractTable - getColumnIndex(columnName=amount) - start
23:05:20.739 [main] DEBUG o.d.dataset.AbstractTableMetaData - getColumnIndex(columnName=amount) - start
23:05:20.739 [main] DEBUG org.dbunit.dataset.DefaultTable - getValue(row=5, column=order_status) - start
23:05:20.739 [main] DEBUG org.dbunit.dataset.AbstractTable - assertValidRowIndex(row=5) - start
23:05:20.741 [main] DEBUG org.dbunit.dataset.AbstractTable - assertValidRowIndex(row=5, rowCount=6) - start
23:05:20.741 [main] DEBUG org.dbunit.dataset.AbstractTable - getColumnIndex(columnName=order_status) - start
23:05:20.741 [main] DEBUG o.d.dataset.AbstractTableMetaData - getColumnIndex(columnName=order_status) - start
23:05:20.741 [main] DEBUG org.dbunit.dataset.DefaultTable - getValue(row=5, column=discount_status) - start
23:05:20.741 [main] DEBUG org.dbunit.dataset.AbstractTable - assertValidRowIndex(row=5) - start
23:05:20.742 [main] DEBUG org.dbunit.dataset.AbstractTable - assertValidRowIndex(row=5, rowCount=6) - start
23:05:20.742 [main] DEBUG org.dbunit.dataset.AbstractTable - getColumnIndex(columnName=discount_status) - start
23:05:20.743 [main] DEBUG o.d.dataset.AbstractTableMetaData - getColumnIndex(columnName=discount_status) - start
23:05:20.743 [main] DEBUG org.dbunit.dataset.DefaultTable - getValue(row=5, column=order_number) - start
23:05:20.743 [main] DEBUG org.dbunit.dataset.AbstractTable - assertValidRowIndex(row=5) - start
23:05:20.744 [main] DEBUG org.dbunit.dataset.AbstractTable - assertValidRowIndex(row=5, rowCount=6) - start
23:05:20.744 [main] DEBUG org.dbunit.dataset.AbstractTable - getColumnIndex(columnName=order_number) - start
23:05:20.744 [main] DEBUG o.d.dataset.AbstractTableMetaData - getColumnIndex(columnName=order_number) - start
23:05:20.744 [main] DEBUG o.d.d.s.AutomaticPreparedBatchStatement - addValue(value=6, dataType=INTEGER) - start
23:05:20.744 [main] DEBUG o.d.d.s.SimplePreparedStatement - addValue(value=6, dataType=INTEGER) - start
23:05:20.745 [main] DEBUG o.d.dataset.datatype.IntegerDataType - setSqlValue(value=6, column=1, statement=com.mysql.jdbc.JDBC4PreparedStatement@13f210f: insert into orders (order_number, customer_id, date, amount, order_status, discount_status) values (5, 4, '2011-06-13', 2180.00, 'UNPAID', 'NO_DISCOUNT')) - start
23:05:20.745 [main] DEBUG o.d.dataset.datatype.IntegerDataType - typeCast(value=6) - start
23:05:20.745 [main] DEBUG o.d.dataset.datatype.IntegerDataType - typeCast(value=6) - start
23:05:20.745 [main] DEBUG org.dbunit.dataset.DefaultTable - getValue(row=5, column=customer_id) - start
23:05:20.747 [main] DEBUG org.dbunit.dataset.AbstractTable - assertValidRowIndex(row=5) - start
23:05:20.747 [main] DEBUG org.dbunit.dataset.AbstractTable - assertValidRowIndex(row=5, rowCount=6) - start
23:05:20.747 [main] DEBUG org.dbunit.dataset.AbstractTable - getColumnIndex(columnName=customer_id) - start
23:05:20.747 [main] DEBUG o.d.dataset.AbstractTableMetaData - getColumnIndex(columnName=customer_id) - start
23:05:20.747 [main] DEBUG o.d.d.s.AutomaticPreparedBatchStatement - addValue(value=5, dataType=INTEGER) - start
23:05:20.748 [main] DEBUG o.d.d.s.SimplePreparedStatement - addValue(value=5, dataType=INTEGER) - start
23:05:20.748 [main] DEBUG o.d.dataset.datatype.IntegerDataType - setSqlValue(value=5, column=2, statement=com.mysql.jdbc.JDBC4PreparedStatement@13f210f: insert into orders (order_number, customer_id, date, amount, order_status, discount_status) values (6, 4, '2011-06-13', 2180.00, 'UNPAID', 'NO_DISCOUNT')) - start
23:05:20.749 [main] DEBUG o.d.dataset.datatype.IntegerDataType - typeCast(value=5) - start
23:05:20.750 [main] DEBUG o.d.dataset.datatype.IntegerDataType - typeCast(value=5) - start
23:05:20.750 [main] DEBUG org.dbunit.dataset.DefaultTable - getValue(row=5, column=date) - start
23:05:20.750 [main] DEBUG org.dbunit.dataset.AbstractTable - assertValidRowIndex(row=5) - start
23:05:20.750 [main] DEBUG org.dbunit.dataset.AbstractTable - assertValidRowIndex(row=5, rowCount=6) - start
23:05:20.750 [main] DEBUG org.dbunit.dataset.AbstractTable - getColumnIndex(columnName=date) - start
23:05:20.750 [main] DEBUG o.d.dataset.AbstractTableMetaData - getColumnIndex(columnName=date) - start
23:05:20.752 [main] DEBUG o.d.d.s.AutomaticPreparedBatchStatement - addValue(value=2011-06-13, dataType=DATE) - start
23:05:20.752 [main] DEBUG o.d.d.s.SimplePreparedStatement - addValue(value=2011-06-13, dataType=DATE) - start
23:05:20.752 [main] DEBUG o.d.dataset.datatype.DateDataType - setSqlValue(value=2011-06-13, column=3, statement=com.mysql.jdbc.JDBC4PreparedStatement@13f210f: insert into orders (order_number, customer_id, date, amount, order_status, discount_status) values (6, 5, '2011-06-13', 2180.00, 'UNPAID', 'NO_DISCOUNT')) - start
23:05:20.753 [main] DEBUG o.d.dataset.datatype.DateDataType - typeCast(value=2011-06-13) - start
23:05:20.753 [main] DEBUG org.dbunit.dataset.DefaultTable - getValue(row=5, column=amount) - start
23:05:20.753 [main] DEBUG org.dbunit.dataset.AbstractTable - assertValidRowIndex(row=5) - start
23:05:20.753 [main] DEBUG org.dbunit.dataset.AbstractTable - assertValidRowIndex(row=5, rowCount=6) - start
23:05:20.753 [main] DEBUG org.dbunit.dataset.AbstractTable - getColumnIndex(columnName=amount) - start
23:05:20.753 [main] DEBUG o.d.dataset.AbstractTableMetaData - getColumnIndex(columnName=amount) - start
23:05:20.754 [main] DEBUG o.d.d.s.AutomaticPreparedBatchStatement - addValue(value=10000.00, dataType=DECIMAL) - start
23:05:20.754 [main] DEBUG o.d.d.s.SimplePreparedStatement - addValue(value=10000.00, dataType=DECIMAL) - start
23:05:20.754 [main] DEBUG o.d.dataset.datatype.NumberDataType - setSqlValue(value=10000.00, column=4, statement=com.mysql.jdbc.JDBC4PreparedStatement@13f210f: insert into orders (order_number, customer_id, date, amount, order_status, discount_status) values (6, 5, '2011-06-13', 2180.00, 'UNPAID', 'NO_DISCOUNT')) - start
23:05:20.756 [main] DEBUG o.d.dataset.datatype.NumberDataType - typeCast(value=10000.00) - start
23:05:20.756 [main] DEBUG org.dbunit.dataset.DefaultTable - getValue(row=5, column=order_status) - start
23:05:20.756 [main] DEBUG org.dbunit.dataset.AbstractTable - assertValidRowIndex(row=5) - start
23:05:20.756 [main] DEBUG org.dbunit.dataset.AbstractTable - assertValidRowIndex(row=5, rowCount=6) - start
23:05:20.756 [main] DEBUG org.dbunit.dataset.AbstractTable - getColumnIndex(columnName=order_status) - start
23:05:20.757 [main] DEBUG o.d.dataset.AbstractTableMetaData - getColumnIndex(columnName=order_status) - start
23:05:20.757 [main] DEBUG o.d.d.s.AutomaticPreparedBatchStatement - addValue(value=PAID, dataType=VARCHAR) - start
23:05:20.757 [main] DEBUG o.d.d.s.SimplePreparedStatement - addValue(value=PAID, dataType=VARCHAR) - start
23:05:20.757 [main] DEBUG o.d.dataset.datatype.StringDataType - setSqlValue(value=PAID, column=5, statement=com.mysql.jdbc.JDBC4PreparedStatement@13f210f: insert into orders (order_number, customer_id, date, amount, order_status, discount_status) values (6, 5, '2011-06-13', 10000.00, 'UNPAID', 'NO_DISCOUNT')) - start
23:05:20.759 [main] DEBUG org.dbunit.dataset.datatype.DataType - asString(value=PAID) - start
23:05:20.759 [main] DEBUG o.d.dataset.datatype.StringDataType - typeCast(value=PAID) - start
23:05:20.759 [main] DEBUG org.dbunit.dataset.DefaultTable - getValue(row=5, column=discount_status) - start
23:05:20.759 [main] DEBUG org.dbunit.dataset.AbstractTable - assertValidRowIndex(row=5) - start
23:05:20.759 [main] DEBUG org.dbunit.dataset.AbstractTable - assertValidRowIndex(row=5, rowCount=6) - start
23:05:20.759 [main] DEBUG org.dbunit.dataset.AbstractTable - getColumnIndex(columnName=discount_status) - start
23:05:20.761 [main] DEBUG o.d.dataset.AbstractTableMetaData - getColumnIndex(columnName=discount_status) - start
23:05:20.761 [main] DEBUG o.d.d.s.AutomaticPreparedBatchStatement - addValue(value=NO_DISCOUNT, dataType=VARCHAR) - start
23:05:20.761 [main] DEBUG o.d.d.s.SimplePreparedStatement - addValue(value=NO_DISCOUNT, dataType=VARCHAR) - start
23:05:20.761 [main] DEBUG o.d.dataset.datatype.StringDataType - setSqlValue(value=NO_DISCOUNT, column=6, statement=com.mysql.jdbc.JDBC4PreparedStatement@13f210f: insert into orders (order_number, customer_id, date, amount, order_status, discount_status) values (6, 5, '2011-06-13', 10000.00, 'PAID', 'NO_DISCOUNT')) - start
23:05:20.763 [main] DEBUG org.dbunit.dataset.datatype.DataType - asString(value=NO_DISCOUNT) - start
23:05:20.763 [main] DEBUG o.d.dataset.datatype.StringDataType - typeCast(value=NO_DISCOUNT) - start
23:05:20.763 [main] DEBUG o.d.d.s.AutomaticPreparedBatchStatement - addBatch() - start
23:05:20.763 [main] DEBUG o.d.d.s.SimplePreparedStatement - addBatch() - start
23:05:20.787 [main] DEBUG org.dbunit.operation.InsertOperation - equalsIgnoreMapping(ignoreMapping={}, table=org.dbunit.dataset.DefaultTable[_metaData=tableName=orders, columns=[(order_number, UNKNOWN, nullableUnknown), (customer_id, UNKNOWN, nullableUnknown), (date, UNKNOWN, nullableUnknown), (amount, UNKNOWN, nullableUnknown), (order_status, UNKNOWN, nullableUnknown), (discount_status, UNKNOWN, nullableUnknown)], keys=[], _rowList.size()=6], row=6) - start
23:05:20.787 [main] DEBUG org.dbunit.dataset.DefaultTable - getValue(row=6, column=order_number) - start
23:05:20.866 [main] DEBUG org.dbunit.dataset.AbstractTable - assertValidRowIndex(row=6) - start
23:05:20.866 [main] DEBUG org.dbunit.dataset.AbstractTable - assertValidRowIndex(row=6, rowCount=6) - start
23:05:20.866 [main] DEBUG o.d.d.s.AutomaticPreparedBatchStatement - executeBatch() - start
23:05:20.866 [main] DEBUG o.d.d.s.SimplePreparedStatement - executeBatch() - start
23:05:20.866 [main] DEBUG o.d.d.s.SimplePreparedStatement - clearBatch() - start
23:05:20.866 [main] DEBUG o.d.d.s.AutomaticPreparedBatchStatement - clearBatch() - start
23:05:20.867 [main] DEBUG o.d.d.s.SimplePreparedStatement - clearBatch() - start
23:05:20.867 [main] DEBUG o.d.d.s.AutomaticPreparedBatchStatement - close() - start
23:05:20.867 [main] DEBUG o.d.d.s.AbstractPreparedBatchStatement - close() - start
23:05:20.867 [main] DEBUG o.d.dataset.DefaultTableIterator - getTable() - start
23:05:20.867 [main] DEBUG o.d.operation.AbstractBatchOperation - isEmpty(table=org.dbunit.dataset.DefaultTable[_metaData=tableName=order_items, columns=[(id, UNKNOWN, nullableUnknown), (order_order_number, UNKNOWN, nullableUnknown), (product_sku_number, UNKNOWN, nullableUnknown), (quantity, UNKNOWN, nullableUnknown)], keys=[], _rowList.size()=8]) - start
23:05:20.868 [main] DEBUG org.dbunit.dataset.DefaultTable - getValue(row=0, column=id) - start
23:05:20.868 [main] DEBUG org.dbunit.dataset.AbstractTable - assertValidRowIndex(row=0) - start
23:05:20.868 [main] DEBUG org.dbunit.dataset.AbstractTable - assertValidRowIndex(row=0, rowCount=8) - start
23:05:20.868 [main] DEBUG org.dbunit.dataset.AbstractTable - getColumnIndex(columnName=id) - start
23:05:20.868 [main] DEBUG o.d.dataset.AbstractTableMetaData - getColumnIndex(columnName=id) - start
23:05:20.869 [main] DEBUG o.dbunit.operation.AbstractOperation - getOperationMetaData(connection=org.dbunit.database.DatabaseConnection[schema=, connection=com.mysql.jdbc.JDBC4Connection@19a32e0, super=_databaseConfig=org.dbunit.database.DatabaseConfig[, _propertyMap={http://www.dbunit.org/properties/statementFactory=org.dbunit.database.statement.PreparedStatementFactory@8238f4, http://www.dbunit.org/features/caseSensitiveTableNames=false, http://www.dbunit.org/properties/fetchSize=100, http://www.dbunit.org/features/batchedStatements=false, http://www.dbunit.org/properties/metadataHandler=org.dbunit.database.DefaultMetadataHandler@16925b0, http://www.dbunit.org/properties/datatypeFactory=org.dbunit.dataset.datatype.DefaultDataTypeFactory[_toleratedDeltaMap=org.dbunit.dataset.datatype.ToleratedDeltaMap@297ffb], http://www.dbunit.org/properties/escapePattern=null, http://www.dbunit.org/properties/batchSize=100, http://www.dbunit.org/features/qualifiedTableNames=false, http://www.dbunit.org/properties/tableType=[Ljava.lang.String;@914f6a, http://www.dbunit.org/properties/resultSetTableFactory=org.dbunit.database.CachedResultSetTableFactory@1f4cbee, http://www.dbunit.org/features/datatypeWarning=true}], _dataSet=AbstractDataSet[_orderedTableNameMap=null]], metaData=tableName=order_items, columns=[(id, UNKNOWN, nullableUnknown), (order_order_number, UNKNOWN, nullableUnknown), (product_sku_number, UNKNOWN, nullableUnknown), (quantity, UNKNOWN, nullableUnknown)], keys=[]) - start
23:05:20.870 [main] DEBUG o.d.d.AbstractDatabaseConnection - createDataSet() - start
23:05:20.870 [main] DEBUG org.dbunit.database.DatabaseDataSet - getTableMetaData(tableName=order_items) - start
23:05:20.870 [main] DEBUG org.dbunit.database.DatabaseDataSet - initialize() - start
23:05:20.870 [main] DEBUG o.dbunit.dataset.OrderedTableNameMap - getTableName(tableName=order_items) - start
23:05:20.870 [main] DEBUG o.dbunit.dataset.OrderedTableNameMap - getTableName(tableName=order_items) - end - result=ORDER_ITEMS
23:05:20.872 [main] DEBUG o.dbunit.dataset.OrderedTableNameMap - getTableName(tableName=order_items) - start
23:05:20.872 [main] DEBUG o.dbunit.dataset.OrderedTableNameMap - getTableName(tableName=order_items) - end - result=ORDER_ITEMS
23:05:20.872 [main] DEBUG o.d.dataset.AbstractTableMetaData - getColumnIndex(columnName=id) - start
23:05:20.872 [main] DEBUG o.d.database.DatabaseTableMetaData - getColumns() - start
23:05:20.872 [main] DEBUG o.d.database.DatabaseTableMetaData - getColumns() - start
23:05:20.873 [main] DEBUG o.d.dataset.AbstractTableMetaData - getColumnIndex(columnName=order_order_number) - start
23:05:20.878 [main] DEBUG o.d.database.DatabaseTableMetaData - getColumns() - start
23:05:20.878 [main] DEBUG o.d.dataset.AbstractTableMetaData - getColumnIndex(columnName=product_sku_number) - start
23:05:20.878 [main] DEBUG o.d.database.DatabaseTableMetaData - getColumns() - start
23:05:20.878 [main] DEBUG o.d.dataset.AbstractTableMetaData - getColumnIndex(columnName=quantity) - start
23:05:20.878 [main] DEBUG o.d.database.DatabaseTableMetaData - getColumns() - start
23:05:20.878 [main] DEBUG o.d.database.DatabaseTableMetaData - getPrimaryKeys() - start
23:05:20.880 [main] DEBUG org.dbunit.operation.InsertOperation - getIgnoreMapping(table=org.dbunit.dataset.DefaultTable[_metaData=tableName=order_items, columns=[(id, UNKNOWN, nullableUnknown), (order_order_number, UNKNOWN, nullableUnknown), (product_sku_number, UNKNOWN, nullableUnknown), (quantity, UNKNOWN, nullableUnknown)], keys=[], _rowList.size()=8], row=0) - start
23:05:20.880 [main] DEBUG org.dbunit.dataset.DefaultTable - getValue(row=0, column=id) - start
23:05:20.880 [main] DEBUG org.dbunit.dataset.AbstractTable - assertValidRowIndex(row=0) - start
23:05:20.881 [main] DEBUG org.dbunit.dataset.AbstractTable - assertValidRowIndex(row=0, rowCount=8) - start
23:05:20.881 [main] DEBUG org.dbunit.dataset.AbstractTable - getColumnIndex(columnName=id) - start
23:05:20.881 [main] DEBUG o.d.dataset.AbstractTableMetaData - getColumnIndex(columnName=id) - start
23:05:20.881 [main] DEBUG org.dbunit.dataset.DefaultTable - getValue(row=0, column=order_order_number) - start
23:05:20.881 [main] DEBUG org.dbunit.dataset.AbstractTable - assertValidRowIndex(row=0) - start
23:05:20.883 [main] DEBUG org.dbunit.dataset.AbstractTable - assertValidRowIndex(row=0, rowCount=8) - start
23:05:20.883 [main] DEBUG org.dbunit.dataset.AbstractTable - getColumnIndex(columnName=order_order_number) - start
23:05:20.883 [main] DEBUG o.d.dataset.AbstractTableMetaData - getColumnIndex(columnName=order_order_number) - start
23:05:20.883 [main] DEBUG org.dbunit.dataset.DefaultTable - getValue(row=0, column=product_sku_number) - start
23:05:20.883 [main] DEBUG org.dbunit.dataset.AbstractTable - assertValidRowIndex(row=0) - start
23:05:20.884 [main] DEBUG org.dbunit.dataset.AbstractTable - assertValidRowIndex(row=0, rowCount=8) - start
23:05:20.884 [main] DEBUG org.dbunit.dataset.AbstractTable - getColumnIndex(columnName=product_sku_number) - start
23:05:20.884 [main] DEBUG o.d.dataset.AbstractTableMetaData - getColumnIndex(columnName=product_sku_number) - start
23:05:20.884 [main] DEBUG org.dbunit.dataset.DefaultTable - getValue(row=0, column=quantity) - start
23:05:20.884 [main] DEBUG org.dbunit.dataset.AbstractTable - assertValidRowIndex(row=0) - start
23:05:20.886 [main] DEBUG org.dbunit.dataset.AbstractTable - assertValidRowIndex(row=0, rowCount=8) - start
23:05:20.886 [main] DEBUG org.dbunit.dataset.AbstractTable - getColumnIndex(columnName=quantity) - start
23:05:20.886 [main] DEBUG o.d.dataset.AbstractTableMetaData - getColumnIndex(columnName=quantity) - start
23:05:20.886 [main] DEBUG org.dbunit.operation.InsertOperation - getOperationData(metaData=tableName=order_items, columns=[(id, INTEGER, noNulls), (order_order_number, INTEGER, noNulls), (product_sku_number, INTEGER, noNulls), (quantity, INTEGER, noNulls)], keys=[(id, INTEGER, noNulls)], ignoreMapping={}, connection=org.dbunit.database.DatabaseConnection[schema=, connection=com.mysql.jdbc.JDBC4Connection@19a32e0, super=_databaseConfig=org.dbunit.database.DatabaseConfig[, _propertyMap={http://www.dbunit.org/properties/statementFactory=org.dbunit.database.statement.PreparedStatementFactory@8238f4, http://www.dbunit.org/features/caseSensitiveTableNames=false, http://www.dbunit.org/properties/fetchSize=100, http://www.dbunit.org/features/batchedStatements=false, http://www.dbunit.org/properties/metadataHandler=org.dbunit.database.DefaultMetadataHandler@16925b0, http://www.dbunit.org/properties/datatypeFactory=org.dbunit.dataset.datatype.DefaultDataTypeFactory[_toleratedDeltaMap=org.dbunit.dataset.datatype.ToleratedDeltaMap@297ffb], http://www.dbunit.org/properties/escapePattern=null, http://www.dbunit.org/properties/batchSize=100, http://www.dbunit.org/features/qualifiedTableNames=false, http://www.dbunit.org/properties/tableType=[Ljava.lang.String;@914f6a, http://www.dbunit.org/properties/resultSetTableFactory=org.dbunit.database.CachedResultSetTableFactory@1f4cbee, http://www.dbunit.org/features/datatypeWarning=true}], _dataSet=AbstractDataSet[_orderedTableNameMap=null]]) - start
23:05:20.888 [main] DEBUG o.dbunit.operation.AbstractOperation - getQualifiedName(prefix=, name=order_items, connection=org.dbunit.database.DatabaseConnection[schema=, connection=com.mysql.jdbc.JDBC4Connection@19a32e0, super=_databaseConfig=org.dbunit.database.DatabaseConfig[, _propertyMap={http://www.dbunit.org/properties/statementFactory=org.dbunit.database.statement.PreparedStatementFactory@8238f4, http://www.dbunit.org/features/caseSensitiveTableNames=false, http://www.dbunit.org/properties/fetchSize=100, http://www.dbunit.org/features/batchedStatements=false, http://www.dbunit.org/properties/metadataHandler=org.dbunit.database.DefaultMetadataHandler@16925b0, http://www.dbunit.org/properties/datatypeFactory=org.dbunit.dataset.datatype.DefaultDataTypeFactory[_toleratedDeltaMap=org.dbunit.dataset.datatype.ToleratedDeltaMap@297ffb], http://www.dbunit.org/properties/escapePattern=null, http://www.dbunit.org/properties/batchSize=100, http://www.dbunit.org/features/qualifiedTableNames=false, http://www.dbunit.org/properties/tableType=[Ljava.lang.String;@914f6a, http://www.dbunit.org/properties/resultSetTableFactory=org.dbunit.database.CachedResultSetTableFactory@1f4cbee, http://www.dbunit.org/features/datatypeWarning=true}], _dataSet=AbstractDataSet[_orderedTableNameMap=null]]) - start
23:05:20.889 [main] DEBUG org.dbunit.util.QualifiedTableName - getQualifiedName() - start
23:05:20.889 [main] DEBUG org.dbunit.util.QualifiedTableName - getQualifiedName(prefix=, name=order_items, escapePattern=null) - start
23:05:20.889 [main] DEBUG o.dbunit.operation.AbstractOperation - getQualifiedName(prefix=null, name=id, connection=org.dbunit.database.DatabaseConnection[schema=, connection=com.mysql.jdbc.JDBC4Connection@19a32e0, super=_databaseConfig=org.dbunit.database.DatabaseConfig[, _propertyMap={http://www.dbunit.org/properties/statementFactory=org.dbunit.database.statement.PreparedStatementFactory@8238f4, http://www.dbunit.org/features/caseSensitiveTableNames=false, http://www.dbunit.org/properties/fetchSize=100, http://www.dbunit.org/features/batchedStatements=false, http://www.dbunit.org/properties/metadataHandler=org.dbunit.database.DefaultMetadataHandler@16925b0, http://www.dbunit.org/properties/datatypeFactory=org.dbunit.dataset.datatype.DefaultDataTypeFactory[_toleratedDeltaMap=org.dbunit.dataset.datatype.ToleratedDeltaMap@297ffb], http://www.dbunit.org/properties/escapePattern=null, http://www.dbunit.org/properties/batchSize=100, http://www.dbunit.org/features/qualifiedTableNames=false, http://www.dbunit.org/properties/tableType=[Ljava.lang.String;@914f6a, http://www.dbunit.org/properties/resultSetTableFactory=org.dbunit.database.CachedResultSetTableFactory@1f4cbee, http://www.dbunit.org/features/datatypeWarning=true}], _dataSet=AbstractDataSet[_orderedTableNameMap=null]]) - start
23:05:20.893 [main] DEBUG org.dbunit.util.QualifiedTableName - getQualifiedName() - start
23:05:20.893 [main] DEBUG org.dbunit.util.QualifiedTableName - getQualifiedName(prefix=null, name=id, escapePattern=null) - start
23:05:20.893 [main] DEBUG o.dbunit.operation.AbstractOperation - getQualifiedName(prefix=null, name=order_order_number, connection=org.dbunit.database.DatabaseConnection[schema=, connection=com.mysql.jdbc.JDBC4Connection@19a32e0, super=_databaseConfig=org.dbunit.database.DatabaseConfig[, _propertyMap={http://www.dbunit.org/properties/statementFactory=org.dbunit.database.statement.PreparedStatementFactory@8238f4, http://www.dbunit.org/features/caseSensitiveTableNames=false, http://www.dbunit.org/properties/fetchSize=100, http://www.dbunit.org/features/batchedStatements=false, http://www.dbunit.org/properties/metadataHandler=org.dbunit.database.DefaultMetadataHandler@16925b0, http://www.dbunit.org/properties/datatypeFactory=org.dbunit.dataset.datatype.DefaultDataTypeFactory[_toleratedDeltaMap=org.dbunit.dataset.datatype.ToleratedDeltaMap@297ffb], http://www.dbunit.org/properties/escapePattern=null, http://www.dbunit.org/properties/batchSize=100, http://www.dbunit.org/features/qualifiedTableNames=false, http://www.dbunit.org/properties/tableType=[Ljava.lang.String;@914f6a, http://www.dbunit.org/properties/resultSetTableFactory=org.dbunit.database.CachedResultSetTableFactory@1f4cbee, http://www.dbunit.org/features/datatypeWarning=true}], _dataSet=AbstractDataSet[_orderedTableNameMap=null]]) - start
23:05:20.897 [main] DEBUG org.dbunit.util.QualifiedTableName - getQualifiedName() - start
23:05:20.897 [main] DEBUG org.dbunit.util.QualifiedTableName - getQualifiedName(prefix=null, name=order_order_number, escapePattern=null) - start
23:05:20.897 [main] DEBUG o.dbunit.operation.AbstractOperation - getQualifiedName(prefix=null, name=product_sku_number, connection=org.dbunit.database.DatabaseConnection[schema=, connection=com.mysql.jdbc.JDBC4Connection@19a32e0, super=_databaseConfig=org.dbunit.database.DatabaseConfig[, _propertyMap={http://www.dbunit.org/properties/statementFactory=org.dbunit.database.statement.PreparedStatementFactory@8238f4, http://www.dbunit.org/features/caseSensitiveTableNames=false, http://www.dbunit.org/properties/fetchSize=100, http://www.dbunit.org/features/batchedStatements=false, http://www.dbunit.org/properties/metadataHandler=org.dbunit.database.DefaultMetadataHandler@16925b0, http://www.dbunit.org/properties/datatypeFactory=org.dbunit.dataset.datatype.DefaultDataTypeFactory[_toleratedDeltaMap=org.dbunit.dataset.datatype.ToleratedDeltaMap@297ffb], http://www.dbunit.org/properties/escapePattern=null, http://www.dbunit.org/properties/batchSize=100, http://www.dbunit.org/features/qualifiedTableNames=false, http://www.dbunit.org/properties/tableType=[Ljava.lang.String;@914f6a, http://www.dbunit.org/properties/resultSetTableFactory=org.dbunit.database.CachedResultSetTableFactory@1f4cbee, http://www.dbunit.org/features/datatypeWarning=true}], _dataSet=AbstractDataSet[_orderedTableNameMap=null]]) - start
23:05:20.902 [main] DEBUG org.dbunit.util.QualifiedTableName - getQualifiedName() - start
23:05:20.902 [main] DEBUG org.dbunit.util.QualifiedTableName - getQualifiedName(prefix=null, name=product_sku_number, escapePattern=null) - start
23:05:20.902 [main] DEBUG o.dbunit.operation.AbstractOperation - getQualifiedName(prefix=null, name=quantity, connection=org.dbunit.database.DatabaseConnection[schema=, connection=com.mysql.jdbc.JDBC4Connection@19a32e0, super=_databaseConfig=org.dbunit.database.DatabaseConfig[, _propertyMap={http://www.dbunit.org/properties/statementFactory=org.dbunit.database.statement.PreparedStatementFactory@8238f4, http://www.dbunit.org/features/caseSensitiveTableNames=false, http://www.dbunit.org/properties/fetchSize=100, http://www.dbunit.org/features/batchedStatements=false, http://www.dbunit.org/properties/metadataHandler=org.dbunit.database.DefaultMetadataHandler@16925b0, http://www.dbunit.org/properties/datatypeFactory=org.dbunit.dataset.datatype.DefaultDataTypeFactory[_toleratedDeltaMap=org.dbunit.dataset.datatype.ToleratedDeltaMap@297ffb], http://www.dbunit.org/properties/escapePattern=null, http://www.dbunit.org/properties/batchSize=100, http://www.dbunit.org/features/qualifiedTableNames=false, http://www.dbunit.org/properties/tableType=[Ljava.lang.String;@914f6a, http://www.dbunit.org/properties/resultSetTableFactory=org.dbunit.database.CachedResultSetTableFactory@1f4cbee, http://www.dbunit.org/features/datatypeWarning=true}], _dataSet=AbstractDataSet[_orderedTableNameMap=null]]) - start
23:05:20.907 [main] DEBUG org.dbunit.util.QualifiedTableName - getQualifiedName() - start
23:05:20.907 [main] DEBUG org.dbunit.util.QualifiedTableName - getQualifiedName(prefix=null, name=quantity, escapePattern=null) - start
23:05:20.907 [main] DEBUG o.d.d.s.PreparedStatementFactory - createPreparedBatchStatement(sql=insert into order_items (id, order_order_number, product_sku_number, quantity) values (?, ?, ?, ?), connection=org.dbunit.database.DatabaseConnection[schema=, connection=com.mysql.jdbc.JDBC4Connection@19a32e0, super=_databaseConfig=org.dbunit.database.DatabaseConfig[, _propertyMap={http://www.dbunit.org/properties/statementFactory=org.dbunit.database.statement.PreparedStatementFactory@8238f4, http://www.dbunit.org/features/caseSensitiveTableNames=false, http://www.dbunit.org/properties/fetchSize=100, http://www.dbunit.org/features/batchedStatements=false, http://www.dbunit.org/properties/metadataHandler=org.dbunit.database.DefaultMetadataHandler@16925b0, http://www.dbunit.org/properties/datatypeFactory=org.dbunit.dataset.datatype.DefaultDataTypeFactory[_toleratedDeltaMap=org.dbunit.dataset.datatype.ToleratedDeltaMap@297ffb], http://www.dbunit.org/properties/escapePattern=null, http://www.dbunit.org/properties/batchSize=100, http://www.dbunit.org/features/qualifiedTableNames=false, http://www.dbunit.org/properties/tableType=[Ljava.lang.String;@914f6a, http://www.dbunit.org/properties/resultSetTableFactory=org.dbunit.database.CachedResultSetTableFactory@1f4cbee, http://www.dbunit.org/features/datatypeWarning=true}], _dataSet=AbstractDataSet[_orderedTableNameMap=null]]) - start
23:05:20.911 [main] DEBUG o.d.d.s.AbstractStatementFactory - supportBatchStatement(connection=org.dbunit.database.DatabaseConnection[schema=, connection=com.mysql.jdbc.JDBC4Connection@19a32e0, super=_databaseConfig=org.dbunit.database.DatabaseConfig[, _propertyMap={http://www.dbunit.org/properties/statementFactory=org.dbunit.database.statement.PreparedStatementFactory@8238f4, http://www.dbunit.org/features/caseSensitiveTableNames=false, http://www.dbunit.org/properties/fetchSize=100, http://www.dbunit.org/features/batchedStatements=false, http://www.dbunit.org/properties/metadataHandler=org.dbunit.database.DefaultMetadataHandler@16925b0, http://www.dbunit.org/properties/datatypeFactory=org.dbunit.dataset.datatype.DefaultDataTypeFactory[_toleratedDeltaMap=org.dbunit.dataset.datatype.ToleratedDeltaMap@297ffb], http://www.dbunit.org/properties/escapePattern=null, http://www.dbunit.org/properties/batchSize=100, http://www.dbunit.org/features/qualifiedTableNames=false, http://www.dbunit.org/properties/tableType=[Ljava.lang.String;@914f6a, http://www.dbunit.org/properties/resultSetTableFactory=org.dbunit.database.CachedResultSetTableFactory@1f4cbee, http://www.dbunit.org/features/datatypeWarning=true}], _dataSet=AbstractDataSet[_orderedTableNameMap=null]]) - start
23:05:20.916 [main] DEBUG org.dbunit.dataset.DefaultTable - getValue(row=0, column=id) - start
23:05:20.916 [main] DEBUG org.dbunit.dataset.AbstractTable - assertValidRowIndex(row=0) - start
23:05:20.916 [main] DEBUG org.dbunit.dataset.AbstractTable - assertValidRowIndex(row=0, rowCount=8) - start
23:05:20.916 [main] DEBUG org.dbunit.dataset.AbstractTable - getColumnIndex(columnName=id) - start
23:05:20.916 [main] DEBUG o.d.dataset.AbstractTableMetaData - getColumnIndex(columnName=id) - start
23:05:20.916 [main] DEBUG o.d.d.s.AutomaticPreparedBatchStatement - addValue(value=1, dataType=INTEGER) - start
23:05:20.919 [main] DEBUG o.d.d.s.SimplePreparedStatement - addValue(value=1, dataType=INTEGER) - start
23:05:20.919 [main] DEBUG o.d.dataset.datatype.IntegerDataType - setSqlValue(value=1, column=1, statement=com.mysql.jdbc.JDBC4PreparedStatement@1abcc03: insert into order_items (id, order_order_number, product_sku_number, quantity) values (** NOT SPECIFIED **, ** NOT SPECIFIED **, ** NOT SPECIFIED **, ** NOT SPECIFIED **)) - start
23:05:20.919 [main] DEBUG o.d.dataset.datatype.IntegerDataType - typeCast(value=1) - start
23:05:20.924 [main] DEBUG o.d.dataset.datatype.IntegerDataType - typeCast(value=1) - start
23:05:20.924 [main] DEBUG org.dbunit.dataset.DefaultTable - getValue(row=0, column=order_order_number) - start
23:05:20.924 [main] DEBUG org.dbunit.dataset.AbstractTable - assertValidRowIndex(row=0) - start
23:05:20.924 [main] DEBUG org.dbunit.dataset.AbstractTable - assertValidRowIndex(row=0, rowCount=8) - start
23:05:20.924 [main] DEBUG org.dbunit.dataset.AbstractTable - getColumnIndex(columnName=order_order_number) - start
23:05:20.926 [main] DEBUG o.d.dataset.AbstractTableMetaData - getColumnIndex(columnName=order_order_number) - start
23:05:20.926 [main] DEBUG o.d.d.s.AutomaticPreparedBatchStatement - addValue(value=1, dataType=INTEGER) - start
23:05:20.926 [main] DEBUG o.d.d.s.SimplePreparedStatement - addValue(value=1, dataType=INTEGER) - start
23:05:20.926 [main] DEBUG o.d.dataset.datatype.IntegerDataType - setSqlValue(value=1, column=2, statement=com.mysql.jdbc.JDBC4PreparedStatement@1abcc03: insert into order_items (id, order_order_number, product_sku_number, quantity) values (1, ** NOT SPECIFIED **, ** NOT SPECIFIED **, ** NOT SPECIFIED **)) - start
23:05:20.927 [main] DEBUG o.d.dataset.datatype.IntegerDataType - typeCast(value=1) - start
23:05:20.927 [main] DEBUG o.d.dataset.datatype.IntegerDataType - typeCast(value=1) - start
23:05:20.927 [main] DEBUG org.dbunit.dataset.DefaultTable - getValue(row=0, column=product_sku_number) - start
23:05:20.927 [main] DEBUG org.dbunit.dataset.AbstractTable - assertValidRowIndex(row=0) - start
23:05:20.927 [main] DEBUG org.dbunit.dataset.AbstractTable - assertValidRowIndex(row=0, rowCount=8) - start
23:05:20.927 [main] DEBUG org.dbunit.dataset.AbstractTable - getColumnIndex(columnName=product_sku_number) - start
23:05:20.929 [main] DEBUG o.d.dataset.AbstractTableMetaData - getColumnIndex(columnName=product_sku_number) - start
23:05:20.929 [main] DEBUG o.d.d.s.AutomaticPreparedBatchStatement - addValue(value=1, dataType=INTEGER) - start
23:05:20.929 [main] DEBUG o.d.d.s.SimplePreparedStatement - addValue(value=1, dataType=INTEGER) - start
23:05:20.929 [main] DEBUG o.d.dataset.datatype.IntegerDataType - setSqlValue(value=1, column=3, statement=com.mysql.jdbc.JDBC4PreparedStatement@1abcc03: insert into order_items (id, order_order_number, product_sku_number, quantity) values (1, 1, ** NOT SPECIFIED **, ** NOT SPECIFIED **)) - start
23:05:20.931 [main] DEBUG o.d.dataset.datatype.IntegerDataType - typeCast(value=1) - start
23:05:20.931 [main] DEBUG o.d.dataset.datatype.IntegerDataType - typeCast(value=1) - start
23:05:20.931 [main] DEBUG org.dbunit.dataset.DefaultTable - getValue(row=0, column=quantity) - start
23:05:20.931 [main] DEBUG org.dbunit.dataset.AbstractTable - assertValidRowIndex(row=0) - start
23:05:20.931 [main] DEBUG org.dbunit.dataset.AbstractTable - assertValidRowIndex(row=0, rowCount=8) - start
23:05:20.931 [main] DEBUG org.dbunit.dataset.AbstractTable - getColumnIndex(columnName=quantity) - start
23:05:20.932 [main] DEBUG o.d.dataset.AbstractTableMetaData - getColumnIndex(columnName=quantity) - start
23:05:20.932 [main] DEBUG o.d.d.s.AutomaticPreparedBatchStatement - addValue(value=10, dataType=INTEGER) - start
23:05:20.932 [main] DEBUG o.d.d.s.SimplePreparedStatement - addValue(value=10, dataType=INTEGER) - start
23:05:20.932 [main] DEBUG o.d.dataset.datatype.IntegerDataType - setSqlValue(value=10, column=4, statement=com.mysql.jdbc.JDBC4PreparedStatement@1abcc03: insert into order_items (id, order_order_number, product_sku_number, quantity) values (1, 1, 1, ** NOT SPECIFIED **)) - start
23:05:20.934 [main] DEBUG o.d.dataset.datatype.IntegerDataType - typeCast(value=10) - start
23:05:20.934 [main] DEBUG o.d.dataset.datatype.IntegerDataType - typeCast(value=10) - start
23:05:20.934 [main] DEBUG o.d.d.s.AutomaticPreparedBatchStatement - addBatch() - start
23:05:20.934 [main] DEBUG o.d.d.s.SimplePreparedStatement - addBatch() - start
23:05:20.962 [main] DEBUG org.dbunit.operation.InsertOperation - equalsIgnoreMapping(ignoreMapping={}, table=org.dbunit.dataset.DefaultTable[_metaData=tableName=order_items, columns=[(id, UNKNOWN, nullableUnknown), (order_order_number, UNKNOWN, nullableUnknown), (product_sku_number, UNKNOWN, nullableUnknown), (quantity, UNKNOWN, nullableUnknown)], keys=[], _rowList.size()=8], row=1) - start
23:05:20.962 [main] DEBUG org.dbunit.dataset.DefaultTable - getValue(row=1, column=id) - start
23:05:20.962 [main] DEBUG org.dbunit.dataset.AbstractTable - assertValidRowIndex(row=1) - start
23:05:21.037 [main] DEBUG org.dbunit.dataset.AbstractTable - assertValidRowIndex(row=1, rowCount=8) - start
23:05:21.037 [main] DEBUG org.dbunit.dataset.AbstractTable - getColumnIndex(columnName=id) - start
23:05:21.037 [main] DEBUG o.d.dataset.AbstractTableMetaData - getColumnIndex(columnName=id) - start
23:05:21.037 [main] DEBUG org.dbunit.dataset.DefaultTable - getValue(row=1, column=order_order_number) - start
23:05:21.037 [main] DEBUG org.dbunit.dataset.AbstractTable - assertValidRowIndex(row=1) - start
23:05:21.038 [main] DEBUG org.dbunit.dataset.AbstractTable - assertValidRowIndex(row=1, rowCount=8) - start
23:05:21.038 [main] DEBUG org.dbunit.dataset.AbstractTable - getColumnIndex(columnName=order_order_number) - start
23:05:21.038 [main] DEBUG o.d.dataset.AbstractTableMetaData - getColumnIndex(columnName=order_order_number) - start
23:05:21.038 [main] DEBUG org.dbunit.dataset.DefaultTable - getValue(row=1, column=product_sku_number) - start
23:05:21.038 [main] DEBUG org.dbunit.dataset.AbstractTable - assertValidRowIndex(row=1) - start
23:05:21.039 [main] DEBUG org.dbunit.dataset.AbstractTable - assertValidRowIndex(row=1, rowCount=8) - start
23:05:21.040 [main] DEBUG org.dbunit.dataset.AbstractTable - getColumnIndex(columnName=product_sku_number) - start
23:05:21.040 [main] DEBUG o.d.dataset.AbstractTableMetaData - getColumnIndex(columnName=product_sku_number) - start
23:05:21.040 [main] DEBUG org.dbunit.dataset.DefaultTable - getValue(row=1, column=quantity) - start
23:05:21.040 [main] DEBUG org.dbunit.dataset.AbstractTable - assertValidRowIndex(row=1) - start
23:05:21.041 [main] DEBUG org.dbunit.dataset.AbstractTable - assertValidRowIndex(row=1, rowCount=8) - start
23:05:21.041 [main] DEBUG org.dbunit.dataset.AbstractTable - getColumnIndex(columnName=quantity) - start
23:05:21.041 [main] DEBUG o.d.dataset.AbstractTableMetaData - getColumnIndex(columnName=quantity) - start
23:05:21.041 [main] DEBUG org.dbunit.dataset.DefaultTable - getValue(row=1, column=id) - start
23:05:21.041 [main] DEBUG org.dbunit.dataset.AbstractTable - assertValidRowIndex(row=1) - start
23:05:21.043 [main] DEBUG org.dbunit.dataset.AbstractTable - assertValidRowIndex(row=1, rowCount=8) - start
23:05:21.043 [main] DEBUG org.dbunit.dataset.AbstractTable - getColumnIndex(columnName=id) - start
23:05:21.043 [main] DEBUG o.d.dataset.AbstractTableMetaData - getColumnIndex(columnName=id) - start
23:05:21.043 [main] DEBUG o.d.d.s.AutomaticPreparedBatchStatement - addValue(value=2, dataType=INTEGER) - start
23:05:21.043 [main] DEBUG o.d.d.s.SimplePreparedStatement - addValue(value=2, dataType=INTEGER) - start
23:05:21.044 [main] DEBUG o.d.dataset.datatype.IntegerDataType - setSqlValue(value=2, column=1, statement=com.mysql.jdbc.JDBC4PreparedStatement@1abcc03: insert into order_items (id, order_order_number, product_sku_number, quantity) values (1, 1, 1, 10)) - start
23:05:21.045 [main] DEBUG o.d.dataset.datatype.IntegerDataType - typeCast(value=2) - start
23:05:21.045 [main] DEBUG o.d.dataset.datatype.IntegerDataType - typeCast(value=2) - start
23:05:21.045 [main] DEBUG org.dbunit.dataset.DefaultTable - getValue(row=1, column=order_order_number) - start
23:05:21.046 [main] DEBUG org.dbunit.dataset.AbstractTable - assertValidRowIndex(row=1) - start
23:05:21.046 [main] DEBUG org.dbunit.dataset.AbstractTable - assertValidRowIndex(row=1, rowCount=8) - start
23:05:21.046 [main] DEBUG org.dbunit.dataset.AbstractTable - getColumnIndex(columnName=order_order_number) - start
23:05:21.046 [main] DEBUG o.d.dataset.AbstractTableMetaData - getColumnIndex(columnName=order_order_number) - start
23:05:21.046 [main] DEBUG o.d.d.s.AutomaticPreparedBatchStatement - addValue(value=2, dataType=INTEGER) - start
23:05:21.047 [main] DEBUG o.d.d.s.SimplePreparedStatement - addValue(value=2, dataType=INTEGER) - start
23:05:21.047 [main] DEBUG o.d.dataset.datatype.IntegerDataType - setSqlValue(value=2, column=2, statement=com.mysql.jdbc.JDBC4PreparedStatement@1abcc03: insert into order_items (id, order_order_number, product_sku_number, quantity) values (2, 1, 1, 10)) - start
23:05:21.047 [main] DEBUG o.d.dataset.datatype.IntegerDataType - typeCast(value=2) - start
23:05:21.047 [main] DEBUG o.d.dataset.datatype.IntegerDataType - typeCast(value=2) - start
23:05:21.051 [main] DEBUG org.dbunit.dataset.DefaultTable - getValue(row=1, column=product_sku_number) - start
23:05:21.051 [main] DEBUG org.dbunit.dataset.AbstractTable - assertValidRowIndex(row=1) - start
23:05:21.051 [main] DEBUG org.dbunit.dataset.AbstractTable - assertValidRowIndex(row=1, rowCount=8) - start
23:05:21.051 [main] DEBUG org.dbunit.dataset.AbstractTable - getColumnIndex(columnName=product_sku_number) - start
23:05:21.051 [main] DEBUG o.d.dataset.AbstractTableMetaData - getColumnIndex(columnName=product_sku_number) - start
23:05:21.151 [main] DEBUG o.d.d.s.AutomaticPreparedBatchStatement - addValue(value=2, dataType=INTEGER) - start
23:05:21.151 [main] DEBUG o.d.d.s.SimplePreparedStatement - addValue(value=2, dataType=INTEGER) - start
23:05:21.151 [main] DEBUG o.d.dataset.datatype.IntegerDataType - setSqlValue(value=2, column=3, statement=com.mysql.jdbc.JDBC4PreparedStatement@1abcc03: insert into order_items (id, order_order_number, product_sku_number, quantity) values (2, 2, 1, 10)) - start
23:05:21.151 [main] DEBUG o.d.dataset.datatype.IntegerDataType - typeCast(value=2) - start
23:05:21.152 [main] DEBUG o.d.dataset.datatype.IntegerDataType - typeCast(value=2) - start
23:05:21.152 [main] DEBUG org.dbunit.dataset.DefaultTable - getValue(row=1, column=quantity) - start
23:05:21.152 [main] DEBUG org.dbunit.dataset.AbstractTable - assertValidRowIndex(row=1) - start
23:05:21.152 [main] DEBUG org.dbunit.dataset.AbstractTable - assertValidRowIndex(row=1, rowCount=8) - start
23:05:21.152 [main] DEBUG org.dbunit.dataset.AbstractTable - getColumnIndex(columnName=quantity) - start
23:05:21.152 [main] DEBUG o.d.dataset.AbstractTableMetaData - getColumnIndex(columnName=quantity) - start
23:05:21.153 [main] DEBUG o.d.d.s.AutomaticPreparedBatchStatement - addValue(value=196, dataType=INTEGER) - start
23:05:21.153 [main] DEBUG o.d.d.s.SimplePreparedStatement - addValue(value=196, dataType=INTEGER) - start
23:05:21.153 [main] DEBUG o.d.dataset.datatype.IntegerDataType - setSqlValue(value=196, column=4, statement=com.mysql.jdbc.JDBC4PreparedStatement@1abcc03: insert into order_items (id, order_order_number, product_sku_number, quantity) values (2, 2, 2, 10)) - start
23:05:21.153 [main] DEBUG o.d.dataset.datatype.IntegerDataType - typeCast(value=196) - start
23:05:21.155 [main] DEBUG o.d.dataset.datatype.IntegerDataType - typeCast(value=196) - start
23:05:21.155 [main] DEBUG o.d.d.s.AutomaticPreparedBatchStatement - addBatch() - start
23:05:21.155 [main] DEBUG o.d.d.s.SimplePreparedStatement - addBatch() - start
23:05:21.227 [main] DEBUG org.dbunit.operation.InsertOperation - equalsIgnoreMapping(ignoreMapping={}, table=org.dbunit.dataset.DefaultTable[_metaData=tableName=order_items, columns=[(id, UNKNOWN, nullableUnknown), (order_order_number, UNKNOWN, nullableUnknown), (product_sku_number, UNKNOWN, nullableUnknown), (quantity, UNKNOWN, nullableUnknown)], keys=[], _rowList.size()=8], row=2) - start
23:05:21.227 [main] DEBUG org.dbunit.dataset.DefaultTable - getValue(row=2, column=id) - start
23:05:21.227 [main] DEBUG org.dbunit.dataset.AbstractTable - assertValidRowIndex(row=2) - start
23:05:21.258 [main] DEBUG org.dbunit.dataset.AbstractTable - assertValidRowIndex(row=2, rowCount=8) - start
23:05:21.258 [main] DEBUG org.dbunit.dataset.AbstractTable - getColumnIndex(columnName=id) - start
23:05:21.258 [main] DEBUG o.d.dataset.AbstractTableMetaData - getColumnIndex(columnName=id) - start
23:05:21.258 [main] DEBUG org.dbunit.dataset.DefaultTable - getValue(row=2, column=order_order_number) - start
23:05:21.258 [main] DEBUG org.dbunit.dataset.AbstractTable - assertValidRowIndex(row=2) - start
23:05:21.259 [main] DEBUG org.dbunit.dataset.AbstractTable - assertValidRowIndex(row=2, rowCount=8) - start
23:05:21.259 [main] DEBUG org.dbunit.dataset.AbstractTable - getColumnIndex(columnName=order_order_number) - start
23:05:21.259 [main] DEBUG o.d.dataset.AbstractTableMetaData - getColumnIndex(columnName=order_order_number) - start
23:05:21.259 [main] DEBUG org.dbunit.dataset.DefaultTable - getValue(row=2, column=product_sku_number) - start
23:05:21.259 [main] DEBUG org.dbunit.dataset.AbstractTable - assertValidRowIndex(row=2) - start
23:05:21.260 [main] DEBUG org.dbunit.dataset.AbstractTable - assertValidRowIndex(row=2, rowCount=8) - start
23:05:21.260 [main] DEBUG org.dbunit.dataset.AbstractTable - getColumnIndex(columnName=product_sku_number) - start
23:05:21.260 [main] DEBUG o.d.dataset.AbstractTableMetaData - getColumnIndex(columnName=product_sku_number) - start
23:05:21.260 [main] DEBUG org.dbunit.dataset.DefaultTable - getValue(row=2, column=quantity) - start
23:05:21.260 [main] DEBUG org.dbunit.dataset.AbstractTable - assertValidRowIndex(row=2) - start
23:05:21.262 [main] DEBUG org.dbunit.dataset.AbstractTable - assertValidRowIndex(row=2, rowCount=8) - start
23:05:21.262 [main] DEBUG org.dbunit.dataset.AbstractTable - getColumnIndex(columnName=quantity) - start
23:05:21.262 [main] DEBUG o.d.dataset.AbstractTableMetaData - getColumnIndex(columnName=quantity) - start
23:05:21.262 [main] DEBUG org.dbunit.dataset.DefaultTable - getValue(row=2, column=id) - start
23:05:21.262 [main] DEBUG org.dbunit.dataset.AbstractTable - assertValidRowIndex(row=2) - start
23:05:21.264 [main] DEBUG org.dbunit.dataset.AbstractTable - assertValidRowIndex(row=2, rowCount=8) - start
23:05:21.264 [main] DEBUG org.dbunit.dataset.AbstractTable - getColumnIndex(columnName=id) - start
23:05:21.264 [main] DEBUG o.d.dataset.AbstractTableMetaData - getColumnIndex(columnName=id) - start
23:05:21.264 [main] DEBUG o.d.d.s.AutomaticPreparedBatchStatement - addValue(value=3, dataType=INTEGER) - start
23:05:21.264 [main] DEBUG o.d.d.s.SimplePreparedStatement - addValue(value=3, dataType=INTEGER) - start
23:05:21.265 [main] DEBUG o.d.dataset.datatype.IntegerDataType - setSqlValue(value=3, column=1, statement=com.mysql.jdbc.JDBC4PreparedStatement@1abcc03: insert into order_items (id, order_order_number, product_sku_number, quantity) values (2, 2, 2, 196)) - start
23:05:21.265 [main] DEBUG o.d.dataset.datatype.IntegerDataType - typeCast(value=3) - start
23:05:21.265 [main] DEBUG o.d.dataset.datatype.IntegerDataType - typeCast(value=3) - start
23:05:21.265 [main] DEBUG org.dbunit.dataset.DefaultTable - getValue(row=2, column=order_order_number) - start
23:05:21.267 [main] DEBUG org.dbunit.dataset.AbstractTable - assertValidRowIndex(row=2) - start
23:05:21.267 [main] DEBUG org.dbunit.dataset.AbstractTable - assertValidRowIndex(row=2, rowCount=8) - start
23:05:21.267 [main] DEBUG org.dbunit.dataset.AbstractTable - getColumnIndex(columnName=order_order_number) - start
23:05:21.267 [main] DEBUG o.d.dataset.AbstractTableMetaData - getColumnIndex(columnName=order_order_number) - start
23:05:21.267 [main] DEBUG o.d.d.s.AutomaticPreparedBatchStatement - addValue(value=2, dataType=INTEGER) - start
23:05:21.268 [main] DEBUG o.d.d.s.SimplePreparedStatement - addValue(value=2, dataType=INTEGER) - start
23:05:21.268 [main] DEBUG o.d.dataset.datatype.IntegerDataType - setSqlValue(value=2, column=2, statement=com.mysql.jdbc.JDBC4PreparedStatement@1abcc03: insert into order_items (id, order_order_number, product_sku_number, quantity) values (3, 2, 2, 196)) - start
23:05:21.268 [main] DEBUG o.d.dataset.datatype.IntegerDataType - typeCast(value=2) - start
23:05:21.268 [main] DEBUG o.d.dataset.datatype.IntegerDataType - typeCast(value=2) - start
23:05:21.270 [main] DEBUG org.dbunit.dataset.DefaultTable - getValue(row=2, column=product_sku_number) - start
23:05:21.270 [main] DEBUG org.dbunit.dataset.AbstractTable - assertValidRowIndex(row=2) - start
23:05:21.270 [main] DEBUG org.dbunit.dataset.AbstractTable - assertValidRowIndex(row=2, rowCount=8) - start
23:05:21.270 [main] DEBUG org.dbunit.dataset.AbstractTable - getColumnIndex(columnName=product_sku_number) - start
23:05:21.270 [main] DEBUG o.d.dataset.AbstractTableMetaData - getColumnIndex(columnName=product_sku_number) - start
23:05:21.271 [main] DEBUG o.d.d.s.AutomaticPreparedBatchStatement - addValue(value=4, dataType=INTEGER) - start
23:05:21.272 [main] DEBUG o.d.d.s.SimplePreparedStatement - addValue(value=4, dataType=INTEGER) - start
23:05:21.272 [main] DEBUG o.d.dataset.datatype.IntegerDataType - setSqlValue(value=4, column=3, statement=com.mysql.jdbc.JDBC4PreparedStatement@1abcc03: insert into order_items (id, order_order_number, product_sku_number, quantity) values (3, 2, 2, 196)) - start
23:05:21.272 [main] DEBUG o.d.dataset.datatype.IntegerDataType - typeCast(value=4) - start
23:05:21.273 [main] DEBUG o.d.dataset.datatype.IntegerDataType - typeCast(value=4) - start
23:05:21.273 [main] DEBUG org.dbunit.dataset.DefaultTable - getValue(row=2, column=quantity) - start
23:05:21.273 [main] DEBUG org.dbunit.dataset.AbstractTable - assertValidRowIndex(row=2) - start
23:05:21.273 [main] DEBUG org.dbunit.dataset.AbstractTable - assertValidRowIndex(row=2, rowCount=8) - start
23:05:21.273 [main] DEBUG org.dbunit.dataset.AbstractTable - getColumnIndex(columnName=quantity) - start
23:05:21.273 [main] DEBUG o.d.dataset.AbstractTableMetaData - getColumnIndex(columnName=quantity) - start
23:05:21.275 [main] DEBUG o.d.d.s.AutomaticPreparedBatchStatement - addValue(value=1, dataType=INTEGER) - start
23:05:21.275 [main] DEBUG o.d.d.s.SimplePreparedStatement - addValue(value=1, dataType=INTEGER) - start
23:05:21.275 [main] DEBUG o.d.dataset.datatype.IntegerDataType - setSqlValue(value=1, column=4, statement=com.mysql.jdbc.JDBC4PreparedStatement@1abcc03: insert into order_items (id, order_order_number, product_sku_number, quantity) values (3, 2, 4, 196)) - start
23:05:21.275 [main] DEBUG o.d.dataset.datatype.IntegerDataType - typeCast(value=1) - start
23:05:21.276 [main] DEBUG o.d.dataset.datatype.IntegerDataType - typeCast(value=1) - start
23:05:21.276 [main] DEBUG o.d.d.s.AutomaticPreparedBatchStatement - addBatch() - start
23:05:21.276 [main] DEBUG o.d.d.s.SimplePreparedStatement - addBatch() - start
23:05:21.304 [main] DEBUG org.dbunit.operation.InsertOperation - equalsIgnoreMapping(ignoreMapping={}, table=org.dbunit.dataset.DefaultTable[_metaData=tableName=order_items, columns=[(id, UNKNOWN, nullableUnknown), (order_order_number, UNKNOWN, nullableUnknown), (product_sku_number, UNKNOWN, nullableUnknown), (quantity, UNKNOWN, nullableUnknown)], keys=[], _rowList.size()=8], row=3) - start
23:05:21.304 [main] DEBUG org.dbunit.dataset.DefaultTable - getValue(row=3, column=id) - start
23:05:21.304 [main] DEBUG org.dbunit.dataset.AbstractTable - assertValidRowIndex(row=3) - start
23:05:21.379 [main] DEBUG org.dbunit.dataset.AbstractTable - assertValidRowIndex(row=3, rowCount=8) - start
23:05:21.379 [main] DEBUG org.dbunit.dataset.AbstractTable - getColumnIndex(columnName=id) - start
23:05:21.379 [main] DEBUG o.d.dataset.AbstractTableMetaData - getColumnIndex(columnName=id) - start
23:05:21.379 [main] DEBUG org.dbunit.dataset.DefaultTable - getValue(row=3, column=order_order_number) - start
23:05:21.379 [main] DEBUG org.dbunit.dataset.AbstractTable - assertValidRowIndex(row=3) - start
23:05:21.380 [main] DEBUG org.dbunit.dataset.AbstractTable - assertValidRowIndex(row=3, rowCount=8) - start
23:05:21.380 [main] DEBUG org.dbunit.dataset.AbstractTable - getColumnIndex(columnName=order_order_number) - start
23:05:21.380 [main] DEBUG o.d.dataset.AbstractTableMetaData - getColumnIndex(columnName=order_order_number) - start
23:05:21.380 [main] DEBUG org.dbunit.dataset.DefaultTable - getValue(row=3, column=product_sku_number) - start
23:05:21.380 [main] DEBUG org.dbunit.dataset.AbstractTable - assertValidRowIndex(row=3) - start
23:05:21.382 [main] DEBUG org.dbunit.dataset.AbstractTable - assertValidRowIndex(row=3, rowCount=8) - start
23:05:21.382 [main] DEBUG org.dbunit.dataset.AbstractTable - getColumnIndex(columnName=product_sku_number) - start
23:05:21.382 [main] DEBUG o.d.dataset.AbstractTableMetaData - getColumnIndex(columnName=product_sku_number) - start
23:05:21.382 [main] DEBUG org.dbunit.dataset.DefaultTable - getValue(row=3, column=quantity) - start
23:05:21.382 [main] DEBUG org.dbunit.dataset.AbstractTable - assertValidRowIndex(row=3) - start
23:05:21.383 [main] DEBUG org.dbunit.dataset.AbstractTable - assertValidRowIndex(row=3, rowCount=8) - start
23:05:21.383 [main] DEBUG org.dbunit.dataset.AbstractTable - getColumnIndex(columnName=quantity) - start
23:05:21.383 [main] DEBUG o.d.dataset.AbstractTableMetaData - getColumnIndex(columnName=quantity) - start
23:05:21.383 [main] DEBUG org.dbunit.dataset.DefaultTable - getValue(row=3, column=id) - start
23:05:21.383 [main] DEBUG org.dbunit.dataset.AbstractTable - assertValidRowIndex(row=3) - start
23:05:21.385 [main] DEBUG org.dbunit.dataset.AbstractTable - assertValidRowIndex(row=3, rowCount=8) - start
23:05:21.385 [main] DEBUG org.dbunit.dataset.AbstractTable - getColumnIndex(columnName=id) - start
23:05:21.385 [main] DEBUG o.d.dataset.AbstractTableMetaData - getColumnIndex(columnName=id) - start
23:05:21.385 [main] DEBUG o.d.d.s.AutomaticPreparedBatchStatement - addValue(value=4, dataType=INTEGER) - start
23:05:21.385 [main] DEBUG o.d.d.s.SimplePreparedStatement - addValue(value=4, dataType=INTEGER) - start
23:05:21.386 [main] DEBUG o.d.dataset.datatype.IntegerDataType - setSqlValue(value=4, column=1, statement=com.mysql.jdbc.JDBC4PreparedStatement@1abcc03: insert into order_items (id, order_order_number, product_sku_number, quantity) values (3, 2, 4, 1)) - start
23:05:21.386 [main] DEBUG o.d.dataset.datatype.IntegerDataType - typeCast(value=4) - start
23:05:21.386 [main] DEBUG o.d.dataset.datatype.IntegerDataType - typeCast(value=4) - start
23:05:21.386 [main] DEBUG org.dbunit.dataset.DefaultTable - getValue(row=3, column=order_order_number) - start
23:05:21.388 [main] DEBUG org.dbunit.dataset.AbstractTable - assertValidRowIndex(row=3) - start
23:05:21.388 [main] DEBUG org.dbunit.dataset.AbstractTable - assertValidRowIndex(row=3, rowCount=8) - start
23:05:21.388 [main] DEBUG org.dbunit.dataset.AbstractTable - getColumnIndex(columnName=order_order_number) - start
23:05:21.388 [main] DEBUG o.d.dataset.AbstractTableMetaData - getColumnIndex(columnName=order_order_number) - start
23:05:21.388 [main] DEBUG o.d.d.s.AutomaticPreparedBatchStatement - addValue(value=3, dataType=INTEGER) - start
23:05:21.389 [main] DEBUG o.d.d.s.SimplePreparedStatement - addValue(value=3, dataType=INTEGER) - start
23:05:21.389 [main] DEBUG o.d.dataset.datatype.IntegerDataType - setSqlValue(value=3, column=2, statement=com.mysql.jdbc.JDBC4PreparedStatement@1abcc03: insert into order_items (id, order_order_number, product_sku_number, quantity) values (4, 2, 4, 1)) - start
23:05:21.389 [main] DEBUG o.d.dataset.datatype.IntegerDataType - typeCast(value=3) - start
23:05:21.390 [main] DEBUG o.d.dataset.datatype.IntegerDataType - typeCast(value=3) - start
23:05:21.391 [main] DEBUG org.dbunit.dataset.DefaultTable - getValue(row=3, column=product_sku_number) - start
23:05:21.391 [main] DEBUG org.dbunit.dataset.AbstractTable - assertValidRowIndex(row=3) - start
23:05:21.391 [main] DEBUG org.dbunit.dataset.AbstractTable - assertValidRowIndex(row=3, rowCount=8) - start
23:05:21.391 [main] DEBUG org.dbunit.dataset.AbstractTable - getColumnIndex(columnName=product_sku_number) - start
23:05:21.391 [main] DEBUG o.d.dataset.AbstractTableMetaData - getColumnIndex(columnName=product_sku_number) - start
23:05:21.393 [main] DEBUG o.d.d.s.AutomaticPreparedBatchStatement - addValue(value=2, dataType=INTEGER) - start
23:05:21.393 [main] DEBUG o.d.d.s.SimplePreparedStatement - addValue(value=2, dataType=INTEGER) - start
23:05:21.393 [main] DEBUG o.d.dataset.datatype.IntegerDataType - setSqlValue(value=2, column=3, statement=com.mysql.jdbc.JDBC4PreparedStatement@1abcc03: insert into order_items (id, order_order_number, product_sku_number, quantity) values (4, 3, 4, 1)) - start
23:05:21.393 [main] DEBUG o.d.dataset.datatype.IntegerDataType - typeCast(value=2) - start
23:05:21.394 [main] DEBUG o.d.dataset.datatype.IntegerDataType - typeCast(value=2) - start
23:05:21.394 [main] DEBUG org.dbunit.dataset.DefaultTable - getValue(row=3, column=quantity) - start
23:05:21.394 [main] DEBUG org.dbunit.dataset.AbstractTable - assertValidRowIndex(row=3) - start
23:05:21.394 [main] DEBUG org.dbunit.dataset.AbstractTable - assertValidRowIndex(row=3, rowCount=8) - start
23:05:21.394 [main] DEBUG org.dbunit.dataset.AbstractTable - getColumnIndex(columnName=quantity) - start
23:05:21.394 [main] DEBUG o.d.dataset.AbstractTableMetaData - getColumnIndex(columnName=quantity) - start
23:05:21.396 [main] DEBUG o.d.d.s.AutomaticPreparedBatchStatement - addValue(value=196, dataType=INTEGER) - start
23:05:21.396 [main] DEBUG o.d.d.s.SimplePreparedStatement - addValue(value=196, dataType=INTEGER) - start
23:05:21.396 [main] DEBUG o.d.dataset.datatype.IntegerDataType - setSqlValue(value=196, column=4, statement=com.mysql.jdbc.JDBC4PreparedStatement@1abcc03: insert into order_items (id, order_order_number, product_sku_number, quantity) values (4, 3, 2, 1)) - start
23:05:21.396 [main] DEBUG o.d.dataset.datatype.IntegerDataType - typeCast(value=196) - start
23:05:21.398 [main] DEBUG o.d.dataset.datatype.IntegerDataType - typeCast(value=196) - start
23:05:21.398 [main] DEBUG o.d.d.s.AutomaticPreparedBatchStatement - addBatch() - start
23:05:21.398 [main] DEBUG o.d.d.s.SimplePreparedStatement - addBatch() - start
23:05:21.436 [main] DEBUG org.dbunit.operation.InsertOperation - equalsIgnoreMapping(ignoreMapping={}, table=org.dbunit.dataset.DefaultTable[_metaData=tableName=order_items, columns=[(id, UNKNOWN, nullableUnknown), (order_order_number, UNKNOWN, nullableUnknown), (product_sku_number, UNKNOWN, nullableUnknown), (quantity, UNKNOWN, nullableUnknown)], keys=[], _rowList.size()=8], row=4) - start
23:05:21.436 [main] DEBUG org.dbunit.dataset.DefaultTable - getValue(row=4, column=id) - start
23:05:21.436 [main] DEBUG org.dbunit.dataset.AbstractTable - assertValidRowIndex(row=4) - start
23:05:21.501 [main] DEBUG org.dbunit.dataset.AbstractTable - assertValidRowIndex(row=4, rowCount=8) - start
23:05:21.501 [main] DEBUG org.dbunit.dataset.AbstractTable - getColumnIndex(columnName=id) - start
23:05:21.501 [main] DEBUG o.d.dataset.AbstractTableMetaData - getColumnIndex(columnName=id) - start
23:05:21.501 [main] DEBUG org.dbunit.dataset.DefaultTable - getValue(row=4, column=order_order_number) - start
23:05:21.501 [main] DEBUG org.dbunit.dataset.AbstractTable - assertValidRowIndex(row=4) - start
23:05:21.502 [main] DEBUG org.dbunit.dataset.AbstractTable - assertValidRowIndex(row=4, rowCount=8) - start
23:05:21.502 [main] DEBUG org.dbunit.dataset.AbstractTable - getColumnIndex(columnName=order_order_number) - start
23:05:21.502 [main] DEBUG o.d.dataset.AbstractTableMetaData - getColumnIndex(columnName=order_order_number) - start
23:05:21.502 [main] DEBUG org.dbunit.dataset.DefaultTable - getValue(row=4, column=product_sku_number) - start
23:05:21.502 [main] DEBUG org.dbunit.dataset.AbstractTable - assertValidRowIndex(row=4) - start
23:05:21.504 [main] DEBUG org.dbunit.dataset.AbstractTable - assertValidRowIndex(row=4, rowCount=8) - start
23:05:21.504 [main] DEBUG org.dbunit.dataset.AbstractTable - getColumnIndex(columnName=product_sku_number) - start
23:05:21.504 [main] DEBUG o.d.dataset.AbstractTableMetaData - getColumnIndex(columnName=product_sku_number) - start
23:05:21.504 [main] DEBUG org.dbunit.dataset.DefaultTable - getValue(row=4, column=quantity) - start
23:05:21.504 [main] DEBUG org.dbunit.dataset.AbstractTable - assertValidRowIndex(row=4) - start
23:05:21.505 [main] DEBUG org.dbunit.dataset.AbstractTable - assertValidRowIndex(row=4, rowCount=8) - start
23:05:21.505 [main] DEBUG org.dbunit.dataset.AbstractTable - getColumnIndex(columnName=quantity) - start
23:05:21.505 [main] DEBUG o.d.dataset.AbstractTableMetaData - getColumnIndex(columnName=quantity) - start
23:05:21.505 [main] DEBUG org.dbunit.dataset.DefaultTable - getValue(row=4, column=id) - start
23:05:21.505 [main] DEBUG org.dbunit.dataset.AbstractTable - assertValidRowIndex(row=4) - start
23:05:21.507 [main] DEBUG org.dbunit.dataset.AbstractTable - assertValidRowIndex(row=4, rowCount=8) - start
23:05:21.507 [main] DEBUG org.dbunit.dataset.AbstractTable - getColumnIndex(columnName=id) - start
23:05:21.507 [main] DEBUG o.d.dataset.AbstractTableMetaData - getColumnIndex(columnName=id) - start
23:05:21.507 [main] DEBUG o.d.d.s.AutomaticPreparedBatchStatement - addValue(value=5, dataType=INTEGER) - start
23:05:21.507 [main] DEBUG o.d.d.s.SimplePreparedStatement - addValue(value=5, dataType=INTEGER) - start
23:05:21.509 [main] DEBUG o.d.dataset.datatype.IntegerDataType - setSqlValue(value=5, column=1, statement=com.mysql.jdbc.JDBC4PreparedStatement@1abcc03: insert into order_items (id, order_order_number, product_sku_number, quantity) values (4, 3, 2, 196)) - start
23:05:21.509 [main] DEBUG o.d.dataset.datatype.IntegerDataType - typeCast(value=5) - start
23:05:21.509 [main] DEBUG o.d.dataset.datatype.IntegerDataType - typeCast(value=5) - start
23:05:21.509 [main] DEBUG org.dbunit.dataset.DefaultTable - getValue(row=4, column=order_order_number) - start
23:05:21.511 [main] DEBUG org.dbunit.dataset.AbstractTable - assertValidRowIndex(row=4) - start
23:05:21.511 [main] DEBUG org.dbunit.dataset.AbstractTable - assertValidRowIndex(row=4, rowCount=8) - start
23:05:21.511 [main] DEBUG org.dbunit.dataset.AbstractTable - getColumnIndex(columnName=order_order_number) - start
23:05:21.511 [main] DEBUG o.d.dataset.AbstractTableMetaData - getColumnIndex(columnName=order_order_number) - start
23:05:21.511 [main] DEBUG o.d.d.s.AutomaticPreparedBatchStatement - addValue(value=4, dataType=INTEGER) - start
23:05:21.512 [main] DEBUG o.d.d.s.SimplePreparedStatement - addValue(value=4, dataType=INTEGER) - start
23:05:21.513 [main] DEBUG o.d.dataset.datatype.IntegerDataType - setSqlValue(value=4, column=2, statement=com.mysql.jdbc.JDBC4PreparedStatement@1abcc03: insert into order_items (id, order_order_number, product_sku_number, quantity) values (5, 3, 2, 196)) - start
23:05:21.513 [main] DEBUG o.d.dataset.datatype.IntegerDataType - typeCast(value=4) - start
23:05:21.513 [main] DEBUG o.d.dataset.datatype.IntegerDataType - typeCast(value=4) - start
23:05:21.513 [main] DEBUG org.dbunit.dataset.DefaultTable - getValue(row=4, column=product_sku_number) - start
23:05:21.514 [main] DEBUG org.dbunit.dataset.AbstractTable - assertValidRowIndex(row=4) - start
23:05:21.514 [main] DEBUG org.dbunit.dataset.AbstractTable - assertValidRowIndex(row=4, rowCount=8) - start
23:05:21.514 [main] DEBUG org.dbunit.dataset.AbstractTable - getColumnIndex(columnName=product_sku_number) - start
23:05:21.514 [main] DEBUG o.d.dataset.AbstractTableMetaData - getColumnIndex(columnName=product_sku_number) - start
23:05:21.515 [main] DEBUG o.d.d.s.AutomaticPreparedBatchStatement - addValue(value=2, dataType=INTEGER) - start
23:05:21.515 [main] DEBUG o.d.d.s.SimplePreparedStatement - addValue(value=2, dataType=INTEGER) - start
23:05:21.515 [main] DEBUG o.d.dataset.datatype.IntegerDataType - setSqlValue(value=2, column=3, statement=com.mysql.jdbc.JDBC4PreparedStatement@1abcc03: insert into order_items (id, order_order_number, product_sku_number, quantity) values (5, 4, 2, 196)) - start
23:05:21.515 [main] DEBUG o.d.dataset.datatype.IntegerDataType - typeCast(value=2) - start
23:05:21.517 [main] DEBUG o.d.dataset.datatype.IntegerDataType - typeCast(value=2) - start
23:05:21.517 [main] DEBUG org.dbunit.dataset.DefaultTable - getValue(row=4, column=quantity) - start
23:05:21.517 [main] DEBUG org.dbunit.dataset.AbstractTable - assertValidRowIndex(row=4) - start
23:05:21.517 [main] DEBUG org.dbunit.dataset.AbstractTable - assertValidRowIndex(row=4, rowCount=8) - start
23:05:21.517 [main] DEBUG org.dbunit.dataset.AbstractTable - getColumnIndex(columnName=quantity) - start
23:05:21.517 [main] DEBUG o.d.dataset.AbstractTableMetaData - getColumnIndex(columnName=quantity) - start
23:05:21.518 [main] DEBUG o.d.d.s.AutomaticPreparedBatchStatement - addValue(value=196, dataType=INTEGER) - start
23:05:21.518 [main] DEBUG o.d.d.s.SimplePreparedStatement - addValue(value=196, dataType=INTEGER) - start
23:05:21.518 [main] DEBUG o.d.dataset.datatype.IntegerDataType - setSqlValue(value=196, column=4, statement=com.mysql.jdbc.JDBC4PreparedStatement@1abcc03: insert into order_items (id, order_order_number, product_sku_number, quantity) values (5, 4, 2, 196)) - start
23:05:21.519 [main] DEBUG o.d.dataset.datatype.IntegerDataType - typeCast(value=196) - start
23:05:21.520 [main] DEBUG o.d.dataset.datatype.IntegerDataType - typeCast(value=196) - start
23:05:21.520 [main] DEBUG o.d.d.s.AutomaticPreparedBatchStatement - addBatch() - start
23:05:21.520 [main] DEBUG o.d.d.s.SimplePreparedStatement - addBatch() - start
23:05:21.557 [main] DEBUG org.dbunit.operation.InsertOperation - equalsIgnoreMapping(ignoreMapping={}, table=org.dbunit.dataset.DefaultTable[_metaData=tableName=order_items, columns=[(id, UNKNOWN, nullableUnknown), (order_order_number, UNKNOWN, nullableUnknown), (product_sku_number, UNKNOWN, nullableUnknown), (quantity, UNKNOWN, nullableUnknown)], keys=[], _rowList.size()=8], row=5) - start
23:05:21.557 [main] DEBUG org.dbunit.dataset.DefaultTable - getValue(row=5, column=id) - start
23:05:21.557 [main] DEBUG org.dbunit.dataset.AbstractTable - assertValidRowIndex(row=5) - start
23:05:21.623 [main] DEBUG org.dbunit.dataset.AbstractTable - assertValidRowIndex(row=5, rowCount=8) - start
23:05:21.623 [main] DEBUG org.dbunit.dataset.AbstractTable - getColumnIndex(columnName=id) - start
23:05:21.623 [main] DEBUG o.d.dataset.AbstractTableMetaData - getColumnIndex(columnName=id) - start
23:05:21.623 [main] DEBUG org.dbunit.dataset.DefaultTable - getValue(row=5, column=order_order_number) - start
23:05:21.623 [main] DEBUG org.dbunit.dataset.AbstractTable - assertValidRowIndex(row=5) - start
23:05:21.624 [main] DEBUG org.dbunit.dataset.AbstractTable - assertValidRowIndex(row=5, rowCount=8) - start
23:05:21.624 [main] DEBUG org.dbunit.dataset.AbstractTable - getColumnIndex(columnName=order_order_number) - start
23:05:21.624 [main] DEBUG o.d.dataset.AbstractTableMetaData - getColumnIndex(columnName=order_order_number) - start
23:05:21.624 [main] DEBUG org.dbunit.dataset.DefaultTable - getValue(row=5, column=product_sku_number) - start
23:05:21.624 [main] DEBUG org.dbunit.dataset.AbstractTable - assertValidRowIndex(row=5) - start
23:05:21.625 [main] DEBUG org.dbunit.dataset.AbstractTable - assertValidRowIndex(row=5, rowCount=8) - start
23:05:21.625 [main] DEBUG org.dbunit.dataset.AbstractTable - getColumnIndex(columnName=product_sku_number) - start
23:05:21.626 [main] DEBUG o.d.dataset.AbstractTableMetaData - getColumnIndex(columnName=product_sku_number) - start
23:05:21.626 [main] DEBUG org.dbunit.dataset.DefaultTable - getValue(row=5, column=quantity) - start
23:05:21.626 [main] DEBUG org.dbunit.dataset.AbstractTable - assertValidRowIndex(row=5) - start
23:05:21.627 [main] DEBUG org.dbunit.dataset.AbstractTable - assertValidRowIndex(row=5, rowCount=8) - start
23:05:21.627 [main] DEBUG org.dbunit.dataset.AbstractTable - getColumnIndex(columnName=quantity) - start
23:05:21.627 [main] DEBUG o.d.dataset.AbstractTableMetaData - getColumnIndex(columnName=quantity) - start
23:05:21.627 [main] DEBUG org.dbunit.dataset.DefaultTable - getValue(row=5, column=id) - start
23:05:21.627 [main] DEBUG org.dbunit.dataset.AbstractTable - assertValidRowIndex(row=5) - start
23:05:21.629 [main] DEBUG org.dbunit.dataset.AbstractTable - assertValidRowIndex(row=5, rowCount=8) - start
23:05:21.629 [main] DEBUG org.dbunit.dataset.AbstractTable - getColumnIndex(columnName=id) - start
23:05:21.629 [main] DEBUG o.d.dataset.AbstractTableMetaData - getColumnIndex(columnName=id) - start
23:05:21.629 [main] DEBUG o.d.d.s.AutomaticPreparedBatchStatement - addValue(value=6, dataType=INTEGER) - start
23:05:21.629 [main] DEBUG o.d.d.s.SimplePreparedStatement - addValue(value=6, dataType=INTEGER) - start
23:05:21.630 [main] DEBUG o.d.dataset.datatype.IntegerDataType - setSqlValue(value=6, column=1, statement=com.mysql.jdbc.JDBC4PreparedStatement@1abcc03: insert into order_items (id, order_order_number, product_sku_number, quantity) values (5, 4, 2, 196)) - start
23:05:21.630 [main] DEBUG o.d.dataset.datatype.IntegerDataType - typeCast(value=6) - start
23:05:21.630 [main] DEBUG o.d.dataset.datatype.IntegerDataType - typeCast(value=6) - start
23:05:21.630 [main] DEBUG org.dbunit.dataset.DefaultTable - getValue(row=5, column=order_order_number) - start
23:05:21.632 [main] DEBUG org.dbunit.dataset.AbstractTable - assertValidRowIndex(row=5) - start
23:05:21.632 [main] DEBUG org.dbunit.dataset.AbstractTable - assertValidRowIndex(row=5, rowCount=8) - start
23:05:21.632 [main] DEBUG org.dbunit.dataset.AbstractTable - getColumnIndex(columnName=order_order_number) - start
23:05:21.632 [main] DEBUG o.d.dataset.AbstractTableMetaData - getColumnIndex(columnName=order_order_number) - start
23:05:21.632 [main] DEBUG o.d.d.s.AutomaticPreparedBatchStatement - addValue(value=5, dataType=INTEGER) - start
23:05:21.633 [main] DEBUG o.d.d.s.SimplePreparedStatement - addValue(value=5, dataType=INTEGER) - start
23:05:21.633 [main] DEBUG o.d.dataset.datatype.IntegerDataType - setSqlValue(value=5, column=2, statement=com.mysql.jdbc.JDBC4PreparedStatement@1abcc03: insert into order_items (id, order_order_number, product_sku_number, quantity) values (6, 4, 2, 196)) - start
23:05:21.633 [main] DEBUG o.d.dataset.datatype.IntegerDataType - typeCast(value=5) - start
23:05:21.633 [main] DEBUG o.d.dataset.datatype.IntegerDataType - typeCast(value=5) - start
23:05:21.635 [main] DEBUG org.dbunit.dataset.DefaultTable - getValue(row=5, column=product_sku_number) - start
23:05:21.635 [main] DEBUG org.dbunit.dataset.AbstractTable - assertValidRowIndex(row=5) - start
23:05:21.635 [main] DEBUG org.dbunit.dataset.AbstractTable - assertValidRowIndex(row=5, rowCount=8) - start
23:05:21.635 [main] DEBUG org.dbunit.dataset.AbstractTable - getColumnIndex(columnName=product_sku_number) - start
23:05:21.635 [main] DEBUG o.d.dataset.AbstractTableMetaData - getColumnIndex(columnName=product_sku_number) - start
23:05:21.636 [main] DEBUG o.d.d.s.AutomaticPreparedBatchStatement - addValue(value=3, dataType=INTEGER) - start
23:05:21.637 [main] DEBUG o.d.d.s.SimplePreparedStatement - addValue(value=3, dataType=INTEGER) - start
23:05:21.637 [main] DEBUG o.d.dataset.datatype.IntegerDataType - setSqlValue(value=3, column=3, statement=com.mysql.jdbc.JDBC4PreparedStatement@1abcc03: insert into order_items (id, order_order_number, product_sku_number, quantity) values (6, 5, 2, 196)) - start
23:05:21.637 [main] DEBUG o.d.dataset.datatype.IntegerDataType - typeCast(value=3) - start
23:05:21.638 [main] DEBUG o.d.dataset.datatype.IntegerDataType - typeCast(value=3) - start
23:05:21.638 [main] DEBUG org.dbunit.dataset.DefaultTable - getValue(row=5, column=quantity) - start
23:05:21.638 [main] DEBUG org.dbunit.dataset.AbstractTable - assertValidRowIndex(row=5) - start
23:05:21.638 [main] DEBUG org.dbunit.dataset.AbstractTable - assertValidRowIndex(row=5, rowCount=8) - start
23:05:21.638 [main] DEBUG org.dbunit.dataset.AbstractTable - getColumnIndex(columnName=quantity) - start
23:05:21.638 [main] DEBUG o.d.dataset.AbstractTableMetaData - getColumnIndex(columnName=quantity) - start
23:05:21.640 [main] DEBUG o.d.d.s.AutomaticPreparedBatchStatement - addValue(value=3, dataType=INTEGER) - start
23:05:21.640 [main] DEBUG o.d.d.s.SimplePreparedStatement - addValue(value=3, dataType=INTEGER) - start
23:05:21.640 [main] DEBUG o.d.dataset.datatype.IntegerDataType - setSqlValue(value=3, column=4, statement=com.mysql.jdbc.JDBC4PreparedStatement@1abcc03: insert into order_items (id, order_order_number, product_sku_number, quantity) values (6, 5, 3, 196)) - start
23:05:21.640 [main] DEBUG o.d.dataset.datatype.IntegerDataType - typeCast(value=3) - start
23:05:21.641 [main] DEBUG o.d.dataset.datatype.IntegerDataType - typeCast(value=3) - start
23:05:21.641 [main] DEBUG o.d.d.s.AutomaticPreparedBatchStatement - addBatch() - start
23:05:21.641 [main] DEBUG o.d.d.s.SimplePreparedStatement - addBatch() - start
23:05:21.667 [main] DEBUG org.dbunit.operation.InsertOperation - equalsIgnoreMapping(ignoreMapping={}, table=org.dbunit.dataset.DefaultTable[_metaData=tableName=order_items, columns=[(id, UNKNOWN, nullableUnknown), (order_order_number, UNKNOWN, nullableUnknown), (product_sku_number, UNKNOWN, nullableUnknown), (quantity, UNKNOWN, nullableUnknown)], keys=[], _rowList.size()=8], row=6) - start
23:05:21.667 [main] DEBUG org.dbunit.dataset.DefaultTable - getValue(row=6, column=id) - start
23:05:21.667 [main] DEBUG org.dbunit.dataset.AbstractTable - assertValidRowIndex(row=6) - start
23:05:21.744 [main] DEBUG org.dbunit.dataset.AbstractTable - assertValidRowIndex(row=6, rowCount=8) - start
23:05:21.744 [main] DEBUG org.dbunit.dataset.AbstractTable - getColumnIndex(columnName=id) - start
23:05:21.744 [main] DEBUG o.d.dataset.AbstractTableMetaData - getColumnIndex(columnName=id) - start
23:05:21.744 [main] DEBUG org.dbunit.dataset.DefaultTable - getValue(row=6, column=order_order_number) - start
23:05:21.744 [main] DEBUG org.dbunit.dataset.AbstractTable - assertValidRowIndex(row=6) - start
23:05:21.745 [main] DEBUG org.dbunit.dataset.AbstractTable - assertValidRowIndex(row=6, rowCount=8) - start
23:05:21.745 [main] DEBUG org.dbunit.dataset.AbstractTable - getColumnIndex(columnName=order_order_number) - start
23:05:21.745 [main] DEBUG o.d.dataset.AbstractTableMetaData - getColumnIndex(columnName=order_order_number) - start
23:05:21.745 [main] DEBUG org.dbunit.dataset.DefaultTable - getValue(row=6, column=product_sku_number) - start
23:05:21.745 [main] DEBUG org.dbunit.dataset.AbstractTable - assertValidRowIndex(row=6) - start
23:05:21.747 [main] DEBUG org.dbunit.dataset.AbstractTable - assertValidRowIndex(row=6, rowCount=8) - start
23:05:21.747 [main] DEBUG org.dbunit.dataset.AbstractTable - getColumnIndex(columnName=product_sku_number) - start
23:05:21.747 [main] DEBUG o.d.dataset.AbstractTableMetaData - getColumnIndex(columnName=product_sku_number) - start
23:05:21.747 [main] DEBUG org.dbunit.dataset.DefaultTable - getValue(row=6, column=quantity) - start
23:05:21.747 [main] DEBUG org.dbunit.dataset.AbstractTable - assertValidRowIndex(row=6) - start
23:05:21.748 [main] DEBUG org.dbunit.dataset.AbstractTable - assertValidRowIndex(row=6, rowCount=8) - start
23:05:21.748 [main] DEBUG org.dbunit.dataset.AbstractTable - getColumnIndex(columnName=quantity) - start
23:05:21.748 [main] DEBUG o.d.dataset.AbstractTableMetaData - getColumnIndex(columnName=quantity) - start
23:05:21.748 [main] DEBUG org.dbunit.dataset.DefaultTable - getValue(row=6, column=id) - start
23:05:21.748 [main] DEBUG org.dbunit.dataset.AbstractTable - assertValidRowIndex(row=6) - start
23:05:21.750 [main] DEBUG org.dbunit.dataset.AbstractTable - assertValidRowIndex(row=6, rowCount=8) - start
23:05:21.750 [main] DEBUG org.dbunit.dataset.AbstractTable - getColumnIndex(columnName=id) - start
23:05:21.750 [main] DEBUG o.d.dataset.AbstractTableMetaData - getColumnIndex(columnName=id) - start
23:05:21.750 [main] DEBUG o.d.d.s.AutomaticPreparedBatchStatement - addValue(value=7, dataType=INTEGER) - start
23:05:21.750 [main] DEBUG o.d.d.s.SimplePreparedStatement - addValue(value=7, dataType=INTEGER) - start
23:05:21.751 [main] DEBUG o.d.dataset.datatype.IntegerDataType - setSqlValue(value=7, column=1, statement=com.mysql.jdbc.JDBC4PreparedStatement@1abcc03: insert into order_items (id, order_order_number, product_sku_number, quantity) values (6, 5, 3, 3)) - start
23:05:21.751 [main] DEBUG o.d.dataset.datatype.IntegerDataType - typeCast(value=7) - start
23:05:21.751 [main] DEBUG o.d.dataset.datatype.IntegerDataType - typeCast(value=7) - start
23:05:21.751 [main] DEBUG org.dbunit.dataset.DefaultTable - getValue(row=6, column=order_order_number) - start
23:05:21.753 [main] DEBUG org.dbunit.dataset.AbstractTable - assertValidRowIndex(row=6) - start
23:05:21.753 [main] DEBUG org.dbunit.dataset.AbstractTable - assertValidRowIndex(row=6, rowCount=8) - start
23:05:21.753 [main] DEBUG org.dbunit.dataset.AbstractTable - getColumnIndex(columnName=order_order_number) - start
23:05:21.753 [main] DEBUG o.d.dataset.AbstractTableMetaData - getColumnIndex(columnName=order_order_number) - start
23:05:21.753 [main] DEBUG o.d.d.s.AutomaticPreparedBatchStatement - addValue(value=5, dataType=INTEGER) - start
23:05:21.755 [main] DEBUG o.d.d.s.SimplePreparedStatement - addValue(value=5, dataType=INTEGER) - start
23:05:21.755 [main] DEBUG o.d.dataset.datatype.IntegerDataType - setSqlValue(value=5, column=2, statement=com.mysql.jdbc.JDBC4PreparedStatement@1abcc03: insert into order_items (id, order_order_number, product_sku_number, quantity) values (7, 5, 3, 3)) - start
23:05:21.755 [main] DEBUG o.d.dataset.datatype.IntegerDataType - typeCast(value=5) - start
23:05:21.755 [main] DEBUG o.d.dataset.datatype.IntegerDataType - typeCast(value=5) - start
23:05:21.757 [main] DEBUG org.dbunit.dataset.DefaultTable - getValue(row=6, column=product_sku_number) - start
23:05:21.757 [main] DEBUG org.dbunit.dataset.AbstractTable - assertValidRowIndex(row=6) - start
23:05:21.757 [main] DEBUG org.dbunit.dataset.AbstractTable - assertValidRowIndex(row=6, rowCount=8) - start
23:05:21.757 [main] DEBUG org.dbunit.dataset.AbstractTable - getColumnIndex(columnName=product_sku_number) - start
23:05:21.757 [main] DEBUG o.d.dataset.AbstractTableMetaData - getColumnIndex(columnName=product_sku_number) - start
23:05:21.758 [main] DEBUG o.d.d.s.AutomaticPreparedBatchStatement - addValue(value=4, dataType=INTEGER) - start
23:05:21.758 [main] DEBUG o.d.d.s.SimplePreparedStatement - addValue(value=4, dataType=INTEGER) - start
23:05:21.758 [main] DEBUG o.d.dataset.datatype.IntegerDataType - setSqlValue(value=4, column=3, statement=com.mysql.jdbc.JDBC4PreparedStatement@1abcc03: insert into order_items (id, order_order_number, product_sku_number, quantity) values (7, 5, 3, 3)) - start
23:05:21.758 [main] DEBUG o.d.dataset.datatype.IntegerDataType - typeCast(value=4) - start
23:05:21.759 [main] DEBUG o.d.dataset.datatype.IntegerDataType - typeCast(value=4) - start
23:05:21.759 [main] DEBUG org.dbunit.dataset.DefaultTable - getValue(row=6, column=quantity) - start
23:05:21.759 [main] DEBUG org.dbunit.dataset.AbstractTable - assertValidRowIndex(row=6) - start
23:05:21.759 [main] DEBUG org.dbunit.dataset.AbstractTable - assertValidRowIndex(row=6, rowCount=8) - start
23:05:21.759 [main] DEBUG org.dbunit.dataset.AbstractTable - getColumnIndex(columnName=quantity) - start
23:05:21.759 [main] DEBUG o.d.dataset.AbstractTableMetaData - getColumnIndex(columnName=quantity) - start
23:05:21.761 [main] DEBUG o.d.d.s.AutomaticPreparedBatchStatement - addValue(value=10, dataType=INTEGER) - start
23:05:21.761 [main] DEBUG o.d.d.s.SimplePreparedStatement - addValue(value=10, dataType=INTEGER) - start
23:05:21.761 [main] DEBUG o.d.dataset.datatype.IntegerDataType - setSqlValue(value=10, column=4, statement=com.mysql.jdbc.JDBC4PreparedStatement@1abcc03: insert into order_items (id, order_order_number, product_sku_number, quantity) values (7, 5, 4, 3)) - start
23:05:21.761 [main] DEBUG o.d.dataset.datatype.IntegerDataType - typeCast(value=10) - start
23:05:21.762 [main] DEBUG o.d.dataset.datatype.IntegerDataType - typeCast(value=10) - start
23:05:21.762 [main] DEBUG o.d.d.s.AutomaticPreparedBatchStatement - addBatch() - start
23:05:21.762 [main] DEBUG o.d.d.s.SimplePreparedStatement - addBatch() - start
23:05:21.788 [main] DEBUG org.dbunit.operation.InsertOperation - equalsIgnoreMapping(ignoreMapping={}, table=org.dbunit.dataset.DefaultTable[_metaData=tableName=order_items, columns=[(id, UNKNOWN, nullableUnknown), (order_order_number, UNKNOWN, nullableUnknown), (product_sku_number, UNKNOWN, nullableUnknown), (quantity, UNKNOWN, nullableUnknown)], keys=[], _rowList.size()=8], row=7) - start
23:05:21.788 [main] DEBUG org.dbunit.dataset.DefaultTable - getValue(row=7, column=id) - start
23:05:21.788 [main] DEBUG org.dbunit.dataset.AbstractTable - assertValidRowIndex(row=7) - start
23:05:21.866 [main] DEBUG org.dbunit.dataset.AbstractTable - assertValidRowIndex(row=7, rowCount=8) - start
23:05:21.866 [main] DEBUG org.dbunit.dataset.AbstractTable - getColumnIndex(columnName=id) - start
23:05:21.866 [main] DEBUG o.d.dataset.AbstractTableMetaData - getColumnIndex(columnName=id) - start
23:05:21.866 [main] DEBUG org.dbunit.dataset.DefaultTable - getValue(row=7, column=order_order_number) - start
23:05:21.866 [main] DEBUG org.dbunit.dataset.AbstractTable - assertValidRowIndex(row=7) - start
23:05:21.867 [main] DEBUG org.dbunit.dataset.AbstractTable - assertValidRowIndex(row=7, rowCount=8) - start
23:05:21.867 [main] DEBUG org.dbunit.dataset.AbstractTable - getColumnIndex(columnName=order_order_number) - start
23:05:21.867 [main] DEBUG o.d.dataset.AbstractTableMetaData - getColumnIndex(columnName=order_order_number) - start
23:05:21.867 [main] DEBUG org.dbunit.dataset.DefaultTable - getValue(row=7, column=product_sku_number) - start
23:05:21.867 [main] DEBUG org.dbunit.dataset.AbstractTable - assertValidRowIndex(row=7) - start
23:05:21.868 [main] DEBUG org.dbunit.dataset.AbstractTable - assertValidRowIndex(row=7, rowCount=8) - start
23:05:21.869 [main] DEBUG org.dbunit.dataset.AbstractTable - getColumnIndex(columnName=product_sku_number) - start
23:05:21.869 [main] DEBUG o.d.dataset.AbstractTableMetaData - getColumnIndex(columnName=product_sku_number) - start
23:05:21.869 [main] DEBUG org.dbunit.dataset.DefaultTable - getValue(row=7, column=quantity) - start
23:05:21.869 [main] DEBUG org.dbunit.dataset.AbstractTable - assertValidRowIndex(row=7) - start
23:05:21.870 [main] DEBUG org.dbunit.dataset.AbstractTable - assertValidRowIndex(row=7, rowCount=8) - start
23:05:21.870 [main] DEBUG org.dbunit.dataset.AbstractTable - getColumnIndex(columnName=quantity) - start
23:05:21.870 [main] DEBUG o.d.dataset.AbstractTableMetaData - getColumnIndex(columnName=quantity) - start
23:05:21.870 [main] DEBUG org.dbunit.dataset.DefaultTable - getValue(row=7, column=id) - start
23:05:21.870 [main] DEBUG org.dbunit.dataset.AbstractTable - assertValidRowIndex(row=7) - start
23:05:21.872 [main] DEBUG org.dbunit.dataset.AbstractTable - assertValidRowIndex(row=7, rowCount=8) - start
23:05:21.872 [main] DEBUG org.dbunit.dataset.AbstractTable - getColumnIndex(columnName=id) - start
23:05:21.872 [main] DEBUG o.d.dataset.AbstractTableMetaData - getColumnIndex(columnName=id) - start
23:05:21.872 [main] DEBUG o.d.d.s.AutomaticPreparedBatchStatement - addValue(value=8, dataType=INTEGER) - start
23:05:21.872 [main] DEBUG o.d.d.s.SimplePreparedStatement - addValue(value=8, dataType=INTEGER) - start
23:05:21.874 [main] DEBUG o.d.dataset.datatype.IntegerDataType - setSqlValue(value=8, column=1, statement=com.mysql.jdbc.JDBC4PreparedStatement@1abcc03: insert into order_items (id, order_order_number, product_sku_number, quantity) values (7, 5, 4, 10)) - start
23:05:21.875 [main] DEBUG o.d.dataset.datatype.IntegerDataType - typeCast(value=8) - start
23:05:21.875 [main] DEBUG o.d.dataset.datatype.IntegerDataType - typeCast(value=8) - start
23:05:21.875 [main] DEBUG org.dbunit.dataset.DefaultTable - getValue(row=7, column=order_order_number) - start
23:05:21.877 [main] DEBUG org.dbunit.dataset.AbstractTable - assertValidRowIndex(row=7) - start
23:05:21.877 [main] DEBUG org.dbunit.dataset.AbstractTable - assertValidRowIndex(row=7, rowCount=8) - start
23:05:21.877 [main] DEBUG org.dbunit.dataset.AbstractTable - getColumnIndex(columnName=order_order_number) - start
23:05:21.877 [main] DEBUG o.d.dataset.AbstractTableMetaData - getColumnIndex(columnName=order_order_number) - start
23:05:21.877 [main] DEBUG o.d.d.s.AutomaticPreparedBatchStatement - addValue(value=6, dataType=INTEGER) - start
23:05:21.879 [main] DEBUG o.d.d.s.SimplePreparedStatement - addValue(value=6, dataType=INTEGER) - start
23:05:21.879 [main] DEBUG o.d.dataset.datatype.IntegerDataType - setSqlValue(value=6, column=2, statement=com.mysql.jdbc.JDBC4PreparedStatement@1abcc03: insert into order_items (id, order_order_number, product_sku_number, quantity) values (8, 5, 4, 10)) - start
23:05:21.879 [main] DEBUG o.d.dataset.datatype.IntegerDataType - typeCast(value=6) - start
23:05:21.879 [main] DEBUG o.d.dataset.datatype.IntegerDataType - typeCast(value=6) - start
23:05:21.881 [main] DEBUG org.dbunit.dataset.DefaultTable - getValue(row=7, column=product_sku_number) - start
23:05:21.881 [main] DEBUG org.dbunit.dataset.AbstractTable - assertValidRowIndex(row=7) - start
23:05:21.881 [main] DEBUG org.dbunit.dataset.AbstractTable - assertValidRowIndex(row=7, rowCount=8) - start
23:05:21.881 [main] DEBUG org.dbunit.dataset.AbstractTable - getColumnIndex(columnName=product_sku_number) - start
23:05:21.881 [main] DEBUG o.d.dataset.AbstractTableMetaData - getColumnIndex(columnName=product_sku_number) - start
23:05:21.882 [main] DEBUG o.d.d.s.AutomaticPreparedBatchStatement - addValue(value=3, dataType=INTEGER) - start
23:05:21.882 [main] DEBUG o.d.d.s.SimplePreparedStatement - addValue(value=3, dataType=INTEGER) - start
23:05:21.882 [main] DEBUG o.d.dataset.datatype.IntegerDataType - setSqlValue(value=3, column=3, statement=com.mysql.jdbc.JDBC4PreparedStatement@1abcc03: insert into order_items (id, order_order_number, product_sku_number, quantity) values (8, 6, 4, 10)) - start
23:05:21.882 [main] DEBUG o.d.dataset.datatype.IntegerDataType - typeCast(value=3) - start
23:05:21.884 [main] DEBUG o.d.dataset.datatype.IntegerDataType - typeCast(value=3) - start
23:05:21.884 [main] DEBUG org.dbunit.dataset.DefaultTable - getValue(row=7, column=quantity) - start
23:05:21.884 [main] DEBUG org.dbunit.dataset.AbstractTable - assertValidRowIndex(row=7) - start
23:05:21.884 [main] DEBUG org.dbunit.dataset.AbstractTable - assertValidRowIndex(row=7, rowCount=8) - start
23:05:21.884 [main] DEBUG org.dbunit.dataset.AbstractTable - getColumnIndex(columnName=quantity) - start
23:05:21.884 [main] DEBUG o.d.dataset.AbstractTableMetaData - getColumnIndex(columnName=quantity) - start
23:05:21.885 [main] DEBUG o.d.d.s.AutomaticPreparedBatchStatement - addValue(value=3, dataType=INTEGER) - start
23:05:21.885 [main] DEBUG o.d.d.s.SimplePreparedStatement - addValue(value=3, dataType=INTEGER) - start
23:05:21.885 [main] DEBUG o.d.dataset.datatype.IntegerDataType - setSqlValue(value=3, column=4, statement=com.mysql.jdbc.JDBC4PreparedStatement@1abcc03: insert into order_items (id, order_order_number, product_sku_number, quantity) values (8, 6, 3, 10)) - start
23:05:21.886 [main] DEBUG o.d.dataset.datatype.IntegerDataType - typeCast(value=3) - start
23:05:21.887 [main] DEBUG o.d.dataset.datatype.IntegerDataType - typeCast(value=3) - start
23:05:21.887 [main] DEBUG o.d.d.s.AutomaticPreparedBatchStatement - addBatch() - start
23:05:21.887 [main] DEBUG o.d.d.s.SimplePreparedStatement - addBatch() - start
23:05:21.906 [main] DEBUG org.dbunit.operation.InsertOperation - equalsIgnoreMapping(ignoreMapping={}, table=org.dbunit.dataset.DefaultTable[_metaData=tableName=order_items, columns=[(id, UNKNOWN, nullableUnknown), (order_order_number, UNKNOWN, nullableUnknown), (product_sku_number, UNKNOWN, nullableUnknown), (quantity, UNKNOWN, nullableUnknown)], keys=[], _rowList.size()=8], row=8) - start
23:05:21.906 [main] DEBUG org.dbunit.dataset.DefaultTable - getValue(row=8, column=id) - start
23:05:21.906 [main] DEBUG org.dbunit.dataset.AbstractTable - assertValidRowIndex(row=8) - start
23:05:21.990 [main] DEBUG org.dbunit.dataset.AbstractTable - assertValidRowIndex(row=8, rowCount=8) - start
23:05:21.990 [main] DEBUG o.d.d.s.AutomaticPreparedBatchStatement - executeBatch() - start
23:05:21.990 [main] DEBUG o.d.d.s.SimplePreparedStatement - executeBatch() - start
23:05:21.990 [main] DEBUG o.d.d.s.SimplePreparedStatement - clearBatch() - start
23:05:21.990 [main] DEBUG o.d.d.s.AutomaticPreparedBatchStatement - clearBatch() - start
23:05:21.990 [main] DEBUG o.d.d.s.SimplePreparedStatement - clearBatch() - start
23:05:21.991 [main] DEBUG o.d.d.s.AutomaticPreparedBatchStatement - close() - start
23:05:21.991 [main] DEBUG o.d.d.s.AbstractPreparedBatchStatement - close() - start
23:05:21.991 [main] DEBUG org.dbunit.DefaultOperationListener - operationSetUpFinished(connection=org.dbunit.database.DatabaseConnection[schema=, connection=com.mysql.jdbc.JDBC4Connection@19a32e0, super=_databaseConfig=org.dbunit.database.DatabaseConfig[, _propertyMap={http://www.dbunit.org/properties/statementFactory=org.dbunit.database.statement.PreparedStatementFactory@8238f4, http://www.dbunit.org/features/caseSensitiveTableNames=false, http://www.dbunit.org/properties/fetchSize=100, http://www.dbunit.org/features/batchedStatements=false, http://www.dbunit.org/properties/metadataHandler=org.dbunit.database.DefaultMetadataHandler@16925b0, http://www.dbunit.org/properties/datatypeFactory=org.dbunit.dataset.datatype.DefaultDataTypeFactory[_toleratedDeltaMap=org.dbunit.dataset.datatype.ToleratedDeltaMap@297ffb], http://www.dbunit.org/properties/escapePattern=null, http://www.dbunit.org/properties/batchSize=100, http://www.dbunit.org/features/qualifiedTableNames=false, http://www.dbunit.org/properties/tableType=[Ljava.lang.String;@914f6a, http://www.dbunit.org/properties/resultSetTableFactory=org.dbunit.database.CachedResultSetTableFactory@1f4cbee, http://www.dbunit.org/features/datatypeWarning=true}], _dataSet=AbstractDataSet[_orderedTableNameMap=null]]) - start
23:05:21.993 [main] DEBUG org.dbunit.DefaultOperationListener - closeConnection(connection=org.dbunit.database.DatabaseConnection[schema=, connection=com.mysql.jdbc.JDBC4Connection@19a32e0, super=_databaseConfig=org.dbunit.database.DatabaseConfig[, _propertyMap={http://www.dbunit.org/properties/statementFactory=org.dbunit.database.statement.PreparedStatementFactory@8238f4, http://www.dbunit.org/features/caseSensitiveTableNames=false, http://www.dbunit.org/properties/fetchSize=100, http://www.dbunit.org/features/batchedStatements=false, http://www.dbunit.org/properties/metadataHandler=org.dbunit.database.DefaultMetadataHandler@16925b0, http://www.dbunit.org/properties/datatypeFactory=org.dbunit.dataset.datatype.DefaultDataTypeFactory[_toleratedDeltaMap=org.dbunit.dataset.datatype.ToleratedDeltaMap@297ffb], http://www.dbunit.org/properties/escapePattern=null, http://www.dbunit.org/properties/batchSize=100, http://www.dbunit.org/features/qualifiedTableNames=false, http://www.dbunit.org/properties/tableType=[Ljava.lang.String;@914f6a, http://www.dbunit.org/properties/resultSetTableFactory=org.dbunit.database.CachedResultSetTableFactory@1f4cbee, http://www.dbunit.org/features/datatypeWarning=true}], _dataSet=AbstractDataSet[_orderedTableNameMap=null]]) - start
23:05:21.994 [main] DEBUG o.dbunit.database.DatabaseConnection - close() - start
23:05:21.996 [main] DEBUG org.dbunit.DatabaseTestCase - tearDown() - start
23:05:21.996 [main] DEBUG org.dbunit.AbstractDatabaseTester - setTearDownOperation(tearDownOperation=org.dbunit.operation.DeleteAllOperation@30d82d) - start
23:05:21.996 [main] DEBUG o.d.d.xml.FlatXmlDataSetBuilder - Creating FlatXmlDataSet with builder parameters: org.dbunit.dataset.xml.FlatXmlDataSetBuilder[dtdMetadata=true, columnSensing=false, caseSensitiveTableNames=false, metaDataSet=null]
23:05:21.998 [main] DEBUG o.d.d.xml.FlatXmlDataSetBuilder - Creating FlatXmlProducer using the properties of this builder: org.dbunit.dataset.xml.FlatXmlDataSetBuilder[dtdMetadata=true, columnSensing=false, caseSensitiveTableNames=false, metaDataSet=null]
23:05:21.998 [main] DEBUG o.dbunit.dataset.xml.FlatXmlProducer - setConsumer(consumer) - start
23:05:21.998 [main] DEBUG o.dbunit.dataset.xml.FlatXmlProducer - produce() - start
23:05:21.999 [main] DEBUG o.dbunit.dataset.xml.FlatDtdProducer - setLexicalHandler(xmlReader=org.apache.xerces.parsers.SAXParser@12f9ee, handler=org.dbunit.dataset.xml.FlatXmlProducer$FlatDtdHandler@1d6a56e) - start
23:05:22.002 [main] DEBUG o.dbunit.dataset.xml.FlatDtdProducer - setDeclHandler(xmlReader=org.apache.xerces.parsers.SAXParser@12f9ee, handler=org.dbunit.dataset.xml.FlatXmlProducer$FlatDtdHandler@1d6a56e) - start
23:05:22.003 [main] DEBUG o.dbunit.dataset.xml.FlatXmlProducer - startElement(uri=, localName=, qName=dataset, attributes=org.apache.xerces.parsers.AbstractSAXParser$AttributesProxy@106fc94) - start
23:05:22.003 [main] DEBUG org.dbunit.dataset.CachedDataSet - startDataSet() - start
23:05:22.003 [main] DEBUG o.dbunit.dataset.xml.FlatXmlProducer - startElement(uri=, localName=, qName=customers, attributes=org.apache.xerces.parsers.AbstractSAXParser$AttributesProxy@106fc94) - start
23:05:22.004 [main] DEBUG o.dbunit.dataset.OrderedTableNameMap - getLastTableName() - start
23:05:22.005 [main] DEBUG o.dbunit.dataset.OrderedTableNameMap - isLastTable(tableName=customers) - start
23:05:22.005 [main] DEBUG o.dbunit.dataset.OrderedTableNameMap - getTableName(tableName=customers) - start
23:05:22.005 [main] DEBUG o.dbunit.dataset.OrderedTableNameMap - getTableName(tableName=customers) - end - result=CUSTOMERS
23:05:22.005 [main] DEBUG o.dbunit.dataset.xml.FlatXmlProducer - createTableMetaData(tableName=customers, attributes=org.apache.xerces.parsers.AbstractSAXParser$AttributesProxy@106fc94) - start
23:05:22.007 [main] DEBUG org.dbunit.dataset.Columns - getColumns(columnNames=[], columns=[(id, UNKNOWN, nullableUnknown), (name, UNKNOWN, nullableUnknown)]) - start
23:05:22.007 [main] DEBUG o.dbunit.dataset.OrderedTableNameMap - add(tableName=customers, object=tableName=customers, columns=[(id, UNKNOWN, nullableUnknown), (name, UNKNOWN, nullableUnknown)], keys=[]) - start
23:05:22.007 [main] DEBUG o.dbunit.dataset.OrderedTableNameMap - getTableName(tableName=customers) - start
23:05:22.007 [main] DEBUG o.dbunit.dataset.OrderedTableNameMap - getTableName(tableName=customers) - end - result=CUSTOMERS
23:05:22.009 [main] DEBUG o.dbunit.dataset.OrderedTableNameMap - getTableName(tableName=CUSTOMERS) - start
23:05:22.009 [main] DEBUG o.dbunit.dataset.OrderedTableNameMap - getTableName(tableName=CUSTOMERS) - end - result=CUSTOMERS
23:05:22.010 [main] DEBUG org.dbunit.dataset.CachedDataSet - startTable(metaData=tableName=customers, columns=[(id, UNKNOWN, nullableUnknown), (name, UNKNOWN, nullableUnknown)], keys=[]) - start
23:05:22.010 [main] DEBUG o.dbunit.dataset.OrderedTableNameMap - getLastTableName() - start
23:05:22.011 [main] DEBUG o.dbunit.dataset.OrderedTableNameMap - getTableName(tableName=customers) - start
23:05:22.011 [main] DEBUG o.dbunit.dataset.OrderedTableNameMap - getTableName(tableName=customers) - end - result=CUSTOMERS
23:05:22.012 [main] DEBUG o.d.dataset.AbstractTableMetaData - getColumnIndex(columnName=id) - start
23:05:22.012 [main] DEBUG o.d.dataset.AbstractTableMetaData - getColumnIndex(columnName=name) - start
23:05:22.012 [main] DEBUG o.dbunit.dataset.OrderedTableNameMap - getLastTableName() - start
23:05:22.012 [main] DEBUG o.dbunit.dataset.OrderedTableNameMap - getTableName(tableName=customers) - start
23:05:22.013 [main] DEBUG o.dbunit.dataset.OrderedTableNameMap - getTableName(tableName=customers) - end - result=CUSTOMERS
23:05:22.013 [main] DEBUG org.dbunit.dataset.CachedDataSet - row(values=1) - start
23:05:22.013 [main] DEBUG org.dbunit.dataset.DefaultTable - addRow(values=1) - start
23:05:22.013 [main] DEBUG o.dbunit.dataset.xml.FlatXmlProducer - endElement(uri=, localName=, qName=customers) - start
23:05:22.014 [main] DEBUG o.dbunit.dataset.xml.FlatXmlProducer - startElement(uri=, localName=, qName=customers, attributes=org.apache.xerces.parsers.AbstractSAXParser$AttributesProxy@106fc94) - start
23:05:22.014 [main] DEBUG o.dbunit.dataset.OrderedTableNameMap - getLastTableName() - start
23:05:22.014 [main] DEBUG o.dbunit.dataset.OrderedTableNameMap - getTableName(tableName=customers) - start
23:05:22.014 [main] DEBUG o.dbunit.dataset.OrderedTableNameMap - getTableName(tableName=customers) - end - result=CUSTOMERS
23:05:22.016 [main] DEBUG o.dbunit.dataset.OrderedTableNameMap - isLastTable(tableName=customers) - start
23:05:22.016 [main] DEBUG o.dbunit.dataset.OrderedTableNameMap - getLastTableName() - start
23:05:22.016 [main] DEBUG o.dbunit.dataset.OrderedTableNameMap - getTableName(tableName=customers) - start
23:05:22.016 [main] DEBUG o.dbunit.dataset.OrderedTableNameMap - getTableName(tableName=customers) - end - result=CUSTOMERS
23:05:22.016 [main] DEBUG o.dbunit.dataset.OrderedTableNameMap - getTableName(tableName=customers) - start
23:05:22.018 [main] DEBUG o.dbunit.dataset.OrderedTableNameMap - getTableName(tableName=customers) - end - result=CUSTOMERS
23:05:22.018 [main] DEBUG o.dbunit.dataset.OrderedTableNameMap - getLastTableName() - start
23:05:22.018 [main] DEBUG o.dbunit.dataset.OrderedTableNameMap - getTableName(tableName=customers) - start
23:05:22.018 [main] DEBUG o.dbunit.dataset.OrderedTableNameMap - getTableName(tableName=customers) - end - result=CUSTOMERS
23:05:22.018 [main] DEBUG o.d.dataset.AbstractTableMetaData - getColumnIndex(columnName=id) - start
23:05:22.019 [main] DEBUG o.d.dataset.AbstractTableMetaData - getColumnIndex(columnName=name) - start
23:05:22.020 [main] DEBUG o.dbunit.dataset.OrderedTableNameMap - getLastTableName() - start
23:05:22.020 [main] DEBUG o.dbunit.dataset.OrderedTableNameMap - getTableName(tableName=customers) - start
23:05:22.020 [main] DEBUG o.dbunit.dataset.OrderedTableNameMap - getTableName(tableName=customers) - end - result=CUSTOMERS
23:05:22.022 [main] DEBUG org.dbunit.dataset.CachedDataSet - row(values=2) - start
23:05:22.022 [main] DEBUG org.dbunit.dataset.DefaultTable - addRow(values=2) - start
23:05:22.022 [main] DEBUG o.dbunit.dataset.xml.FlatXmlProducer - endElement(uri=, localName=, qName=customers) - start
23:05:22.022 [main] DEBUG o.dbunit.dataset.xml.FlatXmlProducer - startElement(uri=, localName=, qName=customers, attributes=org.apache.xerces.parsers.AbstractSAXParser$AttributesProxy@106fc94) - start
23:05:22.022 [main] DEBUG o.dbunit.dataset.OrderedTableNameMap - getLastTableName() - start
23:05:22.022 [main] DEBUG o.dbunit.dataset.OrderedTableNameMap - getTableName(tableName=customers) - start
23:05:22.022 [main] DEBUG o.dbunit.dataset.OrderedTableNameMap - getTableName(tableName=customers) - end - result=CUSTOMERS
23:05:22.022 [main] DEBUG o.dbunit.dataset.OrderedTableNameMap - isLastTable(tableName=customers) - start
23:05:22.022 [main] DEBUG o.dbunit.dataset.OrderedTableNameMap - getLastTableName() - start
23:05:22.024 [main] DEBUG o.dbunit.dataset.OrderedTableNameMap - getTableName(tableName=customers) - start
23:05:22.024 [main] DEBUG o.dbunit.dataset.OrderedTableNameMap - getTableName(tableName=customers) - end - result=CUSTOMERS
23:05:22.024 [main] DEBUG o.dbunit.dataset.OrderedTableNameMap - getTableName(tableName=customers) - start
23:05:22.024 [main] DEBUG o.dbunit.dataset.OrderedTableNameMap - getTableName(tableName=customers) - end - result=CUSTOMERS
23:05:22.024 [main] DEBUG o.dbunit.dataset.OrderedTableNameMap - getLastTableName() - start
23:05:22.026 [main] DEBUG o.dbunit.dataset.OrderedTableNameMap - getTableName(tableName=customers) - start
23:05:22.026 [main] DEBUG o.dbunit.dataset.OrderedTableNameMap - getTableName(tableName=customers) - end - result=CUSTOMERS
23:05:22.026 [main] DEBUG o.d.dataset.AbstractTableMetaData - getColumnIndex(columnName=id) - start
23:05:22.026 [main] DEBUG o.d.dataset.AbstractTableMetaData - getColumnIndex(columnName=name) - start
23:05:22.026 [main] DEBUG o.dbunit.dataset.OrderedTableNameMap - getLastTableName() - start
23:05:22.028 [main] DEBUG o.dbunit.dataset.OrderedTableNameMap - getTableName(tableName=customers) - start
23:05:22.028 [main] DEBUG o.dbunit.dataset.OrderedTableNameMap - getTableName(tableName=customers) - end - result=CUSTOMERS
23:05:22.028 [main] DEBUG org.dbunit.dataset.CachedDataSet - row(values=3) - start
23:05:22.028 [main] DEBUG org.dbunit.dataset.DefaultTable - addRow(values=3) - start
23:05:22.028 [main] DEBUG o.dbunit.dataset.xml.FlatXmlProducer - endElement(uri=, localName=, qName=customers) - start
23:05:22.029 [main] DEBUG o.dbunit.dataset.xml.FlatXmlProducer - startElement(uri=, localName=, qName=customers, attributes=org.apache.xerces.parsers.AbstractSAXParser$AttributesProxy@106fc94) - start
23:05:22.029 [main] DEBUG o.dbunit.dataset.OrderedTableNameMap - getLastTableName() - start
23:05:22.029 [main] DEBUG o.dbunit.dataset.OrderedTableNameMap - getTableName(tableName=customers) - start
23:05:22.029 [main] DEBUG o.dbunit.dataset.OrderedTableNameMap - getTableName(tableName=customers) - end - result=CUSTOMERS
23:05:22.031 [main] DEBUG o.dbunit.dataset.OrderedTableNameMap - isLastTable(tableName=customers) - start
23:05:22.031 [main] DEBUG o.dbunit.dataset.OrderedTableNameMap - getLastTableName() - start
23:05:22.031 [main] DEBUG o.dbunit.dataset.OrderedTableNameMap - getTableName(tableName=customers) - start
23:05:22.031 [main] DEBUG o.dbunit.dataset.OrderedTableNameMap - getTableName(tableName=customers) - end - result=CUSTOMERS
23:05:22.031 [main] DEBUG o.dbunit.dataset.OrderedTableNameMap - getTableName(tableName=customers) - start
23:05:22.033 [main] DEBUG o.dbunit.dataset.OrderedTableNameMap - getTableName(tableName=customers) - end - result=CUSTOMERS
23:05:22.033 [main] DEBUG o.dbunit.dataset.OrderedTableNameMap - getLastTableName() - start
23:05:22.033 [main] DEBUG o.dbunit.dataset.OrderedTableNameMap - getTableName(tableName=customers) - start
23:05:22.033 [main] DEBUG o.dbunit.dataset.OrderedTableNameMap - getTableName(tableName=customers) - end - result=CUSTOMERS
23:05:22.033 [main] DEBUG o.d.dataset.AbstractTableMetaData - getColumnIndex(columnName=id) - start
23:05:22.034 [main] DEBUG o.d.dataset.AbstractTableMetaData - getColumnIndex(columnName=name) - start
23:05:22.034 [main] DEBUG o.dbunit.dataset.OrderedTableNameMap - getLastTableName() - start
23:05:22.034 [main] DEBUG o.dbunit.dataset.OrderedTableNameMap - getTableName(tableName=customers) - start
23:05:22.034 [main] DEBUG o.dbunit.dataset.OrderedTableNameMap - getTableName(tableName=customers) - end - result=CUSTOMERS
23:05:22.034 [main] DEBUG org.dbunit.dataset.CachedDataSet - row(values=4) - start
23:05:22.036 [main] DEBUG org.dbunit.dataset.DefaultTable - addRow(values=4) - start
23:05:22.036 [main] DEBUG o.dbunit.dataset.xml.FlatXmlProducer - endElement(uri=, localName=, qName=customers) - start
23:05:22.036 [main] DEBUG o.dbunit.dataset.xml.FlatXmlProducer - startElement(uri=, localName=, qName=customers, attributes=org.apache.xerces.parsers.AbstractSAXParser$AttributesProxy@106fc94) - start
23:05:22.036 [main] DEBUG o.dbunit.dataset.OrderedTableNameMap - getLastTableName() - start
23:05:22.036 [main] DEBUG o.dbunit.dataset.OrderedTableNameMap - getTableName(tableName=customers) - start
23:05:22.037 [main] DEBUG o.dbunit.dataset.OrderedTableNameMap - getTableName(tableName=customers) - end - result=CUSTOMERS
23:05:22.037 [main] DEBUG o.dbunit.dataset.OrderedTableNameMap - isLastTable(tableName=customers) - start
23:05:22.037 [main] DEBUG o.dbunit.dataset.OrderedTableNameMap - getLastTableName() - start
23:05:22.038 [main] DEBUG o.dbunit.dataset.OrderedTableNameMap - getTableName(tableName=customers) - start
23:05:22.038 [main] DEBUG o.dbunit.dataset.OrderedTableNameMap - getTableName(tableName=customers) - end - result=CUSTOMERS
23:05:22.039 [main] DEBUG o.dbunit.dataset.OrderedTableNameMap - getTableName(tableName=customers) - start
23:05:22.039 [main] DEBUG o.dbunit.dataset.OrderedTableNameMap - getTableName(tableName=customers) - end - result=CUSTOMERS
23:05:22.039 [main] DEBUG o.dbunit.dataset.OrderedTableNameMap - getLastTableName() - start
23:05:22.039 [main] DEBUG o.dbunit.dataset.OrderedTableNameMap - getTableName(tableName=customers) - start
23:05:22.040 [main] DEBUG o.dbunit.dataset.OrderedTableNameMap - getTableName(tableName=customers) - end - result=CUSTOMERS
23:05:22.041 [main] DEBUG o.d.dataset.AbstractTableMetaData - getColumnIndex(columnName=id) - start
23:05:22.041 [main] DEBUG o.d.dataset.AbstractTableMetaData - getColumnIndex(columnName=name) - start
23:05:22.041 [main] DEBUG o.dbunit.dataset.OrderedTableNameMap - getLastTableName() - start
23:05:22.041 [main] DEBUG o.dbunit.dataset.OrderedTableNameMap - getTableName(tableName=customers) - start
23:05:22.041 [main] DEBUG o.dbunit.dataset.OrderedTableNameMap - getTableName(tableName=customers) - end - result=CUSTOMERS
23:05:22.043 [main] DEBUG org.dbunit.dataset.CachedDataSet - row(values=5) - start
23:05:22.043 [main] DEBUG org.dbunit.dataset.DefaultTable - addRow(values=5) - start
23:05:22.043 [main] DEBUG o.dbunit.dataset.xml.FlatXmlProducer - endElement(uri=, localName=, qName=customers) - start
23:05:22.043 [main] DEBUG o.dbunit.dataset.xml.FlatXmlProducer - startElement(uri=, localName=, qName=customers, attributes=org.apache.xerces.parsers.AbstractSAXParser$AttributesProxy@106fc94) - start
23:05:22.043 [main] DEBUG o.dbunit.dataset.OrderedTableNameMap - getLastTableName() - start
23:05:22.044 [main] DEBUG o.dbunit.dataset.OrderedTableNameMap - getTableName(tableName=customers) - start
23:05:22.044 [main] DEBUG o.dbunit.dataset.OrderedTableNameMap - getTableName(tableName=customers) - end - result=CUSTOMERS
23:05:22.044 [main] DEBUG o.dbunit.dataset.OrderedTableNameMap - isLastTable(tableName=customers) - start
23:05:22.044 [main] DEBUG o.dbunit.dataset.OrderedTableNameMap - getLastTableName() - start
23:05:22.044 [main] DEBUG o.dbunit.dataset.OrderedTableNameMap - getTableName(tableName=customers) - start
23:05:22.046 [main] DEBUG o.dbunit.dataset.OrderedTableNameMap - getTableName(tableName=customers) - end - result=CUSTOMERS
23:05:22.046 [main] DEBUG o.dbunit.dataset.OrderedTableNameMap - getTableName(tableName=customers) - start
23:05:22.047 [main] DEBUG o.dbunit.dataset.OrderedTableNameMap - getTableName(tableName=customers) - end - result=CUSTOMERS
23:05:22.047 [main] DEBUG o.dbunit.dataset.OrderedTableNameMap - getLastTableName() - start
23:05:22.047 [main] DEBUG o.dbunit.dataset.OrderedTableNameMap - getTableName(tableName=customers) - start
23:05:22.048 [main] DEBUG o.dbunit.dataset.OrderedTableNameMap - getTableName(tableName=customers) - end - result=CUSTOMERS
23:05:22.048 [main] DEBUG o.d.dataset.AbstractTableMetaData - getColumnIndex(columnName=id) - start
23:05:22.048 [main] DEBUG o.d.dataset.AbstractTableMetaData - getColumnIndex(columnName=name) - start
23:05:22.048 [main] DEBUG o.dbunit.dataset.OrderedTableNameMap - getLastTableName() - start
23:05:22.048 [main] DEBUG o.dbunit.dataset.OrderedTableNameMap - getTableName(tableName=customers) - start
23:05:22.052 [main] DEBUG o.dbunit.dataset.OrderedTableNameMap - getTableName(tableName=customers) - end - result=CUSTOMERS
23:05:22.052 [main] DEBUG org.dbunit.dataset.CachedDataSet - row(values=6) - start
23:05:22.052 [main] DEBUG org.dbunit.dataset.DefaultTable - addRow(values=6) - start
23:05:22.052 [main] DEBUG o.dbunit.dataset.xml.FlatXmlProducer - endElement(uri=, localName=, qName=customers) - start
23:05:22.052 [main] DEBUG o.dbunit.dataset.xml.FlatXmlProducer - startElement(uri=, localName=, qName=products, attributes=org.apache.xerces.parsers.AbstractSAXParser$AttributesProxy@106fc94) - start
23:05:22.152 [main] DEBUG o.dbunit.dataset.OrderedTableNameMap - getLastTableName() - start
23:05:22.152 [main] DEBUG o.dbunit.dataset.OrderedTableNameMap - getTableName(tableName=customers) - start
23:05:22.152 [main] DEBUG o.dbunit.dataset.OrderedTableNameMap - getTableName(tableName=customers) - end - result=CUSTOMERS
23:05:22.152 [main] DEBUG o.dbunit.dataset.OrderedTableNameMap - isLastTable(tableName=products) - start
23:05:22.152 [main] DEBUG o.dbunit.dataset.OrderedTableNameMap - getLastTableName() - start
23:05:22.153 [main] DEBUG o.dbunit.dataset.OrderedTableNameMap - getTableName(tableName=customers) - start
23:05:22.153 [main] DEBUG o.dbunit.dataset.OrderedTableNameMap - getTableName(tableName=customers) - end - result=CUSTOMERS
23:05:22.153 [main] DEBUG o.dbunit.dataset.OrderedTableNameMap - getTableName(tableName=products) - start
23:05:22.153 [main] DEBUG o.dbunit.dataset.OrderedTableNameMap - getTableName(tableName=products) - end - result=PRODUCTS
23:05:22.153 [main] DEBUG org.dbunit.dataset.CachedDataSet - endTable() - start
23:05:22.155 [main] DEBUG o.dbunit.dataset.OrderedTableNameMap - getTableName(tableName=customers) - start
23:05:22.155 [main] DEBUG o.dbunit.dataset.OrderedTableNameMap - getTableName(tableName=customers) - end - result=CUSTOMERS
23:05:22.155 [main] DEBUG o.dbunit.dataset.OrderedTableNameMap - add(tableName=customers, object=org.dbunit.dataset.DefaultTable[_metaData=tableName=customers, columns=[(id, UNKNOWN, nullableUnknown), (name, UNKNOWN, nullableUnknown)], keys=[], _rowList.size()=6]) - start
23:05:22.155 [main] DEBUG o.dbunit.dataset.OrderedTableNameMap - getTableName(tableName=customers) - start
23:05:22.157 [main] DEBUG o.dbunit.dataset.OrderedTableNameMap - getTableName(tableName=customers) - end - result=CUSTOMERS
23:05:22.157 [main] DEBUG o.dbunit.dataset.OrderedTableNameMap - getTableName(tableName=CUSTOMERS) - start
23:05:22.157 [main] DEBUG o.dbunit.dataset.OrderedTableNameMap - getTableName(tableName=CUSTOMERS) - end - result=CUSTOMERS
23:05:22.157 [main] DEBUG o.dbunit.dataset.OrderedTableNameMap - getTableName(tableName=products) - start
23:05:22.157 [main] DEBUG o.dbunit.dataset.OrderedTableNameMap - getTableName(tableName=products) - end - result=PRODUCTS
23:05:22.158 [main] DEBUG o.dbunit.dataset.xml.FlatXmlProducer - createTableMetaData(tableName=products, attributes=org.apache.xerces.parsers.AbstractSAXParser$AttributesProxy@106fc94) - start
23:05:22.158 [main] DEBUG org.dbunit.dataset.Columns - getColumns(columnNames=[], columns=[(sku_number, UNKNOWN, nullableUnknown), (name, UNKNOWN, nullableUnknown), (amount, UNKNOWN, nullableUnknown)]) - start
23:05:22.158 [main] DEBUG o.dbunit.dataset.OrderedTableNameMap - add(tableName=products, object=tableName=products, columns=[(sku_number, UNKNOWN, nullableUnknown), (name, UNKNOWN, nullableUnknown), (amount, UNKNOWN, nullableUnknown)], keys=[]) - start
23:05:22.160 [main] DEBUG o.dbunit.dataset.OrderedTableNameMap - getTableName(tableName=products) - start
23:05:22.160 [main] DEBUG o.dbunit.dataset.OrderedTableNameMap - getTableName(tableName=products) - end - result=PRODUCTS
23:05:22.160 [main] DEBUG o.dbunit.dataset.OrderedTableNameMap - getTableName(tableName=PRODUCTS) - start
23:05:22.160 [main] DEBUG o.dbunit.dataset.OrderedTableNameMap - getTableName(tableName=PRODUCTS) - end - result=PRODUCTS
23:05:22.160 [main] DEBUG org.dbunit.dataset.CachedDataSet - startTable(metaData=tableName=products, columns=[(sku_number, UNKNOWN, nullableUnknown), (name, UNKNOWN, nullableUnknown), (amount, UNKNOWN, nullableUnknown)], keys=[]) - start
23:05:22.162 [main] DEBUG o.dbunit.dataset.OrderedTableNameMap - getLastTableName() - start
23:05:22.162 [main] DEBUG o.dbunit.dataset.OrderedTableNameMap - getTableName(tableName=products) - start
23:05:22.162 [main] DEBUG o.dbunit.dataset.OrderedTableNameMap - getTableName(tableName=products) - end - result=PRODUCTS
23:05:22.162 [main] DEBUG o.d.dataset.AbstractTableMetaData - getColumnIndex(columnName=sku_number) - start
23:05:22.162 [main] DEBUG o.d.dataset.AbstractTableMetaData - getColumnIndex(columnName=name) - start
23:05:22.164 [main] DEBUG o.d.dataset.AbstractTableMetaData - getColumnIndex(columnName=amount) - start
23:05:22.164 [main] DEBUG o.dbunit.dataset.OrderedTableNameMap - getLastTableName() - start
23:05:22.164 [main] DEBUG o.dbunit.dataset.OrderedTableNameMap - getTableName(tableName=products) - start
23:05:22.164 [main] DEBUG o.dbunit.dataset.OrderedTableNameMap - getTableName(tableName=products) - end - result=PRODUCTS
23:05:22.164 [main] DEBUG org.dbunit.dataset.CachedDataSet - row(values=1) - start
23:05:22.164 [main] DEBUG org.dbunit.dataset.DefaultTable - addRow(values=1) - start
23:05:22.166 [main] DEBUG o.dbunit.dataset.xml.FlatXmlProducer - endElement(uri=, localName=, qName=products) - start
23:05:22.166 [main] DEBUG o.dbunit.dataset.xml.FlatXmlProducer - startElement(uri=, localName=, qName=products, attributes=org.apache.xerces.parsers.AbstractSAXParser$AttributesProxy@106fc94) - start
23:05:22.166 [main] DEBUG o.dbunit.dataset.OrderedTableNameMap - getLastTableName() - start
23:05:22.166 [main] DEBUG o.dbunit.dataset.OrderedTableNameMap - getTableName(tableName=products) - start
23:05:22.167 [main] DEBUG o.dbunit.dataset.OrderedTableNameMap - getTableName(tableName=products) - end - result=PRODUCTS
23:05:22.167 [main] DEBUG o.dbunit.dataset.OrderedTableNameMap - isLastTable(tableName=products) - start
23:05:22.167 [main] DEBUG o.dbunit.dataset.OrderedTableNameMap - getLastTableName() - start
23:05:22.167 [main] DEBUG o.dbunit.dataset.OrderedTableNameMap - getTableName(tableName=products) - start
23:05:22.167 [main] DEBUG o.dbunit.dataset.OrderedTableNameMap - getTableName(tableName=products) - end - result=PRODUCTS
23:05:22.169 [main] DEBUG o.dbunit.dataset.OrderedTableNameMap - getTableName(tableName=products) - start
23:05:22.169 [main] DEBUG o.dbunit.dataset.OrderedTableNameMap - getTableName(tableName=products) - end - result=PRODUCTS
23:05:22.169 [main] DEBUG o.dbunit.dataset.OrderedTableNameMap - getLastTableName() - start
23:05:22.169 [main] DEBUG o.dbunit.dataset.OrderedTableNameMap - getTableName(tableName=products) - start
23:05:22.169 [main] DEBUG o.dbunit.dataset.OrderedTableNameMap - getTableName(tableName=products) - end - result=PRODUCTS
23:05:22.171 [main] DEBUG o.d.dataset.AbstractTableMetaData - getColumnIndex(columnName=sku_number) - start
23:05:22.171 [main] DEBUG o.d.dataset.AbstractTableMetaData - getColumnIndex(columnName=name) - start
23:05:22.171 [main] DEBUG o.d.dataset.AbstractTableMetaData - getColumnIndex(columnName=amount) - start
23:05:22.171 [main] DEBUG o.dbunit.dataset.OrderedTableNameMap - getLastTableName() - start
23:05:22.171 [main] DEBUG o.dbunit.dataset.OrderedTableNameMap - getTableName(tableName=products) - start
23:05:22.172 [main] DEBUG o.dbunit.dataset.OrderedTableNameMap - getTableName(tableName=products) - end - result=PRODUCTS
23:05:22.172 [main] DEBUG org.dbunit.dataset.CachedDataSet - row(values=2) - start
23:05:22.172 [main] DEBUG org.dbunit.dataset.DefaultTable - addRow(values=2) - start
23:05:22.173 [main] DEBUG o.dbunit.dataset.xml.FlatXmlProducer - endElement(uri=, localName=, qName=products) - start
23:05:22.173 [main] DEBUG o.dbunit.dataset.xml.FlatXmlProducer - startElement(uri=, localName=, qName=products, attributes=org.apache.xerces.parsers.AbstractSAXParser$AttributesProxy@106fc94) - start
23:05:22.174 [main] DEBUG o.dbunit.dataset.OrderedTableNameMap - getLastTableName() - start
23:05:22.174 [main] DEBUG o.dbunit.dataset.OrderedTableNameMap - getTableName(tableName=products) - start
23:05:22.174 [main] DEBUG o.dbunit.dataset.OrderedTableNameMap - getTableName(tableName=products) - end - result=PRODUCTS
23:05:22.174 [main] DEBUG o.dbunit.dataset.OrderedTableNameMap - isLastTable(tableName=products) - start
23:05:22.174 [main] DEBUG o.dbunit.dataset.OrderedTableNameMap - getLastTableName() - start
23:05:22.176 [main] DEBUG o.dbunit.dataset.OrderedTableNameMap - getTableName(tableName=products) - start
23:05:22.176 [main] DEBUG o.dbunit.dataset.OrderedTableNameMap - getTableName(tableName=products) - end - result=PRODUCTS
23:05:22.176 [main] DEBUG o.dbunit.dataset.OrderedTableNameMap - getTableName(tableName=products) - start
23:05:22.176 [main] DEBUG o.dbunit.dataset.OrderedTableNameMap - getTableName(tableName=products) - end - result=PRODUCTS
23:05:22.176 [main] DEBUG o.dbunit.dataset.OrderedTableNameMap - getLastTableName() - start
23:05:22.178 [main] DEBUG o.dbunit.dataset.OrderedTableNameMap - getTableName(tableName=products) - start
23:05:22.178 [main] DEBUG o.dbunit.dataset.OrderedTableNameMap - getTableName(tableName=products) - end - result=PRODUCTS
23:05:22.178 [main] DEBUG o.d.dataset.AbstractTableMetaData - getColumnIndex(columnName=sku_number) - start
23:05:22.178 [main] DEBUG o.d.dataset.AbstractTableMetaData - getColumnIndex(columnName=name) - start
23:05:22.178 [main] DEBUG o.d.dataset.AbstractTableMetaData - getColumnIndex(columnName=amount) - start
23:05:22.179 [main] DEBUG o.dbunit.dataset.OrderedTableNameMap - getLastTableName() - start
23:05:22.179 [main] DEBUG o.dbunit.dataset.OrderedTableNameMap - getTableName(tableName=products) - start
23:05:22.179 [main] DEBUG o.dbunit.dataset.OrderedTableNameMap - getTableName(tableName=products) - end - result=PRODUCTS
23:05:22.179 [main] DEBUG org.dbunit.dataset.CachedDataSet - row(values=3) - start
23:05:22.179 [main] DEBUG org.dbunit.dataset.DefaultTable - addRow(values=3) - start
23:05:22.179 [main] DEBUG o.dbunit.dataset.xml.FlatXmlProducer - endElement(uri=, localName=, qName=products) - start
23:05:22.181 [main] DEBUG o.dbunit.dataset.xml.FlatXmlProducer - startElement(uri=, localName=, qName=products, attributes=org.apache.xerces.parsers.AbstractSAXParser$AttributesProxy@106fc94) - start
23:05:22.181 [main] DEBUG o.dbunit.dataset.OrderedTableNameMap - getLastTableName() - start
23:05:22.181 [main] DEBUG o.dbunit.dataset.OrderedTableNameMap - getTableName(tableName=products) - start
23:05:22.181 [main] DEBUG o.dbunit.dataset.OrderedTableNameMap - getTableName(tableName=products) - end - result=PRODUCTS
23:05:22.183 [main] DEBUG o.dbunit.dataset.OrderedTableNameMap - isLastTable(tableName=products) - start
23:05:22.183 [main] DEBUG o.dbunit.dataset.OrderedTableNameMap - getLastTableName() - start
23:05:22.183 [main] DEBUG o.dbunit.dataset.OrderedTableNameMap - getTableName(tableName=products) - start
23:05:22.183 [main] DEBUG o.dbunit.dataset.OrderedTableNameMap - getTableName(tableName=products) - end - result=PRODUCTS
23:05:22.183 [main] DEBUG o.dbunit.dataset.OrderedTableNameMap - getTableName(tableName=products) - start
23:05:22.185 [main] DEBUG o.dbunit.dataset.OrderedTableNameMap - getTableName(tableName=products) - end - result=PRODUCTS
23:05:22.185 [main] DEBUG o.dbunit.dataset.OrderedTableNameMap - getLastTableName() - start
23:05:22.185 [main] DEBUG o.dbunit.dataset.OrderedTableNameMap - getTableName(tableName=products) - start
23:05:22.185 [main] DEBUG o.dbunit.dataset.OrderedTableNameMap - getTableName(tableName=products) - end - result=PRODUCTS
23:05:22.185 [main] DEBUG o.d.dataset.AbstractTableMetaData - getColumnIndex(columnName=sku_number) - start
23:05:22.186 [main] DEBUG o.d.dataset.AbstractTableMetaData - getColumnIndex(columnName=name) - start
23:05:22.186 [main] DEBUG o.d.dataset.AbstractTableMetaData - getColumnIndex(columnName=amount) - start
23:05:22.186 [main] DEBUG o.dbunit.dataset.OrderedTableNameMap - getLastTableName() - start
23:05:22.186 [main] DEBUG o.dbunit.dataset.OrderedTableNameMap - getTableName(tableName=products) - start
23:05:22.186 [main] DEBUG o.dbunit.dataset.OrderedTableNameMap - getTableName(tableName=products) - end - result=PRODUCTS
23:05:22.188 [main] DEBUG org.dbunit.dataset.CachedDataSet - row(values=4) - start
23:05:22.188 [main] DEBUG org.dbunit.dataset.DefaultTable - addRow(values=4) - start
23:05:22.188 [main] DEBUG o.dbunit.dataset.xml.FlatXmlProducer - endElement(uri=, localName=, qName=products) - start
23:05:22.188 [main] DEBUG o.dbunit.dataset.xml.FlatXmlProducer - startElement(uri=, localName=, qName=orders, attributes=org.apache.xerces.parsers.AbstractSAXParser$AttributesProxy@106fc94) - start
23:05:22.188 [main] DEBUG o.dbunit.dataset.OrderedTableNameMap - getLastTableName() - start
23:05:22.189 [main] DEBUG o.dbunit.dataset.OrderedTableNameMap - getTableName(tableName=products) - start
23:05:22.189 [main] DEBUG o.dbunit.dataset.OrderedTableNameMap - getTableName(tableName=products) - end - result=PRODUCTS
23:05:22.189 [main] DEBUG o.dbunit.dataset.OrderedTableNameMap - isLastTable(tableName=orders) - start
23:05:22.189 [main] DEBUG o.dbunit.dataset.OrderedTableNameMap - getLastTableName() - start
23:05:22.189 [main] DEBUG o.dbunit.dataset.OrderedTableNameMap - getTableName(tableName=products) - start
23:05:22.191 [main] DEBUG o.dbunit.dataset.OrderedTableNameMap - getTableName(tableName=products) - end - result=PRODUCTS
23:05:22.191 [main] DEBUG o.dbunit.dataset.OrderedTableNameMap - getTableName(tableName=orders) - start
23:05:22.191 [main] DEBUG o.dbunit.dataset.OrderedTableNameMap - getTableName(tableName=orders) - end - result=ORDERS
23:05:22.191 [main] DEBUG org.dbunit.dataset.CachedDataSet - endTable() - start
23:05:22.191 [main] DEBUG o.dbunit.dataset.OrderedTableNameMap - getTableName(tableName=products) - start
23:05:22.193 [main] DEBUG o.dbunit.dataset.OrderedTableNameMap - getTableName(tableName=products) - end - result=PRODUCTS
23:05:22.193 [main] DEBUG o.dbunit.dataset.OrderedTableNameMap - add(tableName=products, object=org.dbunit.dataset.DefaultTable[_metaData=tableName=products, columns=[(sku_number, UNKNOWN, nullableUnknown), (name, UNKNOWN, nullableUnknown), (amount, UNKNOWN, nullableUnknown)], keys=[], _rowList.size()=4]) - start
23:05:22.193 [main] DEBUG o.dbunit.dataset.OrderedTableNameMap - getTableName(tableName=products) - start
23:05:22.223 [main] DEBUG o.dbunit.dataset.OrderedTableNameMap - getTableName(tableName=products) - end - result=PRODUCTS
23:05:22.223 [main] DEBUG o.dbunit.dataset.OrderedTableNameMap - getTableName(tableName=PRODUCTS) - start
23:05:22.223 [main] DEBUG o.dbunit.dataset.OrderedTableNameMap - getTableName(tableName=PRODUCTS) - end - result=PRODUCTS
23:05:22.223 [main] DEBUG o.dbunit.dataset.OrderedTableNameMap - getTableName(tableName=orders) - start
23:05:22.223 [main] DEBUG o.dbunit.dataset.OrderedTableNameMap - getTableName(tableName=orders) - end - result=ORDERS
23:05:22.224 [main] DEBUG o.dbunit.dataset.xml.FlatXmlProducer - createTableMetaData(tableName=orders, attributes=org.apache.xerces.parsers.AbstractSAXParser$AttributesProxy@106fc94) - start
23:05:22.224 [main] DEBUG org.dbunit.dataset.Columns - getColumns(columnNames=[], columns=[(order_number, UNKNOWN, nullableUnknown), (customer_id, UNKNOWN, nullableUnknown), (date, UNKNOWN, nullableUnknown), (amount, UNKNOWN, nullableUnknown), (order_status, UNKNOWN, nullableUnknown), (discount_status, UNKNOWN, nullableUnknown)]) - start
23:05:22.227 [main] DEBUG o.dbunit.dataset.OrderedTableNameMap - add(tableName=orders, object=tableName=orders, columns=[(order_number, UNKNOWN, nullableUnknown), (customer_id, UNKNOWN, nullableUnknown), (date, UNKNOWN, nullableUnknown), (amount, UNKNOWN, nullableUnknown), (order_status, UNKNOWN, nullableUnknown), (discount_status, UNKNOWN, nullableUnknown)], keys=[]) - start
23:05:22.227 [main] DEBUG o.dbunit.dataset.OrderedTableNameMap - getTableName(tableName=orders) - start
23:05:22.227 [main] DEBUG o.dbunit.dataset.OrderedTableNameMap - getTableName(tableName=orders) - end - result=ORDERS
23:05:22.228 [main] DEBUG o.dbunit.dataset.OrderedTableNameMap - getTableName(tableName=ORDERS) - start
23:05:22.228 [main] DEBUG o.dbunit.dataset.OrderedTableNameMap - getTableName(tableName=ORDERS) - end - result=ORDERS
23:05:22.228 [main] DEBUG org.dbunit.dataset.CachedDataSet - startTable(metaData=tableName=orders, columns=[(order_number, UNKNOWN, nullableUnknown), (customer_id, UNKNOWN, nullableUnknown), (date, UNKNOWN, nullableUnknown), (amount, UNKNOWN, nullableUnknown), (order_status, UNKNOWN, nullableUnknown), (discount_status, UNKNOWN, nullableUnknown)], keys=[]) - start
23:05:22.230 [main] DEBUG o.dbunit.dataset.OrderedTableNameMap - getLastTableName() - start
23:05:22.230 [main] DEBUG o.dbunit.dataset.OrderedTableNameMap - getTableName(tableName=orders) - start
23:05:22.230 [main] DEBUG o.dbunit.dataset.OrderedTableNameMap - getTableName(tableName=orders) - end - result=ORDERS
23:05:22.230 [main] DEBUG o.d.dataset.AbstractTableMetaData - getColumnIndex(columnName=order_number) - start
23:05:22.230 [main] DEBUG o.d.dataset.AbstractTableMetaData - getColumnIndex(columnName=customer_id) - start
23:05:22.231 [main] DEBUG o.d.dataset.AbstractTableMetaData - getColumnIndex(columnName=date) - start
23:05:22.231 [main] DEBUG o.d.dataset.AbstractTableMetaData - getColumnIndex(columnName=amount) - start
23:05:22.231 [main] DEBUG o.d.dataset.AbstractTableMetaData - getColumnIndex(columnName=order_status) - start
23:05:22.231 [main] DEBUG o.d.dataset.AbstractTableMetaData - getColumnIndex(columnName=discount_status) - start
23:05:22.231 [main] DEBUG o.dbunit.dataset.OrderedTableNameMap - getLastTableName() - start
23:05:22.233 [main] DEBUG o.dbunit.dataset.OrderedTableNameMap - getTableName(tableName=orders) - start
23:05:22.233 [main] DEBUG o.dbunit.dataset.OrderedTableNameMap - getTableName(tableName=orders) - end - result=ORDERS
23:05:22.233 [main] DEBUG org.dbunit.dataset.CachedDataSet - row(values=1) - start
23:05:22.233 [main] DEBUG org.dbunit.dataset.DefaultTable - addRow(values=1) - start
23:05:22.233 [main] DEBUG o.dbunit.dataset.xml.FlatXmlProducer - endElement(uri=, localName=, qName=orders) - start
23:05:22.233 [main] DEBUG o.dbunit.dataset.xml.FlatXmlProducer - startElement(uri=, localName=, qName=order_items, attributes=org.apache.xerces.parsers.AbstractSAXParser$AttributesProxy@106fc94) - start
23:05:22.235 [main] DEBUG o.dbunit.dataset.OrderedTableNameMap - getLastTableName() - start
23:05:22.235 [main] DEBUG o.dbunit.dataset.OrderedTableNameMap - getTableName(tableName=orders) - start
23:05:22.235 [main] DEBUG o.dbunit.dataset.OrderedTableNameMap - getTableName(tableName=orders) - end - result=ORDERS
23:05:22.235 [main] DEBUG o.dbunit.dataset.OrderedTableNameMap - isLastTable(tableName=order_items) - start
23:05:22.235 [main] DEBUG o.dbunit.dataset.OrderedTableNameMap - getLastTableName() - start
23:05:22.236 [main] DEBUG o.dbunit.dataset.OrderedTableNameMap - getTableName(tableName=orders) - start
23:05:22.236 [main] DEBUG o.dbunit.dataset.OrderedTableNameMap - getTableName(tableName=orders) - end - result=ORDERS
23:05:22.236 [main] DEBUG o.dbunit.dataset.OrderedTableNameMap - getTableName(tableName=order_items) - start
23:05:22.236 [main] DEBUG o.dbunit.dataset.OrderedTableNameMap - getTableName(tableName=order_items) - end - result=ORDER_ITEMS
23:05:22.236 [main] DEBUG org.dbunit.dataset.CachedDataSet - endTable() - start
23:05:22.238 [main] DEBUG o.dbunit.dataset.OrderedTableNameMap - getTableName(tableName=orders) - start
23:05:22.238 [main] DEBUG o.dbunit.dataset.OrderedTableNameMap - getTableName(tableName=orders) - end - result=ORDERS
23:05:22.238 [main] DEBUG o.dbunit.dataset.OrderedTableNameMap - add(tableName=orders, object=org.dbunit.dataset.DefaultTable[_metaData=tableName=orders, columns=[(order_number, UNKNOWN, nullableUnknown), (customer_id, UNKNOWN, nullableUnknown), (date, UNKNOWN, nullableUnknown), (amount, UNKNOWN, nullableUnknown), (order_status, UNKNOWN, nullableUnknown), (discount_status, UNKNOWN, nullableUnknown)], keys=[], _rowList.size()=1]) - start
23:05:22.240 [main] DEBUG o.dbunit.dataset.OrderedTableNameMap - getTableName(tableName=orders) - start
23:05:22.240 [main] DEBUG o.dbunit.dataset.OrderedTableNameMap - getTableName(tableName=orders) - end - result=ORDERS
23:05:22.240 [main] DEBUG o.dbunit.dataset.OrderedTableNameMap - getTableName(tableName=ORDERS) - start
23:05:22.240 [main] DEBUG o.dbunit.dataset.OrderedTableNameMap - getTableName(tableName=ORDERS) - end - result=ORDERS
23:05:22.240 [main] DEBUG o.dbunit.dataset.OrderedTableNameMap - getTableName(tableName=order_items) - start
23:05:22.241 [main] DEBUG o.dbunit.dataset.OrderedTableNameMap - getTableName(tableName=order_items) - end - result=ORDER_ITEMS
23:05:22.241 [main] DEBUG o.dbunit.dataset.xml.FlatXmlProducer - createTableMetaData(tableName=order_items, attributes=org.apache.xerces.parsers.AbstractSAXParser$AttributesProxy@106fc94) - start
23:05:22.241 [main] DEBUG org.dbunit.dataset.Columns - getColumns(columnNames=[], columns=[(id, UNKNOWN, nullableUnknown), (order_order_number, UNKNOWN, nullableUnknown), (product_sku_number, UNKNOWN, nullableUnknown), (quantity, UNKNOWN, nullableUnknown)]) - start
23:05:22.244 [main] DEBUG o.dbunit.dataset.OrderedTableNameMap - add(tableName=order_items, object=tableName=order_items, columns=[(id, UNKNOWN, nullableUnknown), (order_order_number, UNKNOWN, nullableUnknown), (product_sku_number, UNKNOWN, nullableUnknown), (quantity, UNKNOWN, nullableUnknown)], keys=[]) - start
23:05:22.244 [main] DEBUG o.dbunit.dataset.OrderedTableNameMap - getTableName(tableName=order_items) - start
23:05:22.244 [main] DEBUG o.dbunit.dataset.OrderedTableNameMap - getTableName(tableName=order_items) - end - result=ORDER_ITEMS
23:05:22.245 [main] DEBUG o.dbunit.dataset.OrderedTableNameMap - getTableName(tableName=ORDER_ITEMS) - start
23:05:22.245 [main] DEBUG o.dbunit.dataset.OrderedTableNameMap - getTableName(tableName=ORDER_ITEMS) - end - result=ORDER_ITEMS
23:05:22.245 [main] DEBUG org.dbunit.dataset.CachedDataSet - startTable(metaData=tableName=order_items, columns=[(id, UNKNOWN, nullableUnknown), (order_order_number, UNKNOWN, nullableUnknown), (product_sku_number, UNKNOWN, nullableUnknown), (quantity, UNKNOWN, nullableUnknown)], keys=[]) - start
23:05:22.247 [main] DEBUG o.dbunit.dataset.OrderedTableNameMap - getLastTableName() - start
23:05:22.247 [main] DEBUG o.dbunit.dataset.OrderedTableNameMap - getTableName(tableName=order_items) - start
23:05:22.247 [main] DEBUG o.dbunit.dataset.OrderedTableNameMap - getTableName(tableName=order_items) - end - result=ORDER_ITEMS
23:05:22.247 [main] DEBUG o.d.dataset.AbstractTableMetaData - getColumnIndex(columnName=id) - start
23:05:22.247 [main] DEBUG o.d.dataset.AbstractTableMetaData - getColumnIndex(columnName=order_order_number) - start
23:05:22.248 [main] DEBUG o.d.dataset.AbstractTableMetaData - getColumnIndex(columnName=product_sku_number) - start
23:05:22.248 [main] DEBUG o.d.dataset.AbstractTableMetaData - getColumnIndex(columnName=quantity) - start
23:05:22.248 [main] DEBUG o.dbunit.dataset.OrderedTableNameMap - getLastTableName() - start
23:05:22.248 [main] DEBUG o.dbunit.dataset.OrderedTableNameMap - getTableName(tableName=order_items) - start
23:05:22.248 [main] DEBUG o.dbunit.dataset.OrderedTableNameMap - getTableName(tableName=order_items) - end - result=ORDER_ITEMS
23:05:22.250 [main] DEBUG org.dbunit.dataset.CachedDataSet - row(values=1) - start
23:05:22.250 [main] DEBUG org.dbunit.dataset.DefaultTable - addRow(values=1) - start
23:05:22.250 [main] DEBUG o.dbunit.dataset.xml.FlatXmlProducer - endElement(uri=, localName=, qName=order_items) - start
23:05:22.250 [main] DEBUG o.dbunit.dataset.xml.FlatXmlProducer - startElement(uri=, localName=, qName=orders, attributes=org.apache.xerces.parsers.AbstractSAXParser$AttributesProxy@106fc94) - start
23:05:22.250 [main] DEBUG o.dbunit.dataset.OrderedTableNameMap - getLastTableName() - start
23:05:22.251 [main] DEBUG o.dbunit.dataset.OrderedTableNameMap - getTableName(tableName=order_items) - start
23:05:22.251 [main] DEBUG o.dbunit.dataset.OrderedTableNameMap - getTableName(tableName=order_items) - end - result=ORDER_ITEMS
23:05:22.251 [main] DEBUG o.dbunit.dataset.OrderedTableNameMap - isLastTable(tableName=orders) - start
23:05:22.251 [main] DEBUG o.dbunit.dataset.OrderedTableNameMap - getLastTableName() - start
23:05:22.251 [main] DEBUG o.dbunit.dataset.OrderedTableNameMap - getTableName(tableName=order_items) - start
23:05:22.253 [main] DEBUG o.dbunit.dataset.OrderedTableNameMap - getTableName(tableName=order_items) - end - result=ORDER_ITEMS
23:05:22.253 [main] DEBUG o.dbunit.dataset.OrderedTableNameMap - getTableName(tableName=orders) - start
23:05:22.253 [main] DEBUG o.dbunit.dataset.OrderedTableNameMap - getTableName(tableName=orders) - end - result=ORDERS
23:05:22.253 [main] DEBUG org.dbunit.dataset.CachedDataSet - endTable() - start
23:05:22.253 [main] DEBUG o.dbunit.dataset.OrderedTableNameMap - getTableName(tableName=order_items) - start
23:05:22.255 [main] DEBUG o.dbunit.dataset.OrderedTableNameMap - getTableName(tableName=order_items) - end - result=ORDER_ITEMS
23:05:22.255 [main] DEBUG o.dbunit.dataset.OrderedTableNameMap - add(tableName=order_items, object=org.dbunit.dataset.DefaultTable[_metaData=tableName=order_items, columns=[(id, UNKNOWN, nullableUnknown), (order_order_number, UNKNOWN, nullableUnknown), (product_sku_number, UNKNOWN, nullableUnknown), (quantity, UNKNOWN, nullableUnknown)], keys=[], _rowList.size()=1]) - start
23:05:22.255 [main] DEBUG o.dbunit.dataset.OrderedTableNameMap - getTableName(tableName=order_items) - start
23:05:22.256 [main] DEBUG o.dbunit.dataset.OrderedTableNameMap - getTableName(tableName=order_items) - end - result=ORDER_ITEMS
23:05:22.256 [main] DEBUG o.dbunit.dataset.OrderedTableNameMap - getTableName(tableName=ORDER_ITEMS) - start
23:05:22.256 [main] DEBUG o.dbunit.dataset.OrderedTableNameMap - getTableName(tableName=ORDER_ITEMS) - end - result=ORDER_ITEMS
23:05:22.256 [main] DEBUG o.dbunit.dataset.OrderedTableNameMap - getTableName(tableName=orders) - start
23:05:22.256 [main] DEBUG o.dbunit.dataset.OrderedTableNameMap - getTableName(tableName=orders) - end - result=ORDERS
23:05:22.258 [main] DEBUG o.dbunit.dataset.OrderedTableNameMap - getTableName(tableName=orders) - start
23:05:22.258 [main] DEBUG o.dbunit.dataset.OrderedTableNameMap - getTableName(tableName=orders) - end - result=ORDERS
23:05:22.258 [main] DEBUG o.dbunit.dataset.OrderedTableNameMap - setLastTable(nameorders) - start
23:05:22.258 [main] DEBUG o.dbunit.dataset.OrderedTableNameMap - getTableName(tableName=orders) - start
23:05:22.258 [main] DEBUG o.dbunit.dataset.OrderedTableNameMap - getTableName(tableName=orders) - end - result=ORDERS
23:05:22.260 [main] DEBUG org.dbunit.dataset.CachedDataSet - startTable(metaData=tableName=orders, columns=[(order_number, UNKNOWN, nullableUnknown), (customer_id, UNKNOWN, nullableUnknown), (date, UNKNOWN, nullableUnknown), (amount, UNKNOWN, nullableUnknown), (order_status, UNKNOWN, nullableUnknown), (discount_status, UNKNOWN, nullableUnknown)], keys=[]) - start
23:05:22.260 [main] DEBUG o.dbunit.dataset.OrderedTableNameMap - getLastTableName() - start
23:05:22.260 [main] DEBUG o.dbunit.dataset.OrderedTableNameMap - getTableName(tableName=orders) - start
23:05:22.261 [main] DEBUG o.dbunit.dataset.OrderedTableNameMap - getTableName(tableName=orders) - end - result=ORDERS
23:05:22.261 [main] DEBUG o.d.dataset.AbstractTableMetaData - getColumnIndex(columnName=order_number) - start
23:05:22.261 [main] DEBUG o.d.dataset.AbstractTableMetaData - getColumnIndex(columnName=customer_id) - start
23:05:22.261 [main] DEBUG o.d.dataset.AbstractTableMetaData - getColumnIndex(columnName=date) - start
23:05:22.261 [main] DEBUG o.d.dataset.AbstractTableMetaData - getColumnIndex(columnName=amount) - start
23:05:22.263 [main] DEBUG o.d.dataset.AbstractTableMetaData - getColumnIndex(columnName=order_status) - start
23:05:22.263 [main] DEBUG o.d.dataset.AbstractTableMetaData - getColumnIndex(columnName=discount_status) - start
23:05:22.263 [main] DEBUG o.dbunit.dataset.OrderedTableNameMap - getLastTableName() - start
23:05:22.263 [main] DEBUG o.dbunit.dataset.OrderedTableNameMap - getTableName(tableName=orders) - start
23:05:22.263 [main] DEBUG o.dbunit.dataset.OrderedTableNameMap - getTableName(tableName=orders) - end - result=ORDERS
23:05:22.264 [main] DEBUG org.dbunit.dataset.CachedDataSet - row(values=2) - start
23:05:22.264 [main] DEBUG org.dbunit.dataset.DefaultTable - addRow(values=2) - start
23:05:22.264 [main] DEBUG o.dbunit.dataset.xml.FlatXmlProducer - endElement(uri=, localName=, qName=orders) - start
23:05:22.265 [main] DEBUG o.dbunit.dataset.xml.FlatXmlProducer - startElement(uri=, localName=, qName=order_items, attributes=org.apache.xerces.parsers.AbstractSAXParser$AttributesProxy@106fc94) - start
23:05:22.265 [main] DEBUG o.dbunit.dataset.OrderedTableNameMap - getLastTableName() - start
23:05:22.266 [main] DEBUG o.dbunit.dataset.OrderedTableNameMap - getTableName(tableName=orders) - start
23:05:22.266 [main] DEBUG o.dbunit.dataset.OrderedTableNameMap - getTableName(tableName=orders) - end - result=ORDERS
23:05:22.266 [main] DEBUG o.dbunit.dataset.OrderedTableNameMap - isLastTable(tableName=order_items) - start
23:05:22.266 [main] DEBUG o.dbunit.dataset.OrderedTableNameMap - getLastTableName() - start
23:05:22.266 [main] DEBUG o.dbunit.dataset.OrderedTableNameMap - getTableName(tableName=orders) - start
23:05:22.267 [main] DEBUG o.dbunit.dataset.OrderedTableNameMap - getTableName(tableName=orders) - end - result=ORDERS
23:05:22.267 [main] DEBUG o.dbunit.dataset.OrderedTableNameMap - getTableName(tableName=order_items) - start
23:05:22.267 [main] DEBUG o.dbunit.dataset.OrderedTableNameMap - getTableName(tableName=order_items) - end - result=ORDER_ITEMS
23:05:22.267 [main] DEBUG org.dbunit.dataset.CachedDataSet - endTable() - start
23:05:22.267 [main] DEBUG o.dbunit.dataset.OrderedTableNameMap - getTableName(tableName=orders) - start
23:05:22.269 [main] DEBUG o.dbunit.dataset.OrderedTableNameMap - getTableName(tableName=orders) - end - result=ORDERS
23:05:22.269 [main] DEBUG o.dbunit.dataset.OrderedTableNameMap - getTableName(tableName=orders) - start
23:05:22.269 [main] DEBUG o.dbunit.dataset.OrderedTableNameMap - getTableName(tableName=orders) - end - result=ORDERS
23:05:22.269 [main] DEBUG org.dbunit.dataset.DefaultTable - addTableRows(table=org.dbunit.dataset.DefaultTable[_metaData=tableName=orders, columns=[(order_number, UNKNOWN, nullableUnknown), (customer_id, UNKNOWN, nullableUnknown), (date, UNKNOWN, nullableUnknown), (amount, UNKNOWN, nullableUnknown), (order_status, UNKNOWN, nullableUnknown), (discount_status, UNKNOWN, nullableUnknown)], keys=[], _rowList.size()=1]) - start
23:05:22.271 [main] DEBUG org.dbunit.dataset.DefaultTable - getValue(row=0, column=order_number) - start
23:05:22.271 [main] DEBUG org.dbunit.dataset.AbstractTable - assertValidRowIndex(row=0) - start
23:05:22.271 [main] DEBUG org.dbunit.dataset.AbstractTable - assertValidRowIndex(row=0, rowCount=1) - start
23:05:22.271 [main] DEBUG org.dbunit.dataset.AbstractTable - getColumnIndex(columnName=order_number) - start
23:05:22.271 [main] DEBUG o.d.dataset.AbstractTableMetaData - getColumnIndex(columnName=order_number) - start
23:05:22.272 [main] DEBUG org.dbunit.dataset.DefaultTable - getValue(row=0, column=customer_id) - start
23:05:22.272 [main] DEBUG org.dbunit.dataset.AbstractTable - assertValidRowIndex(row=0) - start
23:05:22.272 [main] DEBUG org.dbunit.dataset.AbstractTable - assertValidRowIndex(row=0, rowCount=1) - start
23:05:22.272 [main] DEBUG org.dbunit.dataset.AbstractTable - getColumnIndex(columnName=customer_id) - start
23:05:22.272 [main] DEBUG o.d.dataset.AbstractTableMetaData - getColumnIndex(columnName=customer_id) - start
23:05:22.274 [main] DEBUG org.dbunit.dataset.DefaultTable - getValue(row=0, column=date) - start
23:05:22.274 [main] DEBUG org.dbunit.dataset.AbstractTable - assertValidRowIndex(row=0) - start
23:05:22.274 [main] DEBUG org.dbunit.dataset.AbstractTable - assertValidRowIndex(row=0, rowCount=1) - start
23:05:22.274 [main] DEBUG org.dbunit.dataset.AbstractTable - getColumnIndex(columnName=date) - start
23:05:22.274 [main] DEBUG o.d.dataset.AbstractTableMetaData - getColumnIndex(columnName=date) - start
23:05:22.274 [main] DEBUG org.dbunit.dataset.DefaultTable - getValue(row=0, column=amount) - start
23:05:22.276 [main] DEBUG org.dbunit.dataset.AbstractTable - assertValidRowIndex(row=0) - start
23:05:22.276 [main] DEBUG org.dbunit.dataset.AbstractTable - assertValidRowIndex(row=0, rowCount=1) - start
23:05:22.276 [main] DEBUG org.dbunit.dataset.AbstractTable - getColumnIndex(columnName=amount) - start
23:05:22.276 [main] DEBUG o.d.dataset.AbstractTableMetaData - getColumnIndex(columnName=amount) - start
23:05:22.276 [main] DEBUG org.dbunit.dataset.DefaultTable - getValue(row=0, column=order_status) - start
23:05:22.278 [main] DEBUG org.dbunit.dataset.AbstractTable - assertValidRowIndex(row=0) - start
23:05:22.278 [main] DEBUG org.dbunit.dataset.AbstractTable - assertValidRowIndex(row=0, rowCount=1) - start
23:05:22.278 [main] DEBUG org.dbunit.dataset.AbstractTable - getColumnIndex(columnName=order_status) - start
23:05:22.278 [main] DEBUG o.d.dataset.AbstractTableMetaData - getColumnIndex(columnName=order_status) - start
23:05:22.278 [main] DEBUG org.dbunit.dataset.DefaultTable - getValue(row=0, column=discount_status) - start
23:05:22.279 [main] DEBUG org.dbunit.dataset.AbstractTable - assertValidRowIndex(row=0) - start
23:05:22.279 [main] DEBUG org.dbunit.dataset.AbstractTable - assertValidRowIndex(row=0, rowCount=1) - start
23:05:22.279 [main] DEBUG org.dbunit.dataset.AbstractTable - getColumnIndex(columnName=discount_status) - start
23:05:22.279 [main] DEBUG o.d.dataset.AbstractTableMetaData - getColumnIndex(columnName=discount_status) - start
23:05:22.279 [main] DEBUG org.dbunit.dataset.DefaultTable - getValue(row=1, column=order_number) - start
23:05:22.281 [main] DEBUG org.dbunit.dataset.AbstractTable - assertValidRowIndex(row=1) - start
23:05:22.281 [main] DEBUG org.dbunit.dataset.AbstractTable - assertValidRowIndex(row=1, rowCount=1) - start
23:05:22.282 [main] DEBUG o.dbunit.dataset.OrderedTableNameMap - getTableName(tableName=order_items) - start
23:05:22.282 [main] DEBUG o.dbunit.dataset.OrderedTableNameMap - getTableName(tableName=order_items) - end - result=ORDER_ITEMS
23:05:22.282 [main] DEBUG o.dbunit.dataset.OrderedTableNameMap - getTableName(tableName=order_items) - start
23:05:22.283 [main] DEBUG o.dbunit.dataset.OrderedTableNameMap - getTableName(tableName=order_items) - end - result=ORDER_ITEMS
23:05:22.283 [main] DEBUG o.dbunit.dataset.OrderedTableNameMap - setLastTable(nameorder_items) - start
23:05:22.283 [main] DEBUG o.dbunit.dataset.OrderedTableNameMap - getTableName(tableName=order_items) - start
23:05:22.283 [main] DEBUG o.dbunit.dataset.OrderedTableNameMap - getTableName(tableName=order_items) - end - result=ORDER_ITEMS
23:05:22.283 [main] DEBUG org.dbunit.dataset.CachedDataSet - startTable(metaData=tableName=order_items, columns=[(id, UNKNOWN, nullableUnknown), (order_order_number, UNKNOWN, nullableUnknown), (product_sku_number, UNKNOWN, nullableUnknown), (quantity, UNKNOWN, nullableUnknown)], keys=[]) - start
23:05:22.284 [main] DEBUG o.dbunit.dataset.OrderedTableNameMap - getLastTableName() - start
23:05:22.284 [main] DEBUG o.dbunit.dataset.OrderedTableNameMap - getTableName(tableName=order_items) - start
23:05:22.284 [main] DEBUG o.dbunit.dataset.OrderedTableNameMap - getTableName(tableName=order_items) - end - result=ORDER_ITEMS
23:05:22.284 [main] DEBUG o.d.dataset.AbstractTableMetaData - getColumnIndex(columnName=id) - start
23:05:22.284 [main] DEBUG o.d.dataset.AbstractTableMetaData - getColumnIndex(columnName=order_order_number) - start
23:05:22.286 [main] DEBUG o.d.dataset.AbstractTableMetaData - getColumnIndex(columnName=product_sku_number) - start
23:05:22.286 [main] DEBUG o.d.dataset.AbstractTableMetaData - getColumnIndex(columnName=quantity) - start
23:05:22.286 [main] DEBUG o.dbunit.dataset.OrderedTableNameMap - getLastTableName() - start
23:05:22.286 [main] DEBUG o.dbunit.dataset.OrderedTableNameMap - getTableName(tableName=order_items) - start
23:05:22.286 [main] DEBUG o.dbunit.dataset.OrderedTableNameMap - getTableName(tableName=order_items) - end - result=ORDER_ITEMS
23:05:22.288 [main] DEBUG org.dbunit.dataset.CachedDataSet - row(values=2) - start
23:05:22.288 [main] DEBUG org.dbunit.dataset.DefaultTable - addRow(values=2) - start
23:05:22.288 [main] DEBUG o.dbunit.dataset.xml.FlatXmlProducer - endElement(uri=, localName=, qName=order_items) - start
23:05:22.289 [main] DEBUG o.dbunit.dataset.xml.FlatXmlProducer - startElement(uri=, localName=, qName=order_items, attributes=org.apache.xerces.parsers.AbstractSAXParser$AttributesProxy@106fc94) - start
23:05:22.289 [main] DEBUG o.dbunit.dataset.OrderedTableNameMap - getLastTableName() - start
23:05:22.290 [main] DEBUG o.dbunit.dataset.OrderedTableNameMap - getTableName(tableName=order_items) - start
23:05:22.290 [main] DEBUG o.dbunit.dataset.OrderedTableNameMap - getTableName(tableName=order_items) - end - result=ORDER_ITEMS
23:05:22.290 [main] DEBUG o.dbunit.dataset.OrderedTableNameMap - isLastTable(tableName=order_items) - start
23:05:22.290 [main] DEBUG o.dbunit.dataset.OrderedTableNameMap - getLastTableName() - start
23:05:22.290 [main] DEBUG o.dbunit.dataset.OrderedTableNameMap - getTableName(tableName=order_items) - start
23:05:22.292 [main] DEBUG o.dbunit.dataset.OrderedTableNameMap - getTableName(tableName=order_items) - end - result=ORDER_ITEMS
23:05:22.292 [main] DEBUG o.dbunit.dataset.OrderedTableNameMap - getTableName(tableName=order_items) - start
23:05:22.292 [main] DEBUG o.dbunit.dataset.OrderedTableNameMap - getTableName(tableName=order_items) - end - result=ORDER_ITEMS
23:05:22.292 [main] DEBUG o.dbunit.dataset.OrderedTableNameMap - getLastTableName() - start
23:05:22.292 [main] DEBUG o.dbunit.dataset.OrderedTableNameMap - getTableName(tableName=order_items) - start
23:05:22.293 [main] DEBUG o.dbunit.dataset.OrderedTableNameMap - getTableName(tableName=order_items) - end - result=ORDER_ITEMS
23:05:22.293 [main] DEBUG o.d.dataset.AbstractTableMetaData - getColumnIndex(columnName=id) - start
23:05:22.293 [main] DEBUG o.d.dataset.AbstractTableMetaData - getColumnIndex(columnName=order_order_number) - start
23:05:22.293 [main] DEBUG o.d.dataset.AbstractTableMetaData - getColumnIndex(columnName=product_sku_number) - start
23:05:22.293 [main] DEBUG o.d.dataset.AbstractTableMetaData - getColumnIndex(columnName=quantity) - start
23:05:22.295 [main] DEBUG o.dbunit.dataset.OrderedTableNameMap - getLastTableName() - start
23:05:22.295 [main] DEBUG o.dbunit.dataset.OrderedTableNameMap - getTableName(tableName=order_items) - start
23:05:22.295 [main] DEBUG o.dbunit.dataset.OrderedTableNameMap - getTableName(tableName=order_items) - end - result=ORDER_ITEMS
23:05:22.295 [main] DEBUG org.dbunit.dataset.CachedDataSet - row(values=3) - start
23:05:22.295 [main] DEBUG org.dbunit.dataset.DefaultTable - addRow(values=3) - start
23:05:22.295 [main] DEBUG o.dbunit.dataset.xml.FlatXmlProducer - endElement(uri=, localName=, qName=order_items) - start
23:05:22.297 [main] DEBUG o.dbunit.dataset.xml.FlatXmlProducer - startElement(uri=, localName=, qName=orders, attributes=org.apache.xerces.parsers.AbstractSAXParser$AttributesProxy@106fc94) - start
23:05:22.297 [main] DEBUG o.dbunit.dataset.OrderedTableNameMap - getLastTableName() - start
23:05:22.297 [main] DEBUG o.dbunit.dataset.OrderedTableNameMap - getTableName(tableName=order_items) - start
23:05:22.297 [main] DEBUG o.dbunit.dataset.OrderedTableNameMap - getTableName(tableName=order_items) - end - result=ORDER_ITEMS
23:05:22.298 [main] DEBUG o.dbunit.dataset.OrderedTableNameMap - isLastTable(tableName=orders) - start
23:05:22.298 [main] DEBUG o.dbunit.dataset.OrderedTableNameMap - getLastTableName() - start
23:05:22.298 [main] DEBUG o.dbunit.dataset.OrderedTableNameMap - getTableName(tableName=order_items) - start
23:05:22.298 [main] DEBUG o.dbunit.dataset.OrderedTableNameMap - getTableName(tableName=order_items) - end - result=ORDER_ITEMS
23:05:22.298 [main] DEBUG o.dbunit.dataset.OrderedTableNameMap - getTableName(tableName=orders) - start
23:05:22.300 [main] DEBUG o.dbunit.dataset.OrderedTableNameMap - getTableName(tableName=orders) - end - result=ORDERS
23:05:22.300 [main] DEBUG org.dbunit.dataset.CachedDataSet - endTable() - start
23:05:22.300 [main] DEBUG o.dbunit.dataset.OrderedTableNameMap - getTableName(tableName=order_items) - start
23:05:22.300 [main] DEBUG o.dbunit.dataset.OrderedTableNameMap - getTableName(tableName=order_items) - end - result=ORDER_ITEMS
23:05:22.300 [main] DEBUG o.dbunit.dataset.OrderedTableNameMap - getTableName(tableName=order_items) - start
23:05:22.302 [main] DEBUG o.dbunit.dataset.OrderedTableNameMap - getTableName(tableName=order_items) - end - result=ORDER_ITEMS
23:05:22.302 [main] DEBUG org.dbunit.dataset.DefaultTable - addTableRows(table=org.dbunit.dataset.DefaultTable[_metaData=tableName=order_items, columns=[(id, UNKNOWN, nullableUnknown), (order_order_number, UNKNOWN, nullableUnknown), (product_sku_number, UNKNOWN, nullableUnknown), (quantity, UNKNOWN, nullableUnknown)], keys=[], _rowList.size()=2]) - start
23:05:22.302 [main] DEBUG org.dbunit.dataset.DefaultTable - getValue(row=0, column=id) - start
23:05:22.304 [main] DEBUG org.dbunit.dataset.AbstractTable - assertValidRowIndex(row=0) - start
23:05:22.304 [main] DEBUG org.dbunit.dataset.AbstractTable - assertValidRowIndex(row=0, rowCount=2) - start
23:05:22.304 [main] DEBUG org.dbunit.dataset.AbstractTable - getColumnIndex(columnName=id) - start
23:05:22.304 [main] DEBUG o.d.dataset.AbstractTableMetaData - getColumnIndex(columnName=id) - start
23:05:22.304 [main] DEBUG org.dbunit.dataset.DefaultTable - getValue(row=0, column=order_order_number) - start
23:05:22.305 [main] DEBUG org.dbunit.dataset.AbstractTable - assertValidRowIndex(row=0) - start
23:05:22.305 [main] DEBUG org.dbunit.dataset.AbstractTable - assertValidRowIndex(row=0, rowCount=2) - start
23:05:22.305 [main] DEBUG org.dbunit.dataset.AbstractTable - getColumnIndex(columnName=order_order_number) - start
23:05:22.305 [main] DEBUG o.d.dataset.AbstractTableMetaData - getColumnIndex(columnName=order_order_number) - start
23:05:22.305 [main] DEBUG org.dbunit.dataset.DefaultTable - getValue(row=0, column=product_sku_number) - start
23:05:22.307 [main] DEBUG org.dbunit.dataset.AbstractTable - assertValidRowIndex(row=0) - start
23:05:22.307 [main] DEBUG org.dbunit.dataset.AbstractTable - assertValidRowIndex(row=0, rowCount=2) - start
23:05:22.307 [main] DEBUG org.dbunit.dataset.AbstractTable - getColumnIndex(columnName=product_sku_number) - start
23:05:22.307 [main] DEBUG o.d.dataset.AbstractTableMetaData - getColumnIndex(columnName=product_sku_number) - start
23:05:22.307 [main] DEBUG org.dbunit.dataset.DefaultTable - getValue(row=0, column=quantity) - start
23:05:22.308 [main] DEBUG org.dbunit.dataset.AbstractTable - assertValidRowIndex(row=0) - start
23:05:22.308 [main] DEBUG org.dbunit.dataset.AbstractTable - assertValidRowIndex(row=0, rowCount=2) - start
23:05:22.308 [main] DEBUG org.dbunit.dataset.AbstractTable - getColumnIndex(columnName=quantity) - start
23:05:22.308 [main] DEBUG o.d.dataset.AbstractTableMetaData - getColumnIndex(columnName=quantity) - start
23:05:22.309 [main] DEBUG org.dbunit.dataset.DefaultTable - getValue(row=1, column=id) - start
23:05:22.310 [main] DEBUG org.dbunit.dataset.AbstractTable - assertValidRowIndex(row=1) - start
23:05:22.310 [main] DEBUG org.dbunit.dataset.AbstractTable - assertValidRowIndex(row=1, rowCount=2) - start
23:05:22.310 [main] DEBUG org.dbunit.dataset.AbstractTable - getColumnIndex(columnName=id) - start
23:05:22.310 [main] DEBUG o.d.dataset.AbstractTableMetaData - getColumnIndex(columnName=id) - start
23:05:22.310 [main] DEBUG org.dbunit.dataset.DefaultTable - getValue(row=1, column=order_order_number) - start
23:05:22.311 [main] DEBUG org.dbunit.dataset.AbstractTable - assertValidRowIndex(row=1) - start
23:05:22.311 [main] DEBUG org.dbunit.dataset.AbstractTable - assertValidRowIndex(row=1, rowCount=2) - start
23:05:22.311 [main] DEBUG org.dbunit.dataset.AbstractTable - getColumnIndex(columnName=order_order_number) - start
23:05:22.311 [main] DEBUG o.d.dataset.AbstractTableMetaData - getColumnIndex(columnName=order_order_number) - start
23:05:22.311 [main] DEBUG org.dbunit.dataset.DefaultTable - getValue(row=1, column=product_sku_number) - start
23:05:22.313 [main] DEBUG org.dbunit.dataset.AbstractTable - assertValidRowIndex(row=1) - start
23:05:22.313 [main] DEBUG org.dbunit.dataset.AbstractTable - assertValidRowIndex(row=1, rowCount=2) - start
23:05:22.313 [main] DEBUG org.dbunit.dataset.AbstractTable - getColumnIndex(columnName=product_sku_number) - start
23:05:22.313 [main] DEBUG o.d.dataset.AbstractTableMetaData - getColumnIndex(columnName=product_sku_number) - start
23:05:22.313 [main] DEBUG org.dbunit.dataset.DefaultTable - getValue(row=1, column=quantity) - start
23:05:22.314 [main] DEBUG org.dbunit.dataset.AbstractTable - assertValidRowIndex(row=1) - start
23:05:22.314 [main] DEBUG org.dbunit.dataset.AbstractTable - assertValidRowIndex(row=1, rowCount=2) - start
23:05:22.314 [main] DEBUG org.dbunit.dataset.AbstractTable - getColumnIndex(columnName=quantity) - start
23:05:22.314 [main] DEBUG o.d.dataset.AbstractTableMetaData - getColumnIndex(columnName=quantity) - start
23:05:22.314 [main] DEBUG org.dbunit.dataset.DefaultTable - getValue(row=2, column=id) - start
23:05:22.316 [main] DEBUG org.dbunit.dataset.AbstractTable - assertValidRowIndex(row=2) - start
23:05:22.316 [main] DEBUG org.dbunit.dataset.AbstractTable - assertValidRowIndex(row=2, rowCount=2) - start
23:05:22.316 [main] DEBUG o.dbunit.dataset.OrderedTableNameMap - getTableName(tableName=orders) - start
23:05:22.316 [main] DEBUG o.dbunit.dataset.OrderedTableNameMap - getTableName(tableName=orders) - end - result=ORDERS
23:05:22.316 [main] DEBUG o.dbunit.dataset.OrderedTableNameMap - getTableName(tableName=orders) - start
23:05:22.317 [main] DEBUG o.dbunit.dataset.OrderedTableNameMap - getTableName(tableName=orders) - end - result=ORDERS
23:05:22.317 [main] DEBUG o.dbunit.dataset.OrderedTableNameMap - setLastTable(nameorders) - start
23:05:22.317 [main] DEBUG o.dbunit.dataset.OrderedTableNameMap - getTableName(tableName=orders) - start
23:05:22.317 [main] DEBUG o.dbunit.dataset.OrderedTableNameMap - getTableName(tableName=orders) - end - result=ORDERS
23:05:22.317 [main] DEBUG org.dbunit.dataset.CachedDataSet - startTable(metaData=tableName=orders, columns=[(order_number, UNKNOWN, nullableUnknown), (customer_id, UNKNOWN, nullableUnknown), (date, UNKNOWN, nullableUnknown), (amount, UNKNOWN, nullableUnknown), (order_status, UNKNOWN, nullableUnknown), (discount_status, UNKNOWN, nullableUnknown)], keys=[]) - start
23:05:22.319 [main] DEBUG o.dbunit.dataset.OrderedTableNameMap - getLastTableName() - start
23:05:22.319 [main] DEBUG o.dbunit.dataset.OrderedTableNameMap - getTableName(tableName=orders) - start
23:05:22.319 [main] DEBUG o.dbunit.dataset.OrderedTableNameMap - getTableName(tableName=orders) - end - result=ORDERS
23:05:22.319 [main] DEBUG o.d.dataset.AbstractTableMetaData - getColumnIndex(columnName=order_number) - start
23:05:22.319 [main] DEBUG o.d.dataset.AbstractTableMetaData - getColumnIndex(columnName=customer_id) - start
23:05:22.321 [main] DEBUG o.d.dataset.AbstractTableMetaData - getColumnIndex(columnName=date) - start
23:05:22.321 [main] DEBUG o.d.dataset.AbstractTableMetaData - getColumnIndex(columnName=amount) - start
23:05:22.321 [main] DEBUG o.d.dataset.AbstractTableMetaData - getColumnIndex(columnName=order_status) - start
23:05:22.321 [main] DEBUG o.d.dataset.AbstractTableMetaData - getColumnIndex(columnName=discount_status) - start
23:05:22.322 [main] DEBUG o.dbunit.dataset.OrderedTableNameMap - getLastTableName() - start
23:05:22.323 [main] DEBUG o.dbunit.dataset.OrderedTableNameMap - getTableName(tableName=orders) - start
23:05:22.323 [main] DEBUG o.dbunit.dataset.OrderedTableNameMap - getTableName(tableName=orders) - end - result=ORDERS
23:05:22.323 [main] DEBUG org.dbunit.dataset.CachedDataSet - row(values=3) - start
23:05:22.323 [main] DEBUG org.dbunit.dataset.DefaultTable - addRow(values=3) - start
23:05:22.323 [main] DEBUG o.dbunit.dataset.xml.FlatXmlProducer - endElement(uri=, localName=, qName=orders) - start
23:05:22.323 [main] DEBUG o.dbunit.dataset.xml.FlatXmlProducer - startElement(uri=, localName=, qName=order_items, attributes=org.apache.xerces.parsers.AbstractSAXParser$AttributesProxy@106fc94) - start
23:05:22.324 [main] DEBUG o.dbunit.dataset.OrderedTableNameMap - getLastTableName() - start
23:05:22.324 [main] DEBUG o.dbunit.dataset.OrderedTableNameMap - getTableName(tableName=orders) - start
23:05:22.324 [main] DEBUG o.dbunit.dataset.OrderedTableNameMap - getTableName(tableName=orders) - end - result=ORDERS
23:05:22.324 [main] DEBUG o.dbunit.dataset.OrderedTableNameMap - isLastTable(tableName=order_items) - start
23:05:22.324 [main] DEBUG o.dbunit.dataset.OrderedTableNameMap - getLastTableName() - start
23:05:22.326 [main] DEBUG o.dbunit.dataset.OrderedTableNameMap - getTableName(tableName=orders) - start
23:05:22.326 [main] DEBUG o.dbunit.dataset.OrderedTableNameMap - getTableName(tableName=orders) - end - result=ORDERS
23:05:22.326 [main] DEBUG o.dbunit.dataset.OrderedTableNameMap - getTableName(tableName=order_items) - start
23:05:22.326 [main] DEBUG o.dbunit.dataset.OrderedTableNameMap - getTableName(tableName=order_items) - end - result=ORDER_ITEMS
23:05:22.326 [main] DEBUG org.dbunit.dataset.CachedDataSet - endTable() - start
23:05:22.328 [main] DEBUG o.dbunit.dataset.OrderedTableNameMap - getTableName(tableName=orders) - start
23:05:22.328 [main] DEBUG o.dbunit.dataset.OrderedTableNameMap - getTableName(tableName=orders) - end - result=ORDERS
23:05:22.328 [main] DEBUG o.dbunit.dataset.OrderedTableNameMap - getTableName(tableName=orders) - start
23:05:22.328 [main] DEBUG o.dbunit.dataset.OrderedTableNameMap - getTableName(tableName=orders) - end - result=ORDERS
23:05:22.328 [main] DEBUG org.dbunit.dataset.DefaultTable - addTableRows(table=org.dbunit.dataset.DefaultTable[_metaData=tableName=orders, columns=[(order_number, UNKNOWN, nullableUnknown), (customer_id, UNKNOWN, nullableUnknown), (date, UNKNOWN, nullableUnknown), (amount, UNKNOWN, nullableUnknown), (order_status, UNKNOWN, nullableUnknown), (discount_status, UNKNOWN, nullableUnknown)], keys=[], _rowList.size()=1]) - start
23:05:22.330 [main] DEBUG org.dbunit.dataset.DefaultTable - getValue(row=0, column=order_number) - start
23:05:22.330 [main] DEBUG org.dbunit.dataset.AbstractTable - assertValidRowIndex(row=0) - start
23:05:22.330 [main] DEBUG org.dbunit.dataset.AbstractTable - assertValidRowIndex(row=0, rowCount=1) - start
23:05:22.330 [main] DEBUG org.dbunit.dataset.AbstractTable - getColumnIndex(columnName=order_number) - start
23:05:22.330 [main] DEBUG o.d.dataset.AbstractTableMetaData - getColumnIndex(columnName=order_number) - start
23:05:22.331 [main] DEBUG org.dbunit.dataset.DefaultTable - getValue(row=0, column=customer_id) - start
23:05:22.331 [main] DEBUG org.dbunit.dataset.AbstractTable - assertValidRowIndex(row=0) - start
23:05:22.331 [main] DEBUG org.dbunit.dataset.AbstractTable - assertValidRowIndex(row=0, rowCount=1) - start
23:05:22.331 [main] DEBUG org.dbunit.dataset.AbstractTable - getColumnIndex(columnName=customer_id) - start
23:05:22.331 [main] DEBUG o.d.dataset.AbstractTableMetaData - getColumnIndex(columnName=customer_id) - start
23:05:22.334 [main] DEBUG org.dbunit.dataset.DefaultTable - getValue(row=0, column=date) - start
23:05:22.334 [main] DEBUG org.dbunit.dataset.AbstractTable - assertValidRowIndex(row=0) - start
23:05:22.334 [main] DEBUG org.dbunit.dataset.AbstractTable - assertValidRowIndex(row=0, rowCount=1) - start
23:05:22.334 [main] DEBUG org.dbunit.dataset.AbstractTable - getColumnIndex(columnName=date) - start
23:05:22.334 [main] DEBUG o.d.dataset.AbstractTableMetaData - getColumnIndex(columnName=date) - start
23:05:22.334 [main] DEBUG org.dbunit.dataset.DefaultTable - getValue(row=0, column=amount) - start
23:05:22.335 [main] DEBUG org.dbunit.dataset.AbstractTable - assertValidRowIndex(row=0) - start
23:05:22.335 [main] DEBUG org.dbunit.dataset.AbstractTable - assertValidRowIndex(row=0, rowCount=1) - start
23:05:22.335 [main] DEBUG org.dbunit.dataset.AbstractTable - getColumnIndex(columnName=amount) - start
23:05:22.335 [main] DEBUG o.d.dataset.AbstractTableMetaData - getColumnIndex(columnName=amount) - start
23:05:22.335 [main] DEBUG org.dbunit.dataset.DefaultTable - getValue(row=0, column=order_status) - start
23:05:22.337 [main] DEBUG org.dbunit.dataset.AbstractTable - assertValidRowIndex(row=0) - start
23:05:22.337 [main] DEBUG org.dbunit.dataset.AbstractTable - assertValidRowIndex(row=0, rowCount=1) - start
23:05:22.337 [main] DEBUG org.dbunit.dataset.AbstractTable - getColumnIndex(columnName=order_status) - start
23:05:22.337 [main] DEBUG o.d.dataset.AbstractTableMetaData - getColumnIndex(columnName=order_status) - start
23:05:22.337 [main] DEBUG org.dbunit.dataset.DefaultTable - getValue(row=0, column=discount_status) - start
23:05:22.339 [main] DEBUG org.dbunit.dataset.AbstractTable - assertValidRowIndex(row=0) - start
23:05:22.339 [main] DEBUG org.dbunit.dataset.AbstractTable - assertValidRowIndex(row=0, rowCount=1) - start
23:05:22.339 [main] DEBUG org.dbunit.dataset.AbstractTable - getColumnIndex(columnName=discount_status) - start
23:05:22.339 [main] DEBUG o.d.dataset.AbstractTableMetaData - getColumnIndex(columnName=discount_status) - start
23:05:22.339 [main] DEBUG org.dbunit.dataset.DefaultTable - getValue(row=1, column=order_number) - start
23:05:22.340 [main] DEBUG org.dbunit.dataset.AbstractTable - assertValidRowIndex(row=1) - start
23:05:22.340 [main] DEBUG org.dbunit.dataset.AbstractTable - assertValidRowIndex(row=1, rowCount=1) - start
23:05:22.340 [main] DEBUG o.dbunit.dataset.OrderedTableNameMap - getTableName(tableName=order_items) - start
23:05:22.340 [main] DEBUG o.dbunit.dataset.OrderedTableNameMap - getTableName(tableName=order_items) - end - result=ORDER_ITEMS
23:05:22.340 [main] DEBUG o.dbunit.dataset.OrderedTableNameMap - getTableName(tableName=order_items) - start
23:05:22.341 [main] DEBUG o.dbunit.dataset.OrderedTableNameMap - getTableName(tableName=order_items) - end - result=ORDER_ITEMS
23:05:22.342 [main] DEBUG o.dbunit.dataset.OrderedTableNameMap - setLastTable(nameorder_items) - start
23:05:22.342 [main] DEBUG o.dbunit.dataset.OrderedTableNameMap - getTableName(tableName=order_items) - start
23:05:22.342 [main] DEBUG o.dbunit.dataset.OrderedTableNameMap - getTableName(tableName=order_items) - end - result=ORDER_ITEMS
23:05:22.342 [main] DEBUG org.dbunit.dataset.CachedDataSet - startTable(metaData=tableName=order_items, columns=[(id, UNKNOWN, nullableUnknown), (order_order_number, UNKNOWN, nullableUnknown), (product_sku_number, UNKNOWN, nullableUnknown), (quantity, UNKNOWN, nullableUnknown)], keys=[]) - start
23:05:22.343 [main] DEBUG o.dbunit.dataset.OrderedTableNameMap - getLastTableName() - start
23:05:22.343 [main] DEBUG o.dbunit.dataset.OrderedTableNameMap - getTableName(tableName=order_items) - start
23:05:22.344 [main] DEBUG o.dbunit.dataset.OrderedTableNameMap - getTableName(tableName=order_items) - end - result=ORDER_ITEMS
23:05:22.344 [main] DEBUG o.d.dataset.AbstractTableMetaData - getColumnIndex(columnName=id) - start
23:05:22.344 [main] DEBUG o.d.dataset.AbstractTableMetaData - getColumnIndex(columnName=order_order_number) - start
23:05:22.345 [main] DEBUG o.d.dataset.AbstractTableMetaData - getColumnIndex(columnName=product_sku_number) - start
23:05:22.345 [main] DEBUG o.d.dataset.AbstractTableMetaData - getColumnIndex(columnName=quantity) - start
23:05:22.345 [main] DEBUG o.dbunit.dataset.OrderedTableNameMap - getLastTableName() - start
23:05:22.345 [main] DEBUG o.dbunit.dataset.OrderedTableNameMap - getTableName(tableName=order_items) - start
23:05:22.345 [main] DEBUG o.dbunit.dataset.OrderedTableNameMap - getTableName(tableName=order_items) - end - result=ORDER_ITEMS
23:05:22.347 [main] DEBUG org.dbunit.dataset.CachedDataSet - row(values=4) - start
23:05:22.347 [main] DEBUG org.dbunit.dataset.DefaultTable - addRow(values=4) - start
23:05:22.347 [main] DEBUG o.dbunit.dataset.xml.FlatXmlProducer - endElement(uri=, localName=, qName=order_items) - start
23:05:22.347 [main] DEBUG o.dbunit.dataset.xml.FlatXmlProducer - startElement(uri=, localName=, qName=orders, attributes=org.apache.xerces.parsers.AbstractSAXParser$AttributesProxy@106fc94) - start
23:05:22.347 [main] DEBUG o.dbunit.dataset.OrderedTableNameMap - getLastTableName() - start
23:05:22.349 [main] DEBUG o.dbunit.dataset.OrderedTableNameMap - getTableName(tableName=order_items) - start
23:05:22.349 [main] DEBUG o.dbunit.dataset.OrderedTableNameMap - getTableName(tableName=order_items) - end - result=ORDER_ITEMS
23:05:22.349 [main] DEBUG o.dbunit.dataset.OrderedTableNameMap - isLastTable(tableName=orders) - start
23:05:22.349 [main] DEBUG o.dbunit.dataset.OrderedTableNameMap - getLastTableName() - start
23:05:22.349 [main] DEBUG o.dbunit.dataset.OrderedTableNameMap - getTableName(tableName=order_items) - start
23:05:22.351 [main] DEBUG o.dbunit.dataset.OrderedTableNameMap - getTableName(tableName=order_items) - end - result=ORDER_ITEMS
23:05:22.351 [main] DEBUG o.dbunit.dataset.OrderedTableNameMap - getTableName(tableName=orders) - start
23:05:22.351 [main] DEBUG o.dbunit.dataset.OrderedTableNameMap - getTableName(tableName=orders) - end - result=ORDERS
23:05:22.351 [main] DEBUG org.dbunit.dataset.CachedDataSet - endTable() - start
23:05:22.351 [main] DEBUG o.dbunit.dataset.OrderedTableNameMap - getTableName(tableName=order_items) - start
23:05:22.355 [main] DEBUG o.dbunit.dataset.OrderedTableNameMap - getTableName(tableName=order_items) - end - result=ORDER_ITEMS
23:05:22.356 [main] DEBUG o.dbunit.dataset.OrderedTableNameMap - getTableName(tableName=order_items) - start
23:05:22.356 [main] DEBUG o.dbunit.dataset.OrderedTableNameMap - getTableName(tableName=order_items) - end - result=ORDER_ITEMS
23:05:22.356 [main] DEBUG org.dbunit.dataset.DefaultTable - addTableRows(table=org.dbunit.dataset.DefaultTable[_metaData=tableName=order_items, columns=[(id, UNKNOWN, nullableUnknown), (order_order_number, UNKNOWN, nullableUnknown), (product_sku_number, UNKNOWN, nullableUnknown), (quantity, UNKNOWN, nullableUnknown)], keys=[], _rowList.size()=1]) - start
23:05:22.358 [main] DEBUG org.dbunit.dataset.DefaultTable - getValue(row=0, column=id) - start
23:05:22.359 [main] DEBUG org.dbunit.dataset.AbstractTable - assertValidRowIndex(row=0) - start
23:05:22.359 [main] DEBUG org.dbunit.dataset.AbstractTable - assertValidRowIndex(row=0, rowCount=1) - start
23:05:22.359 [main] DEBUG org.dbunit.dataset.AbstractTable - getColumnIndex(columnName=id) - start
23:05:22.359 [main] DEBUG o.d.dataset.AbstractTableMetaData - getColumnIndex(columnName=id) - start
23:05:22.359 [main] DEBUG org.dbunit.dataset.DefaultTable - getValue(row=0, column=order_order_number) - start
23:05:22.459 [main] DEBUG org.dbunit.dataset.AbstractTable - assertValidRowIndex(row=0) - start
23:05:22.459 [main] DEBUG org.dbunit.dataset.AbstractTable - assertValidRowIndex(row=0, rowCount=1) - start
23:05:22.459 [main] DEBUG org.dbunit.dataset.AbstractTable - getColumnIndex(columnName=order_order_number) - start
23:05:22.459 [main] DEBUG o.d.dataset.AbstractTableMetaData - getColumnIndex(columnName=order_order_number) - start
23:05:22.459 [main] DEBUG org.dbunit.dataset.DefaultTable - getValue(row=0, column=product_sku_number) - start
23:05:22.460 [main] DEBUG org.dbunit.dataset.AbstractTable - assertValidRowIndex(row=0) - start
23:05:22.460 [main] DEBUG org.dbunit.dataset.AbstractTable - assertValidRowIndex(row=0, rowCount=1) - start
23:05:22.460 [main] DEBUG org.dbunit.dataset.AbstractTable - getColumnIndex(columnName=product_sku_number) - start
23:05:22.460 [main] DEBUG o.d.dataset.AbstractTableMetaData - getColumnIndex(columnName=product_sku_number) - start
23:05:22.460 [main] DEBUG org.dbunit.dataset.DefaultTable - getValue(row=0, column=quantity) - start
23:05:22.462 [main] DEBUG org.dbunit.dataset.AbstractTable - assertValidRowIndex(row=0) - start
23:05:22.462 [main] DEBUG org.dbunit.dataset.AbstractTable - assertValidRowIndex(row=0, rowCount=1) - start
23:05:22.462 [main] DEBUG org.dbunit.dataset.AbstractTable - getColumnIndex(columnName=quantity) - start
23:05:22.462 [main] DEBUG o.d.dataset.AbstractTableMetaData - getColumnIndex(columnName=quantity) - start
23:05:22.462 [main] DEBUG org.dbunit.dataset.DefaultTable - getValue(row=1, column=id) - start
23:05:22.464 [main] DEBUG org.dbunit.dataset.AbstractTable - assertValidRowIndex(row=1) - start
23:05:22.464 [main] DEBUG org.dbunit.dataset.AbstractTable - assertValidRowIndex(row=1, rowCount=1) - start
23:05:22.464 [main] DEBUG o.dbunit.dataset.OrderedTableNameMap - getTableName(tableName=orders) - start
23:05:22.464 [main] DEBUG o.dbunit.dataset.OrderedTableNameMap - getTableName(tableName=orders) - end - result=ORDERS
23:05:22.464 [main] DEBUG o.dbunit.dataset.OrderedTableNameMap - getTableName(tableName=orders) - start
23:05:22.465 [main] DEBUG o.dbunit.dataset.OrderedTableNameMap - getTableName(tableName=orders) - end - result=ORDERS
23:05:22.465 [main] DEBUG o.dbunit.dataset.OrderedTableNameMap - setLastTable(nameorders) - start
23:05:22.465 [main] DEBUG o.dbunit.dataset.OrderedTableNameMap - getTableName(tableName=orders) - start
23:05:22.465 [main] DEBUG o.dbunit.dataset.OrderedTableNameMap - getTableName(tableName=orders) - end - result=ORDERS
23:05:22.465 [main] DEBUG org.dbunit.dataset.CachedDataSet - startTable(metaData=tableName=orders, columns=[(order_number, UNKNOWN, nullableUnknown), (customer_id, UNKNOWN, nullableUnknown), (date, UNKNOWN, nullableUnknown), (amount, UNKNOWN, nullableUnknown), (order_status, UNKNOWN, nullableUnknown), (discount_status, UNKNOWN, nullableUnknown)], keys=[]) - start
23:05:22.467 [main] DEBUG o.dbunit.dataset.OrderedTableNameMap - getLastTableName() - start
23:05:22.467 [main] DEBUG o.dbunit.dataset.OrderedTableNameMap - getTableName(tableName=orders) - start
23:05:22.467 [main] DEBUG o.dbunit.dataset.OrderedTableNameMap - getTableName(tableName=orders) - end - result=ORDERS
23:05:22.467 [main] DEBUG o.d.dataset.AbstractTableMetaData - getColumnIndex(columnName=order_number) - start
23:05:22.467 [main] DEBUG o.d.dataset.AbstractTableMetaData - getColumnIndex(columnName=customer_id) - start
23:05:22.469 [main] DEBUG o.d.dataset.AbstractTableMetaData - getColumnIndex(columnName=date) - start
23:05:22.469 [main] DEBUG o.d.dataset.AbstractTableMetaData - getColumnIndex(columnName=amount) - start
23:05:22.469 [main] DEBUG o.d.dataset.AbstractTableMetaData - getColumnIndex(columnName=order_status) - start
23:05:22.469 [main] DEBUG o.d.dataset.AbstractTableMetaData - getColumnIndex(columnName=discount_status) - start
23:05:22.469 [main] DEBUG o.dbunit.dataset.OrderedTableNameMap - getLastTableName() - start
23:05:22.471 [main] DEBUG o.dbunit.dataset.OrderedTableNameMap - getTableName(tableName=orders) - start
23:05:22.471 [main] DEBUG o.dbunit.dataset.OrderedTableNameMap - getTableName(tableName=orders) - end - result=ORDERS
23:05:22.471 [main] DEBUG org.dbunit.dataset.CachedDataSet - row(values=4) - start
23:05:22.471 [main] DEBUG org.dbunit.dataset.DefaultTable - addRow(values=4) - start
23:05:22.471 [main] DEBUG o.dbunit.dataset.xml.FlatXmlProducer - endElement(uri=, localName=, qName=orders) - start
23:05:22.471 [main] DEBUG o.dbunit.dataset.xml.FlatXmlProducer - startElement(uri=, localName=, qName=order_items, attributes=org.apache.xerces.parsers.AbstractSAXParser$AttributesProxy@106fc94) - start
23:05:22.472 [main] DEBUG o.dbunit.dataset.OrderedTableNameMap - getLastTableName() - start
23:05:22.472 [main] DEBUG o.dbunit.dataset.OrderedTableNameMap - getTableName(tableName=orders) - start
23:05:22.472 [main] DEBUG o.dbunit.dataset.OrderedTableNameMap - getTableName(tableName=orders) - end - result=ORDERS
23:05:22.472 [main] DEBUG o.dbunit.dataset.OrderedTableNameMap - isLastTable(tableName=order_items) - start
23:05:22.472 [main] DEBUG o.dbunit.dataset.OrderedTableNameMap - getLastTableName() - start
23:05:22.474 [main] DEBUG o.dbunit.dataset.OrderedTableNameMap - getTableName(tableName=orders) - start
23:05:22.474 [main] DEBUG o.dbunit.dataset.OrderedTableNameMap - getTableName(tableName=orders) - end - result=ORDERS
23:05:22.474 [main] DEBUG o.dbunit.dataset.OrderedTableNameMap - getTableName(tableName=order_items) - start
23:05:22.474 [main] DEBUG o.dbunit.dataset.OrderedTableNameMap - getTableName(tableName=order_items) - end - result=ORDER_ITEMS
23:05:22.474 [main] DEBUG org.dbunit.dataset.CachedDataSet - endTable() - start
23:05:22.476 [main] DEBUG o.dbunit.dataset.OrderedTableNameMap - getTableName(tableName=orders) - start
23:05:22.476 [main] DEBUG o.dbunit.dataset.OrderedTableNameMap - getTableName(tableName=orders) - end - result=ORDERS
23:05:22.476 [main] DEBUG o.dbunit.dataset.OrderedTableNameMap - getTableName(tableName=orders) - start
23:05:22.476 [main] DEBUG o.dbunit.dataset.OrderedTableNameMap - getTableName(tableName=orders) - end - result=ORDERS
23:05:22.476 [main] DEBUG org.dbunit.dataset.DefaultTable - addTableRows(table=org.dbunit.dataset.DefaultTable[_metaData=tableName=orders, columns=[(order_number, UNKNOWN, nullableUnknown), (customer_id, UNKNOWN, nullableUnknown), (date, UNKNOWN, nullableUnknown), (amount, UNKNOWN, nullableUnknown), (order_status, UNKNOWN, nullableUnknown), (discount_status, UNKNOWN, nullableUnknown)], keys=[], _rowList.size()=1]) - start
23:05:22.478 [main] DEBUG org.dbunit.dataset.DefaultTable - getValue(row=0, column=order_number) - start
23:05:22.478 [main] DEBUG org.dbunit.dataset.AbstractTable - assertValidRowIndex(row=0) - start
23:05:22.478 [main] DEBUG org.dbunit.dataset.AbstractTable - assertValidRowIndex(row=0, rowCount=1) - start
23:05:22.478 [main] DEBUG org.dbunit.dataset.AbstractTable - getColumnIndex(columnName=order_number) - start
23:05:22.478 [main] DEBUG o.d.dataset.AbstractTableMetaData - getColumnIndex(columnName=order_number) - start
23:05:22.479 [main] DEBUG org.dbunit.dataset.DefaultTable - getValue(row=0, column=customer_id) - start
23:05:22.479 [main] DEBUG org.dbunit.dataset.AbstractTable - assertValidRowIndex(row=0) - start
23:05:22.479 [main] DEBUG org.dbunit.dataset.AbstractTable - assertValidRowIndex(row=0, rowCount=1) - start
23:05:22.479 [main] DEBUG org.dbunit.dataset.AbstractTable - getColumnIndex(columnName=customer_id) - start
23:05:22.479 [main] DEBUG o.d.dataset.AbstractTableMetaData - getColumnIndex(columnName=customer_id) - start
23:05:22.482 [main] DEBUG org.dbunit.dataset.DefaultTable - getValue(row=0, column=date) - start
23:05:22.482 [main] DEBUG org.dbunit.dataset.AbstractTable - assertValidRowIndex(row=0) - start
23:05:22.482 [main] DEBUG org.dbunit.dataset.AbstractTable - assertValidRowIndex(row=0, rowCount=1) - start
23:05:22.482 [main] DEBUG org.dbunit.dataset.AbstractTable - getColumnIndex(columnName=date) - start
23:05:22.482 [main] DEBUG o.d.dataset.AbstractTableMetaData - getColumnIndex(columnName=date) - start
23:05:22.482 [main] DEBUG org.dbunit.dataset.DefaultTable - getValue(row=0, column=amount) - start
23:05:22.483 [main] DEBUG org.dbunit.dataset.AbstractTable - assertValidRowIndex(row=0) - start
23:05:22.483 [main] DEBUG org.dbunit.dataset.AbstractTable - assertValidRowIndex(row=0, rowCount=1) - start
23:05:22.483 [main] DEBUG org.dbunit.dataset.AbstractTable - getColumnIndex(columnName=amount) - start
23:05:22.483 [main] DEBUG o.d.dataset.AbstractTableMetaData - getColumnIndex(columnName=amount) - start
23:05:22.483 [main] DEBUG org.dbunit.dataset.DefaultTable - getValue(row=0, column=order_status) - start
23:05:22.485 [main] DEBUG org.dbunit.dataset.AbstractTable - assertValidRowIndex(row=0) - start
23:05:22.485 [main] DEBUG org.dbunit.dataset.AbstractTable - assertValidRowIndex(row=0, rowCount=1) - start
23:05:22.485 [main] DEBUG org.dbunit.dataset.AbstractTable - getColumnIndex(columnName=order_status) - start
23:05:22.485 [main] DEBUG o.d.dataset.AbstractTableMetaData - getColumnIndex(columnName=order_status) - start
23:05:22.485 [main] DEBUG org.dbunit.dataset.DefaultTable - getValue(row=0, column=discount_status) - start
23:05:22.487 [main] DEBUG org.dbunit.dataset.AbstractTable - assertValidRowIndex(row=0) - start
23:05:22.487 [main] DEBUG org.dbunit.dataset.AbstractTable - assertValidRowIndex(row=0, rowCount=1) - start
23:05:22.487 [main] DEBUG org.dbunit.dataset.AbstractTable - getColumnIndex(columnName=discount_status) - start
23:05:22.487 [main] DEBUG o.d.dataset.AbstractTableMetaData - getColumnIndex(columnName=discount_status) - start
23:05:22.487 [main] DEBUG org.dbunit.dataset.DefaultTable - getValue(row=1, column=order_number) - start
23:05:22.488 [main] DEBUG org.dbunit.dataset.AbstractTable - assertValidRowIndex(row=1) - start
23:05:22.488 [main] DEBUG org.dbunit.dataset.AbstractTable - assertValidRowIndex(row=1, rowCount=1) - start
23:05:22.488 [main] DEBUG o.dbunit.dataset.OrderedTableNameMap - getTableName(tableName=order_items) - start
23:05:22.488 [main] DEBUG o.dbunit.dataset.OrderedTableNameMap - getTableName(tableName=order_items) - end - result=ORDER_ITEMS
23:05:22.488 [main] DEBUG o.dbunit.dataset.OrderedTableNameMap - getTableName(tableName=order_items) - start
23:05:22.490 [main] DEBUG o.dbunit.dataset.OrderedTableNameMap - getTableName(tableName=order_items) - end - result=ORDER_ITEMS
23:05:22.490 [main] DEBUG o.dbunit.dataset.OrderedTableNameMap - setLastTable(nameorder_items) - start
23:05:22.490 [main] DEBUG o.dbunit.dataset.OrderedTableNameMap - getTableName(tableName=order_items) - start
23:05:22.490 [main] DEBUG o.dbunit.dataset.OrderedTableNameMap - getTableName(tableName=order_items) - end - result=ORDER_ITEMS
23:05:22.490 [main] DEBUG org.dbunit.dataset.CachedDataSet - startTable(metaData=tableName=order_items, columns=[(id, UNKNOWN, nullableUnknown), (order_order_number, UNKNOWN, nullableUnknown), (product_sku_number, UNKNOWN, nullableUnknown), (quantity, UNKNOWN, nullableUnknown)], keys=[]) - start
23:05:22.491 [main] DEBUG o.dbunit.dataset.OrderedTableNameMap - getLastTableName() - start
23:05:22.491 [main] DEBUG o.dbunit.dataset.OrderedTableNameMap - getTableName(tableName=order_items) - start
23:05:22.491 [main] DEBUG o.dbunit.dataset.OrderedTableNameMap - getTableName(tableName=order_items) - end - result=ORDER_ITEMS
23:05:22.491 [main] DEBUG o.d.dataset.AbstractTableMetaData - getColumnIndex(columnName=id) - start
23:05:22.491 [main] DEBUG o.d.dataset.AbstractTableMetaData - getColumnIndex(columnName=order_order_number) - start
23:05:22.493 [main] DEBUG o.d.dataset.AbstractTableMetaData - getColumnIndex(columnName=product_sku_number) - start
23:05:22.493 [main] DEBUG o.d.dataset.AbstractTableMetaData - getColumnIndex(columnName=quantity) - start
23:05:22.493 [main] DEBUG o.dbunit.dataset.OrderedTableNameMap - getLastTableName() - start
23:05:22.493 [main] DEBUG o.dbunit.dataset.OrderedTableNameMap - getTableName(tableName=order_items) - start
23:05:22.493 [main] DEBUG o.dbunit.dataset.OrderedTableNameMap - getTableName(tableName=order_items) - end - result=ORDER_ITEMS
23:05:22.495 [main] DEBUG org.dbunit.dataset.CachedDataSet - row(values=5) - start
23:05:22.495 [main] DEBUG org.dbunit.dataset.DefaultTable - addRow(values=5) - start
23:05:22.495 [main] DEBUG o.dbunit.dataset.xml.FlatXmlProducer - endElement(uri=, localName=, qName=order_items) - start
23:05:22.495 [main] DEBUG o.dbunit.dataset.xml.FlatXmlProducer - startElement(uri=, localName=, qName=orders, attributes=org.apache.xerces.parsers.AbstractSAXParser$AttributesProxy@106fc94) - start
23:05:22.495 [main] DEBUG o.dbunit.dataset.OrderedTableNameMap - getLastTableName() - start
23:05:22.497 [main] DEBUG o.dbunit.dataset.OrderedTableNameMap - getTableName(tableName=order_items) - start
23:05:22.497 [main] DEBUG o.dbunit.dataset.OrderedTableNameMap - getTableName(tableName=order_items) - end - result=ORDER_ITEMS
23:05:22.497 [main] DEBUG o.dbunit.dataset.OrderedTableNameMap - isLastTable(tableName=orders) - start
23:05:22.497 [main] DEBUG o.dbunit.dataset.OrderedTableNameMap - getLastTableName() - start
23:05:22.497 [main] DEBUG o.dbunit.dataset.OrderedTableNameMap - getTableName(tableName=order_items) - start
23:05:22.498 [main] DEBUG o.dbunit.dataset.OrderedTableNameMap - getTableName(tableName=order_items) - end - result=ORDER_ITEMS
23:05:22.498 [main] DEBUG o.dbunit.dataset.OrderedTableNameMap - getTableName(tableName=orders) - start
23:05:22.498 [main] DEBUG o.dbunit.dataset.OrderedTableNameMap - getTableName(tableName=orders) - end - result=ORDERS
23:05:22.498 [main] DEBUG org.dbunit.dataset.CachedDataSet - endTable() - start
23:05:22.498 [main] DEBUG o.dbunit.dataset.OrderedTableNameMap - getTableName(tableName=order_items) - start
23:05:22.500 [main] DEBUG o.dbunit.dataset.OrderedTableNameMap - getTableName(tableName=order_items) - end - result=ORDER_ITEMS
23:05:22.500 [main] DEBUG o.dbunit.dataset.OrderedTableNameMap - getTableName(tableName=order_items) - start
23:05:22.500 [main] DEBUG o.dbunit.dataset.OrderedTableNameMap - getTableName(tableName=order_items) - end - result=ORDER_ITEMS
23:05:22.500 [main] DEBUG org.dbunit.dataset.DefaultTable - addTableRows(table=org.dbunit.dataset.DefaultTable[_metaData=tableName=order_items, columns=[(id, UNKNOWN, nullableUnknown), (order_order_number, UNKNOWN, nullableUnknown), (product_sku_number, UNKNOWN, nullableUnknown), (quantity, UNKNOWN, nullableUnknown)], keys=[], _rowList.size()=1]) - start
23:05:22.502 [main] DEBUG org.dbunit.dataset.DefaultTable - getValue(row=0, column=id) - start
23:05:22.502 [main] DEBUG org.dbunit.dataset.AbstractTable - assertValidRowIndex(row=0) - start
23:05:22.502 [main] DEBUG org.dbunit.dataset.AbstractTable - assertValidRowIndex(row=0, rowCount=1) - start
23:05:22.502 [main] DEBUG org.dbunit.dataset.AbstractTable - getColumnIndex(columnName=id) - start
23:05:22.502 [main] DEBUG o.d.dataset.AbstractTableMetaData - getColumnIndex(columnName=id) - start
23:05:22.502 [main] DEBUG org.dbunit.dataset.DefaultTable - getValue(row=0, column=order_order_number) - start
23:05:22.503 [main] DEBUG org.dbunit.dataset.AbstractTable - assertValidRowIndex(row=0) - start
23:05:22.504 [main] DEBUG org.dbunit.dataset.AbstractTable - assertValidRowIndex(row=0, rowCount=1) - start
23:05:22.504 [main] DEBUG org.dbunit.dataset.AbstractTable - getColumnIndex(columnName=order_order_number) - start
23:05:22.504 [main] DEBUG o.d.dataset.AbstractTableMetaData - getColumnIndex(columnName=order_order_number) - start
23:05:22.504 [main] DEBUG org.dbunit.dataset.DefaultTable - getValue(row=0, column=product_sku_number) - start
23:05:22.506 [main] DEBUG org.dbunit.dataset.AbstractTable - assertValidRowIndex(row=0) - start
23:05:22.506 [main] DEBUG org.dbunit.dataset.AbstractTable - assertValidRowIndex(row=0, rowCount=1) - start
23:05:22.506 [main] DEBUG org.dbunit.dataset.AbstractTable - getColumnIndex(columnName=product_sku_number) - start
23:05:22.506 [main] DEBUG o.d.dataset.AbstractTableMetaData - getColumnIndex(columnName=product_sku_number) - start
23:05:22.506 [main] DEBUG org.dbunit.dataset.DefaultTable - getValue(row=0, column=quantity) - start
23:05:22.507 [main] DEBUG org.dbunit.dataset.AbstractTable - assertValidRowIndex(row=0) - start
23:05:22.507 [main] DEBUG org.dbunit.dataset.AbstractTable - assertValidRowIndex(row=0, rowCount=1) - start
23:05:22.508 [main] DEBUG org.dbunit.dataset.AbstractTable - getColumnIndex(columnName=quantity) - start
23:05:22.508 [main] DEBUG o.d.dataset.AbstractTableMetaData - getColumnIndex(columnName=quantity) - start
23:05:22.508 [main] DEBUG org.dbunit.dataset.DefaultTable - getValue(row=1, column=id) - start
23:05:22.509 [main] DEBUG org.dbunit.dataset.AbstractTable - assertValidRowIndex(row=1) - start
23:05:22.509 [main] DEBUG org.dbunit.dataset.AbstractTable - assertValidRowIndex(row=1, rowCount=1) - start
23:05:22.509 [main] DEBUG o.dbunit.dataset.OrderedTableNameMap - getTableName(tableName=orders) - start
23:05:22.509 [main] DEBUG o.dbunit.dataset.OrderedTableNameMap - getTableName(tableName=orders) - end - result=ORDERS
23:05:22.509 [main] DEBUG o.dbunit.dataset.OrderedTableNameMap - getTableName(tableName=orders) - start
23:05:22.511 [main] DEBUG o.dbunit.dataset.OrderedTableNameMap - getTableName(tableName=orders) - end - result=ORDERS
23:05:22.511 [main] DEBUG o.dbunit.dataset.OrderedTableNameMap - setLastTable(nameorders) - start
23:05:22.511 [main] DEBUG o.dbunit.dataset.OrderedTableNameMap - getTableName(tableName=orders) - start
23:05:22.511 [main] DEBUG o.dbunit.dataset.OrderedTableNameMap - getTableName(tableName=orders) - end - result=ORDERS
23:05:22.511 [main] DEBUG org.dbunit.dataset.CachedDataSet - startTable(metaData=tableName=orders, columns=[(order_number, UNKNOWN, nullableUnknown), (customer_id, UNKNOWN, nullableUnknown), (date, UNKNOWN, nullableUnknown), (amount, UNKNOWN, nullableUnknown), (order_status, UNKNOWN, nullableUnknown), (discount_status, UNKNOWN, nullableUnknown)], keys=[]) - start
23:05:22.512 [main] DEBUG o.dbunit.dataset.OrderedTableNameMap - getLastTableName() - start
23:05:22.512 [main] DEBUG o.dbunit.dataset.OrderedTableNameMap - getTableName(tableName=orders) - start
23:05:22.512 [main] DEBUG o.dbunit.dataset.OrderedTableNameMap - getTableName(tableName=orders) - end - result=ORDERS
23:05:22.512 [main] DEBUG o.d.dataset.AbstractTableMetaData - getColumnIndex(columnName=order_number) - start
23:05:22.512 [main] DEBUG o.d.dataset.AbstractTableMetaData - getColumnIndex(columnName=customer_id) - start
23:05:22.514 [main] DEBUG o.d.dataset.AbstractTableMetaData - getColumnIndex(columnName=date) - start
23:05:22.514 [main] DEBUG o.d.dataset.AbstractTableMetaData - getColumnIndex(columnName=amount) - start
23:05:22.514 [main] DEBUG o.d.dataset.AbstractTableMetaData - getColumnIndex(columnName=order_status) - start
23:05:22.514 [main] DEBUG o.d.dataset.AbstractTableMetaData - getColumnIndex(columnName=discount_status) - start
23:05:22.514 [main] DEBUG o.dbunit.dataset.OrderedTableNameMap - getLastTableName() - start
23:05:22.516 [main] DEBUG o.dbunit.dataset.OrderedTableNameMap - getTableName(tableName=orders) - start
23:05:22.516 [main] DEBUG o.dbunit.dataset.OrderedTableNameMap - getTableName(tableName=orders) - end - result=ORDERS
23:05:22.516 [main] DEBUG org.dbunit.dataset.CachedDataSet - row(values=5) - start
23:05:22.516 [main] DEBUG org.dbunit.dataset.DefaultTable - addRow(values=5) - start
23:05:22.516 [main] DEBUG o.dbunit.dataset.xml.FlatXmlProducer - endElement(uri=, localName=, qName=orders) - start
23:05:22.516 [main] DEBUG o.dbunit.dataset.xml.FlatXmlProducer - startElement(uri=, localName=, qName=order_items, attributes=org.apache.xerces.parsers.AbstractSAXParser$AttributesProxy@106fc94) - start
23:05:22.517 [main] DEBUG o.dbunit.dataset.OrderedTableNameMap - getLastTableName() - start
23:05:22.517 [main] DEBUG o.dbunit.dataset.OrderedTableNameMap - getTableName(tableName=orders) - start
23:05:22.517 [main] DEBUG o.dbunit.dataset.OrderedTableNameMap - getTableName(tableName=orders) - end - result=ORDERS
23:05:22.517 [main] DEBUG o.dbunit.dataset.OrderedTableNameMap - isLastTable(tableName=order_items) - start
23:05:22.518 [main] DEBUG o.dbunit.dataset.OrderedTableNameMap - getLastTableName() - start
23:05:22.519 [main] DEBUG o.dbunit.dataset.OrderedTableNameMap - getTableName(tableName=orders) - start
23:05:22.519 [main] DEBUG o.dbunit.dataset.OrderedTableNameMap - getTableName(tableName=orders) - end - result=ORDERS
23:05:22.519 [main] DEBUG o.dbunit.dataset.OrderedTableNameMap - getTableName(tableName=order_items) - start
23:05:22.519 [main] DEBUG o.dbunit.dataset.OrderedTableNameMap - getTableName(tableName=order_items) - end - result=ORDER_ITEMS
23:05:22.519 [main] DEBUG org.dbunit.dataset.CachedDataSet - endTable() - start
23:05:22.521 [main] DEBUG o.dbunit.dataset.OrderedTableNameMap - getTableName(tableName=orders) - start
23:05:22.521 [main] DEBUG o.dbunit.dataset.OrderedTableNameMap - getTableName(tableName=orders) - end - result=ORDERS
23:05:22.521 [main] DEBUG o.dbunit.dataset.OrderedTableNameMap - getTableName(tableName=orders) - start
23:05:22.521 [main] DEBUG o.dbunit.dataset.OrderedTableNameMap - getTableName(tableName=orders) - end - result=ORDERS
23:05:22.521 [main] DEBUG org.dbunit.dataset.DefaultTable - addTableRows(table=org.dbunit.dataset.DefaultTable[_metaData=tableName=orders, columns=[(order_number, UNKNOWN, nullableUnknown), (customer_id, UNKNOWN, nullableUnknown), (date, UNKNOWN, nullableUnknown), (amount, UNKNOWN, nullableUnknown), (order_status, UNKNOWN, nullableUnknown), (discount_status, UNKNOWN, nullableUnknown)], keys=[], _rowList.size()=1]) - start
23:05:22.523 [main] DEBUG org.dbunit.dataset.DefaultTable - getValue(row=0, column=order_number) - start
23:05:22.523 [main] DEBUG org.dbunit.dataset.AbstractTable - assertValidRowIndex(row=0) - start
23:05:22.523 [main] DEBUG org.dbunit.dataset.AbstractTable - assertValidRowIndex(row=0, rowCount=1) - start
23:05:22.523 [main] DEBUG org.dbunit.dataset.AbstractTable - getColumnIndex(columnName=order_number) - start
23:05:22.523 [main] DEBUG o.d.dataset.AbstractTableMetaData - getColumnIndex(columnName=order_number) - start
23:05:22.525 [main] DEBUG org.dbunit.dataset.DefaultTable - getValue(row=0, column=customer_id) - start
23:05:22.525 [main] DEBUG org.dbunit.dataset.AbstractTable - assertValidRowIndex(row=0) - start
23:05:22.525 [main] DEBUG org.dbunit.dataset.AbstractTable - assertValidRowIndex(row=0, rowCount=1) - start
23:05:22.525 [main] DEBUG org.dbunit.dataset.AbstractTable - getColumnIndex(columnName=customer_id) - start
23:05:22.525 [main] DEBUG o.d.dataset.AbstractTableMetaData - getColumnIndex(columnName=customer_id) - start
23:05:22.527 [main] DEBUG org.dbunit.dataset.DefaultTable - getValue(row=0, column=date) - start
23:05:22.527 [main] DEBUG org.dbunit.dataset.AbstractTable - assertValidRowIndex(row=0) - start
23:05:22.527 [main] DEBUG org.dbunit.dataset.AbstractTable - assertValidRowIndex(row=0, rowCount=1) - start
23:05:22.527 [main] DEBUG org.dbunit.dataset.AbstractTable - getColumnIndex(columnName=date) - start
23:05:22.527 [main] DEBUG o.d.dataset.AbstractTableMetaData - getColumnIndex(columnName=date) - start
23:05:22.527 [main] DEBUG org.dbunit.dataset.DefaultTable - getValue(row=0, column=amount) - start
23:05:22.529 [main] DEBUG org.dbunit.dataset.AbstractTable - assertValidRowIndex(row=0) - start
23:05:22.529 [main] DEBUG org.dbunit.dataset.AbstractTable - assertValidRowIndex(row=0, rowCount=1) - start
23:05:22.529 [main] DEBUG org.dbunit.dataset.AbstractTable - getColumnIndex(columnName=amount) - start
23:05:22.529 [main] DEBUG o.d.dataset.AbstractTableMetaData - getColumnIndex(columnName=amount) - start
23:05:22.529 [main] DEBUG org.dbunit.dataset.DefaultTable - getValue(row=0, column=order_status) - start
23:05:22.530 [main] DEBUG org.dbunit.dataset.AbstractTable - assertValidRowIndex(row=0) - start
23:05:22.530 [main] DEBUG org.dbunit.dataset.AbstractTable - assertValidRowIndex(row=0, rowCount=1) - start
23:05:22.530 [main] DEBUG org.dbunit.dataset.AbstractTable - getColumnIndex(columnName=order_status) - start
23:05:22.530 [main] DEBUG o.d.dataset.AbstractTableMetaData - getColumnIndex(columnName=order_status) - start
23:05:22.530 [main] DEBUG org.dbunit.dataset.DefaultTable - getValue(row=0, column=discount_status) - start
23:05:22.532 [main] DEBUG org.dbunit.dataset.AbstractTable - assertValidRowIndex(row=0) - start
23:05:22.532 [main] DEBUG org.dbunit.dataset.AbstractTable - assertValidRowIndex(row=0, rowCount=1) - start
23:05:22.532 [main] DEBUG org.dbunit.dataset.AbstractTable - getColumnIndex(columnName=discount_status) - start
23:05:22.532 [main] DEBUG o.d.dataset.AbstractTableMetaData - getColumnIndex(columnName=discount_status) - start
23:05:22.532 [main] DEBUG org.dbunit.dataset.DefaultTable - getValue(row=1, column=order_number) - start
23:05:22.534 [main] DEBUG org.dbunit.dataset.AbstractTable - assertValidRowIndex(row=1) - start
23:05:22.534 [main] DEBUG org.dbunit.dataset.AbstractTable - assertValidRowIndex(row=1, rowCount=1) - start
23:05:22.534 [main] DEBUG o.dbunit.dataset.OrderedTableNameMap - getTableName(tableName=order_items) - start
23:05:22.534 [main] DEBUG o.dbunit.dataset.OrderedTableNameMap - getTableName(tableName=order_items) - end - result=ORDER_ITEMS
23:05:22.534 [main] DEBUG o.dbunit.dataset.OrderedTableNameMap - getTableName(tableName=order_items) - start
23:05:22.535 [main] DEBUG o.dbunit.dataset.OrderedTableNameMap - getTableName(tableName=order_items) - end - result=ORDER_ITEMS
23:05:22.535 [main] DEBUG o.dbunit.dataset.OrderedTableNameMap - setLastTable(nameorder_items) - start
23:05:22.535 [main] DEBUG o.dbunit.dataset.OrderedTableNameMap - getTableName(tableName=order_items) - start
23:05:22.535 [main] DEBUG o.dbunit.dataset.OrderedTableNameMap - getTableName(tableName=order_items) - end - result=ORDER_ITEMS
23:05:22.535 [main] DEBUG org.dbunit.dataset.CachedDataSet - startTable(metaData=tableName=order_items, columns=[(id, UNKNOWN, nullableUnknown), (order_order_number, UNKNOWN, nullableUnknown), (product_sku_number, UNKNOWN, nullableUnknown), (quantity, UNKNOWN, nullableUnknown)], keys=[]) - start
23:05:22.536 [main] DEBUG o.dbunit.dataset.OrderedTableNameMap - getLastTableName() - start
23:05:22.536 [main] DEBUG o.dbunit.dataset.OrderedTableNameMap - getTableName(tableName=order_items) - start
23:05:22.536 [main] DEBUG o.dbunit.dataset.OrderedTableNameMap - getTableName(tableName=order_items) - end - result=ORDER_ITEMS
23:05:22.536 [main] DEBUG o.d.dataset.AbstractTableMetaData - getColumnIndex(columnName=id) - start
23:05:22.536 [main] DEBUG o.d.dataset.AbstractTableMetaData - getColumnIndex(columnName=order_order_number) - start
23:05:22.539 [main] DEBUG o.d.dataset.AbstractTableMetaData - getColumnIndex(columnName=product_sku_number) - start
23:05:22.539 [main] DEBUG o.d.dataset.AbstractTableMetaData - getColumnIndex(columnName=quantity) - start
23:05:22.539 [main] DEBUG o.dbunit.dataset.OrderedTableNameMap - getLastTableName() - start
23:05:22.539 [main] DEBUG o.dbunit.dataset.OrderedTableNameMap - getTableName(tableName=order_items) - start
23:05:22.539 [main] DEBUG o.dbunit.dataset.OrderedTableNameMap - getTableName(tableName=order_items) - end - result=ORDER_ITEMS
23:05:22.540 [main] DEBUG org.dbunit.dataset.CachedDataSet - row(values=6) - start
23:05:22.541 [main] DEBUG org.dbunit.dataset.DefaultTable - addRow(values=6) - start
23:05:22.541 [main] DEBUG o.dbunit.dataset.xml.FlatXmlProducer - endElement(uri=, localName=, qName=order_items) - start
23:05:22.541 [main] DEBUG o.dbunit.dataset.xml.FlatXmlProducer - startElement(uri=, localName=, qName=order_items, attributes=org.apache.xerces.parsers.AbstractSAXParser$AttributesProxy@106fc94) - start
23:05:22.541 [main] DEBUG o.dbunit.dataset.OrderedTableNameMap - getLastTableName() - start
23:05:22.542 [main] DEBUG o.dbunit.dataset.OrderedTableNameMap - getTableName(tableName=order_items) - start
23:05:22.542 [main] DEBUG o.dbunit.dataset.OrderedTableNameMap - getTableName(tableName=order_items) - end - result=ORDER_ITEMS
23:05:22.542 [main] DEBUG o.dbunit.dataset.OrderedTableNameMap - isLastTable(tableName=order_items) - start
23:05:22.542 [main] DEBUG o.dbunit.dataset.OrderedTableNameMap - getLastTableName() - start
23:05:22.542 [main] DEBUG o.dbunit.dataset.OrderedTableNameMap - getTableName(tableName=order_items) - start
23:05:22.544 [main] DEBUG o.dbunit.dataset.OrderedTableNameMap - getTableName(tableName=order_items) - end - result=ORDER_ITEMS
23:05:22.544 [main] DEBUG o.dbunit.dataset.OrderedTableNameMap - getTableName(tableName=order_items) - start
23:05:22.544 [main] DEBUG o.dbunit.dataset.OrderedTableNameMap - getTableName(tableName=order_items) - end - result=ORDER_ITEMS
23:05:22.544 [main] DEBUG o.dbunit.dataset.OrderedTableNameMap - getLastTableName() - start
23:05:22.544 [main] DEBUG o.dbunit.dataset.OrderedTableNameMap - getTableName(tableName=order_items) - start
23:05:22.546 [main] DEBUG o.dbunit.dataset.OrderedTableNameMap - getTableName(tableName=order_items) - end - result=ORDER_ITEMS
23:05:22.546 [main] DEBUG o.d.dataset.AbstractTableMetaData - getColumnIndex(columnName=id) - start
23:05:22.546 [main] DEBUG o.d.dataset.AbstractTableMetaData - getColumnIndex(columnName=order_order_number) - start
23:05:22.546 [main] DEBUG o.d.dataset.AbstractTableMetaData - getColumnIndex(columnName=product_sku_number) - start
23:05:22.546 [main] DEBUG o.d.dataset.AbstractTableMetaData - getColumnIndex(columnName=quantity) - start
23:05:22.547 [main] DEBUG o.dbunit.dataset.OrderedTableNameMap - getLastTableName() - start
23:05:22.547 [main] DEBUG o.dbunit.dataset.OrderedTableNameMap - getTableName(tableName=order_items) - start
23:05:22.547 [main] DEBUG o.dbunit.dataset.OrderedTableNameMap - getTableName(tableName=order_items) - end - result=ORDER_ITEMS
23:05:22.547 [main] DEBUG org.dbunit.dataset.CachedDataSet - row(values=7) - start
23:05:22.547 [main] DEBUG org.dbunit.dataset.DefaultTable - addRow(values=7) - start
23:05:22.547 [main] DEBUG o.dbunit.dataset.xml.FlatXmlProducer - endElement(uri=, localName=, qName=order_items) - start
23:05:22.549 [main] DEBUG o.dbunit.dataset.xml.FlatXmlProducer - startElement(uri=, localName=, qName=orders, attributes=org.apache.xerces.parsers.AbstractSAXParser$AttributesProxy@106fc94) - start
23:05:22.549 [main] DEBUG o.dbunit.dataset.OrderedTableNameMap - getLastTableName() - start
23:05:22.549 [main] DEBUG o.dbunit.dataset.OrderedTableNameMap - getTableName(tableName=order_items) - start
23:05:22.549 [main] DEBUG o.dbunit.dataset.OrderedTableNameMap - getTableName(tableName=order_items) - end - result=ORDER_ITEMS
23:05:22.551 [main] DEBUG o.dbunit.dataset.OrderedTableNameMap - isLastTable(tableName=orders) - start
23:05:22.551 [main] DEBUG o.dbunit.dataset.OrderedTableNameMap - getLastTableName() - start
23:05:22.551 [main] DEBUG o.dbunit.dataset.OrderedTableNameMap - getTableName(tableName=order_items) - start
23:05:22.551 [main] DEBUG o.dbunit.dataset.OrderedTableNameMap - getTableName(tableName=order_items) - end - result=ORDER_ITEMS
23:05:22.551 [main] DEBUG o.dbunit.dataset.OrderedTableNameMap - getTableName(tableName=orders) - start
23:05:22.553 [main] DEBUG o.dbunit.dataset.OrderedTableNameMap - getTableName(tableName=orders) - end - result=ORDERS
23:05:22.554 [main] DEBUG org.dbunit.dataset.CachedDataSet - endTable() - start
23:05:22.554 [main] DEBUG o.dbunit.dataset.OrderedTableNameMap - getTableName(tableName=order_items) - start
23:05:22.554 [main] DEBUG o.dbunit.dataset.OrderedTableNameMap - getTableName(tableName=order_items) - end - result=ORDER_ITEMS
23:05:22.554 [main] DEBUG o.dbunit.dataset.OrderedTableNameMap - getTableName(tableName=order_items) - start
23:05:22.555 [main] DEBUG o.dbunit.dataset.OrderedTableNameMap - getTableName(tableName=order_items) - end - result=ORDER_ITEMS
23:05:22.557 [main] DEBUG org.dbunit.dataset.DefaultTable - addTableRows(table=org.dbunit.dataset.DefaultTable[_metaData=tableName=order_items, columns=[(id, UNKNOWN, nullableUnknown), (order_order_number, UNKNOWN, nullableUnknown), (product_sku_number, UNKNOWN, nullableUnknown), (quantity, UNKNOWN, nullableUnknown)], keys=[], _rowList.size()=2]) - start
23:05:22.557 [main] DEBUG org.dbunit.dataset.DefaultTable - getValue(row=0, column=id) - start
23:05:22.657 [main] DEBUG org.dbunit.dataset.AbstractTable - assertValidRowIndex(row=0) - start
23:05:22.657 [main] DEBUG org.dbunit.dataset.AbstractTable - assertValidRowIndex(row=0, rowCount=2) - start
23:05:22.657 [main] DEBUG org.dbunit.dataset.AbstractTable - getColumnIndex(columnName=id) - start
23:05:22.657 [main] DEBUG o.d.dataset.AbstractTableMetaData - getColumnIndex(columnName=id) - start
23:05:22.657 [main] DEBUG org.dbunit.dataset.DefaultTable - getValue(row=0, column=order_order_number) - start
23:05:22.658 [main] DEBUG org.dbunit.dataset.AbstractTable - assertValidRowIndex(row=0) - start
23:05:22.658 [main] DEBUG org.dbunit.dataset.AbstractTable - assertValidRowIndex(row=0, rowCount=2) - start
23:05:22.658 [main] DEBUG org.dbunit.dataset.AbstractTable - getColumnIndex(columnName=order_order_number) - start
23:05:22.658 [main] DEBUG o.d.dataset.AbstractTableMetaData - getColumnIndex(columnName=order_order_number) - start
23:05:22.658 [main] DEBUG org.dbunit.dataset.DefaultTable - getValue(row=0, column=product_sku_number) - start
23:05:22.659 [main] DEBUG org.dbunit.dataset.AbstractTable - assertValidRowIndex(row=0) - start
23:05:22.659 [main] DEBUG org.dbunit.dataset.AbstractTable - assertValidRowIndex(row=0, rowCount=2) - start
23:05:22.660 [main] DEBUG org.dbunit.dataset.AbstractTable - getColumnIndex(columnName=product_sku_number) - start
23:05:22.660 [main] DEBUG o.d.dataset.AbstractTableMetaData - getColumnIndex(columnName=product_sku_number) - start
23:05:22.660 [main] DEBUG org.dbunit.dataset.DefaultTable - getValue(row=0, column=quantity) - start
23:05:22.661 [main] DEBUG org.dbunit.dataset.AbstractTable - assertValidRowIndex(row=0) - start
23:05:22.661 [main] DEBUG org.dbunit.dataset.AbstractTable - assertValidRowIndex(row=0, rowCount=2) - start
23:05:22.661 [main] DEBUG org.dbunit.dataset.AbstractTable - getColumnIndex(columnName=quantity) - start
23:05:22.661 [main] DEBUG o.d.dataset.AbstractTableMetaData - getColumnIndex(columnName=quantity) - start
23:05:22.661 [main] DEBUG org.dbunit.dataset.DefaultTable - getValue(row=1, column=id) - start
23:05:22.663 [main] DEBUG org.dbunit.dataset.AbstractTable - assertValidRowIndex(row=1) - start
23:05:22.663 [main] DEBUG org.dbunit.dataset.AbstractTable - assertValidRowIndex(row=1, rowCount=2) - start
23:05:22.663 [main] DEBUG org.dbunit.dataset.AbstractTable - getColumnIndex(columnName=id) - start
23:05:22.663 [main] DEBUG o.d.dataset.AbstractTableMetaData - getColumnIndex(columnName=id) - start
23:05:22.663 [main] DEBUG org.dbunit.dataset.DefaultTable - getValue(row=1, column=order_order_number) - start
23:05:22.664 [main] DEBUG org.dbunit.dataset.AbstractTable - assertValidRowIndex(row=1) - start
23:05:22.664 [main] DEBUG org.dbunit.dataset.AbstractTable - assertValidRowIndex(row=1, rowCount=2) - start
23:05:22.664 [main] DEBUG org.dbunit.dataset.AbstractTable - getColumnIndex(columnName=order_order_number) - start
23:05:22.664 [main] DEBUG o.d.dataset.AbstractTableMetaData - getColumnIndex(columnName=order_order_number) - start
23:05:22.664 [main] DEBUG org.dbunit.dataset.DefaultTable - getValue(row=1, column=product_sku_number) - start
23:05:22.666 [main] DEBUG org.dbunit.dataset.AbstractTable - assertValidRowIndex(row=1) - start
23:05:22.666 [main] DEBUG org.dbunit.dataset.AbstractTable - assertValidRowIndex(row=1, rowCount=2) - start
23:05:22.666 [main] DEBUG org.dbunit.dataset.AbstractTable - getColumnIndex(columnName=product_sku_number) - start
23:05:22.666 [main] DEBUG o.d.dataset.AbstractTableMetaData - getColumnIndex(columnName=product_sku_number) - start
23:05:22.666 [main] DEBUG org.dbunit.dataset.DefaultTable - getValue(row=1, column=quantity) - start
23:05:22.667 [main] DEBUG org.dbunit.dataset.AbstractTable - assertValidRowIndex(row=1) - start
23:05:22.667 [main] DEBUG org.dbunit.dataset.AbstractTable - assertValidRowIndex(row=1, rowCount=2) - start
23:05:22.667 [main] DEBUG org.dbunit.dataset.AbstractTable - getColumnIndex(columnName=quantity) - start
23:05:22.667 [main] DEBUG o.d.dataset.AbstractTableMetaData - getColumnIndex(columnName=quantity) - start
23:05:22.667 [main] DEBUG org.dbunit.dataset.DefaultTable - getValue(row=2, column=id) - start
23:05:22.669 [main] DEBUG org.dbunit.dataset.AbstractTable - assertValidRowIndex(row=2) - start
23:05:22.669 [main] DEBUG org.dbunit.dataset.AbstractTable - assertValidRowIndex(row=2, rowCount=2) - start
23:05:22.669 [main] DEBUG o.dbunit.dataset.OrderedTableNameMap - getTableName(tableName=orders) - start
23:05:22.669 [main] DEBUG o.dbunit.dataset.OrderedTableNameMap - getTableName(tableName=orders) - end - result=ORDERS
23:05:22.669 [main] DEBUG o.dbunit.dataset.OrderedTableNameMap - getTableName(tableName=orders) - start
23:05:22.670 [main] DEBUG o.dbunit.dataset.OrderedTableNameMap - getTableName(tableName=orders) - end - result=ORDERS
23:05:22.670 [main] DEBUG o.dbunit.dataset.OrderedTableNameMap - setLastTable(nameorders) - start
23:05:22.670 [main] DEBUG o.dbunit.dataset.OrderedTableNameMap - getTableName(tableName=orders) - start
23:05:22.670 [main] DEBUG o.dbunit.dataset.OrderedTableNameMap - getTableName(tableName=orders) - end - result=ORDERS
23:05:22.670 [main] DEBUG org.dbunit.dataset.CachedDataSet - startTable(metaData=tableName=orders, columns=[(order_number, UNKNOWN, nullableUnknown), (customer_id, UNKNOWN, nullableUnknown), (date, UNKNOWN, nullableUnknown), (amount, UNKNOWN, nullableUnknown), (order_status, UNKNOWN, nullableUnknown), (discount_status, UNKNOWN, nullableUnknown)], keys=[]) - start
23:05:22.672 [main] DEBUG o.dbunit.dataset.OrderedTableNameMap - getLastTableName() - start
23:05:22.672 [main] DEBUG o.dbunit.dataset.OrderedTableNameMap - getTableName(tableName=orders) - start
23:05:22.672 [main] DEBUG o.dbunit.dataset.OrderedTableNameMap - getTableName(tableName=orders) - end - result=ORDERS
23:05:22.672 [main] DEBUG o.d.dataset.AbstractTableMetaData - getColumnIndex(columnName=order_number) - start
23:05:22.672 [main] DEBUG o.d.dataset.AbstractTableMetaData - getColumnIndex(columnName=customer_id) - start
23:05:22.674 [main] DEBUG o.d.dataset.AbstractTableMetaData - getColumnIndex(columnName=date) - start
23:05:22.674 [main] DEBUG o.d.dataset.AbstractTableMetaData - getColumnIndex(columnName=amount) - start
23:05:22.674 [main] DEBUG o.d.dataset.AbstractTableMetaData - getColumnIndex(columnName=order_status) - start
23:05:22.674 [main] DEBUG o.d.dataset.AbstractTableMetaData - getColumnIndex(columnName=discount_status) - start
23:05:22.674 [main] DEBUG o.dbunit.dataset.OrderedTableNameMap - getLastTableName() - start
23:05:22.676 [main] DEBUG o.dbunit.dataset.OrderedTableNameMap - getTableName(tableName=orders) - start
23:05:22.676 [main] DEBUG o.dbunit.dataset.OrderedTableNameMap - getTableName(tableName=orders) - end - result=ORDERS
23:05:22.676 [main] DEBUG org.dbunit.dataset.CachedDataSet - row(values=6) - start
23:05:22.676 [main] DEBUG org.dbunit.dataset.DefaultTable - addRow(values=6) - start
23:05:22.676 [main] DEBUG o.dbunit.dataset.xml.FlatXmlProducer - endElement(uri=, localName=, qName=orders) - start
23:05:22.676 [main] DEBUG o.dbunit.dataset.xml.FlatXmlProducer - startElement(uri=, localName=, qName=order_items, attributes=org.apache.xerces.parsers.AbstractSAXParser$AttributesProxy@106fc94) - start
23:05:22.677 [main] DEBUG o.dbunit.dataset.OrderedTableNameMap - getLastTableName() - start
23:05:22.677 [main] DEBUG o.dbunit.dataset.OrderedTableNameMap - getTableName(tableName=orders) - start
23:05:22.677 [main] DEBUG o.dbunit.dataset.OrderedTableNameMap - getTableName(tableName=orders) - end - result=ORDERS
23:05:22.677 [main] DEBUG o.dbunit.dataset.OrderedTableNameMap - isLastTable(tableName=order_items) - start
23:05:22.677 [main] DEBUG o.dbunit.dataset.OrderedTableNameMap - getLastTableName() - start
23:05:22.679 [main] DEBUG o.dbunit.dataset.OrderedTableNameMap - getTableName(tableName=orders) - start
23:05:22.679 [main] DEBUG o.dbunit.dataset.OrderedTableNameMap - getTableName(tableName=orders) - end - result=ORDERS
23:05:22.679 [main] DEBUG o.dbunit.dataset.OrderedTableNameMap - getTableName(tableName=order_items) - start
23:05:22.679 [main] DEBUG o.dbunit.dataset.OrderedTableNameMap - getTableName(tableName=order_items) - end - result=ORDER_ITEMS
23:05:22.679 [main] DEBUG org.dbunit.dataset.CachedDataSet - endTable() - start
23:05:22.681 [main] DEBUG o.dbunit.dataset.OrderedTableNameMap - getTableName(tableName=orders) - start
23:05:22.681 [main] DEBUG o.dbunit.dataset.OrderedTableNameMap - getTableName(tableName=orders) - end - result=ORDERS
23:05:22.681 [main] DEBUG o.dbunit.dataset.OrderedTableNameMap - getTableName(tableName=orders) - start
23:05:22.681 [main] DEBUG o.dbunit.dataset.OrderedTableNameMap - getTableName(tableName=orders) - end - result=ORDERS
23:05:22.681 [main] DEBUG org.dbunit.dataset.DefaultTable - addTableRows(table=org.dbunit.dataset.DefaultTable[_metaData=tableName=orders, columns=[(order_number, UNKNOWN, nullableUnknown), (customer_id, UNKNOWN, nullableUnknown), (date, UNKNOWN, nullableUnknown), (amount, UNKNOWN, nullableUnknown), (order_status, UNKNOWN, nullableUnknown), (discount_status, UNKNOWN, nullableUnknown)], keys=[], _rowList.size()=1]) - start
23:05:22.683 [main] DEBUG org.dbunit.dataset.DefaultTable - getValue(row=0, column=order_number) - start
23:05:22.683 [main] DEBUG org.dbunit.dataset.AbstractTable - assertValidRowIndex(row=0) - start
23:05:22.683 [main] DEBUG org.dbunit.dataset.AbstractTable - assertValidRowIndex(row=0, rowCount=1) - start
23:05:22.683 [main] DEBUG org.dbunit.dataset.AbstractTable - getColumnIndex(columnName=order_number) - start
23:05:22.683 [main] DEBUG o.d.dataset.AbstractTableMetaData - getColumnIndex(columnName=order_number) - start
23:05:22.685 [main] DEBUG org.dbunit.dataset.DefaultTable - getValue(row=0, column=customer_id) - start
23:05:22.685 [main] DEBUG org.dbunit.dataset.AbstractTable - assertValidRowIndex(row=0) - start
23:05:22.685 [main] DEBUG org.dbunit.dataset.AbstractTable - assertValidRowIndex(row=0, rowCount=1) - start
23:05:22.685 [main] DEBUG org.dbunit.dataset.AbstractTable - getColumnIndex(columnName=customer_id) - start
23:05:22.685 [main] DEBUG o.d.dataset.AbstractTableMetaData - getColumnIndex(columnName=customer_id) - start
23:05:22.687 [main] DEBUG org.dbunit.dataset.DefaultTable - getValue(row=0, column=date) - start
23:05:22.687 [main] DEBUG org.dbunit.dataset.AbstractTable - assertValidRowIndex(row=0) - start
23:05:22.687 [main] DEBUG org.dbunit.dataset.AbstractTable - assertValidRowIndex(row=0, rowCount=1) - start
23:05:22.687 [main] DEBUG org.dbunit.dataset.AbstractTable - getColumnIndex(columnName=date) - start
23:05:22.687 [main] DEBUG o.d.dataset.AbstractTableMetaData - getColumnIndex(columnName=date) - start
23:05:22.687 [main] DEBUG org.dbunit.dataset.DefaultTable - getValue(row=0, column=amount) - start
23:05:22.688 [main] DEBUG org.dbunit.dataset.AbstractTable - assertValidRowIndex(row=0) - start
23:05:22.688 [main] DEBUG org.dbunit.dataset.AbstractTable - assertValidRowIndex(row=0, rowCount=1) - start
23:05:22.688 [main] DEBUG org.dbunit.dataset.AbstractTable - getColumnIndex(columnName=amount) - start
23:05:22.688 [main] DEBUG o.d.dataset.AbstractTableMetaData - getColumnIndex(columnName=amount) - start
23:05:22.689 [main] DEBUG org.dbunit.dataset.DefaultTable - getValue(row=0, column=order_status) - start
23:05:22.690 [main] DEBUG org.dbunit.dataset.AbstractTable - assertValidRowIndex(row=0) - start
23:05:22.690 [main] DEBUG org.dbunit.dataset.AbstractTable - assertValidRowIndex(row=0, rowCount=1) - start
23:05:22.690 [main] DEBUG org.dbunit.dataset.AbstractTable - getColumnIndex(columnName=order_status) - start
23:05:22.690 [main] DEBUG o.d.dataset.AbstractTableMetaData - getColumnIndex(columnName=order_status) - start
23:05:22.690 [main] DEBUG org.dbunit.dataset.DefaultTable - getValue(row=0, column=discount_status) - start
23:05:22.692 [main] DEBUG org.dbunit.dataset.AbstractTable - assertValidRowIndex(row=0) - start
23:05:22.692 [main] DEBUG org.dbunit.dataset.AbstractTable - assertValidRowIndex(row=0, rowCount=1) - start
23:05:22.692 [main] DEBUG org.dbunit.dataset.AbstractTable - getColumnIndex(columnName=discount_status) - start
23:05:22.692 [main] DEBUG o.d.dataset.AbstractTableMetaData - getColumnIndex(columnName=discount_status) - start
23:05:22.692 [main] DEBUG org.dbunit.dataset.DefaultTable - getValue(row=1, column=order_number) - start
23:05:22.693 [main] DEBUG org.dbunit.dataset.AbstractTable - assertValidRowIndex(row=1) - start
23:05:22.693 [main] DEBUG org.dbunit.dataset.AbstractTable - assertValidRowIndex(row=1, rowCount=1) - start
23:05:22.693 [main] DEBUG o.dbunit.dataset.OrderedTableNameMap - getTableName(tableName=order_items) - start
23:05:22.693 [main] DEBUG o.dbunit.dataset.OrderedTableNameMap - getTableName(tableName=order_items) - end - result=ORDER_ITEMS
23:05:22.694 [main] DEBUG o.dbunit.dataset.OrderedTableNameMap - getTableName(tableName=order_items) - start
23:05:22.695 [main] DEBUG o.dbunit.dataset.OrderedTableNameMap - getTableName(tableName=order_items) - end - result=ORDER_ITEMS
23:05:22.695 [main] DEBUG o.dbunit.dataset.OrderedTableNameMap - setLastTable(nameorder_items) - start
23:05:22.695 [main] DEBUG o.dbunit.dataset.OrderedTableNameMap - getTableName(tableName=order_items) - start
23:05:22.695 [main] DEBUG o.dbunit.dataset.OrderedTableNameMap - getTableName(tableName=order_items) - end - result=ORDER_ITEMS
23:05:22.695 [main] DEBUG org.dbunit.dataset.CachedDataSet - startTable(metaData=tableName=order_items, columns=[(id, UNKNOWN, nullableUnknown), (order_order_number, UNKNOWN, nullableUnknown), (product_sku_number, UNKNOWN, nullableUnknown), (quantity, UNKNOWN, nullableUnknown)], keys=[]) - start
23:05:22.697 [main] DEBUG o.dbunit.dataset.OrderedTableNameMap - getLastTableName() - start
23:05:22.697 [main] DEBUG o.dbunit.dataset.OrderedTableNameMap - getTableName(tableName=order_items) - start
23:05:22.697 [main] DEBUG o.dbunit.dataset.OrderedTableNameMap - getTableName(tableName=order_items) - end - result=ORDER_ITEMS
23:05:22.697 [main] DEBUG o.d.dataset.AbstractTableMetaData - getColumnIndex(columnName=id) - start
23:05:22.697 [main] DEBUG o.d.dataset.AbstractTableMetaData - getColumnIndex(columnName=order_order_number) - start
23:05:22.698 [main] DEBUG o.d.dataset.AbstractTableMetaData - getColumnIndex(columnName=product_sku_number) - start
23:05:22.698 [main] DEBUG o.d.dataset.AbstractTableMetaData - getColumnIndex(columnName=quantity) - start
23:05:22.698 [main] DEBUG o.dbunit.dataset.OrderedTableNameMap - getLastTableName() - start
23:05:22.698 [main] DEBUG o.dbunit.dataset.OrderedTableNameMap - getTableName(tableName=order_items) - start
23:05:22.698 [main] DEBUG o.dbunit.dataset.OrderedTableNameMap - getTableName(tableName=order_items) - end - result=ORDER_ITEMS
23:05:22.700 [main] DEBUG org.dbunit.dataset.CachedDataSet - row(values=8) - start
23:05:22.700 [main] DEBUG org.dbunit.dataset.DefaultTable - addRow(values=8) - start
23:05:22.700 [main] DEBUG o.dbunit.dataset.xml.FlatXmlProducer - endElement(uri=, localName=, qName=order_items) - start
23:05:22.700 [main] DEBUG o.dbunit.dataset.xml.FlatXmlProducer - endElement(uri=, localName=, qName=dataset) - start
23:05:22.700 [main] DEBUG o.dbunit.dataset.OrderedTableNameMap - getLastTableName() - start
23:05:22.700 [main] DEBUG o.dbunit.dataset.OrderedTableNameMap - getTableName(tableName=order_items) - start
23:05:22.702 [main] DEBUG o.dbunit.dataset.OrderedTableNameMap - getTableName(tableName=order_items) - end - result=ORDER_ITEMS
23:05:22.702 [main] DEBUG org.dbunit.dataset.CachedDataSet - endTable() - start
23:05:22.702 [main] DEBUG o.dbunit.dataset.OrderedTableNameMap - getTableName(tableName=order_items) - start
23:05:22.702 [main] DEBUG o.dbunit.dataset.OrderedTableNameMap - getTableName(tableName=order_items) - end - result=ORDER_ITEMS
23:05:22.702 [main] DEBUG o.dbunit.dataset.OrderedTableNameMap - getTableName(tableName=order_items) - start
23:05:22.704 [main] DEBUG o.dbunit.dataset.OrderedTableNameMap - getTableName(tableName=order_items) - end - result=ORDER_ITEMS
23:05:22.704 [main] DEBUG org.dbunit.dataset.DefaultTable - addTableRows(table=org.dbunit.dataset.DefaultTable[_metaData=tableName=order_items, columns=[(id, UNKNOWN, nullableUnknown), (order_order_number, UNKNOWN, nullableUnknown), (product_sku_number, UNKNOWN, nullableUnknown), (quantity, UNKNOWN, nullableUnknown)], keys=[], _rowList.size()=1]) - start
23:05:22.704 [main] DEBUG org.dbunit.dataset.DefaultTable - getValue(row=0, column=id) - start
23:05:22.705 [main] DEBUG org.dbunit.dataset.AbstractTable - assertValidRowIndex(row=0) - start
23:05:22.705 [main] DEBUG org.dbunit.dataset.AbstractTable - assertValidRowIndex(row=0, rowCount=1) - start
23:05:22.705 [main] DEBUG org.dbunit.dataset.AbstractTable - getColumnIndex(columnName=id) - start
23:05:22.705 [main] DEBUG o.d.dataset.AbstractTableMetaData - getColumnIndex(columnName=id) - start
23:05:22.705 [main] DEBUG org.dbunit.dataset.DefaultTable - getValue(row=0, column=order_order_number) - start
23:05:22.707 [main] DEBUG org.dbunit.dataset.AbstractTable - assertValidRowIndex(row=0) - start
23:05:22.707 [main] DEBUG org.dbunit.dataset.AbstractTable - assertValidRowIndex(row=0, rowCount=1) - start
23:05:22.707 [main] DEBUG org.dbunit.dataset.AbstractTable - getColumnIndex(columnName=order_order_number) - start
23:05:22.707 [main] DEBUG o.d.dataset.AbstractTableMetaData - getColumnIndex(columnName=order_order_number) - start
23:05:22.707 [main] DEBUG org.dbunit.dataset.DefaultTable - getValue(row=0, column=product_sku_number) - start
23:05:22.709 [main] DEBUG org.dbunit.dataset.AbstractTable - assertValidRowIndex(row=0) - start
23:05:22.709 [main] DEBUG org.dbunit.dataset.AbstractTable - assertValidRowIndex(row=0, rowCount=1) - start
23:05:22.709 [main] DEBUG org.dbunit.dataset.AbstractTable - getColumnIndex(columnName=product_sku_number) - start
23:05:22.709 [main] DEBUG o.d.dataset.AbstractTableMetaData - getColumnIndex(columnName=product_sku_number) - start
23:05:22.709 [main] DEBUG org.dbunit.dataset.DefaultTable - getValue(row=0, column=quantity) - start
23:05:22.710 [main] DEBUG org.dbunit.dataset.AbstractTable - assertValidRowIndex(row=0) - start
23:05:22.710 [main] DEBUG org.dbunit.dataset.AbstractTable - assertValidRowIndex(row=0, rowCount=1) - start
23:05:22.710 [main] DEBUG org.dbunit.dataset.AbstractTable - getColumnIndex(columnName=quantity) - start
23:05:22.710 [main] DEBUG o.d.dataset.AbstractTableMetaData - getColumnIndex(columnName=quantity) - start
23:05:22.710 [main] DEBUG org.dbunit.dataset.DefaultTable - getValue(row=1, column=id) - start
23:05:22.712 [main] DEBUG org.dbunit.dataset.AbstractTable - assertValidRowIndex(row=1) - start
23:05:22.712 [main] DEBUG org.dbunit.dataset.AbstractTable - assertValidRowIndex(row=1, rowCount=1) - start
23:05:22.712 [main] DEBUG org.dbunit.dataset.CachedDataSet - endDataSet() - start
23:05:22.712 [main] DEBUG org.dbunit.dataset.CachedDataSet - endDataSet() - the final tableMap is: org.dbunit.dataset.OrderedTableNameMap[_tableNames=[customers, products, orders, order_items], _tableMap={ORDER_ITEMS=org.dbunit.dataset.DefaultTable[_metaData=tableName=order_items, columns=[(id, UNKNOWN, nullableUnknown), (order_order_number, UNKNOWN, nullableUnknown), (product_sku_number, UNKNOWN, nullableUnknown), (quantity, UNKNOWN, nullableUnknown)], keys=[], _rowList.size()=8], CUSTOMERS=org.dbunit.dataset.DefaultTable[_metaData=tableName=customers, columns=[(id, UNKNOWN, nullableUnknown), (name, UNKNOWN, nullableUnknown)], keys=[], _rowList.size()=6], ORDERS=org.dbunit.dataset.DefaultTable[_metaData=tableName=orders, columns=[(order_number, UNKNOWN, nullableUnknown), (customer_id, UNKNOWN, nullableUnknown), (date, UNKNOWN, nullableUnknown), (amount, UNKNOWN, nullableUnknown), (order_status, UNKNOWN, nullableUnknown), (discount_status, UNKNOWN, nullableUnknown)], keys=[], _rowList.size()=6], PRODUCTS=org.dbunit.dataset.DefaultTable[_metaData=tableName=products, columns=[(sku_number, UNKNOWN, nullableUnknown), (name, UNKNOWN, nullableUnknown), (amount, UNKNOWN, nullableUnknown)], keys=[], _rowList.size()=4]}, _caseSensitiveTableNames=false]
23:05:22.713 [main] DEBUG org.dbunit.AbstractDatabaseTester - setDataSet(dataSet=AbstractDataSet[_orderedTableNameMap=null]) - start
23:05:22.713 [main] DEBUG org.dbunit.DatabaseTestCase - getOperationListener() - start
23:05:22.713 [main] DEBUG org.dbunit.AbstractDatabaseTester - setOperationListener(operationListener=org.dbunit.DatabaseTestCase$1@3ef810) - start
23:05:22.713 [main] DEBUG org.dbunit.AbstractDatabaseTester - onTearDown() - start
23:05:22.714 [main] DEBUG org.dbunit.AbstractDatabaseTester - executeOperation(operation=org.dbunit.operation.DeleteAllOperation@30d82d) - start
23:05:22.715 [main] DEBUG org.dbunit.JdbcDatabaseTester - getConnection() - start
23:05:22.715 [main] DEBUG org.dbunit.assertion.SimpleAssert - assertNotNullNorEmpty(propertyName=connectionUrl, property=jdbc:mysql://127.0.0.1/orderingsystem_test) - start
23:05:22.723 [main] DEBUG org.dbunit.util.SQLHelper - isEscaped returns 'false' for tableName= (dbIdentifierQuoteString=`)
23:05:22.723 [main] DEBUG o.dbunit.database.DatabaseConnection - Database connection info: 
	database product name=MySQL
	database version=5.5.2-m2-community
	database major version=5
	database minor version=5
	jdbc driver name=MySQL-AB JDBC Driver
	jdbc driver version=mysql-connector-java-5.1.16 ( Revision: ${bzr.revision-id} )
	jdbc driver major version=5
	jdbc driver minor version=1

23:05:22.820 [main] DEBUG o.dbunit.database.DatabaseConnection - validateSchema(validateStrict=false) - start
23:05:22.821 [main] WARN  o.dbunit.database.DatabaseConnection - The given schema '' does not exist.
23:05:22.821 [main] DEBUG org.dbunit.DefaultOperationListener - connectionCreated(connection=org.dbunit.database.DatabaseConnection[schema=, connection=com.mysql.jdbc.JDBC4Connection@b1074a, super=_databaseConfig=org.dbunit.database.DatabaseConfig[, _propertyMap={http://www.dbunit.org/properties/statementFactory=org.dbunit.database.statement.PreparedStatementFactory@8238f4, http://www.dbunit.org/features/caseSensitiveTableNames=false, http://www.dbunit.org/properties/fetchSize=100, http://www.dbunit.org/features/batchedStatements=false, http://www.dbunit.org/properties/metadataHandler=org.dbunit.database.DefaultMetadataHandler@55a338, http://www.dbunit.org/properties/datatypeFactory=org.dbunit.dataset.datatype.DefaultDataTypeFactory[_toleratedDeltaMap=org.dbunit.dataset.datatype.ToleratedDeltaMap@297ffb], http://www.dbunit.org/properties/escapePattern=null, http://www.dbunit.org/properties/batchSize=100, http://www.dbunit.org/features/qualifiedTableNames=false, http://www.dbunit.org/properties/tableType=[Ljava.lang.String;@914f6a, http://www.dbunit.org/properties/resultSetTableFactory=org.dbunit.database.CachedResultSetTableFactory@1f4cbee, http://www.dbunit.org/features/datatypeWarning=true}], _dataSet=null]) - start
23:05:22.822 [main] DEBUG org.dbunit.AbstractDatabaseTester - getDataSet() - start
23:05:22.822 [main] DEBUG o.d.operation.DeleteAllOperation - execute(connection=org.dbunit.database.DatabaseConnection[schema=, connection=com.mysql.jdbc.JDBC4Connection@b1074a, super=_databaseConfig=org.dbunit.database.DatabaseConfig[, _propertyMap={http://www.dbunit.org/properties/statementFactory=org.dbunit.database.statement.PreparedStatementFactory@8238f4, http://www.dbunit.org/features/caseSensitiveTableNames=false, http://www.dbunit.org/properties/fetchSize=100, http://www.dbunit.org/features/batchedStatements=false, http://www.dbunit.org/properties/metadataHandler=org.dbunit.database.DefaultMetadataHandler@55a338, http://www.dbunit.org/properties/datatypeFactory=org.dbunit.dataset.datatype.DefaultDataTypeFactory[_toleratedDeltaMap=org.dbunit.dataset.datatype.ToleratedDeltaMap@297ffb], http://www.dbunit.org/properties/escapePattern=null, http://www.dbunit.org/properties/batchSize=100, http://www.dbunit.org/features/qualifiedTableNames=false, http://www.dbunit.org/properties/tableType=[Ljava.lang.String;@914f6a, http://www.dbunit.org/properties/resultSetTableFactory=org.dbunit.database.CachedResultSetTableFactory@1f4cbee, http://www.dbunit.org/features/datatypeWarning=true}], _dataSet=null], dataSet=AbstractDataSet[_orderedTableNameMap=null]) - start
23:05:22.823 [main] DEBUG o.d.d.AbstractDatabaseConnection - createDataSet() - start
23:05:22.823 [main] DEBUG o.d.d.s.PreparedStatementFactory - createBatchStatement(connection=org.dbunit.database.DatabaseConnection[schema=, connection=com.mysql.jdbc.JDBC4Connection@b1074a, super=_databaseConfig=org.dbunit.database.DatabaseConfig[, _propertyMap={http://www.dbunit.org/properties/statementFactory=org.dbunit.database.statement.PreparedStatementFactory@8238f4, http://www.dbunit.org/features/caseSensitiveTableNames=false, http://www.dbunit.org/properties/fetchSize=100, http://www.dbunit.org/features/batchedStatements=false, http://www.dbunit.org/properties/metadataHandler=org.dbunit.database.DefaultMetadataHandler@55a338, http://www.dbunit.org/properties/datatypeFactory=org.dbunit.dataset.datatype.DefaultDataTypeFactory[_toleratedDeltaMap=org.dbunit.dataset.datatype.ToleratedDeltaMap@297ffb], http://www.dbunit.org/properties/escapePattern=null, http://www.dbunit.org/properties/batchSize=100, http://www.dbunit.org/features/qualifiedTableNames=false, http://www.dbunit.org/properties/tableType=[Ljava.lang.String;@914f6a, http://www.dbunit.org/properties/resultSetTableFactory=org.dbunit.database.CachedResultSetTableFactory@1f4cbee, http://www.dbunit.org/features/datatypeWarning=true}], _dataSet=AbstractDataSet[_orderedTableNameMap=null]]) - start
23:05:22.831 [main] DEBUG o.d.d.s.AbstractStatementFactory - supportBatchStatement(connection=org.dbunit.database.DatabaseConnection[schema=, connection=com.mysql.jdbc.JDBC4Connection@b1074a, super=_databaseConfig=org.dbunit.database.DatabaseConfig[, _propertyMap={http://www.dbunit.org/properties/statementFactory=org.dbunit.database.statement.PreparedStatementFactory@8238f4, http://www.dbunit.org/features/caseSensitiveTableNames=false, http://www.dbunit.org/properties/fetchSize=100, http://www.dbunit.org/features/batchedStatements=false, http://www.dbunit.org/properties/metadataHandler=org.dbunit.database.DefaultMetadataHandler@55a338, http://www.dbunit.org/properties/datatypeFactory=org.dbunit.dataset.datatype.DefaultDataTypeFactory[_toleratedDeltaMap=org.dbunit.dataset.datatype.ToleratedDeltaMap@297ffb], http://www.dbunit.org/properties/escapePattern=null, http://www.dbunit.org/properties/batchSize=100, http://www.dbunit.org/features/qualifiedTableNames=false, http://www.dbunit.org/properties/tableType=[Ljava.lang.String;@914f6a, http://www.dbunit.org/properties/resultSetTableFactory=org.dbunit.database.CachedResultSetTableFactory@1f4cbee, http://www.dbunit.org/features/datatypeWarning=true}], _dataSet=AbstractDataSet[_orderedTableNameMap=null]]) - start
23:05:22.831 [main] DEBUG org.dbunit.dataset.AbstractDataSet - iterator() - start
23:05:22.831 [main] DEBUG org.dbunit.dataset.CachedDataSet - createIterator(reversed=false) - start
23:05:22.831 [main] DEBUG o.dbunit.dataset.OrderedTableNameMap - orderedValues() - start
23:05:22.831 [main] DEBUG o.dbunit.dataset.OrderedTableNameMap - getTableName(tableName=customers) - start
23:05:22.831 [main] DEBUG o.dbunit.dataset.OrderedTableNameMap - getTableName(tableName=customers) - end - result=CUSTOMERS
23:05:22.831 [main] DEBUG o.dbunit.dataset.OrderedTableNameMap - getTableName(tableName=products) - start
23:05:22.835 [main] DEBUG o.dbunit.dataset.OrderedTableNameMap - getTableName(tableName=products) - end - result=PRODUCTS
23:05:22.835 [main] DEBUG o.dbunit.dataset.OrderedTableNameMap - getTableName(tableName=orders) - start
23:05:22.835 [main] DEBUG o.dbunit.dataset.OrderedTableNameMap - getTableName(tableName=orders) - end - result=ORDERS
23:05:22.835 [main] DEBUG o.dbunit.dataset.OrderedTableNameMap - getTableName(tableName=order_items) - start
23:05:22.836 [main] DEBUG o.dbunit.dataset.OrderedTableNameMap - getTableName(tableName=order_items) - end - result=ORDER_ITEMS
23:05:22.840 [main] DEBUG o.d.dataset.DefaultTableIterator - getTableMetaData() - start
23:05:22.840 [main] DEBUG o.d.dataset.DefaultTableIterator - getTable() - start
23:05:22.840 [main] DEBUG o.d.dataset.DefaultTableIterator - getTableMetaData() - start
23:05:22.840 [main] DEBUG o.d.dataset.DefaultTableIterator - getTable() - start
23:05:22.840 [main] DEBUG o.d.dataset.DefaultTableIterator - getTableMetaData() - start
23:05:22.840 [main] DEBUG o.d.dataset.DefaultTableIterator - getTable() - start
23:05:22.840 [main] DEBUG o.d.dataset.DefaultTableIterator - getTableMetaData() - start
23:05:22.842 [main] DEBUG o.d.dataset.DefaultTableIterator - getTable() - start
23:05:22.842 [main] DEBUG org.dbunit.database.DatabaseDataSet - getTableMetaData(tableName=order_items) - start
23:05:22.842 [main] DEBUG org.dbunit.database.DatabaseDataSet - initialize() - start
23:05:22.842 [main] DEBUG org.dbunit.database.DatabaseDataSet - Initializing the data set from the database...
23:05:22.844 [main] DEBUG org.dbunit.database.DatabaseDataSet - 
	database product name=MySQL
	database version=5.5.2-m2-community
	database major version=5
	database minor version=5
	jdbc driver name=MySQL-AB JDBC Driver
	jdbc driver version=mysql-connector-java-5.1.16 ( Revision: ${bzr.revision-id} )
	jdbc driver major version=5
	jdbc driver minor version=1

23:05:22.844 [main] DEBUG org.dbunit.database.DatabaseDataSet - metadata resultset=com.mysql.jdbc.JDBC4ResultSet@25c828
23:05:22.844 [main] DEBUG org.dbunit.util.QualifiedTableName - getQualifiedNameIfEnabled(config=org.dbunit.database.DatabaseConfig[, _propertyMap={http://www.dbunit.org/properties/statementFactory=org.dbunit.database.statement.PreparedStatementFactory@8238f4, http://www.dbunit.org/features/caseSensitiveTableNames=false, http://www.dbunit.org/properties/fetchSize=100, http://www.dbunit.org/features/batchedStatements=false, http://www.dbunit.org/properties/metadataHandler=org.dbunit.database.DefaultMetadataHandler@55a338, http://www.dbunit.org/properties/datatypeFactory=org.dbunit.dataset.datatype.DefaultDataTypeFactory[_toleratedDeltaMap=org.dbunit.dataset.datatype.ToleratedDeltaMap@297ffb], http://www.dbunit.org/properties/escapePattern=null, http://www.dbunit.org/properties/batchSize=100, http://www.dbunit.org/features/qualifiedTableNames=false, http://www.dbunit.org/properties/tableType=[Ljava.lang.String;@914f6a, http://www.dbunit.org/properties/resultSetTableFactory=org.dbunit.database.CachedResultSetTableFactory@1f4cbee, http://www.dbunit.org/features/datatypeWarning=true}]) - start
23:05:22.845 [main] DEBUG org.dbunit.util.QualifiedTableName - Qualified table names feature is disabled. Returning plain table name
23:05:22.845 [main] DEBUG org.dbunit.util.QualifiedTableName - getQualifiedName(prefix=null, name=customers, escapePattern=null) - start
23:05:22.845 [main] DEBUG o.dbunit.dataset.OrderedTableNameMap - add(tableName=customers, object=null) - start
23:05:22.845 [main] DEBUG o.dbunit.dataset.OrderedTableNameMap - getTableName(tableName=customers) - start
23:05:22.845 [main] DEBUG o.dbunit.dataset.OrderedTableNameMap - getTableName(tableName=customers) - end - result=CUSTOMERS
23:05:22.847 [main] DEBUG o.dbunit.dataset.OrderedTableNameMap - getTableName(tableName=CUSTOMERS) - start
23:05:22.847 [main] DEBUG o.dbunit.dataset.OrderedTableNameMap - getTableName(tableName=CUSTOMERS) - end - result=CUSTOMERS
23:05:22.847 [main] DEBUG org.dbunit.util.QualifiedTableName - getQualifiedNameIfEnabled(config=org.dbunit.database.DatabaseConfig[, _propertyMap={http://www.dbunit.org/properties/statementFactory=org.dbunit.database.statement.PreparedStatementFactory@8238f4, http://www.dbunit.org/features/caseSensitiveTableNames=false, http://www.dbunit.org/properties/fetchSize=100, http://www.dbunit.org/features/batchedStatements=false, http://www.dbunit.org/properties/metadataHandler=org.dbunit.database.DefaultMetadataHandler@55a338, http://www.dbunit.org/properties/datatypeFactory=org.dbunit.dataset.datatype.DefaultDataTypeFactory[_toleratedDeltaMap=org.dbunit.dataset.datatype.ToleratedDeltaMap@297ffb], http://www.dbunit.org/properties/escapePattern=null, http://www.dbunit.org/properties/batchSize=100, http://www.dbunit.org/features/qualifiedTableNames=false, http://www.dbunit.org/properties/tableType=[Ljava.lang.String;@914f6a, http://www.dbunit.org/properties/resultSetTableFactory=org.dbunit.database.CachedResultSetTableFactory@1f4cbee, http://www.dbunit.org/features/datatypeWarning=true}]) - start
23:05:22.852 [main] DEBUG org.dbunit.util.QualifiedTableName - Qualified table names feature is disabled. Returning plain table name
23:05:22.852 [main] DEBUG org.dbunit.util.QualifiedTableName - getQualifiedName(prefix=null, name=inventories, escapePattern=null) - start
23:05:22.852 [main] DEBUG o.dbunit.dataset.OrderedTableNameMap - add(tableName=inventories, object=null) - start
23:05:22.852 [main] DEBUG o.dbunit.dataset.OrderedTableNameMap - getTableName(tableName=inventories) - start
23:05:22.852 [main] DEBUG o.dbunit.dataset.OrderedTableNameMap - getTableName(tableName=inventories) - end - result=INVENTORIES
23:05:22.853 [main] DEBUG o.dbunit.dataset.OrderedTableNameMap - getTableName(tableName=INVENTORIES) - start
23:05:22.853 [main] DEBUG o.dbunit.dataset.OrderedTableNameMap - getTableName(tableName=INVENTORIES) - end - result=INVENTORIES
23:05:22.853 [main] DEBUG org.dbunit.util.QualifiedTableName - getQualifiedNameIfEnabled(config=org.dbunit.database.DatabaseConfig[, _propertyMap={http://www.dbunit.org/properties/statementFactory=org.dbunit.database.statement.PreparedStatementFactory@8238f4, http://www.dbunit.org/features/caseSensitiveTableNames=false, http://www.dbunit.org/properties/fetchSize=100, http://www.dbunit.org/features/batchedStatements=false, http://www.dbunit.org/properties/metadataHandler=org.dbunit.database.DefaultMetadataHandler@55a338, http://www.dbunit.org/properties/datatypeFactory=org.dbunit.dataset.datatype.DefaultDataTypeFactory[_toleratedDeltaMap=org.dbunit.dataset.datatype.ToleratedDeltaMap@297ffb], http://www.dbunit.org/properties/escapePattern=null, http://www.dbunit.org/properties/batchSize=100, http://www.dbunit.org/features/qualifiedTableNames=false, http://www.dbunit.org/properties/tableType=[Ljava.lang.String;@914f6a, http://www.dbunit.org/properties/resultSetTableFactory=org.dbunit.database.CachedResultSetTableFactory@1f4cbee, http://www.dbunit.org/features/datatypeWarning=true}]) - start
23:05:22.857 [main] DEBUG org.dbunit.util.QualifiedTableName - Qualified table names feature is disabled. Returning plain table name
23:05:22.857 [main] DEBUG org.dbunit.util.QualifiedTableName - getQualifiedName(prefix=null, name=inventory_items, escapePattern=null) - start
23:05:22.857 [main] DEBUG o.dbunit.dataset.OrderedTableNameMap - add(tableName=inventory_items, object=null) - start
23:05:22.857 [main] DEBUG o.dbunit.dataset.OrderedTableNameMap - getTableName(tableName=inventory_items) - start
23:05:22.857 [main] DEBUG o.dbunit.dataset.OrderedTableNameMap - getTableName(tableName=inventory_items) - end - result=INVENTORY_ITEMS
23:05:22.858 [main] DEBUG o.dbunit.dataset.OrderedTableNameMap - getTableName(tableName=INVENTORY_ITEMS) - start
23:05:22.859 [main] DEBUG o.dbunit.dataset.OrderedTableNameMap - getTableName(tableName=INVENTORY_ITEMS) - end - result=INVENTORY_ITEMS
23:05:22.860 [main] DEBUG org.dbunit.util.QualifiedTableName - getQualifiedNameIfEnabled(config=org.dbunit.database.DatabaseConfig[, _propertyMap={http://www.dbunit.org/properties/statementFactory=org.dbunit.database.statement.PreparedStatementFactory@8238f4, http://www.dbunit.org/features/caseSensitiveTableNames=false, http://www.dbunit.org/properties/fetchSize=100, http://www.dbunit.org/features/batchedStatements=false, http://www.dbunit.org/properties/metadataHandler=org.dbunit.database.DefaultMetadataHandler@55a338, http://www.dbunit.org/properties/datatypeFactory=org.dbunit.dataset.datatype.DefaultDataTypeFactory[_toleratedDeltaMap=org.dbunit.dataset.datatype.ToleratedDeltaMap@297ffb], http://www.dbunit.org/properties/escapePattern=null, http://www.dbunit.org/properties/batchSize=100, http://www.dbunit.org/features/qualifiedTableNames=false, http://www.dbunit.org/properties/tableType=[Ljava.lang.String;@914f6a, http://www.dbunit.org/properties/resultSetTableFactory=org.dbunit.database.CachedResultSetTableFactory@1f4cbee, http://www.dbunit.org/features/datatypeWarning=true}]) - start
23:05:22.863 [main] DEBUG org.dbunit.util.QualifiedTableName - Qualified table names feature is disabled. Returning plain table name
23:05:22.863 [main] DEBUG org.dbunit.util.QualifiedTableName - getQualifiedName(prefix=null, name=order_items, escapePattern=null) - start
23:05:22.863 [main] DEBUG o.dbunit.dataset.OrderedTableNameMap - add(tableName=order_items, object=null) - start
23:05:22.863 [main] DEBUG o.dbunit.dataset.OrderedTableNameMap - getTableName(tableName=order_items) - start
23:05:22.863 [main] DEBUG o.dbunit.dataset.OrderedTableNameMap - getTableName(tableName=order_items) - end - result=ORDER_ITEMS
23:05:22.864 [main] DEBUG o.dbunit.dataset.OrderedTableNameMap - getTableName(tableName=ORDER_ITEMS) - start
23:05:22.865 [main] DEBUG o.dbunit.dataset.OrderedTableNameMap - getTableName(tableName=ORDER_ITEMS) - end - result=ORDER_ITEMS
23:05:22.865 [main] DEBUG org.dbunit.util.QualifiedTableName - getQualifiedNameIfEnabled(config=org.dbunit.database.DatabaseConfig[, _propertyMap={http://www.dbunit.org/properties/statementFactory=org.dbunit.database.statement.PreparedStatementFactory@8238f4, http://www.dbunit.org/features/caseSensitiveTableNames=false, http://www.dbunit.org/properties/fetchSize=100, http://www.dbunit.org/features/batchedStatements=false, http://www.dbunit.org/properties/metadataHandler=org.dbunit.database.DefaultMetadataHandler@55a338, http://www.dbunit.org/properties/datatypeFactory=org.dbunit.dataset.datatype.DefaultDataTypeFactory[_toleratedDeltaMap=org.dbunit.dataset.datatype.ToleratedDeltaMap@297ffb], http://www.dbunit.org/properties/escapePattern=null, http://www.dbunit.org/properties/batchSize=100, http://www.dbunit.org/features/qualifiedTableNames=false, http://www.dbunit.org/properties/tableType=[Ljava.lang.String;@914f6a, http://www.dbunit.org/properties/resultSetTableFactory=org.dbunit.database.CachedResultSetTableFactory@1f4cbee, http://www.dbunit.org/features/datatypeWarning=true}]) - start
23:05:22.869 [main] DEBUG org.dbunit.util.QualifiedTableName - Qualified table names feature is disabled. Returning plain table name
23:05:22.869 [main] DEBUG org.dbunit.util.QualifiedTableName - getQualifiedName(prefix=null, name=orders, escapePattern=null) - start
23:05:22.869 [main] DEBUG o.dbunit.dataset.OrderedTableNameMap - add(tableName=orders, object=null) - start
23:05:22.869 [main] DEBUG o.dbunit.dataset.OrderedTableNameMap - getTableName(tableName=orders) - start
23:05:22.869 [main] DEBUG o.dbunit.dataset.OrderedTableNameMap - getTableName(tableName=orders) - end - result=ORDERS
23:05:22.870 [main] DEBUG o.dbunit.dataset.OrderedTableNameMap - getTableName(tableName=ORDERS) - start
23:05:22.870 [main] DEBUG o.dbunit.dataset.OrderedTableNameMap - getTableName(tableName=ORDERS) - end - result=ORDERS
23:05:22.870 [main] DEBUG org.dbunit.util.QualifiedTableName - getQualifiedNameIfEnabled(config=org.dbunit.database.DatabaseConfig[, _propertyMap={http://www.dbunit.org/properties/statementFactory=org.dbunit.database.statement.PreparedStatementFactory@8238f4, http://www.dbunit.org/features/caseSensitiveTableNames=false, http://www.dbunit.org/properties/fetchSize=100, http://www.dbunit.org/features/batchedStatements=false, http://www.dbunit.org/properties/metadataHandler=org.dbunit.database.DefaultMetadataHandler@55a338, http://www.dbunit.org/properties/datatypeFactory=org.dbunit.dataset.datatype.DefaultDataTypeFactory[_toleratedDeltaMap=org.dbunit.dataset.datatype.ToleratedDeltaMap@297ffb], http://www.dbunit.org/properties/escapePattern=null, http://www.dbunit.org/properties/batchSize=100, http://www.dbunit.org/features/qualifiedTableNames=false, http://www.dbunit.org/properties/tableType=[Ljava.lang.String;@914f6a, http://www.dbunit.org/properties/resultSetTableFactory=org.dbunit.database.CachedResultSetTableFactory@1f4cbee, http://www.dbunit.org/features/datatypeWarning=true}]) - start
23:05:22.875 [main] DEBUG org.dbunit.util.QualifiedTableName - Qualified table names feature is disabled. Returning plain table name
23:05:22.875 [main] DEBUG org.dbunit.util.QualifiedTableName - getQualifiedName(prefix=null, name=products, escapePattern=null) - start
23:05:22.875 [main] DEBUG o.dbunit.dataset.OrderedTableNameMap - add(tableName=products, object=null) - start
23:05:22.875 [main] DEBUG o.dbunit.dataset.OrderedTableNameMap - getTableName(tableName=products) - start
23:05:22.875 [main] DEBUG o.dbunit.dataset.OrderedTableNameMap - getTableName(tableName=products) - end - result=PRODUCTS
23:05:22.876 [main] DEBUG o.dbunit.dataset.OrderedTableNameMap - getTableName(tableName=PRODUCTS) - start
23:05:22.876 [main] DEBUG o.dbunit.dataset.OrderedTableNameMap - getTableName(tableName=PRODUCTS) - end - result=PRODUCTS
23:05:22.876 [main] DEBUG o.dbunit.dataset.OrderedTableNameMap - getTableName(tableName=order_items) - start
23:05:22.876 [main] DEBUG o.dbunit.dataset.OrderedTableNameMap - getTableName(tableName=order_items) - end - result=ORDER_ITEMS
23:05:22.876 [main] DEBUG o.dbunit.dataset.OrderedTableNameMap - getTableName(tableName=order_items) - start
23:05:22.880 [main] DEBUG o.dbunit.dataset.OrderedTableNameMap - getTableName(tableName=order_items) - end - result=ORDER_ITEMS
23:05:22.880 [main] DEBUG org.dbunit.util.SQLHelper - isEscaped returns 'false' for tableName=order_items (dbIdentifierQuoteString=`)
23:05:22.880 [main] DEBUG o.d.database.DatabaseTableMetaData - Validating if table 'order_items' exists in schema '' ...
23:05:22.884 [main] DEBUG org.dbunit.util.SQLHelper - close(resultSet=com.mysql.jdbc.JDBC4ResultSet@1cb52ae) - start
23:05:22.884 [main] DEBUG o.dbunit.dataset.OrderedTableNameMap - update(tableName=order_items, object=table=order_items, cols=[(id, INTEGER, noNulls), (order_order_number, INTEGER, noNulls), (product_sku_number, INTEGER, noNulls), (quantity, INTEGER, noNulls)], pk=[(id, INTEGER, noNulls)]) - start
23:05:22.891 [main] DEBUG o.dbunit.dataset.OrderedTableNameMap - getTableName(tableName=order_items) - start
23:05:22.984 [main] DEBUG o.dbunit.dataset.OrderedTableNameMap - getTableName(tableName=order_items) - end - result=ORDER_ITEMS
23:05:22.984 [main] DEBUG o.dbunit.dataset.OrderedTableNameMap - getTableName(tableName=order_items) - start
23:05:22.984 [main] DEBUG o.dbunit.dataset.OrderedTableNameMap - getTableName(tableName=order_items) - end - result=ORDER_ITEMS
23:05:22.984 [main] DEBUG o.dbunit.operation.AbstractOperation - getQualifiedName(prefix=, name=order_items, connection=org.dbunit.database.DatabaseConnection[schema=, connection=com.mysql.jdbc.JDBC4Connection@b1074a, super=_databaseConfig=org.dbunit.database.DatabaseConfig[, _propertyMap={http://www.dbunit.org/properties/statementFactory=org.dbunit.database.statement.PreparedStatementFactory@8238f4, http://www.dbunit.org/features/caseSensitiveTableNames=false, http://www.dbunit.org/properties/fetchSize=100, http://www.dbunit.org/features/batchedStatements=false, http://www.dbunit.org/properties/metadataHandler=org.dbunit.database.DefaultMetadataHandler@55a338, http://www.dbunit.org/properties/datatypeFactory=org.dbunit.dataset.datatype.DefaultDataTypeFactory[_toleratedDeltaMap=org.dbunit.dataset.datatype.ToleratedDeltaMap@297ffb], http://www.dbunit.org/properties/escapePattern=null, http://www.dbunit.org/properties/batchSize=100, http://www.dbunit.org/features/qualifiedTableNames=false, http://www.dbunit.org/properties/tableType=[Ljava.lang.String;@914f6a, http://www.dbunit.org/properties/resultSetTableFactory=org.dbunit.database.CachedResultSetTableFactory@1f4cbee, http://www.dbunit.org/features/datatypeWarning=true}], _dataSet=AbstractDataSet[_orderedTableNameMap=null]]) - start
23:05:22.985 [main] DEBUG org.dbunit.util.QualifiedTableName - getQualifiedName() - start
23:05:22.985 [main] DEBUG org.dbunit.util.QualifiedTableName - getQualifiedName(prefix=, name=order_items, escapePattern=null) - start
23:05:22.985 [main] DEBUG o.d.d.statement.SimpleStatement - addBatch(sql=delete from order_items) - start
23:05:22.985 [main] DEBUG o.d.operation.DeleteAllOperation - Added SQL: delete from order_items
23:05:22.985 [main] DEBUG org.dbunit.database.DatabaseDataSet - getTableMetaData(tableName=orders) - start
23:05:22.986 [main] DEBUG org.dbunit.database.DatabaseDataSet - initialize() - start
23:05:22.986 [main] DEBUG o.dbunit.dataset.OrderedTableNameMap - getTableName(tableName=orders) - start
23:05:22.986 [main] DEBUG o.dbunit.dataset.OrderedTableNameMap - getTableName(tableName=orders) - end - result=ORDERS
23:05:22.986 [main] DEBUG o.dbunit.dataset.OrderedTableNameMap - getTableName(tableName=orders) - start
23:05:22.986 [main] DEBUG o.dbunit.dataset.OrderedTableNameMap - getTableName(tableName=orders) - end - result=ORDERS
23:05:22.991 [main] DEBUG org.dbunit.util.SQLHelper - isEscaped returns 'false' for tableName=orders (dbIdentifierQuoteString=`)
23:05:22.991 [main] DEBUG o.d.database.DatabaseTableMetaData - Validating if table 'orders' exists in schema '' ...
23:05:22.993 [main] DEBUG org.dbunit.util.SQLHelper - close(resultSet=com.mysql.jdbc.JDBC4ResultSet@ed662d) - start
23:05:22.993 [main] DEBUG o.dbunit.dataset.OrderedTableNameMap - update(tableName=orders, object=table=orders, cols=[(order_number, INTEGER, noNulls), (customer_id, INTEGER, noNulls), (date, DATE, noNulls), (amount, DECIMAL, noNulls), (order_status, VARCHAR, noNulls), (discount_status, VARCHAR, noNulls)], pk=[(order_number, INTEGER, noNulls)]) - start
23:05:23.002 [main] DEBUG o.dbunit.dataset.OrderedTableNameMap - getTableName(tableName=orders) - start
23:05:23.002 [main] DEBUG o.dbunit.dataset.OrderedTableNameMap - getTableName(tableName=orders) - end - result=ORDERS
23:05:23.095 [main] DEBUG o.dbunit.dataset.OrderedTableNameMap - getTableName(tableName=orders) - start
23:05:23.095 [main] DEBUG o.dbunit.dataset.OrderedTableNameMap - getTableName(tableName=orders) - end - result=ORDERS
23:05:23.095 [main] DEBUG o.dbunit.operation.AbstractOperation - getQualifiedName(prefix=, name=orders, connection=org.dbunit.database.DatabaseConnection[schema=, connection=com.mysql.jdbc.JDBC4Connection@b1074a, super=_databaseConfig=org.dbunit.database.DatabaseConfig[, _propertyMap={http://www.dbunit.org/properties/statementFactory=org.dbunit.database.statement.PreparedStatementFactory@8238f4, http://www.dbunit.org/features/caseSensitiveTableNames=false, http://www.dbunit.org/properties/fetchSize=100, http://www.dbunit.org/features/batchedStatements=false, http://www.dbunit.org/properties/metadataHandler=org.dbunit.database.DefaultMetadataHandler@55a338, http://www.dbunit.org/properties/datatypeFactory=org.dbunit.dataset.datatype.DefaultDataTypeFactory[_toleratedDeltaMap=org.dbunit.dataset.datatype.ToleratedDeltaMap@297ffb], http://www.dbunit.org/properties/escapePattern=null, http://www.dbunit.org/properties/batchSize=100, http://www.dbunit.org/features/qualifiedTableNames=false, http://www.dbunit.org/properties/tableType=[Ljava.lang.String;@914f6a, http://www.dbunit.org/properties/resultSetTableFactory=org.dbunit.database.CachedResultSetTableFactory@1f4cbee, http://www.dbunit.org/features/datatypeWarning=true}], _dataSet=AbstractDataSet[_orderedTableNameMap=null]]) - start
23:05:23.107 [main] DEBUG org.dbunit.util.QualifiedTableName - getQualifiedName() - start
23:05:23.108 [main] DEBUG org.dbunit.util.QualifiedTableName - getQualifiedName(prefix=, name=orders, escapePattern=null) - start
23:05:23.108 [main] DEBUG o.d.d.statement.SimpleStatement - addBatch(sql=delete from orders) - start
23:05:23.108 [main] DEBUG o.d.operation.DeleteAllOperation - Added SQL: delete from orders
23:05:23.108 [main] DEBUG org.dbunit.database.DatabaseDataSet - getTableMetaData(tableName=products) - start
23:05:23.109 [main] DEBUG org.dbunit.database.DatabaseDataSet - initialize() - start
23:05:23.109 [main] DEBUG o.dbunit.dataset.OrderedTableNameMap - getTableName(tableName=products) - start
23:05:23.109 [main] DEBUG o.dbunit.dataset.OrderedTableNameMap - getTableName(tableName=products) - end - result=PRODUCTS
23:05:23.109 [main] DEBUG o.dbunit.dataset.OrderedTableNameMap - getTableName(tableName=products) - start
23:05:23.109 [main] DEBUG o.dbunit.dataset.OrderedTableNameMap - getTableName(tableName=products) - end - result=PRODUCTS
23:05:23.113 [main] DEBUG org.dbunit.util.SQLHelper - isEscaped returns 'false' for tableName=products (dbIdentifierQuoteString=`)
23:05:23.114 [main] DEBUG o.d.database.DatabaseTableMetaData - Validating if table 'products' exists in schema '' ...
23:05:23.115 [main] DEBUG org.dbunit.util.SQLHelper - close(resultSet=com.mysql.jdbc.JDBC4ResultSet@8ceeea) - start
23:05:23.115 [main] DEBUG o.dbunit.dataset.OrderedTableNameMap - update(tableName=products, object=table=products, cols=[(sku_number, INTEGER, noNulls), (name, VARCHAR, noNulls), (amount, DECIMAL, noNulls)], pk=[(sku_number, INTEGER, noNulls)]) - start
23:05:23.121 [main] DEBUG o.dbunit.dataset.OrderedTableNameMap - getTableName(tableName=products) - start
23:05:23.122 [main] DEBUG o.dbunit.dataset.OrderedTableNameMap - getTableName(tableName=products) - end - result=PRODUCTS
23:05:23.122 [main] DEBUG o.dbunit.dataset.OrderedTableNameMap - getTableName(tableName=products) - start
23:05:23.217 [main] DEBUG o.dbunit.dataset.OrderedTableNameMap - getTableName(tableName=products) - end - result=PRODUCTS
23:05:23.217 [main] DEBUG o.dbunit.operation.AbstractOperation - getQualifiedName(prefix=, name=products, connection=org.dbunit.database.DatabaseConnection[schema=, connection=com.mysql.jdbc.JDBC4Connection@b1074a, super=_databaseConfig=org.dbunit.database.DatabaseConfig[, _propertyMap={http://www.dbunit.org/properties/statementFactory=org.dbunit.database.statement.PreparedStatementFactory@8238f4, http://www.dbunit.org/features/caseSensitiveTableNames=false, http://www.dbunit.org/properties/fetchSize=100, http://www.dbunit.org/features/batchedStatements=false, http://www.dbunit.org/properties/metadataHandler=org.dbunit.database.DefaultMetadataHandler@55a338, http://www.dbunit.org/properties/datatypeFactory=org.dbunit.dataset.datatype.DefaultDataTypeFactory[_toleratedDeltaMap=org.dbunit.dataset.datatype.ToleratedDeltaMap@297ffb], http://www.dbunit.org/properties/escapePattern=null, http://www.dbunit.org/properties/batchSize=100, http://www.dbunit.org/features/qualifiedTableNames=false, http://www.dbunit.org/properties/tableType=[Ljava.lang.String;@914f6a, http://www.dbunit.org/properties/resultSetTableFactory=org.dbunit.database.CachedResultSetTableFactory@1f4cbee, http://www.dbunit.org/features/datatypeWarning=true}], _dataSet=AbstractDataSet[_orderedTableNameMap=null]]) - start
23:05:23.218 [main] DEBUG org.dbunit.util.QualifiedTableName - getQualifiedName() - start
23:05:23.218 [main] DEBUG org.dbunit.util.QualifiedTableName - getQualifiedName(prefix=, name=products, escapePattern=null) - start
23:05:23.218 [main] DEBUG o.d.d.statement.SimpleStatement - addBatch(sql=delete from products) - start
23:05:23.218 [main] DEBUG o.d.operation.DeleteAllOperation - Added SQL: delete from products
23:05:23.218 [main] DEBUG org.dbunit.database.DatabaseDataSet - getTableMetaData(tableName=customers) - start
23:05:23.219 [main] DEBUG org.dbunit.database.DatabaseDataSet - initialize() - start
23:05:23.219 [main] DEBUG o.dbunit.dataset.OrderedTableNameMap - getTableName(tableName=customers) - start
23:05:23.219 [main] DEBUG o.dbunit.dataset.OrderedTableNameMap - getTableName(tableName=customers) - end - result=CUSTOMERS
23:05:23.219 [main] DEBUG o.dbunit.dataset.OrderedTableNameMap - getTableName(tableName=customers) - start
23:05:23.219 [main] DEBUG o.dbunit.dataset.OrderedTableNameMap - getTableName(tableName=customers) - end - result=CUSTOMERS
23:05:23.224 [main] DEBUG org.dbunit.util.SQLHelper - isEscaped returns 'false' for tableName=customers (dbIdentifierQuoteString=`)
23:05:23.224 [main] DEBUG o.d.database.DatabaseTableMetaData - Validating if table 'customers' exists in schema '' ...
23:05:23.225 [main] DEBUG org.dbunit.util.SQLHelper - close(resultSet=com.mysql.jdbc.JDBC4ResultSet@1c50507) - start
23:05:23.225 [main] DEBUG o.dbunit.dataset.OrderedTableNameMap - update(tableName=customers, object=table=customers, cols=[(id, INTEGER, noNulls), (name, VARCHAR, nullable)], pk=[(id, INTEGER, noNulls)]) - start
23:05:23.233 [main] DEBUG o.dbunit.dataset.OrderedTableNameMap - getTableName(tableName=customers) - start
23:05:23.233 [main] DEBUG o.dbunit.dataset.OrderedTableNameMap - getTableName(tableName=customers) - end - result=CUSTOMERS
23:05:23.233 [main] DEBUG o.dbunit.dataset.OrderedTableNameMap - getTableName(tableName=customers) - start
23:05:23.327 [main] DEBUG o.dbunit.dataset.OrderedTableNameMap - getTableName(tableName=customers) - end - result=CUSTOMERS
23:05:23.327 [main] DEBUG o.dbunit.operation.AbstractOperation - getQualifiedName(prefix=, name=customers, connection=org.dbunit.database.DatabaseConnection[schema=, connection=com.mysql.jdbc.JDBC4Connection@b1074a, super=_databaseConfig=org.dbunit.database.DatabaseConfig[, _propertyMap={http://www.dbunit.org/properties/statementFactory=org.dbunit.database.statement.PreparedStatementFactory@8238f4, http://www.dbunit.org/features/caseSensitiveTableNames=false, http://www.dbunit.org/properties/fetchSize=100, http://www.dbunit.org/features/batchedStatements=false, http://www.dbunit.org/properties/metadataHandler=org.dbunit.database.DefaultMetadataHandler@55a338, http://www.dbunit.org/properties/datatypeFactory=org.dbunit.dataset.datatype.DefaultDataTypeFactory[_toleratedDeltaMap=org.dbunit.dataset.datatype.ToleratedDeltaMap@297ffb], http://www.dbunit.org/properties/escapePattern=null, http://www.dbunit.org/properties/batchSize=100, http://www.dbunit.org/features/qualifiedTableNames=false, http://www.dbunit.org/properties/tableType=[Ljava.lang.String;@914f6a, http://www.dbunit.org/properties/resultSetTableFactory=org.dbunit.database.CachedResultSetTableFactory@1f4cbee, http://www.dbunit.org/features/datatypeWarning=true}], _dataSet=AbstractDataSet[_orderedTableNameMap=null]]) - start
23:05:23.328 [main] DEBUG org.dbunit.util.QualifiedTableName - getQualifiedName() - start
23:05:23.328 [main] DEBUG org.dbunit.util.QualifiedTableName - getQualifiedName(prefix=, name=customers, escapePattern=null) - start
23:05:23.328 [main] DEBUG o.d.d.statement.SimpleStatement - addBatch(sql=delete from customers) - start
23:05:23.328 [main] DEBUG o.d.operation.DeleteAllOperation - Added SQL: delete from customers
23:05:23.328 [main] DEBUG o.d.d.statement.SimpleStatement - executeBatch() - start
23:05:23.328 [main] DEBUG o.d.d.statement.SimpleStatement - DbUnit SQL: delete from order_items
23:05:23.375 [main] DEBUG o.d.d.statement.SimpleStatement - DbUnit SQL: delete from orders
23:05:23.408 [main] DEBUG o.d.d.statement.SimpleStatement - DbUnit SQL: delete from products
23:05:23.425 [main] DEBUG o.d.d.statement.SimpleStatement - DbUnit SQL: delete from customers
23:05:23.483 [main] DEBUG o.d.d.statement.SimpleStatement - clearBatch() - start
23:05:23.483 [main] DEBUG o.d.d.s.AbstractBatchStatement - close() - start
23:05:23.483 [main] DEBUG org.dbunit.DefaultOperationListener - operationTearDownFinished(connection=org.dbunit.database.DatabaseConnection[schema=, connection=com.mysql.jdbc.JDBC4Connection@b1074a, super=_databaseConfig=org.dbunit.database.DatabaseConfig[, _propertyMap={http://www.dbunit.org/properties/statementFactory=org.dbunit.database.statement.PreparedStatementFactory@8238f4, http://www.dbunit.org/features/caseSensitiveTableNames=false, http://www.dbunit.org/properties/fetchSize=100, http://www.dbunit.org/features/batchedStatements=false, http://www.dbunit.org/properties/metadataHandler=org.dbunit.database.DefaultMetadataHandler@55a338, http://www.dbunit.org/properties/datatypeFactory=org.dbunit.dataset.datatype.DefaultDataTypeFactory[_toleratedDeltaMap=org.dbunit.dataset.datatype.ToleratedDeltaMap@297ffb], http://www.dbunit.org/properties/escapePattern=null, http://www.dbunit.org/properties/batchSize=100, http://www.dbunit.org/features/qualifiedTableNames=false, http://www.dbunit.org/properties/tableType=[Ljava.lang.String;@914f6a, http://www.dbunit.org/properties/resultSetTableFactory=org.dbunit.database.CachedResultSetTableFactory@1f4cbee, http://www.dbunit.org/features/datatypeWarning=true}], _dataSet=AbstractDataSet[_orderedTableNameMap=null]]) - start
23:05:23.534 [main] DEBUG org.dbunit.DefaultOperationListener - closeConnection(connection=org.dbunit.database.DatabaseConnection[schema=, connection=com.mysql.jdbc.JDBC4Connection@b1074a, super=_databaseConfig=org.dbunit.database.DatabaseConfig[, _propertyMap={http://www.dbunit.org/properties/statementFactory=org.dbunit.database.statement.PreparedStatementFactory@8238f4, http://www.dbunit.org/features/caseSensitiveTableNames=false, http://www.dbunit.org/properties/fetchSize=100, http://www.dbunit.org/features/batchedStatements=false, http://www.dbunit.org/properties/metadataHandler=org.dbunit.database.DefaultMetadataHandler@55a338, http://www.dbunit.org/properties/datatypeFactory=org.dbunit.dataset.datatype.DefaultDataTypeFactory[_toleratedDeltaMap=org.dbunit.dataset.datatype.ToleratedDeltaMap@297ffb], http://www.dbunit.org/properties/escapePattern=null, http://www.dbunit.org/properties/batchSize=100, http://www.dbunit.org/features/qualifiedTableNames=false, http://www.dbunit.org/properties/tableType=[Ljava.lang.String;@914f6a, http://www.dbunit.org/properties/resultSetTableFactory=org.dbunit.database.CachedResultSetTableFactory@1f4cbee, http://www.dbunit.org/features/datatypeWarning=true}], _dataSet=AbstractDataSet[_orderedTableNameMap=null]]) - start
23:05:23.534 [main] DEBUG o.dbunit.database.DatabaseConnection - close() - start
]]></system-out>
  <system-err><![CDATA[]]></system-err>
</testsuite>
