<?xml version="1.0" encoding="UTF-8" ?>
<testsuite errors="0" failures="0" hostname="Blacklock" name="com.onb.orderingsystem.dao.jdbc.CustomerDaoTest" tests="2" time="13.806" timestamp="2011-06-13T15:04:27">
  <properties>
    <property name="libs.jsp-compiler.javadoc" value="" />
    <property name="netbeans.autoupdate.country" value="US" />
    <property name="javac.test.classpath" value="..\Basurahan\mysql-connector-java-5.1.16\mysql-connector-java-5.1.16-bin.jar:..\Basurahan\dependencieslis\junit-3.8.2.jar:..\Basurahan\dependencieslis\junit-addons-1.4.jar:..\Basurahan\dependencieslis\junitperf-1.8.jar:..\Basurahan\dependencieslis\logback-classic-0.9.15.jar:..\Basurahan\dependencieslis\mmmockobjects-1.12.0.jar:..\Basurahan\dependencieslis\mockobjects-core-0.07.jar:..\Basurahan\dependencieslis\mockobjects-jdk1.3-0.07.jar:..\Basurahan\dependencieslis\poi-3.2-FINAL.jar:..\Basurahan\dependencieslis\slf4j-api-1.5.6.jar:..\Basurahan\dependencieslis\xercesImpl-2.6.2.jar:..\Basurahan\dependencieslis\xmlParserAPIs-2.6.2.jar:build/web/WEB-INF/classes:..\Basurahan\dependencieslis\slf4j-api-1.5.6.jar:../Basurahan/dbunit-2.4.8.jar:..\Basurahan\dependencieslis\junit-addons-1.4.jar:..\Basurahan\dependencieslis\junitperf-1.8.jar:..\Basurahan\dependencieslis\mmmockobjects-1.12.0.jar:..\Basurahan\dependencieslis\mockobjects-core-0.07.jar:..\Basurahan\dependencieslis\mockobjects-jdk1.3-0.07.jar:..\Basurahan\dependencieslis\poi-3.2-FINAL.jar:..\Basurahan\dependencieslis\xercesImpl-2.6.2.jar:..\Basurahan\dependencieslis\xmlParserAPIs-2.6.2.jar:..\Basurahan\dependencieslis\jcl-over-slf4j-1.5.6.jar:..\Basurahan\dependencieslis\logback-classic-0.9.15.jar:..\Basurahan\mysql-connector-java-5.1.16\mysql-connector-java-5.1.16-bin.jar:D:\Work Area\Projects\Git Repository\Group-IIT\Basurahan\dependencieslis\commons-collections-3.2.1.jar:D:\Work Area\Projects\Git Repository\Group-IIT\Basurahan\dependencieslis\commons-io-1.4.jar:D:\Work Area\Projects\Git Repository\Group-IIT\Basurahan\dependencieslis\logback-core-0.9.15.jar:C:\Users\The Architect\.netbeans\7.0\modules\ext\junit-4.8.2.jar" />
    <property name="libs.jsf20.maven-pom" value="" />
    <property name="libs.DataBindingME.src" value="C:\Program Files\NetBeans 7.0\mobility\sources\netbeans_databindingme-src.zip" />
    <property name="libs.j2me_ant_ext.javadoc" value="" />
    <property name="source.root" value="src" />
    <property name="do.display.browser" value="true" />
    <property name="libs.junit.javadoc" value="C:\Users\The Architect\.netbeans\7.0\docs\junit-3.8.2-api.zip" />
    <property name="libs.nsicom-ant-utils.src" value="" />
    <property name="libs.nokiaS80-ant-utils.javadoc" value="" />
    <property name="ant.core.lib" value="C:\Program Files\NetBeans 7.0\java\ant\lib\ant.jar" />
    <property name="libs.swing-app-framework.src" value="" />
    <property name="libs.jakarta_slide_ant_webdav.javadoc" value="" />
    <property name="javadoc.windowtitle" value="" />
    <property name="libs.toplink.classpath" value="C:\Program Files\NetBeans 7.0\java\modules\ext\toplink\toplink-essentials.jar;C:\Program Files\NetBeans 7.0\java\modules\ext\toplink\toplink-essentials-agent.jar" />
    <property name="libs.jsp-compilation.javadoc" value="" />
    <property name="user.dir" value="D:\Work Area\Projects\Git Repository\Group-IIT\OrderingSystem" />
    <property name="libs.hibernate-persistence.javadoc" value="" />
    <property name="libs.JMUnit4CLDC10.javadoc" value="C:\Program Files\NetBeans 7.0\mobility\modules\docs\jmunit-1.2.1-api.zip" />
    <property name="java.vm.version" value="16.3-b01" />
    <property name="libs.DataBindingME.classpath" value="C:\Program Files\NetBeans 7.0\mobility\modules\ext\netbeans_databindingme.jar" />
    <property name="libs.jstl11.maven-pom" value="" />
    <property name="libs.Java-EE-GlassFish-v3.wsimport" value="" />
    <property name="libs.nsicom-ant-utils.classpath" value="C:\Program Files\NetBeans 7.0\mobility\ant\nblib\org-netbeans-modules-j2me-cdc-project-nsicom.jar" />
    <property name="libs.MySQLDriver.classpath" value="C:\Program Files\NetBeans 7.0\ide\modules\ext\mysql-connector-java-5.1.13-bin.jar" />
    <property name="libs.eclipselinkmodelgen.src" value="" />
    <property name="libs.jstl11.src" value="" />
    <property name="javadoc.notree" value="false" />
    <property name="lib.dir" value="web/WEB-INF/lib" />
    <property name="netbeans.autoupdate.version" value="1.23" />
    <property name="libs.EclipseLink-GlassFish-v3.classpath" value="D:\Work Area\Servers\glassfish-3.1\glassfish\modules\org.eclipse.persistence.antlr.jar;D:\Work Area\Servers\glassfish-3.1\glassfish\modules\org.eclipse.persistence.asm.jar;D:\Work Area\Servers\glassfish-3.1\glassfish\modules\org.eclipse.persistence.core.jar;D:\Work Area\Servers\glassfish-3.1\glassfish\modules\org.eclipse.persistence.jpa.jar;D:\Work Area\Servers\glassfish-3.1\glassfish\modules\org.eclipse.persistence.jpa.modelgen.jar;D:\Work Area\Servers\glassfish-3.1\glassfish\modules\org.eclipse.persistence.oracle.jar;D:\Work Area\Servers\glassfish-3.1\glassfish\modules\javax.persistence.jar" />
    <property name="libs.javaee-web-api-6.0.classpath" value="C:\Program Files\NetBeans 7.0\enterprise\modules\ext\javaee-web-api-6.0.jar" />
    <property name="libs.DataBindingME-PIM.maven-pom" value="" />
    <property name="libs.hibernate-support.maven-pom" value="" />
    <property name="libs.hibernate-support.javadoc" value="" />
    <property name="libs.NetBeans MIDP Components.maven-pom" value="" />
    <property name="jdk.home" value="C:\Program Files\Java\jdk1.6.0_20" />
    <property name="libs.javac-api.src" value="" />
    <property name="javadoc.noindex" value="false" />
    <property name="sun.os.patch.level" value="" />
    <property name="do.tmp.war.package" value="true" />
    <property name="java.vm.specification.name" value="Java Virtual Machine Specification" />
    <property name="libs.semc-ant-utils.classpath" value="C:\Program Files\NetBeans 7.0\mobility\modules\ext\org-netbeans-modules-j2me-cdc-project-semc.jar" />
    <property name="nb.show.statistics.ui" value="usageStatisticsEnabled" />
    <property name="libs.nokiadeployment.classpath" value="C:\Program Files\NetBeans 7.0\mobility\modules\org-netbeans-modules-mobility-deployment-nokia.jar" />
    <property name="netbeans.autoupdate.variant" value="" />
    <property name="have.tests" value="true" />
    <property name="libs.nokiaS80-ant-utils.maven-pom" value="" />
    <property name="org.xml.sax.driver" value="com.sun.org.apache.xerces.internal.jaxp.SAXParserImpl$JAXPSAXParser" />
    <property name="libs.nb_svg_midp_components.src" value="C:\Program Files\NetBeans 7.0\mobility\sources\nb_svg_midp_components-src.zip" />
    <property name="j2ee.server.instance" value="tomcat70:home=D:\Work Area\Servers\Apache Tomcat 7.0.11:base=apache-tomcat-7.0.11_base" />
    <property name="ant.file.type.OrderingSystem" value="file" />
    <property name="libs.NetBeans MIDP Components WMA.src" value="C:\Program Files\NetBeans 7.0\mobility\sources\netbeans_midp_components_wma-src.zip" />
    <property name="libs.javac-api.javadoc" value="" />
    <property name="os.name" value="Windows 7" />
    <property name="libs.beans-binding.classpath" value="C:\Program Files\NetBeans 7.0\java\modules\ext\beansbinding-1.2.1.jar" />
    <property name="ap.proc.none.internal" value="" />
    <property name="file.reference.mmmockobjects-1.12.0.jar" value="..\Basurahan\dependencieslis\mmmockobjects-1.12.0.jar" />
    <property name="libs.DataBindingME-SVG.javadoc" value="C:\Program Files\NetBeans 7.0\mobility\modules\docs\netbeans_databindingme_svg-api.zip" />
    <property name="file.reference.logback-classic-0.9.15.jar" value="..\Basurahan\dependencieslis\logback-classic-0.9.15.jar" />
    <property name="libs.restapi.javadoc" value="C:\Program Files\NetBeans 7.0\enterprise\docs\jsr311-api-1.1.1-javadoc.zip" />
    <property name="libs.JWSAntTasks.maven-pom" value="" />
    <property name="libs.ojec-ant-utils.src" value="" />
    <property name="libs.spring-webmvc3.0.src" value="" />
    <property name="libs.restapi.classpath" value="C:\Program Files\NetBeans 7.0\enterprise\modules\ext\rest\jsr311-api-1.1.1.jar" />
    <property name="runmain.jvmargs" value="" />
    <property name="java.vendor.url.bug" value="http://java.sun.com/cgi-bin/bugreport.cgi" />
    <property name="libs.nsicom-ant-utils.javadoc" value="" />
    <property name="libs.jaxb.maven-pom" value="" />
    <property name="os.arch" value="x86" />
    <property name="libs.eclipselink.src" value="" />
    <property name="user.name" value="The Architect" />
    <property name="j2ee.compile.on.save" value="true" />
    <property name="libs.jsf12.javadoc" value="C:\Program Files\NetBeans 7.0\enterprise\docs\javaee6-doc-api.zip" />
    <property name="libs.Comet-GlassFish-v3.javadoc" value="" />
    <property name="libs.spring-webmvc3.0.maven-pom" value="" />
    <property name="libs.swing-layout.maven-pom" value="" />
    <property name="build.classes.dir" value="build/web/WEB-INF/classes" />
    <property name="netbeans.accept_license_class" value="org.netbeans.license.AcceptLicense" />
    <property name="file.reference.commons-collections-3.2.1.jar" value="D:\Work Area\Projects\Git Repository\Group-IIT\Basurahan\dependencieslis\commons-collections-3.2.1.jar" />
    <property name="libs.Java-EE-GlassFish-v3.wsjwsdp" value="" />
    <property name="ap.supported.internal" value="true" />
    <property name="libs.jaxws21.javadoc" value="C:\Program Files\NetBeans 7.0\java\docs\jaxws-api-doc.zip" />
    <property name="build.web.excludes" value="**/*.java,**/*.form" />
    <property name="includes" value="**" />
    <property name="file.reference.dbunit-2.4.8.jar" value="../Basurahan/dbunit-2.4.8.jar" />
    <property name="libs.ojec-ant-utils.maven-pom" value="" />
    <property name="user.country" value="US" />
    <property name="libs.jstl11.javadoc" value="C:\Program Files\NetBeans 7.0\enterprise\docs\javaee6-doc-api.zip" />
    <property name="libs.JMUnit4CLDC11.src" value="" />
    <property name="javadoc.encoding" value="UTF-8" />
    <property name="javac.classpath" value="..\Basurahan\mysql-connector-java-5.1.16\mysql-connector-java-5.1.16-bin.jar:..\Basurahan\dependencieslis\junit-3.8.2.jar:..\Basurahan\dependencieslis\junit-addons-1.4.jar:..\Basurahan\dependencieslis\junitperf-1.8.jar:..\Basurahan\dependencieslis\logback-classic-0.9.15.jar:..\Basurahan\dependencieslis\mmmockobjects-1.12.0.jar:..\Basurahan\dependencieslis\mockobjects-core-0.07.jar:..\Basurahan\dependencieslis\mockobjects-jdk1.3-0.07.jar:..\Basurahan\dependencieslis\poi-3.2-FINAL.jar:..\Basurahan\dependencieslis\slf4j-api-1.5.6.jar:..\Basurahan\dependencieslis\xercesImpl-2.6.2.jar:..\Basurahan\dependencieslis\xmlParserAPIs-2.6.2.jar" />
    <property name="libs.jsp-compilation-syscp.src" value="" />
    <property name="ant.file.type.OrderingSystem-impl" value="file" />
    <property name="do.debug.server" value="true" />
    <property name="debug-transport" value="dt_shmem" />
    <property name="file.reference.slf4j-api-1.5.6.jar" value="..\Basurahan\dependencieslis\slf4j-api-1.5.6.jar" />
    <property name="netbeans.home" value="C:\Program Files\NetBeans 7.0\platform" />
    <property name="build.compiler.emacs" value="true" />
    <property name="libs.javaee-web-api-6.0.src" value="" />
    <property name="libs.ejb3-persistence.src" value="" />
    <property name="libs.Java-EE-GlassFish-v3.javadoc" value="C:\Program Files\NetBeans 7.0\enterprise\docs\javaee6-doc-api.zip" />
    <property name="libs.jsp-compilation-syscp.classpath" value="C:\Program Files\NetBeans 7.0\java\ant\lib\ant.jar;C:\Program Files\NetBeans 7.0\enterprise\modules\ext\servlet3.0-jsp2.2-api.jar;C:\Program Files\NetBeans 7.0\enterprise\modules\ext\glassfish-jspparser-3.0.jar;C:\Program Files\NetBeans 7.0\enterprise\modules\ext\standard.jar;C:\Program Files\NetBeans 7.0\enterprise\modules\ext\jsf-2_0\jsf-impl.jar" />
    <property name="libs.nokiaS80-ant-utils.src" value="" />
    <property name="libs.cdc-pp-awt-layout.javadoc" value="" />
    <property name="libs.j2me_ant_ext.classpath" value="C:\Program Files\NetBeans 7.0\mobility\modules\org-netbeans-modules-mobility-antext.jar;C:\Program Files\NetBeans 7.0\java\modules\org-netbeans-modules-classfile.jar" />
    <property name="java.endorsed.dirs" value="C:\Program Files\Java\jdk1.6.0_20\jre\lib\endorsed" />
    <property name="libs.Comet-GlassFish-v3.maven-pom" value="" />
    <property name="libs.groovy-all.src" value="" />
    <property name="netbeans.dynamic.classpath" value="C:\Program Files\NetBeans 7.0\platform\core\core.jar;C:\Program Files\NetBeans 7.0\platform\core\org-openide-filesystems.jar;C:\Program Files\NetBeans 7.0\platform\core\locale\core_ja.jar;C:\Program Files\NetBeans 7.0\platform\core\locale\core_pt_BR.jar;C:\Program Files\NetBeans 7.0\platform\core\locale\core_ru.jar;C:\Program Files\NetBeans 7.0\platform\core\locale\core_zh_CN.jar;C:\Program Files\NetBeans 7.0\platform\core\locale\org-openide-filesystems_ja.jar;C:\Program Files\NetBeans 7.0\platform\core\locale\org-openide-filesystems_pt_BR.jar;C:\Program Files\NetBeans 7.0\platform\core\locale\org-openide-filesystems_ru.jar;C:\Program Files\NetBeans 7.0\platform\core\locale\org-openide-filesystems_zh_CN.jar;C:\Program Files\NetBeans 7.0\nb\core\org-netbeans-upgrader.jar;C:\Program Files\NetBeans 7.0\nb\core\locale\core_nb.jar;C:\Program Files\NetBeans 7.0\nb\core\locale\core_nb_ja.jar;C:\Program Files\NetBeans 7.0\nb\core\locale\core_nb_pt_BR.jar;C:\Program Files\NetBeans 7.0\nb\core\locale\core_nb_ru.jar;C:\Program Files\NetBeans 7.0\nb\core\locale\core_nb_zh_CN.jar;C:\Program Files\NetBeans 7.0\nb\core\locale\org-netbeans-upgrader_ja.jar;C:\Program Files\NetBeans 7.0\nb\core\locale\org-netbeans-upgrader_pt_BR.jar;C:\Program Files\NetBeans 7.0\nb\core\locale\org-netbeans-upgrader_ru.jar;C:\Program Files\NetBeans 7.0\nb\core\locale\org-netbeans-upgrader_zh_CN.jar" />
    <property name="libs.cdc-agui-swing-layout.maven-pom" value="" />
    <property name="libs.cdc-pp-awt-layout.src" value="C:\Program Files\NetBeans 7.0\mobility\sources\cdc-pp-awt-layout-src.zip" />
    <property name="java.vm.specification.version" value="1.0" />
    <property name="libs.jakarta_slide_ant_webdav.src" value="" />
    <property name="libs.primefaces.classpath" value="C:\Program Files\NetBeans 7.0\enterprise\modules\ext\primefaces\primefaces-2.2.1.jar" />
    <property name="libs.javaee-api-6.0.classpath" value="C:\Program Files\NetBeans 7.0\enterprise\modules\ext\javaee-api-6.0.jar" />
    <property name="libs.sjmc-ant-utils.maven-pom" value="" />
    <property name="libs.groovy-all.maven-pom" value="" />
    <property name="libs.JMUnit4CLDC10.maven-pom" value="" />
    <property name="libs.hibernate-persistence.classpath" value="C:\Program Files\NetBeans 7.0\java\modules\ext\hibernate\antlr-2.7.6.jar;C:\Program Files\NetBeans 7.0\java\modules\ext\hibernate\asm.jar;C:\Program Files\NetBeans 7.0\java\modules\ext\hibernate\asm-attrs.jar;C:\Program Files\NetBeans 7.0\java\modules\ext\hibernate\cglib-2.1.3.jar;C:\Program Files\NetBeans 7.0\java\modules\ext\hibernate\commons-collections-2.1.1.jar;C:\Program Files\NetBeans 7.0\ide\modules\ext\commons-logging-1.1.jar;C:\Program Files\NetBeans 7.0\java\modules\ext\hibernate\dom4j-1.6.1.jar;C:\Program Files\NetBeans 7.0\java\modules\ext\hibernate\ehcache-1.2.3.jar;C:\Program Files\NetBeans 7.0\java\modules\ext\hibernate\jdbc2_0-stdext.jar;C:\Program Files\NetBeans 7.0\java\modules\ext\hibernate\jta.jar;C:\Program Files\NetBeans 7.0\java\modules\ext\hibernate\hibernate3.jar;C:\Program Files\NetBeans 7.0\java\modules\ext\hibernate\hibernate-tools.jar;C:\Program Files\NetBeans 7.0\java\modules\ext\hibernate\hibernate-annotations.jar;C:\Program Files\NetBeans 7.0\java\modules\ext\hibernate\hibernate-commons-annotations.jar;C:\Program Files\NetBeans 7.0\java\modules\ext\hibernate\hibernate-entitymanager.jar;C:\Program Files\NetBeans 7.0\java\modules\ext\hibernate\javassist.jar;C:\Program Files\NetBeans 7.0\java\modules\ext\hibernate\ejb3-persistence.jar" />
    <property name="libs.jaxws21.src" value="" />
    <property name="do.war.package.with.custom.manifest" value="true" />
    <property name="libs.swing-app-framework.classpath" value="C:\Program Files\NetBeans 7.0\java\modules\ext\appframework-1.0.3.jar;C:\Program Files\NetBeans 7.0\java\modules\ext\swing-worker-1.1.jar" />
    <property name="netbeans.autoupdate.language" value="en" />
    <property name="libs.jakarta_slide_ant_webdav.classpath" value="C:\Program Files\NetBeans 7.0\mobility\modules\ext\commons-httpclient-3.0.1.jar;C:\Program Files\NetBeans 7.0\ide\modules\ext\commons-logging-1.1.jar;C:\Program Files\NetBeans 7.0\mobility\modules\ext\jdom-1.0.jar;C:\Program Files\NetBeans 7.0\mobility\modules\ext\jakarta-slide-webdavlib-2.1.jar;C:\Program Files\NetBeans 7.0\mobility\modules\ext\jakarta-slide-ant-webdav-2.1.jar" />
    <property name="java.vendor" value="Sun Microsystems Inc." />
    <property name="libs.JMUnit4CLDC10.src" value="" />
    <property name="libs.javaee-api-6.0.javadoc" value="C:\Program Files\NetBeans 7.0\enterprise\docs\javaee6-doc-api.zip" />
    <property name="file.reference.commons-io-1.4.jar" value="D:\Work Area\Projects\Git Repository\Group-IIT\Basurahan\dependencieslis\commons-io-1.4.jar" />
    <property name="javac.debug" value="true" />
    <property name="javadoc.splitindex" value="true" />
    <property name="file.separator" value="\" />
    <property name="libs.restlib_gfv3ee6.classpath" value="D:\Work Area\Servers\glassfish-3.1\glassfish\modules\jackson-core-asl.jar;D:\Work Area\Servers\glassfish-3.1\glassfish\modules\jackson-jaxrs.jar;D:\Work Area\Servers\glassfish-3.1\glassfish\modules\jackson-mapper-asl.jar;D:\Work Area\Servers\glassfish-3.1\glassfish\modules\jersey-client.jar;D:\Work Area\Servers\glassfish-3.1\glassfish\modules\jersey-core.jar;D:\Work Area\Servers\glassfish-3.1\glassfish\modules\jersey-gf-server.jar;D:\Work Area\Servers\glassfish-3.1\glassfish\modules\jersey-json.jar;D:\Work Area\Servers\glassfish-3.1\glassfish\modules\jersey-multipart.jar;D:\Work Area\Servers\glassfish-3.1\glassfish\modules\jettison.jar;D:\Work Area\Servers\glassfish-3.1\glassfish\modules\mimepull.jar" />
    <property name="libs.ActiveSync.classpath" value="C:\Program Files\NetBeans 7.0\mobility\modules\ext\nbactivesync-5.0.jar" />
    <property name="libs.junit_4.maven-pom" value="" />
    <property name="resource.dir" value="setup" />
    <property name="javac.test.processorpath" value="..\Basurahan\mysql-connector-java-5.1.16\mysql-connector-java-5.1.16-bin.jar:..\Basurahan\dependencieslis\junit-3.8.2.jar:..\Basurahan\dependencieslis\junit-addons-1.4.jar:..\Basurahan\dependencieslis\junitperf-1.8.jar:..\Basurahan\dependencieslis\logback-classic-0.9.15.jar:..\Basurahan\dependencieslis\mmmockobjects-1.12.0.jar:..\Basurahan\dependencieslis\mockobjects-core-0.07.jar:..\Basurahan\dependencieslis\mockobjects-jdk1.3-0.07.jar:..\Basurahan\dependencieslis\poi-3.2-FINAL.jar:..\Basurahan\dependencieslis\slf4j-api-1.5.6.jar:..\Basurahan\dependencieslis\xercesImpl-2.6.2.jar:..\Basurahan\dependencieslis\xmlParserAPIs-2.6.2.jar:build/web/WEB-INF/classes:..\Basurahan\dependencieslis\slf4j-api-1.5.6.jar:../Basurahan/dbunit-2.4.8.jar:..\Basurahan\dependencieslis\junit-addons-1.4.jar:..\Basurahan\dependencieslis\junitperf-1.8.jar:..\Basurahan\dependencieslis\mmmockobjects-1.12.0.jar:..\Basurahan\dependencieslis\mockobjects-core-0.07.jar:..\Basurahan\dependencieslis\mockobjects-jdk1.3-0.07.jar:..\Basurahan\dependencieslis\poi-3.2-FINAL.jar:..\Basurahan\dependencieslis\xercesImpl-2.6.2.jar:..\Basurahan\dependencieslis\xmlParserAPIs-2.6.2.jar:..\Basurahan\dependencieslis\jcl-over-slf4j-1.5.6.jar:..\Basurahan\dependencieslis\logback-classic-0.9.15.jar:..\Basurahan\mysql-connector-java-5.1.16\mysql-connector-java-5.1.16-bin.jar:D:\Work Area\Projects\Git Repository\Group-IIT\Basurahan\dependencieslis\commons-collections-3.2.1.jar:D:\Work Area\Projects\Git Repository\Group-IIT\Basurahan\dependencieslis\commons-io-1.4.jar:D:\Work Area\Projects\Git Repository\Group-IIT\Basurahan\dependencieslis\logback-core-0.9.15.jar:C:\Users\The Architect\.netbeans\7.0\modules\ext\junit-4.8.2.jar" />
    <property name="netbeans.buildnumber" value="201104080000" />
    <property name="libs.JWSAntTasks.javadoc" value="" />
    <property name="build.generated.sources.dir" value="build/generated-sources" />
    <property name="user.variant" value="" />
    <property name="libs.eclipselinkmodelgen.classpath" value="C:\Program Files\NetBeans 7.0\java\modules\ext\eclipselink\eclipselink-jpa-modelgen-2.2.0.jar" />
    <property name="libs.Java-EE-GlassFish-v3.wscompile" value="" />
    <property name="sun.java.launcher" value="SUN_STANDARD" />
    <property name="libs.junit.classpath" value="C:\Users\The Architect\.netbeans\7.0\modules\ext\junit-3.8.2.jar" />
    <property name="libs.jaxb.javadoc" value="C:\Program Files\NetBeans 7.0\ide\docs\jaxb-api-doc.zip" />
    <property name="libs.struts.classpath" value="C:\Program Files\NetBeans 7.0\enterprise\modules\ext\struts\antlr-2.7.2.jar;C:\Program Files\NetBeans 7.0\enterprise\modules\ext\struts\bsf-2.3.0.jar;C:\Program Files\NetBeans 7.0\enterprise\modules\ext\struts\commons-beanutils-1.7.0.jar;C:\Program Files\NetBeans 7.0\enterprise\modules\ext\struts\commons-chain-1.1.jar;C:\Program Files\NetBeans 7.0\enterprise\modules\ext\struts\commons-digester-1.8.jar;C:\Program Files\NetBeans 7.0\enterprise\modules\ext\struts\commons-fileupload-1.1.1.jar;C:\Program Files\NetBeans 7.0\enterprise\modules\ext\struts\commons-io-1.1.jar;C:\Program Files\NetBeans 7.0\enterprise\modules\ext\struts\commons-logging-1.0.4.jar;C:\Program Files\NetBeans 7.0\enterprise\modules\ext\struts\commons-validator-1.3.1.jar;C:\Program Files\NetBeans 7.0\enterprise\modules\ext\struts\jstl-1.0.2.jar;C:\Program Files\NetBeans 7.0\enterprise\modules\ext\struts\oro-2.0.8.jar;C:\Program Files\NetBeans 7.0\enterprise\modules\ext\struts\standard-1.0.2.jar;C:\Program Files\NetBeans 7.0\enterprise\modules\ext\struts\struts-core-1.3.8.jar;C:\Program Files\NetBeans 7.0\enterprise\modules\ext\struts\struts-el-1.3.8.jar;C:\Program Files\NetBeans 7.0\enterprise\modules\ext\struts\struts-extras-1.3.8.jar;C:\Program Files\NetBeans 7.0\enterprise\modules\ext\struts\struts-faces-1.3.8.jar;C:\Program Files\NetBeans 7.0\enterprise\modules\ext\struts\struts-mailreader-dao-1.3.8.jar;C:\Program Files\NetBeans 7.0\enterprise\modules\ext\struts\struts-scripting-1.3.8.jar;C:\Program Files\NetBeans 7.0\enterprise\modules\ext\struts\struts-taglib-1.3.8.jar;C:\Program Files\NetBeans 7.0\enterprise\modules\ext\struts\struts-tiles-1.3.8.jar" />
    <property name="application.args.param" value="" />
    <property name="ant.home" value="C:\Program Files\NetBeans 7.0\java\ant" />
    <property name="libs.junit_4.src" value="C:\Users\The Architect\.netbeans\7.0\docs\junit-4.8.2-src.jar" />
    <property name="libs.ricoh-ant-utils.maven-pom" value="" />
    <property name="conf.dir" value="src/conf" />
    <property name="webinf.dir" value="web/WEB-INF" />
    <property name="libs.absolutelayout.maven-pom" value="" />
    <property name="ant.java.version" value="1.6" />
    <property name="java.library.path" value="C:\Program Files\Java\jdk1.6.0_20\jre\bin;.;C:\Windows\Sun\Java\bin;C:\Windows\system32;C:\Windows;C:\Windows\system32;C:\Windows;C:\Windows\System32\Wbem;C:\Windows\System32\WindowsPowerShell\v1.0\;D:\Work Area\Servers\xampp\php;C:\grails-1.3.7\bin;C:\groovy-1.7.10\bin;C:\Program Files\Java\jdk1.6.0_20\bin;c:\Program Files\Microsoft SQL Server\100\Tools\Binn\;c:\Program Files\Microsoft SQL Server\100\DTS\Binn\;C:\Program Files\MySQL\MySQL Server 5.5\bin;D:\Work Area\Servers\glassfish-3.1\bin;D:\Work Area\Servers\glassfish-3.1\glassfish\bin;C:\Windows\system32\gs\gs8.71\bin" />
    <property name="javadoc.author" value="false" />
    <property name="libs.metro.maven-pom" value="" />
    <property name="libs.EclipseLink-GlassFish-v3.src" value="" />
    <property name="java.util.logging.config.class" value="org.netbeans.core.startup.TopLogging" />
    <property name="libs.PostgreSQLDriver.src" value="" />
    <property name="sun.arch.data.model" value="32" />
    <property name="basedir" value="D:\Work Area\Projects\Git Repository\Group-IIT\OrderingSystem" />
    <property name="libs.ActiveSync.src" value="" />
    <property name="jar.compress" value="false" />
    <property name="libs.NetBeans MIDP Components PDA.src" value="C:\Program Files\NetBeans 7.0\mobility\sources\netbeans_midp_components_pda-src.zip" />
    <property name="libs.jstl11.classpath" value="C:\Program Files\NetBeans 7.0\enterprise\modules\ext\standard.jar;C:\Program Files\NetBeans 7.0\enterprise\modules\ext\jstl.jar" />
    <property name="path.separator" value=";" />
    <property name="dist.war" value="dist/OrderingSystem.war" />
    <property name="libs.javaee-web-api-6.0.javadoc" value="C:\Program Files\NetBeans 7.0\enterprise\docs\javaee6-doc-api.zip" />
    <property name="ant.junit.enabletestlistenerevents" value="true" />
    <property name="sun.io.unicode.encoding" value="UnicodeLittle" />
    <property name="libs.semc-ant-utils.javadoc" value="" />
    <property name="libs.jaxws21.classpath" value="C:\Program Files\NetBeans 7.0\ide\modules\ext\jaxb\jaxb-impl.jar;C:\Program Files\NetBeans 7.0\ide\modules\ext\jaxb\jaxb-xjc.jar;C:\Program Files\NetBeans 7.0\java\modules\ext\jaxws22\FastInfoset.jar;C:\Program Files\NetBeans 7.0\java\modules\ext\jaxws22\gmbal-api-only.jar;C:\Program Files\NetBeans 7.0\java\modules\ext\jaxws22\http.jar;C:\Program Files\NetBeans 7.0\java\modules\ext\jaxws22\jaxws-rt.jar;C:\Program Files\NetBeans 7.0\java\modules\ext\jaxws22\jaxws-tools.jar;C:\Program Files\NetBeans 7.0\java\modules\ext\jaxws22\management-api.jar;C:\Program Files\NetBeans 7.0\java\modules\ext\jaxws22\mimepull.jar;C:\Program Files\NetBeans 7.0\java\modules\ext\jaxws22\policy.jar;C:\Program Files\NetBeans 7.0\java\modules\ext\jaxws22\saaj-impl.jar;C:\Program Files\NetBeans 7.0\java\modules\ext\jaxws22\stax-ex.jar;C:\Program Files\NetBeans 7.0\java\modules\ext\jaxws22\streambuffer.jar;C:\Program Files\NetBeans 7.0\java\modules\ext\jaxws22\woodstox.jar;C:\Program Files\NetBeans 7.0\java\modules\ext\jaxws22\api\jaxws-api.jar;C:\Program Files\NetBeans 7.0\java\modules\ext\jaxws22\api\jsr181-api.jar;C:\Program Files\NetBeans 7.0\java\modules\ext\jaxws22\api\jsr250-api.jar;C:\Program Files\NetBeans 7.0\java\modules\ext\jaxws22\api\saaj-api.jar;C:\Program Files\NetBeans 7.0\ide\modules\ext\jaxb\activation.jar;C:\Program Files\NetBeans 7.0\ide\modules\ext\jaxb\api\jaxb-api.jar;C:\Program Files\NetBeans 7.0\ide\modules\ext\jaxb\api\jsr173_api.jar" />
    <property name="libs.struts.src" value="" />
    <property name="apple.awt.graphics.UseQuartz" value="true" />
    <property name="user.language" value="en" />
    <property name="j2ee.platform.classpath" value="D:/Work Area/Servers/Apache Tomcat 7.0.11/lib/annotations-api.jar:D:/Work Area/Servers/Apache Tomcat 7.0.11/lib/catalina-ant.jar:D:/Work Area/Servers/Apache Tomcat 7.0.11/lib/catalina-ha.jar:D:/Work Area/Servers/Apache Tomcat 7.0.11/lib/catalina-tribes.jar:D:/Work Area/Servers/Apache Tomcat 7.0.11/lib/catalina.jar:D:/Work Area/Servers/Apache Tomcat 7.0.11/lib/ecj-3.6.jar:D:/Work Area/Servers/Apache Tomcat 7.0.11/lib/el-api.jar:D:/Work Area/Servers/Apache Tomcat 7.0.11/lib/jasper-el.jar:D:/Work Area/Servers/Apache Tomcat 7.0.11/lib/jasper.jar:D:/Work Area/Servers/Apache Tomcat 7.0.11/lib/jsp-api.jar:D:/Work Area/Servers/Apache Tomcat 7.0.11/lib/servlet-api.jar:D:/Work Area/Servers/Apache Tomcat 7.0.11/lib/tomcat-api.jar:D:/Work Area/Servers/Apache Tomcat 7.0.11/lib/tomcat-coyote.jar:D:/Work Area/Servers/Apache Tomcat 7.0.11/lib/tomcat-dbcp.jar:D:/Work Area/Servers/Apache Tomcat 7.0.11/lib/tomcat-i18n-es.jar:D:/Work Area/Servers/Apache Tomcat 7.0.11/lib/tomcat-i18n-fr.jar:D:/Work Area/Servers/Apache Tomcat 7.0.11/lib/tomcat-i18n-ja.jar:D:/Work Area/Servers/Apache Tomcat 7.0.11/lib/tomcat-util.jar" />
    <property name="libs.spring-framework.classpath" value="C:\Program Files\NetBeans 7.0\ide\modules\ext\commons-logging-1.1.jar;C:\Program Files\NetBeans 7.0\java\modules\ext\cglib-2.2.jar;C:\Program Files\NetBeans 7.0\java\modules\ext\spring\spring-2.5.6.SEC01.jar" />
    <property name="libs.eclipselink.maven-pom" value="" />
    <property name="build.meta.inf.dir" value="build/web/META-INF" />
    <property name="persistence.xml.dir" value="src/conf" />
    <property name="libs.primefaces.javadoc" value="" />
    <property name="libs.spring-framework300.maven-pom" value="" />
    <property name="run.test.classpath" value="..\Basurahan\mysql-connector-java-5.1.16\mysql-connector-java-5.1.16-bin.jar:..\Basurahan\dependencieslis\junit-3.8.2.jar:..\Basurahan\dependencieslis\junit-addons-1.4.jar:..\Basurahan\dependencieslis\junitperf-1.8.jar:..\Basurahan\dependencieslis\logback-classic-0.9.15.jar:..\Basurahan\dependencieslis\mmmockobjects-1.12.0.jar:..\Basurahan\dependencieslis\mockobjects-core-0.07.jar:..\Basurahan\dependencieslis\mockobjects-jdk1.3-0.07.jar:..\Basurahan\dependencieslis\poi-3.2-FINAL.jar:..\Basurahan\dependencieslis\slf4j-api-1.5.6.jar:..\Basurahan\dependencieslis\xercesImpl-2.6.2.jar:..\Basurahan\dependencieslis\xmlParserAPIs-2.6.2.jar:build/web/WEB-INF/classes:..\Basurahan\dependencieslis\slf4j-api-1.5.6.jar:../Basurahan/dbunit-2.4.8.jar:..\Basurahan\dependencieslis\junit-addons-1.4.jar:..\Basurahan\dependencieslis\junitperf-1.8.jar:..\Basurahan\dependencieslis\mmmockobjects-1.12.0.jar:..\Basurahan\dependencieslis\mockobjects-core-0.07.jar:..\Basurahan\dependencieslis\mockobjects-jdk1.3-0.07.jar:..\Basurahan\dependencieslis\poi-3.2-FINAL.jar:..\Basurahan\dependencieslis\xercesImpl-2.6.2.jar:..\Basurahan\dependencieslis\xmlParserAPIs-2.6.2.jar:..\Basurahan\dependencieslis\jcl-over-slf4j-1.5.6.jar:..\Basurahan\dependencieslis\logback-classic-0.9.15.jar:..\Basurahan\mysql-connector-java-5.1.16\mysql-connector-java-5.1.16-bin.jar:D:\Work Area\Projects\Git Repository\Group-IIT\Basurahan\dependencieslis\commons-collections-3.2.1.jar:D:\Work Area\Projects\Git Repository\Group-IIT\Basurahan\dependencieslis\commons-io-1.4.jar:D:\Work Area\Projects\Git Repository\Group-IIT\Basurahan\dependencieslis\logback-core-0.9.15.jar:C:\Users\The Architect\.netbeans\7.0\modules\ext\junit-4.8.2.jar:build/test/classes" />
    <property name="ant.project.invoked-targets" value="test" />
    <property name="useJavaUtilZip" value="true" />
    <property name="libs.swing-layout.javadoc" value="C:\Program Files\NetBeans 7.0\platform\docs\swing-layout-1.0.4-doc.zip" />
    <property name="libs.swing-app-framework.javadoc" value="C:\Program Files\NetBeans 7.0\java\docs\appframework-1.0.3-doc.zip" />
    <property name="libs.ejb3-persistence.maven-pom" value="" />
    <property name="jspc.schemas" value="/resources/schemas/" />
    <property name="libs.DataBindingME-SVG.classpath" value="C:\Program Files\NetBeans 7.0\mobility\modules\ext\netbeans_databindingme_svg.jar" />
    <property name="libs.PostgreSQLDriver.maven-pom" value="" />
    <property name="java.class.version" value="50.0" />
    <property name="libs.javaee-endorsed-api-6.0.src" value="" />
    <property name="libs.cdc-ant-utils.classpath" value="C:\Program Files\NetBeans 7.0\mobility\modules\ext\org-netbeans-modules-j2me-cdc-project.jar" />
    <property name="file.reference.xercesImpl-2.6.2.jar" value="..\Basurahan\dependencieslis\xercesImpl-2.6.2.jar" />
    <property name="netbeans.system_http_proxy" value="DIRECT" />
    <property name="libs.eclipselink.javadoc" value="" />
    <property name="libs.NetBeans MIDP Components WMA.maven-pom" value="" />
    <property name="libs.jsp-compilation.maven-pom" value="" />
    <property name="user.properties.file" value="C:\Users\The Architect\.netbeans\7.0\build.properties" />
    <property name="build.web.dir" value="build/web" />
    <property name="libs.spring-framework.src" value="" />
    <property name="libs.javac-api.maven-pom" value="" />
    <property name="file.encoding.pkg" value="sun.io" />
    <property name="sun.cpu.endian" value="little" />
    <property name="file.reference.logback-core-0.9.15.jar" value="D:\Work Area\Projects\Git Repository\Group-IIT\Basurahan\dependencieslis\logback-core-0.9.15.jar" />
    <property name="libs.JWSAntTasks.classpath" value="C:\Program Files\NetBeans 7.0\java\ant\extra\org-netbeans-modules-javawebstart-anttasks.jar" />
    <property name="libs.spring-framework300.src" value="" />
    <property name="file.reference.junit-3.8.2.jar" value="..\Basurahan\dependencieslis\junit-3.8.2.jar" />
    <property name="libs.ant-contrib.classpath" value="C:\Program Files\NetBeans 7.0\mobility\modules\ext\ant-contrib-1.0b3.jar" />
    <property name="empty.dir" value="D:\Work Area\Projects\Git Repository\Group-IIT\OrderingSystem\build\empty" />
    <property name="display.browser" value="true" />
    <property name="version-output" value="java version &quot;1.6" />
    <property name="javadoc.preview" value="true" />
    <property name="file.reference.xmlParserAPIs-2.6.2.jar" value="..\Basurahan\dependencieslis\xmlParserAPIs-2.6.2.jar" />
    <property name="java.home" value="C:\Program Files\Java\jdk1.6.0_20\jre" />
    <property name="libs.ojec-ant-utils.javadoc" value="" />
    <property name="libs.jsp-compilation.src" value="" />
    <property name="libs.ricoh-ant-utils.src" value="" />
    <property name="libs.spring-webmvc.src" value="" />
    <property name="libs.ant-contrib.javadoc" value="" />
    <property name="ant.file.OrderingSystem-impl" value="D:\Work Area\Projects\Git Repository\Group-IIT\OrderingSystem\nbproject\build-impl.xml" />
    <property name="debug.test.classpath" value="..\Basurahan\mysql-connector-java-5.1.16\mysql-connector-java-5.1.16-bin.jar:..\Basurahan\dependencieslis\junit-3.8.2.jar:..\Basurahan\dependencieslis\junit-addons-1.4.jar:..\Basurahan\dependencieslis\junitperf-1.8.jar:..\Basurahan\dependencieslis\logback-classic-0.9.15.jar:..\Basurahan\dependencieslis\mmmockobjects-1.12.0.jar:..\Basurahan\dependencieslis\mockobjects-core-0.07.jar:..\Basurahan\dependencieslis\mockobjects-jdk1.3-0.07.jar:..\Basurahan\dependencieslis\poi-3.2-FINAL.jar:..\Basurahan\dependencieslis\slf4j-api-1.5.6.jar:..\Basurahan\dependencieslis\xercesImpl-2.6.2.jar:..\Basurahan\dependencieslis\xmlParserAPIs-2.6.2.jar:build/web/WEB-INF/classes:..\Basurahan\dependencieslis\slf4j-api-1.5.6.jar:../Basurahan/dbunit-2.4.8.jar:..\Basurahan\dependencieslis\junit-addons-1.4.jar:..\Basurahan\dependencieslis\junitperf-1.8.jar:..\Basurahan\dependencieslis\mmmockobjects-1.12.0.jar:..\Basurahan\dependencieslis\mockobjects-core-0.07.jar:..\Basurahan\dependencieslis\mockobjects-jdk1.3-0.07.jar:..\Basurahan\dependencieslis\poi-3.2-FINAL.jar:..\Basurahan\dependencieslis\xercesImpl-2.6.2.jar:..\Basurahan\dependencieslis\xmlParserAPIs-2.6.2.jar:..\Basurahan\dependencieslis\jcl-over-slf4j-1.5.6.jar:..\Basurahan\dependencieslis\logback-classic-0.9.15.jar:..\Basurahan\mysql-connector-java-5.1.16\mysql-connector-java-5.1.16-bin.jar:D:\Work Area\Projects\Git Repository\Group-IIT\Basurahan\dependencieslis\commons-collections-3.2.1.jar:D:\Work Area\Projects\Git Repository\Group-IIT\Basurahan\dependencieslis\commons-io-1.4.jar:D:\Work Area\Projects\Git Repository\Group-IIT\Basurahan\dependencieslis\logback-core-0.9.15.jar:C:\Users\The Architect\.netbeans\7.0\modules\ext\junit-4.8.2.jar:build/test/classes" />
    <property name="libs.javaee-endorsed-api-6.0.classpath" value="C:\Program Files\NetBeans 7.0\enterprise\modules\ext\javaee6-endorsed\javax.annotation.jar;C:\Program Files\NetBeans 7.0\enterprise\modules\ext\javaee6-endorsed\jaxb-api-osgi.jar;C:\Program Files\NetBeans 7.0\enterprise\modules\ext\javaee6-endorsed\webservices-api-osgi.jar" />
    <property name="libs.javaee-api-6.0.src" value="" />
    <property name="netbeans.importclass" value="org.netbeans.upgrade.AutoUpgrade" />
    <property name="ant.project.default-target" value="default" />
    <property name="annotation.processing.run.all.processors" value="true" />
    <property name="libs.savaje-ant-utils.classpath" value="C:\Program Files\NetBeans 7.0\mobility\modules\ext\org-netbeans-modules-j2me-cdc-project-savaje.jar" />
    <property name="libs.toplink.maven-pom" value="" />
    <property name="libs.DataBindingME.maven-pom" value="" />
    <property name="libs.PostgreSQLDriver.javadoc" value="" />
    <property name="libs.restlib.classpath" value="C:\Program Files\NetBeans 7.0\enterprise\modules\ext\rest\asm-3.1.jar;C:\Program Files\NetBeans 7.0\enterprise\modules\ext\rest\jackson-core-asl-1.1.1.jar;C:\Program Files\NetBeans 7.0\enterprise\modules\ext\rest\jersey-client-1.3.jar;C:\Program Files\NetBeans 7.0\enterprise\modules\ext\rest\jersey-core-1.3.jar;C:\Program Files\NetBeans 7.0\enterprise\modules\ext\rest\jersey-json-1.3.jar;C:\Program Files\NetBeans 7.0\enterprise\modules\ext\rest\jersey-multipart-1.3.jar;C:\Program Files\NetBeans 7.0\enterprise\modules\ext\rest\jersey-server-1.3.jar;C:\Program Files\NetBeans 7.0\enterprise\modules\ext\rest\jersey-spring-1.3.jar;C:\Program Files\NetBeans 7.0\enterprise\modules\ext\rest\jettison-1.1.jar;C:\Program Files\NetBeans 7.0\enterprise\modules\ext\rest\mimepull-1.4.jar;C:\Program Files\NetBeans 7.0\enterprise\modules\ext\rest\oauth-client-1.3.jar;C:\Program Files\NetBeans 7.0\enterprise\modules\ext\rest\oauth-signature-1.3.jar;C:\Program Files\NetBeans 7.0\ide\modules\ext\jaxb\activation.jar;C:\Program Files\NetBeans 7.0\ide\modules\ext\jaxb\api\jaxb-api.jar;C:\Program Files\NetBeans 7.0\ide\modules\ext\jaxb\api\jsr173_api.jar" />
    <property name="libs.JMUnit4CLDC11.javadoc" value="C:\Program Files\NetBeans 7.0\mobility\modules\docs\jmunit-1.2.1-api.zip" />
    <property name="libs.nsicom-ant-utils.maven-pom" value="" />
    <property name="libs.MySQLDriver.maven-pom" value="" />
    <property name="libs.savaje-ant-utils.src" value="" />
    <property name="libs.junit_4.javadoc" value="C:\Users\The Architect\.netbeans\7.0\docs\junit-4.8.2-api.zip" />
    <property name="libs.spring-webmvc.javadoc" value="" />
    <property name="libs.toplink.src" value="" />
    <property name="libs.EclipseLink-GlassFish-v3.maven-pom" value="" />
    <property name="libs.javaee-web-api-6.0.maven-pom" value="" />
    <property name="libs.cdc-pp-awt-layout.classpath" value="C:\Program Files\NetBeans 7.0\mobility\modules\ext\cdc-pp-awt-layout.jar" />
    <property name="j2ee.deploy.on.save" value="true" />
    <property name="libs.cdc-agui-swing-layout.src" value="C:\Program Files\NetBeans 7.0\mobility\sources\cdc-agui-swing-layout-src.zip" />
    <property name="libs.hibernate-support.src" value="" />
    <property name="libs.javaee-endorsed-api-6.0.javadoc" value="C:\Program Files\NetBeans 7.0\enterprise\docs\javaee6-doc-api.zip" />
    <property name="libs.JMUnit4CLDC11.classpath" value="C:\Program Files\NetBeans 7.0\mobility\modules\ext\jmunit4cldc11-1.2.1.jar" />
    <property name="libs.nb_svg_midp_components.classpath" value="C:\Program Files\NetBeans 7.0\mobility\modules\ext\nb_svg_midp_components.jar" />
    <property name="libs.spring-webmvc3.0.javadoc" value="" />
    <property name="annotation.processing.enabled.in.editor" value="true" />
    <property name="libs.NetBeans MIDP Components PDA.classpath" value="C:\Program Files\NetBeans 7.0\mobility\modules\ext\netbeans_midp_components_pda.jar" />
    <property name="libs.semc-ant-utils.maven-pom" value="" />
    <property name="file.reference.mockobjects-jdk1.3-0.07.jar" value="..\Basurahan\dependencieslis\mockobjects-jdk1.3-0.07.jar" />
    <property name="libs.nokiadeployment.maven-pom" value="" />
    <property name="libs.restapi.src" value="" />
    <property name="libs.NetBeans MIDP Components.javadoc" value="C:\Program Files\NetBeans 7.0\mobility\modules\docs\netbeans_midp_components_basic-api.zip" />
    <property name="sun.management.compiler" value="HotSpot Client Compiler" />
    <property name="javac.deprecation" value="false" />
    <property name="javadoc.use" value="true" />
    <property name="client.urlPart" value="" />
    <property name="sun.java2d.noddraw" value="true" />
    <property name="libs.jsp-compiler.classpath" value="C:\Program Files\NetBeans 7.0\enterprise\ant\extra\jspcompile.jar" />
    <property name="dist.ear.war" value="dist/OrderingSystem.war" />
    <property name="javac.processorpath" value="..\Basurahan\mysql-connector-java-5.1.16\mysql-connector-java-5.1.16-bin.jar:..\Basurahan\dependencieslis\junit-3.8.2.jar:..\Basurahan\dependencieslis\junit-addons-1.4.jar:..\Basurahan\dependencieslis\junitperf-1.8.jar:..\Basurahan\dependencieslis\logback-classic-0.9.15.jar:..\Basurahan\dependencieslis\mmmockobjects-1.12.0.jar:..\Basurahan\dependencieslis\mockobjects-core-0.07.jar:..\Basurahan\dependencieslis\mockobjects-jdk1.3-0.07.jar:..\Basurahan\dependencieslis\poi-3.2-FINAL.jar:..\Basurahan\dependencieslis\slf4j-api-1.5.6.jar:..\Basurahan\dependencieslis\xercesImpl-2.6.2.jar:..\Basurahan\dependencieslis\xmlParserAPIs-2.6.2.jar" />
    <property name="libs.spring-webmvc.classpath" value="C:\Program Files\NetBeans 7.0\enterprise\modules\ext\spring\spring-webmvc-2.5.6.SEC01.jar" />
    <property name="javac.compilerargs" value="" />
    <property name="ant.file" value="D:\Work Area\Projects\Git Repository\Group-IIT\OrderingSystem\build.xml" />
    <property name="libs.beans-binding.maven-pom" value="" />
    <property name="file.reference.mockobjects-core-0.07.jar" value="..\Basurahan\dependencieslis\mockobjects-core-0.07.jar" />
    <property name="libs.jsf12.classpath" value="C:\Program Files\NetBeans 7.0\enterprise\modules\ext\jsf-1_2\commons-beanutils.jar;C:\Program Files\NetBeans 7.0\enterprise\modules\ext\jsf-1_2\commons-collections.jar;C:\Program Files\NetBeans 7.0\enterprise\modules\ext\jsf-1_2\commons-digester.jar;C:\Program Files\NetBeans 7.0\enterprise\modules\ext\jsf-1_2\commons-logging.jar;C:\Program Files\NetBeans 7.0\enterprise\modules\ext\jsf-1_2\jsf-api.jar;C:\Program Files\NetBeans 7.0\enterprise\modules\ext\jsf-1_2\jsf-impl.jar" />
    <property name="sun.awt.exception.handler" value="org.netbeans.core.startup.TopLogging$AWTHandler" />
    <property name="has.custom.manifest" value="true" />
    <property name="libs.restapi.maven-pom" value="" />
    <property name="libs.beans-binding.src" value="" />
    <property name="libs.NetBeans MIDP Components PDA.javadoc" value="C:\Program Files\NetBeans 7.0\mobility\modules\docs\netbeans_midp_components_pda-api.zip" />
    <property name="java.vm.specification.vendor" value="Sun Microsystems Inc." />
    <property name="libs.DataBindingME-PIM.javadoc" value="C:\Program Files\NetBeans 7.0\mobility\modules\docs\netbeans_databindingme_pim-api.zip" />
    <property name="libs.swing-layout.src" value="C:\Program Files\NetBeans 7.0\platform\docs\swing-layout-1.0.4-src.zip" />
    <property name="libs.Java-EE-GlassFish-v3.embedabbleejb" value="" />
    <property name="libs.j2me_ant_ext.src" value="" />
    <property name="org.openide.major.version" value="IDE/1" />
    <property name="java.vm.name" value="Java HotSpot(TM) Client VM" />
    <property name="do.display.browser.debug" value="true" />
    <property name="netbeans.user" value="C:\Users\The Architect\.netbeans\7.0" />
    <property name="javadoc.additionalparam" value="" />
    <property name="libs.ricoh-ant-utils.classpath" value="C:\Program Files\NetBeans 7.0\mobility\modules\ext\org-netbeans-modules-j2me-cdc-project-ricoh.jar;C:\Program Files\NetBeans 7.0\mobility\modules\ext\RicohAntTasks-2.0.jar;C:\Program Files\NetBeans 7.0\mobility\modules\ext\commons-httpclient-3.0.jar;C:\Program Files\NetBeans 7.0\ide\modules\ext\commons-logging-1.1.jar;C:\Program Files\NetBeans 7.0\mobility\modules\ext\commons-codec-1.3.jar" />
    <property name="java.vendor.url" value="http://java.sun.com/" />
    <property name="java.io.tmpdir" value="C:\Users\THEARC~1\AppData\Local\Temp\" />
    <property name="endorsed.classpath.cmd.line.arg" value="-Xbootclasspath/p:&apos;C:\Program Files\NetBeans 7.0\enterprise\modules\ext\javaee6-endorsed\javax.annotation.jar;C:\Program Files\NetBeans 7.0\enterprise\modules\ext\javaee6-endorsed\jaxb-api-osgi.jar;C:\Program Files\NetBeans 7.0\enterprise\modules\ext\javaee6-endorsed\webservices-api-osgi.jar&apos;" />
    <property name="compile.jsps" value="false" />
    <property name="libs.jsp-compiler.src" value="" />
    <property name="file.reference.poi-3.2-FINAL.jar" value="..\Basurahan\dependencieslis\poi-3.2-FINAL.jar" />
    <property name="deploy.ant.properties.file" value="C:\Users\The Architect\.netbeans\7.0\tomcat70_1.properties" />
    <property name="file.reference.jcl-over-slf4j-1.5.6.jar" value="..\Basurahan\dependencieslis\jcl-over-slf4j-1.5.6.jar" />
    <property name="sun.boot.library.path" value="C:\Program Files\Java\jdk1.6.0_20\jre\bin" />
    <property name="have.sources" value="true" />
    <property name="war.name" value="OrderingSystem.war" />
    <property name="debug.classpath" value="build/web/WEB-INF/classes:..\Basurahan\mysql-connector-java-5.1.16\mysql-connector-java-5.1.16-bin.jar:..\Basurahan\dependencieslis\junit-3.8.2.jar:..\Basurahan\dependencieslis\junit-addons-1.4.jar:..\Basurahan\dependencieslis\junitperf-1.8.jar:..\Basurahan\dependencieslis\logback-classic-0.9.15.jar:..\Basurahan\dependencieslis\mmmockobjects-1.12.0.jar:..\Basurahan\dependencieslis\mockobjects-core-0.07.jar:..\Basurahan\dependencieslis\mockobjects-jdk1.3-0.07.jar:..\Basurahan\dependencieslis\poi-3.2-FINAL.jar:..\Basurahan\dependencieslis\slf4j-api-1.5.6.jar:..\Basurahan\dependencieslis\xercesImpl-2.6.2.jar:..\Basurahan\dependencieslis\xmlParserAPIs-2.6.2.jar" />
    <property name="javadoc.private" value="false" />
    <property name="test.src.dir" value="test" />
    <property name="libs.jsf20.classpath" value="C:\Program Files\NetBeans 7.0\enterprise\modules\ext\jsf-2_0\jsf-api.jar;C:\Program Files\NetBeans 7.0\enterprise\modules\ext\jsf-2_0\jsf-impl.jar" />
    <property name="ap.processors.internal" value="" />
    <property name="javadoc.encoding.used" value="UTF-8" />
    <property name="libs.DataBindingME-SVG.src" value="C:\Program Files\NetBeans 7.0\mobility\sources\netbeans_databindingme_svg-src.zip" />
    <property name="java.runtime.name" value="Java(TM) SE Runtime Environment" />
    <property name="ant.project.name" value="OrderingSystem" />
    <property name="netbeans.hash.code" value="unique=NB_GFMOD_GROOVY_JAVA_JC_MOB_TOMCAT_WEBEE045a3657f-0608-46f4-b376-f01797437efc_54fe8de4-7bc4-4845-9d2e-640b52646caf" />
    <property name="libs.jsp-compilation-syscp.maven-pom" value="" />
    <property name="libs.j2me_ant_ext.maven-pom" value="" />
    <property name="sun.cpu.isalist" value="pentium_pro+mmx pentium_pro pentium+mmx pentium i486 i386 i86" />
    <property name="libs.CopyLibs.javadoc" value="" />
    <property name="j2ee.server.domain" value="C:/Users/The Architect/.netbeans/7.0/apache-tomcat-7.0.11_base" />
    <property name="libs.ActiveSync.javadoc" value="" />
    <property name="org.openide.specification.version" value="6.2" />
    <property name="j2ee.server.home" value="D:/Work Area/Servers/Apache Tomcat 7.0.11" />
    <property name="libs.hibernate-support.classpath" value="C:\Program Files\NetBeans 7.0\java\modules\ext\hibernate\antlr-2.7.6.jar;C:\Program Files\NetBeans 7.0\java\modules\ext\hibernate\asm.jar;C:\Program Files\NetBeans 7.0\java\modules\ext\hibernate\asm-attrs.jar;C:\Program Files\NetBeans 7.0\java\modules\ext\hibernate\cglib-2.1.3.jar;C:\Program Files\NetBeans 7.0\java\modules\ext\hibernate\commons-collections-2.1.1.jar;C:\Program Files\NetBeans 7.0\ide\modules\ext\commons-logging-1.1.jar;C:\Program Files\NetBeans 7.0\java\modules\ext\hibernate\dom4j-1.6.1.jar;C:\Program Files\NetBeans 7.0\java\modules\ext\hibernate\ehcache-1.2.3.jar;C:\Program Files\NetBeans 7.0\java\modules\ext\hibernate\jdbc2_0-stdext.jar;C:\Program Files\NetBeans 7.0\java\modules\ext\hibernate\jta.jar;C:\Program Files\NetBeans 7.0\java\modules\ext\hibernate\hibernate3.jar;C:\Program Files\NetBeans 7.0\java\modules\ext\hibernate\hibernate-tools.jar;C:\Program Files\NetBeans 7.0\java\modules\ext\hibernate\hibernate-annotations.jar;C:\Program Files\NetBeans 7.0\java\modules\ext\hibernate\hibernate-commons-annotations.jar;C:\Program Files\NetBeans 7.0\java\modules\ext\hibernate\hibernate-entitymanager.jar;C:\Program Files\NetBeans 7.0\java\modules\ext\hibernate\javassist.jar" />
    <property name="libs.DataBindingME-PIM.classpath" value="C:\Program Files\NetBeans 7.0\mobility\modules\ext\netbeans_databindingme_pim.jar" />
    <property name="user.home" value="C:\Users\The Architect" />
    <property name="annotation.processing.processors.list" value="" />
    <property name="debug-args-line" value="-Xdebug" />
    <property name="libs.primefaces.maven-pom" value="" />
    <property name="libs.NetBeans MIDP Components.classpath" value="C:\Program Files\NetBeans 7.0\mobility\modules\ext\netbeans_midp_components_basic.jar" />
    <property name="libs.javaee-api-6.0.maven-pom" value="" />
    <property name="libs.JWSAntTasks.src" value="" />
    <property name="libs.CopyLibs.maven-pom" value="" />
    <property name="libs.absolutelayout.javadoc" value="" />
    <property name="libs.hibernate-persistence.maven-pom" value="" />
    <property name="libs.spring-framework300.javadoc" value="" />
    <property name="java.specification.name" value="Java Platform API Specification" />
    <property name="file.reference.junit-addons-1.4.jar" value="..\Basurahan\dependencieslis\junit-addons-1.4.jar" />
    <property name="libs.swing-app-framework.maven-pom" value="" />
    <property name="no.dist.ear.dir" value="true" />
    <property name="libs.NetBeans MIDP Components WMA.classpath" value="C:\Program Files\NetBeans 7.0\mobility\modules\ext\netbeans_midp_components_wma.jar" />
    <property name="libs.jakarta_slide_ant_webdav.maven-pom" value="" />
    <property name="libs.sjmc-ant-utils.src" value="" />
    <property name="libs.cdc-agui-swing-layout.javadoc" value="" />
    <property name="java.specification.vendor" value="Sun Microsystems Inc." />
    <property name="libs.javac-api.classpath" value="C:\Program Files\NetBeans 7.0\java\modules\ext\javac-api-nb-7.0-b07.jar" />
    <property name="java.version" value="1.6.0_20" />
    <property name="libs.nokiaS80-ant-utils.classpath" value="C:\Program Files\NetBeans 7.0\mobility\modules\ext\org-netbeans-modules-j2me-cdc-project-nokiaS80.jar" />
    <property name="javadoc.version" value="false" />
    <property name="libs.NetBeans MIDP Components WMA.javadoc" value="C:\Program Files\NetBeans 7.0\mobility\modules\docs\netbeans_midp_components_wma-api.zip" />
    <property name="libs.MySQLDriver.javadoc" value="" />
    <property name="org.openide.version" value="deprecated" />
    <property name="libs.restlib_gfv3ee6.maven-pom" value="" />
    <property name="source.encoding" value="UTF-8" />
    <property name="libs.ActiveSync.maven-pom" value="" />
    <property name="ap.cmd.line.internal" value="" />
    <property name="libs.eclipselinkmodelgen.maven-pom" value="" />
    <property name="file.reference.junitperf-1.8.jar" value="..\Basurahan\dependencieslis\junitperf-1.8.jar" />
    <property name="libs.jsp-compilation-syscp.javadoc" value="" />
    <property name="libs.junit.maven-pom" value="" />
    <property name="libs.eclipselinkmodelgen.javadoc" value="" />
    <property name="libs.metro.javadoc" value="C:\Program Files\NetBeans 7.0\enterprise\docs\metro-1.4-doc.zip" />
    <property name="libs.struts.maven-pom" value="" />
    <property name="ant.file.OrderingSystem" value="D:\Work Area\Projects\Git Repository\Group-IIT\OrderingSystem\build.xml" />
    <property name="netbeans.home+have.tests" value="true" />
    <property name="libs.jaxb.src" value="" />
    <property name="libs.Java-EE-GlassFish-v3.wsgenerate" value="" />
    <property name="libs.cdc-ant-utils.src" value="" />
    <property name="libs.jaxb.classpath" value="C:\Program Files\NetBeans 7.0\ide\modules\ext\jaxb\jaxb-impl.jar;C:\Program Files\NetBeans 7.0\ide\modules\ext\jaxb\jaxb-xjc.jar;C:\Program Files\NetBeans 7.0\ide\modules\ext\jaxb\jaxb1-impl.jar;C:\Program Files\NetBeans 7.0\ide\modules\ext\jaxb\activation.jar;C:\Program Files\NetBeans 7.0\ide\modules\ext\jaxb\api\jaxb-api.jar;C:\Program Files\NetBeans 7.0\ide\modules\ext\jaxb\api\jsr173_api.jar" />
    <property name="dist.javadoc.dir" value="dist/javadoc" />
    <property name="libs.spring-webmvc3.0.classpath" value="C:\Program Files\NetBeans 7.0\java\modules\ext\spring-3.0\spring-webmvc-3.0.2.RELEASE.jar" />
    <property name="libs.swing-layout.classpath" value="C:\Program Files\NetBeans 7.0\platform\modules\ext\swing-layout-1.0.4.jar" />
    <property name="jspc.dtds" value="/resources/dtds/" />
    <property name="libs.restlib.src" value="" />
    <property name="javac.source" value="1.6" />
    <property name="build.generated.dir" value="build/generated" />
    <property name="line.separator" value="&#xd;&#xa;" />
    <property name="libs.hibernate-persistence.src" value="" />
    <property name="libs.nb_svg_midp_components.javadoc" value="C:\Program Files\NetBeans 7.0\mobility\modules\docs\nb_svg_midp_components-api.zip" />
    <property name="java.specification.version" value="1.6" />
    <property name="libs.jaxws21.maven-pom" value="" />
    <property name="java.vm.info" value="mixed mode" />
    <property name="libs.cdc-ant-utils.javadoc" value="" />
    <property name="libs.ojec-ant-utils.classpath" value="C:\Program Files\NetBeans 7.0\mobility\modules\ext\org-netbeans-modules-j2me-cdc-project-ojec.jar" />
    <property name="libs.spring-framework.maven-pom" value="" />
    <property name="sun.boot.class.path" value="C:\Program Files\NetBeans 7.0\enterprise\modules\ext\javaee6-endorsed\javax.annotation.jar;C:\Program Files\NetBeans 7.0\enterprise\modules\ext\javaee6-endorsed\jaxb-api-osgi.jar;C:\Program Files\NetBeans 7.0\enterprise\modules\ext\javaee6-endorsed\webservices-api-osgi.jar;C:\Program Files\Java\jdk1.6.0_20\jre\lib\resources.jar;C:\Program Files\Java\jdk1.6.0_20\jre\lib\rt.jar;C:\Program Files\Java\jdk1.6.0_20\jre\lib\sunrsasign.jar;C:\Program Files\Java\jdk1.6.0_20\jre\lib\jsse.jar;C:\Program Files\Java\jdk1.6.0_20\jre\lib\jce.jar;C:\Program Files\Java\jdk1.6.0_20\jre\lib\charsets.jar;C:\Program Files\Java\jdk1.6.0_20\jre\classes" />
    <property name="javac.target" value="1.6" />
    <property name="build.test.classes.dir" value="build/test/classes" />
    <property name="src.dir" value="src/java" />
    <property name="annotation.processing.enabled" value="true" />
    <property name="sun.awt.keepWorkingSetOnMinimize" value="true" />
    <property name="libs.jsf20.src" value="" />
    <property name="libs.jsf12.src" value="" />
    <property name="libs.DataBindingME-SVG.maven-pom" value="" />
    <property name="j2ee.platform" value="1.6-web" />
    <property name="libs.nokiadeployment.src" value="" />
    <property name="libs.savaje-ant-utils.javadoc" value="" />
    <property name="libs.struts.javadoc" value="C:\Program Files\NetBeans 7.0\enterprise\docs\struts-1.3.8-javadoc.zip" />
    <property name="ignore.failing.tests" value="true" />
    <property name="libs.cdc-ant-utils.maven-pom" value="" />
    <property name="libs.Comet-GlassFish-v3.classpath" value="D:\Work Area\Servers\glassfish-3.1\glassfish\modules\grizzly-comet.jar" />
    <property name="web.docbase.dir" value="web" />
    <property name="libs.restlib_gfv3ee6.javadoc" value="C:\Program Files\NetBeans 7.0\enterprise\docs\jsr311-api-1.1.1-javadoc.zip;C:\Program Files\NetBeans 7.0\enterprise\docs\jersey-client-1.3-javadoc.zip;C:\Program Files\NetBeans 7.0\enterprise\docs\jersey-json-1.3-javadoc.zip;C:\Program Files\NetBeans 7.0\enterprise\docs\jersey-multipart-1.3-javadoc.zip" />
    <property name="libs.primefaces.src" value="" />
    <property name="libs.cdc-agui-swing-layout.classpath" value="C:\Program Files\NetBeans 7.0\mobility\modules\ext\cdc-agui-swing-layout.jar" />
    <property name="file.reference.mysql-connector-java-5.1.16-bin.jar" value="..\Basurahan\mysql-connector-java-5.1.16\mysql-connector-java-5.1.16-bin.jar" />
    <property name="dist.dir" value="dist" />
    <property name="libs.groovy-all.javadoc" value="" />
    <property name="javac.fork" value="true" />
    <property name="libs.sjmc-ant-utils.classpath" value="C:\Program Files\NetBeans 7.0\mobility\modules\ext\org-netbeans-modules-j2me-cdc-project-sjmc.jar" />
    <property name="libs.groovy-all.classpath" value="C:\Program Files\NetBeans 7.0\groovy\modules\ext\groovy-all.jar" />
    <property name="libs.JMUnit4CLDC10.classpath" value="C:\Program Files\NetBeans 7.0\mobility\modules\ext\jmunit4cldc10-1.2.1.jar" />
    <property name="java.awt.printerjob" value="sun.awt.windows.WPrinterJob" />
    <property name="default.javac.source" value="1.6" />
    <property name="debug-transport-by-os" value="dt_shmem" />
    <property name="libs.MySQLDriver.src" value="" />
    <property name="sun.jnu.encoding" value="Cp1252" />
    <property name="libs.ant-contrib.maven-pom" value="" />
    <property name="libs.nokiadeployment.javadoc" value="" />
    <property name="build.test.results.dir" value="build/test/results" />
    <property name="java.runtime.version" value="1.6.0_20-b02" />
    <property name="libs.ejb3-persistence.javadoc" value="" />
    <property name="libs.NetBeans MIDP Components.src" value="C:\Program Files\NetBeans 7.0\mobility\sources\netbeans_midp_components_basic-src.zip" />
    <property name="libs.sjmc-ant-utils.javadoc" value="" />
    <property name="do.tmp.war.package.with.custom.manifest" value="true" />
    <property name="default.javac.target" value="1.6" />
    <property name="libs.Java-EE-GlassFish-v3.src" value="" />
    <property name="libs.junit_4.classpath" value="C:\Users\The Architect\.netbeans\7.0\modules\ext\junit-4.8.2.jar" />
    <property name="user.timezone" value="" />
    <property name="libs.ant-contrib.src" value="" />
    <property name="libs.javaee-endorsed-api-6.0.maven-pom" value="" />
    <property name="netbeans.dirs" value="C:\Program Files\NetBeans 7.0\nb;C:\Program Files\NetBeans 7.0\ergonomics;C:\Program Files\NetBeans 7.0\ide;C:\Program Files\NetBeans 7.0\java;C:\Program Files\NetBeans 7.0\xml;C:\Program Files\NetBeans 7.0\apisupport;C:\Program Files\NetBeans 7.0\webcommon;C:\Program Files\NetBeans 7.0\websvccommon;C:\Program Files\NetBeans 7.0\enterprise;C:\Program Files\NetBeans 7.0\mobility;C:\Program Files\NetBeans 7.0\profiler;C:\Program Files\NetBeans 7.0\ruby;C:\Program Files\NetBeans 7.0\python;C:\Program Files\NetBeans 7.0\php;C:\Program Files\NetBeans 7.0\visualweb;C:\Program Files\NetBeans 7.0\soa;C:\Program Files\NetBeans 7.0\identity;C:\Program Files\NetBeans 7.0\uml;C:\Program Files\NetBeans 7.0\harness;C:\Program Files\NetBeans 7.0\cnd;C:\Program Files\NetBeans 7.0\dlight;C:\Program Files\NetBeans 7.0\groovy;C:\Program Files\NetBeans 7.0\extra;C:\Program Files\NetBeans 7.0\javafx;C:\Program Files\NetBeans 7.0\javacard" />
    <property name="libs.jsf20.javadoc" value="C:\Program Files\NetBeans 7.0\enterprise\docs\javaee6-doc-api.zip" />
    <property name="java.ext.dirs" value="C:\Program Files\Java\jdk1.6.0_20\jre\lib\ext;C:\Windows\Sun\Java\lib\ext" />
    <property name="libs.restlib_gfv3ee6.src" value="" />
    <property name="libs.metro.src" value="" />
    <property name="endorsed.classpath" value="C:\Program Files\NetBeans 7.0\enterprise\modules\ext\javaee6-endorsed\javax.annotation.jar;C:\Program Files\NetBeans 7.0\enterprise\modules\ext\javaee6-endorsed\jaxb-api-osgi.jar;C:\Program Files\NetBeans 7.0\enterprise\modules\ext\javaee6-endorsed\webservices-api-osgi.jar" />
    <property name="libs.semc-ant-utils.src" value="" />
    <property name="libs.savaje-ant-utils.maven-pom" value="" />
    <property name="libs.absolutelayout.classpath" value="C:\Program Files\NetBeans 7.0\java\modules\ext\AbsoluteLayout.jar" />
    <property name="excludes" value="" />
    <property name="libs.metro.classpath" value="C:\Program Files\NetBeans 7.0\ide\modules\ext\jaxb\activation.jar;C:\Program Files\NetBeans 7.0\enterprise\modules\ext\metro\webservices-api.jar;C:\Program Files\NetBeans 7.0\enterprise\modules\ext\metro\webservices-extra-api.jar;C:\Program Files\NetBeans 7.0\enterprise\modules\ext\metro\webservices-extra.jar;C:\Program Files\NetBeans 7.0\enterprise\modules\ext\metro\webservices-rt.jar;C:\Program Files\NetBeans 7.0\enterprise\modules\ext\metro\webservices-tools.jar" />
    <property name="libs.restlib.maven-pom" value="" />
    <property name="libs.DataBindingME.javadoc" value="C:\Program Files\NetBeans 7.0\mobility\modules\docs\netbeans_databindingme-api.zip" />
    <property name="java.class.path" value="D:\Work Area\Projects\Git Repository\Group-IIT\Basurahan\mysql-connector-java-5.1.16\mysql-connector-java-5.1.16-bin.jar;D:\Work Area\Projects\Git Repository\Group-IIT\Basurahan\dependencieslis\junit-3.8.2.jar;D:\Work Area\Projects\Git Repository\Group-IIT\Basurahan\dependencieslis\junit-addons-1.4.jar;D:\Work Area\Projects\Git Repository\Group-IIT\Basurahan\dependencieslis\junitperf-1.8.jar;D:\Work Area\Projects\Git Repository\Group-IIT\Basurahan\dependencieslis\logback-classic-0.9.15.jar;D:\Work Area\Projects\Git Repository\Group-IIT\Basurahan\dependencieslis\mmmockobjects-1.12.0.jar;D:\Work Area\Projects\Git Repository\Group-IIT\Basurahan\dependencieslis\mockobjects-core-0.07.jar;D:\Work Area\Projects\Git Repository\Group-IIT\Basurahan\dependencieslis\mockobjects-jdk1.3-0.07.jar;D:\Work Area\Projects\Git Repository\Group-IIT\Basurahan\dependencieslis\poi-3.2-FINAL.jar;D:\Work Area\Projects\Git Repository\Group-IIT\Basurahan\dependencieslis\slf4j-api-1.5.6.jar;D:\Work Area\Projects\Git Repository\Group-IIT\Basurahan\dependencieslis\xercesImpl-2.6.2.jar;D:\Work Area\Projects\Git Repository\Group-IIT\Basurahan\dependencieslis\xmlParserAPIs-2.6.2.jar;D:\Work Area\Projects\Git Repository\Group-IIT\OrderingSystem\build\web\WEB-INF\classes;D:\Work Area\Projects\Git Repository\Group-IIT\Basurahan\dbunit-2.4.8.jar;D:\Work Area\Projects\Git Repository\Group-IIT\Basurahan\dependencieslis\jcl-over-slf4j-1.5.6.jar;D:\Work Area\Projects\Git Repository\Group-IIT\Basurahan\dependencieslis\commons-collections-3.2.1.jar;D:\Work Area\Projects\Git Repository\Group-IIT\Basurahan\dependencieslis\commons-io-1.4.jar;D:\Work Area\Projects\Git Repository\Group-IIT\Basurahan\dependencieslis\logback-core-0.9.15.jar;C:\Users\The Architect\.netbeans\7.0\modules\ext\junit-4.8.2.jar;D:\Work Area\Projects\Git Repository\Group-IIT\OrderingSystem\build\test\classes;D:\Work Area\Servers\Apache Tomcat 7.0.11\lib\annotations-api.jar;D:\Work Area\Servers\Apache Tomcat 7.0.11\lib\catalina-ant.jar;D:\Work Area\Servers\Apache Tomcat 7.0.11\lib\catalina-ha.jar;D:\Work Area\Servers\Apache Tomcat 7.0.11\lib\catalina-tribes.jar;D:\Work Area\Servers\Apache Tomcat 7.0.11\lib\catalina.jar;D:\Work Area\Servers\Apache Tomcat 7.0.11\lib\ecj-3.6.jar;D:\Work Area\Servers\Apache Tomcat 7.0.11\lib\el-api.jar;D:\Work Area\Servers\Apache Tomcat 7.0.11\lib\jasper-el.jar;D:\Work Area\Servers\Apache Tomcat 7.0.11\lib\jasper.jar;D:\Work Area\Servers\Apache Tomcat 7.0.11\lib\jsp-api.jar;D:\Work Area\Servers\Apache Tomcat 7.0.11\lib\servlet-api.jar;D:\Work Area\Servers\Apache Tomcat 7.0.11\lib\tomcat-api.jar;D:\Work Area\Servers\Apache Tomcat 7.0.11\lib\tomcat-coyote.jar;D:\Work Area\Servers\Apache Tomcat 7.0.11\lib\tomcat-dbcp.jar;D:\Work Area\Servers\Apache Tomcat 7.0.11\lib\tomcat-i18n-es.jar;D:\Work Area\Servers\Apache Tomcat 7.0.11\lib\tomcat-i18n-fr.jar;D:\Work Area\Servers\Apache Tomcat 7.0.11\lib\tomcat-i18n-ja.jar;D:\Work Area\Servers\Apache Tomcat 7.0.11\lib\tomcat-util.jar;C:\Program Files\NetBeans 7.0\java\ant\lib\ant-launcher.jar;C:\Program Files\NetBeans 7.0\java\ant\lib\ant.jar;C:\Program Files\NetBeans 7.0\java\ant\lib\ant-junit.jar;C:\Program Files\NetBeans 7.0\java\ant\lib\ant-junit4.jar" />
    <property name="apple.laf.useScreenMenuBar" value="true" />
    <property name="libs.absolutelayout.src" value="" />
    <property name="j2ee.server.type" value="Tomcat70" />
    <property name="libs.cdc-pp-awt-layout.maven-pom" value="" />
    <property name="os.version" value="6.1" />
    <property name="libs.EclipseLink-GlassFish-v3.javadoc" value="C:\Program Files\NetBeans 7.0\enterprise\docs\javaee6-doc-api.zip" />
    <property name="libs.JMUnit4CLDC11.maven-pom" value="" />
    <property name="libs.toplink.javadoc" value="" />
    <property name="sun.desktop" value="windows" />
    <property name="libs.nb_svg_midp_components.maven-pom" value="" />
    <property name="libs.ricoh-ant-utils.javadoc" value="" />
    <property name="libs.Comet-GlassFish-v3.src" value="" />
    <property name="libs.restlib.javadoc" value="C:\Program Files\NetBeans 7.0\enterprise\docs\jersey-client-1.3-javadoc.zip;C:\Program Files\NetBeans 7.0\enterprise\docs\jersey-core-1.1.5.1-javadoc.zip;C:\Program Files\NetBeans 7.0\enterprise\docs\jersey-json-1.3-javadoc.zip;C:\Program Files\NetBeans 7.0\enterprise\docs\jersey-multipart-1.3-javadoc.zip;C:\Program Files\NetBeans 7.0\enterprise\docs\jersey-spring-1.3-javadoc.zip;C:\Program Files\NetBeans 7.0\enterprise\docs\oauth-client-1.3-javadoc.zip;C:\Program Files\NetBeans 7.0\enterprise\docs\oauth-signature-1.3-javadoc.zip" />
    <property name="war.content.additional" value="" />
    <property name="libs.NetBeans MIDP Components PDA.maven-pom" value="" />
    <property name="j2ee.platform.embeddableejb.classpath" value="" />
    <property name="forceRedeploy" value="false" />
    <property name="libs.eclipselink.classpath" value="C:\Program Files\NetBeans 7.0\java\modules\ext\eclipselink\eclipselink-2.2.0.jar;C:\Program Files\NetBeans 7.0\java\modules\ext\eclipselink\eclipselink-javax.persistence-2.0.jar" />
    <property name="java.awt.graphicsenv" value="sun.awt.Win32GraphicsEnvironment" />
    <property name="libs.beans-binding.javadoc" value="C:\Program Files\NetBeans 7.0\java\docs\beansbinding-1.2.1-doc.zip" />
    <property name="libs.Java-EE-GlassFish-v3.classpath" value="D:\Work Area\Servers\glassfish-3.1\glassfish\modules\javax.security.auth.message.jar;D:\Work Area\Servers\glassfish-3.1\glassfish\modules\jaxrpc-api-osgi.jar;D:\Work Area\Servers\glassfish-3.1\glassfish\modules\javax.mail.jar;D:\Work Area\Servers\glassfish-3.1\glassfish\modules\javax.resource.jar;D:\Work Area\Servers\glassfish-3.1\glassfish\modules\jsf-api.jar;D:\Work Area\Servers\glassfish-3.1\glassfish\modules\javax.transaction.jar;D:\Work Area\Servers\glassfish-3.1\glassfish\modules\jsf-impl.jar;D:\Work Area\Servers\glassfish-3.1\glassfish\modules\jersey-core.jar;D:\Work Area\Servers\glassfish-3.1\glassfish\modules\weld-osgi-bundle.jar;D:\Work Area\Servers\glassfish-3.1\glassfish\modules\javax.enterprise.deploy.jar;D:\Work Area\Servers\glassfish-3.1\glassfish\modules\endorsed\jaxb-api-osgi.jar;D:\Work Area\Servers\glassfish-3.1\glassfish\modules\javax.servlet.jsp.jar;D:\Work Area\Servers\glassfish-3.1\glassfish\modules\javax.servlet.jsp.jstl.jar;D:\Work Area\Servers\glassfish-3.1\glassfish\modules\javax.management.j2ee.jar;D:\Work Area\Servers\glassfish-3.1\glassfish\modules\endorsed\webservices-api-osgi.jar;D:\Work Area\Servers\glassfish-3.1\glassfish\modules\javax.jms.jar;D:\Work Area\Servers\glassfish-3.1\glassfish\modules\endorsed\javax.annotation.jar;D:\Work Area\Servers\glassfish-3.1\glassfish\modules\javax.persistence.jar;D:\Work Area\Servers\glassfish-3.1\glassfish\modules\javax.security.jacc.jar;D:\Work Area\Servers\glassfish-3.1\glassfish\modules\bean-validator.jar;D:\Work Area\Servers\glassfish-3.1\glassfish\modules\javax.ejb.jar;D:\Work Area\Servers\glassfish-3.1\glassfish\modules\jstl-impl.jar;D:\Work Area\Servers\glassfish-3.1\glassfish\modules\javax.servlet.jar;D:\Work Area\Servers\glassfish-3.1\glassfish\modules\web-core.jar;D:\Work Area\Servers\glassfish-3.1\glassfish\modules\jackson-core-asl.jar;D:\Work Area\Servers\glassfish-3.1\glassfish\modules\jackson-jaxrs.jar;D:\Work Area\Servers\glassfish-3.1\glassfish\modules\jackson-mapper-asl.jar;D:\Work Area\Servers\glassfish-3.1\glassfish\modules\jersey-client.jar;D:\Work Area\Servers\glassfish-3.1\glassfish\modules\jersey-core.jar;D:\Work Area\Servers\glassfish-3.1\glassfish\modules\jersey-gf-server.jar;D:\Work Area\Servers\glassfish-3.1\glassfish\modules\jersey-json.jar;D:\Work Area\Servers\glassfish-3.1\glassfish\modules\jersey-multipart.jar;D:\Work Area\Servers\glassfish-3.1\glassfish\modules\jettison.jar;D:\Work Area\Servers\glassfish-3.1\glassfish\modules\mimepull.jar" />
    <property name="java.vm.vendor" value="Sun Microsystems Inc." />
    <property name="libs.CopyLibs.classpath" value="C:\Program Files\NetBeans 7.0\java\ant\extra\org-netbeans-modules-java-j2seproject-copylibstask.jar" />
    <property name="libs.spring-framework300.classpath" value="C:\Program Files\NetBeans 7.0\ide\modules\ext\commons-logging-1.1.jar;C:\Program Files\NetBeans 7.0\java\modules\ext\cglib-2.2.jar;C:\Program Files\NetBeans 7.0\java\modules\ext\spring-3.0\spring-aop-3.0.2.RELEASE.jar;C:\Program Files\NetBeans 7.0\java\modules\ext\spring-3.0\spring-asm-3.0.2.RELEASE.jar;C:\Program Files\NetBeans 7.0\java\modules\ext\spring-3.0\spring-aspects-3.0.2.RELEASE.jar;C:\Program Files\NetBeans 7.0\java\modules\ext\spring-3.0\spring-beans-3.0.2.RELEASE.jar;C:\Program Files\NetBeans 7.0\java\modules\ext\spring-3.0\spring-context-3.0.2.RELEASE.jar;C:\Program Files\NetBeans 7.0\java\modules\ext\spring-3.0\spring-context-support-3.0.2.RELEASE.jar;C:\Program Files\NetBeans 7.0\java\modules\ext\spring-3.0\spring-core-3.0.2.RELEASE.jar;C:\Program Files\NetBeans 7.0\java\modules\ext\spring-3.0\spring-expression-3.0.2.RELEASE.jar;C:\Program Files\NetBeans 7.0\java\modules\ext\spring-3.0\spring-instrument-3.0.2.RELEASE.jar;C:\Program Files\NetBeans 7.0\java\modules\ext\spring-3.0\spring-instrument-tomcat-3.0.2.RELEASE.jar;C:\Program Files\NetBeans 7.0\java\modules\ext\spring-3.0\spring-jdbc-3.0.2.RELEASE.jar;C:\Program Files\NetBeans 7.0\java\modules\ext\spring-3.0\spring-jms-3.0.2.RELEASE.jar;C:\Program Files\NetBeans 7.0\java\modules\ext\spring-3.0\spring-orm-3.0.2.RELEASE.jar;C:\Program Files\NetBeans 7.0\java\modules\ext\spring-3.0\spring-oxm-3.0.2.RELEASE.jar;C:\Program Files\NetBeans 7.0\java\modules\ext\spring-3.0\spring-test-3.0.2.RELEASE.jar;C:\Program Files\NetBeans 7.0\java\modules\ext\spring-3.0\spring-tx-3.0.2.RELEASE.jar;C:\Program Files\NetBeans 7.0\java\modules\ext\spring-3.0\spring-web-3.0.2.RELEASE.jar;C:\Program Files\NetBeans 7.0\java\modules\ext\spring-3.0\spring-webmvc-portlet-3.0.2.RELEASE.jar;C:\Program Files\NetBeans 7.0\java\modules\ext\spring-3.0\spring-webmvc-3.0.2.RELEASE.jar;C:\Program Files\NetBeans 7.0\java\modules\ext\spring-3.0\spring-struts-3.0.2.RELEASE.jar" />
    <property name="libs.jsp-compiler.maven-pom" value="" />
    <property name="libs.spring-webmvc.maven-pom" value="" />
    <property name="libs.Java-EE-GlassFish-v3.wsinterop" value="" />
    <property name="libs.ejb3-persistence.classpath" value="C:\Program Files\NetBeans 7.0\java\modules\ext\hibernate\ejb3-persistence.jar" />
    <property name="libs.spring-framework.javadoc" value="" />
    <property name="libs.DataBindingME-PIM.src" value="C:\Program Files\NetBeans 7.0\mobility\sources\netbeans_databindingme_pim-src.zip" />
    <property name="libs.PostgreSQLDriver.classpath" value="C:\Program Files\NetBeans 7.0\ide\modules\ext\postgresql-8.3-603.jdbc3.jar" />
    <property name="libs.jsf12.maven-pom" value="" />
    <property name="libs.junit.src" value="" />
    <property name="annotation.processing.source.output" value="build/generated-sources/ap-source-output" />
    <property name="libs.CopyLibs.src" value="" />
    <property name="build.dir" value="build" />
    <property name="libs.jsp-compilation.classpath" value="C:\Program Files\NetBeans 7.0\java\ant\lib\ant.jar;C:\Program Files\NetBeans 7.0\enterprise\modules\ext\servlet3.0-jsp2.2-api.jar;C:\Program Files\NetBeans 7.0\enterprise\modules\ext\glassfish-jspparser-3.0.jar;C:\Program Files\NetBeans 7.0\enterprise\modules\ext\jsf-2_0\jsf-api.jar;C:\Program Files\NetBeans 7.0\enterprise\modules\ext\jstl.jar;C:\Program Files\NetBeans 7.0\java\ant\lib\ant-launcher.jar" />
    <property name="ant.version" value="Apache Ant(TM) version 1.8.2 compiled on December 20 2010" />
    <property name="file.encoding" value="Cp1252" />
    <property name="build.classes.excludes" value="**/*.java,**/*.form" />
    <property name="jdkBug6558476" value="true" />
    <property name="javadoc.nonavbar" value="false" />
    <property name="platform.active" value="default_platform" />
    <property name="awt.toolkit" value="sun.awt.windows.WToolkit" />
    <property name="war.ear.name" value="OrderingSystem.war" />
  </properties>
  <testcase classname="com.onb.orderingsystem.dao.jdbc.CustomerDaoTest" name="testGetCustomersCreditLimitNotExceeded" time="7.496" />
  <testcase classname="com.onb.orderingsystem.dao.jdbc.CustomerDaoTest" name="testGetCustomersWithUnpaidOrders" time="6.17" />
  <system-out><![CDATA[23:04:26.727 [main] DEBUG org.dbunit.DBTestCase - getConnection() - start
23:04:26.750 [main] DEBUG org.dbunit.assertion.SimpleAssert - assertNotNullNorEmpty(propertyName=driverClass, property=com.mysql.jdbc.Driver) - start
23:04:26.761 [main] DEBUG org.dbunit.JdbcDatabaseTester - getConnection() - start
23:04:26.762 [main] DEBUG org.dbunit.assertion.SimpleAssert - assertNotNullNorEmpty(propertyName=connectionUrl, property=jdbc:mysql://127.0.0.1/orderingsystem_test) - start
23:04:27.030 [main] DEBUG org.dbunit.util.SQLHelper - isEscaped returns 'false' for tableName= (dbIdentifierQuoteString=`)
23:04:27.034 [main] DEBUG o.dbunit.database.DatabaseConnection - Database connection info: 
	database product name=MySQL
	database version=5.5.2-m2-community
	database major version=5
	database minor version=5
	jdbc driver name=MySQL-AB JDBC Driver
	jdbc driver version=mysql-connector-java-5.1.16 ( Revision: ${bzr.revision-id} )
	jdbc driver major version=5
	jdbc driver minor version=1

23:04:27.034 [main] DEBUG o.dbunit.database.DatabaseConnection - validateSchema(validateStrict=false) - start
23:04:27.037 [main] WARN  o.dbunit.database.DatabaseConnection - The given schema '' does not exist.
23:04:27.134 [main] DEBUG org.dbunit.DBTestCase - getConnection() - start
23:04:27.134 [main] DEBUG org.dbunit.assertion.SimpleAssert - assertNotNullNorEmpty(propertyName=driverClass, property=com.mysql.jdbc.Driver) - start
23:04:27.134 [main] DEBUG org.dbunit.JdbcDatabaseTester - getConnection() - start
23:04:27.134 [main] DEBUG org.dbunit.assertion.SimpleAssert - assertNotNullNorEmpty(propertyName=connectionUrl, property=jdbc:mysql://127.0.0.1/orderingsystem_test) - start
23:04:27.146 [main] DEBUG org.dbunit.util.SQLHelper - isEscaped returns 'false' for tableName= (dbIdentifierQuoteString=`)
23:04:27.146 [main] DEBUG o.dbunit.database.DatabaseConnection - Database connection info: 
	database product name=MySQL
	database version=5.5.2-m2-community
	database major version=5
	database minor version=5
	jdbc driver name=MySQL-AB JDBC Driver
	jdbc driver version=mysql-connector-java-5.1.16 ( Revision: ${bzr.revision-id} )
	jdbc driver major version=5
	jdbc driver minor version=1

23:04:27.237 [main] DEBUG o.dbunit.database.DatabaseConnection - validateSchema(validateStrict=false) - start
23:04:27.239 [main] WARN  o.dbunit.database.DatabaseConnection - The given schema '' does not exist.
23:04:27.378 [main] DEBUG org.dbunit.DatabaseTestCase - setUp() - start
23:04:27.378 [main] DEBUG org.dbunit.AbstractDatabaseTester - setSetUpOperation(setUpOperation=org.dbunit.operation.CompositeOperation[_actions=[org.dbunit.operation.DeleteAllOperation@19b1de, org.dbunit.operation.InsertOperation[_reverseRowOrder=false, super=org.dbunit.operation.InsertOperation@ec6b00]]]) - start
23:04:27.449 [main] DEBUG o.d.d.xml.FlatXmlDataSetBuilder - Creating FlatXmlDataSet with builder parameters: org.dbunit.dataset.xml.FlatXmlDataSetBuilder[dtdMetadata=true, columnSensing=false, caseSensitiveTableNames=false, metaDataSet=null]
23:04:27.450 [main] DEBUG o.d.d.xml.FlatXmlDataSetBuilder - Creating FlatXmlProducer using the properties of this builder: org.dbunit.dataset.xml.FlatXmlDataSetBuilder[dtdMetadata=true, columnSensing=false, caseSensitiveTableNames=false, metaDataSet=null]
23:04:27.464 [main] DEBUG o.dbunit.dataset.xml.FlatXmlProducer - setConsumer(consumer) - start
23:04:27.465 [main] DEBUG o.dbunit.dataset.xml.FlatXmlProducer - produce() - start
23:04:27.472 [main] DEBUG o.dbunit.dataset.xml.FlatDtdProducer - setLexicalHandler(xmlReader=org.apache.xerces.parsers.SAXParser@453807, handler=org.dbunit.dataset.xml.FlatXmlProducer$FlatDtdHandler@618d26) - start
23:04:27.473 [main] DEBUG o.dbunit.dataset.xml.FlatDtdProducer - setDeclHandler(xmlReader=org.apache.xerces.parsers.SAXParser@453807, handler=org.dbunit.dataset.xml.FlatXmlProducer$FlatDtdHandler@618d26) - start
23:04:27.559 [main] DEBUG o.dbunit.dataset.xml.FlatXmlProducer - startElement(uri=, localName=, qName=dataset, attributes=org.apache.xerces.parsers.AbstractSAXParser$AttributesProxy@1e2ca7) - start
23:04:27.559 [main] DEBUG org.dbunit.dataset.CachedDataSet - startDataSet() - start
23:04:27.559 [main] DEBUG o.dbunit.dataset.xml.FlatXmlProducer - startElement(uri=, localName=, qName=customers, attributes=org.apache.xerces.parsers.AbstractSAXParser$AttributesProxy@1e2ca7) - start
23:04:27.560 [main] DEBUG o.dbunit.dataset.OrderedTableNameMap - getLastTableName() - start
23:04:27.654 [main] DEBUG o.dbunit.dataset.OrderedTableNameMap - isLastTable(tableName=customers) - start
23:04:27.654 [main] DEBUG o.dbunit.dataset.OrderedTableNameMap - getTableName(tableName=customers) - start
23:04:27.654 [main] DEBUG o.dbunit.dataset.OrderedTableNameMap - getTableName(tableName=customers) - end - result=CUSTOMERS
23:04:27.654 [main] DEBUG o.dbunit.dataset.xml.FlatXmlProducer - createTableMetaData(tableName=customers, attributes=org.apache.xerces.parsers.AbstractSAXParser$AttributesProxy@1e2ca7) - start
23:04:27.676 [main] DEBUG org.dbunit.dataset.Columns - getColumns(columnNames=[], columns=[(id, UNKNOWN, nullableUnknown), (name, UNKNOWN, nullableUnknown)]) - start
23:04:27.676 [main] DEBUG o.dbunit.dataset.OrderedTableNameMap - add(tableName=customers, object=tableName=customers, columns=[(id, UNKNOWN, nullableUnknown), (name, UNKNOWN, nullableUnknown)], keys=[]) - start
23:04:27.676 [main] DEBUG o.dbunit.dataset.OrderedTableNameMap - getTableName(tableName=customers) - start
23:04:27.676 [main] DEBUG o.dbunit.dataset.OrderedTableNameMap - getTableName(tableName=customers) - end - result=CUSTOMERS
23:04:27.766 [main] DEBUG o.dbunit.dataset.OrderedTableNameMap - getTableName(tableName=CUSTOMERS) - start
23:04:27.766 [main] DEBUG o.dbunit.dataset.OrderedTableNameMap - getTableName(tableName=CUSTOMERS) - end - result=CUSTOMERS
23:04:27.766 [main] DEBUG org.dbunit.dataset.CachedDataSet - startTable(metaData=tableName=customers, columns=[(id, UNKNOWN, nullableUnknown), (name, UNKNOWN, nullableUnknown)], keys=[]) - start
23:04:27.768 [main] DEBUG o.dbunit.dataset.OrderedTableNameMap - getLastTableName() - start
23:04:27.768 [main] DEBUG o.dbunit.dataset.OrderedTableNameMap - getTableName(tableName=customers) - start
23:04:27.768 [main] DEBUG o.dbunit.dataset.OrderedTableNameMap - getTableName(tableName=customers) - end - result=CUSTOMERS
23:04:27.768 [main] DEBUG o.d.dataset.AbstractTableMetaData - getColumnIndex(columnName=id) - start
23:04:27.769 [main] DEBUG o.d.dataset.AbstractTableMetaData - getColumnIndex(columnName=name) - start
23:04:27.769 [main] DEBUG o.dbunit.dataset.OrderedTableNameMap - getLastTableName() - start
23:04:27.769 [main] DEBUG o.dbunit.dataset.OrderedTableNameMap - getTableName(tableName=customers) - start
23:04:27.769 [main] DEBUG o.dbunit.dataset.OrderedTableNameMap - getTableName(tableName=customers) - end - result=CUSTOMERS
23:04:27.769 [main] DEBUG org.dbunit.dataset.CachedDataSet - row(values=1) - start
23:04:27.769 [main] DEBUG org.dbunit.dataset.DefaultTable - addRow(values=1) - start
23:04:27.769 [main] DEBUG o.dbunit.dataset.xml.FlatXmlProducer - endElement(uri=, localName=, qName=customers) - start
23:04:27.769 [main] DEBUG o.dbunit.dataset.xml.FlatXmlProducer - startElement(uri=, localName=, qName=customers, attributes=org.apache.xerces.parsers.AbstractSAXParser$AttributesProxy@1e2ca7) - start
23:04:27.771 [main] DEBUG o.dbunit.dataset.OrderedTableNameMap - getLastTableName() - start
23:04:27.771 [main] DEBUG o.dbunit.dataset.OrderedTableNameMap - getTableName(tableName=customers) - start
23:04:27.771 [main] DEBUG o.dbunit.dataset.OrderedTableNameMap - getTableName(tableName=customers) - end - result=CUSTOMERS
23:04:27.771 [main] DEBUG o.dbunit.dataset.OrderedTableNameMap - isLastTable(tableName=customers) - start
23:04:27.771 [main] DEBUG o.dbunit.dataset.OrderedTableNameMap - getLastTableName() - start
23:04:27.772 [main] DEBUG o.dbunit.dataset.OrderedTableNameMap - getTableName(tableName=customers) - start
23:04:27.772 [main] DEBUG o.dbunit.dataset.OrderedTableNameMap - getTableName(tableName=customers) - end - result=CUSTOMERS
23:04:27.773 [main] DEBUG o.dbunit.dataset.OrderedTableNameMap - getTableName(tableName=customers) - start
23:04:27.773 [main] DEBUG o.dbunit.dataset.OrderedTableNameMap - getTableName(tableName=customers) - end - result=CUSTOMERS
23:04:27.773 [main] DEBUG o.dbunit.dataset.OrderedTableNameMap - getLastTableName() - start
23:04:27.774 [main] DEBUG o.dbunit.dataset.OrderedTableNameMap - getTableName(tableName=customers) - start
23:04:27.774 [main] DEBUG o.dbunit.dataset.OrderedTableNameMap - getTableName(tableName=customers) - end - result=CUSTOMERS
23:04:27.774 [main] DEBUG o.d.dataset.AbstractTableMetaData - getColumnIndex(columnName=id) - start
23:04:27.774 [main] DEBUG o.d.dataset.AbstractTableMetaData - getColumnIndex(columnName=name) - start
23:04:27.774 [main] DEBUG o.dbunit.dataset.OrderedTableNameMap - getLastTableName() - start
23:04:27.776 [main] DEBUG o.dbunit.dataset.OrderedTableNameMap - getTableName(tableName=customers) - start
23:04:27.776 [main] DEBUG o.dbunit.dataset.OrderedTableNameMap - getTableName(tableName=customers) - end - result=CUSTOMERS
23:04:27.776 [main] DEBUG org.dbunit.dataset.CachedDataSet - row(values=2) - start
23:04:27.777 [main] DEBUG org.dbunit.dataset.DefaultTable - addRow(values=2) - start
23:04:27.777 [main] DEBUG o.dbunit.dataset.xml.FlatXmlProducer - endElement(uri=, localName=, qName=customers) - start
23:04:27.778 [main] DEBUG o.dbunit.dataset.xml.FlatXmlProducer - startElement(uri=, localName=, qName=customers, attributes=org.apache.xerces.parsers.AbstractSAXParser$AttributesProxy@1e2ca7) - start
23:04:27.778 [main] DEBUG o.dbunit.dataset.OrderedTableNameMap - getLastTableName() - start
23:04:27.778 [main] DEBUG o.dbunit.dataset.OrderedTableNameMap - getTableName(tableName=customers) - start
23:04:27.778 [main] DEBUG o.dbunit.dataset.OrderedTableNameMap - getTableName(tableName=customers) - end - result=CUSTOMERS
23:04:27.779 [main] DEBUG o.dbunit.dataset.OrderedTableNameMap - isLastTable(tableName=customers) - start
23:04:27.780 [main] DEBUG o.dbunit.dataset.OrderedTableNameMap - getLastTableName() - start
23:04:27.780 [main] DEBUG o.dbunit.dataset.OrderedTableNameMap - getTableName(tableName=customers) - start
23:04:27.780 [main] DEBUG o.dbunit.dataset.OrderedTableNameMap - getTableName(tableName=customers) - end - result=CUSTOMERS
23:04:27.780 [main] DEBUG o.dbunit.dataset.OrderedTableNameMap - getTableName(tableName=customers) - start
23:04:27.781 [main] DEBUG o.dbunit.dataset.OrderedTableNameMap - getTableName(tableName=customers) - end - result=CUSTOMERS
23:04:27.781 [main] DEBUG o.dbunit.dataset.OrderedTableNameMap - getLastTableName() - start
23:04:27.781 [main] DEBUG o.dbunit.dataset.OrderedTableNameMap - getTableName(tableName=customers) - start
23:04:27.781 [main] DEBUG o.dbunit.dataset.OrderedTableNameMap - getTableName(tableName=customers) - end - result=CUSTOMERS
23:04:27.781 [main] DEBUG o.d.dataset.AbstractTableMetaData - getColumnIndex(columnName=id) - start
23:04:27.783 [main] DEBUG o.d.dataset.AbstractTableMetaData - getColumnIndex(columnName=name) - start
23:04:27.783 [main] DEBUG o.dbunit.dataset.OrderedTableNameMap - getLastTableName() - start
23:04:27.783 [main] DEBUG o.dbunit.dataset.OrderedTableNameMap - getTableName(tableName=customers) - start
23:04:27.783 [main] DEBUG o.dbunit.dataset.OrderedTableNameMap - getTableName(tableName=customers) - end - result=CUSTOMERS
23:04:27.783 [main] DEBUG org.dbunit.dataset.CachedDataSet - row(values=3) - start
23:04:27.785 [main] DEBUG org.dbunit.dataset.DefaultTable - addRow(values=3) - start
23:04:27.785 [main] DEBUG o.dbunit.dataset.xml.FlatXmlProducer - endElement(uri=, localName=, qName=customers) - start
23:04:27.785 [main] DEBUG o.dbunit.dataset.xml.FlatXmlProducer - startElement(uri=, localName=, qName=customers, attributes=org.apache.xerces.parsers.AbstractSAXParser$AttributesProxy@1e2ca7) - start
23:04:27.785 [main] DEBUG o.dbunit.dataset.OrderedTableNameMap - getLastTableName() - start
23:04:27.785 [main] DEBUG o.dbunit.dataset.OrderedTableNameMap - getTableName(tableName=customers) - start
23:04:27.786 [main] DEBUG o.dbunit.dataset.OrderedTableNameMap - getTableName(tableName=customers) - end - result=CUSTOMERS
23:04:27.786 [main] DEBUG o.dbunit.dataset.OrderedTableNameMap - isLastTable(tableName=customers) - start
23:04:27.786 [main] DEBUG o.dbunit.dataset.OrderedTableNameMap - getLastTableName() - start
23:04:27.787 [main] DEBUG o.dbunit.dataset.OrderedTableNameMap - getTableName(tableName=customers) - start
23:04:27.787 [main] DEBUG o.dbunit.dataset.OrderedTableNameMap - getTableName(tableName=customers) - end - result=CUSTOMERS
23:04:27.788 [main] DEBUG o.dbunit.dataset.OrderedTableNameMap - getTableName(tableName=customers) - start
23:04:27.788 [main] DEBUG o.dbunit.dataset.OrderedTableNameMap - getTableName(tableName=customers) - end - result=CUSTOMERS
23:04:27.788 [main] DEBUG o.dbunit.dataset.OrderedTableNameMap - getLastTableName() - start
23:04:27.788 [main] DEBUG o.dbunit.dataset.OrderedTableNameMap - getTableName(tableName=customers) - start
23:04:27.789 [main] DEBUG o.dbunit.dataset.OrderedTableNameMap - getTableName(tableName=customers) - end - result=CUSTOMERS
23:04:27.790 [main] DEBUG o.d.dataset.AbstractTableMetaData - getColumnIndex(columnName=id) - start
23:04:27.790 [main] DEBUG o.d.dataset.AbstractTableMetaData - getColumnIndex(columnName=name) - start
23:04:27.790 [main] DEBUG o.dbunit.dataset.OrderedTableNameMap - getLastTableName() - start
23:04:27.790 [main] DEBUG o.dbunit.dataset.OrderedTableNameMap - getTableName(tableName=customers) - start
23:04:27.790 [main] DEBUG o.dbunit.dataset.OrderedTableNameMap - getTableName(tableName=customers) - end - result=CUSTOMERS
23:04:27.792 [main] DEBUG org.dbunit.dataset.CachedDataSet - row(values=4) - start
23:04:27.792 [main] DEBUG org.dbunit.dataset.DefaultTable - addRow(values=4) - start
23:04:27.792 [main] DEBUG o.dbunit.dataset.xml.FlatXmlProducer - endElement(uri=, localName=, qName=customers) - start
23:04:27.792 [main] DEBUG o.dbunit.dataset.xml.FlatXmlProducer - startElement(uri=, localName=, qName=customers, attributes=org.apache.xerces.parsers.AbstractSAXParser$AttributesProxy@1e2ca7) - start
23:04:27.792 [main] DEBUG o.dbunit.dataset.OrderedTableNameMap - getLastTableName() - start
23:04:27.793 [main] DEBUG o.dbunit.dataset.OrderedTableNameMap - getTableName(tableName=customers) - start
23:04:27.793 [main] DEBUG o.dbunit.dataset.OrderedTableNameMap - getTableName(tableName=customers) - end - result=CUSTOMERS
23:04:27.793 [main] DEBUG o.dbunit.dataset.OrderedTableNameMap - isLastTable(tableName=customers) - start
23:04:27.793 [main] DEBUG o.dbunit.dataset.OrderedTableNameMap - getLastTableName() - start
23:04:27.794 [main] DEBUG o.dbunit.dataset.OrderedTableNameMap - getTableName(tableName=customers) - start
23:04:27.795 [main] DEBUG o.dbunit.dataset.OrderedTableNameMap - getTableName(tableName=customers) - end - result=CUSTOMERS
23:04:27.795 [main] DEBUG o.dbunit.dataset.OrderedTableNameMap - getTableName(tableName=customers) - start
23:04:27.795 [main] DEBUG o.dbunit.dataset.OrderedTableNameMap - getTableName(tableName=customers) - end - result=CUSTOMERS
23:04:27.796 [main] DEBUG o.dbunit.dataset.OrderedTableNameMap - getLastTableName() - start
23:04:27.796 [main] DEBUG o.dbunit.dataset.OrderedTableNameMap - getTableName(tableName=customers) - start
23:04:27.797 [main] DEBUG o.dbunit.dataset.OrderedTableNameMap - getTableName(tableName=customers) - end - result=CUSTOMERS
23:04:27.798 [main] DEBUG o.d.dataset.AbstractTableMetaData - getColumnIndex(columnName=id) - start
23:04:27.798 [main] DEBUG o.d.dataset.AbstractTableMetaData - getColumnIndex(columnName=name) - start
23:04:27.798 [main] DEBUG o.dbunit.dataset.OrderedTableNameMap - getLastTableName() - start
23:04:27.798 [main] DEBUG o.dbunit.dataset.OrderedTableNameMap - getTableName(tableName=customers) - start
23:04:27.799 [main] DEBUG o.dbunit.dataset.OrderedTableNameMap - getTableName(tableName=customers) - end - result=CUSTOMERS
23:04:27.799 [main] DEBUG org.dbunit.dataset.CachedDataSet - row(values=5) - start
23:04:27.799 [main] DEBUG org.dbunit.dataset.DefaultTable - addRow(values=5) - start
23:04:27.799 [main] DEBUG o.dbunit.dataset.xml.FlatXmlProducer - endElement(uri=, localName=, qName=customers) - start
23:04:27.799 [main] DEBUG o.dbunit.dataset.xml.FlatXmlProducer - startElement(uri=, localName=, qName=customers, attributes=org.apache.xerces.parsers.AbstractSAXParser$AttributesProxy@1e2ca7) - start
23:04:27.800 [main] DEBUG o.dbunit.dataset.OrderedTableNameMap - getLastTableName() - start
23:04:27.800 [main] DEBUG o.dbunit.dataset.OrderedTableNameMap - getTableName(tableName=customers) - start
23:04:27.800 [main] DEBUG o.dbunit.dataset.OrderedTableNameMap - getTableName(tableName=customers) - end - result=CUSTOMERS
23:04:27.800 [main] DEBUG o.dbunit.dataset.OrderedTableNameMap - isLastTable(tableName=customers) - start
23:04:27.800 [main] DEBUG o.dbunit.dataset.OrderedTableNameMap - getLastTableName() - start
23:04:27.802 [main] DEBUG o.dbunit.dataset.OrderedTableNameMap - getTableName(tableName=customers) - start
23:04:27.802 [main] DEBUG o.dbunit.dataset.OrderedTableNameMap - getTableName(tableName=customers) - end - result=CUSTOMERS
23:04:27.802 [main] DEBUG o.dbunit.dataset.OrderedTableNameMap - getTableName(tableName=customers) - start
23:04:27.802 [main] DEBUG o.dbunit.dataset.OrderedTableNameMap - getTableName(tableName=customers) - end - result=CUSTOMERS
23:04:27.802 [main] DEBUG o.dbunit.dataset.OrderedTableNameMap - getLastTableName() - start
23:04:27.804 [main] DEBUG o.dbunit.dataset.OrderedTableNameMap - getTableName(tableName=customers) - start
23:04:27.804 [main] DEBUG o.dbunit.dataset.OrderedTableNameMap - getTableName(tableName=customers) - end - result=CUSTOMERS
23:04:27.804 [main] DEBUG o.d.dataset.AbstractTableMetaData - getColumnIndex(columnName=id) - start
23:04:27.804 [main] DEBUG o.d.dataset.AbstractTableMetaData - getColumnIndex(columnName=name) - start
23:04:27.804 [main] DEBUG o.dbunit.dataset.OrderedTableNameMap - getLastTableName() - start
23:04:27.806 [main] DEBUG o.dbunit.dataset.OrderedTableNameMap - getTableName(tableName=customers) - start
23:04:27.806 [main] DEBUG o.dbunit.dataset.OrderedTableNameMap - getTableName(tableName=customers) - end - result=CUSTOMERS
23:04:27.806 [main] DEBUG org.dbunit.dataset.CachedDataSet - row(values=6) - start
23:04:27.806 [main] DEBUG org.dbunit.dataset.DefaultTable - addRow(values=6) - start
23:04:27.806 [main] DEBUG o.dbunit.dataset.xml.FlatXmlProducer - endElement(uri=, localName=, qName=customers) - start
23:04:27.808 [main] DEBUG o.dbunit.dataset.xml.FlatXmlProducer - startElement(uri=, localName=, qName=products, attributes=org.apache.xerces.parsers.AbstractSAXParser$AttributesProxy@1e2ca7) - start
23:04:27.808 [main] DEBUG o.dbunit.dataset.OrderedTableNameMap - getLastTableName() - start
23:04:27.808 [main] DEBUG o.dbunit.dataset.OrderedTableNameMap - getTableName(tableName=customers) - start
23:04:27.808 [main] DEBUG o.dbunit.dataset.OrderedTableNameMap - getTableName(tableName=customers) - end - result=CUSTOMERS
23:04:27.809 [main] DEBUG o.dbunit.dataset.OrderedTableNameMap - isLastTable(tableName=products) - start
23:04:27.809 [main] DEBUG o.dbunit.dataset.OrderedTableNameMap - getLastTableName() - start
23:04:27.809 [main] DEBUG o.dbunit.dataset.OrderedTableNameMap - getTableName(tableName=customers) - start
23:04:27.809 [main] DEBUG o.dbunit.dataset.OrderedTableNameMap - getTableName(tableName=customers) - end - result=CUSTOMERS
23:04:27.809 [main] DEBUG o.dbunit.dataset.OrderedTableNameMap - getTableName(tableName=products) - start
23:04:27.811 [main] DEBUG o.dbunit.dataset.OrderedTableNameMap - getTableName(tableName=products) - end - result=PRODUCTS
23:04:27.811 [main] DEBUG org.dbunit.dataset.CachedDataSet - endTable() - start
23:04:27.811 [main] DEBUG o.dbunit.dataset.OrderedTableNameMap - getTableName(tableName=customers) - start
23:04:27.811 [main] DEBUG o.dbunit.dataset.OrderedTableNameMap - getTableName(tableName=customers) - end - result=CUSTOMERS
23:04:27.811 [main] DEBUG o.dbunit.dataset.OrderedTableNameMap - add(tableName=customers, object=org.dbunit.dataset.DefaultTable[_metaData=tableName=customers, columns=[(id, UNKNOWN, nullableUnknown), (name, UNKNOWN, nullableUnknown)], keys=[], _rowList.size()=6]) - start
23:04:27.813 [main] DEBUG o.dbunit.dataset.OrderedTableNameMap - getTableName(tableName=customers) - start
23:04:27.813 [main] DEBUG o.dbunit.dataset.OrderedTableNameMap - getTableName(tableName=customers) - end - result=CUSTOMERS
23:04:27.813 [main] DEBUG o.dbunit.dataset.OrderedTableNameMap - getTableName(tableName=CUSTOMERS) - start
23:04:27.813 [main] DEBUG o.dbunit.dataset.OrderedTableNameMap - getTableName(tableName=CUSTOMERS) - end - result=CUSTOMERS
23:04:27.813 [main] DEBUG o.dbunit.dataset.OrderedTableNameMap - getTableName(tableName=products) - start
23:04:27.814 [main] DEBUG o.dbunit.dataset.OrderedTableNameMap - getTableName(tableName=products) - end - result=PRODUCTS
23:04:27.814 [main] DEBUG o.dbunit.dataset.xml.FlatXmlProducer - createTableMetaData(tableName=products, attributes=org.apache.xerces.parsers.AbstractSAXParser$AttributesProxy@1e2ca7) - start
23:04:27.815 [main] DEBUG org.dbunit.dataset.Columns - getColumns(columnNames=[], columns=[(sku_number, UNKNOWN, nullableUnknown), (name, UNKNOWN, nullableUnknown), (amount, UNKNOWN, nullableUnknown)]) - start
23:04:27.816 [main] DEBUG o.dbunit.dataset.OrderedTableNameMap - add(tableName=products, object=tableName=products, columns=[(sku_number, UNKNOWN, nullableUnknown), (name, UNKNOWN, nullableUnknown), (amount, UNKNOWN, nullableUnknown)], keys=[]) - start
23:04:27.817 [main] DEBUG o.dbunit.dataset.OrderedTableNameMap - getTableName(tableName=products) - start
23:04:27.817 [main] DEBUG o.dbunit.dataset.OrderedTableNameMap - getTableName(tableName=products) - end - result=PRODUCTS
23:04:27.817 [main] DEBUG o.dbunit.dataset.OrderedTableNameMap - getTableName(tableName=PRODUCTS) - start
23:04:27.818 [main] DEBUG o.dbunit.dataset.OrderedTableNameMap - getTableName(tableName=PRODUCTS) - end - result=PRODUCTS
23:04:27.818 [main] DEBUG org.dbunit.dataset.CachedDataSet - startTable(metaData=tableName=products, columns=[(sku_number, UNKNOWN, nullableUnknown), (name, UNKNOWN, nullableUnknown), (amount, UNKNOWN, nullableUnknown)], keys=[]) - start
23:04:27.818 [main] DEBUG o.dbunit.dataset.OrderedTableNameMap - getLastTableName() - start
23:04:27.818 [main] DEBUG o.dbunit.dataset.OrderedTableNameMap - getTableName(tableName=products) - start
23:04:27.820 [main] DEBUG o.dbunit.dataset.OrderedTableNameMap - getTableName(tableName=products) - end - result=PRODUCTS
23:04:27.820 [main] DEBUG o.d.dataset.AbstractTableMetaData - getColumnIndex(columnName=sku_number) - start
23:04:27.820 [main] DEBUG o.d.dataset.AbstractTableMetaData - getColumnIndex(columnName=name) - start
23:04:27.820 [main] DEBUG o.d.dataset.AbstractTableMetaData - getColumnIndex(columnName=amount) - start
23:04:27.820 [main] DEBUG o.dbunit.dataset.OrderedTableNameMap - getLastTableName() - start
23:04:27.821 [main] DEBUG o.dbunit.dataset.OrderedTableNameMap - getTableName(tableName=products) - start
23:04:27.821 [main] DEBUG o.dbunit.dataset.OrderedTableNameMap - getTableName(tableName=products) - end - result=PRODUCTS
23:04:27.821 [main] DEBUG org.dbunit.dataset.CachedDataSet - row(values=1) - start
23:04:27.821 [main] DEBUG org.dbunit.dataset.DefaultTable - addRow(values=1) - start
23:04:27.821 [main] DEBUG o.dbunit.dataset.xml.FlatXmlProducer - endElement(uri=, localName=, qName=products) - start
23:04:27.823 [main] DEBUG o.dbunit.dataset.xml.FlatXmlProducer - startElement(uri=, localName=, qName=products, attributes=org.apache.xerces.parsers.AbstractSAXParser$AttributesProxy@1e2ca7) - start
23:04:27.823 [main] DEBUG o.dbunit.dataset.OrderedTableNameMap - getLastTableName() - start
23:04:27.823 [main] DEBUG o.dbunit.dataset.OrderedTableNameMap - getTableName(tableName=products) - start
23:04:27.823 [main] DEBUG o.dbunit.dataset.OrderedTableNameMap - getTableName(tableName=products) - end - result=PRODUCTS
23:04:27.824 [main] DEBUG o.dbunit.dataset.OrderedTableNameMap - isLastTable(tableName=products) - start
23:04:27.825 [main] DEBUG o.dbunit.dataset.OrderedTableNameMap - getLastTableName() - start
23:04:27.825 [main] DEBUG o.dbunit.dataset.OrderedTableNameMap - getTableName(tableName=products) - start
23:04:27.825 [main] DEBUG o.dbunit.dataset.OrderedTableNameMap - getTableName(tableName=products) - end - result=PRODUCTS
23:04:27.825 [main] DEBUG o.dbunit.dataset.OrderedTableNameMap - getTableName(tableName=products) - start
23:04:27.826 [main] DEBUG o.dbunit.dataset.OrderedTableNameMap - getTableName(tableName=products) - end - result=PRODUCTS
23:04:27.827 [main] DEBUG o.dbunit.dataset.OrderedTableNameMap - getLastTableName() - start
23:04:27.827 [main] DEBUG o.dbunit.dataset.OrderedTableNameMap - getTableName(tableName=products) - start
23:04:27.827 [main] DEBUG o.dbunit.dataset.OrderedTableNameMap - getTableName(tableName=products) - end - result=PRODUCTS
23:04:27.827 [main] DEBUG o.d.dataset.AbstractTableMetaData - getColumnIndex(columnName=sku_number) - start
23:04:27.828 [main] DEBUG o.d.dataset.AbstractTableMetaData - getColumnIndex(columnName=name) - start
23:04:27.828 [main] DEBUG o.d.dataset.AbstractTableMetaData - getColumnIndex(columnName=amount) - start
23:04:27.828 [main] DEBUG o.dbunit.dataset.OrderedTableNameMap - getLastTableName() - start
23:04:27.828 [main] DEBUG o.dbunit.dataset.OrderedTableNameMap - getTableName(tableName=products) - start
23:04:27.828 [main] DEBUG o.dbunit.dataset.OrderedTableNameMap - getTableName(tableName=products) - end - result=PRODUCTS
23:04:27.829 [main] DEBUG org.dbunit.dataset.CachedDataSet - row(values=2) - start
23:04:27.831 [main] DEBUG org.dbunit.dataset.DefaultTable - addRow(values=2) - start
23:04:27.831 [main] DEBUG o.dbunit.dataset.xml.FlatXmlProducer - endElement(uri=, localName=, qName=products) - start
23:04:27.831 [main] DEBUG o.dbunit.dataset.xml.FlatXmlProducer - startElement(uri=, localName=, qName=products, attributes=org.apache.xerces.parsers.AbstractSAXParser$AttributesProxy@1e2ca7) - start
23:04:27.831 [main] DEBUG o.dbunit.dataset.OrderedTableNameMap - getLastTableName() - start
23:04:27.831 [main] DEBUG o.dbunit.dataset.OrderedTableNameMap - getTableName(tableName=products) - start
23:04:27.831 [main] DEBUG o.dbunit.dataset.OrderedTableNameMap - getTableName(tableName=products) - end - result=PRODUCTS
23:04:27.831 [main] DEBUG o.dbunit.dataset.OrderedTableNameMap - isLastTable(tableName=products) - start
23:04:27.831 [main] DEBUG o.dbunit.dataset.OrderedTableNameMap - getLastTableName() - start
23:04:27.831 [main] DEBUG o.dbunit.dataset.OrderedTableNameMap - getTableName(tableName=products) - start
23:04:27.833 [main] DEBUG o.dbunit.dataset.OrderedTableNameMap - getTableName(tableName=products) - end - result=PRODUCTS
23:04:27.833 [main] DEBUG o.dbunit.dataset.OrderedTableNameMap - getTableName(tableName=products) - start
23:04:27.833 [main] DEBUG o.dbunit.dataset.OrderedTableNameMap - getTableName(tableName=products) - end - result=PRODUCTS
23:04:27.833 [main] DEBUG o.dbunit.dataset.OrderedTableNameMap - getLastTableName() - start
23:04:27.833 [main] DEBUG o.dbunit.dataset.OrderedTableNameMap - getTableName(tableName=products) - start
23:04:27.835 [main] DEBUG o.dbunit.dataset.OrderedTableNameMap - getTableName(tableName=products) - end - result=PRODUCTS
23:04:27.835 [main] DEBUG o.d.dataset.AbstractTableMetaData - getColumnIndex(columnName=sku_number) - start
23:04:27.835 [main] DEBUG o.d.dataset.AbstractTableMetaData - getColumnIndex(columnName=name) - start
23:04:27.835 [main] DEBUG o.d.dataset.AbstractTableMetaData - getColumnIndex(columnName=amount) - start
23:04:27.835 [main] DEBUG o.dbunit.dataset.OrderedTableNameMap - getLastTableName() - start
23:04:27.836 [main] DEBUG o.dbunit.dataset.OrderedTableNameMap - getTableName(tableName=products) - start
23:04:27.836 [main] DEBUG o.dbunit.dataset.OrderedTableNameMap - getTableName(tableName=products) - end - result=PRODUCTS
23:04:27.836 [main] DEBUG org.dbunit.dataset.CachedDataSet - row(values=3) - start
23:04:27.836 [main] DEBUG org.dbunit.dataset.DefaultTable - addRow(values=3) - start
23:04:27.837 [main] DEBUG o.dbunit.dataset.xml.FlatXmlProducer - endElement(uri=, localName=, qName=products) - start
23:04:27.839 [main] DEBUG o.dbunit.dataset.xml.FlatXmlProducer - startElement(uri=, localName=, qName=products, attributes=org.apache.xerces.parsers.AbstractSAXParser$AttributesProxy@1e2ca7) - start
23:04:27.839 [main] DEBUG o.dbunit.dataset.OrderedTableNameMap - getLastTableName() - start
23:04:27.839 [main] DEBUG o.dbunit.dataset.OrderedTableNameMap - getTableName(tableName=products) - start
23:04:27.839 [main] DEBUG o.dbunit.dataset.OrderedTableNameMap - getTableName(tableName=products) - end - result=PRODUCTS
23:04:27.840 [main] DEBUG o.dbunit.dataset.OrderedTableNameMap - isLastTable(tableName=products) - start
23:04:27.840 [main] DEBUG o.dbunit.dataset.OrderedTableNameMap - getLastTableName() - start
23:04:27.840 [main] DEBUG o.dbunit.dataset.OrderedTableNameMap - getTableName(tableName=products) - start
23:04:27.840 [main] DEBUG o.dbunit.dataset.OrderedTableNameMap - getTableName(tableName=products) - end - result=PRODUCTS
23:04:27.840 [main] DEBUG o.dbunit.dataset.OrderedTableNameMap - getTableName(tableName=products) - start
23:04:27.842 [main] DEBUG o.dbunit.dataset.OrderedTableNameMap - getTableName(tableName=products) - end - result=PRODUCTS
23:04:27.842 [main] DEBUG o.dbunit.dataset.OrderedTableNameMap - getLastTableName() - start
23:04:27.842 [main] DEBUG o.dbunit.dataset.OrderedTableNameMap - getTableName(tableName=products) - start
23:04:27.842 [main] DEBUG o.dbunit.dataset.OrderedTableNameMap - getTableName(tableName=products) - end - result=PRODUCTS
23:04:27.842 [main] DEBUG o.d.dataset.AbstractTableMetaData - getColumnIndex(columnName=sku_number) - start
23:04:27.843 [main] DEBUG o.d.dataset.AbstractTableMetaData - getColumnIndex(columnName=name) - start
23:04:27.843 [main] DEBUG o.d.dataset.AbstractTableMetaData - getColumnIndex(columnName=amount) - start
23:04:27.844 [main] DEBUG o.dbunit.dataset.OrderedTableNameMap - getLastTableName() - start
23:04:27.844 [main] DEBUG o.dbunit.dataset.OrderedTableNameMap - getTableName(tableName=products) - start
23:04:27.844 [main] DEBUG o.dbunit.dataset.OrderedTableNameMap - getTableName(tableName=products) - end - result=PRODUCTS
23:04:27.845 [main] DEBUG org.dbunit.dataset.CachedDataSet - row(values=4) - start
23:04:27.845 [main] DEBUG org.dbunit.dataset.DefaultTable - addRow(values=4) - start
23:04:27.845 [main] DEBUG o.dbunit.dataset.xml.FlatXmlProducer - endElement(uri=, localName=, qName=products) - start
23:04:27.845 [main] DEBUG o.dbunit.dataset.xml.FlatXmlProducer - startElement(uri=, localName=, qName=orders, attributes=org.apache.xerces.parsers.AbstractSAXParser$AttributesProxy@1e2ca7) - start
23:04:27.845 [main] DEBUG o.dbunit.dataset.OrderedTableNameMap - getLastTableName() - start
23:04:27.846 [main] DEBUG o.dbunit.dataset.OrderedTableNameMap - getTableName(tableName=products) - start
23:04:27.847 [main] DEBUG o.dbunit.dataset.OrderedTableNameMap - getTableName(tableName=products) - end - result=PRODUCTS
23:04:27.847 [main] DEBUG o.dbunit.dataset.OrderedTableNameMap - isLastTable(tableName=orders) - start
23:04:27.847 [main] DEBUG o.dbunit.dataset.OrderedTableNameMap - getLastTableName() - start
23:04:27.847 [main] DEBUG o.dbunit.dataset.OrderedTableNameMap - getTableName(tableName=products) - start
23:04:27.849 [main] DEBUG o.dbunit.dataset.OrderedTableNameMap - getTableName(tableName=products) - end - result=PRODUCTS
23:04:27.849 [main] DEBUG o.dbunit.dataset.OrderedTableNameMap - getTableName(tableName=orders) - start
23:04:27.849 [main] DEBUG o.dbunit.dataset.OrderedTableNameMap - getTableName(tableName=orders) - end - result=ORDERS
23:04:27.849 [main] DEBUG org.dbunit.dataset.CachedDataSet - endTable() - start
23:04:27.849 [main] DEBUG o.dbunit.dataset.OrderedTableNameMap - getTableName(tableName=products) - start
23:04:27.850 [main] DEBUG o.dbunit.dataset.OrderedTableNameMap - getTableName(tableName=products) - end - result=PRODUCTS
23:04:27.850 [main] DEBUG o.dbunit.dataset.OrderedTableNameMap - add(tableName=products, object=org.dbunit.dataset.DefaultTable[_metaData=tableName=products, columns=[(sku_number, UNKNOWN, nullableUnknown), (name, UNKNOWN, nullableUnknown), (amount, UNKNOWN, nullableUnknown)], keys=[], _rowList.size()=4]) - start
23:04:27.850 [main] DEBUG o.dbunit.dataset.OrderedTableNameMap - getTableName(tableName=products) - start
23:04:27.852 [main] DEBUG o.dbunit.dataset.OrderedTableNameMap - getTableName(tableName=products) - end - result=PRODUCTS
23:04:27.852 [main] DEBUG o.dbunit.dataset.OrderedTableNameMap - getTableName(tableName=PRODUCTS) - start
23:04:27.852 [main] DEBUG o.dbunit.dataset.OrderedTableNameMap - getTableName(tableName=PRODUCTS) - end - result=PRODUCTS
23:04:27.852 [main] DEBUG o.dbunit.dataset.OrderedTableNameMap - getTableName(tableName=orders) - start
23:04:27.852 [main] DEBUG o.dbunit.dataset.OrderedTableNameMap - getTableName(tableName=orders) - end - result=ORDERS
23:04:27.853 [main] DEBUG o.dbunit.dataset.xml.FlatXmlProducer - createTableMetaData(tableName=orders, attributes=org.apache.xerces.parsers.AbstractSAXParser$AttributesProxy@1e2ca7) - start
23:04:27.853 [main] DEBUG org.dbunit.dataset.Columns - getColumns(columnNames=[], columns=[(order_number, UNKNOWN, nullableUnknown), (customer_id, UNKNOWN, nullableUnknown), (date, UNKNOWN, nullableUnknown), (amount, UNKNOWN, nullableUnknown), (order_status, UNKNOWN, nullableUnknown), (discount_status, UNKNOWN, nullableUnknown)]) - start
23:04:27.856 [main] DEBUG o.dbunit.dataset.OrderedTableNameMap - add(tableName=orders, object=tableName=orders, columns=[(order_number, UNKNOWN, nullableUnknown), (customer_id, UNKNOWN, nullableUnknown), (date, UNKNOWN, nullableUnknown), (amount, UNKNOWN, nullableUnknown), (order_status, UNKNOWN, nullableUnknown), (discount_status, UNKNOWN, nullableUnknown)], keys=[]) - start
23:04:27.857 [main] DEBUG o.dbunit.dataset.OrderedTableNameMap - getTableName(tableName=orders) - start
23:04:27.857 [main] DEBUG o.dbunit.dataset.OrderedTableNameMap - getTableName(tableName=orders) - end - result=ORDERS
23:04:27.859 [main] DEBUG o.dbunit.dataset.OrderedTableNameMap - getTableName(tableName=ORDERS) - start
23:04:27.859 [main] DEBUG o.dbunit.dataset.OrderedTableNameMap - getTableName(tableName=ORDERS) - end - result=ORDERS
23:04:27.859 [main] DEBUG org.dbunit.dataset.CachedDataSet - startTable(metaData=tableName=orders, columns=[(order_number, UNKNOWN, nullableUnknown), (customer_id, UNKNOWN, nullableUnknown), (date, UNKNOWN, nullableUnknown), (amount, UNKNOWN, nullableUnknown), (order_status, UNKNOWN, nullableUnknown), (discount_status, UNKNOWN, nullableUnknown)], keys=[]) - start
23:04:27.959 [main] DEBUG o.dbunit.dataset.OrderedTableNameMap - getLastTableName() - start
23:04:27.959 [main] DEBUG o.dbunit.dataset.OrderedTableNameMap - getTableName(tableName=orders) - start
23:04:27.959 [main] DEBUG o.dbunit.dataset.OrderedTableNameMap - getTableName(tableName=orders) - end - result=ORDERS
23:04:27.959 [main] DEBUG o.d.dataset.AbstractTableMetaData - getColumnIndex(columnName=order_number) - start
23:04:27.959 [main] DEBUG o.d.dataset.AbstractTableMetaData - getColumnIndex(columnName=customer_id) - start
23:04:27.959 [main] DEBUG o.d.dataset.AbstractTableMetaData - getColumnIndex(columnName=date) - start
23:04:27.959 [main] DEBUG o.d.dataset.AbstractTableMetaData - getColumnIndex(columnName=amount) - start
23:04:27.959 [main] DEBUG o.d.dataset.AbstractTableMetaData - getColumnIndex(columnName=order_status) - start
23:04:27.960 [main] DEBUG o.d.dataset.AbstractTableMetaData - getColumnIndex(columnName=discount_status) - start
23:04:27.960 [main] DEBUG o.dbunit.dataset.OrderedTableNameMap - getLastTableName() - start
23:04:27.962 [main] DEBUG o.dbunit.dataset.OrderedTableNameMap - getTableName(tableName=orders) - start
23:04:27.962 [main] DEBUG o.dbunit.dataset.OrderedTableNameMap - getTableName(tableName=orders) - end - result=ORDERS
23:04:27.962 [main] DEBUG org.dbunit.dataset.CachedDataSet - row(values=1) - start
23:04:27.962 [main] DEBUG org.dbunit.dataset.DefaultTable - addRow(values=1) - start
23:04:27.962 [main] DEBUG o.dbunit.dataset.xml.FlatXmlProducer - endElement(uri=, localName=, qName=orders) - start
23:04:27.962 [main] DEBUG o.dbunit.dataset.xml.FlatXmlProducer - startElement(uri=, localName=, qName=order_items, attributes=org.apache.xerces.parsers.AbstractSAXParser$AttributesProxy@1e2ca7) - start
23:04:27.963 [main] DEBUG o.dbunit.dataset.OrderedTableNameMap - getLastTableName() - start
23:04:27.963 [main] DEBUG o.dbunit.dataset.OrderedTableNameMap - getTableName(tableName=orders) - start
23:04:27.963 [main] DEBUG o.dbunit.dataset.OrderedTableNameMap - getTableName(tableName=orders) - end - result=ORDERS
23:04:27.963 [main] DEBUG o.dbunit.dataset.OrderedTableNameMap - isLastTable(tableName=order_items) - start
23:04:27.963 [main] DEBUG o.dbunit.dataset.OrderedTableNameMap - getLastTableName() - start
23:04:27.965 [main] DEBUG o.dbunit.dataset.OrderedTableNameMap - getTableName(tableName=orders) - start
23:04:27.965 [main] DEBUG o.dbunit.dataset.OrderedTableNameMap - getTableName(tableName=orders) - end - result=ORDERS
23:04:27.965 [main] DEBUG o.dbunit.dataset.OrderedTableNameMap - getTableName(tableName=order_items) - start
23:04:27.965 [main] DEBUG o.dbunit.dataset.OrderedTableNameMap - getTableName(tableName=order_items) - end - result=ORDER_ITEMS
23:04:27.965 [main] DEBUG org.dbunit.dataset.CachedDataSet - endTable() - start
23:04:27.967 [main] DEBUG o.dbunit.dataset.OrderedTableNameMap - getTableName(tableName=orders) - start
23:04:27.967 [main] DEBUG o.dbunit.dataset.OrderedTableNameMap - getTableName(tableName=orders) - end - result=ORDERS
23:04:27.967 [main] DEBUG o.dbunit.dataset.OrderedTableNameMap - add(tableName=orders, object=org.dbunit.dataset.DefaultTable[_metaData=tableName=orders, columns=[(order_number, UNKNOWN, nullableUnknown), (customer_id, UNKNOWN, nullableUnknown), (date, UNKNOWN, nullableUnknown), (amount, UNKNOWN, nullableUnknown), (order_status, UNKNOWN, nullableUnknown), (discount_status, UNKNOWN, nullableUnknown)], keys=[], _rowList.size()=1]) - start
23:04:27.968 [main] DEBUG o.dbunit.dataset.OrderedTableNameMap - getTableName(tableName=orders) - start
23:04:27.968 [main] DEBUG o.dbunit.dataset.OrderedTableNameMap - getTableName(tableName=orders) - end - result=ORDERS
23:04:27.969 [main] DEBUG o.dbunit.dataset.OrderedTableNameMap - getTableName(tableName=ORDERS) - start
23:04:27.969 [main] DEBUG o.dbunit.dataset.OrderedTableNameMap - getTableName(tableName=ORDERS) - end - result=ORDERS
23:04:27.969 [main] DEBUG o.dbunit.dataset.OrderedTableNameMap - getTableName(tableName=order_items) - start
23:04:27.970 [main] DEBUG o.dbunit.dataset.OrderedTableNameMap - getTableName(tableName=order_items) - end - result=ORDER_ITEMS
23:04:27.970 [main] DEBUG o.dbunit.dataset.xml.FlatXmlProducer - createTableMetaData(tableName=order_items, attributes=org.apache.xerces.parsers.AbstractSAXParser$AttributesProxy@1e2ca7) - start
23:04:27.970 [main] DEBUG org.dbunit.dataset.Columns - getColumns(columnNames=[], columns=[(id, UNKNOWN, nullableUnknown), (order_order_number, UNKNOWN, nullableUnknown), (product_sku_number, UNKNOWN, nullableUnknown), (quantity, UNKNOWN, nullableUnknown)]) - start
23:04:27.972 [main] DEBUG o.dbunit.dataset.OrderedTableNameMap - add(tableName=order_items, object=tableName=order_items, columns=[(id, UNKNOWN, nullableUnknown), (order_order_number, UNKNOWN, nullableUnknown), (product_sku_number, UNKNOWN, nullableUnknown), (quantity, UNKNOWN, nullableUnknown)], keys=[]) - start
23:04:27.972 [main] DEBUG o.dbunit.dataset.OrderedTableNameMap - getTableName(tableName=order_items) - start
23:04:27.972 [main] DEBUG o.dbunit.dataset.OrderedTableNameMap - getTableName(tableName=order_items) - end - result=ORDER_ITEMS
23:04:27.974 [main] DEBUG o.dbunit.dataset.OrderedTableNameMap - getTableName(tableName=ORDER_ITEMS) - start
23:04:27.975 [main] DEBUG o.dbunit.dataset.OrderedTableNameMap - getTableName(tableName=ORDER_ITEMS) - end - result=ORDER_ITEMS
23:04:27.975 [main] DEBUG org.dbunit.dataset.CachedDataSet - startTable(metaData=tableName=order_items, columns=[(id, UNKNOWN, nullableUnknown), (order_order_number, UNKNOWN, nullableUnknown), (product_sku_number, UNKNOWN, nullableUnknown), (quantity, UNKNOWN, nullableUnknown)], keys=[]) - start
23:04:27.976 [main] DEBUG o.dbunit.dataset.OrderedTableNameMap - getLastTableName() - start
23:04:27.976 [main] DEBUG o.dbunit.dataset.OrderedTableNameMap - getTableName(tableName=order_items) - start
23:04:27.976 [main] DEBUG o.dbunit.dataset.OrderedTableNameMap - getTableName(tableName=order_items) - end - result=ORDER_ITEMS
23:04:27.976 [main] DEBUG o.d.dataset.AbstractTableMetaData - getColumnIndex(columnName=id) - start
23:04:27.976 [main] DEBUG o.d.dataset.AbstractTableMetaData - getColumnIndex(columnName=order_order_number) - start
23:04:27.976 [main] DEBUG o.d.dataset.AbstractTableMetaData - getColumnIndex(columnName=product_sku_number) - start
23:04:27.976 [main] DEBUG o.d.dataset.AbstractTableMetaData - getColumnIndex(columnName=quantity) - start
23:04:27.976 [main] DEBUG o.dbunit.dataset.OrderedTableNameMap - getLastTableName() - start
23:04:27.976 [main] DEBUG o.dbunit.dataset.OrderedTableNameMap - getTableName(tableName=order_items) - start
23:04:27.976 [main] DEBUG o.dbunit.dataset.OrderedTableNameMap - getTableName(tableName=order_items) - end - result=ORDER_ITEMS
23:04:27.978 [main] DEBUG org.dbunit.dataset.CachedDataSet - row(values=1) - start
23:04:27.978 [main] DEBUG org.dbunit.dataset.DefaultTable - addRow(values=1) - start
23:04:27.978 [main] DEBUG o.dbunit.dataset.xml.FlatXmlProducer - endElement(uri=, localName=, qName=order_items) - start
23:04:27.979 [main] DEBUG o.dbunit.dataset.xml.FlatXmlProducer - startElement(uri=, localName=, qName=orders, attributes=org.apache.xerces.parsers.AbstractSAXParser$AttributesProxy@1e2ca7) - start
23:04:27.979 [main] DEBUG o.dbunit.dataset.OrderedTableNameMap - getLastTableName() - start
23:04:27.980 [main] DEBUG o.dbunit.dataset.OrderedTableNameMap - getTableName(tableName=order_items) - start
23:04:27.980 [main] DEBUG o.dbunit.dataset.OrderedTableNameMap - getTableName(tableName=order_items) - end - result=ORDER_ITEMS
23:04:27.980 [main] DEBUG o.dbunit.dataset.OrderedTableNameMap - isLastTable(tableName=orders) - start
23:04:27.980 [main] DEBUG o.dbunit.dataset.OrderedTableNameMap - getLastTableName() - start
23:04:27.980 [main] DEBUG o.dbunit.dataset.OrderedTableNameMap - getTableName(tableName=order_items) - start
23:04:27.982 [main] DEBUG o.dbunit.dataset.OrderedTableNameMap - getTableName(tableName=order_items) - end - result=ORDER_ITEMS
23:04:27.982 [main] DEBUG o.dbunit.dataset.OrderedTableNameMap - getTableName(tableName=orders) - start
23:04:27.982 [main] DEBUG o.dbunit.dataset.OrderedTableNameMap - getTableName(tableName=orders) - end - result=ORDERS
23:04:27.982 [main] DEBUG org.dbunit.dataset.CachedDataSet - endTable() - start
23:04:27.982 [main] DEBUG o.dbunit.dataset.OrderedTableNameMap - getTableName(tableName=order_items) - start
23:04:27.984 [main] DEBUG o.dbunit.dataset.OrderedTableNameMap - getTableName(tableName=order_items) - end - result=ORDER_ITEMS
23:04:27.984 [main] DEBUG o.dbunit.dataset.OrderedTableNameMap - add(tableName=order_items, object=org.dbunit.dataset.DefaultTable[_metaData=tableName=order_items, columns=[(id, UNKNOWN, nullableUnknown), (order_order_number, UNKNOWN, nullableUnknown), (product_sku_number, UNKNOWN, nullableUnknown), (quantity, UNKNOWN, nullableUnknown)], keys=[], _rowList.size()=1]) - start
23:04:27.984 [main] DEBUG o.dbunit.dataset.OrderedTableNameMap - getTableName(tableName=order_items) - start
23:04:27.985 [main] DEBUG o.dbunit.dataset.OrderedTableNameMap - getTableName(tableName=order_items) - end - result=ORDER_ITEMS
23:04:27.985 [main] DEBUG o.dbunit.dataset.OrderedTableNameMap - getTableName(tableName=ORDER_ITEMS) - start
23:04:27.985 [main] DEBUG o.dbunit.dataset.OrderedTableNameMap - getTableName(tableName=ORDER_ITEMS) - end - result=ORDER_ITEMS
23:04:27.985 [main] DEBUG o.dbunit.dataset.OrderedTableNameMap - getTableName(tableName=orders) - start
23:04:27.985 [main] DEBUG o.dbunit.dataset.OrderedTableNameMap - getTableName(tableName=orders) - end - result=ORDERS
23:04:27.987 [main] DEBUG o.dbunit.dataset.OrderedTableNameMap - getTableName(tableName=orders) - start
23:04:27.987 [main] DEBUG o.dbunit.dataset.OrderedTableNameMap - getTableName(tableName=orders) - end - result=ORDERS
23:04:27.987 [main] DEBUG o.dbunit.dataset.OrderedTableNameMap - setLastTable(nameorders) - start
23:04:27.987 [main] DEBUG o.dbunit.dataset.OrderedTableNameMap - getTableName(tableName=orders) - start
23:04:27.987 [main] DEBUG o.dbunit.dataset.OrderedTableNameMap - getTableName(tableName=orders) - end - result=ORDERS
23:04:27.989 [main] DEBUG org.dbunit.dataset.CachedDataSet - startTable(metaData=tableName=orders, columns=[(order_number, UNKNOWN, nullableUnknown), (customer_id, UNKNOWN, nullableUnknown), (date, UNKNOWN, nullableUnknown), (amount, UNKNOWN, nullableUnknown), (order_status, UNKNOWN, nullableUnknown), (discount_status, UNKNOWN, nullableUnknown)], keys=[]) - start
23:04:27.989 [main] DEBUG o.dbunit.dataset.OrderedTableNameMap - getLastTableName() - start
23:04:27.989 [main] DEBUG o.dbunit.dataset.OrderedTableNameMap - getTableName(tableName=orders) - start
23:04:27.990 [main] DEBUG o.dbunit.dataset.OrderedTableNameMap - getTableName(tableName=orders) - end - result=ORDERS
23:04:27.990 [main] DEBUG o.d.dataset.AbstractTableMetaData - getColumnIndex(columnName=order_number) - start
23:04:27.991 [main] DEBUG o.d.dataset.AbstractTableMetaData - getColumnIndex(columnName=customer_id) - start
23:04:27.991 [main] DEBUG o.d.dataset.AbstractTableMetaData - getColumnIndex(columnName=date) - start
23:04:27.991 [main] DEBUG o.d.dataset.AbstractTableMetaData - getColumnIndex(columnName=amount) - start
23:04:27.992 [main] DEBUG o.d.dataset.AbstractTableMetaData - getColumnIndex(columnName=order_status) - start
23:04:27.992 [main] DEBUG o.d.dataset.AbstractTableMetaData - getColumnIndex(columnName=discount_status) - start
23:04:27.992 [main] DEBUG o.dbunit.dataset.OrderedTableNameMap - getLastTableName() - start
23:04:27.992 [main] DEBUG o.dbunit.dataset.OrderedTableNameMap - getTableName(tableName=orders) - start
23:04:27.992 [main] DEBUG o.dbunit.dataset.OrderedTableNameMap - getTableName(tableName=orders) - end - result=ORDERS
23:04:27.993 [main] DEBUG org.dbunit.dataset.CachedDataSet - row(values=2) - start
23:04:27.993 [main] DEBUG org.dbunit.dataset.DefaultTable - addRow(values=2) - start
23:04:27.993 [main] DEBUG o.dbunit.dataset.xml.FlatXmlProducer - endElement(uri=, localName=, qName=orders) - start
23:04:27.993 [main] DEBUG o.dbunit.dataset.xml.FlatXmlProducer - startElement(uri=, localName=, qName=order_items, attributes=org.apache.xerces.parsers.AbstractSAXParser$AttributesProxy@1e2ca7) - start
23:04:27.994 [main] DEBUG o.dbunit.dataset.OrderedTableNameMap - getLastTableName() - start
23:04:27.995 [main] DEBUG o.dbunit.dataset.OrderedTableNameMap - getTableName(tableName=orders) - start
23:04:27.995 [main] DEBUG o.dbunit.dataset.OrderedTableNameMap - getTableName(tableName=orders) - end - result=ORDERS
23:04:27.995 [main] DEBUG o.dbunit.dataset.OrderedTableNameMap - isLastTable(tableName=order_items) - start
23:04:27.995 [main] DEBUG o.dbunit.dataset.OrderedTableNameMap - getLastTableName() - start
23:04:27.995 [main] DEBUG o.dbunit.dataset.OrderedTableNameMap - getTableName(tableName=orders) - start
23:04:27.997 [main] DEBUG o.dbunit.dataset.OrderedTableNameMap - getTableName(tableName=orders) - end - result=ORDERS
23:04:27.997 [main] DEBUG o.dbunit.dataset.OrderedTableNameMap - getTableName(tableName=order_items) - start
23:04:27.997 [main] DEBUG o.dbunit.dataset.OrderedTableNameMap - getTableName(tableName=order_items) - end - result=ORDER_ITEMS
23:04:27.997 [main] DEBUG org.dbunit.dataset.CachedDataSet - endTable() - start
23:04:27.997 [main] DEBUG o.dbunit.dataset.OrderedTableNameMap - getTableName(tableName=orders) - start
23:04:27.998 [main] DEBUG o.dbunit.dataset.OrderedTableNameMap - getTableName(tableName=orders) - end - result=ORDERS
23:04:27.999 [main] DEBUG o.dbunit.dataset.OrderedTableNameMap - getTableName(tableName=orders) - start
23:04:27.999 [main] DEBUG o.dbunit.dataset.OrderedTableNameMap - getTableName(tableName=orders) - end - result=ORDERS
23:04:27.999 [main] DEBUG org.dbunit.dataset.DefaultTable - addTableRows(table=org.dbunit.dataset.DefaultTable[_metaData=tableName=orders, columns=[(order_number, UNKNOWN, nullableUnknown), (customer_id, UNKNOWN, nullableUnknown), (date, UNKNOWN, nullableUnknown), (amount, UNKNOWN, nullableUnknown), (order_status, UNKNOWN, nullableUnknown), (discount_status, UNKNOWN, nullableUnknown)], keys=[], _rowList.size()=1]) - start
23:04:28.000 [main] DEBUG org.dbunit.dataset.DefaultTable - getValue(row=0, column=order_number) - start
23:04:28.000 [main] DEBUG org.dbunit.dataset.AbstractTable - assertValidRowIndex(row=0) - start
23:04:28.000 [main] DEBUG org.dbunit.dataset.AbstractTable - assertValidRowIndex(row=0, rowCount=1) - start
23:04:28.000 [main] DEBUG org.dbunit.dataset.AbstractTable - getColumnIndex(columnName=order_number) - start
23:04:28.000 [main] DEBUG o.d.dataset.AbstractTableMetaData - getColumnIndex(columnName=order_number) - start
23:04:28.001 [main] DEBUG org.dbunit.dataset.DefaultTable - getValue(row=0, column=customer_id) - start
23:04:28.002 [main] DEBUG org.dbunit.dataset.AbstractTable - assertValidRowIndex(row=0) - start
23:04:28.002 [main] DEBUG org.dbunit.dataset.AbstractTable - assertValidRowIndex(row=0, rowCount=1) - start
23:04:28.002 [main] DEBUG org.dbunit.dataset.AbstractTable - getColumnIndex(columnName=customer_id) - start
23:04:28.002 [main] DEBUG o.d.dataset.AbstractTableMetaData - getColumnIndex(columnName=customer_id) - start
23:04:28.004 [main] DEBUG org.dbunit.dataset.DefaultTable - getValue(row=0, column=date) - start
23:04:28.004 [main] DEBUG org.dbunit.dataset.AbstractTable - assertValidRowIndex(row=0) - start
23:04:28.004 [main] DEBUG org.dbunit.dataset.AbstractTable - assertValidRowIndex(row=0, rowCount=1) - start
23:04:28.004 [main] DEBUG org.dbunit.dataset.AbstractTable - getColumnIndex(columnName=date) - start
23:04:28.004 [main] DEBUG o.d.dataset.AbstractTableMetaData - getColumnIndex(columnName=date) - start
23:04:28.004 [main] DEBUG org.dbunit.dataset.DefaultTable - getValue(row=0, column=amount) - start
23:04:28.005 [main] DEBUG org.dbunit.dataset.AbstractTable - assertValidRowIndex(row=0) - start
23:04:28.005 [main] DEBUG org.dbunit.dataset.AbstractTable - assertValidRowIndex(row=0, rowCount=1) - start
23:04:28.005 [main] DEBUG org.dbunit.dataset.AbstractTable - getColumnIndex(columnName=amount) - start
23:04:28.005 [main] DEBUG o.d.dataset.AbstractTableMetaData - getColumnIndex(columnName=amount) - start
23:04:28.006 [main] DEBUG org.dbunit.dataset.DefaultTable - getValue(row=0, column=order_status) - start
23:04:28.007 [main] DEBUG org.dbunit.dataset.AbstractTable - assertValidRowIndex(row=0) - start
23:04:28.007 [main] DEBUG org.dbunit.dataset.AbstractTable - assertValidRowIndex(row=0, rowCount=1) - start
23:04:28.007 [main] DEBUG org.dbunit.dataset.AbstractTable - getColumnIndex(columnName=order_status) - start
23:04:28.007 [main] DEBUG o.d.dataset.AbstractTableMetaData - getColumnIndex(columnName=order_status) - start
23:04:28.007 [main] DEBUG org.dbunit.dataset.DefaultTable - getValue(row=0, column=discount_status) - start
23:04:28.009 [main] DEBUG org.dbunit.dataset.AbstractTable - assertValidRowIndex(row=0) - start
23:04:28.009 [main] DEBUG org.dbunit.dataset.AbstractTable - assertValidRowIndex(row=0, rowCount=1) - start
23:04:28.009 [main] DEBUG org.dbunit.dataset.AbstractTable - getColumnIndex(columnName=discount_status) - start
23:04:28.009 [main] DEBUG o.d.dataset.AbstractTableMetaData - getColumnIndex(columnName=discount_status) - start
23:04:28.009 [main] DEBUG org.dbunit.dataset.DefaultTable - getValue(row=1, column=order_number) - start
23:04:28.010 [main] DEBUG org.dbunit.dataset.AbstractTable - assertValidRowIndex(row=1) - start
23:04:28.010 [main] DEBUG org.dbunit.dataset.AbstractTable - assertValidRowIndex(row=1, rowCount=1) - start
23:04:28.011 [main] DEBUG o.dbunit.dataset.OrderedTableNameMap - getTableName(tableName=order_items) - start
23:04:28.011 [main] DEBUG o.dbunit.dataset.OrderedTableNameMap - getTableName(tableName=order_items) - end - result=ORDER_ITEMS
23:04:28.011 [main] DEBUG o.dbunit.dataset.OrderedTableNameMap - getTableName(tableName=order_items) - start
23:04:28.012 [main] DEBUG o.dbunit.dataset.OrderedTableNameMap - getTableName(tableName=order_items) - end - result=ORDER_ITEMS
23:04:28.012 [main] DEBUG o.dbunit.dataset.OrderedTableNameMap - setLastTable(nameorder_items) - start
23:04:28.012 [main] DEBUG o.dbunit.dataset.OrderedTableNameMap - getTableName(tableName=order_items) - start
23:04:28.012 [main] DEBUG o.dbunit.dataset.OrderedTableNameMap - getTableName(tableName=order_items) - end - result=ORDER_ITEMS
23:04:28.012 [main] DEBUG org.dbunit.dataset.CachedDataSet - startTable(metaData=tableName=order_items, columns=[(id, UNKNOWN, nullableUnknown), (order_order_number, UNKNOWN, nullableUnknown), (product_sku_number, UNKNOWN, nullableUnknown), (quantity, UNKNOWN, nullableUnknown)], keys=[]) - start
23:04:28.014 [main] DEBUG o.dbunit.dataset.OrderedTableNameMap - getLastTableName() - start
23:04:28.014 [main] DEBUG o.dbunit.dataset.OrderedTableNameMap - getTableName(tableName=order_items) - start
23:04:28.014 [main] DEBUG o.dbunit.dataset.OrderedTableNameMap - getTableName(tableName=order_items) - end - result=ORDER_ITEMS
23:04:28.014 [main] DEBUG o.d.dataset.AbstractTableMetaData - getColumnIndex(columnName=id) - start
23:04:28.014 [main] DEBUG o.d.dataset.AbstractTableMetaData - getColumnIndex(columnName=order_order_number) - start
23:04:28.015 [main] DEBUG o.d.dataset.AbstractTableMetaData - getColumnIndex(columnName=product_sku_number) - start
23:04:28.016 [main] DEBUG o.d.dataset.AbstractTableMetaData - getColumnIndex(columnName=quantity) - start
23:04:28.016 [main] DEBUG o.dbunit.dataset.OrderedTableNameMap - getLastTableName() - start
23:04:28.016 [main] DEBUG o.dbunit.dataset.OrderedTableNameMap - getTableName(tableName=order_items) - start
23:04:28.016 [main] DEBUG o.dbunit.dataset.OrderedTableNameMap - getTableName(tableName=order_items) - end - result=ORDER_ITEMS
23:04:28.017 [main] DEBUG org.dbunit.dataset.CachedDataSet - row(values=2) - start
23:04:28.017 [main] DEBUG org.dbunit.dataset.DefaultTable - addRow(values=2) - start
23:04:28.017 [main] DEBUG o.dbunit.dataset.xml.FlatXmlProducer - endElement(uri=, localName=, qName=order_items) - start
23:04:28.018 [main] DEBUG o.dbunit.dataset.xml.FlatXmlProducer - startElement(uri=, localName=, qName=order_items, attributes=org.apache.xerces.parsers.AbstractSAXParser$AttributesProxy@1e2ca7) - start
23:04:28.018 [main] DEBUG o.dbunit.dataset.OrderedTableNameMap - getLastTableName() - start
23:04:28.019 [main] DEBUG o.dbunit.dataset.OrderedTableNameMap - getTableName(tableName=order_items) - start
23:04:28.019 [main] DEBUG o.dbunit.dataset.OrderedTableNameMap - getTableName(tableName=order_items) - end - result=ORDER_ITEMS
23:04:28.019 [main] DEBUG o.dbunit.dataset.OrderedTableNameMap - isLastTable(tableName=order_items) - start
23:04:28.019 [main] DEBUG o.dbunit.dataset.OrderedTableNameMap - getLastTableName() - start
23:04:28.019 [main] DEBUG o.dbunit.dataset.OrderedTableNameMap - getTableName(tableName=order_items) - start
23:04:28.021 [main] DEBUG o.dbunit.dataset.OrderedTableNameMap - getTableName(tableName=order_items) - end - result=ORDER_ITEMS
23:04:28.021 [main] DEBUG o.dbunit.dataset.OrderedTableNameMap - getTableName(tableName=order_items) - start
23:04:28.021 [main] DEBUG o.dbunit.dataset.OrderedTableNameMap - getTableName(tableName=order_items) - end - result=ORDER_ITEMS
23:04:28.021 [main] DEBUG o.dbunit.dataset.OrderedTableNameMap - getLastTableName() - start
23:04:28.021 [main] DEBUG o.dbunit.dataset.OrderedTableNameMap - getTableName(tableName=order_items) - start
23:04:28.022 [main] DEBUG o.dbunit.dataset.OrderedTableNameMap - getTableName(tableName=order_items) - end - result=ORDER_ITEMS
23:04:28.022 [main] DEBUG o.d.dataset.AbstractTableMetaData - getColumnIndex(columnName=id) - start
23:04:28.022 [main] DEBUG o.d.dataset.AbstractTableMetaData - getColumnIndex(columnName=order_order_number) - start
23:04:28.022 [main] DEBUG o.d.dataset.AbstractTableMetaData - getColumnIndex(columnName=product_sku_number) - start
23:04:28.022 [main] DEBUG o.d.dataset.AbstractTableMetaData - getColumnIndex(columnName=quantity) - start
23:04:28.024 [main] DEBUG o.dbunit.dataset.OrderedTableNameMap - getLastTableName() - start
23:04:28.024 [main] DEBUG o.dbunit.dataset.OrderedTableNameMap - getTableName(tableName=order_items) - start
23:04:28.024 [main] DEBUG o.dbunit.dataset.OrderedTableNameMap - getTableName(tableName=order_items) - end - result=ORDER_ITEMS
23:04:28.025 [main] DEBUG org.dbunit.dataset.CachedDataSet - row(values=3) - start
23:04:28.025 [main] DEBUG org.dbunit.dataset.DefaultTable - addRow(values=3) - start
23:04:28.025 [main] DEBUG o.dbunit.dataset.xml.FlatXmlProducer - endElement(uri=, localName=, qName=order_items) - start
23:04:28.026 [main] DEBUG o.dbunit.dataset.xml.FlatXmlProducer - startElement(uri=, localName=, qName=orders, attributes=org.apache.xerces.parsers.AbstractSAXParser$AttributesProxy@1e2ca7) - start
23:04:28.026 [main] DEBUG o.dbunit.dataset.OrderedTableNameMap - getLastTableName() - start
23:04:28.026 [main] DEBUG o.dbunit.dataset.OrderedTableNameMap - getTableName(tableName=order_items) - start
23:04:28.026 [main] DEBUG o.dbunit.dataset.OrderedTableNameMap - getTableName(tableName=order_items) - end - result=ORDER_ITEMS
23:04:28.028 [main] DEBUG o.dbunit.dataset.OrderedTableNameMap - isLastTable(tableName=orders) - start
23:04:28.028 [main] DEBUG o.dbunit.dataset.OrderedTableNameMap - getLastTableName() - start
23:04:28.028 [main] DEBUG o.dbunit.dataset.OrderedTableNameMap - getTableName(tableName=order_items) - start
23:04:28.028 [main] DEBUG o.dbunit.dataset.OrderedTableNameMap - getTableName(tableName=order_items) - end - result=ORDER_ITEMS
23:04:28.028 [main] DEBUG o.dbunit.dataset.OrderedTableNameMap - getTableName(tableName=orders) - start
23:04:28.030 [main] DEBUG o.dbunit.dataset.OrderedTableNameMap - getTableName(tableName=orders) - end - result=ORDERS
23:04:28.030 [main] DEBUG org.dbunit.dataset.CachedDataSet - endTable() - start
23:04:28.030 [main] DEBUG o.dbunit.dataset.OrderedTableNameMap - getTableName(tableName=order_items) - start
23:04:28.030 [main] DEBUG o.dbunit.dataset.OrderedTableNameMap - getTableName(tableName=order_items) - end - result=ORDER_ITEMS
23:04:28.030 [main] DEBUG o.dbunit.dataset.OrderedTableNameMap - getTableName(tableName=order_items) - start
23:04:28.031 [main] DEBUG o.dbunit.dataset.OrderedTableNameMap - getTableName(tableName=order_items) - end - result=ORDER_ITEMS
23:04:28.031 [main] DEBUG org.dbunit.dataset.DefaultTable - addTableRows(table=org.dbunit.dataset.DefaultTable[_metaData=tableName=order_items, columns=[(id, UNKNOWN, nullableUnknown), (order_order_number, UNKNOWN, nullableUnknown), (product_sku_number, UNKNOWN, nullableUnknown), (quantity, UNKNOWN, nullableUnknown)], keys=[], _rowList.size()=2]) - start
23:04:28.032 [main] DEBUG org.dbunit.dataset.DefaultTable - getValue(row=0, column=id) - start
23:04:28.033 [main] DEBUG org.dbunit.dataset.AbstractTable - assertValidRowIndex(row=0) - start
23:04:28.033 [main] DEBUG org.dbunit.dataset.AbstractTable - assertValidRowIndex(row=0, rowCount=2) - start
23:04:28.033 [main] DEBUG org.dbunit.dataset.AbstractTable - getColumnIndex(columnName=id) - start
23:04:28.034 [main] DEBUG o.d.dataset.AbstractTableMetaData - getColumnIndex(columnName=id) - start
23:04:28.034 [main] DEBUG org.dbunit.dataset.DefaultTable - getValue(row=0, column=order_order_number) - start
23:04:28.034 [main] DEBUG org.dbunit.dataset.AbstractTable - assertValidRowIndex(row=0) - start
23:04:28.034 [main] DEBUG org.dbunit.dataset.AbstractTable - assertValidRowIndex(row=0, rowCount=2) - start
23:04:28.034 [main] DEBUG org.dbunit.dataset.AbstractTable - getColumnIndex(columnName=order_order_number) - start
23:04:28.036 [main] DEBUG o.d.dataset.AbstractTableMetaData - getColumnIndex(columnName=order_order_number) - start
23:04:28.036 [main] DEBUG org.dbunit.dataset.DefaultTable - getValue(row=0, column=product_sku_number) - start
23:04:28.036 [main] DEBUG org.dbunit.dataset.AbstractTable - assertValidRowIndex(row=0) - start
23:04:28.036 [main] DEBUG org.dbunit.dataset.AbstractTable - assertValidRowIndex(row=0, rowCount=2) - start
23:04:28.036 [main] DEBUG org.dbunit.dataset.AbstractTable - getColumnIndex(columnName=product_sku_number) - start
23:04:28.037 [main] DEBUG o.d.dataset.AbstractTableMetaData - getColumnIndex(columnName=product_sku_number) - start
23:04:28.037 [main] DEBUG org.dbunit.dataset.DefaultTable - getValue(row=0, column=quantity) - start
23:04:28.037 [main] DEBUG org.dbunit.dataset.AbstractTable - assertValidRowIndex(row=0) - start
23:04:28.037 [main] DEBUG org.dbunit.dataset.AbstractTable - assertValidRowIndex(row=0, rowCount=2) - start
23:04:28.037 [main] DEBUG org.dbunit.dataset.AbstractTable - getColumnIndex(columnName=quantity) - start
23:04:28.039 [main] DEBUG o.d.dataset.AbstractTableMetaData - getColumnIndex(columnName=quantity) - start
23:04:28.039 [main] DEBUG org.dbunit.dataset.DefaultTable - getValue(row=1, column=id) - start
23:04:28.039 [main] DEBUG org.dbunit.dataset.AbstractTable - assertValidRowIndex(row=1) - start
23:04:28.039 [main] DEBUG org.dbunit.dataset.AbstractTable - assertValidRowIndex(row=1, rowCount=2) - start
23:04:28.039 [main] DEBUG org.dbunit.dataset.AbstractTable - getColumnIndex(columnName=id) - start
23:04:28.039 [main] DEBUG o.d.dataset.AbstractTableMetaData - getColumnIndex(columnName=id) - start
23:04:28.040 [main] DEBUG org.dbunit.dataset.DefaultTable - getValue(row=1, column=order_order_number) - start
23:04:28.040 [main] DEBUG org.dbunit.dataset.AbstractTable - assertValidRowIndex(row=1) - start
23:04:28.040 [main] DEBUG org.dbunit.dataset.AbstractTable - assertValidRowIndex(row=1, rowCount=2) - start
23:04:28.040 [main] DEBUG org.dbunit.dataset.AbstractTable - getColumnIndex(columnName=order_order_number) - start
23:04:28.040 [main] DEBUG o.d.dataset.AbstractTableMetaData - getColumnIndex(columnName=order_order_number) - start
23:04:28.042 [main] DEBUG org.dbunit.dataset.DefaultTable - getValue(row=1, column=product_sku_number) - start
23:04:28.042 [main] DEBUG org.dbunit.dataset.AbstractTable - assertValidRowIndex(row=1) - start
23:04:28.042 [main] DEBUG org.dbunit.dataset.AbstractTable - assertValidRowIndex(row=1, rowCount=2) - start
23:04:28.042 [main] DEBUG org.dbunit.dataset.AbstractTable - getColumnIndex(columnName=product_sku_number) - start
23:04:28.042 [main] DEBUG o.d.dataset.AbstractTableMetaData - getColumnIndex(columnName=product_sku_number) - start
23:04:28.044 [main] DEBUG org.dbunit.dataset.DefaultTable - getValue(row=1, column=quantity) - start
23:04:28.044 [main] DEBUG org.dbunit.dataset.AbstractTable - assertValidRowIndex(row=1) - start
23:04:28.044 [main] DEBUG org.dbunit.dataset.AbstractTable - assertValidRowIndex(row=1, rowCount=2) - start
23:04:28.044 [main] DEBUG org.dbunit.dataset.AbstractTable - getColumnIndex(columnName=quantity) - start
23:04:28.044 [main] DEBUG o.d.dataset.AbstractTableMetaData - getColumnIndex(columnName=quantity) - start
23:04:28.046 [main] DEBUG org.dbunit.dataset.DefaultTable - getValue(row=2, column=id) - start
23:04:28.046 [main] DEBUG org.dbunit.dataset.AbstractTable - assertValidRowIndex(row=2) - start
23:04:28.046 [main] DEBUG org.dbunit.dataset.AbstractTable - assertValidRowIndex(row=2, rowCount=2) - start
23:04:28.046 [main] DEBUG o.dbunit.dataset.OrderedTableNameMap - getTableName(tableName=orders) - start
23:04:28.046 [main] DEBUG o.dbunit.dataset.OrderedTableNameMap - getTableName(tableName=orders) - end - result=ORDERS
23:04:28.047 [main] DEBUG o.dbunit.dataset.OrderedTableNameMap - getTableName(tableName=orders) - start
23:04:28.047 [main] DEBUG o.dbunit.dataset.OrderedTableNameMap - getTableName(tableName=orders) - end - result=ORDERS
23:04:28.047 [main] DEBUG o.dbunit.dataset.OrderedTableNameMap - setLastTable(nameorders) - start
23:04:28.047 [main] DEBUG o.dbunit.dataset.OrderedTableNameMap - getTableName(tableName=orders) - start
23:04:28.047 [main] DEBUG o.dbunit.dataset.OrderedTableNameMap - getTableName(tableName=orders) - end - result=ORDERS
23:04:28.051 [main] DEBUG org.dbunit.dataset.CachedDataSet - startTable(metaData=tableName=orders, columns=[(order_number, UNKNOWN, nullableUnknown), (customer_id, UNKNOWN, nullableUnknown), (date, UNKNOWN, nullableUnknown), (amount, UNKNOWN, nullableUnknown), (order_status, UNKNOWN, nullableUnknown), (discount_status, UNKNOWN, nullableUnknown)], keys=[]) - start
23:04:28.051 [main] DEBUG o.dbunit.dataset.OrderedTableNameMap - getLastTableName() - start
23:04:28.051 [main] DEBUG o.dbunit.dataset.OrderedTableNameMap - getTableName(tableName=orders) - start
23:04:28.151 [main] DEBUG o.dbunit.dataset.OrderedTableNameMap - getTableName(tableName=orders) - end - result=ORDERS
23:04:28.151 [main] DEBUG o.d.dataset.AbstractTableMetaData - getColumnIndex(columnName=order_number) - start
23:04:28.151 [main] DEBUG o.d.dataset.AbstractTableMetaData - getColumnIndex(columnName=customer_id) - start
23:04:28.151 [main] DEBUG o.d.dataset.AbstractTableMetaData - getColumnIndex(columnName=date) - start
23:04:28.151 [main] DEBUG o.d.dataset.AbstractTableMetaData - getColumnIndex(columnName=amount) - start
23:04:28.152 [main] DEBUG o.d.dataset.AbstractTableMetaData - getColumnIndex(columnName=order_status) - start
23:04:28.152 [main] DEBUG o.d.dataset.AbstractTableMetaData - getColumnIndex(columnName=discount_status) - start
23:04:28.152 [main] DEBUG o.dbunit.dataset.OrderedTableNameMap - getLastTableName() - start
23:04:28.152 [main] DEBUG o.dbunit.dataset.OrderedTableNameMap - getTableName(tableName=orders) - start
23:04:28.152 [main] DEBUG o.dbunit.dataset.OrderedTableNameMap - getTableName(tableName=orders) - end - result=ORDERS
23:04:28.154 [main] DEBUG org.dbunit.dataset.CachedDataSet - row(values=3) - start
23:04:28.154 [main] DEBUG org.dbunit.dataset.DefaultTable - addRow(values=3) - start
23:04:28.154 [main] DEBUG o.dbunit.dataset.xml.FlatXmlProducer - endElement(uri=, localName=, qName=orders) - start
23:04:28.154 [main] DEBUG o.dbunit.dataset.xml.FlatXmlProducer - startElement(uri=, localName=, qName=order_items, attributes=org.apache.xerces.parsers.AbstractSAXParser$AttributesProxy@1e2ca7) - start
23:04:28.154 [main] DEBUG o.dbunit.dataset.OrderedTableNameMap - getLastTableName() - start
23:04:28.155 [main] DEBUG o.dbunit.dataset.OrderedTableNameMap - getTableName(tableName=orders) - start
23:04:28.155 [main] DEBUG o.dbunit.dataset.OrderedTableNameMap - getTableName(tableName=orders) - end - result=ORDERS
23:04:28.155 [main] DEBUG o.dbunit.dataset.OrderedTableNameMap - isLastTable(tableName=order_items) - start
23:04:28.156 [main] DEBUG o.dbunit.dataset.OrderedTableNameMap - getLastTableName() - start
23:04:28.156 [main] DEBUG o.dbunit.dataset.OrderedTableNameMap - getTableName(tableName=orders) - start
23:04:28.157 [main] DEBUG o.dbunit.dataset.OrderedTableNameMap - getTableName(tableName=orders) - end - result=ORDERS
23:04:28.157 [main] DEBUG o.dbunit.dataset.OrderedTableNameMap - getTableName(tableName=order_items) - start
23:04:28.157 [main] DEBUG o.dbunit.dataset.OrderedTableNameMap - getTableName(tableName=order_items) - end - result=ORDER_ITEMS
23:04:28.157 [main] DEBUG org.dbunit.dataset.CachedDataSet - endTable() - start
23:04:28.157 [main] DEBUG o.dbunit.dataset.OrderedTableNameMap - getTableName(tableName=orders) - start
23:04:28.159 [main] DEBUG o.dbunit.dataset.OrderedTableNameMap - getTableName(tableName=orders) - end - result=ORDERS
23:04:28.159 [main] DEBUG o.dbunit.dataset.OrderedTableNameMap - getTableName(tableName=orders) - start
23:04:28.159 [main] DEBUG o.dbunit.dataset.OrderedTableNameMap - getTableName(tableName=orders) - end - result=ORDERS
23:04:28.159 [main] DEBUG org.dbunit.dataset.DefaultTable - addTableRows(table=org.dbunit.dataset.DefaultTable[_metaData=tableName=orders, columns=[(order_number, UNKNOWN, nullableUnknown), (customer_id, UNKNOWN, nullableUnknown), (date, UNKNOWN, nullableUnknown), (amount, UNKNOWN, nullableUnknown), (order_status, UNKNOWN, nullableUnknown), (discount_status, UNKNOWN, nullableUnknown)], keys=[], _rowList.size()=1]) - start
23:04:28.160 [main] DEBUG org.dbunit.dataset.DefaultTable - getValue(row=0, column=order_number) - start
23:04:28.160 [main] DEBUG org.dbunit.dataset.AbstractTable - assertValidRowIndex(row=0) - start
23:04:28.160 [main] DEBUG org.dbunit.dataset.AbstractTable - assertValidRowIndex(row=0, rowCount=1) - start
23:04:28.160 [main] DEBUG org.dbunit.dataset.AbstractTable - getColumnIndex(columnName=order_number) - start
23:04:28.161 [main] DEBUG o.d.dataset.AbstractTableMetaData - getColumnIndex(columnName=order_number) - start
23:04:28.162 [main] DEBUG org.dbunit.dataset.DefaultTable - getValue(row=0, column=customer_id) - start
23:04:28.162 [main] DEBUG org.dbunit.dataset.AbstractTable - assertValidRowIndex(row=0) - start
23:04:28.162 [main] DEBUG org.dbunit.dataset.AbstractTable - assertValidRowIndex(row=0, rowCount=1) - start
23:04:28.162 [main] DEBUG org.dbunit.dataset.AbstractTable - getColumnIndex(columnName=customer_id) - start
23:04:28.162 [main] DEBUG o.d.dataset.AbstractTableMetaData - getColumnIndex(columnName=customer_id) - start
23:04:28.164 [main] DEBUG org.dbunit.dataset.DefaultTable - getValue(row=0, column=date) - start
23:04:28.164 [main] DEBUG org.dbunit.dataset.AbstractTable - assertValidRowIndex(row=0) - start
23:04:28.164 [main] DEBUG org.dbunit.dataset.AbstractTable - assertValidRowIndex(row=0, rowCount=1) - start
23:04:28.164 [main] DEBUG org.dbunit.dataset.AbstractTable - getColumnIndex(columnName=date) - start
23:04:28.164 [main] DEBUG o.d.dataset.AbstractTableMetaData - getColumnIndex(columnName=date) - start
23:04:28.164 [main] DEBUG org.dbunit.dataset.DefaultTable - getValue(row=0, column=amount) - start
23:04:28.166 [main] DEBUG org.dbunit.dataset.AbstractTable - assertValidRowIndex(row=0) - start
23:04:28.166 [main] DEBUG org.dbunit.dataset.AbstractTable - assertValidRowIndex(row=0, rowCount=1) - start
23:04:28.166 [main] DEBUG org.dbunit.dataset.AbstractTable - getColumnIndex(columnName=amount) - start
23:04:28.166 [main] DEBUG o.d.dataset.AbstractTableMetaData - getColumnIndex(columnName=amount) - start
23:04:28.166 [main] DEBUG org.dbunit.dataset.DefaultTable - getValue(row=0, column=order_status) - start
23:04:28.167 [main] DEBUG org.dbunit.dataset.AbstractTable - assertValidRowIndex(row=0) - start
23:04:28.167 [main] DEBUG org.dbunit.dataset.AbstractTable - assertValidRowIndex(row=0, rowCount=1) - start
23:04:28.167 [main] DEBUG org.dbunit.dataset.AbstractTable - getColumnIndex(columnName=order_status) - start
23:04:28.167 [main] DEBUG o.d.dataset.AbstractTableMetaData - getColumnIndex(columnName=order_status) - start
23:04:28.168 [main] DEBUG org.dbunit.dataset.DefaultTable - getValue(row=0, column=discount_status) - start
23:04:28.169 [main] DEBUG org.dbunit.dataset.AbstractTable - assertValidRowIndex(row=0) - start
23:04:28.169 [main] DEBUG org.dbunit.dataset.AbstractTable - assertValidRowIndex(row=0, rowCount=1) - start
23:04:28.169 [main] DEBUG org.dbunit.dataset.AbstractTable - getColumnIndex(columnName=discount_status) - start
23:04:28.169 [main] DEBUG o.d.dataset.AbstractTableMetaData - getColumnIndex(columnName=discount_status) - start
23:04:28.169 [main] DEBUG org.dbunit.dataset.DefaultTable - getValue(row=1, column=order_number) - start
23:04:28.171 [main] DEBUG org.dbunit.dataset.AbstractTable - assertValidRowIndex(row=1) - start
23:04:28.171 [main] DEBUG org.dbunit.dataset.AbstractTable - assertValidRowIndex(row=1, rowCount=1) - start
23:04:28.171 [main] DEBUG o.dbunit.dataset.OrderedTableNameMap - getTableName(tableName=order_items) - start
23:04:28.171 [main] DEBUG o.dbunit.dataset.OrderedTableNameMap - getTableName(tableName=order_items) - end - result=ORDER_ITEMS
23:04:28.171 [main] DEBUG o.dbunit.dataset.OrderedTableNameMap - getTableName(tableName=order_items) - start
23:04:28.172 [main] DEBUG o.dbunit.dataset.OrderedTableNameMap - getTableName(tableName=order_items) - end - result=ORDER_ITEMS
23:04:28.172 [main] DEBUG o.dbunit.dataset.OrderedTableNameMap - setLastTable(nameorder_items) - start
23:04:28.172 [main] DEBUG o.dbunit.dataset.OrderedTableNameMap - getTableName(tableName=order_items) - start
23:04:28.173 [main] DEBUG o.dbunit.dataset.OrderedTableNameMap - getTableName(tableName=order_items) - end - result=ORDER_ITEMS
23:04:28.173 [main] DEBUG org.dbunit.dataset.CachedDataSet - startTable(metaData=tableName=order_items, columns=[(id, UNKNOWN, nullableUnknown), (order_order_number, UNKNOWN, nullableUnknown), (product_sku_number, UNKNOWN, nullableUnknown), (quantity, UNKNOWN, nullableUnknown)], keys=[]) - start
23:04:28.174 [main] DEBUG o.dbunit.dataset.OrderedTableNameMap - getLastTableName() - start
23:04:28.174 [main] DEBUG o.dbunit.dataset.OrderedTableNameMap - getTableName(tableName=order_items) - start
23:04:28.174 [main] DEBUG o.dbunit.dataset.OrderedTableNameMap - getTableName(tableName=order_items) - end - result=ORDER_ITEMS
23:04:28.174 [main] DEBUG o.d.dataset.AbstractTableMetaData - getColumnIndex(columnName=id) - start
23:04:28.174 [main] DEBUG o.d.dataset.AbstractTableMetaData - getColumnIndex(columnName=order_order_number) - start
23:04:28.176 [main] DEBUG o.d.dataset.AbstractTableMetaData - getColumnIndex(columnName=product_sku_number) - start
23:04:28.176 [main] DEBUG o.d.dataset.AbstractTableMetaData - getColumnIndex(columnName=quantity) - start
23:04:28.176 [main] DEBUG o.dbunit.dataset.OrderedTableNameMap - getLastTableName() - start
23:04:28.176 [main] DEBUG o.dbunit.dataset.OrderedTableNameMap - getTableName(tableName=order_items) - start
23:04:28.176 [main] DEBUG o.dbunit.dataset.OrderedTableNameMap - getTableName(tableName=order_items) - end - result=ORDER_ITEMS
23:04:28.178 [main] DEBUG org.dbunit.dataset.CachedDataSet - row(values=4) - start
23:04:28.178 [main] DEBUG org.dbunit.dataset.DefaultTable - addRow(values=4) - start
23:04:28.178 [main] DEBUG o.dbunit.dataset.xml.FlatXmlProducer - endElement(uri=, localName=, qName=order_items) - start
23:04:28.178 [main] DEBUG o.dbunit.dataset.xml.FlatXmlProducer - startElement(uri=, localName=, qName=orders, attributes=org.apache.xerces.parsers.AbstractSAXParser$AttributesProxy@1e2ca7) - start
23:04:28.178 [main] DEBUG o.dbunit.dataset.OrderedTableNameMap - getLastTableName() - start
23:04:28.180 [main] DEBUG o.dbunit.dataset.OrderedTableNameMap - getTableName(tableName=order_items) - start
23:04:28.180 [main] DEBUG o.dbunit.dataset.OrderedTableNameMap - getTableName(tableName=order_items) - end - result=ORDER_ITEMS
23:04:28.180 [main] DEBUG o.dbunit.dataset.OrderedTableNameMap - isLastTable(tableName=orders) - start
23:04:28.180 [main] DEBUG o.dbunit.dataset.OrderedTableNameMap - getLastTableName() - start
23:04:28.180 [main] DEBUG o.dbunit.dataset.OrderedTableNameMap - getTableName(tableName=order_items) - start
23:04:28.181 [main] DEBUG o.dbunit.dataset.OrderedTableNameMap - getTableName(tableName=order_items) - end - result=ORDER_ITEMS
23:04:28.181 [main] DEBUG o.dbunit.dataset.OrderedTableNameMap - getTableName(tableName=orders) - start
23:04:28.181 [main] DEBUG o.dbunit.dataset.OrderedTableNameMap - getTableName(tableName=orders) - end - result=ORDERS
23:04:28.181 [main] DEBUG org.dbunit.dataset.CachedDataSet - endTable() - start
23:04:28.181 [main] DEBUG o.dbunit.dataset.OrderedTableNameMap - getTableName(tableName=order_items) - start
23:04:28.183 [main] DEBUG o.dbunit.dataset.OrderedTableNameMap - getTableName(tableName=order_items) - end - result=ORDER_ITEMS
23:04:28.183 [main] DEBUG o.dbunit.dataset.OrderedTableNameMap - getTableName(tableName=order_items) - start
23:04:28.183 [main] DEBUG o.dbunit.dataset.OrderedTableNameMap - getTableName(tableName=order_items) - end - result=ORDER_ITEMS
23:04:28.183 [main] DEBUG org.dbunit.dataset.DefaultTable - addTableRows(table=org.dbunit.dataset.DefaultTable[_metaData=tableName=order_items, columns=[(id, UNKNOWN, nullableUnknown), (order_order_number, UNKNOWN, nullableUnknown), (product_sku_number, UNKNOWN, nullableUnknown), (quantity, UNKNOWN, nullableUnknown)], keys=[], _rowList.size()=1]) - start
23:04:28.185 [main] DEBUG org.dbunit.dataset.DefaultTable - getValue(row=0, column=id) - start
23:04:28.185 [main] DEBUG org.dbunit.dataset.AbstractTable - assertValidRowIndex(row=0) - start
23:04:28.185 [main] DEBUG org.dbunit.dataset.AbstractTable - assertValidRowIndex(row=0, rowCount=1) - start
23:04:28.185 [main] DEBUG org.dbunit.dataset.AbstractTable - getColumnIndex(columnName=id) - start
23:04:28.185 [main] DEBUG o.d.dataset.AbstractTableMetaData - getColumnIndex(columnName=id) - start
23:04:28.185 [main] DEBUG org.dbunit.dataset.DefaultTable - getValue(row=0, column=order_order_number) - start
23:04:28.186 [main] DEBUG org.dbunit.dataset.AbstractTable - assertValidRowIndex(row=0) - start
23:04:28.186 [main] DEBUG org.dbunit.dataset.AbstractTable - assertValidRowIndex(row=0, rowCount=1) - start
23:04:28.186 [main] DEBUG org.dbunit.dataset.AbstractTable - getColumnIndex(columnName=order_order_number) - start
23:04:28.186 [main] DEBUG o.d.dataset.AbstractTableMetaData - getColumnIndex(columnName=order_order_number) - start
23:04:28.186 [main] DEBUG org.dbunit.dataset.DefaultTable - getValue(row=0, column=product_sku_number) - start
23:04:28.188 [main] DEBUG org.dbunit.dataset.AbstractTable - assertValidRowIndex(row=0) - start
23:04:28.188 [main] DEBUG org.dbunit.dataset.AbstractTable - assertValidRowIndex(row=0, rowCount=1) - start
23:04:28.188 [main] DEBUG org.dbunit.dataset.AbstractTable - getColumnIndex(columnName=product_sku_number) - start
23:04:28.188 [main] DEBUG o.d.dataset.AbstractTableMetaData - getColumnIndex(columnName=product_sku_number) - start
23:04:28.188 [main] DEBUG org.dbunit.dataset.DefaultTable - getValue(row=0, column=quantity) - start
23:04:28.190 [main] DEBUG org.dbunit.dataset.AbstractTable - assertValidRowIndex(row=0) - start
23:04:28.191 [main] DEBUG org.dbunit.dataset.AbstractTable - assertValidRowIndex(row=0, rowCount=1) - start
23:04:28.191 [main] DEBUG org.dbunit.dataset.AbstractTable - getColumnIndex(columnName=quantity) - start
23:04:28.191 [main] DEBUG o.d.dataset.AbstractTableMetaData - getColumnIndex(columnName=quantity) - start
23:04:28.191 [main] DEBUG org.dbunit.dataset.DefaultTable - getValue(row=1, column=id) - start
23:04:28.192 [main] DEBUG org.dbunit.dataset.AbstractTable - assertValidRowIndex(row=1) - start
23:04:28.192 [main] DEBUG org.dbunit.dataset.AbstractTable - assertValidRowIndex(row=1, rowCount=1) - start
23:04:28.192 [main] DEBUG o.dbunit.dataset.OrderedTableNameMap - getTableName(tableName=orders) - start
23:04:28.192 [main] DEBUG o.dbunit.dataset.OrderedTableNameMap - getTableName(tableName=orders) - end - result=ORDERS
23:04:28.192 [main] DEBUG o.dbunit.dataset.OrderedTableNameMap - getTableName(tableName=orders) - start
23:04:28.193 [main] DEBUG o.dbunit.dataset.OrderedTableNameMap - getTableName(tableName=orders) - end - result=ORDERS
23:04:28.193 [main] DEBUG o.dbunit.dataset.OrderedTableNameMap - setLastTable(nameorders) - start
23:04:28.193 [main] DEBUG o.dbunit.dataset.OrderedTableNameMap - getTableName(tableName=orders) - start
23:04:28.194 [main] DEBUG o.dbunit.dataset.OrderedTableNameMap - getTableName(tableName=orders) - end - result=ORDERS
23:04:28.194 [main] DEBUG org.dbunit.dataset.CachedDataSet - startTable(metaData=tableName=orders, columns=[(order_number, UNKNOWN, nullableUnknown), (customer_id, UNKNOWN, nullableUnknown), (date, UNKNOWN, nullableUnknown), (amount, UNKNOWN, nullableUnknown), (order_status, UNKNOWN, nullableUnknown), (discount_status, UNKNOWN, nullableUnknown)], keys=[]) - start
23:04:28.195 [main] DEBUG o.dbunit.dataset.OrderedTableNameMap - getLastTableName() - start
23:04:28.195 [main] DEBUG o.dbunit.dataset.OrderedTableNameMap - getTableName(tableName=orders) - start
23:04:28.195 [main] DEBUG o.dbunit.dataset.OrderedTableNameMap - getTableName(tableName=orders) - end - result=ORDERS
23:04:28.195 [main] DEBUG o.d.dataset.AbstractTableMetaData - getColumnIndex(columnName=order_number) - start
23:04:28.195 [main] DEBUG o.d.dataset.AbstractTableMetaData - getColumnIndex(columnName=customer_id) - start
23:04:28.197 [main] DEBUG o.d.dataset.AbstractTableMetaData - getColumnIndex(columnName=date) - start
23:04:28.197 [main] DEBUG o.d.dataset.AbstractTableMetaData - getColumnIndex(columnName=amount) - start
23:04:28.197 [main] DEBUG o.d.dataset.AbstractTableMetaData - getColumnIndex(columnName=order_status) - start
23:04:28.197 [main] DEBUG o.d.dataset.AbstractTableMetaData - getColumnIndex(columnName=discount_status) - start
23:04:28.197 [main] DEBUG o.dbunit.dataset.OrderedTableNameMap - getLastTableName() - start
23:04:28.199 [main] DEBUG o.dbunit.dataset.OrderedTableNameMap - getTableName(tableName=orders) - start
23:04:28.200 [main] DEBUG o.dbunit.dataset.OrderedTableNameMap - getTableName(tableName=orders) - end - result=ORDERS
23:04:28.201 [main] DEBUG org.dbunit.dataset.CachedDataSet - row(values=4) - start
23:04:28.201 [main] DEBUG org.dbunit.dataset.DefaultTable - addRow(values=4) - start
23:04:28.201 [main] DEBUG o.dbunit.dataset.xml.FlatXmlProducer - endElement(uri=, localName=, qName=orders) - start
23:04:28.201 [main] DEBUG o.dbunit.dataset.xml.FlatXmlProducer - startElement(uri=, localName=, qName=order_items, attributes=org.apache.xerces.parsers.AbstractSAXParser$AttributesProxy@1e2ca7) - start
23:04:28.201 [main] DEBUG o.dbunit.dataset.OrderedTableNameMap - getLastTableName() - start
23:04:28.201 [main] DEBUG o.dbunit.dataset.OrderedTableNameMap - getTableName(tableName=orders) - start
23:04:28.201 [main] DEBUG o.dbunit.dataset.OrderedTableNameMap - getTableName(tableName=orders) - end - result=ORDERS
23:04:28.201 [main] DEBUG o.dbunit.dataset.OrderedTableNameMap - isLastTable(tableName=order_items) - start
23:04:28.201 [main] DEBUG o.dbunit.dataset.OrderedTableNameMap - getLastTableName() - start
23:04:28.201 [main] DEBUG o.dbunit.dataset.OrderedTableNameMap - getTableName(tableName=orders) - start
23:04:28.203 [main] DEBUG o.dbunit.dataset.OrderedTableNameMap - getTableName(tableName=orders) - end - result=ORDERS
23:04:28.203 [main] DEBUG o.dbunit.dataset.OrderedTableNameMap - getTableName(tableName=order_items) - start
23:04:28.203 [main] DEBUG o.dbunit.dataset.OrderedTableNameMap - getTableName(tableName=order_items) - end - result=ORDER_ITEMS
23:04:28.203 [main] DEBUG org.dbunit.dataset.CachedDataSet - endTable() - start
23:04:28.203 [main] DEBUG o.dbunit.dataset.OrderedTableNameMap - getTableName(tableName=orders) - start
23:04:28.205 [main] DEBUG o.dbunit.dataset.OrderedTableNameMap - getTableName(tableName=orders) - end - result=ORDERS
23:04:28.205 [main] DEBUG o.dbunit.dataset.OrderedTableNameMap - getTableName(tableName=orders) - start
23:04:28.205 [main] DEBUG o.dbunit.dataset.OrderedTableNameMap - getTableName(tableName=orders) - end - result=ORDERS
23:04:28.205 [main] DEBUG org.dbunit.dataset.DefaultTable - addTableRows(table=org.dbunit.dataset.DefaultTable[_metaData=tableName=orders, columns=[(order_number, UNKNOWN, nullableUnknown), (customer_id, UNKNOWN, nullableUnknown), (date, UNKNOWN, nullableUnknown), (amount, UNKNOWN, nullableUnknown), (order_status, UNKNOWN, nullableUnknown), (discount_status, UNKNOWN, nullableUnknown)], keys=[], _rowList.size()=1]) - start
23:04:28.206 [main] DEBUG org.dbunit.dataset.DefaultTable - getValue(row=0, column=order_number) - start
23:04:28.206 [main] DEBUG org.dbunit.dataset.AbstractTable - assertValidRowIndex(row=0) - start
23:04:28.206 [main] DEBUG org.dbunit.dataset.AbstractTable - assertValidRowIndex(row=0, rowCount=1) - start
23:04:28.206 [main] DEBUG org.dbunit.dataset.AbstractTable - getColumnIndex(columnName=order_number) - start
23:04:28.207 [main] DEBUG o.d.dataset.AbstractTableMetaData - getColumnIndex(columnName=order_number) - start
23:04:28.208 [main] DEBUG org.dbunit.dataset.DefaultTable - getValue(row=0, column=customer_id) - start
23:04:28.208 [main] DEBUG org.dbunit.dataset.AbstractTable - assertValidRowIndex(row=0) - start
23:04:28.208 [main] DEBUG org.dbunit.dataset.AbstractTable - assertValidRowIndex(row=0, rowCount=1) - start
23:04:28.208 [main] DEBUG org.dbunit.dataset.AbstractTable - getColumnIndex(columnName=customer_id) - start
23:04:28.208 [main] DEBUG o.d.dataset.AbstractTableMetaData - getColumnIndex(columnName=customer_id) - start
23:04:28.210 [main] DEBUG org.dbunit.dataset.DefaultTable - getValue(row=0, column=date) - start
23:04:28.210 [main] DEBUG org.dbunit.dataset.AbstractTable - assertValidRowIndex(row=0) - start
23:04:28.210 [main] DEBUG org.dbunit.dataset.AbstractTable - assertValidRowIndex(row=0, rowCount=1) - start
23:04:28.210 [main] DEBUG org.dbunit.dataset.AbstractTable - getColumnIndex(columnName=date) - start
23:04:28.210 [main] DEBUG o.d.dataset.AbstractTableMetaData - getColumnIndex(columnName=date) - start
23:04:28.210 [main] DEBUG org.dbunit.dataset.DefaultTable - getValue(row=0, column=amount) - start
23:04:28.211 [main] DEBUG org.dbunit.dataset.AbstractTable - assertValidRowIndex(row=0) - start
23:04:28.212 [main] DEBUG org.dbunit.dataset.AbstractTable - assertValidRowIndex(row=0, rowCount=1) - start
23:04:28.212 [main] DEBUG org.dbunit.dataset.AbstractTable - getColumnIndex(columnName=amount) - start
23:04:28.212 [main] DEBUG o.d.dataset.AbstractTableMetaData - getColumnIndex(columnName=amount) - start
23:04:28.212 [main] DEBUG org.dbunit.dataset.DefaultTable - getValue(row=0, column=order_status) - start
23:04:28.213 [main] DEBUG org.dbunit.dataset.AbstractTable - assertValidRowIndex(row=0) - start
23:04:28.213 [main] DEBUG org.dbunit.dataset.AbstractTable - assertValidRowIndex(row=0, rowCount=1) - start
23:04:28.214 [main] DEBUG org.dbunit.dataset.AbstractTable - getColumnIndex(columnName=order_status) - start
23:04:28.214 [main] DEBUG o.d.dataset.AbstractTableMetaData - getColumnIndex(columnName=order_status) - start
23:04:28.214 [main] DEBUG org.dbunit.dataset.DefaultTable - getValue(row=0, column=discount_status) - start
23:04:28.215 [main] DEBUG org.dbunit.dataset.AbstractTable - assertValidRowIndex(row=0) - start
23:04:28.215 [main] DEBUG org.dbunit.dataset.AbstractTable - assertValidRowIndex(row=0, rowCount=1) - start
23:04:28.215 [main] DEBUG org.dbunit.dataset.AbstractTable - getColumnIndex(columnName=discount_status) - start
23:04:28.215 [main] DEBUG o.d.dataset.AbstractTableMetaData - getColumnIndex(columnName=discount_status) - start
23:04:28.215 [main] DEBUG org.dbunit.dataset.DefaultTable - getValue(row=1, column=order_number) - start
23:04:28.216 [main] DEBUG org.dbunit.dataset.AbstractTable - assertValidRowIndex(row=1) - start
23:04:28.217 [main] DEBUG org.dbunit.dataset.AbstractTable - assertValidRowIndex(row=1, rowCount=1) - start
23:04:28.217 [main] DEBUG o.dbunit.dataset.OrderedTableNameMap - getTableName(tableName=order_items) - start
23:04:28.217 [main] DEBUG o.dbunit.dataset.OrderedTableNameMap - getTableName(tableName=order_items) - end - result=ORDER_ITEMS
23:04:28.217 [main] DEBUG o.dbunit.dataset.OrderedTableNameMap - getTableName(tableName=order_items) - start
23:04:28.218 [main] DEBUG o.dbunit.dataset.OrderedTableNameMap - getTableName(tableName=order_items) - end - result=ORDER_ITEMS
23:04:28.218 [main] DEBUG o.dbunit.dataset.OrderedTableNameMap - setLastTable(nameorder_items) - start
23:04:28.218 [main] DEBUG o.dbunit.dataset.OrderedTableNameMap - getTableName(tableName=order_items) - start
23:04:28.218 [main] DEBUG o.dbunit.dataset.OrderedTableNameMap - getTableName(tableName=order_items) - end - result=ORDER_ITEMS
23:04:28.218 [main] DEBUG org.dbunit.dataset.CachedDataSet - startTable(metaData=tableName=order_items, columns=[(id, UNKNOWN, nullableUnknown), (order_order_number, UNKNOWN, nullableUnknown), (product_sku_number, UNKNOWN, nullableUnknown), (quantity, UNKNOWN, nullableUnknown)], keys=[]) - start
23:04:28.220 [main] DEBUG o.dbunit.dataset.OrderedTableNameMap - getLastTableName() - start
23:04:28.220 [main] DEBUG o.dbunit.dataset.OrderedTableNameMap - getTableName(tableName=order_items) - start
23:04:28.220 [main] DEBUG o.dbunit.dataset.OrderedTableNameMap - getTableName(tableName=order_items) - end - result=ORDER_ITEMS
23:04:28.220 [main] DEBUG o.d.dataset.AbstractTableMetaData - getColumnIndex(columnName=id) - start
23:04:28.220 [main] DEBUG o.d.dataset.AbstractTableMetaData - getColumnIndex(columnName=order_order_number) - start
23:04:28.221 [main] DEBUG o.d.dataset.AbstractTableMetaData - getColumnIndex(columnName=product_sku_number) - start
23:04:28.222 [main] DEBUG o.d.dataset.AbstractTableMetaData - getColumnIndex(columnName=quantity) - start
23:04:28.222 [main] DEBUG o.dbunit.dataset.OrderedTableNameMap - getLastTableName() - start
23:04:28.222 [main] DEBUG o.dbunit.dataset.OrderedTableNameMap - getTableName(tableName=order_items) - start
23:04:28.222 [main] DEBUG o.dbunit.dataset.OrderedTableNameMap - getTableName(tableName=order_items) - end - result=ORDER_ITEMS
23:04:28.223 [main] DEBUG org.dbunit.dataset.CachedDataSet - row(values=5) - start
23:04:28.223 [main] DEBUG org.dbunit.dataset.DefaultTable - addRow(values=5) - start
23:04:28.224 [main] DEBUG o.dbunit.dataset.xml.FlatXmlProducer - endElement(uri=, localName=, qName=order_items) - start
23:04:28.227 [main] DEBUG o.dbunit.dataset.xml.FlatXmlProducer - startElement(uri=, localName=, qName=orders, attributes=org.apache.xerces.parsers.AbstractSAXParser$AttributesProxy@1e2ca7) - start
23:04:28.227 [main] DEBUG o.dbunit.dataset.OrderedTableNameMap - getLastTableName() - start
23:04:28.227 [main] DEBUG o.dbunit.dataset.OrderedTableNameMap - getTableName(tableName=order_items) - start
23:04:28.227 [main] DEBUG o.dbunit.dataset.OrderedTableNameMap - getTableName(tableName=order_items) - end - result=ORDER_ITEMS
23:04:28.326 [main] DEBUG o.dbunit.dataset.OrderedTableNameMap - isLastTable(tableName=orders) - start
23:04:28.326 [main] DEBUG o.dbunit.dataset.OrderedTableNameMap - getLastTableName() - start
23:04:28.326 [main] DEBUG o.dbunit.dataset.OrderedTableNameMap - getTableName(tableName=order_items) - start
23:04:28.326 [main] DEBUG o.dbunit.dataset.OrderedTableNameMap - getTableName(tableName=order_items) - end - result=ORDER_ITEMS
23:04:28.326 [main] DEBUG o.dbunit.dataset.OrderedTableNameMap - getTableName(tableName=orders) - start
23:04:28.327 [main] DEBUG o.dbunit.dataset.OrderedTableNameMap - getTableName(tableName=orders) - end - result=ORDERS
23:04:28.327 [main] DEBUG org.dbunit.dataset.CachedDataSet - endTable() - start
23:04:28.327 [main] DEBUG o.dbunit.dataset.OrderedTableNameMap - getTableName(tableName=order_items) - start
23:04:28.327 [main] DEBUG o.dbunit.dataset.OrderedTableNameMap - getTableName(tableName=order_items) - end - result=ORDER_ITEMS
23:04:28.327 [main] DEBUG o.dbunit.dataset.OrderedTableNameMap - getTableName(tableName=order_items) - start
23:04:28.329 [main] DEBUG o.dbunit.dataset.OrderedTableNameMap - getTableName(tableName=order_items) - end - result=ORDER_ITEMS
23:04:28.329 [main] DEBUG org.dbunit.dataset.DefaultTable - addTableRows(table=org.dbunit.dataset.DefaultTable[_metaData=tableName=order_items, columns=[(id, UNKNOWN, nullableUnknown), (order_order_number, UNKNOWN, nullableUnknown), (product_sku_number, UNKNOWN, nullableUnknown), (quantity, UNKNOWN, nullableUnknown)], keys=[], _rowList.size()=1]) - start
23:04:28.329 [main] DEBUG org.dbunit.dataset.DefaultTable - getValue(row=0, column=id) - start
23:04:28.331 [main] DEBUG org.dbunit.dataset.AbstractTable - assertValidRowIndex(row=0) - start
23:04:28.331 [main] DEBUG org.dbunit.dataset.AbstractTable - assertValidRowIndex(row=0, rowCount=1) - start
23:04:28.331 [main] DEBUG org.dbunit.dataset.AbstractTable - getColumnIndex(columnName=id) - start
23:04:28.331 [main] DEBUG o.d.dataset.AbstractTableMetaData - getColumnIndex(columnName=id) - start
23:04:28.331 [main] DEBUG org.dbunit.dataset.DefaultTable - getValue(row=0, column=order_order_number) - start
23:04:28.332 [main] DEBUG org.dbunit.dataset.AbstractTable - assertValidRowIndex(row=0) - start
23:04:28.332 [main] DEBUG org.dbunit.dataset.AbstractTable - assertValidRowIndex(row=0, rowCount=1) - start
23:04:28.332 [main] DEBUG org.dbunit.dataset.AbstractTable - getColumnIndex(columnName=order_order_number) - start
23:04:28.332 [main] DEBUG o.d.dataset.AbstractTableMetaData - getColumnIndex(columnName=order_order_number) - start
23:04:28.332 [main] DEBUG org.dbunit.dataset.DefaultTable - getValue(row=0, column=product_sku_number) - start
23:04:28.334 [main] DEBUG org.dbunit.dataset.AbstractTable - assertValidRowIndex(row=0) - start
23:04:28.334 [main] DEBUG org.dbunit.dataset.AbstractTable - assertValidRowIndex(row=0, rowCount=1) - start
23:04:28.334 [main] DEBUG org.dbunit.dataset.AbstractTable - getColumnIndex(columnName=product_sku_number) - start
23:04:28.334 [main] DEBUG o.d.dataset.AbstractTableMetaData - getColumnIndex(columnName=product_sku_number) - start
23:04:28.334 [main] DEBUG org.dbunit.dataset.DefaultTable - getValue(row=0, column=quantity) - start
23:04:28.335 [main] DEBUG org.dbunit.dataset.AbstractTable - assertValidRowIndex(row=0) - start
23:04:28.335 [main] DEBUG org.dbunit.dataset.AbstractTable - assertValidRowIndex(row=0, rowCount=1) - start
23:04:28.335 [main] DEBUG org.dbunit.dataset.AbstractTable - getColumnIndex(columnName=quantity) - start
23:04:28.335 [main] DEBUG o.d.dataset.AbstractTableMetaData - getColumnIndex(columnName=quantity) - start
23:04:28.335 [main] DEBUG org.dbunit.dataset.DefaultTable - getValue(row=1, column=id) - start
23:04:28.337 [main] DEBUG org.dbunit.dataset.AbstractTable - assertValidRowIndex(row=1) - start
23:04:28.337 [main] DEBUG org.dbunit.dataset.AbstractTable - assertValidRowIndex(row=1, rowCount=1) - start
23:04:28.337 [main] DEBUG o.dbunit.dataset.OrderedTableNameMap - getTableName(tableName=orders) - start
23:04:28.337 [main] DEBUG o.dbunit.dataset.OrderedTableNameMap - getTableName(tableName=orders) - end - result=ORDERS
23:04:28.337 [main] DEBUG o.dbunit.dataset.OrderedTableNameMap - getTableName(tableName=orders) - start
23:04:28.338 [main] DEBUG o.dbunit.dataset.OrderedTableNameMap - getTableName(tableName=orders) - end - result=ORDERS
23:04:28.338 [main] DEBUG o.dbunit.dataset.OrderedTableNameMap - setLastTable(nameorders) - start
23:04:28.338 [main] DEBUG o.dbunit.dataset.OrderedTableNameMap - getTableName(tableName=orders) - start
23:04:28.339 [main] DEBUG o.dbunit.dataset.OrderedTableNameMap - getTableName(tableName=orders) - end - result=ORDERS
23:04:28.339 [main] DEBUG org.dbunit.dataset.CachedDataSet - startTable(metaData=tableName=orders, columns=[(order_number, UNKNOWN, nullableUnknown), (customer_id, UNKNOWN, nullableUnknown), (date, UNKNOWN, nullableUnknown), (amount, UNKNOWN, nullableUnknown), (order_status, UNKNOWN, nullableUnknown), (discount_status, UNKNOWN, nullableUnknown)], keys=[]) - start
23:04:28.340 [main] DEBUG o.dbunit.dataset.OrderedTableNameMap - getLastTableName() - start
23:04:28.341 [main] DEBUG o.dbunit.dataset.OrderedTableNameMap - getTableName(tableName=orders) - start
23:04:28.341 [main] DEBUG o.dbunit.dataset.OrderedTableNameMap - getTableName(tableName=orders) - end - result=ORDERS
23:04:28.341 [main] DEBUG o.d.dataset.AbstractTableMetaData - getColumnIndex(columnName=order_number) - start
23:04:28.341 [main] DEBUG o.d.dataset.AbstractTableMetaData - getColumnIndex(columnName=customer_id) - start
23:04:28.342 [main] DEBUG o.d.dataset.AbstractTableMetaData - getColumnIndex(columnName=date) - start
23:04:28.342 [main] DEBUG o.d.dataset.AbstractTableMetaData - getColumnIndex(columnName=amount) - start
23:04:28.342 [main] DEBUG o.d.dataset.AbstractTableMetaData - getColumnIndex(columnName=order_status) - start
23:04:28.342 [main] DEBUG o.d.dataset.AbstractTableMetaData - getColumnIndex(columnName=discount_status) - start
23:04:28.342 [main] DEBUG o.dbunit.dataset.OrderedTableNameMap - getLastTableName() - start
23:04:28.344 [main] DEBUG o.dbunit.dataset.OrderedTableNameMap - getTableName(tableName=orders) - start
23:04:28.344 [main] DEBUG o.dbunit.dataset.OrderedTableNameMap - getTableName(tableName=orders) - end - result=ORDERS
23:04:28.344 [main] DEBUG org.dbunit.dataset.CachedDataSet - row(values=5) - start
23:04:28.344 [main] DEBUG org.dbunit.dataset.DefaultTable - addRow(values=5) - start
23:04:28.344 [main] DEBUG o.dbunit.dataset.xml.FlatXmlProducer - endElement(uri=, localName=, qName=orders) - start
23:04:28.344 [main] DEBUG o.dbunit.dataset.xml.FlatXmlProducer - startElement(uri=, localName=, qName=order_items, attributes=org.apache.xerces.parsers.AbstractSAXParser$AttributesProxy@1e2ca7) - start
23:04:28.345 [main] DEBUG o.dbunit.dataset.OrderedTableNameMap - getLastTableName() - start
23:04:28.346 [main] DEBUG o.dbunit.dataset.OrderedTableNameMap - getTableName(tableName=orders) - start
23:04:28.346 [main] DEBUG o.dbunit.dataset.OrderedTableNameMap - getTableName(tableName=orders) - end - result=ORDERS
23:04:28.346 [main] DEBUG o.dbunit.dataset.OrderedTableNameMap - isLastTable(tableName=order_items) - start
23:04:28.346 [main] DEBUG o.dbunit.dataset.OrderedTableNameMap - getLastTableName() - start
23:04:28.347 [main] DEBUG o.dbunit.dataset.OrderedTableNameMap - getTableName(tableName=orders) - start
23:04:28.347 [main] DEBUG o.dbunit.dataset.OrderedTableNameMap - getTableName(tableName=orders) - end - result=ORDERS
23:04:28.347 [main] DEBUG o.dbunit.dataset.OrderedTableNameMap - getTableName(tableName=order_items) - start
23:04:28.348 [main] DEBUG o.dbunit.dataset.OrderedTableNameMap - getTableName(tableName=order_items) - end - result=ORDER_ITEMS
23:04:28.348 [main] DEBUG org.dbunit.dataset.CachedDataSet - endTable() - start
23:04:28.350 [main] DEBUG o.dbunit.dataset.OrderedTableNameMap - getTableName(tableName=orders) - start
23:04:28.350 [main] DEBUG o.dbunit.dataset.OrderedTableNameMap - getTableName(tableName=orders) - end - result=ORDERS
23:04:28.350 [main] DEBUG o.dbunit.dataset.OrderedTableNameMap - getTableName(tableName=orders) - start
23:04:28.350 [main] DEBUG o.dbunit.dataset.OrderedTableNameMap - getTableName(tableName=orders) - end - result=ORDERS
23:04:28.350 [main] DEBUG org.dbunit.dataset.DefaultTable - addTableRows(table=org.dbunit.dataset.DefaultTable[_metaData=tableName=orders, columns=[(order_number, UNKNOWN, nullableUnknown), (customer_id, UNKNOWN, nullableUnknown), (date, UNKNOWN, nullableUnknown), (amount, UNKNOWN, nullableUnknown), (order_status, UNKNOWN, nullableUnknown), (discount_status, UNKNOWN, nullableUnknown)], keys=[], _rowList.size()=1]) - start
23:04:28.352 [main] DEBUG org.dbunit.dataset.DefaultTable - getValue(row=0, column=order_number) - start
23:04:28.352 [main] DEBUG org.dbunit.dataset.AbstractTable - assertValidRowIndex(row=0) - start
23:04:28.352 [main] DEBUG org.dbunit.dataset.AbstractTable - assertValidRowIndex(row=0, rowCount=1) - start
23:04:28.352 [main] DEBUG org.dbunit.dataset.AbstractTable - getColumnIndex(columnName=order_number) - start
23:04:28.352 [main] DEBUG o.d.dataset.AbstractTableMetaData - getColumnIndex(columnName=order_number) - start
23:04:28.354 [main] DEBUG org.dbunit.dataset.DefaultTable - getValue(row=0, column=customer_id) - start
23:04:28.356 [main] DEBUG org.dbunit.dataset.AbstractTable - assertValidRowIndex(row=0) - start
23:04:28.356 [main] DEBUG org.dbunit.dataset.AbstractTable - assertValidRowIndex(row=0, rowCount=1) - start
23:04:28.356 [main] DEBUG org.dbunit.dataset.AbstractTable - getColumnIndex(columnName=customer_id) - start
23:04:28.356 [main] DEBUG o.d.dataset.AbstractTableMetaData - getColumnIndex(columnName=customer_id) - start
23:04:28.456 [main] DEBUG org.dbunit.dataset.DefaultTable - getValue(row=0, column=date) - start
23:04:28.456 [main] DEBUG org.dbunit.dataset.AbstractTable - assertValidRowIndex(row=0) - start
23:04:28.456 [main] DEBUG org.dbunit.dataset.AbstractTable - assertValidRowIndex(row=0, rowCount=1) - start
23:04:28.456 [main] DEBUG org.dbunit.dataset.AbstractTable - getColumnIndex(columnName=date) - start
23:04:28.456 [main] DEBUG o.d.dataset.AbstractTableMetaData - getColumnIndex(columnName=date) - start
23:04:28.456 [main] DEBUG org.dbunit.dataset.DefaultTable - getValue(row=0, column=amount) - start
23:04:28.457 [main] DEBUG org.dbunit.dataset.AbstractTable - assertValidRowIndex(row=0) - start
23:04:28.457 [main] DEBUG org.dbunit.dataset.AbstractTable - assertValidRowIndex(row=0, rowCount=1) - start
23:04:28.457 [main] DEBUG org.dbunit.dataset.AbstractTable - getColumnIndex(columnName=amount) - start
23:04:28.457 [main] DEBUG o.d.dataset.AbstractTableMetaData - getColumnIndex(columnName=amount) - start
23:04:28.457 [main] DEBUG org.dbunit.dataset.DefaultTable - getValue(row=0, column=order_status) - start
23:04:28.459 [main] DEBUG org.dbunit.dataset.AbstractTable - assertValidRowIndex(row=0) - start
23:04:28.459 [main] DEBUG org.dbunit.dataset.AbstractTable - assertValidRowIndex(row=0, rowCount=1) - start
23:04:28.459 [main] DEBUG org.dbunit.dataset.AbstractTable - getColumnIndex(columnName=order_status) - start
23:04:28.459 [main] DEBUG o.d.dataset.AbstractTableMetaData - getColumnIndex(columnName=order_status) - start
23:04:28.459 [main] DEBUG org.dbunit.dataset.DefaultTable - getValue(row=0, column=discount_status) - start
23:04:28.460 [main] DEBUG org.dbunit.dataset.AbstractTable - assertValidRowIndex(row=0) - start
23:04:28.460 [main] DEBUG org.dbunit.dataset.AbstractTable - assertValidRowIndex(row=0, rowCount=1) - start
23:04:28.460 [main] DEBUG org.dbunit.dataset.AbstractTable - getColumnIndex(columnName=discount_status) - start
23:04:28.460 [main] DEBUG o.d.dataset.AbstractTableMetaData - getColumnIndex(columnName=discount_status) - start
23:04:28.460 [main] DEBUG org.dbunit.dataset.DefaultTable - getValue(row=1, column=order_number) - start
23:04:28.462 [main] DEBUG org.dbunit.dataset.AbstractTable - assertValidRowIndex(row=1) - start
23:04:28.462 [main] DEBUG org.dbunit.dataset.AbstractTable - assertValidRowIndex(row=1, rowCount=1) - start
23:04:28.462 [main] DEBUG o.dbunit.dataset.OrderedTableNameMap - getTableName(tableName=order_items) - start
23:04:28.462 [main] DEBUG o.dbunit.dataset.OrderedTableNameMap - getTableName(tableName=order_items) - end - result=ORDER_ITEMS
23:04:28.462 [main] DEBUG o.dbunit.dataset.OrderedTableNameMap - getTableName(tableName=order_items) - start
23:04:28.464 [main] DEBUG o.dbunit.dataset.OrderedTableNameMap - getTableName(tableName=order_items) - end - result=ORDER_ITEMS
23:04:28.464 [main] DEBUG o.dbunit.dataset.OrderedTableNameMap - setLastTable(nameorder_items) - start
23:04:28.464 [main] DEBUG o.dbunit.dataset.OrderedTableNameMap - getTableName(tableName=order_items) - start
23:04:28.464 [main] DEBUG o.dbunit.dataset.OrderedTableNameMap - getTableName(tableName=order_items) - end - result=ORDER_ITEMS
23:04:28.464 [main] DEBUG org.dbunit.dataset.CachedDataSet - startTable(metaData=tableName=order_items, columns=[(id, UNKNOWN, nullableUnknown), (order_order_number, UNKNOWN, nullableUnknown), (product_sku_number, UNKNOWN, nullableUnknown), (quantity, UNKNOWN, nullableUnknown)], keys=[]) - start
23:04:28.466 [main] DEBUG o.dbunit.dataset.OrderedTableNameMap - getLastTableName() - start
23:04:28.466 [main] DEBUG o.dbunit.dataset.OrderedTableNameMap - getTableName(tableName=order_items) - start
23:04:28.466 [main] DEBUG o.dbunit.dataset.OrderedTableNameMap - getTableName(tableName=order_items) - end - result=ORDER_ITEMS
23:04:28.466 [main] DEBUG o.d.dataset.AbstractTableMetaData - getColumnIndex(columnName=id) - start
23:04:28.466 [main] DEBUG o.d.dataset.AbstractTableMetaData - getColumnIndex(columnName=order_order_number) - start
23:04:28.467 [main] DEBUG o.d.dataset.AbstractTableMetaData - getColumnIndex(columnName=product_sku_number) - start
23:04:28.467 [main] DEBUG o.d.dataset.AbstractTableMetaData - getColumnIndex(columnName=quantity) - start
23:04:28.467 [main] DEBUG o.dbunit.dataset.OrderedTableNameMap - getLastTableName() - start
23:04:28.467 [main] DEBUG o.dbunit.dataset.OrderedTableNameMap - getTableName(tableName=order_items) - start
23:04:28.467 [main] DEBUG o.dbunit.dataset.OrderedTableNameMap - getTableName(tableName=order_items) - end - result=ORDER_ITEMS
23:04:28.469 [main] DEBUG org.dbunit.dataset.CachedDataSet - row(values=6) - start
23:04:28.469 [main] DEBUG org.dbunit.dataset.DefaultTable - addRow(values=6) - start
23:04:28.469 [main] DEBUG o.dbunit.dataset.xml.FlatXmlProducer - endElement(uri=, localName=, qName=order_items) - start
23:04:28.469 [main] DEBUG o.dbunit.dataset.xml.FlatXmlProducer - startElement(uri=, localName=, qName=order_items, attributes=org.apache.xerces.parsers.AbstractSAXParser$AttributesProxy@1e2ca7) - start
23:04:28.469 [main] DEBUG o.dbunit.dataset.OrderedTableNameMap - getLastTableName() - start
23:04:28.471 [main] DEBUG o.dbunit.dataset.OrderedTableNameMap - getTableName(tableName=order_items) - start
23:04:28.471 [main] DEBUG o.dbunit.dataset.OrderedTableNameMap - getTableName(tableName=order_items) - end - result=ORDER_ITEMS
23:04:28.471 [main] DEBUG o.dbunit.dataset.OrderedTableNameMap - isLastTable(tableName=order_items) - start
23:04:28.471 [main] DEBUG o.dbunit.dataset.OrderedTableNameMap - getLastTableName() - start
23:04:28.471 [main] DEBUG o.dbunit.dataset.OrderedTableNameMap - getTableName(tableName=order_items) - start
23:04:28.472 [main] DEBUG o.dbunit.dataset.OrderedTableNameMap - getTableName(tableName=order_items) - end - result=ORDER_ITEMS
23:04:28.472 [main] DEBUG o.dbunit.dataset.OrderedTableNameMap - getTableName(tableName=order_items) - start
23:04:28.472 [main] DEBUG o.dbunit.dataset.OrderedTableNameMap - getTableName(tableName=order_items) - end - result=ORDER_ITEMS
23:04:28.472 [main] DEBUG o.dbunit.dataset.OrderedTableNameMap - getLastTableName() - start
23:04:28.473 [main] DEBUG o.dbunit.dataset.OrderedTableNameMap - getTableName(tableName=order_items) - start
23:04:28.475 [main] DEBUG o.dbunit.dataset.OrderedTableNameMap - getTableName(tableName=order_items) - end - result=ORDER_ITEMS
23:04:28.475 [main] DEBUG o.d.dataset.AbstractTableMetaData - getColumnIndex(columnName=id) - start
23:04:28.475 [main] DEBUG o.d.dataset.AbstractTableMetaData - getColumnIndex(columnName=order_order_number) - start
23:04:28.475 [main] DEBUG o.d.dataset.AbstractTableMetaData - getColumnIndex(columnName=product_sku_number) - start
23:04:28.475 [main] DEBUG o.d.dataset.AbstractTableMetaData - getColumnIndex(columnName=quantity) - start
23:04:28.476 [main] DEBUG o.dbunit.dataset.OrderedTableNameMap - getLastTableName() - start
23:04:28.477 [main] DEBUG o.dbunit.dataset.OrderedTableNameMap - getTableName(tableName=order_items) - start
23:04:28.477 [main] DEBUG o.dbunit.dataset.OrderedTableNameMap - getTableName(tableName=order_items) - end - result=ORDER_ITEMS
23:04:28.477 [main] DEBUG org.dbunit.dataset.CachedDataSet - row(values=7) - start
23:04:28.477 [main] DEBUG org.dbunit.dataset.DefaultTable - addRow(values=7) - start
23:04:28.477 [main] DEBUG o.dbunit.dataset.xml.FlatXmlProducer - endElement(uri=, localName=, qName=order_items) - start
23:04:28.478 [main] DEBUG o.dbunit.dataset.xml.FlatXmlProducer - startElement(uri=, localName=, qName=orders, attributes=org.apache.xerces.parsers.AbstractSAXParser$AttributesProxy@1e2ca7) - start
23:04:28.478 [main] DEBUG o.dbunit.dataset.OrderedTableNameMap - getLastTableName() - start
23:04:28.478 [main] DEBUG o.dbunit.dataset.OrderedTableNameMap - getTableName(tableName=order_items) - start
23:04:28.478 [main] DEBUG o.dbunit.dataset.OrderedTableNameMap - getTableName(tableName=order_items) - end - result=ORDER_ITEMS
23:04:28.480 [main] DEBUG o.dbunit.dataset.OrderedTableNameMap - isLastTable(tableName=orders) - start
23:04:28.480 [main] DEBUG o.dbunit.dataset.OrderedTableNameMap - getLastTableName() - start
23:04:28.480 [main] DEBUG o.dbunit.dataset.OrderedTableNameMap - getTableName(tableName=order_items) - start
23:04:28.480 [main] DEBUG o.dbunit.dataset.OrderedTableNameMap - getTableName(tableName=order_items) - end - result=ORDER_ITEMS
23:04:28.480 [main] DEBUG o.dbunit.dataset.OrderedTableNameMap - getTableName(tableName=orders) - start
23:04:28.482 [main] DEBUG o.dbunit.dataset.OrderedTableNameMap - getTableName(tableName=orders) - end - result=ORDERS
23:04:28.482 [main] DEBUG org.dbunit.dataset.CachedDataSet - endTable() - start
23:04:28.482 [main] DEBUG o.dbunit.dataset.OrderedTableNameMap - getTableName(tableName=order_items) - start
23:04:28.482 [main] DEBUG o.dbunit.dataset.OrderedTableNameMap - getTableName(tableName=order_items) - end - result=ORDER_ITEMS
23:04:28.482 [main] DEBUG o.dbunit.dataset.OrderedTableNameMap - getTableName(tableName=order_items) - start
23:04:28.484 [main] DEBUG o.dbunit.dataset.OrderedTableNameMap - getTableName(tableName=order_items) - end - result=ORDER_ITEMS
23:04:28.484 [main] DEBUG org.dbunit.dataset.DefaultTable - addTableRows(table=org.dbunit.dataset.DefaultTable[_metaData=tableName=order_items, columns=[(id, UNKNOWN, nullableUnknown), (order_order_number, UNKNOWN, nullableUnknown), (product_sku_number, UNKNOWN, nullableUnknown), (quantity, UNKNOWN, nullableUnknown)], keys=[], _rowList.size()=2]) - start
23:04:28.484 [main] DEBUG org.dbunit.dataset.DefaultTable - getValue(row=0, column=id) - start
23:04:28.485 [main] DEBUG org.dbunit.dataset.AbstractTable - assertValidRowIndex(row=0) - start
23:04:28.485 [main] DEBUG org.dbunit.dataset.AbstractTable - assertValidRowIndex(row=0, rowCount=2) - start
23:04:28.485 [main] DEBUG org.dbunit.dataset.AbstractTable - getColumnIndex(columnName=id) - start
23:04:28.485 [main] DEBUG o.d.dataset.AbstractTableMetaData - getColumnIndex(columnName=id) - start
23:04:28.485 [main] DEBUG org.dbunit.dataset.DefaultTable - getValue(row=0, column=order_order_number) - start
23:04:28.487 [main] DEBUG org.dbunit.dataset.AbstractTable - assertValidRowIndex(row=0) - start
23:04:28.487 [main] DEBUG org.dbunit.dataset.AbstractTable - assertValidRowIndex(row=0, rowCount=2) - start
23:04:28.487 [main] DEBUG org.dbunit.dataset.AbstractTable - getColumnIndex(columnName=order_order_number) - start
23:04:28.487 [main] DEBUG o.d.dataset.AbstractTableMetaData - getColumnIndex(columnName=order_order_number) - start
23:04:28.487 [main] DEBUG org.dbunit.dataset.DefaultTable - getValue(row=0, column=product_sku_number) - start
23:04:28.488 [main] DEBUG org.dbunit.dataset.AbstractTable - assertValidRowIndex(row=0) - start
23:04:28.488 [main] DEBUG org.dbunit.dataset.AbstractTable - assertValidRowIndex(row=0, rowCount=2) - start
23:04:28.488 [main] DEBUG org.dbunit.dataset.AbstractTable - getColumnIndex(columnName=product_sku_number) - start
23:04:28.488 [main] DEBUG o.d.dataset.AbstractTableMetaData - getColumnIndex(columnName=product_sku_number) - start
23:04:28.488 [main] DEBUG org.dbunit.dataset.DefaultTable - getValue(row=0, column=quantity) - start
23:04:28.490 [main] DEBUG org.dbunit.dataset.AbstractTable - assertValidRowIndex(row=0) - start
23:04:28.490 [main] DEBUG org.dbunit.dataset.AbstractTable - assertValidRowIndex(row=0, rowCount=2) - start
23:04:28.490 [main] DEBUG org.dbunit.dataset.AbstractTable - getColumnIndex(columnName=quantity) - start
23:04:28.490 [main] DEBUG o.d.dataset.AbstractTableMetaData - getColumnIndex(columnName=quantity) - start
23:04:28.490 [main] DEBUG org.dbunit.dataset.DefaultTable - getValue(row=1, column=id) - start
23:04:28.491 [main] DEBUG org.dbunit.dataset.AbstractTable - assertValidRowIndex(row=1) - start
23:04:28.491 [main] DEBUG org.dbunit.dataset.AbstractTable - assertValidRowIndex(row=1, rowCount=2) - start
23:04:28.491 [main] DEBUG org.dbunit.dataset.AbstractTable - getColumnIndex(columnName=id) - start
23:04:28.491 [main] DEBUG o.d.dataset.AbstractTableMetaData - getColumnIndex(columnName=id) - start
23:04:28.491 [main] DEBUG org.dbunit.dataset.DefaultTable - getValue(row=1, column=order_order_number) - start
23:04:28.493 [main] DEBUG org.dbunit.dataset.AbstractTable - assertValidRowIndex(row=1) - start
23:04:28.493 [main] DEBUG org.dbunit.dataset.AbstractTable - assertValidRowIndex(row=1, rowCount=2) - start
23:04:28.493 [main] DEBUG org.dbunit.dataset.AbstractTable - getColumnIndex(columnName=order_order_number) - start
23:04:28.493 [main] DEBUG o.d.dataset.AbstractTableMetaData - getColumnIndex(columnName=order_order_number) - start
23:04:28.493 [main] DEBUG org.dbunit.dataset.DefaultTable - getValue(row=1, column=product_sku_number) - start
23:04:28.494 [main] DEBUG org.dbunit.dataset.AbstractTable - assertValidRowIndex(row=1) - start
23:04:28.494 [main] DEBUG org.dbunit.dataset.AbstractTable - assertValidRowIndex(row=1, rowCount=2) - start
23:04:28.494 [main] DEBUG org.dbunit.dataset.AbstractTable - getColumnIndex(columnName=product_sku_number) - start
23:04:28.494 [main] DEBUG o.d.dataset.AbstractTableMetaData - getColumnIndex(columnName=product_sku_number) - start
23:04:28.495 [main] DEBUG org.dbunit.dataset.DefaultTable - getValue(row=1, column=quantity) - start
23:04:28.496 [main] DEBUG org.dbunit.dataset.AbstractTable - assertValidRowIndex(row=1) - start
23:04:28.496 [main] DEBUG org.dbunit.dataset.AbstractTable - assertValidRowIndex(row=1, rowCount=2) - start
23:04:28.496 [main] DEBUG org.dbunit.dataset.AbstractTable - getColumnIndex(columnName=quantity) - start
23:04:28.496 [main] DEBUG o.d.dataset.AbstractTableMetaData - getColumnIndex(columnName=quantity) - start
23:04:28.497 [main] DEBUG org.dbunit.dataset.DefaultTable - getValue(row=2, column=id) - start
23:04:28.498 [main] DEBUG org.dbunit.dataset.AbstractTable - assertValidRowIndex(row=2) - start
23:04:28.498 [main] DEBUG org.dbunit.dataset.AbstractTable - assertValidRowIndex(row=2, rowCount=2) - start
23:04:28.498 [main] DEBUG o.dbunit.dataset.OrderedTableNameMap - getTableName(tableName=orders) - start
23:04:28.498 [main] DEBUG o.dbunit.dataset.OrderedTableNameMap - getTableName(tableName=orders) - end - result=ORDERS
23:04:28.498 [main] DEBUG o.dbunit.dataset.OrderedTableNameMap - getTableName(tableName=orders) - start
23:04:28.500 [main] DEBUG o.dbunit.dataset.OrderedTableNameMap - getTableName(tableName=orders) - end - result=ORDERS
23:04:28.500 [main] DEBUG o.dbunit.dataset.OrderedTableNameMap - setLastTable(nameorders) - start
23:04:28.500 [main] DEBUG o.dbunit.dataset.OrderedTableNameMap - getTableName(tableName=orders) - start
23:04:28.500 [main] DEBUG o.dbunit.dataset.OrderedTableNameMap - getTableName(tableName=orders) - end - result=ORDERS
23:04:28.500 [main] DEBUG org.dbunit.dataset.CachedDataSet - startTable(metaData=tableName=orders, columns=[(order_number, UNKNOWN, nullableUnknown), (customer_id, UNKNOWN, nullableUnknown), (date, UNKNOWN, nullableUnknown), (amount, UNKNOWN, nullableUnknown), (order_status, UNKNOWN, nullableUnknown), (discount_status, UNKNOWN, nullableUnknown)], keys=[]) - start
23:04:28.501 [main] DEBUG o.dbunit.dataset.OrderedTableNameMap - getLastTableName() - start
23:04:28.501 [main] DEBUG o.dbunit.dataset.OrderedTableNameMap - getTableName(tableName=orders) - start
23:04:28.501 [main] DEBUG o.dbunit.dataset.OrderedTableNameMap - getTableName(tableName=orders) - end - result=ORDERS
23:04:28.501 [main] DEBUG o.d.dataset.AbstractTableMetaData - getColumnIndex(columnName=order_number) - start
23:04:28.501 [main] DEBUG o.d.dataset.AbstractTableMetaData - getColumnIndex(columnName=customer_id) - start
23:04:28.503 [main] DEBUG o.d.dataset.AbstractTableMetaData - getColumnIndex(columnName=date) - start
23:04:28.503 [main] DEBUG o.d.dataset.AbstractTableMetaData - getColumnIndex(columnName=amount) - start
23:04:28.503 [main] DEBUG o.d.dataset.AbstractTableMetaData - getColumnIndex(columnName=order_status) - start
23:04:28.503 [main] DEBUG o.d.dataset.AbstractTableMetaData - getColumnIndex(columnName=discount_status) - start
23:04:28.503 [main] DEBUG o.dbunit.dataset.OrderedTableNameMap - getLastTableName() - start
23:04:28.505 [main] DEBUG o.dbunit.dataset.OrderedTableNameMap - getTableName(tableName=orders) - start
23:04:28.505 [main] DEBUG o.dbunit.dataset.OrderedTableNameMap - getTableName(tableName=orders) - end - result=ORDERS
23:04:28.505 [main] DEBUG org.dbunit.dataset.CachedDataSet - row(values=6) - start
23:04:28.505 [main] DEBUG org.dbunit.dataset.DefaultTable - addRow(values=6) - start
23:04:28.505 [main] DEBUG o.dbunit.dataset.xml.FlatXmlProducer - endElement(uri=, localName=, qName=orders) - start
23:04:28.505 [main] DEBUG o.dbunit.dataset.xml.FlatXmlProducer - startElement(uri=, localName=, qName=order_items, attributes=org.apache.xerces.parsers.AbstractSAXParser$AttributesProxy@1e2ca7) - start
23:04:28.507 [main] DEBUG o.dbunit.dataset.OrderedTableNameMap - getLastTableName() - start
23:04:28.507 [main] DEBUG o.dbunit.dataset.OrderedTableNameMap - getTableName(tableName=orders) - start
23:04:28.507 [main] DEBUG o.dbunit.dataset.OrderedTableNameMap - getTableName(tableName=orders) - end - result=ORDERS
23:04:28.507 [main] DEBUG o.dbunit.dataset.OrderedTableNameMap - isLastTable(tableName=order_items) - start
23:04:28.507 [main] DEBUG o.dbunit.dataset.OrderedTableNameMap - getLastTableName() - start
23:04:28.509 [main] DEBUG o.dbunit.dataset.OrderedTableNameMap - getTableName(tableName=orders) - start
23:04:28.509 [main] DEBUG o.dbunit.dataset.OrderedTableNameMap - getTableName(tableName=orders) - end - result=ORDERS
23:04:28.509 [main] DEBUG o.dbunit.dataset.OrderedTableNameMap - getTableName(tableName=order_items) - start
23:04:28.509 [main] DEBUG o.dbunit.dataset.OrderedTableNameMap - getTableName(tableName=order_items) - end - result=ORDER_ITEMS
23:04:28.509 [main] DEBUG org.dbunit.dataset.CachedDataSet - endTable() - start
23:04:28.510 [main] DEBUG o.dbunit.dataset.OrderedTableNameMap - getTableName(tableName=orders) - start
23:04:28.510 [main] DEBUG o.dbunit.dataset.OrderedTableNameMap - getTableName(tableName=orders) - end - result=ORDERS
23:04:28.510 [main] DEBUG o.dbunit.dataset.OrderedTableNameMap - getTableName(tableName=orders) - start
23:04:28.510 [main] DEBUG o.dbunit.dataset.OrderedTableNameMap - getTableName(tableName=orders) - end - result=ORDERS
23:04:28.510 [main] DEBUG org.dbunit.dataset.DefaultTable - addTableRows(table=org.dbunit.dataset.DefaultTable[_metaData=tableName=orders, columns=[(order_number, UNKNOWN, nullableUnknown), (customer_id, UNKNOWN, nullableUnknown), (date, UNKNOWN, nullableUnknown), (amount, UNKNOWN, nullableUnknown), (order_status, UNKNOWN, nullableUnknown), (discount_status, UNKNOWN, nullableUnknown)], keys=[], _rowList.size()=1]) - start
23:04:28.512 [main] DEBUG org.dbunit.dataset.DefaultTable - getValue(row=0, column=order_number) - start
23:04:28.512 [main] DEBUG org.dbunit.dataset.AbstractTable - assertValidRowIndex(row=0) - start
23:04:28.512 [main] DEBUG org.dbunit.dataset.AbstractTable - assertValidRowIndex(row=0, rowCount=1) - start
23:04:28.512 [main] DEBUG org.dbunit.dataset.AbstractTable - getColumnIndex(columnName=order_number) - start
23:04:28.513 [main] DEBUG o.d.dataset.AbstractTableMetaData - getColumnIndex(columnName=order_number) - start
23:04:28.514 [main] DEBUG org.dbunit.dataset.DefaultTable - getValue(row=0, column=customer_id) - start
23:04:28.514 [main] DEBUG org.dbunit.dataset.AbstractTable - assertValidRowIndex(row=0) - start
23:04:28.514 [main] DEBUG org.dbunit.dataset.AbstractTable - assertValidRowIndex(row=0, rowCount=1) - start
23:04:28.514 [main] DEBUG org.dbunit.dataset.AbstractTable - getColumnIndex(columnName=customer_id) - start
23:04:28.514 [main] DEBUG o.d.dataset.AbstractTableMetaData - getColumnIndex(columnName=customer_id) - start
23:04:28.516 [main] DEBUG org.dbunit.dataset.DefaultTable - getValue(row=0, column=date) - start
23:04:28.516 [main] DEBUG org.dbunit.dataset.AbstractTable - assertValidRowIndex(row=0) - start
23:04:28.516 [main] DEBUG org.dbunit.dataset.AbstractTable - assertValidRowIndex(row=0, rowCount=1) - start
23:04:28.516 [main] DEBUG org.dbunit.dataset.AbstractTable - getColumnIndex(columnName=date) - start
23:04:28.516 [main] DEBUG o.d.dataset.AbstractTableMetaData - getColumnIndex(columnName=date) - start
23:04:28.516 [main] DEBUG org.dbunit.dataset.DefaultTable - getValue(row=0, column=amount) - start
23:04:28.518 [main] DEBUG org.dbunit.dataset.AbstractTable - assertValidRowIndex(row=0) - start
23:04:28.518 [main] DEBUG org.dbunit.dataset.AbstractTable - assertValidRowIndex(row=0, rowCount=1) - start
23:04:28.518 [main] DEBUG org.dbunit.dataset.AbstractTable - getColumnIndex(columnName=amount) - start
23:04:28.518 [main] DEBUG o.d.dataset.AbstractTableMetaData - getColumnIndex(columnName=amount) - start
23:04:28.518 [main] DEBUG org.dbunit.dataset.DefaultTable - getValue(row=0, column=order_status) - start
23:04:28.520 [main] DEBUG org.dbunit.dataset.AbstractTable - assertValidRowIndex(row=0) - start
23:04:28.520 [main] DEBUG org.dbunit.dataset.AbstractTable - assertValidRowIndex(row=0, rowCount=1) - start
23:04:28.520 [main] DEBUG org.dbunit.dataset.AbstractTable - getColumnIndex(columnName=order_status) - start
23:04:28.520 [main] DEBUG o.d.dataset.AbstractTableMetaData - getColumnIndex(columnName=order_status) - start
23:04:28.520 [main] DEBUG org.dbunit.dataset.DefaultTable - getValue(row=0, column=discount_status) - start
23:04:28.521 [main] DEBUG org.dbunit.dataset.AbstractTable - assertValidRowIndex(row=0) - start
23:04:28.521 [main] DEBUG org.dbunit.dataset.AbstractTable - assertValidRowIndex(row=0, rowCount=1) - start
23:04:28.521 [main] DEBUG org.dbunit.dataset.AbstractTable - getColumnIndex(columnName=discount_status) - start
23:04:28.521 [main] DEBUG o.d.dataset.AbstractTableMetaData - getColumnIndex(columnName=discount_status) - start
23:04:28.521 [main] DEBUG org.dbunit.dataset.DefaultTable - getValue(row=1, column=order_number) - start
23:04:28.523 [main] DEBUG org.dbunit.dataset.AbstractTable - assertValidRowIndex(row=1) - start
23:04:28.523 [main] DEBUG org.dbunit.dataset.AbstractTable - assertValidRowIndex(row=1, rowCount=1) - start
23:04:28.523 [main] DEBUG o.dbunit.dataset.OrderedTableNameMap - getTableName(tableName=order_items) - start
23:04:28.523 [main] DEBUG o.dbunit.dataset.OrderedTableNameMap - getTableName(tableName=order_items) - end - result=ORDER_ITEMS
23:04:28.523 [main] DEBUG o.dbunit.dataset.OrderedTableNameMap - getTableName(tableName=order_items) - start
23:04:28.524 [main] DEBUG o.dbunit.dataset.OrderedTableNameMap - getTableName(tableName=order_items) - end - result=ORDER_ITEMS
23:04:28.524 [main] DEBUG o.dbunit.dataset.OrderedTableNameMap - setLastTable(nameorder_items) - start
23:04:28.524 [main] DEBUG o.dbunit.dataset.OrderedTableNameMap - getTableName(tableName=order_items) - start
23:04:28.524 [main] DEBUG o.dbunit.dataset.OrderedTableNameMap - getTableName(tableName=order_items) - end - result=ORDER_ITEMS
23:04:28.525 [main] DEBUG org.dbunit.dataset.CachedDataSet - startTable(metaData=tableName=order_items, columns=[(id, UNKNOWN, nullableUnknown), (order_order_number, UNKNOWN, nullableUnknown), (product_sku_number, UNKNOWN, nullableUnknown), (quantity, UNKNOWN, nullableUnknown)], keys=[]) - start
23:04:28.526 [main] DEBUG o.dbunit.dataset.OrderedTableNameMap - getLastTableName() - start
23:04:28.526 [main] DEBUG o.dbunit.dataset.OrderedTableNameMap - getTableName(tableName=order_items) - start
23:04:28.526 [main] DEBUG o.dbunit.dataset.OrderedTableNameMap - getTableName(tableName=order_items) - end - result=ORDER_ITEMS
23:04:28.526 [main] DEBUG o.d.dataset.AbstractTableMetaData - getColumnIndex(columnName=id) - start
23:04:28.526 [main] DEBUG o.d.dataset.AbstractTableMetaData - getColumnIndex(columnName=order_order_number) - start
23:04:28.528 [main] DEBUG o.d.dataset.AbstractTableMetaData - getColumnIndex(columnName=product_sku_number) - start
23:04:28.528 [main] DEBUG o.d.dataset.AbstractTableMetaData - getColumnIndex(columnName=quantity) - start
23:04:28.528 [main] DEBUG o.dbunit.dataset.OrderedTableNameMap - getLastTableName() - start
23:04:28.528 [main] DEBUG o.dbunit.dataset.OrderedTableNameMap - getTableName(tableName=order_items) - start
23:04:28.528 [main] DEBUG o.dbunit.dataset.OrderedTableNameMap - getTableName(tableName=order_items) - end - result=ORDER_ITEMS
23:04:28.530 [main] DEBUG org.dbunit.dataset.CachedDataSet - row(values=8) - start
23:04:28.530 [main] DEBUG org.dbunit.dataset.DefaultTable - addRow(values=8) - start
23:04:28.530 [main] DEBUG o.dbunit.dataset.xml.FlatXmlProducer - endElement(uri=, localName=, qName=order_items) - start
23:04:28.530 [main] DEBUG o.dbunit.dataset.xml.FlatXmlProducer - endElement(uri=, localName=, qName=dataset) - start
23:04:28.530 [main] DEBUG o.dbunit.dataset.OrderedTableNameMap - getLastTableName() - start
23:04:28.530 [main] DEBUG o.dbunit.dataset.OrderedTableNameMap - getTableName(tableName=order_items) - start
23:04:28.531 [main] DEBUG o.dbunit.dataset.OrderedTableNameMap - getTableName(tableName=order_items) - end - result=ORDER_ITEMS
23:04:28.531 [main] DEBUG org.dbunit.dataset.CachedDataSet - endTable() - start
23:04:28.531 [main] DEBUG o.dbunit.dataset.OrderedTableNameMap - getTableName(tableName=order_items) - start
23:04:28.532 [main] DEBUG o.dbunit.dataset.OrderedTableNameMap - getTableName(tableName=order_items) - end - result=ORDER_ITEMS
23:04:28.532 [main] DEBUG o.dbunit.dataset.OrderedTableNameMap - getTableName(tableName=order_items) - start
23:04:28.533 [main] DEBUG o.dbunit.dataset.OrderedTableNameMap - getTableName(tableName=order_items) - end - result=ORDER_ITEMS
23:04:28.533 [main] DEBUG org.dbunit.dataset.DefaultTable - addTableRows(table=org.dbunit.dataset.DefaultTable[_metaData=tableName=order_items, columns=[(id, UNKNOWN, nullableUnknown), (order_order_number, UNKNOWN, nullableUnknown), (product_sku_number, UNKNOWN, nullableUnknown), (quantity, UNKNOWN, nullableUnknown)], keys=[], _rowList.size()=1]) - start
23:04:28.533 [main] DEBUG org.dbunit.dataset.DefaultTable - getValue(row=0, column=id) - start
23:04:28.535 [main] DEBUG org.dbunit.dataset.AbstractTable - assertValidRowIndex(row=0) - start
23:04:28.535 [main] DEBUG org.dbunit.dataset.AbstractTable - assertValidRowIndex(row=0, rowCount=1) - start
23:04:28.535 [main] DEBUG org.dbunit.dataset.AbstractTable - getColumnIndex(columnName=id) - start
23:04:28.535 [main] DEBUG o.d.dataset.AbstractTableMetaData - getColumnIndex(columnName=id) - start
23:04:28.535 [main] DEBUG org.dbunit.dataset.DefaultTable - getValue(row=0, column=order_order_number) - start
23:04:28.537 [main] DEBUG org.dbunit.dataset.AbstractTable - assertValidRowIndex(row=0) - start
23:04:28.537 [main] DEBUG org.dbunit.dataset.AbstractTable - assertValidRowIndex(row=0, rowCount=1) - start
23:04:28.537 [main] DEBUG org.dbunit.dataset.AbstractTable - getColumnIndex(columnName=order_order_number) - start
23:04:28.537 [main] DEBUG o.d.dataset.AbstractTableMetaData - getColumnIndex(columnName=order_order_number) - start
23:04:28.537 [main] DEBUG org.dbunit.dataset.DefaultTable - getValue(row=0, column=product_sku_number) - start
23:04:28.539 [main] DEBUG org.dbunit.dataset.AbstractTable - assertValidRowIndex(row=0) - start
23:04:28.539 [main] DEBUG org.dbunit.dataset.AbstractTable - assertValidRowIndex(row=0, rowCount=1) - start
23:04:28.539 [main] DEBUG org.dbunit.dataset.AbstractTable - getColumnIndex(columnName=product_sku_number) - start
23:04:28.539 [main] DEBUG o.d.dataset.AbstractTableMetaData - getColumnIndex(columnName=product_sku_number) - start
23:04:28.539 [main] DEBUG org.dbunit.dataset.DefaultTable - getValue(row=0, column=quantity) - start
23:04:28.540 [main] DEBUG org.dbunit.dataset.AbstractTable - assertValidRowIndex(row=0) - start
23:04:28.540 [main] DEBUG org.dbunit.dataset.AbstractTable - assertValidRowIndex(row=0, rowCount=1) - start
23:04:28.540 [main] DEBUG org.dbunit.dataset.AbstractTable - getColumnIndex(columnName=quantity) - start
23:04:28.540 [main] DEBUG o.d.dataset.AbstractTableMetaData - getColumnIndex(columnName=quantity) - start
23:04:28.540 [main] DEBUG org.dbunit.dataset.DefaultTable - getValue(row=1, column=id) - start
23:04:28.541 [main] DEBUG org.dbunit.dataset.AbstractTable - assertValidRowIndex(row=1) - start
23:04:28.541 [main] DEBUG org.dbunit.dataset.AbstractTable - assertValidRowIndex(row=1, rowCount=1) - start
23:04:28.541 [main] DEBUG org.dbunit.dataset.CachedDataSet - endDataSet() - start
23:04:28.541 [main] DEBUG org.dbunit.dataset.CachedDataSet - endDataSet() - the final tableMap is: org.dbunit.dataset.OrderedTableNameMap[_tableNames=[customers, products, orders, order_items], _tableMap={ORDER_ITEMS=org.dbunit.dataset.DefaultTable[_metaData=tableName=order_items, columns=[(id, UNKNOWN, nullableUnknown), (order_order_number, UNKNOWN, nullableUnknown), (product_sku_number, UNKNOWN, nullableUnknown), (quantity, UNKNOWN, nullableUnknown)], keys=[], _rowList.size()=8], CUSTOMERS=org.dbunit.dataset.DefaultTable[_metaData=tableName=customers, columns=[(id, UNKNOWN, nullableUnknown), (name, UNKNOWN, nullableUnknown)], keys=[], _rowList.size()=6], ORDERS=org.dbunit.dataset.DefaultTable[_metaData=tableName=orders, columns=[(order_number, UNKNOWN, nullableUnknown), (customer_id, UNKNOWN, nullableUnknown), (date, UNKNOWN, nullableUnknown), (amount, UNKNOWN, nullableUnknown), (order_status, UNKNOWN, nullableUnknown), (discount_status, UNKNOWN, nullableUnknown)], keys=[], _rowList.size()=6], PRODUCTS=org.dbunit.dataset.DefaultTable[_metaData=tableName=products, columns=[(sku_number, UNKNOWN, nullableUnknown), (name, UNKNOWN, nullableUnknown), (amount, UNKNOWN, nullableUnknown)], keys=[], _rowList.size()=4]}, _caseSensitiveTableNames=false]
23:04:28.543 [main] DEBUG org.dbunit.AbstractDatabaseTester - setDataSet(dataSet=AbstractDataSet[_orderedTableNameMap=null]) - start
23:04:28.543 [main] DEBUG org.dbunit.DatabaseTestCase - getOperationListener() - start
23:04:28.544 [main] DEBUG org.dbunit.AbstractDatabaseTester - setOperationListener(operationListener=org.dbunit.DatabaseTestCase$1@113a53d) - start
23:04:28.544 [main] DEBUG org.dbunit.AbstractDatabaseTester - onSetup() - start
23:04:28.545 [main] DEBUG org.dbunit.AbstractDatabaseTester - executeOperation(operation=org.dbunit.operation.CompositeOperation[_actions=[org.dbunit.operation.DeleteAllOperation@19b1de, org.dbunit.operation.InsertOperation[_reverseRowOrder=false, super=org.dbunit.operation.InsertOperation@ec6b00]]]) - start
23:04:28.547 [main] DEBUG org.dbunit.JdbcDatabaseTester - getConnection() - start
23:04:28.547 [main] DEBUG org.dbunit.assertion.SimpleAssert - assertNotNullNorEmpty(propertyName=connectionUrl, property=jdbc:mysql://127.0.0.1/orderingsystem_test) - start
23:04:28.560 [main] DEBUG org.dbunit.util.SQLHelper - isEscaped returns 'false' for tableName= (dbIdentifierQuoteString=`)
23:04:28.560 [main] DEBUG o.dbunit.database.DatabaseConnection - Database connection info: 
	database product name=MySQL
	database version=5.5.2-m2-community
	database major version=5
	database minor version=5
	jdbc driver name=MySQL-AB JDBC Driver
	jdbc driver version=mysql-connector-java-5.1.16 ( Revision: ${bzr.revision-id} )
	jdbc driver major version=5
	jdbc driver minor version=1

23:04:28.650 [main] DEBUG o.dbunit.database.DatabaseConnection - validateSchema(validateStrict=false) - start
23:04:28.655 [main] WARN  o.dbunit.database.DatabaseConnection - The given schema '' does not exist.
23:04:28.655 [main] DEBUG org.dbunit.DefaultOperationListener - connectionCreated(connection=org.dbunit.database.DatabaseConnection[schema=, connection=com.mysql.jdbc.JDBC4Connection@b33d0a, super=_databaseConfig=org.dbunit.database.DatabaseConfig[, _propertyMap={http://www.dbunit.org/properties/statementFactory=org.dbunit.database.statement.PreparedStatementFactory@16c9867, http://www.dbunit.org/features/caseSensitiveTableNames=false, http://www.dbunit.org/properties/fetchSize=100, http://www.dbunit.org/features/batchedStatements=false, http://www.dbunit.org/properties/metadataHandler=org.dbunit.database.DefaultMetadataHandler@89cc5e, http://www.dbunit.org/properties/datatypeFactory=org.dbunit.dataset.datatype.DefaultDataTypeFactory[_toleratedDeltaMap=org.dbunit.dataset.datatype.ToleratedDeltaMap@c837cd], http://www.dbunit.org/properties/escapePattern=null, http://www.dbunit.org/properties/batchSize=100, http://www.dbunit.org/features/qualifiedTableNames=false, http://www.dbunit.org/properties/tableType=[Ljava.lang.String;@c79809, http://www.dbunit.org/properties/resultSetTableFactory=org.dbunit.database.CachedResultSetTableFactory@1ce784b, http://www.dbunit.org/features/datatypeWarning=true}], _dataSet=null]) - start
23:04:28.752 [main] DEBUG org.dbunit.AbstractDatabaseTester - getDataSet() - start
23:04:28.752 [main] DEBUG o.d.operation.CompositeOperation - execute(connection=org.dbunit.database.DatabaseConnection[schema=, connection=com.mysql.jdbc.JDBC4Connection@b33d0a, super=_databaseConfig=org.dbunit.database.DatabaseConfig[, _propertyMap={http://www.dbunit.org/properties/statementFactory=org.dbunit.database.statement.PreparedStatementFactory@16c9867, http://www.dbunit.org/features/caseSensitiveTableNames=false, http://www.dbunit.org/properties/fetchSize=100, http://www.dbunit.org/features/batchedStatements=false, http://www.dbunit.org/properties/metadataHandler=org.dbunit.database.DefaultMetadataHandler@89cc5e, http://www.dbunit.org/properties/datatypeFactory=org.dbunit.dataset.datatype.DefaultDataTypeFactory[_toleratedDeltaMap=org.dbunit.dataset.datatype.ToleratedDeltaMap@c837cd], http://www.dbunit.org/properties/escapePattern=null, http://www.dbunit.org/properties/batchSize=100, http://www.dbunit.org/features/qualifiedTableNames=false, http://www.dbunit.org/properties/tableType=[Ljava.lang.String;@c79809, http://www.dbunit.org/properties/resultSetTableFactory=org.dbunit.database.CachedResultSetTableFactory@1ce784b, http://www.dbunit.org/features/datatypeWarning=true}], _dataSet=null], , dataSet=AbstractDataSet[_orderedTableNameMap=null]) - start
23:04:28.752 [main] DEBUG o.d.operation.DeleteAllOperation - execute(connection=org.dbunit.database.DatabaseConnection[schema=, connection=com.mysql.jdbc.JDBC4Connection@b33d0a, super=_databaseConfig=org.dbunit.database.DatabaseConfig[, _propertyMap={http://www.dbunit.org/properties/statementFactory=org.dbunit.database.statement.PreparedStatementFactory@16c9867, http://www.dbunit.org/features/caseSensitiveTableNames=false, http://www.dbunit.org/properties/fetchSize=100, http://www.dbunit.org/features/batchedStatements=false, http://www.dbunit.org/properties/metadataHandler=org.dbunit.database.DefaultMetadataHandler@89cc5e, http://www.dbunit.org/properties/datatypeFactory=org.dbunit.dataset.datatype.DefaultDataTypeFactory[_toleratedDeltaMap=org.dbunit.dataset.datatype.ToleratedDeltaMap@c837cd], http://www.dbunit.org/properties/escapePattern=null, http://www.dbunit.org/properties/batchSize=100, http://www.dbunit.org/features/qualifiedTableNames=false, http://www.dbunit.org/properties/tableType=[Ljava.lang.String;@c79809, http://www.dbunit.org/properties/resultSetTableFactory=org.dbunit.database.CachedResultSetTableFactory@1ce784b, http://www.dbunit.org/features/datatypeWarning=true}], _dataSet=null], dataSet=AbstractDataSet[_orderedTableNameMap=null]) - start
23:04:28.757 [main] DEBUG o.d.d.AbstractDatabaseConnection - createDataSet() - start
23:04:28.759 [main] DEBUG o.d.d.s.PreparedStatementFactory - createBatchStatement(connection=org.dbunit.database.DatabaseConnection[schema=, connection=com.mysql.jdbc.JDBC4Connection@b33d0a, super=_databaseConfig=org.dbunit.database.DatabaseConfig[, _propertyMap={http://www.dbunit.org/properties/statementFactory=org.dbunit.database.statement.PreparedStatementFactory@16c9867, http://www.dbunit.org/features/caseSensitiveTableNames=false, http://www.dbunit.org/properties/fetchSize=100, http://www.dbunit.org/features/batchedStatements=false, http://www.dbunit.org/properties/metadataHandler=org.dbunit.database.DefaultMetadataHandler@89cc5e, http://www.dbunit.org/properties/datatypeFactory=org.dbunit.dataset.datatype.DefaultDataTypeFactory[_toleratedDeltaMap=org.dbunit.dataset.datatype.ToleratedDeltaMap@c837cd], http://www.dbunit.org/properties/escapePattern=null, http://www.dbunit.org/properties/batchSize=100, http://www.dbunit.org/features/qualifiedTableNames=false, http://www.dbunit.org/properties/tableType=[Ljava.lang.String;@c79809, http://www.dbunit.org/properties/resultSetTableFactory=org.dbunit.database.CachedResultSetTableFactory@1ce784b, http://www.dbunit.org/features/datatypeWarning=true}], _dataSet=AbstractDataSet[_orderedTableNameMap=null]]) - start
23:04:28.760 [main] DEBUG o.d.d.s.AbstractStatementFactory - supportBatchStatement(connection=org.dbunit.database.DatabaseConnection[schema=, connection=com.mysql.jdbc.JDBC4Connection@b33d0a, super=_databaseConfig=org.dbunit.database.DatabaseConfig[, _propertyMap={http://www.dbunit.org/properties/statementFactory=org.dbunit.database.statement.PreparedStatementFactory@16c9867, http://www.dbunit.org/features/caseSensitiveTableNames=false, http://www.dbunit.org/properties/fetchSize=100, http://www.dbunit.org/features/batchedStatements=false, http://www.dbunit.org/properties/metadataHandler=org.dbunit.database.DefaultMetadataHandler@89cc5e, http://www.dbunit.org/properties/datatypeFactory=org.dbunit.dataset.datatype.DefaultDataTypeFactory[_toleratedDeltaMap=org.dbunit.dataset.datatype.ToleratedDeltaMap@c837cd], http://www.dbunit.org/properties/escapePattern=null, http://www.dbunit.org/properties/batchSize=100, http://www.dbunit.org/features/qualifiedTableNames=false, http://www.dbunit.org/properties/tableType=[Ljava.lang.String;@c79809, http://www.dbunit.org/properties/resultSetTableFactory=org.dbunit.database.CachedResultSetTableFactory@1ce784b, http://www.dbunit.org/features/datatypeWarning=true}], _dataSet=AbstractDataSet[_orderedTableNameMap=null]]) - start
23:04:28.766 [main] DEBUG org.dbunit.dataset.AbstractDataSet - iterator() - start
23:04:28.766 [main] DEBUG org.dbunit.dataset.CachedDataSet - createIterator(reversed=false) - start
23:04:28.766 [main] DEBUG o.dbunit.dataset.OrderedTableNameMap - orderedValues() - start
23:04:28.766 [main] DEBUG o.dbunit.dataset.OrderedTableNameMap - getTableName(tableName=customers) - start
23:04:28.766 [main] DEBUG o.dbunit.dataset.OrderedTableNameMap - getTableName(tableName=customers) - end - result=CUSTOMERS
23:04:28.766 [main] DEBUG o.dbunit.dataset.OrderedTableNameMap - getTableName(tableName=products) - start
23:04:28.768 [main] DEBUG o.dbunit.dataset.OrderedTableNameMap - getTableName(tableName=products) - end - result=PRODUCTS
23:04:28.768 [main] DEBUG o.dbunit.dataset.OrderedTableNameMap - getTableName(tableName=orders) - start
23:04:28.768 [main] DEBUG o.dbunit.dataset.OrderedTableNameMap - getTableName(tableName=orders) - end - result=ORDERS
23:04:28.768 [main] DEBUG o.dbunit.dataset.OrderedTableNameMap - getTableName(tableName=order_items) - start
23:04:28.769 [main] DEBUG o.dbunit.dataset.OrderedTableNameMap - getTableName(tableName=order_items) - end - result=ORDER_ITEMS
23:04:28.775 [main] DEBUG o.d.dataset.DefaultTableIterator - getTableMetaData() - start
23:04:28.775 [main] DEBUG o.d.dataset.DefaultTableIterator - getTable() - start
23:04:28.775 [main] DEBUG o.d.dataset.DefaultTableIterator - getTableMetaData() - start
23:04:28.775 [main] DEBUG o.d.dataset.DefaultTableIterator - getTable() - start
23:04:28.775 [main] DEBUG o.d.dataset.DefaultTableIterator - getTableMetaData() - start
23:04:28.775 [main] DEBUG o.d.dataset.DefaultTableIterator - getTable() - start
23:04:28.775 [main] DEBUG o.d.dataset.DefaultTableIterator - getTableMetaData() - start
23:04:28.776 [main] DEBUG o.d.dataset.DefaultTableIterator - getTable() - start
23:04:28.776 [main] DEBUG org.dbunit.database.DatabaseDataSet - getTableMetaData(tableName=order_items) - start
23:04:28.776 [main] DEBUG org.dbunit.database.DatabaseDataSet - initialize() - start
23:04:28.776 [main] DEBUG org.dbunit.database.DatabaseDataSet - Initializing the data set from the database...
23:04:28.784 [main] DEBUG org.dbunit.database.DatabaseDataSet - 
	database product name=MySQL
	database version=5.5.2-m2-community
	database major version=5
	database minor version=5
	jdbc driver name=MySQL-AB JDBC Driver
	jdbc driver version=mysql-connector-java-5.1.16 ( Revision: ${bzr.revision-id} )
	jdbc driver major version=5
	jdbc driver minor version=1

23:04:28.784 [main] DEBUG org.dbunit.database.DatabaseDataSet - metadata resultset=com.mysql.jdbc.JDBC4ResultSet@1bcdbf6
23:04:28.785 [main] DEBUG org.dbunit.util.QualifiedTableName - getQualifiedNameIfEnabled(config=org.dbunit.database.DatabaseConfig[, _propertyMap={http://www.dbunit.org/properties/statementFactory=org.dbunit.database.statement.PreparedStatementFactory@16c9867, http://www.dbunit.org/features/caseSensitiveTableNames=false, http://www.dbunit.org/properties/fetchSize=100, http://www.dbunit.org/features/batchedStatements=false, http://www.dbunit.org/properties/metadataHandler=org.dbunit.database.DefaultMetadataHandler@89cc5e, http://www.dbunit.org/properties/datatypeFactory=org.dbunit.dataset.datatype.DefaultDataTypeFactory[_toleratedDeltaMap=org.dbunit.dataset.datatype.ToleratedDeltaMap@c837cd], http://www.dbunit.org/properties/escapePattern=null, http://www.dbunit.org/properties/batchSize=100, http://www.dbunit.org/features/qualifiedTableNames=false, http://www.dbunit.org/properties/tableType=[Ljava.lang.String;@c79809, http://www.dbunit.org/properties/resultSetTableFactory=org.dbunit.database.CachedResultSetTableFactory@1ce784b, http://www.dbunit.org/features/datatypeWarning=true}]) - start
23:04:28.879 [main] DEBUG org.dbunit.util.QualifiedTableName - Qualified table names feature is disabled. Returning plain table name
23:04:28.879 [main] DEBUG org.dbunit.util.QualifiedTableName - getQualifiedName(prefix=null, name=customers, escapePattern=null) - start
23:04:28.879 [main] DEBUG o.dbunit.dataset.OrderedTableNameMap - add(tableName=customers, object=null) - start
23:04:28.879 [main] DEBUG o.dbunit.dataset.OrderedTableNameMap - getTableName(tableName=customers) - start
23:04:28.879 [main] DEBUG o.dbunit.dataset.OrderedTableNameMap - getTableName(tableName=customers) - end - result=CUSTOMERS
23:04:28.881 [main] DEBUG o.dbunit.dataset.OrderedTableNameMap - getTableName(tableName=CUSTOMERS) - start
23:04:28.881 [main] DEBUG o.dbunit.dataset.OrderedTableNameMap - getTableName(tableName=CUSTOMERS) - end - result=CUSTOMERS
23:04:28.881 [main] DEBUG org.dbunit.util.QualifiedTableName - getQualifiedNameIfEnabled(config=org.dbunit.database.DatabaseConfig[, _propertyMap={http://www.dbunit.org/properties/statementFactory=org.dbunit.database.statement.PreparedStatementFactory@16c9867, http://www.dbunit.org/features/caseSensitiveTableNames=false, http://www.dbunit.org/properties/fetchSize=100, http://www.dbunit.org/features/batchedStatements=false, http://www.dbunit.org/properties/metadataHandler=org.dbunit.database.DefaultMetadataHandler@89cc5e, http://www.dbunit.org/properties/datatypeFactory=org.dbunit.dataset.datatype.DefaultDataTypeFactory[_toleratedDeltaMap=org.dbunit.dataset.datatype.ToleratedDeltaMap@c837cd], http://www.dbunit.org/properties/escapePattern=null, http://www.dbunit.org/properties/batchSize=100, http://www.dbunit.org/features/qualifiedTableNames=false, http://www.dbunit.org/properties/tableType=[Ljava.lang.String;@c79809, http://www.dbunit.org/properties/resultSetTableFactory=org.dbunit.database.CachedResultSetTableFactory@1ce784b, http://www.dbunit.org/features/datatypeWarning=true}]) - start
23:04:28.885 [main] DEBUG org.dbunit.util.QualifiedTableName - Qualified table names feature is disabled. Returning plain table name
23:04:28.885 [main] DEBUG org.dbunit.util.QualifiedTableName - getQualifiedName(prefix=null, name=inventories, escapePattern=null) - start
23:04:28.885 [main] DEBUG o.dbunit.dataset.OrderedTableNameMap - add(tableName=inventories, object=null) - start
23:04:28.885 [main] DEBUG o.dbunit.dataset.OrderedTableNameMap - getTableName(tableName=inventories) - start
23:04:28.885 [main] DEBUG o.dbunit.dataset.OrderedTableNameMap - getTableName(tableName=inventories) - end - result=INVENTORIES
23:04:28.886 [main] DEBUG o.dbunit.dataset.OrderedTableNameMap - getTableName(tableName=INVENTORIES) - start
23:04:28.886 [main] DEBUG o.dbunit.dataset.OrderedTableNameMap - getTableName(tableName=INVENTORIES) - end - result=INVENTORIES
23:04:28.886 [main] DEBUG org.dbunit.util.QualifiedTableName - getQualifiedNameIfEnabled(config=org.dbunit.database.DatabaseConfig[, _propertyMap={http://www.dbunit.org/properties/statementFactory=org.dbunit.database.statement.PreparedStatementFactory@16c9867, http://www.dbunit.org/features/caseSensitiveTableNames=false, http://www.dbunit.org/properties/fetchSize=100, http://www.dbunit.org/features/batchedStatements=false, http://www.dbunit.org/properties/metadataHandler=org.dbunit.database.DefaultMetadataHandler@89cc5e, http://www.dbunit.org/properties/datatypeFactory=org.dbunit.dataset.datatype.DefaultDataTypeFactory[_toleratedDeltaMap=org.dbunit.dataset.datatype.ToleratedDeltaMap@c837cd], http://www.dbunit.org/properties/escapePattern=null, http://www.dbunit.org/properties/batchSize=100, http://www.dbunit.org/features/qualifiedTableNames=false, http://www.dbunit.org/properties/tableType=[Ljava.lang.String;@c79809, http://www.dbunit.org/properties/resultSetTableFactory=org.dbunit.database.CachedResultSetTableFactory@1ce784b, http://www.dbunit.org/features/datatypeWarning=true}]) - start
23:04:28.891 [main] DEBUG org.dbunit.util.QualifiedTableName - Qualified table names feature is disabled. Returning plain table name
23:04:28.891 [main] DEBUG org.dbunit.util.QualifiedTableName - getQualifiedName(prefix=null, name=inventory_items, escapePattern=null) - start
23:04:28.891 [main] DEBUG o.dbunit.dataset.OrderedTableNameMap - add(tableName=inventory_items, object=null) - start
23:04:28.891 [main] DEBUG o.dbunit.dataset.OrderedTableNameMap - getTableName(tableName=inventory_items) - start
23:04:28.891 [main] DEBUG o.dbunit.dataset.OrderedTableNameMap - getTableName(tableName=inventory_items) - end - result=INVENTORY_ITEMS
23:04:28.892 [main] DEBUG o.dbunit.dataset.OrderedTableNameMap - getTableName(tableName=INVENTORY_ITEMS) - start
23:04:28.892 [main] DEBUG o.dbunit.dataset.OrderedTableNameMap - getTableName(tableName=INVENTORY_ITEMS) - end - result=INVENTORY_ITEMS
23:04:28.892 [main] DEBUG org.dbunit.util.QualifiedTableName - getQualifiedNameIfEnabled(config=org.dbunit.database.DatabaseConfig[, _propertyMap={http://www.dbunit.org/properties/statementFactory=org.dbunit.database.statement.PreparedStatementFactory@16c9867, http://www.dbunit.org/features/caseSensitiveTableNames=false, http://www.dbunit.org/properties/fetchSize=100, http://www.dbunit.org/features/batchedStatements=false, http://www.dbunit.org/properties/metadataHandler=org.dbunit.database.DefaultMetadataHandler@89cc5e, http://www.dbunit.org/properties/datatypeFactory=org.dbunit.dataset.datatype.DefaultDataTypeFactory[_toleratedDeltaMap=org.dbunit.dataset.datatype.ToleratedDeltaMap@c837cd], http://www.dbunit.org/properties/escapePattern=null, http://www.dbunit.org/properties/batchSize=100, http://www.dbunit.org/features/qualifiedTableNames=false, http://www.dbunit.org/properties/tableType=[Ljava.lang.String;@c79809, http://www.dbunit.org/properties/resultSetTableFactory=org.dbunit.database.CachedResultSetTableFactory@1ce784b, http://www.dbunit.org/features/datatypeWarning=true}]) - start
23:04:28.897 [main] DEBUG org.dbunit.util.QualifiedTableName - Qualified table names feature is disabled. Returning plain table name
23:04:28.897 [main] DEBUG org.dbunit.util.QualifiedTableName - getQualifiedName(prefix=null, name=order_items, escapePattern=null) - start
23:04:28.897 [main] DEBUG o.dbunit.dataset.OrderedTableNameMap - add(tableName=order_items, object=null) - start
23:04:28.897 [main] DEBUG o.dbunit.dataset.OrderedTableNameMap - getTableName(tableName=order_items) - start
23:04:28.897 [main] DEBUG o.dbunit.dataset.OrderedTableNameMap - getTableName(tableName=order_items) - end - result=ORDER_ITEMS
23:04:28.898 [main] DEBUG o.dbunit.dataset.OrderedTableNameMap - getTableName(tableName=ORDER_ITEMS) - start
23:04:28.898 [main] DEBUG o.dbunit.dataset.OrderedTableNameMap - getTableName(tableName=ORDER_ITEMS) - end - result=ORDER_ITEMS
23:04:28.898 [main] DEBUG org.dbunit.util.QualifiedTableName - getQualifiedNameIfEnabled(config=org.dbunit.database.DatabaseConfig[, _propertyMap={http://www.dbunit.org/properties/statementFactory=org.dbunit.database.statement.PreparedStatementFactory@16c9867, http://www.dbunit.org/features/caseSensitiveTableNames=false, http://www.dbunit.org/properties/fetchSize=100, http://www.dbunit.org/features/batchedStatements=false, http://www.dbunit.org/properties/metadataHandler=org.dbunit.database.DefaultMetadataHandler@89cc5e, http://www.dbunit.org/properties/datatypeFactory=org.dbunit.dataset.datatype.DefaultDataTypeFactory[_toleratedDeltaMap=org.dbunit.dataset.datatype.ToleratedDeltaMap@c837cd], http://www.dbunit.org/properties/escapePattern=null, http://www.dbunit.org/properties/batchSize=100, http://www.dbunit.org/features/qualifiedTableNames=false, http://www.dbunit.org/properties/tableType=[Ljava.lang.String;@c79809, http://www.dbunit.org/properties/resultSetTableFactory=org.dbunit.database.CachedResultSetTableFactory@1ce784b, http://www.dbunit.org/features/datatypeWarning=true}]) - start
23:04:28.903 [main] DEBUG org.dbunit.util.QualifiedTableName - Qualified table names feature is disabled. Returning plain table name
23:04:28.903 [main] DEBUG org.dbunit.util.QualifiedTableName - getQualifiedName(prefix=null, name=orders, escapePattern=null) - start
23:04:28.903 [main] DEBUG o.dbunit.dataset.OrderedTableNameMap - add(tableName=orders, object=null) - start
23:04:28.903 [main] DEBUG o.dbunit.dataset.OrderedTableNameMap - getTableName(tableName=orders) - start
23:04:28.903 [main] DEBUG o.dbunit.dataset.OrderedTableNameMap - getTableName(tableName=orders) - end - result=ORDERS
23:04:28.904 [main] DEBUG o.dbunit.dataset.OrderedTableNameMap - getTableName(tableName=ORDERS) - start
23:04:28.904 [main] DEBUG o.dbunit.dataset.OrderedTableNameMap - getTableName(tableName=ORDERS) - end - result=ORDERS
23:04:28.904 [main] DEBUG org.dbunit.util.QualifiedTableName - getQualifiedNameIfEnabled(config=org.dbunit.database.DatabaseConfig[, _propertyMap={http://www.dbunit.org/properties/statementFactory=org.dbunit.database.statement.PreparedStatementFactory@16c9867, http://www.dbunit.org/features/caseSensitiveTableNames=false, http://www.dbunit.org/properties/fetchSize=100, http://www.dbunit.org/features/batchedStatements=false, http://www.dbunit.org/properties/metadataHandler=org.dbunit.database.DefaultMetadataHandler@89cc5e, http://www.dbunit.org/properties/datatypeFactory=org.dbunit.dataset.datatype.DefaultDataTypeFactory[_toleratedDeltaMap=org.dbunit.dataset.datatype.ToleratedDeltaMap@c837cd], http://www.dbunit.org/properties/escapePattern=null, http://www.dbunit.org/properties/batchSize=100, http://www.dbunit.org/features/qualifiedTableNames=false, http://www.dbunit.org/properties/tableType=[Ljava.lang.String;@c79809, http://www.dbunit.org/properties/resultSetTableFactory=org.dbunit.database.CachedResultSetTableFactory@1ce784b, http://www.dbunit.org/features/datatypeWarning=true}]) - start
23:04:28.909 [main] DEBUG org.dbunit.util.QualifiedTableName - Qualified table names feature is disabled. Returning plain table name
23:04:28.909 [main] DEBUG org.dbunit.util.QualifiedTableName - getQualifiedName(prefix=null, name=products, escapePattern=null) - start
23:04:28.909 [main] DEBUG o.dbunit.dataset.OrderedTableNameMap - add(tableName=products, object=null) - start
23:04:28.909 [main] DEBUG o.dbunit.dataset.OrderedTableNameMap - getTableName(tableName=products) - start
23:04:28.909 [main] DEBUG o.dbunit.dataset.OrderedTableNameMap - getTableName(tableName=products) - end - result=PRODUCTS
23:04:28.910 [main] DEBUG o.dbunit.dataset.OrderedTableNameMap - getTableName(tableName=PRODUCTS) - start
23:04:28.910 [main] DEBUG o.dbunit.dataset.OrderedTableNameMap - getTableName(tableName=PRODUCTS) - end - result=PRODUCTS
23:04:28.910 [main] DEBUG o.dbunit.dataset.OrderedTableNameMap - getTableName(tableName=order_items) - start
23:04:28.910 [main] DEBUG o.dbunit.dataset.OrderedTableNameMap - getTableName(tableName=order_items) - end - result=ORDER_ITEMS
23:04:28.910 [main] DEBUG o.dbunit.dataset.OrderedTableNameMap - getTableName(tableName=order_items) - start
23:04:28.914 [main] DEBUG o.dbunit.dataset.OrderedTableNameMap - getTableName(tableName=order_items) - end - result=ORDER_ITEMS
23:04:28.916 [main] DEBUG org.dbunit.util.SQLHelper - isEscaped returns 'false' for tableName=order_items (dbIdentifierQuoteString=`)
23:04:28.916 [main] DEBUG o.d.database.DatabaseTableMetaData - Validating if table 'order_items' exists in schema '' ...
23:04:28.918 [main] DEBUG org.dbunit.util.SQLHelper - close(resultSet=com.mysql.jdbc.JDBC4ResultSet@491c4c) - start
23:04:28.918 [main] DEBUG o.dbunit.dataset.OrderedTableNameMap - update(tableName=order_items, object=table=order_items, cols=[(id, INTEGER, noNulls), (order_order_number, INTEGER, noNulls), (product_sku_number, INTEGER, noNulls), (quantity, INTEGER, noNulls)], pk=[(id, INTEGER, noNulls)]) - start
23:04:28.934 [main] DEBUG o.dbunit.dataset.OrderedTableNameMap - getTableName(tableName=order_items) - start
23:04:29.018 [main] DEBUG o.dbunit.dataset.OrderedTableNameMap - getTableName(tableName=order_items) - end - result=ORDER_ITEMS
23:04:29.018 [main] DEBUG o.dbunit.dataset.OrderedTableNameMap - getTableName(tableName=order_items) - start
23:04:29.018 [main] DEBUG o.dbunit.dataset.OrderedTableNameMap - getTableName(tableName=order_items) - end - result=ORDER_ITEMS
23:04:29.018 [main] DEBUG o.dbunit.operation.AbstractOperation - getQualifiedName(prefix=, name=order_items, connection=org.dbunit.database.DatabaseConnection[schema=, connection=com.mysql.jdbc.JDBC4Connection@b33d0a, super=_databaseConfig=org.dbunit.database.DatabaseConfig[, _propertyMap={http://www.dbunit.org/properties/statementFactory=org.dbunit.database.statement.PreparedStatementFactory@16c9867, http://www.dbunit.org/features/caseSensitiveTableNames=false, http://www.dbunit.org/properties/fetchSize=100, http://www.dbunit.org/features/batchedStatements=false, http://www.dbunit.org/properties/metadataHandler=org.dbunit.database.DefaultMetadataHandler@89cc5e, http://www.dbunit.org/properties/datatypeFactory=org.dbunit.dataset.datatype.DefaultDataTypeFactory[_toleratedDeltaMap=org.dbunit.dataset.datatype.ToleratedDeltaMap@c837cd], http://www.dbunit.org/properties/escapePattern=null, http://www.dbunit.org/properties/batchSize=100, http://www.dbunit.org/features/qualifiedTableNames=false, http://www.dbunit.org/properties/tableType=[Ljava.lang.String;@c79809, http://www.dbunit.org/properties/resultSetTableFactory=org.dbunit.database.CachedResultSetTableFactory@1ce784b, http://www.dbunit.org/features/datatypeWarning=true}], _dataSet=AbstractDataSet[_orderedTableNameMap=null]]) - start
23:04:29.019 [main] DEBUG org.dbunit.util.QualifiedTableName - getQualifiedName() - start
23:04:29.019 [main] DEBUG org.dbunit.util.QualifiedTableName - getQualifiedName(prefix=, name=order_items, escapePattern=null) - start
23:04:29.019 [main] DEBUG o.d.d.statement.SimpleStatement - addBatch(sql=delete from order_items) - start
23:04:29.019 [main] DEBUG o.d.operation.DeleteAllOperation - Added SQL: delete from order_items
23:04:29.019 [main] DEBUG org.dbunit.database.DatabaseDataSet - getTableMetaData(tableName=orders) - start
23:04:29.020 [main] DEBUG org.dbunit.database.DatabaseDataSet - initialize() - start
23:04:29.020 [main] DEBUG o.dbunit.dataset.OrderedTableNameMap - getTableName(tableName=orders) - start
23:04:29.021 [main] DEBUG o.dbunit.dataset.OrderedTableNameMap - getTableName(tableName=orders) - end - result=ORDERS
23:04:29.021 [main] DEBUG o.dbunit.dataset.OrderedTableNameMap - getTableName(tableName=orders) - start
23:04:29.021 [main] DEBUG o.dbunit.dataset.OrderedTableNameMap - getTableName(tableName=orders) - end - result=ORDERS
23:04:29.025 [main] DEBUG org.dbunit.util.SQLHelper - isEscaped returns 'false' for tableName=orders (dbIdentifierQuoteString=`)
23:04:29.026 [main] DEBUG o.d.database.DatabaseTableMetaData - Validating if table 'orders' exists in schema '' ...
23:04:29.027 [main] DEBUG org.dbunit.util.SQLHelper - close(resultSet=com.mysql.jdbc.JDBC4ResultSet@137d090) - start
23:04:29.027 [main] DEBUG o.dbunit.dataset.OrderedTableNameMap - update(tableName=orders, object=table=orders, cols=[(order_number, INTEGER, noNulls), (customer_id, INTEGER, noNulls), (date, DATE, noNulls), (amount, DECIMAL, noNulls), (order_status, VARCHAR, noNulls), (discount_status, VARCHAR, noNulls)], pk=[(order_number, INTEGER, noNulls)]) - start
23:04:29.036 [main] DEBUG o.dbunit.dataset.OrderedTableNameMap - getTableName(tableName=orders) - start
23:04:29.036 [main] DEBUG o.dbunit.dataset.OrderedTableNameMap - getTableName(tableName=orders) - end - result=ORDERS
23:04:29.129 [main] DEBUG o.dbunit.dataset.OrderedTableNameMap - getTableName(tableName=orders) - start
23:04:29.129 [main] DEBUG o.dbunit.dataset.OrderedTableNameMap - getTableName(tableName=orders) - end - result=ORDERS
23:04:29.129 [main] DEBUG o.dbunit.operation.AbstractOperation - getQualifiedName(prefix=, name=orders, connection=org.dbunit.database.DatabaseConnection[schema=, connection=com.mysql.jdbc.JDBC4Connection@b33d0a, super=_databaseConfig=org.dbunit.database.DatabaseConfig[, _propertyMap={http://www.dbunit.org/properties/statementFactory=org.dbunit.database.statement.PreparedStatementFactory@16c9867, http://www.dbunit.org/features/caseSensitiveTableNames=false, http://www.dbunit.org/properties/fetchSize=100, http://www.dbunit.org/features/batchedStatements=false, http://www.dbunit.org/properties/metadataHandler=org.dbunit.database.DefaultMetadataHandler@89cc5e, http://www.dbunit.org/properties/datatypeFactory=org.dbunit.dataset.datatype.DefaultDataTypeFactory[_toleratedDeltaMap=org.dbunit.dataset.datatype.ToleratedDeltaMap@c837cd], http://www.dbunit.org/properties/escapePattern=null, http://www.dbunit.org/properties/batchSize=100, http://www.dbunit.org/features/qualifiedTableNames=false, http://www.dbunit.org/properties/tableType=[Ljava.lang.String;@c79809, http://www.dbunit.org/properties/resultSetTableFactory=org.dbunit.database.CachedResultSetTableFactory@1ce784b, http://www.dbunit.org/features/datatypeWarning=true}], _dataSet=AbstractDataSet[_orderedTableNameMap=null]]) - start
23:04:29.130 [main] DEBUG org.dbunit.util.QualifiedTableName - getQualifiedName() - start
23:04:29.130 [main] DEBUG org.dbunit.util.QualifiedTableName - getQualifiedName(prefix=, name=orders, escapePattern=null) - start
23:04:29.130 [main] DEBUG o.d.d.statement.SimpleStatement - addBatch(sql=delete from orders) - start
23:04:29.130 [main] DEBUG o.d.operation.DeleteAllOperation - Added SQL: delete from orders
23:04:29.130 [main] DEBUG org.dbunit.database.DatabaseDataSet - getTableMetaData(tableName=products) - start
23:04:29.131 [main] DEBUG org.dbunit.database.DatabaseDataSet - initialize() - start
23:04:29.131 [main] DEBUG o.dbunit.dataset.OrderedTableNameMap - getTableName(tableName=products) - start
23:04:29.131 [main] DEBUG o.dbunit.dataset.OrderedTableNameMap - getTableName(tableName=products) - end - result=PRODUCTS
23:04:29.131 [main] DEBUG o.dbunit.dataset.OrderedTableNameMap - getTableName(tableName=products) - start
23:04:29.131 [main] DEBUG o.dbunit.dataset.OrderedTableNameMap - getTableName(tableName=products) - end - result=PRODUCTS
23:04:29.136 [main] DEBUG org.dbunit.util.SQLHelper - isEscaped returns 'false' for tableName=products (dbIdentifierQuoteString=`)
23:04:29.136 [main] DEBUG o.d.database.DatabaseTableMetaData - Validating if table 'products' exists in schema '' ...
23:04:29.137 [main] DEBUG org.dbunit.util.SQLHelper - close(resultSet=com.mysql.jdbc.JDBC4ResultSet@195d4fe) - start
23:04:29.137 [main] DEBUG o.dbunit.dataset.OrderedTableNameMap - update(tableName=products, object=table=products, cols=[(sku_number, INTEGER, noNulls), (name, VARCHAR, noNulls), (amount, DECIMAL, noNulls)], pk=[(sku_number, INTEGER, noNulls)]) - start
23:04:29.146 [main] DEBUG o.dbunit.dataset.OrderedTableNameMap - getTableName(tableName=products) - start
23:04:29.146 [main] DEBUG o.dbunit.dataset.OrderedTableNameMap - getTableName(tableName=products) - end - result=PRODUCTS
23:04:29.146 [main] DEBUG o.dbunit.dataset.OrderedTableNameMap - getTableName(tableName=products) - start
23:04:29.240 [main] DEBUG o.dbunit.dataset.OrderedTableNameMap - getTableName(tableName=products) - end - result=PRODUCTS
23:04:29.240 [main] DEBUG o.dbunit.operation.AbstractOperation - getQualifiedName(prefix=, name=products, connection=org.dbunit.database.DatabaseConnection[schema=, connection=com.mysql.jdbc.JDBC4Connection@b33d0a, super=_databaseConfig=org.dbunit.database.DatabaseConfig[, _propertyMap={http://www.dbunit.org/properties/statementFactory=org.dbunit.database.statement.PreparedStatementFactory@16c9867, http://www.dbunit.org/features/caseSensitiveTableNames=false, http://www.dbunit.org/properties/fetchSize=100, http://www.dbunit.org/features/batchedStatements=false, http://www.dbunit.org/properties/metadataHandler=org.dbunit.database.DefaultMetadataHandler@89cc5e, http://www.dbunit.org/properties/datatypeFactory=org.dbunit.dataset.datatype.DefaultDataTypeFactory[_toleratedDeltaMap=org.dbunit.dataset.datatype.ToleratedDeltaMap@c837cd], http://www.dbunit.org/properties/escapePattern=null, http://www.dbunit.org/properties/batchSize=100, http://www.dbunit.org/features/qualifiedTableNames=false, http://www.dbunit.org/properties/tableType=[Ljava.lang.String;@c79809, http://www.dbunit.org/properties/resultSetTableFactory=org.dbunit.database.CachedResultSetTableFactory@1ce784b, http://www.dbunit.org/features/datatypeWarning=true}], _dataSet=AbstractDataSet[_orderedTableNameMap=null]]) - start
23:04:29.241 [main] DEBUG org.dbunit.util.QualifiedTableName - getQualifiedName() - start
23:04:29.241 [main] DEBUG org.dbunit.util.QualifiedTableName - getQualifiedName(prefix=, name=products, escapePattern=null) - start
23:04:29.241 [main] DEBUG o.d.d.statement.SimpleStatement - addBatch(sql=delete from products) - start
23:04:29.241 [main] DEBUG o.d.operation.DeleteAllOperation - Added SQL: delete from products
23:04:29.241 [main] DEBUG org.dbunit.database.DatabaseDataSet - getTableMetaData(tableName=customers) - start
23:04:29.242 [main] DEBUG org.dbunit.database.DatabaseDataSet - initialize() - start
23:04:29.242 [main] DEBUG o.dbunit.dataset.OrderedTableNameMap - getTableName(tableName=customers) - start
23:04:29.242 [main] DEBUG o.dbunit.dataset.OrderedTableNameMap - getTableName(tableName=customers) - end - result=CUSTOMERS
23:04:29.242 [main] DEBUG o.dbunit.dataset.OrderedTableNameMap - getTableName(tableName=customers) - start
23:04:29.242 [main] DEBUG o.dbunit.dataset.OrderedTableNameMap - getTableName(tableName=customers) - end - result=CUSTOMERS
23:04:29.247 [main] DEBUG org.dbunit.util.SQLHelper - isEscaped returns 'false' for tableName=customers (dbIdentifierQuoteString=`)
23:04:29.247 [main] DEBUG o.d.database.DatabaseTableMetaData - Validating if table 'customers' exists in schema '' ...
23:04:29.248 [main] DEBUG org.dbunit.util.SQLHelper - close(resultSet=com.mysql.jdbc.JDBC4ResultSet@17f409c) - start
23:04:29.248 [main] DEBUG o.dbunit.dataset.OrderedTableNameMap - update(tableName=customers, object=table=customers, cols=[(id, INTEGER, noNulls), (name, VARCHAR, nullable)], pk=[(id, INTEGER, noNulls)]) - start
23:04:29.256 [main] DEBUG o.dbunit.dataset.OrderedTableNameMap - getTableName(tableName=customers) - start
23:04:29.256 [main] DEBUG o.dbunit.dataset.OrderedTableNameMap - getTableName(tableName=customers) - end - result=CUSTOMERS
23:04:29.256 [main] DEBUG o.dbunit.dataset.OrderedTableNameMap - getTableName(tableName=customers) - start
23:04:29.351 [main] DEBUG o.dbunit.dataset.OrderedTableNameMap - getTableName(tableName=customers) - end - result=CUSTOMERS
23:04:29.351 [main] DEBUG o.dbunit.operation.AbstractOperation - getQualifiedName(prefix=, name=customers, connection=org.dbunit.database.DatabaseConnection[schema=, connection=com.mysql.jdbc.JDBC4Connection@b33d0a, super=_databaseConfig=org.dbunit.database.DatabaseConfig[, _propertyMap={http://www.dbunit.org/properties/statementFactory=org.dbunit.database.statement.PreparedStatementFactory@16c9867, http://www.dbunit.org/features/caseSensitiveTableNames=false, http://www.dbunit.org/properties/fetchSize=100, http://www.dbunit.org/features/batchedStatements=false, http://www.dbunit.org/properties/metadataHandler=org.dbunit.database.DefaultMetadataHandler@89cc5e, http://www.dbunit.org/properties/datatypeFactory=org.dbunit.dataset.datatype.DefaultDataTypeFactory[_toleratedDeltaMap=org.dbunit.dataset.datatype.ToleratedDeltaMap@c837cd], http://www.dbunit.org/properties/escapePattern=null, http://www.dbunit.org/properties/batchSize=100, http://www.dbunit.org/features/qualifiedTableNames=false, http://www.dbunit.org/properties/tableType=[Ljava.lang.String;@c79809, http://www.dbunit.org/properties/resultSetTableFactory=org.dbunit.database.CachedResultSetTableFactory@1ce784b, http://www.dbunit.org/features/datatypeWarning=true}], _dataSet=AbstractDataSet[_orderedTableNameMap=null]]) - start
23:04:29.352 [main] DEBUG org.dbunit.util.QualifiedTableName - getQualifiedName() - start
23:04:29.352 [main] DEBUG org.dbunit.util.QualifiedTableName - getQualifiedName(prefix=, name=customers, escapePattern=null) - start
23:04:29.352 [main] DEBUG o.d.d.statement.SimpleStatement - addBatch(sql=delete from customers) - start
23:04:29.352 [main] DEBUG o.d.operation.DeleteAllOperation - Added SQL: delete from customers
23:04:29.352 [main] DEBUG o.d.d.statement.SimpleStatement - executeBatch() - start
23:04:29.352 [main] DEBUG o.d.d.statement.SimpleStatement - DbUnit SQL: delete from order_items
23:04:29.357 [main] DEBUG o.d.d.statement.SimpleStatement - DbUnit SQL: delete from orders
23:04:29.357 [main] DEBUG o.d.d.statement.SimpleStatement - DbUnit SQL: delete from products
23:04:29.357 [main] DEBUG o.d.d.statement.SimpleStatement - DbUnit SQL: delete from customers
23:04:29.357 [main] DEBUG o.d.d.statement.SimpleStatement - clearBatch() - start
23:04:29.357 [main] DEBUG o.d.d.s.AbstractBatchStatement - close() - start
23:04:29.358 [main] DEBUG o.d.operation.AbstractBatchOperation - execute(connection=org.dbunit.database.DatabaseConnection[schema=, connection=com.mysql.jdbc.JDBC4Connection@b33d0a, super=_databaseConfig=org.dbunit.database.DatabaseConfig[, _propertyMap={http://www.dbunit.org/properties/statementFactory=org.dbunit.database.statement.PreparedStatementFactory@16c9867, http://www.dbunit.org/features/caseSensitiveTableNames=false, http://www.dbunit.org/properties/fetchSize=100, http://www.dbunit.org/features/batchedStatements=false, http://www.dbunit.org/properties/metadataHandler=org.dbunit.database.DefaultMetadataHandler@89cc5e, http://www.dbunit.org/properties/datatypeFactory=org.dbunit.dataset.datatype.DefaultDataTypeFactory[_toleratedDeltaMap=org.dbunit.dataset.datatype.ToleratedDeltaMap@c837cd], http://www.dbunit.org/properties/escapePattern=null, http://www.dbunit.org/properties/batchSize=100, http://www.dbunit.org/features/qualifiedTableNames=false, http://www.dbunit.org/properties/tableType=[Ljava.lang.String;@c79809, http://www.dbunit.org/properties/resultSetTableFactory=org.dbunit.database.CachedResultSetTableFactory@1ce784b, http://www.dbunit.org/features/datatypeWarning=true}], _dataSet=AbstractDataSet[_orderedTableNameMap=null]], dataSet=AbstractDataSet[_orderedTableNameMap=null]) - start
23:04:29.359 [main] DEBUG org.dbunit.dataset.AbstractDataSet - iterator() - start
23:04:29.359 [main] DEBUG org.dbunit.dataset.CachedDataSet - createIterator(reversed=false) - start
23:04:29.359 [main] DEBUG o.dbunit.dataset.OrderedTableNameMap - orderedValues() - start
23:04:29.359 [main] DEBUG o.dbunit.dataset.OrderedTableNameMap - getTableName(tableName=customers) - start
23:04:29.359 [main] DEBUG o.dbunit.dataset.OrderedTableNameMap - getTableName(tableName=customers) - end - result=CUSTOMERS
23:04:29.359 [main] DEBUG o.dbunit.dataset.OrderedTableNameMap - getTableName(tableName=products) - start
23:04:29.361 [main] DEBUG o.dbunit.dataset.OrderedTableNameMap - getTableName(tableName=products) - end - result=PRODUCTS
23:04:29.361 [main] DEBUG o.dbunit.dataset.OrderedTableNameMap - getTableName(tableName=orders) - start
23:04:29.361 [main] DEBUG o.dbunit.dataset.OrderedTableNameMap - getTableName(tableName=orders) - end - result=ORDERS
23:04:29.361 [main] DEBUG o.dbunit.dataset.OrderedTableNameMap - getTableName(tableName=order_items) - start
23:04:29.361 [main] DEBUG o.dbunit.dataset.OrderedTableNameMap - getTableName(tableName=order_items) - end - result=ORDER_ITEMS
23:04:29.366 [main] DEBUG o.d.dataset.DefaultTableIterator - getTable() - start
23:04:29.366 [main] DEBUG o.d.operation.AbstractBatchOperation - isEmpty(table=org.dbunit.dataset.DefaultTable[_metaData=tableName=customers, columns=[(id, UNKNOWN, nullableUnknown), (name, UNKNOWN, nullableUnknown)], keys=[], _rowList.size()=6]) - start
23:04:29.366 [main] DEBUG org.dbunit.dataset.DefaultTable - getValue(row=0, column=id) - start
23:04:29.366 [main] DEBUG org.dbunit.dataset.AbstractTable - assertValidRowIndex(row=0) - start
23:04:29.368 [main] DEBUG org.dbunit.dataset.AbstractTable - assertValidRowIndex(row=0, rowCount=6) - start
23:04:29.368 [main] DEBUG org.dbunit.dataset.AbstractTable - getColumnIndex(columnName=id) - start
23:04:29.368 [main] DEBUG o.d.dataset.AbstractTableMetaData - getColumnIndex(columnName=id) - start
23:04:29.368 [main] DEBUG o.dbunit.operation.AbstractOperation - getOperationMetaData(connection=org.dbunit.database.DatabaseConnection[schema=, connection=com.mysql.jdbc.JDBC4Connection@b33d0a, super=_databaseConfig=org.dbunit.database.DatabaseConfig[, _propertyMap={http://www.dbunit.org/properties/statementFactory=org.dbunit.database.statement.PreparedStatementFactory@16c9867, http://www.dbunit.org/features/caseSensitiveTableNames=false, http://www.dbunit.org/properties/fetchSize=100, http://www.dbunit.org/features/batchedStatements=false, http://www.dbunit.org/properties/metadataHandler=org.dbunit.database.DefaultMetadataHandler@89cc5e, http://www.dbunit.org/properties/datatypeFactory=org.dbunit.dataset.datatype.DefaultDataTypeFactory[_toleratedDeltaMap=org.dbunit.dataset.datatype.ToleratedDeltaMap@c837cd], http://www.dbunit.org/properties/escapePattern=null, http://www.dbunit.org/properties/batchSize=100, http://www.dbunit.org/features/qualifiedTableNames=false, http://www.dbunit.org/properties/tableType=[Ljava.lang.String;@c79809, http://www.dbunit.org/properties/resultSetTableFactory=org.dbunit.database.CachedResultSetTableFactory@1ce784b, http://www.dbunit.org/features/datatypeWarning=true}], _dataSet=AbstractDataSet[_orderedTableNameMap=null]], metaData=tableName=customers, columns=[(id, UNKNOWN, nullableUnknown), (name, UNKNOWN, nullableUnknown)], keys=[]) - start
23:04:29.369 [main] DEBUG o.d.d.AbstractDatabaseConnection - createDataSet() - start
23:04:29.369 [main] DEBUG org.dbunit.database.DatabaseDataSet - getTableMetaData(tableName=customers) - start
23:04:29.370 [main] DEBUG org.dbunit.database.DatabaseDataSet - initialize() - start
23:04:29.370 [main] DEBUG o.dbunit.dataset.OrderedTableNameMap - getTableName(tableName=customers) - start
23:04:29.370 [main] DEBUG o.dbunit.dataset.OrderedTableNameMap - getTableName(tableName=customers) - end - result=CUSTOMERS
23:04:29.371 [main] DEBUG o.dbunit.dataset.OrderedTableNameMap - getTableName(tableName=customers) - start
23:04:29.371 [main] DEBUG o.dbunit.dataset.OrderedTableNameMap - getTableName(tableName=customers) - end - result=CUSTOMERS
23:04:29.371 [main] DEBUG o.d.dataset.AbstractTableMetaData - getColumnIndex(columnName=id) - start
23:04:29.371 [main] DEBUG o.d.database.DatabaseTableMetaData - getColumns() - start
23:04:29.371 [main] DEBUG o.d.database.DatabaseTableMetaData - getColumns() - start
23:04:29.371 [main] DEBUG o.d.dataset.AbstractTableMetaData - getColumnIndex(columnName=name) - start
23:04:29.376 [main] DEBUG o.d.database.DatabaseTableMetaData - getColumns() - start
23:04:29.376 [main] DEBUG o.d.database.DatabaseTableMetaData - getPrimaryKeys() - start
23:04:29.376 [main] DEBUG org.dbunit.operation.InsertOperation - getIgnoreMapping(table=org.dbunit.dataset.DefaultTable[_metaData=tableName=customers, columns=[(id, UNKNOWN, nullableUnknown), (name, UNKNOWN, nullableUnknown)], keys=[], _rowList.size()=6], row=0) - start
23:04:29.376 [main] DEBUG org.dbunit.dataset.DefaultTable - getValue(row=0, column=id) - start
23:04:29.378 [main] DEBUG org.dbunit.dataset.AbstractTable - assertValidRowIndex(row=0) - start
23:04:29.378 [main] DEBUG org.dbunit.dataset.AbstractTable - assertValidRowIndex(row=0, rowCount=6) - start
23:04:29.378 [main] DEBUG org.dbunit.dataset.AbstractTable - getColumnIndex(columnName=id) - start
23:04:29.378 [main] DEBUG o.d.dataset.AbstractTableMetaData - getColumnIndex(columnName=id) - start
23:04:29.378 [main] DEBUG org.dbunit.dataset.DefaultTable - getValue(row=0, column=name) - start
23:04:29.378 [main] DEBUG org.dbunit.dataset.AbstractTable - assertValidRowIndex(row=0) - start
23:04:29.379 [main] DEBUG org.dbunit.dataset.AbstractTable - assertValidRowIndex(row=0, rowCount=6) - start
23:04:29.379 [main] DEBUG org.dbunit.dataset.AbstractTable - getColumnIndex(columnName=name) - start
23:04:29.379 [main] DEBUG o.d.dataset.AbstractTableMetaData - getColumnIndex(columnName=name) - start
23:04:29.379 [main] DEBUG org.dbunit.operation.InsertOperation - getOperationData(metaData=tableName=customers, columns=[(id, INTEGER, noNulls), (name, VARCHAR, nullable)], keys=[(id, INTEGER, noNulls)], ignoreMapping={}, connection=org.dbunit.database.DatabaseConnection[schema=, connection=com.mysql.jdbc.JDBC4Connection@b33d0a, super=_databaseConfig=org.dbunit.database.DatabaseConfig[, _propertyMap={http://www.dbunit.org/properties/statementFactory=org.dbunit.database.statement.PreparedStatementFactory@16c9867, http://www.dbunit.org/features/caseSensitiveTableNames=false, http://www.dbunit.org/properties/fetchSize=100, http://www.dbunit.org/features/batchedStatements=false, http://www.dbunit.org/properties/metadataHandler=org.dbunit.database.DefaultMetadataHandler@89cc5e, http://www.dbunit.org/properties/datatypeFactory=org.dbunit.dataset.datatype.DefaultDataTypeFactory[_toleratedDeltaMap=org.dbunit.dataset.datatype.ToleratedDeltaMap@c837cd], http://www.dbunit.org/properties/escapePattern=null, http://www.dbunit.org/properties/batchSize=100, http://www.dbunit.org/features/qualifiedTableNames=false, http://www.dbunit.org/properties/tableType=[Ljava.lang.String;@c79809, http://www.dbunit.org/properties/resultSetTableFactory=org.dbunit.database.CachedResultSetTableFactory@1ce784b, http://www.dbunit.org/features/datatypeWarning=true}], _dataSet=AbstractDataSet[_orderedTableNameMap=null]]) - start
23:04:29.381 [main] DEBUG o.dbunit.operation.AbstractOperation - getQualifiedName(prefix=, name=customers, connection=org.dbunit.database.DatabaseConnection[schema=, connection=com.mysql.jdbc.JDBC4Connection@b33d0a, super=_databaseConfig=org.dbunit.database.DatabaseConfig[, _propertyMap={http://www.dbunit.org/properties/statementFactory=org.dbunit.database.statement.PreparedStatementFactory@16c9867, http://www.dbunit.org/features/caseSensitiveTableNames=false, http://www.dbunit.org/properties/fetchSize=100, http://www.dbunit.org/features/batchedStatements=false, http://www.dbunit.org/properties/metadataHandler=org.dbunit.database.DefaultMetadataHandler@89cc5e, http://www.dbunit.org/properties/datatypeFactory=org.dbunit.dataset.datatype.DefaultDataTypeFactory[_toleratedDeltaMap=org.dbunit.dataset.datatype.ToleratedDeltaMap@c837cd], http://www.dbunit.org/properties/escapePattern=null, http://www.dbunit.org/properties/batchSize=100, http://www.dbunit.org/features/qualifiedTableNames=false, http://www.dbunit.org/properties/tableType=[Ljava.lang.String;@c79809, http://www.dbunit.org/properties/resultSetTableFactory=org.dbunit.database.CachedResultSetTableFactory@1ce784b, http://www.dbunit.org/features/datatypeWarning=true}], _dataSet=AbstractDataSet[_orderedTableNameMap=null]]) - start
23:04:29.383 [main] DEBUG org.dbunit.util.QualifiedTableName - getQualifiedName() - start
23:04:29.383 [main] DEBUG org.dbunit.util.QualifiedTableName - getQualifiedName(prefix=, name=customers, escapePattern=null) - start
23:04:29.383 [main] DEBUG o.dbunit.operation.AbstractOperation - getQualifiedName(prefix=null, name=id, connection=org.dbunit.database.DatabaseConnection[schema=, connection=com.mysql.jdbc.JDBC4Connection@b33d0a, super=_databaseConfig=org.dbunit.database.DatabaseConfig[, _propertyMap={http://www.dbunit.org/properties/statementFactory=org.dbunit.database.statement.PreparedStatementFactory@16c9867, http://www.dbunit.org/features/caseSensitiveTableNames=false, http://www.dbunit.org/properties/fetchSize=100, http://www.dbunit.org/features/batchedStatements=false, http://www.dbunit.org/properties/metadataHandler=org.dbunit.database.DefaultMetadataHandler@89cc5e, http://www.dbunit.org/properties/datatypeFactory=org.dbunit.dataset.datatype.DefaultDataTypeFactory[_toleratedDeltaMap=org.dbunit.dataset.datatype.ToleratedDeltaMap@c837cd], http://www.dbunit.org/properties/escapePattern=null, http://www.dbunit.org/properties/batchSize=100, http://www.dbunit.org/features/qualifiedTableNames=false, http://www.dbunit.org/properties/tableType=[Ljava.lang.String;@c79809, http://www.dbunit.org/properties/resultSetTableFactory=org.dbunit.database.CachedResultSetTableFactory@1ce784b, http://www.dbunit.org/features/datatypeWarning=true}], _dataSet=AbstractDataSet[_orderedTableNameMap=null]]) - start
23:04:29.387 [main] DEBUG org.dbunit.util.QualifiedTableName - getQualifiedName() - start
23:04:29.387 [main] DEBUG org.dbunit.util.QualifiedTableName - getQualifiedName(prefix=null, name=id, escapePattern=null) - start
23:04:29.387 [main] DEBUG o.dbunit.operation.AbstractOperation - getQualifiedName(prefix=null, name=name, connection=org.dbunit.database.DatabaseConnection[schema=, connection=com.mysql.jdbc.JDBC4Connection@b33d0a, super=_databaseConfig=org.dbunit.database.DatabaseConfig[, _propertyMap={http://www.dbunit.org/properties/statementFactory=org.dbunit.database.statement.PreparedStatementFactory@16c9867, http://www.dbunit.org/features/caseSensitiveTableNames=false, http://www.dbunit.org/properties/fetchSize=100, http://www.dbunit.org/features/batchedStatements=false, http://www.dbunit.org/properties/metadataHandler=org.dbunit.database.DefaultMetadataHandler@89cc5e, http://www.dbunit.org/properties/datatypeFactory=org.dbunit.dataset.datatype.DefaultDataTypeFactory[_toleratedDeltaMap=org.dbunit.dataset.datatype.ToleratedDeltaMap@c837cd], http://www.dbunit.org/properties/escapePattern=null, http://www.dbunit.org/properties/batchSize=100, http://www.dbunit.org/features/qualifiedTableNames=false, http://www.dbunit.org/properties/tableType=[Ljava.lang.String;@c79809, http://www.dbunit.org/properties/resultSetTableFactory=org.dbunit.database.CachedResultSetTableFactory@1ce784b, http://www.dbunit.org/features/datatypeWarning=true}], _dataSet=AbstractDataSet[_orderedTableNameMap=null]]) - start
23:04:29.391 [main] DEBUG org.dbunit.util.QualifiedTableName - getQualifiedName() - start
23:04:29.391 [main] DEBUG org.dbunit.util.QualifiedTableName - getQualifiedName(prefix=null, name=name, escapePattern=null) - start
23:04:29.392 [main] DEBUG o.d.d.s.PreparedStatementFactory - createPreparedBatchStatement(sql=insert into customers (id, name) values (?, ?), connection=org.dbunit.database.DatabaseConnection[schema=, connection=com.mysql.jdbc.JDBC4Connection@b33d0a, super=_databaseConfig=org.dbunit.database.DatabaseConfig[, _propertyMap={http://www.dbunit.org/properties/statementFactory=org.dbunit.database.statement.PreparedStatementFactory@16c9867, http://www.dbunit.org/features/caseSensitiveTableNames=false, http://www.dbunit.org/properties/fetchSize=100, http://www.dbunit.org/features/batchedStatements=false, http://www.dbunit.org/properties/metadataHandler=org.dbunit.database.DefaultMetadataHandler@89cc5e, http://www.dbunit.org/properties/datatypeFactory=org.dbunit.dataset.datatype.DefaultDataTypeFactory[_toleratedDeltaMap=org.dbunit.dataset.datatype.ToleratedDeltaMap@c837cd], http://www.dbunit.org/properties/escapePattern=null, http://www.dbunit.org/properties/batchSize=100, http://www.dbunit.org/features/qualifiedTableNames=false, http://www.dbunit.org/properties/tableType=[Ljava.lang.String;@c79809, http://www.dbunit.org/properties/resultSetTableFactory=org.dbunit.database.CachedResultSetTableFactory@1ce784b, http://www.dbunit.org/features/datatypeWarning=true}], _dataSet=AbstractDataSet[_orderedTableNameMap=null]]) - start
23:04:29.396 [main] DEBUG o.d.d.s.AbstractStatementFactory - supportBatchStatement(connection=org.dbunit.database.DatabaseConnection[schema=, connection=com.mysql.jdbc.JDBC4Connection@b33d0a, super=_databaseConfig=org.dbunit.database.DatabaseConfig[, _propertyMap={http://www.dbunit.org/properties/statementFactory=org.dbunit.database.statement.PreparedStatementFactory@16c9867, http://www.dbunit.org/features/caseSensitiveTableNames=false, http://www.dbunit.org/properties/fetchSize=100, http://www.dbunit.org/features/batchedStatements=false, http://www.dbunit.org/properties/metadataHandler=org.dbunit.database.DefaultMetadataHandler@89cc5e, http://www.dbunit.org/properties/datatypeFactory=org.dbunit.dataset.datatype.DefaultDataTypeFactory[_toleratedDeltaMap=org.dbunit.dataset.datatype.ToleratedDeltaMap@c837cd], http://www.dbunit.org/properties/escapePattern=null, http://www.dbunit.org/properties/batchSize=100, http://www.dbunit.org/features/qualifiedTableNames=false, http://www.dbunit.org/properties/tableType=[Ljava.lang.String;@c79809, http://www.dbunit.org/properties/resultSetTableFactory=org.dbunit.database.CachedResultSetTableFactory@1ce784b, http://www.dbunit.org/features/datatypeWarning=true}], _dataSet=AbstractDataSet[_orderedTableNameMap=null]]) - start
23:04:29.415 [main] DEBUG org.dbunit.dataset.DefaultTable - getValue(row=0, column=id) - start
23:04:29.415 [main] DEBUG org.dbunit.dataset.AbstractTable - assertValidRowIndex(row=0) - start
23:04:29.415 [main] DEBUG org.dbunit.dataset.AbstractTable - assertValidRowIndex(row=0, rowCount=6) - start
23:04:29.415 [main] DEBUG org.dbunit.dataset.AbstractTable - getColumnIndex(columnName=id) - start
23:04:29.415 [main] DEBUG o.d.dataset.AbstractTableMetaData - getColumnIndex(columnName=id) - start
23:04:29.415 [main] DEBUG o.d.d.s.AutomaticPreparedBatchStatement - addValue(value=1, dataType=INTEGER) - start
23:04:29.508 [main] DEBUG o.d.d.s.SimplePreparedStatement - addValue(value=1, dataType=INTEGER) - start
23:04:29.508 [main] DEBUG o.d.dataset.datatype.IntegerDataType - setSqlValue(value=1, column=1, statement=com.mysql.jdbc.JDBC4PreparedStatement@340101: insert into customers (id, name) values (** NOT SPECIFIED **, ** NOT SPECIFIED **)) - start
23:04:29.508 [main] DEBUG o.d.dataset.datatype.IntegerDataType - typeCast(value=1) - start
23:04:29.508 [main] DEBUG o.d.dataset.datatype.IntegerDataType - typeCast(value=1) - start
23:04:29.509 [main] DEBUG org.dbunit.dataset.DefaultTable - getValue(row=0, column=name) - start
23:04:29.510 [main] DEBUG org.dbunit.dataset.AbstractTable - assertValidRowIndex(row=0) - start
23:04:29.512 [main] DEBUG org.dbunit.dataset.AbstractTable - assertValidRowIndex(row=0, rowCount=6) - start
23:04:29.512 [main] DEBUG org.dbunit.dataset.AbstractTable - getColumnIndex(columnName=name) - start
23:04:29.512 [main] DEBUG o.d.dataset.AbstractTableMetaData - getColumnIndex(columnName=name) - start
23:04:29.512 [main] DEBUG o.d.d.s.AutomaticPreparedBatchStatement - addValue(value=Customer 1, dataType=VARCHAR) - start
23:04:29.612 [main] DEBUG o.d.d.s.SimplePreparedStatement - addValue(value=Customer 1, dataType=VARCHAR) - start
23:04:29.613 [main] DEBUG o.d.dataset.datatype.StringDataType - setSqlValue(value=Customer 1, column=2, statement=com.mysql.jdbc.JDBC4PreparedStatement@340101: insert into customers (id, name) values (1, ** NOT SPECIFIED **)) - start
23:04:29.614 [main] DEBUG org.dbunit.dataset.datatype.DataType - asString(value=Customer 1) - start
23:04:29.614 [main] DEBUG o.d.dataset.datatype.StringDataType - typeCast(value=Customer 1) - start
23:04:29.713 [main] DEBUG o.d.d.s.AutomaticPreparedBatchStatement - addBatch() - start
23:04:29.714 [main] DEBUG o.d.d.s.SimplePreparedStatement - addBatch() - start
23:04:29.792 [main] DEBUG org.dbunit.operation.InsertOperation - equalsIgnoreMapping(ignoreMapping={}, table=org.dbunit.dataset.DefaultTable[_metaData=tableName=customers, columns=[(id, UNKNOWN, nullableUnknown), (name, UNKNOWN, nullableUnknown)], keys=[], _rowList.size()=6], row=1) - start
23:04:29.793 [main] DEBUG org.dbunit.dataset.DefaultTable - getValue(row=1, column=id) - start
23:04:29.793 [main] DEBUG org.dbunit.dataset.AbstractTable - assertValidRowIndex(row=1) - start
23:04:29.793 [main] DEBUG org.dbunit.dataset.AbstractTable - assertValidRowIndex(row=1, rowCount=6) - start
23:04:29.817 [main] DEBUG org.dbunit.dataset.AbstractTable - getColumnIndex(columnName=id) - start
23:04:29.817 [main] DEBUG o.d.dataset.AbstractTableMetaData - getColumnIndex(columnName=id) - start
23:04:29.817 [main] DEBUG org.dbunit.dataset.DefaultTable - getValue(row=1, column=name) - start
23:04:29.817 [main] DEBUG org.dbunit.dataset.AbstractTable - assertValidRowIndex(row=1) - start
23:04:29.817 [main] DEBUG org.dbunit.dataset.AbstractTable - assertValidRowIndex(row=1, rowCount=6) - start
23:04:29.817 [main] DEBUG org.dbunit.dataset.AbstractTable - getColumnIndex(columnName=name) - start
23:04:29.917 [main] DEBUG o.d.dataset.AbstractTableMetaData - getColumnIndex(columnName=name) - start
23:04:29.917 [main] DEBUG org.dbunit.dataset.DefaultTable - getValue(row=1, column=id) - start
23:04:29.917 [main] DEBUG org.dbunit.dataset.AbstractTable - assertValidRowIndex(row=1) - start
23:04:29.917 [main] DEBUG org.dbunit.dataset.AbstractTable - assertValidRowIndex(row=1, rowCount=6) - start
23:04:29.917 [main] DEBUG org.dbunit.dataset.AbstractTable - getColumnIndex(columnName=id) - start
23:04:29.917 [main] DEBUG o.d.dataset.AbstractTableMetaData - getColumnIndex(columnName=id) - start
23:04:29.918 [main] DEBUG o.d.d.s.AutomaticPreparedBatchStatement - addValue(value=2, dataType=INTEGER) - start
23:04:29.918 [main] DEBUG o.d.d.s.SimplePreparedStatement - addValue(value=2, dataType=INTEGER) - start
23:04:29.918 [main] DEBUG o.d.dataset.datatype.IntegerDataType - setSqlValue(value=2, column=1, statement=com.mysql.jdbc.JDBC4PreparedStatement@340101: insert into customers (id, name) values (1, 'Customer 1')) - start
23:04:29.919 [main] DEBUG o.d.dataset.datatype.IntegerDataType - typeCast(value=2) - start
23:04:29.920 [main] DEBUG o.d.dataset.datatype.IntegerDataType - typeCast(value=2) - start
23:04:29.920 [main] DEBUG org.dbunit.dataset.DefaultTable - getValue(row=1, column=name) - start
23:04:29.920 [main] DEBUG org.dbunit.dataset.AbstractTable - assertValidRowIndex(row=1) - start
23:04:29.920 [main] DEBUG org.dbunit.dataset.AbstractTable - assertValidRowIndex(row=1, rowCount=6) - start
23:04:29.920 [main] DEBUG org.dbunit.dataset.AbstractTable - getColumnIndex(columnName=name) - start
23:04:29.920 [main] DEBUG o.d.dataset.AbstractTableMetaData - getColumnIndex(columnName=name) - start
23:04:29.922 [main] DEBUG o.d.d.s.AutomaticPreparedBatchStatement - addValue(value=Customer 2, dataType=VARCHAR) - start
23:04:29.922 [main] DEBUG o.d.d.s.SimplePreparedStatement - addValue(value=Customer 2, dataType=VARCHAR) - start
23:04:29.922 [main] DEBUG o.d.dataset.datatype.StringDataType - setSqlValue(value=Customer 2, column=2, statement=com.mysql.jdbc.JDBC4PreparedStatement@340101: insert into customers (id, name) values (2, 'Customer 1')) - start
23:04:29.922 [main] DEBUG org.dbunit.dataset.datatype.DataType - asString(value=Customer 2) - start
23:04:29.924 [main] DEBUG o.d.dataset.datatype.StringDataType - typeCast(value=Customer 2) - start
23:04:29.924 [main] DEBUG o.d.d.s.AutomaticPreparedBatchStatement - addBatch() - start
23:04:29.924 [main] DEBUG o.d.d.s.SimplePreparedStatement - addBatch() - start
23:04:29.940 [main] DEBUG org.dbunit.operation.InsertOperation - equalsIgnoreMapping(ignoreMapping={}, table=org.dbunit.dataset.DefaultTable[_metaData=tableName=customers, columns=[(id, UNKNOWN, nullableUnknown), (name, UNKNOWN, nullableUnknown)], keys=[], _rowList.size()=6], row=2) - start
23:04:29.941 [main] DEBUG org.dbunit.dataset.DefaultTable - getValue(row=2, column=id) - start
23:04:29.941 [main] DEBUG org.dbunit.dataset.AbstractTable - assertValidRowIndex(row=2) - start
23:04:29.941 [main] DEBUG org.dbunit.dataset.AbstractTable - assertValidRowIndex(row=2, rowCount=6) - start
23:04:30.027 [main] DEBUG org.dbunit.dataset.AbstractTable - getColumnIndex(columnName=id) - start
23:04:30.027 [main] DEBUG o.d.dataset.AbstractTableMetaData - getColumnIndex(columnName=id) - start
23:04:30.027 [main] DEBUG org.dbunit.dataset.DefaultTable - getValue(row=2, column=name) - start
23:04:30.027 [main] DEBUG org.dbunit.dataset.AbstractTable - assertValidRowIndex(row=2) - start
23:04:30.027 [main] DEBUG org.dbunit.dataset.AbstractTable - assertValidRowIndex(row=2, rowCount=6) - start
23:04:30.027 [main] DEBUG org.dbunit.dataset.AbstractTable - getColumnIndex(columnName=name) - start
23:04:30.028 [main] DEBUG o.d.dataset.AbstractTableMetaData - getColumnIndex(columnName=name) - start
23:04:30.028 [main] DEBUG org.dbunit.dataset.DefaultTable - getValue(row=2, column=id) - start
23:04:30.028 [main] DEBUG org.dbunit.dataset.AbstractTable - assertValidRowIndex(row=2) - start
23:04:30.028 [main] DEBUG org.dbunit.dataset.AbstractTable - assertValidRowIndex(row=2, rowCount=6) - start
23:04:30.029 [main] DEBUG org.dbunit.dataset.AbstractTable - getColumnIndex(columnName=id) - start
23:04:30.029 [main] DEBUG o.d.dataset.AbstractTableMetaData - getColumnIndex(columnName=id) - start
23:04:30.030 [main] DEBUG o.d.d.s.AutomaticPreparedBatchStatement - addValue(value=3, dataType=INTEGER) - start
23:04:30.030 [main] DEBUG o.d.d.s.SimplePreparedStatement - addValue(value=3, dataType=INTEGER) - start
23:04:30.030 [main] DEBUG o.d.dataset.datatype.IntegerDataType - setSqlValue(value=3, column=1, statement=com.mysql.jdbc.JDBC4PreparedStatement@340101: insert into customers (id, name) values (2, 'Customer 2')) - start
23:04:30.031 [main] DEBUG o.d.dataset.datatype.IntegerDataType - typeCast(value=3) - start
23:04:30.032 [main] DEBUG o.d.dataset.datatype.IntegerDataType - typeCast(value=3) - start
23:04:30.032 [main] DEBUG org.dbunit.dataset.DefaultTable - getValue(row=2, column=name) - start
23:04:30.032 [main] DEBUG org.dbunit.dataset.AbstractTable - assertValidRowIndex(row=2) - start
23:04:30.032 [main] DEBUG org.dbunit.dataset.AbstractTable - assertValidRowIndex(row=2, rowCount=6) - start
23:04:30.032 [main] DEBUG org.dbunit.dataset.AbstractTable - getColumnIndex(columnName=name) - start
23:04:30.032 [main] DEBUG o.d.dataset.AbstractTableMetaData - getColumnIndex(columnName=name) - start
23:04:30.033 [main] DEBUG o.d.d.s.AutomaticPreparedBatchStatement - addValue(value=Customer 3, dataType=VARCHAR) - start
23:04:30.034 [main] DEBUG o.d.d.s.SimplePreparedStatement - addValue(value=Customer 3, dataType=VARCHAR) - start
23:04:30.034 [main] DEBUG o.d.dataset.datatype.StringDataType - setSqlValue(value=Customer 3, column=2, statement=com.mysql.jdbc.JDBC4PreparedStatement@340101: insert into customers (id, name) values (3, 'Customer 2')) - start
23:04:30.034 [main] DEBUG org.dbunit.dataset.datatype.DataType - asString(value=Customer 3) - start
23:04:30.035 [main] DEBUG o.d.dataset.datatype.StringDataType - typeCast(value=Customer 3) - start
23:04:30.035 [main] DEBUG o.d.d.s.AutomaticPreparedBatchStatement - addBatch() - start
23:04:30.035 [main] DEBUG o.d.d.s.SimplePreparedStatement - addBatch() - start
23:04:30.055 [main] DEBUG org.dbunit.operation.InsertOperation - equalsIgnoreMapping(ignoreMapping={}, table=org.dbunit.dataset.DefaultTable[_metaData=tableName=customers, columns=[(id, UNKNOWN, nullableUnknown), (name, UNKNOWN, nullableUnknown)], keys=[], _rowList.size()=6], row=3) - start
23:04:30.055 [main] DEBUG org.dbunit.dataset.DefaultTable - getValue(row=3, column=id) - start
23:04:30.055 [main] DEBUG org.dbunit.dataset.AbstractTable - assertValidRowIndex(row=3) - start
23:04:30.055 [main] DEBUG org.dbunit.dataset.AbstractTable - assertValidRowIndex(row=3, rowCount=6) - start
23:04:30.139 [main] DEBUG org.dbunit.dataset.AbstractTable - getColumnIndex(columnName=id) - start
23:04:30.139 [main] DEBUG o.d.dataset.AbstractTableMetaData - getColumnIndex(columnName=id) - start
23:04:30.139 [main] DEBUG org.dbunit.dataset.DefaultTable - getValue(row=3, column=name) - start
23:04:30.139 [main] DEBUG org.dbunit.dataset.AbstractTable - assertValidRowIndex(row=3) - start
23:04:30.139 [main] DEBUG org.dbunit.dataset.AbstractTable - assertValidRowIndex(row=3, rowCount=6) - start
23:04:30.139 [main] DEBUG org.dbunit.dataset.AbstractTable - getColumnIndex(columnName=name) - start
23:04:30.139 [main] DEBUG o.d.dataset.AbstractTableMetaData - getColumnIndex(columnName=name) - start
23:04:30.139 [main] DEBUG org.dbunit.dataset.DefaultTable - getValue(row=3, column=id) - start
23:04:30.139 [main] DEBUG org.dbunit.dataset.AbstractTable - assertValidRowIndex(row=3) - start
23:04:30.139 [main] DEBUG org.dbunit.dataset.AbstractTable - assertValidRowIndex(row=3, rowCount=6) - start
23:04:30.139 [main] DEBUG org.dbunit.dataset.AbstractTable - getColumnIndex(columnName=id) - start
23:04:30.139 [main] DEBUG o.d.dataset.AbstractTableMetaData - getColumnIndex(columnName=id) - start
23:04:30.141 [main] DEBUG o.d.d.s.AutomaticPreparedBatchStatement - addValue(value=4, dataType=INTEGER) - start
23:04:30.141 [main] DEBUG o.d.d.s.SimplePreparedStatement - addValue(value=4, dataType=INTEGER) - start
23:04:30.141 [main] DEBUG o.d.dataset.datatype.IntegerDataType - setSqlValue(value=4, column=1, statement=com.mysql.jdbc.JDBC4PreparedStatement@340101: insert into customers (id, name) values (3, 'Customer 3')) - start
23:04:30.141 [main] DEBUG o.d.dataset.datatype.IntegerDataType - typeCast(value=4) - start
23:04:30.143 [main] DEBUG o.d.dataset.datatype.IntegerDataType - typeCast(value=4) - start
23:04:30.143 [main] DEBUG org.dbunit.dataset.DefaultTable - getValue(row=3, column=name) - start
23:04:30.143 [main] DEBUG org.dbunit.dataset.AbstractTable - assertValidRowIndex(row=3) - start
23:04:30.143 [main] DEBUG org.dbunit.dataset.AbstractTable - assertValidRowIndex(row=3, rowCount=6) - start
23:04:30.143 [main] DEBUG org.dbunit.dataset.AbstractTable - getColumnIndex(columnName=name) - start
23:04:30.143 [main] DEBUG o.d.dataset.AbstractTableMetaData - getColumnIndex(columnName=name) - start
23:04:30.144 [main] DEBUG o.d.d.s.AutomaticPreparedBatchStatement - addValue(value=Customer 4, dataType=VARCHAR) - start
23:04:30.145 [main] DEBUG o.d.d.s.SimplePreparedStatement - addValue(value=Customer 4, dataType=VARCHAR) - start
23:04:30.145 [main] DEBUG o.d.dataset.datatype.StringDataType - setSqlValue(value=Customer 4, column=2, statement=com.mysql.jdbc.JDBC4PreparedStatement@340101: insert into customers (id, name) values (4, 'Customer 3')) - start
23:04:30.145 [main] DEBUG org.dbunit.dataset.datatype.DataType - asString(value=Customer 4) - start
23:04:30.146 [main] DEBUG o.d.dataset.datatype.StringDataType - typeCast(value=Customer 4) - start
23:04:30.146 [main] DEBUG o.d.d.s.AutomaticPreparedBatchStatement - addBatch() - start
23:04:30.146 [main] DEBUG o.d.d.s.SimplePreparedStatement - addBatch() - start
23:04:30.172 [main] DEBUG org.dbunit.operation.InsertOperation - equalsIgnoreMapping(ignoreMapping={}, table=org.dbunit.dataset.DefaultTable[_metaData=tableName=customers, columns=[(id, UNKNOWN, nullableUnknown), (name, UNKNOWN, nullableUnknown)], keys=[], _rowList.size()=6], row=4) - start
23:04:30.172 [main] DEBUG org.dbunit.dataset.DefaultTable - getValue(row=4, column=id) - start
23:04:30.172 [main] DEBUG org.dbunit.dataset.AbstractTable - assertValidRowIndex(row=4) - start
23:04:30.172 [main] DEBUG org.dbunit.dataset.AbstractTable - assertValidRowIndex(row=4, rowCount=6) - start
23:04:30.249 [main] DEBUG org.dbunit.dataset.AbstractTable - getColumnIndex(columnName=id) - start
23:04:30.249 [main] DEBUG o.d.dataset.AbstractTableMetaData - getColumnIndex(columnName=id) - start
23:04:30.249 [main] DEBUG org.dbunit.dataset.DefaultTable - getValue(row=4, column=name) - start
23:04:30.249 [main] DEBUG org.dbunit.dataset.AbstractTable - assertValidRowIndex(row=4) - start
23:04:30.249 [main] DEBUG org.dbunit.dataset.AbstractTable - assertValidRowIndex(row=4, rowCount=6) - start
23:04:30.249 [main] DEBUG org.dbunit.dataset.AbstractTable - getColumnIndex(columnName=name) - start
23:04:30.250 [main] DEBUG o.d.dataset.AbstractTableMetaData - getColumnIndex(columnName=name) - start
23:04:30.250 [main] DEBUG org.dbunit.dataset.DefaultTable - getValue(row=4, column=id) - start
23:04:30.250 [main] DEBUG org.dbunit.dataset.AbstractTable - assertValidRowIndex(row=4) - start
23:04:30.250 [main] DEBUG org.dbunit.dataset.AbstractTable - assertValidRowIndex(row=4, rowCount=6) - start
23:04:30.250 [main] DEBUG org.dbunit.dataset.AbstractTable - getColumnIndex(columnName=id) - start
23:04:30.250 [main] DEBUG o.d.dataset.AbstractTableMetaData - getColumnIndex(columnName=id) - start
23:04:30.252 [main] DEBUG o.d.d.s.AutomaticPreparedBatchStatement - addValue(value=5, dataType=INTEGER) - start
23:04:30.252 [main] DEBUG o.d.d.s.SimplePreparedStatement - addValue(value=5, dataType=INTEGER) - start
23:04:30.252 [main] DEBUG o.d.dataset.datatype.IntegerDataType - setSqlValue(value=5, column=1, statement=com.mysql.jdbc.JDBC4PreparedStatement@340101: insert into customers (id, name) values (4, 'Customer 4')) - start
23:04:30.252 [main] DEBUG o.d.dataset.datatype.IntegerDataType - typeCast(value=5) - start
23:04:30.254 [main] DEBUG o.d.dataset.datatype.IntegerDataType - typeCast(value=5) - start
23:04:30.254 [main] DEBUG org.dbunit.dataset.DefaultTable - getValue(row=4, column=name) - start
23:04:30.254 [main] DEBUG org.dbunit.dataset.AbstractTable - assertValidRowIndex(row=4) - start
23:04:30.254 [main] DEBUG org.dbunit.dataset.AbstractTable - assertValidRowIndex(row=4, rowCount=6) - start
23:04:30.254 [main] DEBUG org.dbunit.dataset.AbstractTable - getColumnIndex(columnName=name) - start
23:04:30.254 [main] DEBUG o.d.dataset.AbstractTableMetaData - getColumnIndex(columnName=name) - start
23:04:30.256 [main] DEBUG o.d.d.s.AutomaticPreparedBatchStatement - addValue(value=Customer 5, dataType=VARCHAR) - start
23:04:30.256 [main] DEBUG o.d.d.s.SimplePreparedStatement - addValue(value=Customer 5, dataType=VARCHAR) - start
23:04:30.256 [main] DEBUG o.d.dataset.datatype.StringDataType - setSqlValue(value=Customer 5, column=2, statement=com.mysql.jdbc.JDBC4PreparedStatement@340101: insert into customers (id, name) values (5, 'Customer 4')) - start
23:04:30.256 [main] DEBUG org.dbunit.dataset.datatype.DataType - asString(value=Customer 5) - start
23:04:30.257 [main] DEBUG o.d.dataset.datatype.StringDataType - typeCast(value=Customer 5) - start
23:04:30.257 [main] DEBUG o.d.d.s.AutomaticPreparedBatchStatement - addBatch() - start
23:04:30.257 [main] DEBUG o.d.d.s.SimplePreparedStatement - addBatch() - start
23:04:30.298 [main] DEBUG org.dbunit.operation.InsertOperation - equalsIgnoreMapping(ignoreMapping={}, table=org.dbunit.dataset.DefaultTable[_metaData=tableName=customers, columns=[(id, UNKNOWN, nullableUnknown), (name, UNKNOWN, nullableUnknown)], keys=[], _rowList.size()=6], row=5) - start
23:04:30.299 [main] DEBUG org.dbunit.dataset.DefaultTable - getValue(row=5, column=id) - start
23:04:30.299 [main] DEBUG org.dbunit.dataset.AbstractTable - assertValidRowIndex(row=5) - start
23:04:30.299 [main] DEBUG org.dbunit.dataset.AbstractTable - assertValidRowIndex(row=5, rowCount=6) - start
23:04:30.360 [main] DEBUG org.dbunit.dataset.AbstractTable - getColumnIndex(columnName=id) - start
23:04:30.360 [main] DEBUG o.d.dataset.AbstractTableMetaData - getColumnIndex(columnName=id) - start
23:04:30.360 [main] DEBUG org.dbunit.dataset.DefaultTable - getValue(row=5, column=name) - start
23:04:30.362 [main] DEBUG org.dbunit.dataset.AbstractTable - assertValidRowIndex(row=5) - start
23:04:30.362 [main] DEBUG org.dbunit.dataset.AbstractTable - assertValidRowIndex(row=5, rowCount=6) - start
23:04:30.362 [main] DEBUG org.dbunit.dataset.AbstractTable - getColumnIndex(columnName=name) - start
23:04:30.362 [main] DEBUG o.d.dataset.AbstractTableMetaData - getColumnIndex(columnName=name) - start
23:04:30.363 [main] DEBUG org.dbunit.dataset.DefaultTable - getValue(row=5, column=id) - start
23:04:30.363 [main] DEBUG org.dbunit.dataset.AbstractTable - assertValidRowIndex(row=5) - start
23:04:30.363 [main] DEBUG org.dbunit.dataset.AbstractTable - assertValidRowIndex(row=5, rowCount=6) - start
23:04:30.364 [main] DEBUG org.dbunit.dataset.AbstractTable - getColumnIndex(columnName=id) - start
23:04:30.365 [main] DEBUG o.d.dataset.AbstractTableMetaData - getColumnIndex(columnName=id) - start
23:04:30.365 [main] DEBUG o.d.d.s.AutomaticPreparedBatchStatement - addValue(value=6, dataType=INTEGER) - start
23:04:30.365 [main] DEBUG o.d.d.s.SimplePreparedStatement - addValue(value=6, dataType=INTEGER) - start
23:04:30.464 [main] DEBUG o.d.dataset.datatype.IntegerDataType - setSqlValue(value=6, column=1, statement=com.mysql.jdbc.JDBC4PreparedStatement@340101: insert into customers (id, name) values (5, 'Customer 5')) - start
23:04:30.464 [main] DEBUG o.d.dataset.datatype.IntegerDataType - typeCast(value=6) - start
23:04:30.464 [main] DEBUG o.d.dataset.datatype.IntegerDataType - typeCast(value=6) - start
23:04:30.464 [main] DEBUG org.dbunit.dataset.DefaultTable - getValue(row=5, column=name) - start
23:04:30.464 [main] DEBUG org.dbunit.dataset.AbstractTable - assertValidRowIndex(row=5) - start
23:04:30.465 [main] DEBUG org.dbunit.dataset.AbstractTable - assertValidRowIndex(row=5, rowCount=6) - start
23:04:30.465 [main] DEBUG org.dbunit.dataset.AbstractTable - getColumnIndex(columnName=name) - start
23:04:30.465 [main] DEBUG o.d.dataset.AbstractTableMetaData - getColumnIndex(columnName=name) - start
23:04:30.465 [main] DEBUG o.d.d.s.AutomaticPreparedBatchStatement - addValue(value=Customer 6, dataType=VARCHAR) - start
23:04:30.465 [main] DEBUG o.d.d.s.SimplePreparedStatement - addValue(value=Customer 6, dataType=VARCHAR) - start
23:04:30.467 [main] DEBUG o.d.dataset.datatype.StringDataType - setSqlValue(value=Customer 6, column=2, statement=com.mysql.jdbc.JDBC4PreparedStatement@340101: insert into customers (id, name) values (6, 'Customer 5')) - start
23:04:30.467 [main] DEBUG org.dbunit.dataset.datatype.DataType - asString(value=Customer 6) - start
23:04:30.467 [main] DEBUG o.d.dataset.datatype.StringDataType - typeCast(value=Customer 6) - start
23:04:30.467 [main] DEBUG o.d.d.s.AutomaticPreparedBatchStatement - addBatch() - start
23:04:30.469 [main] DEBUG o.d.d.s.SimplePreparedStatement - addBatch() - start
23:04:30.495 [main] DEBUG org.dbunit.operation.InsertOperation - equalsIgnoreMapping(ignoreMapping={}, table=org.dbunit.dataset.DefaultTable[_metaData=tableName=customers, columns=[(id, UNKNOWN, nullableUnknown), (name, UNKNOWN, nullableUnknown)], keys=[], _rowList.size()=6], row=6) - start
23:04:30.495 [main] DEBUG org.dbunit.dataset.DefaultTable - getValue(row=6, column=id) - start
23:04:30.495 [main] DEBUG org.dbunit.dataset.AbstractTable - assertValidRowIndex(row=6) - start
23:04:30.495 [main] DEBUG org.dbunit.dataset.AbstractTable - assertValidRowIndex(row=6, rowCount=6) - start
23:04:30.571 [main] DEBUG o.d.d.s.AutomaticPreparedBatchStatement - executeBatch() - start
23:04:30.571 [main] DEBUG o.d.d.s.SimplePreparedStatement - executeBatch() - start
23:04:30.571 [main] DEBUG o.d.d.s.SimplePreparedStatement - clearBatch() - start
23:04:30.571 [main] DEBUG o.d.d.s.AutomaticPreparedBatchStatement - clearBatch() - start
23:04:30.571 [main] DEBUG o.d.d.s.SimplePreparedStatement - clearBatch() - start
23:04:30.571 [main] DEBUG o.d.d.s.AutomaticPreparedBatchStatement - close() - start
23:04:30.572 [main] DEBUG o.d.d.s.AbstractPreparedBatchStatement - close() - start
23:04:30.572 [main] DEBUG o.d.dataset.DefaultTableIterator - getTable() - start
23:04:30.572 [main] DEBUG o.d.operation.AbstractBatchOperation - isEmpty(table=org.dbunit.dataset.DefaultTable[_metaData=tableName=products, columns=[(sku_number, UNKNOWN, nullableUnknown), (name, UNKNOWN, nullableUnknown), (amount, UNKNOWN, nullableUnknown)], keys=[], _rowList.size()=4]) - start
23:04:30.572 [main] DEBUG org.dbunit.dataset.DefaultTable - getValue(row=0, column=sku_number) - start
23:04:30.574 [main] DEBUG org.dbunit.dataset.AbstractTable - assertValidRowIndex(row=0) - start
23:04:30.574 [main] DEBUG org.dbunit.dataset.AbstractTable - assertValidRowIndex(row=0, rowCount=4) - start
23:04:30.574 [main] DEBUG org.dbunit.dataset.AbstractTable - getColumnIndex(columnName=sku_number) - start
23:04:30.574 [main] DEBUG o.d.dataset.AbstractTableMetaData - getColumnIndex(columnName=sku_number) - start
23:04:30.574 [main] DEBUG o.dbunit.operation.AbstractOperation - getOperationMetaData(connection=org.dbunit.database.DatabaseConnection[schema=, connection=com.mysql.jdbc.JDBC4Connection@b33d0a, super=_databaseConfig=org.dbunit.database.DatabaseConfig[, _propertyMap={http://www.dbunit.org/properties/statementFactory=org.dbunit.database.statement.PreparedStatementFactory@16c9867, http://www.dbunit.org/features/caseSensitiveTableNames=false, http://www.dbunit.org/properties/fetchSize=100, http://www.dbunit.org/features/batchedStatements=false, http://www.dbunit.org/properties/metadataHandler=org.dbunit.database.DefaultMetadataHandler@89cc5e, http://www.dbunit.org/properties/datatypeFactory=org.dbunit.dataset.datatype.DefaultDataTypeFactory[_toleratedDeltaMap=org.dbunit.dataset.datatype.ToleratedDeltaMap@c837cd], http://www.dbunit.org/properties/escapePattern=null, http://www.dbunit.org/properties/batchSize=100, http://www.dbunit.org/features/qualifiedTableNames=false, http://www.dbunit.org/properties/tableType=[Ljava.lang.String;@c79809, http://www.dbunit.org/properties/resultSetTableFactory=org.dbunit.database.CachedResultSetTableFactory@1ce784b, http://www.dbunit.org/features/datatypeWarning=true}], _dataSet=AbstractDataSet[_orderedTableNameMap=null]], metaData=tableName=products, columns=[(sku_number, UNKNOWN, nullableUnknown), (name, UNKNOWN, nullableUnknown), (amount, UNKNOWN, nullableUnknown)], keys=[]) - start
23:04:30.575 [main] DEBUG o.d.d.AbstractDatabaseConnection - createDataSet() - start
23:04:30.575 [main] DEBUG org.dbunit.database.DatabaseDataSet - getTableMetaData(tableName=products) - start
23:04:30.575 [main] DEBUG org.dbunit.database.DatabaseDataSet - initialize() - start
23:04:30.575 [main] DEBUG o.dbunit.dataset.OrderedTableNameMap - getTableName(tableName=products) - start
23:04:30.575 [main] DEBUG o.dbunit.dataset.OrderedTableNameMap - getTableName(tableName=products) - end - result=PRODUCTS
23:04:30.575 [main] DEBUG o.dbunit.dataset.OrderedTableNameMap - getTableName(tableName=products) - start
23:04:30.577 [main] DEBUG o.dbunit.dataset.OrderedTableNameMap - getTableName(tableName=products) - end - result=PRODUCTS
23:04:30.577 [main] DEBUG o.d.dataset.AbstractTableMetaData - getColumnIndex(columnName=sku_number) - start
23:04:30.577 [main] DEBUG o.d.database.DatabaseTableMetaData - getColumns() - start
23:04:30.577 [main] DEBUG o.d.database.DatabaseTableMetaData - getColumns() - start
23:04:30.577 [main] DEBUG o.d.dataset.AbstractTableMetaData - getColumnIndex(columnName=name) - start
23:04:30.577 [main] DEBUG o.d.database.DatabaseTableMetaData - getColumns() - start
23:04:30.582 [main] DEBUG o.d.dataset.AbstractTableMetaData - getColumnIndex(columnName=amount) - start
23:04:30.582 [main] DEBUG o.d.database.DatabaseTableMetaData - getColumns() - start
23:04:30.582 [main] DEBUG o.d.database.DatabaseTableMetaData - getPrimaryKeys() - start
23:04:30.583 [main] DEBUG org.dbunit.operation.InsertOperation - getIgnoreMapping(table=org.dbunit.dataset.DefaultTable[_metaData=tableName=products, columns=[(sku_number, UNKNOWN, nullableUnknown), (name, UNKNOWN, nullableUnknown), (amount, UNKNOWN, nullableUnknown)], keys=[], _rowList.size()=4], row=0) - start
23:04:30.584 [main] DEBUG org.dbunit.dataset.DefaultTable - getValue(row=0, column=sku_number) - start
23:04:30.584 [main] DEBUG org.dbunit.dataset.AbstractTable - assertValidRowIndex(row=0) - start
23:04:30.584 [main] DEBUG org.dbunit.dataset.AbstractTable - assertValidRowIndex(row=0, rowCount=4) - start
23:04:30.584 [main] DEBUG org.dbunit.dataset.AbstractTable - getColumnIndex(columnName=sku_number) - start
23:04:30.584 [main] DEBUG o.d.dataset.AbstractTableMetaData - getColumnIndex(columnName=sku_number) - start
23:04:30.585 [main] DEBUG org.dbunit.dataset.DefaultTable - getValue(row=0, column=name) - start
23:04:30.585 [main] DEBUG org.dbunit.dataset.AbstractTable - assertValidRowIndex(row=0) - start
23:04:30.585 [main] DEBUG org.dbunit.dataset.AbstractTable - assertValidRowIndex(row=0, rowCount=4) - start
23:04:30.585 [main] DEBUG org.dbunit.dataset.AbstractTable - getColumnIndex(columnName=name) - start
23:04:30.585 [main] DEBUG o.d.dataset.AbstractTableMetaData - getColumnIndex(columnName=name) - start
23:04:30.586 [main] DEBUG org.dbunit.dataset.DefaultTable - getValue(row=0, column=amount) - start
23:04:30.587 [main] DEBUG org.dbunit.dataset.AbstractTable - assertValidRowIndex(row=0) - start
23:04:30.587 [main] DEBUG org.dbunit.dataset.AbstractTable - assertValidRowIndex(row=0, rowCount=4) - start
23:04:30.587 [main] DEBUG org.dbunit.dataset.AbstractTable - getColumnIndex(columnName=amount) - start
23:04:30.587 [main] DEBUG o.d.dataset.AbstractTableMetaData - getColumnIndex(columnName=amount) - start
23:04:30.587 [main] DEBUG org.dbunit.operation.InsertOperation - getOperationData(metaData=tableName=products, columns=[(sku_number, INTEGER, noNulls), (name, VARCHAR, noNulls), (amount, DECIMAL, noNulls)], keys=[(sku_number, INTEGER, noNulls)], ignoreMapping={}, connection=org.dbunit.database.DatabaseConnection[schema=, connection=com.mysql.jdbc.JDBC4Connection@b33d0a, super=_databaseConfig=org.dbunit.database.DatabaseConfig[, _propertyMap={http://www.dbunit.org/properties/statementFactory=org.dbunit.database.statement.PreparedStatementFactory@16c9867, http://www.dbunit.org/features/caseSensitiveTableNames=false, http://www.dbunit.org/properties/fetchSize=100, http://www.dbunit.org/features/batchedStatements=false, http://www.dbunit.org/properties/metadataHandler=org.dbunit.database.DefaultMetadataHandler@89cc5e, http://www.dbunit.org/properties/datatypeFactory=org.dbunit.dataset.datatype.DefaultDataTypeFactory[_toleratedDeltaMap=org.dbunit.dataset.datatype.ToleratedDeltaMap@c837cd], http://www.dbunit.org/properties/escapePattern=null, http://www.dbunit.org/properties/batchSize=100, http://www.dbunit.org/features/qualifiedTableNames=false, http://www.dbunit.org/properties/tableType=[Ljava.lang.String;@c79809, http://www.dbunit.org/properties/resultSetTableFactory=org.dbunit.database.CachedResultSetTableFactory@1ce784b, http://www.dbunit.org/features/datatypeWarning=true}], _dataSet=AbstractDataSet[_orderedTableNameMap=null]]) - start
23:04:30.589 [main] DEBUG o.dbunit.operation.AbstractOperation - getQualifiedName(prefix=, name=products, connection=org.dbunit.database.DatabaseConnection[schema=, connection=com.mysql.jdbc.JDBC4Connection@b33d0a, super=_databaseConfig=org.dbunit.database.DatabaseConfig[, _propertyMap={http://www.dbunit.org/properties/statementFactory=org.dbunit.database.statement.PreparedStatementFactory@16c9867, http://www.dbunit.org/features/caseSensitiveTableNames=false, http://www.dbunit.org/properties/fetchSize=100, http://www.dbunit.org/features/batchedStatements=false, http://www.dbunit.org/properties/metadataHandler=org.dbunit.database.DefaultMetadataHandler@89cc5e, http://www.dbunit.org/properties/datatypeFactory=org.dbunit.dataset.datatype.DefaultDataTypeFactory[_toleratedDeltaMap=org.dbunit.dataset.datatype.ToleratedDeltaMap@c837cd], http://www.dbunit.org/properties/escapePattern=null, http://www.dbunit.org/properties/batchSize=100, http://www.dbunit.org/features/qualifiedTableNames=false, http://www.dbunit.org/properties/tableType=[Ljava.lang.String;@c79809, http://www.dbunit.org/properties/resultSetTableFactory=org.dbunit.database.CachedResultSetTableFactory@1ce784b, http://www.dbunit.org/features/datatypeWarning=true}], _dataSet=AbstractDataSet[_orderedTableNameMap=null]]) - start
23:04:30.591 [main] DEBUG org.dbunit.util.QualifiedTableName - getQualifiedName() - start
23:04:30.591 [main] DEBUG org.dbunit.util.QualifiedTableName - getQualifiedName(prefix=, name=products, escapePattern=null) - start
23:04:30.591 [main] DEBUG o.dbunit.operation.AbstractOperation - getQualifiedName(prefix=null, name=sku_number, connection=org.dbunit.database.DatabaseConnection[schema=, connection=com.mysql.jdbc.JDBC4Connection@b33d0a, super=_databaseConfig=org.dbunit.database.DatabaseConfig[, _propertyMap={http://www.dbunit.org/properties/statementFactory=org.dbunit.database.statement.PreparedStatementFactory@16c9867, http://www.dbunit.org/features/caseSensitiveTableNames=false, http://www.dbunit.org/properties/fetchSize=100, http://www.dbunit.org/features/batchedStatements=false, http://www.dbunit.org/properties/metadataHandler=org.dbunit.database.DefaultMetadataHandler@89cc5e, http://www.dbunit.org/properties/datatypeFactory=org.dbunit.dataset.datatype.DefaultDataTypeFactory[_toleratedDeltaMap=org.dbunit.dataset.datatype.ToleratedDeltaMap@c837cd], http://www.dbunit.org/properties/escapePattern=null, http://www.dbunit.org/properties/batchSize=100, http://www.dbunit.org/features/qualifiedTableNames=false, http://www.dbunit.org/properties/tableType=[Ljava.lang.String;@c79809, http://www.dbunit.org/properties/resultSetTableFactory=org.dbunit.database.CachedResultSetTableFactory@1ce784b, http://www.dbunit.org/features/datatypeWarning=true}], _dataSet=AbstractDataSet[_orderedTableNameMap=null]]) - start
23:04:30.595 [main] DEBUG org.dbunit.util.QualifiedTableName - getQualifiedName() - start
23:04:30.595 [main] DEBUG org.dbunit.util.QualifiedTableName - getQualifiedName(prefix=null, name=sku_number, escapePattern=null) - start
23:04:30.595 [main] DEBUG o.dbunit.operation.AbstractOperation - getQualifiedName(prefix=null, name=name, connection=org.dbunit.database.DatabaseConnection[schema=, connection=com.mysql.jdbc.JDBC4Connection@b33d0a, super=_databaseConfig=org.dbunit.database.DatabaseConfig[, _propertyMap={http://www.dbunit.org/properties/statementFactory=org.dbunit.database.statement.PreparedStatementFactory@16c9867, http://www.dbunit.org/features/caseSensitiveTableNames=false, http://www.dbunit.org/properties/fetchSize=100, http://www.dbunit.org/features/batchedStatements=false, http://www.dbunit.org/properties/metadataHandler=org.dbunit.database.DefaultMetadataHandler@89cc5e, http://www.dbunit.org/properties/datatypeFactory=org.dbunit.dataset.datatype.DefaultDataTypeFactory[_toleratedDeltaMap=org.dbunit.dataset.datatype.ToleratedDeltaMap@c837cd], http://www.dbunit.org/properties/escapePattern=null, http://www.dbunit.org/properties/batchSize=100, http://www.dbunit.org/features/qualifiedTableNames=false, http://www.dbunit.org/properties/tableType=[Ljava.lang.String;@c79809, http://www.dbunit.org/properties/resultSetTableFactory=org.dbunit.database.CachedResultSetTableFactory@1ce784b, http://www.dbunit.org/features/datatypeWarning=true}], _dataSet=AbstractDataSet[_orderedTableNameMap=null]]) - start
23:04:30.599 [main] DEBUG org.dbunit.util.QualifiedTableName - getQualifiedName() - start
23:04:30.599 [main] DEBUG org.dbunit.util.QualifiedTableName - getQualifiedName(prefix=null, name=name, escapePattern=null) - start
23:04:30.599 [main] DEBUG o.dbunit.operation.AbstractOperation - getQualifiedName(prefix=null, name=amount, connection=org.dbunit.database.DatabaseConnection[schema=, connection=com.mysql.jdbc.JDBC4Connection@b33d0a, super=_databaseConfig=org.dbunit.database.DatabaseConfig[, _propertyMap={http://www.dbunit.org/properties/statementFactory=org.dbunit.database.statement.PreparedStatementFactory@16c9867, http://www.dbunit.org/features/caseSensitiveTableNames=false, http://www.dbunit.org/properties/fetchSize=100, http://www.dbunit.org/features/batchedStatements=false, http://www.dbunit.org/properties/metadataHandler=org.dbunit.database.DefaultMetadataHandler@89cc5e, http://www.dbunit.org/properties/datatypeFactory=org.dbunit.dataset.datatype.DefaultDataTypeFactory[_toleratedDeltaMap=org.dbunit.dataset.datatype.ToleratedDeltaMap@c837cd], http://www.dbunit.org/properties/escapePattern=null, http://www.dbunit.org/properties/batchSize=100, http://www.dbunit.org/features/qualifiedTableNames=false, http://www.dbunit.org/properties/tableType=[Ljava.lang.String;@c79809, http://www.dbunit.org/properties/resultSetTableFactory=org.dbunit.database.CachedResultSetTableFactory@1ce784b, http://www.dbunit.org/features/datatypeWarning=true}], _dataSet=AbstractDataSet[_orderedTableNameMap=null]]) - start
23:04:30.604 [main] DEBUG org.dbunit.util.QualifiedTableName - getQualifiedName() - start
23:04:30.604 [main] DEBUG org.dbunit.util.QualifiedTableName - getQualifiedName(prefix=null, name=amount, escapePattern=null) - start
23:04:30.604 [main] DEBUG o.d.d.s.PreparedStatementFactory - createPreparedBatchStatement(sql=insert into products (sku_number, name, amount) values (?, ?, ?), connection=org.dbunit.database.DatabaseConnection[schema=, connection=com.mysql.jdbc.JDBC4Connection@b33d0a, super=_databaseConfig=org.dbunit.database.DatabaseConfig[, _propertyMap={http://www.dbunit.org/properties/statementFactory=org.dbunit.database.statement.PreparedStatementFactory@16c9867, http://www.dbunit.org/features/caseSensitiveTableNames=false, http://www.dbunit.org/properties/fetchSize=100, http://www.dbunit.org/features/batchedStatements=false, http://www.dbunit.org/properties/metadataHandler=org.dbunit.database.DefaultMetadataHandler@89cc5e, http://www.dbunit.org/properties/datatypeFactory=org.dbunit.dataset.datatype.DefaultDataTypeFactory[_toleratedDeltaMap=org.dbunit.dataset.datatype.ToleratedDeltaMap@c837cd], http://www.dbunit.org/properties/escapePattern=null, http://www.dbunit.org/properties/batchSize=100, http://www.dbunit.org/features/qualifiedTableNames=false, http://www.dbunit.org/properties/tableType=[Ljava.lang.String;@c79809, http://www.dbunit.org/properties/resultSetTableFactory=org.dbunit.database.CachedResultSetTableFactory@1ce784b, http://www.dbunit.org/features/datatypeWarning=true}], _dataSet=AbstractDataSet[_orderedTableNameMap=null]]) - start
23:04:30.609 [main] DEBUG o.d.d.s.AbstractStatementFactory - supportBatchStatement(connection=org.dbunit.database.DatabaseConnection[schema=, connection=com.mysql.jdbc.JDBC4Connection@b33d0a, super=_databaseConfig=org.dbunit.database.DatabaseConfig[, _propertyMap={http://www.dbunit.org/properties/statementFactory=org.dbunit.database.statement.PreparedStatementFactory@16c9867, http://www.dbunit.org/features/caseSensitiveTableNames=false, http://www.dbunit.org/properties/fetchSize=100, http://www.dbunit.org/features/batchedStatements=false, http://www.dbunit.org/properties/metadataHandler=org.dbunit.database.DefaultMetadataHandler@89cc5e, http://www.dbunit.org/properties/datatypeFactory=org.dbunit.dataset.datatype.DefaultDataTypeFactory[_toleratedDeltaMap=org.dbunit.dataset.datatype.ToleratedDeltaMap@c837cd], http://www.dbunit.org/properties/escapePattern=null, http://www.dbunit.org/properties/batchSize=100, http://www.dbunit.org/features/qualifiedTableNames=false, http://www.dbunit.org/properties/tableType=[Ljava.lang.String;@c79809, http://www.dbunit.org/properties/resultSetTableFactory=org.dbunit.database.CachedResultSetTableFactory@1ce784b, http://www.dbunit.org/features/datatypeWarning=true}], _dataSet=AbstractDataSet[_orderedTableNameMap=null]]) - start
23:04:30.613 [main] DEBUG org.dbunit.dataset.DefaultTable - getValue(row=0, column=sku_number) - start
23:04:30.613 [main] DEBUG org.dbunit.dataset.AbstractTable - assertValidRowIndex(row=0) - start
23:04:30.613 [main] DEBUG org.dbunit.dataset.AbstractTable - assertValidRowIndex(row=0, rowCount=4) - start
23:04:30.613 [main] DEBUG org.dbunit.dataset.AbstractTable - getColumnIndex(columnName=sku_number) - start
23:04:30.613 [main] DEBUG o.d.dataset.AbstractTableMetaData - getColumnIndex(columnName=sku_number) - start
23:04:30.617 [main] DEBUG o.d.d.s.AutomaticPreparedBatchStatement - addValue(value=1, dataType=INTEGER) - start
23:04:30.617 [main] DEBUG o.d.d.s.SimplePreparedStatement - addValue(value=1, dataType=INTEGER) - start
23:04:30.617 [main] DEBUG o.d.dataset.datatype.IntegerDataType - setSqlValue(value=1, column=1, statement=com.mysql.jdbc.JDBC4PreparedStatement@c743eb: insert into products (sku_number, name, amount) values (** NOT SPECIFIED **, ** NOT SPECIFIED **, ** NOT SPECIFIED **)) - start
23:04:30.617 [main] DEBUG o.d.dataset.datatype.IntegerDataType - typeCast(value=1) - start
23:04:30.622 [main] DEBUG o.d.dataset.datatype.IntegerDataType - typeCast(value=1) - start
23:04:30.622 [main] DEBUG org.dbunit.dataset.DefaultTable - getValue(row=0, column=name) - start
23:04:30.622 [main] DEBUG org.dbunit.dataset.AbstractTable - assertValidRowIndex(row=0) - start
23:04:30.622 [main] DEBUG org.dbunit.dataset.AbstractTable - assertValidRowIndex(row=0, rowCount=4) - start
23:04:30.622 [main] DEBUG org.dbunit.dataset.AbstractTable - getColumnIndex(columnName=name) - start
23:04:30.622 [main] DEBUG o.d.dataset.AbstractTableMetaData - getColumnIndex(columnName=name) - start
23:04:30.623 [main] DEBUG o.d.d.s.AutomaticPreparedBatchStatement - addValue(value=Product 1, dataType=VARCHAR) - start
23:04:30.623 [main] DEBUG o.d.d.s.SimplePreparedStatement - addValue(value=Product 1, dataType=VARCHAR) - start
23:04:30.623 [main] DEBUG o.d.dataset.datatype.StringDataType - setSqlValue(value=Product 1, column=2, statement=com.mysql.jdbc.JDBC4PreparedStatement@c743eb: insert into products (sku_number, name, amount) values (1, ** NOT SPECIFIED **, ** NOT SPECIFIED **)) - start
23:04:30.625 [main] DEBUG org.dbunit.dataset.datatype.DataType - asString(value=Product 1) - start
23:04:30.625 [main] DEBUG o.d.dataset.datatype.StringDataType - typeCast(value=Product 1) - start
23:04:30.625 [main] DEBUG org.dbunit.dataset.DefaultTable - getValue(row=0, column=amount) - start
23:04:30.625 [main] DEBUG org.dbunit.dataset.AbstractTable - assertValidRowIndex(row=0) - start
23:04:30.625 [main] DEBUG org.dbunit.dataset.AbstractTable - assertValidRowIndex(row=0, rowCount=4) - start
23:04:30.625 [main] DEBUG org.dbunit.dataset.AbstractTable - getColumnIndex(columnName=amount) - start
23:04:30.625 [main] DEBUG o.d.dataset.AbstractTableMetaData - getColumnIndex(columnName=amount) - start
23:04:30.626 [main] DEBUG o.d.d.s.AutomaticPreparedBatchStatement - addValue(value=20.00, dataType=DECIMAL) - start
23:04:30.626 [main] DEBUG o.d.d.s.SimplePreparedStatement - addValue(value=20.00, dataType=DECIMAL) - start
23:04:30.626 [main] DEBUG o.d.dataset.datatype.NumberDataType - setSqlValue(value=20.00, column=3, statement=com.mysql.jdbc.JDBC4PreparedStatement@c743eb: insert into products (sku_number, name, amount) values (1, 'Product 1', ** NOT SPECIFIED **)) - start
23:04:30.626 [main] DEBUG o.d.dataset.datatype.NumberDataType - typeCast(value=20.00) - start
23:04:30.629 [main] DEBUG o.d.d.s.AutomaticPreparedBatchStatement - addBatch() - start
23:04:30.629 [main] DEBUG o.d.d.s.SimplePreparedStatement - addBatch() - start
23:04:30.645 [main] DEBUG org.dbunit.operation.InsertOperation - equalsIgnoreMapping(ignoreMapping={}, table=org.dbunit.dataset.DefaultTable[_metaData=tableName=products, columns=[(sku_number, UNKNOWN, nullableUnknown), (name, UNKNOWN, nullableUnknown), (amount, UNKNOWN, nullableUnknown)], keys=[], _rowList.size()=4], row=1) - start
23:04:30.645 [main] DEBUG org.dbunit.dataset.DefaultTable - getValue(row=1, column=sku_number) - start
23:04:30.645 [main] DEBUG org.dbunit.dataset.AbstractTable - assertValidRowIndex(row=1) - start
23:04:30.731 [main] DEBUG org.dbunit.dataset.AbstractTable - assertValidRowIndex(row=1, rowCount=4) - start
23:04:30.731 [main] DEBUG org.dbunit.dataset.AbstractTable - getColumnIndex(columnName=sku_number) - start
23:04:30.731 [main] DEBUG o.d.dataset.AbstractTableMetaData - getColumnIndex(columnName=sku_number) - start
23:04:30.731 [main] DEBUG org.dbunit.dataset.DefaultTable - getValue(row=1, column=name) - start
23:04:30.731 [main] DEBUG org.dbunit.dataset.AbstractTable - assertValidRowIndex(row=1) - start
23:04:30.732 [main] DEBUG org.dbunit.dataset.AbstractTable - assertValidRowIndex(row=1, rowCount=4) - start
23:04:30.732 [main] DEBUG org.dbunit.dataset.AbstractTable - getColumnIndex(columnName=name) - start
23:04:30.732 [main] DEBUG o.d.dataset.AbstractTableMetaData - getColumnIndex(columnName=name) - start
23:04:30.732 [main] DEBUG org.dbunit.dataset.DefaultTable - getValue(row=1, column=amount) - start
23:04:30.732 [main] DEBUG org.dbunit.dataset.AbstractTable - assertValidRowIndex(row=1) - start
23:04:30.732 [main] DEBUG org.dbunit.dataset.AbstractTable - assertValidRowIndex(row=1, rowCount=4) - start
23:04:30.733 [main] DEBUG org.dbunit.dataset.AbstractTable - getColumnIndex(columnName=amount) - start
23:04:30.733 [main] DEBUG o.d.dataset.AbstractTableMetaData - getColumnIndex(columnName=amount) - start
23:04:30.733 [main] DEBUG org.dbunit.dataset.DefaultTable - getValue(row=1, column=sku_number) - start
23:04:30.733 [main] DEBUG org.dbunit.dataset.AbstractTable - assertValidRowIndex(row=1) - start
23:04:30.733 [main] DEBUG org.dbunit.dataset.AbstractTable - assertValidRowIndex(row=1, rowCount=4) - start
23:04:30.735 [main] DEBUG org.dbunit.dataset.AbstractTable - getColumnIndex(columnName=sku_number) - start
23:04:30.735 [main] DEBUG o.d.dataset.AbstractTableMetaData - getColumnIndex(columnName=sku_number) - start
23:04:30.735 [main] DEBUG o.d.d.s.AutomaticPreparedBatchStatement - addValue(value=2, dataType=INTEGER) - start
23:04:30.735 [main] DEBUG o.d.d.s.SimplePreparedStatement - addValue(value=2, dataType=INTEGER) - start
23:04:30.735 [main] DEBUG o.d.dataset.datatype.IntegerDataType - setSqlValue(value=2, column=1, statement=com.mysql.jdbc.JDBC4PreparedStatement@c743eb: insert into products (sku_number, name, amount) values (1, 'Product 1', 20.00)) - start
23:04:30.737 [main] DEBUG o.d.dataset.datatype.IntegerDataType - typeCast(value=2) - start
23:04:30.737 [main] DEBUG o.d.dataset.datatype.IntegerDataType - typeCast(value=2) - start
23:04:30.737 [main] DEBUG org.dbunit.dataset.DefaultTable - getValue(row=1, column=name) - start
23:04:30.737 [main] DEBUG org.dbunit.dataset.AbstractTable - assertValidRowIndex(row=1) - start
23:04:30.737 [main] DEBUG org.dbunit.dataset.AbstractTable - assertValidRowIndex(row=1, rowCount=4) - start
23:04:30.737 [main] DEBUG org.dbunit.dataset.AbstractTable - getColumnIndex(columnName=name) - start
23:04:30.739 [main] DEBUG o.d.dataset.AbstractTableMetaData - getColumnIndex(columnName=name) - start
23:04:30.739 [main] DEBUG o.d.d.s.AutomaticPreparedBatchStatement - addValue(value=Product 2, dataType=VARCHAR) - start
23:04:30.739 [main] DEBUG o.d.d.s.SimplePreparedStatement - addValue(value=Product 2, dataType=VARCHAR) - start
23:04:30.739 [main] DEBUG o.d.dataset.datatype.StringDataType - setSqlValue(value=Product 2, column=2, statement=com.mysql.jdbc.JDBC4PreparedStatement@c743eb: insert into products (sku_number, name, amount) values (2, 'Product 1', 20.00)) - start
23:04:30.741 [main] DEBUG org.dbunit.dataset.datatype.DataType - asString(value=Product 2) - start
23:04:30.741 [main] DEBUG o.d.dataset.datatype.StringDataType - typeCast(value=Product 2) - start
23:04:30.741 [main] DEBUG org.dbunit.dataset.DefaultTable - getValue(row=1, column=amount) - start
23:04:30.741 [main] DEBUG org.dbunit.dataset.AbstractTable - assertValidRowIndex(row=1) - start
23:04:30.741 [main] DEBUG org.dbunit.dataset.AbstractTable - assertValidRowIndex(row=1, rowCount=4) - start
23:04:30.741 [main] DEBUG org.dbunit.dataset.AbstractTable - getColumnIndex(columnName=amount) - start
23:04:30.742 [main] DEBUG o.d.dataset.AbstractTableMetaData - getColumnIndex(columnName=amount) - start
23:04:30.742 [main] DEBUG o.d.d.s.AutomaticPreparedBatchStatement - addValue(value=50.00, dataType=DECIMAL) - start
23:04:30.742 [main] DEBUG o.d.d.s.SimplePreparedStatement - addValue(value=50.00, dataType=DECIMAL) - start
23:04:30.742 [main] DEBUG o.d.dataset.datatype.NumberDataType - setSqlValue(value=50.00, column=3, statement=com.mysql.jdbc.JDBC4PreparedStatement@c743eb: insert into products (sku_number, name, amount) values (2, 'Product 2', 20.00)) - start
23:04:30.744 [main] DEBUG o.d.dataset.datatype.NumberDataType - typeCast(value=50.00) - start
23:04:30.744 [main] DEBUG o.d.d.s.AutomaticPreparedBatchStatement - addBatch() - start
23:04:30.744 [main] DEBUG o.d.d.s.SimplePreparedStatement - addBatch() - start
23:04:30.770 [main] DEBUG org.dbunit.operation.InsertOperation - equalsIgnoreMapping(ignoreMapping={}, table=org.dbunit.dataset.DefaultTable[_metaData=tableName=products, columns=[(sku_number, UNKNOWN, nullableUnknown), (name, UNKNOWN, nullableUnknown), (amount, UNKNOWN, nullableUnknown)], keys=[], _rowList.size()=4], row=2) - start
23:04:30.770 [main] DEBUG org.dbunit.dataset.DefaultTable - getValue(row=2, column=sku_number) - start
23:04:30.770 [main] DEBUG org.dbunit.dataset.AbstractTable - assertValidRowIndex(row=2) - start
23:04:30.847 [main] DEBUG org.dbunit.dataset.AbstractTable - assertValidRowIndex(row=2, rowCount=4) - start
23:04:30.847 [main] DEBUG org.dbunit.dataset.AbstractTable - getColumnIndex(columnName=sku_number) - start
23:04:30.847 [main] DEBUG o.d.dataset.AbstractTableMetaData - getColumnIndex(columnName=sku_number) - start
23:04:30.847 [main] DEBUG org.dbunit.dataset.DefaultTable - getValue(row=2, column=name) - start
23:04:30.847 [main] DEBUG org.dbunit.dataset.AbstractTable - assertValidRowIndex(row=2) - start
23:04:30.848 [main] DEBUG org.dbunit.dataset.AbstractTable - assertValidRowIndex(row=2, rowCount=4) - start
23:04:30.848 [main] DEBUG org.dbunit.dataset.AbstractTable - getColumnIndex(columnName=name) - start
23:04:30.848 [main] DEBUG o.d.dataset.AbstractTableMetaData - getColumnIndex(columnName=name) - start
23:04:30.848 [main] DEBUG org.dbunit.dataset.DefaultTable - getValue(row=2, column=amount) - start
23:04:30.848 [main] DEBUG org.dbunit.dataset.AbstractTable - assertValidRowIndex(row=2) - start
23:04:30.848 [main] DEBUG org.dbunit.dataset.AbstractTable - assertValidRowIndex(row=2, rowCount=4) - start
23:04:30.850 [main] DEBUG org.dbunit.dataset.AbstractTable - getColumnIndex(columnName=amount) - start
23:04:30.850 [main] DEBUG o.d.dataset.AbstractTableMetaData - getColumnIndex(columnName=amount) - start
23:04:30.850 [main] DEBUG org.dbunit.dataset.DefaultTable - getValue(row=2, column=sku_number) - start
23:04:30.850 [main] DEBUG org.dbunit.dataset.AbstractTable - assertValidRowIndex(row=2) - start
23:04:30.850 [main] DEBUG org.dbunit.dataset.AbstractTable - assertValidRowIndex(row=2, rowCount=4) - start
23:04:30.851 [main] DEBUG org.dbunit.dataset.AbstractTable - getColumnIndex(columnName=sku_number) - start
23:04:30.851 [main] DEBUG o.d.dataset.AbstractTableMetaData - getColumnIndex(columnName=sku_number) - start
23:04:30.851 [main] DEBUG o.d.d.s.AutomaticPreparedBatchStatement - addValue(value=3, dataType=INTEGER) - start
23:04:30.853 [main] DEBUG o.d.d.s.SimplePreparedStatement - addValue(value=3, dataType=INTEGER) - start
23:04:30.853 [main] DEBUG o.d.dataset.datatype.IntegerDataType - setSqlValue(value=3, column=1, statement=com.mysql.jdbc.JDBC4PreparedStatement@c743eb: insert into products (sku_number, name, amount) values (2, 'Product 2', 50.00)) - start
23:04:30.853 [main] DEBUG o.d.dataset.datatype.IntegerDataType - typeCast(value=3) - start
23:04:30.853 [main] DEBUG o.d.dataset.datatype.IntegerDataType - typeCast(value=3) - start
23:04:30.853 [main] DEBUG org.dbunit.dataset.DefaultTable - getValue(row=2, column=name) - start
23:04:30.853 [main] DEBUG org.dbunit.dataset.AbstractTable - assertValidRowIndex(row=2) - start
23:04:30.853 [main] DEBUG org.dbunit.dataset.AbstractTable - assertValidRowIndex(row=2, rowCount=4) - start
23:04:30.853 [main] DEBUG org.dbunit.dataset.AbstractTable - getColumnIndex(columnName=name) - start
23:04:30.855 [main] DEBUG o.d.dataset.AbstractTableMetaData - getColumnIndex(columnName=name) - start
23:04:30.855 [main] DEBUG o.d.d.s.AutomaticPreparedBatchStatement - addValue(value=Product 3, dataType=VARCHAR) - start
23:04:30.855 [main] DEBUG o.d.d.s.SimplePreparedStatement - addValue(value=Product 3, dataType=VARCHAR) - start
23:04:30.855 [main] DEBUG o.d.dataset.datatype.StringDataType - setSqlValue(value=Product 3, column=2, statement=com.mysql.jdbc.JDBC4PreparedStatement@c743eb: insert into products (sku_number, name, amount) values (3, 'Product 2', 50.00)) - start
23:04:30.857 [main] DEBUG org.dbunit.dataset.datatype.DataType - asString(value=Product 3) - start
23:04:30.857 [main] DEBUG o.d.dataset.datatype.StringDataType - typeCast(value=Product 3) - start
23:04:30.857 [main] DEBUG org.dbunit.dataset.DefaultTable - getValue(row=2, column=amount) - start
23:04:30.857 [main] DEBUG org.dbunit.dataset.AbstractTable - assertValidRowIndex(row=2) - start
23:04:30.857 [main] DEBUG org.dbunit.dataset.AbstractTable - assertValidRowIndex(row=2, rowCount=4) - start
23:04:30.857 [main] DEBUG org.dbunit.dataset.AbstractTable - getColumnIndex(columnName=amount) - start
23:04:30.858 [main] DEBUG o.d.dataset.AbstractTableMetaData - getColumnIndex(columnName=amount) - start
23:04:30.858 [main] DEBUG o.d.d.s.AutomaticPreparedBatchStatement - addValue(value=60.00, dataType=DECIMAL) - start
23:04:30.858 [main] DEBUG o.d.d.s.SimplePreparedStatement - addValue(value=60.00, dataType=DECIMAL) - start
23:04:30.858 [main] DEBUG o.d.dataset.datatype.NumberDataType - setSqlValue(value=60.00, column=3, statement=com.mysql.jdbc.JDBC4PreparedStatement@c743eb: insert into products (sku_number, name, amount) values (3, 'Product 3', 50.00)) - start
23:04:30.860 [main] DEBUG o.d.dataset.datatype.NumberDataType - typeCast(value=60.00) - start
23:04:30.860 [main] DEBUG o.d.d.s.AutomaticPreparedBatchStatement - addBatch() - start
23:04:30.860 [main] DEBUG o.d.d.s.SimplePreparedStatement - addBatch() - start
23:04:30.893 [main] DEBUG org.dbunit.operation.InsertOperation - equalsIgnoreMapping(ignoreMapping={}, table=org.dbunit.dataset.DefaultTable[_metaData=tableName=products, columns=[(sku_number, UNKNOWN, nullableUnknown), (name, UNKNOWN, nullableUnknown), (amount, UNKNOWN, nullableUnknown)], keys=[], _rowList.size()=4], row=3) - start
23:04:30.893 [main] DEBUG org.dbunit.dataset.DefaultTable - getValue(row=3, column=sku_number) - start
23:04:30.893 [main] DEBUG org.dbunit.dataset.AbstractTable - assertValidRowIndex(row=3) - start
23:04:30.963 [main] DEBUG org.dbunit.dataset.AbstractTable - assertValidRowIndex(row=3, rowCount=4) - start
23:04:30.963 [main] DEBUG org.dbunit.dataset.AbstractTable - getColumnIndex(columnName=sku_number) - start
23:04:30.963 [main] DEBUG o.d.dataset.AbstractTableMetaData - getColumnIndex(columnName=sku_number) - start
23:04:30.963 [main] DEBUG org.dbunit.dataset.DefaultTable - getValue(row=3, column=name) - start
23:04:30.963 [main] DEBUG org.dbunit.dataset.AbstractTable - assertValidRowIndex(row=3) - start
23:04:30.964 [main] DEBUG org.dbunit.dataset.AbstractTable - assertValidRowIndex(row=3, rowCount=4) - start
23:04:30.964 [main] DEBUG org.dbunit.dataset.AbstractTable - getColumnIndex(columnName=name) - start
23:04:30.964 [main] DEBUG o.d.dataset.AbstractTableMetaData - getColumnIndex(columnName=name) - start
23:04:30.964 [main] DEBUG org.dbunit.dataset.DefaultTable - getValue(row=3, column=amount) - start
23:04:30.964 [main] DEBUG org.dbunit.dataset.AbstractTable - assertValidRowIndex(row=3) - start
23:04:30.964 [main] DEBUG org.dbunit.dataset.AbstractTable - assertValidRowIndex(row=3, rowCount=4) - start
23:04:30.966 [main] DEBUG org.dbunit.dataset.AbstractTable - getColumnIndex(columnName=amount) - start
23:04:30.966 [main] DEBUG o.d.dataset.AbstractTableMetaData - getColumnIndex(columnName=amount) - start
23:04:30.966 [main] DEBUG org.dbunit.dataset.DefaultTable - getValue(row=3, column=sku_number) - start
23:04:30.966 [main] DEBUG org.dbunit.dataset.AbstractTable - assertValidRowIndex(row=3) - start
23:04:30.966 [main] DEBUG org.dbunit.dataset.AbstractTable - assertValidRowIndex(row=3, rowCount=4) - start
23:04:30.967 [main] DEBUG org.dbunit.dataset.AbstractTable - getColumnIndex(columnName=sku_number) - start
23:04:30.968 [main] DEBUG o.d.dataset.AbstractTableMetaData - getColumnIndex(columnName=sku_number) - start
23:04:30.968 [main] DEBUG o.d.d.s.AutomaticPreparedBatchStatement - addValue(value=4, dataType=INTEGER) - start
23:04:30.968 [main] DEBUG o.d.d.s.SimplePreparedStatement - addValue(value=4, dataType=INTEGER) - start
23:04:30.968 [main] DEBUG o.d.dataset.datatype.IntegerDataType - setSqlValue(value=4, column=1, statement=com.mysql.jdbc.JDBC4PreparedStatement@c743eb: insert into products (sku_number, name, amount) values (3, 'Product 3', 60.00)) - start
23:04:30.969 [main] DEBUG o.d.dataset.datatype.IntegerDataType - typeCast(value=4) - start
23:04:30.969 [main] DEBUG o.d.dataset.datatype.IntegerDataType - typeCast(value=4) - start
23:04:30.969 [main] DEBUG org.dbunit.dataset.DefaultTable - getValue(row=3, column=name) - start
23:04:30.969 [main] DEBUG org.dbunit.dataset.AbstractTable - assertValidRowIndex(row=3) - start
23:04:30.969 [main] DEBUG org.dbunit.dataset.AbstractTable - assertValidRowIndex(row=3, rowCount=4) - start
23:04:30.969 [main] DEBUG org.dbunit.dataset.AbstractTable - getColumnIndex(columnName=name) - start
23:04:30.971 [main] DEBUG o.d.dataset.AbstractTableMetaData - getColumnIndex(columnName=name) - start
23:04:30.971 [main] DEBUG o.d.d.s.AutomaticPreparedBatchStatement - addValue(value=Product 4, dataType=VARCHAR) - start
23:04:30.971 [main] DEBUG o.d.d.s.SimplePreparedStatement - addValue(value=Product 4, dataType=VARCHAR) - start
23:04:30.971 [main] DEBUG o.d.dataset.datatype.StringDataType - setSqlValue(value=Product 4, column=2, statement=com.mysql.jdbc.JDBC4PreparedStatement@c743eb: insert into products (sku_number, name, amount) values (4, 'Product 3', 60.00)) - start
23:04:30.973 [main] DEBUG org.dbunit.dataset.datatype.DataType - asString(value=Product 4) - start
23:04:30.973 [main] DEBUG o.d.dataset.datatype.StringDataType - typeCast(value=Product 4) - start
23:04:30.973 [main] DEBUG org.dbunit.dataset.DefaultTable - getValue(row=3, column=amount) - start
23:04:30.973 [main] DEBUG org.dbunit.dataset.AbstractTable - assertValidRowIndex(row=3) - start
23:04:30.973 [main] DEBUG org.dbunit.dataset.AbstractTable - assertValidRowIndex(row=3, rowCount=4) - start
23:04:30.973 [main] DEBUG org.dbunit.dataset.AbstractTable - getColumnIndex(columnName=amount) - start
23:04:30.974 [main] DEBUG o.d.dataset.AbstractTableMetaData - getColumnIndex(columnName=amount) - start
23:04:30.974 [main] DEBUG o.d.d.s.AutomaticPreparedBatchStatement - addValue(value=200.00, dataType=DECIMAL) - start
23:04:30.974 [main] DEBUG o.d.d.s.SimplePreparedStatement - addValue(value=200.00, dataType=DECIMAL) - start
23:04:30.974 [main] DEBUG o.d.dataset.datatype.NumberDataType - setSqlValue(value=200.00, column=3, statement=com.mysql.jdbc.JDBC4PreparedStatement@c743eb: insert into products (sku_number, name, amount) values (4, 'Product 4', 60.00)) - start
23:04:30.976 [main] DEBUG o.d.dataset.datatype.NumberDataType - typeCast(value=200.00) - start
23:04:30.976 [main] DEBUG o.d.d.s.AutomaticPreparedBatchStatement - addBatch() - start
23:04:30.976 [main] DEBUG o.d.d.s.SimplePreparedStatement - addBatch() - start
23:04:30.997 [main] DEBUG org.dbunit.operation.InsertOperation - equalsIgnoreMapping(ignoreMapping={}, table=org.dbunit.dataset.DefaultTable[_metaData=tableName=products, columns=[(sku_number, UNKNOWN, nullableUnknown), (name, UNKNOWN, nullableUnknown), (amount, UNKNOWN, nullableUnknown)], keys=[], _rowList.size()=4], row=4) - start
23:04:30.997 [main] DEBUG org.dbunit.dataset.DefaultTable - getValue(row=4, column=sku_number) - start
23:04:30.997 [main] DEBUG org.dbunit.dataset.AbstractTable - assertValidRowIndex(row=4) - start
23:04:31.079 [main] DEBUG org.dbunit.dataset.AbstractTable - assertValidRowIndex(row=4, rowCount=4) - start
23:04:31.079 [main] DEBUG o.d.d.s.AutomaticPreparedBatchStatement - executeBatch() - start
23:04:31.079 [main] DEBUG o.d.d.s.SimplePreparedStatement - executeBatch() - start
23:04:31.079 [main] DEBUG o.d.d.s.SimplePreparedStatement - clearBatch() - start
23:04:31.079 [main] DEBUG o.d.d.s.AutomaticPreparedBatchStatement - clearBatch() - start
23:04:31.079 [main] DEBUG o.d.d.s.SimplePreparedStatement - clearBatch() - start
23:04:31.080 [main] DEBUG o.d.d.s.AutomaticPreparedBatchStatement - close() - start
23:04:31.080 [main] DEBUG o.d.d.s.AbstractPreparedBatchStatement - close() - start
23:04:31.080 [main] DEBUG o.d.dataset.DefaultTableIterator - getTable() - start
23:04:31.080 [main] DEBUG o.d.operation.AbstractBatchOperation - isEmpty(table=org.dbunit.dataset.DefaultTable[_metaData=tableName=orders, columns=[(order_number, UNKNOWN, nullableUnknown), (customer_id, UNKNOWN, nullableUnknown), (date, UNKNOWN, nullableUnknown), (amount, UNKNOWN, nullableUnknown), (order_status, UNKNOWN, nullableUnknown), (discount_status, UNKNOWN, nullableUnknown)], keys=[], _rowList.size()=6]) - start
23:04:31.082 [main] DEBUG org.dbunit.dataset.DefaultTable - getValue(row=0, column=order_number) - start
23:04:31.083 [main] DEBUG org.dbunit.dataset.AbstractTable - assertValidRowIndex(row=0) - start
23:04:31.083 [main] DEBUG org.dbunit.dataset.AbstractTable - assertValidRowIndex(row=0, rowCount=6) - start
23:04:31.083 [main] DEBUG org.dbunit.dataset.AbstractTable - getColumnIndex(columnName=order_number) - start
23:04:31.083 [main] DEBUG o.d.dataset.AbstractTableMetaData - getColumnIndex(columnName=order_number) - start
23:04:31.083 [main] DEBUG o.dbunit.operation.AbstractOperation - getOperationMetaData(connection=org.dbunit.database.DatabaseConnection[schema=, connection=com.mysql.jdbc.JDBC4Connection@b33d0a, super=_databaseConfig=org.dbunit.database.DatabaseConfig[, _propertyMap={http://www.dbunit.org/properties/statementFactory=org.dbunit.database.statement.PreparedStatementFactory@16c9867, http://www.dbunit.org/features/caseSensitiveTableNames=false, http://www.dbunit.org/properties/fetchSize=100, http://www.dbunit.org/features/batchedStatements=false, http://www.dbunit.org/properties/metadataHandler=org.dbunit.database.DefaultMetadataHandler@89cc5e, http://www.dbunit.org/properties/datatypeFactory=org.dbunit.dataset.datatype.DefaultDataTypeFactory[_toleratedDeltaMap=org.dbunit.dataset.datatype.ToleratedDeltaMap@c837cd], http://www.dbunit.org/properties/escapePattern=null, http://www.dbunit.org/properties/batchSize=100, http://www.dbunit.org/features/qualifiedTableNames=false, http://www.dbunit.org/properties/tableType=[Ljava.lang.String;@c79809, http://www.dbunit.org/properties/resultSetTableFactory=org.dbunit.database.CachedResultSetTableFactory@1ce784b, http://www.dbunit.org/features/datatypeWarning=true}], _dataSet=AbstractDataSet[_orderedTableNameMap=null]], metaData=tableName=orders, columns=[(order_number, UNKNOWN, nullableUnknown), (customer_id, UNKNOWN, nullableUnknown), (date, UNKNOWN, nullableUnknown), (amount, UNKNOWN, nullableUnknown), (order_status, UNKNOWN, nullableUnknown), (discount_status, UNKNOWN, nullableUnknown)], keys=[]) - start
23:04:31.084 [main] DEBUG o.d.d.AbstractDatabaseConnection - createDataSet() - start
23:04:31.084 [main] DEBUG org.dbunit.database.DatabaseDataSet - getTableMetaData(tableName=orders) - start
23:04:31.084 [main] DEBUG org.dbunit.database.DatabaseDataSet - initialize() - start
23:04:31.084 [main] DEBUG o.dbunit.dataset.OrderedTableNameMap - getTableName(tableName=orders) - start
23:04:31.084 [main] DEBUG o.dbunit.dataset.OrderedTableNameMap - getTableName(tableName=orders) - end - result=ORDERS
23:04:31.084 [main] DEBUG o.dbunit.dataset.OrderedTableNameMap - getTableName(tableName=orders) - start
23:04:31.086 [main] DEBUG o.dbunit.dataset.OrderedTableNameMap - getTableName(tableName=orders) - end - result=ORDERS
23:04:31.086 [main] DEBUG o.d.dataset.AbstractTableMetaData - getColumnIndex(columnName=order_number) - start
23:04:31.086 [main] DEBUG o.d.database.DatabaseTableMetaData - getColumns() - start
23:04:31.086 [main] DEBUG o.d.database.DatabaseTableMetaData - getColumns() - start
23:04:31.086 [main] DEBUG o.d.dataset.AbstractTableMetaData - getColumnIndex(columnName=customer_id) - start
23:04:31.086 [main] DEBUG o.d.database.DatabaseTableMetaData - getColumns() - start
23:04:31.091 [main] DEBUG o.d.dataset.AbstractTableMetaData - getColumnIndex(columnName=date) - start
23:04:31.091 [main] DEBUG o.d.database.DatabaseTableMetaData - getColumns() - start
23:04:31.091 [main] DEBUG o.d.dataset.AbstractTableMetaData - getColumnIndex(columnName=amount) - start
23:04:31.091 [main] DEBUG o.d.database.DatabaseTableMetaData - getColumns() - start
23:04:31.091 [main] DEBUG o.d.dataset.AbstractTableMetaData - getColumnIndex(columnName=order_status) - start
23:04:31.091 [main] DEBUG o.d.database.DatabaseTableMetaData - getColumns() - start
23:04:31.093 [main] DEBUG o.d.dataset.AbstractTableMetaData - getColumnIndex(columnName=discount_status) - start
23:04:31.093 [main] DEBUG o.d.database.DatabaseTableMetaData - getColumns() - start
23:04:31.093 [main] DEBUG o.d.database.DatabaseTableMetaData - getPrimaryKeys() - start
23:04:31.093 [main] DEBUG org.dbunit.operation.InsertOperation - getIgnoreMapping(table=org.dbunit.dataset.DefaultTable[_metaData=tableName=orders, columns=[(order_number, UNKNOWN, nullableUnknown), (customer_id, UNKNOWN, nullableUnknown), (date, UNKNOWN, nullableUnknown), (amount, UNKNOWN, nullableUnknown), (order_status, UNKNOWN, nullableUnknown), (discount_status, UNKNOWN, nullableUnknown)], keys=[], _rowList.size()=6], row=0) - start
23:04:31.095 [main] DEBUG org.dbunit.dataset.DefaultTable - getValue(row=0, column=order_number) - start
23:04:31.095 [main] DEBUG org.dbunit.dataset.AbstractTable - assertValidRowIndex(row=0) - start
23:04:31.095 [main] DEBUG org.dbunit.dataset.AbstractTable - assertValidRowIndex(row=0, rowCount=6) - start
23:04:31.095 [main] DEBUG org.dbunit.dataset.AbstractTable - getColumnIndex(columnName=order_number) - start
23:04:31.095 [main] DEBUG o.d.dataset.AbstractTableMetaData - getColumnIndex(columnName=order_number) - start
23:04:31.096 [main] DEBUG org.dbunit.dataset.DefaultTable - getValue(row=0, column=customer_id) - start
23:04:31.096 [main] DEBUG org.dbunit.dataset.AbstractTable - assertValidRowIndex(row=0) - start
23:04:31.096 [main] DEBUG org.dbunit.dataset.AbstractTable - assertValidRowIndex(row=0, rowCount=6) - start
23:04:31.096 [main] DEBUG org.dbunit.dataset.AbstractTable - getColumnIndex(columnName=customer_id) - start
23:04:31.096 [main] DEBUG o.d.dataset.AbstractTableMetaData - getColumnIndex(columnName=customer_id) - start
23:04:31.098 [main] DEBUG org.dbunit.dataset.DefaultTable - getValue(row=0, column=date) - start
23:04:31.098 [main] DEBUG org.dbunit.dataset.AbstractTable - assertValidRowIndex(row=0) - start
23:04:31.098 [main] DEBUG org.dbunit.dataset.AbstractTable - assertValidRowIndex(row=0, rowCount=6) - start
23:04:31.098 [main] DEBUG org.dbunit.dataset.AbstractTable - getColumnIndex(columnName=date) - start
23:04:31.098 [main] DEBUG o.d.dataset.AbstractTableMetaData - getColumnIndex(columnName=date) - start
23:04:31.098 [main] DEBUG org.dbunit.dataset.DefaultTable - getValue(row=0, column=amount) - start
23:04:31.100 [main] DEBUG org.dbunit.dataset.AbstractTable - assertValidRowIndex(row=0) - start
23:04:31.100 [main] DEBUG org.dbunit.dataset.AbstractTable - assertValidRowIndex(row=0, rowCount=6) - start
23:04:31.100 [main] DEBUG org.dbunit.dataset.AbstractTable - getColumnIndex(columnName=amount) - start
23:04:31.100 [main] DEBUG o.d.dataset.AbstractTableMetaData - getColumnIndex(columnName=amount) - start
23:04:31.100 [main] DEBUG org.dbunit.dataset.DefaultTable - getValue(row=0, column=order_status) - start
23:04:31.102 [main] DEBUG org.dbunit.dataset.AbstractTable - assertValidRowIndex(row=0) - start
23:04:31.102 [main] DEBUG org.dbunit.dataset.AbstractTable - assertValidRowIndex(row=0, rowCount=6) - start
23:04:31.102 [main] DEBUG org.dbunit.dataset.AbstractTable - getColumnIndex(columnName=order_status) - start
23:04:31.102 [main] DEBUG o.d.dataset.AbstractTableMetaData - getColumnIndex(columnName=order_status) - start
23:04:31.102 [main] DEBUG org.dbunit.dataset.DefaultTable - getValue(row=0, column=discount_status) - start
23:04:31.103 [main] DEBUG org.dbunit.dataset.AbstractTable - assertValidRowIndex(row=0) - start
23:04:31.103 [main] DEBUG org.dbunit.dataset.AbstractTable - assertValidRowIndex(row=0, rowCount=6) - start
23:04:31.103 [main] DEBUG org.dbunit.dataset.AbstractTable - getColumnIndex(columnName=discount_status) - start
23:04:31.103 [main] DEBUG o.d.dataset.AbstractTableMetaData - getColumnIndex(columnName=discount_status) - start
23:04:31.103 [main] DEBUG org.dbunit.operation.InsertOperation - getOperationData(metaData=tableName=orders, columns=[(order_number, INTEGER, noNulls), (customer_id, INTEGER, noNulls), (date, DATE, noNulls), (amount, DECIMAL, noNulls), (order_status, VARCHAR, noNulls), (discount_status, VARCHAR, noNulls)], keys=[(order_number, INTEGER, noNulls)], ignoreMapping={}, connection=org.dbunit.database.DatabaseConnection[schema=, connection=com.mysql.jdbc.JDBC4Connection@b33d0a, super=_databaseConfig=org.dbunit.database.DatabaseConfig[, _propertyMap={http://www.dbunit.org/properties/statementFactory=org.dbunit.database.statement.PreparedStatementFactory@16c9867, http://www.dbunit.org/features/caseSensitiveTableNames=false, http://www.dbunit.org/properties/fetchSize=100, http://www.dbunit.org/features/batchedStatements=false, http://www.dbunit.org/properties/metadataHandler=org.dbunit.database.DefaultMetadataHandler@89cc5e, http://www.dbunit.org/properties/datatypeFactory=org.dbunit.dataset.datatype.DefaultDataTypeFactory[_toleratedDeltaMap=org.dbunit.dataset.datatype.ToleratedDeltaMap@c837cd], http://www.dbunit.org/properties/escapePattern=null, http://www.dbunit.org/properties/batchSize=100, http://www.dbunit.org/features/qualifiedTableNames=false, http://www.dbunit.org/properties/tableType=[Ljava.lang.String;@c79809, http://www.dbunit.org/properties/resultSetTableFactory=org.dbunit.database.CachedResultSetTableFactory@1ce784b, http://www.dbunit.org/features/datatypeWarning=true}], _dataSet=AbstractDataSet[_orderedTableNameMap=null]]) - start
23:04:31.105 [main] DEBUG o.dbunit.operation.AbstractOperation - getQualifiedName(prefix=, name=orders, connection=org.dbunit.database.DatabaseConnection[schema=, connection=com.mysql.jdbc.JDBC4Connection@b33d0a, super=_databaseConfig=org.dbunit.database.DatabaseConfig[, _propertyMap={http://www.dbunit.org/properties/statementFactory=org.dbunit.database.statement.PreparedStatementFactory@16c9867, http://www.dbunit.org/features/caseSensitiveTableNames=false, http://www.dbunit.org/properties/fetchSize=100, http://www.dbunit.org/features/batchedStatements=false, http://www.dbunit.org/properties/metadataHandler=org.dbunit.database.DefaultMetadataHandler@89cc5e, http://www.dbunit.org/properties/datatypeFactory=org.dbunit.dataset.datatype.DefaultDataTypeFactory[_toleratedDeltaMap=org.dbunit.dataset.datatype.ToleratedDeltaMap@c837cd], http://www.dbunit.org/properties/escapePattern=null, http://www.dbunit.org/properties/batchSize=100, http://www.dbunit.org/features/qualifiedTableNames=false, http://www.dbunit.org/properties/tableType=[Ljava.lang.String;@c79809, http://www.dbunit.org/properties/resultSetTableFactory=org.dbunit.database.CachedResultSetTableFactory@1ce784b, http://www.dbunit.org/features/datatypeWarning=true}], _dataSet=AbstractDataSet[_orderedTableNameMap=null]]) - start
23:04:31.106 [main] DEBUG org.dbunit.util.QualifiedTableName - getQualifiedName() - start
23:04:31.107 [main] DEBUG org.dbunit.util.QualifiedTableName - getQualifiedName(prefix=, name=orders, escapePattern=null) - start
23:04:31.107 [main] DEBUG o.dbunit.operation.AbstractOperation - getQualifiedName(prefix=null, name=order_number, connection=org.dbunit.database.DatabaseConnection[schema=, connection=com.mysql.jdbc.JDBC4Connection@b33d0a, super=_databaseConfig=org.dbunit.database.DatabaseConfig[, _propertyMap={http://www.dbunit.org/properties/statementFactory=org.dbunit.database.statement.PreparedStatementFactory@16c9867, http://www.dbunit.org/features/caseSensitiveTableNames=false, http://www.dbunit.org/properties/fetchSize=100, http://www.dbunit.org/features/batchedStatements=false, http://www.dbunit.org/properties/metadataHandler=org.dbunit.database.DefaultMetadataHandler@89cc5e, http://www.dbunit.org/properties/datatypeFactory=org.dbunit.dataset.datatype.DefaultDataTypeFactory[_toleratedDeltaMap=org.dbunit.dataset.datatype.ToleratedDeltaMap@c837cd], http://www.dbunit.org/properties/escapePattern=null, http://www.dbunit.org/properties/batchSize=100, http://www.dbunit.org/features/qualifiedTableNames=false, http://www.dbunit.org/properties/tableType=[Ljava.lang.String;@c79809, http://www.dbunit.org/properties/resultSetTableFactory=org.dbunit.database.CachedResultSetTableFactory@1ce784b, http://www.dbunit.org/features/datatypeWarning=true}], _dataSet=AbstractDataSet[_orderedTableNameMap=null]]) - start
23:04:31.111 [main] DEBUG org.dbunit.util.QualifiedTableName - getQualifiedName() - start
23:04:31.111 [main] DEBUG org.dbunit.util.QualifiedTableName - getQualifiedName(prefix=null, name=order_number, escapePattern=null) - start
23:04:31.111 [main] DEBUG o.dbunit.operation.AbstractOperation - getQualifiedName(prefix=null, name=customer_id, connection=org.dbunit.database.DatabaseConnection[schema=, connection=com.mysql.jdbc.JDBC4Connection@b33d0a, super=_databaseConfig=org.dbunit.database.DatabaseConfig[, _propertyMap={http://www.dbunit.org/properties/statementFactory=org.dbunit.database.statement.PreparedStatementFactory@16c9867, http://www.dbunit.org/features/caseSensitiveTableNames=false, http://www.dbunit.org/properties/fetchSize=100, http://www.dbunit.org/features/batchedStatements=false, http://www.dbunit.org/properties/metadataHandler=org.dbunit.database.DefaultMetadataHandler@89cc5e, http://www.dbunit.org/properties/datatypeFactory=org.dbunit.dataset.datatype.DefaultDataTypeFactory[_toleratedDeltaMap=org.dbunit.dataset.datatype.ToleratedDeltaMap@c837cd], http://www.dbunit.org/properties/escapePattern=null, http://www.dbunit.org/properties/batchSize=100, http://www.dbunit.org/features/qualifiedTableNames=false, http://www.dbunit.org/properties/tableType=[Ljava.lang.String;@c79809, http://www.dbunit.org/properties/resultSetTableFactory=org.dbunit.database.CachedResultSetTableFactory@1ce784b, http://www.dbunit.org/features/datatypeWarning=true}], _dataSet=AbstractDataSet[_orderedTableNameMap=null]]) - start
23:04:31.116 [main] DEBUG org.dbunit.util.QualifiedTableName - getQualifiedName() - start
23:04:31.116 [main] DEBUG org.dbunit.util.QualifiedTableName - getQualifiedName(prefix=null, name=customer_id, escapePattern=null) - start
23:04:31.116 [main] DEBUG o.dbunit.operation.AbstractOperation - getQualifiedName(prefix=null, name=date, connection=org.dbunit.database.DatabaseConnection[schema=, connection=com.mysql.jdbc.JDBC4Connection@b33d0a, super=_databaseConfig=org.dbunit.database.DatabaseConfig[, _propertyMap={http://www.dbunit.org/properties/statementFactory=org.dbunit.database.statement.PreparedStatementFactory@16c9867, http://www.dbunit.org/features/caseSensitiveTableNames=false, http://www.dbunit.org/properties/fetchSize=100, http://www.dbunit.org/features/batchedStatements=false, http://www.dbunit.org/properties/metadataHandler=org.dbunit.database.DefaultMetadataHandler@89cc5e, http://www.dbunit.org/properties/datatypeFactory=org.dbunit.dataset.datatype.DefaultDataTypeFactory[_toleratedDeltaMap=org.dbunit.dataset.datatype.ToleratedDeltaMap@c837cd], http://www.dbunit.org/properties/escapePattern=null, http://www.dbunit.org/properties/batchSize=100, http://www.dbunit.org/features/qualifiedTableNames=false, http://www.dbunit.org/properties/tableType=[Ljava.lang.String;@c79809, http://www.dbunit.org/properties/resultSetTableFactory=org.dbunit.database.CachedResultSetTableFactory@1ce784b, http://www.dbunit.org/features/datatypeWarning=true}], _dataSet=AbstractDataSet[_orderedTableNameMap=null]]) - start
23:04:31.120 [main] DEBUG org.dbunit.util.QualifiedTableName - getQualifiedName() - start
23:04:31.120 [main] DEBUG org.dbunit.util.QualifiedTableName - getQualifiedName(prefix=null, name=date, escapePattern=null) - start
23:04:31.120 [main] DEBUG o.dbunit.operation.AbstractOperation - getQualifiedName(prefix=null, name=amount, connection=org.dbunit.database.DatabaseConnection[schema=, connection=com.mysql.jdbc.JDBC4Connection@b33d0a, super=_databaseConfig=org.dbunit.database.DatabaseConfig[, _propertyMap={http://www.dbunit.org/properties/statementFactory=org.dbunit.database.statement.PreparedStatementFactory@16c9867, http://www.dbunit.org/features/caseSensitiveTableNames=false, http://www.dbunit.org/properties/fetchSize=100, http://www.dbunit.org/features/batchedStatements=false, http://www.dbunit.org/properties/metadataHandler=org.dbunit.database.DefaultMetadataHandler@89cc5e, http://www.dbunit.org/properties/datatypeFactory=org.dbunit.dataset.datatype.DefaultDataTypeFactory[_toleratedDeltaMap=org.dbunit.dataset.datatype.ToleratedDeltaMap@c837cd], http://www.dbunit.org/properties/escapePattern=null, http://www.dbunit.org/properties/batchSize=100, http://www.dbunit.org/features/qualifiedTableNames=false, http://www.dbunit.org/properties/tableType=[Ljava.lang.String;@c79809, http://www.dbunit.org/properties/resultSetTableFactory=org.dbunit.database.CachedResultSetTableFactory@1ce784b, http://www.dbunit.org/features/datatypeWarning=true}], _dataSet=AbstractDataSet[_orderedTableNameMap=null]]) - start
23:04:31.125 [main] DEBUG org.dbunit.util.QualifiedTableName - getQualifiedName() - start
23:04:31.125 [main] DEBUG org.dbunit.util.QualifiedTableName - getQualifiedName(prefix=null, name=amount, escapePattern=null) - start
23:04:31.125 [main] DEBUG o.dbunit.operation.AbstractOperation - getQualifiedName(prefix=null, name=order_status, connection=org.dbunit.database.DatabaseConnection[schema=, connection=com.mysql.jdbc.JDBC4Connection@b33d0a, super=_databaseConfig=org.dbunit.database.DatabaseConfig[, _propertyMap={http://www.dbunit.org/properties/statementFactory=org.dbunit.database.statement.PreparedStatementFactory@16c9867, http://www.dbunit.org/features/caseSensitiveTableNames=false, http://www.dbunit.org/properties/fetchSize=100, http://www.dbunit.org/features/batchedStatements=false, http://www.dbunit.org/properties/metadataHandler=org.dbunit.database.DefaultMetadataHandler@89cc5e, http://www.dbunit.org/properties/datatypeFactory=org.dbunit.dataset.datatype.DefaultDataTypeFactory[_toleratedDeltaMap=org.dbunit.dataset.datatype.ToleratedDeltaMap@c837cd], http://www.dbunit.org/properties/escapePattern=null, http://www.dbunit.org/properties/batchSize=100, http://www.dbunit.org/features/qualifiedTableNames=false, http://www.dbunit.org/properties/tableType=[Ljava.lang.String;@c79809, http://www.dbunit.org/properties/resultSetTableFactory=org.dbunit.database.CachedResultSetTableFactory@1ce784b, http://www.dbunit.org/features/datatypeWarning=true}], _dataSet=AbstractDataSet[_orderedTableNameMap=null]]) - start
23:04:31.129 [main] DEBUG org.dbunit.util.QualifiedTableName - getQualifiedName() - start
23:04:31.129 [main] DEBUG org.dbunit.util.QualifiedTableName - getQualifiedName(prefix=null, name=order_status, escapePattern=null) - start
23:04:31.129 [main] DEBUG o.dbunit.operation.AbstractOperation - getQualifiedName(prefix=null, name=discount_status, connection=org.dbunit.database.DatabaseConnection[schema=, connection=com.mysql.jdbc.JDBC4Connection@b33d0a, super=_databaseConfig=org.dbunit.database.DatabaseConfig[, _propertyMap={http://www.dbunit.org/properties/statementFactory=org.dbunit.database.statement.PreparedStatementFactory@16c9867, http://www.dbunit.org/features/caseSensitiveTableNames=false, http://www.dbunit.org/properties/fetchSize=100, http://www.dbunit.org/features/batchedStatements=false, http://www.dbunit.org/properties/metadataHandler=org.dbunit.database.DefaultMetadataHandler@89cc5e, http://www.dbunit.org/properties/datatypeFactory=org.dbunit.dataset.datatype.DefaultDataTypeFactory[_toleratedDeltaMap=org.dbunit.dataset.datatype.ToleratedDeltaMap@c837cd], http://www.dbunit.org/properties/escapePattern=null, http://www.dbunit.org/properties/batchSize=100, http://www.dbunit.org/features/qualifiedTableNames=false, http://www.dbunit.org/properties/tableType=[Ljava.lang.String;@c79809, http://www.dbunit.org/properties/resultSetTableFactory=org.dbunit.database.CachedResultSetTableFactory@1ce784b, http://www.dbunit.org/features/datatypeWarning=true}], _dataSet=AbstractDataSet[_orderedTableNameMap=null]]) - start
23:04:31.134 [main] DEBUG org.dbunit.util.QualifiedTableName - getQualifiedName() - start
23:04:31.134 [main] DEBUG org.dbunit.util.QualifiedTableName - getQualifiedName(prefix=null, name=discount_status, escapePattern=null) - start
23:04:31.134 [main] DEBUG o.d.d.s.PreparedStatementFactory - createPreparedBatchStatement(sql=insert into orders (order_number, customer_id, date, amount, order_status, discount_status) values (?, ?, ?, ?, ?, ?), connection=org.dbunit.database.DatabaseConnection[schema=, connection=com.mysql.jdbc.JDBC4Connection@b33d0a, super=_databaseConfig=org.dbunit.database.DatabaseConfig[, _propertyMap={http://www.dbunit.org/properties/statementFactory=org.dbunit.database.statement.PreparedStatementFactory@16c9867, http://www.dbunit.org/features/caseSensitiveTableNames=false, http://www.dbunit.org/properties/fetchSize=100, http://www.dbunit.org/features/batchedStatements=false, http://www.dbunit.org/properties/metadataHandler=org.dbunit.database.DefaultMetadataHandler@89cc5e, http://www.dbunit.org/properties/datatypeFactory=org.dbunit.dataset.datatype.DefaultDataTypeFactory[_toleratedDeltaMap=org.dbunit.dataset.datatype.ToleratedDeltaMap@c837cd], http://www.dbunit.org/properties/escapePattern=null, http://www.dbunit.org/properties/batchSize=100, http://www.dbunit.org/features/qualifiedTableNames=false, http://www.dbunit.org/properties/tableType=[Ljava.lang.String;@c79809, http://www.dbunit.org/properties/resultSetTableFactory=org.dbunit.database.CachedResultSetTableFactory@1ce784b, http://www.dbunit.org/features/datatypeWarning=true}], _dataSet=AbstractDataSet[_orderedTableNameMap=null]]) - start
23:04:31.139 [main] DEBUG o.d.d.s.AbstractStatementFactory - supportBatchStatement(connection=org.dbunit.database.DatabaseConnection[schema=, connection=com.mysql.jdbc.JDBC4Connection@b33d0a, super=_databaseConfig=org.dbunit.database.DatabaseConfig[, _propertyMap={http://www.dbunit.org/properties/statementFactory=org.dbunit.database.statement.PreparedStatementFactory@16c9867, http://www.dbunit.org/features/caseSensitiveTableNames=false, http://www.dbunit.org/properties/fetchSize=100, http://www.dbunit.org/features/batchedStatements=false, http://www.dbunit.org/properties/metadataHandler=org.dbunit.database.DefaultMetadataHandler@89cc5e, http://www.dbunit.org/properties/datatypeFactory=org.dbunit.dataset.datatype.DefaultDataTypeFactory[_toleratedDeltaMap=org.dbunit.dataset.datatype.ToleratedDeltaMap@c837cd], http://www.dbunit.org/properties/escapePattern=null, http://www.dbunit.org/properties/batchSize=100, http://www.dbunit.org/features/qualifiedTableNames=false, http://www.dbunit.org/properties/tableType=[Ljava.lang.String;@c79809, http://www.dbunit.org/properties/resultSetTableFactory=org.dbunit.database.CachedResultSetTableFactory@1ce784b, http://www.dbunit.org/features/datatypeWarning=true}], _dataSet=AbstractDataSet[_orderedTableNameMap=null]]) - start
23:04:31.143 [main] DEBUG org.dbunit.dataset.DefaultTable - getValue(row=0, column=order_number) - start
23:04:31.143 [main] DEBUG org.dbunit.dataset.AbstractTable - assertValidRowIndex(row=0) - start
23:04:31.143 [main] DEBUG org.dbunit.dataset.AbstractTable - assertValidRowIndex(row=0, rowCount=6) - start
23:04:31.143 [main] DEBUG org.dbunit.dataset.AbstractTable - getColumnIndex(columnName=order_number) - start
23:04:31.143 [main] DEBUG o.d.dataset.AbstractTableMetaData - getColumnIndex(columnName=order_number) - start
23:04:31.147 [main] DEBUG o.d.d.s.AutomaticPreparedBatchStatement - addValue(value=1, dataType=INTEGER) - start
23:04:31.147 [main] DEBUG o.d.d.s.SimplePreparedStatement - addValue(value=1, dataType=INTEGER) - start
23:04:31.147 [main] DEBUG o.d.dataset.datatype.IntegerDataType - setSqlValue(value=1, column=1, statement=com.mysql.jdbc.JDBC4PreparedStatement@26e9f9: insert into orders (order_number, customer_id, date, amount, order_status, discount_status) values (** NOT SPECIFIED **, ** NOT SPECIFIED **, ** NOT SPECIFIED **, ** NOT SPECIFIED **, ** NOT SPECIFIED **, ** NOT SPECIFIED **)) - start
23:04:31.152 [main] DEBUG o.d.dataset.datatype.IntegerDataType - typeCast(value=1) - start
23:04:31.152 [main] DEBUG o.d.dataset.datatype.IntegerDataType - typeCast(value=1) - start
23:04:31.152 [main] DEBUG org.dbunit.dataset.DefaultTable - getValue(row=0, column=customer_id) - start
23:04:31.152 [main] DEBUG org.dbunit.dataset.AbstractTable - assertValidRowIndex(row=0) - start
23:04:31.152 [main] DEBUG org.dbunit.dataset.AbstractTable - assertValidRowIndex(row=0, rowCount=6) - start
23:04:31.152 [main] DEBUG org.dbunit.dataset.AbstractTable - getColumnIndex(columnName=customer_id) - start
23:04:31.153 [main] DEBUG o.d.dataset.AbstractTableMetaData - getColumnIndex(columnName=customer_id) - start
23:04:31.153 [main] DEBUG o.d.d.s.AutomaticPreparedBatchStatement - addValue(value=1, dataType=INTEGER) - start
23:04:31.153 [main] DEBUG o.d.d.s.SimplePreparedStatement - addValue(value=1, dataType=INTEGER) - start
23:04:31.153 [main] DEBUG o.d.dataset.datatype.IntegerDataType - setSqlValue(value=1, column=2, statement=com.mysql.jdbc.JDBC4PreparedStatement@26e9f9: insert into orders (order_number, customer_id, date, amount, order_status, discount_status) values (1, ** NOT SPECIFIED **, ** NOT SPECIFIED **, ** NOT SPECIFIED **, ** NOT SPECIFIED **, ** NOT SPECIFIED **)) - start
23:04:31.155 [main] DEBUG o.d.dataset.datatype.IntegerDataType - typeCast(value=1) - start
23:04:31.155 [main] DEBUG o.d.dataset.datatype.IntegerDataType - typeCast(value=1) - start
23:04:31.155 [main] DEBUG org.dbunit.dataset.DefaultTable - getValue(row=0, column=date) - start
23:04:31.156 [main] DEBUG org.dbunit.dataset.AbstractTable - assertValidRowIndex(row=0) - start
23:04:31.156 [main] DEBUG org.dbunit.dataset.AbstractTable - assertValidRowIndex(row=0, rowCount=6) - start
23:04:31.156 [main] DEBUG org.dbunit.dataset.AbstractTable - getColumnIndex(columnName=date) - start
23:04:31.157 [main] DEBUG o.d.dataset.AbstractTableMetaData - getColumnIndex(columnName=date) - start
23:04:31.157 [main] DEBUG o.d.d.s.AutomaticPreparedBatchStatement - addValue(value=2011-06-13, dataType=DATE) - start
23:04:31.157 [main] DEBUG o.d.d.s.SimplePreparedStatement - addValue(value=2011-06-13, dataType=DATE) - start
23:04:31.157 [main] DEBUG o.d.dataset.datatype.DateDataType - setSqlValue(value=2011-06-13, column=3, statement=com.mysql.jdbc.JDBC4PreparedStatement@26e9f9: insert into orders (order_number, customer_id, date, amount, order_status, discount_status) values (1, 1, ** NOT SPECIFIED **, ** NOT SPECIFIED **, ** NOT SPECIFIED **, ** NOT SPECIFIED **)) - start
23:04:31.159 [main] DEBUG o.d.dataset.datatype.DateDataType - typeCast(value=2011-06-13) - start
23:04:31.159 [main] DEBUG org.dbunit.dataset.DefaultTable - getValue(row=0, column=amount) - start
23:04:31.159 [main] DEBUG org.dbunit.dataset.AbstractTable - assertValidRowIndex(row=0) - start
23:04:31.159 [main] DEBUG org.dbunit.dataset.AbstractTable - assertValidRowIndex(row=0, rowCount=6) - start
23:04:31.159 [main] DEBUG org.dbunit.dataset.AbstractTable - getColumnIndex(columnName=amount) - start
23:04:31.159 [main] DEBUG o.d.dataset.AbstractTableMetaData - getColumnIndex(columnName=amount) - start
23:04:31.160 [main] DEBUG o.d.d.s.AutomaticPreparedBatchStatement - addValue(value=200.00, dataType=DECIMAL) - start
23:04:31.160 [main] DEBUG o.d.d.s.SimplePreparedStatement - addValue(value=200.00, dataType=DECIMAL) - start
23:04:31.160 [main] DEBUG o.d.dataset.datatype.NumberDataType - setSqlValue(value=200.00, column=4, statement=com.mysql.jdbc.JDBC4PreparedStatement@26e9f9: insert into orders (order_number, customer_id, date, amount, order_status, discount_status) values (1, 1, '2011-06-13', ** NOT SPECIFIED **, ** NOT SPECIFIED **, ** NOT SPECIFIED **)) - start
23:04:31.162 [main] DEBUG o.d.dataset.datatype.NumberDataType - typeCast(value=200.00) - start
23:04:31.162 [main] DEBUG org.dbunit.dataset.DefaultTable - getValue(row=0, column=order_status) - start
23:04:31.162 [main] DEBUG org.dbunit.dataset.AbstractTable - assertValidRowIndex(row=0) - start
23:04:31.162 [main] DEBUG org.dbunit.dataset.AbstractTable - assertValidRowIndex(row=0, rowCount=6) - start
23:04:31.162 [main] DEBUG org.dbunit.dataset.AbstractTable - getColumnIndex(columnName=order_status) - start
23:04:31.163 [main] DEBUG o.d.dataset.AbstractTableMetaData - getColumnIndex(columnName=order_status) - start
23:04:31.163 [main] DEBUG o.d.d.s.AutomaticPreparedBatchStatement - addValue(value=UNPAID, dataType=VARCHAR) - start
23:04:31.163 [main] DEBUG o.d.d.s.SimplePreparedStatement - addValue(value=UNPAID, dataType=VARCHAR) - start
23:04:31.163 [main] DEBUG o.d.dataset.datatype.StringDataType - setSqlValue(value=UNPAID, column=5, statement=com.mysql.jdbc.JDBC4PreparedStatement@26e9f9: insert into orders (order_number, customer_id, date, amount, order_status, discount_status) values (1, 1, '2011-06-13', 200.00, ** NOT SPECIFIED **, ** NOT SPECIFIED **)) - start
23:04:31.166 [main] DEBUG org.dbunit.dataset.datatype.DataType - asString(value=UNPAID) - start
23:04:31.168 [main] DEBUG o.d.dataset.datatype.StringDataType - typeCast(value=UNPAID) - start
23:04:31.168 [main] DEBUG org.dbunit.dataset.DefaultTable - getValue(row=0, column=discount_status) - start
23:04:31.168 [main] DEBUG org.dbunit.dataset.AbstractTable - assertValidRowIndex(row=0) - start
23:04:31.168 [main] DEBUG org.dbunit.dataset.AbstractTable - assertValidRowIndex(row=0, rowCount=6) - start
23:04:31.168 [main] DEBUG org.dbunit.dataset.AbstractTable - getColumnIndex(columnName=discount_status) - start
23:04:31.268 [main] DEBUG o.d.dataset.AbstractTableMetaData - getColumnIndex(columnName=discount_status) - start
23:04:31.268 [main] DEBUG o.d.d.s.AutomaticPreparedBatchStatement - addValue(value=NO_DISCOUNT, dataType=VARCHAR) - start
23:04:31.268 [main] DEBUG o.d.d.s.SimplePreparedStatement - addValue(value=NO_DISCOUNT, dataType=VARCHAR) - start
23:04:31.268 [main] DEBUG o.d.dataset.datatype.StringDataType - setSqlValue(value=NO_DISCOUNT, column=6, statement=com.mysql.jdbc.JDBC4PreparedStatement@26e9f9: insert into orders (order_number, customer_id, date, amount, order_status, discount_status) values (1, 1, '2011-06-13', 200.00, 'UNPAID', ** NOT SPECIFIED **)) - start
23:04:31.269 [main] DEBUG org.dbunit.dataset.datatype.DataType - asString(value=NO_DISCOUNT) - start
23:04:31.269 [main] DEBUG o.d.dataset.datatype.StringDataType - typeCast(value=NO_DISCOUNT) - start
23:04:31.269 [main] DEBUG o.d.d.s.AutomaticPreparedBatchStatement - addBatch() - start
23:04:31.269 [main] DEBUG o.d.d.s.SimplePreparedStatement - addBatch() - start
23:04:31.298 [main] DEBUG org.dbunit.operation.InsertOperation - equalsIgnoreMapping(ignoreMapping={}, table=org.dbunit.dataset.DefaultTable[_metaData=tableName=orders, columns=[(order_number, UNKNOWN, nullableUnknown), (customer_id, UNKNOWN, nullableUnknown), (date, UNKNOWN, nullableUnknown), (amount, UNKNOWN, nullableUnknown), (order_status, UNKNOWN, nullableUnknown), (discount_status, UNKNOWN, nullableUnknown)], keys=[], _rowList.size()=6], row=1) - start
23:04:31.298 [main] DEBUG org.dbunit.dataset.DefaultTable - getValue(row=1, column=order_number) - start
23:04:31.373 [main] DEBUG org.dbunit.dataset.AbstractTable - assertValidRowIndex(row=1) - start
23:04:31.373 [main] DEBUG org.dbunit.dataset.AbstractTable - assertValidRowIndex(row=1, rowCount=6) - start
23:04:31.373 [main] DEBUG org.dbunit.dataset.AbstractTable - getColumnIndex(columnName=order_number) - start
23:04:31.373 [main] DEBUG o.d.dataset.AbstractTableMetaData - getColumnIndex(columnName=order_number) - start
23:04:31.373 [main] DEBUG org.dbunit.dataset.DefaultTable - getValue(row=1, column=customer_id) - start
23:04:31.374 [main] DEBUG org.dbunit.dataset.AbstractTable - assertValidRowIndex(row=1) - start
23:04:31.374 [main] DEBUG org.dbunit.dataset.AbstractTable - assertValidRowIndex(row=1, rowCount=6) - start
23:04:31.374 [main] DEBUG org.dbunit.dataset.AbstractTable - getColumnIndex(columnName=customer_id) - start
23:04:31.374 [main] DEBUG o.d.dataset.AbstractTableMetaData - getColumnIndex(columnName=customer_id) - start
23:04:31.374 [main] DEBUG org.dbunit.dataset.DefaultTable - getValue(row=1, column=date) - start
23:04:31.376 [main] DEBUG org.dbunit.dataset.AbstractTable - assertValidRowIndex(row=1) - start
23:04:31.376 [main] DEBUG org.dbunit.dataset.AbstractTable - assertValidRowIndex(row=1, rowCount=6) - start
23:04:31.376 [main] DEBUG org.dbunit.dataset.AbstractTable - getColumnIndex(columnName=date) - start
23:04:31.377 [main] DEBUG o.d.dataset.AbstractTableMetaData - getColumnIndex(columnName=date) - start
23:04:31.377 [main] DEBUG org.dbunit.dataset.DefaultTable - getValue(row=1, column=amount) - start
23:04:31.377 [main] DEBUG org.dbunit.dataset.AbstractTable - assertValidRowIndex(row=1) - start
23:04:31.377 [main] DEBUG org.dbunit.dataset.AbstractTable - assertValidRowIndex(row=1, rowCount=6) - start
23:04:31.377 [main] DEBUG org.dbunit.dataset.AbstractTable - getColumnIndex(columnName=amount) - start
23:04:31.377 [main] DEBUG o.d.dataset.AbstractTableMetaData - getColumnIndex(columnName=amount) - start
23:04:31.377 [main] DEBUG org.dbunit.dataset.DefaultTable - getValue(row=1, column=order_status) - start
23:04:31.377 [main] DEBUG org.dbunit.dataset.AbstractTable - assertValidRowIndex(row=1) - start
23:04:31.379 [main] DEBUG org.dbunit.dataset.AbstractTable - assertValidRowIndex(row=1, rowCount=6) - start
23:04:31.379 [main] DEBUG org.dbunit.dataset.AbstractTable - getColumnIndex(columnName=order_status) - start
23:04:31.379 [main] DEBUG o.d.dataset.AbstractTableMetaData - getColumnIndex(columnName=order_status) - start
23:04:31.379 [main] DEBUG org.dbunit.dataset.DefaultTable - getValue(row=1, column=discount_status) - start
23:04:31.379 [main] DEBUG org.dbunit.dataset.AbstractTable - assertValidRowIndex(row=1) - start
23:04:31.381 [main] DEBUG org.dbunit.dataset.AbstractTable - assertValidRowIndex(row=1, rowCount=6) - start
23:04:31.381 [main] DEBUG org.dbunit.dataset.AbstractTable - getColumnIndex(columnName=discount_status) - start
23:04:31.381 [main] DEBUG o.d.dataset.AbstractTableMetaData - getColumnIndex(columnName=discount_status) - start
23:04:31.381 [main] DEBUG org.dbunit.dataset.DefaultTable - getValue(row=1, column=order_number) - start
23:04:31.381 [main] DEBUG org.dbunit.dataset.AbstractTable - assertValidRowIndex(row=1) - start
23:04:31.382 [main] DEBUG org.dbunit.dataset.AbstractTable - assertValidRowIndex(row=1, rowCount=6) - start
23:04:31.382 [main] DEBUG org.dbunit.dataset.AbstractTable - getColumnIndex(columnName=order_number) - start
23:04:31.382 [main] DEBUG o.d.dataset.AbstractTableMetaData - getColumnIndex(columnName=order_number) - start
23:04:31.382 [main] DEBUG o.d.d.s.AutomaticPreparedBatchStatement - addValue(value=2, dataType=INTEGER) - start
23:04:31.382 [main] DEBUG o.d.d.s.SimplePreparedStatement - addValue(value=2, dataType=INTEGER) - start
23:04:31.383 [main] DEBUG o.d.dataset.datatype.IntegerDataType - setSqlValue(value=2, column=1, statement=com.mysql.jdbc.JDBC4PreparedStatement@26e9f9: insert into orders (order_number, customer_id, date, amount, order_status, discount_status) values (1, 1, '2011-06-13', 200.00, 'UNPAID', 'NO_DISCOUNT')) - start
23:04:31.384 [main] DEBUG o.d.dataset.datatype.IntegerDataType - typeCast(value=2) - start
23:04:31.384 [main] DEBUG o.d.dataset.datatype.IntegerDataType - typeCast(value=2) - start
23:04:31.384 [main] DEBUG org.dbunit.dataset.DefaultTable - getValue(row=1, column=customer_id) - start
23:04:31.385 [main] DEBUG org.dbunit.dataset.AbstractTable - assertValidRowIndex(row=1) - start
23:04:31.385 [main] DEBUG org.dbunit.dataset.AbstractTable - assertValidRowIndex(row=1, rowCount=6) - start
23:04:31.385 [main] DEBUG org.dbunit.dataset.AbstractTable - getColumnIndex(columnName=customer_id) - start
23:04:31.385 [main] DEBUG o.d.dataset.AbstractTableMetaData - getColumnIndex(columnName=customer_id) - start
23:04:31.385 [main] DEBUG o.d.d.s.AutomaticPreparedBatchStatement - addValue(value=2, dataType=INTEGER) - start
23:04:31.387 [main] DEBUG o.d.d.s.SimplePreparedStatement - addValue(value=2, dataType=INTEGER) - start
23:04:31.387 [main] DEBUG o.d.dataset.datatype.IntegerDataType - setSqlValue(value=2, column=2, statement=com.mysql.jdbc.JDBC4PreparedStatement@26e9f9: insert into orders (order_number, customer_id, date, amount, order_status, discount_status) values (2, 1, '2011-06-13', 200.00, 'UNPAID', 'NO_DISCOUNT')) - start
23:04:31.387 [main] DEBUG o.d.dataset.datatype.IntegerDataType - typeCast(value=2) - start
23:04:31.387 [main] DEBUG o.d.dataset.datatype.IntegerDataType - typeCast(value=2) - start
23:04:31.389 [main] DEBUG org.dbunit.dataset.DefaultTable - getValue(row=1, column=date) - start
23:04:31.389 [main] DEBUG org.dbunit.dataset.AbstractTable - assertValidRowIndex(row=1) - start
23:04:31.389 [main] DEBUG org.dbunit.dataset.AbstractTable - assertValidRowIndex(row=1, rowCount=6) - start
23:04:31.389 [main] DEBUG org.dbunit.dataset.AbstractTable - getColumnIndex(columnName=date) - start
23:04:31.389 [main] DEBUG o.d.dataset.AbstractTableMetaData - getColumnIndex(columnName=date) - start
23:04:31.389 [main] DEBUG o.d.d.s.AutomaticPreparedBatchStatement - addValue(value=2011-06-13, dataType=DATE) - start
23:04:31.390 [main] DEBUG o.d.d.s.SimplePreparedStatement - addValue(value=2011-06-13, dataType=DATE) - start
23:04:31.390 [main] DEBUG o.d.dataset.datatype.DateDataType - setSqlValue(value=2011-06-13, column=3, statement=com.mysql.jdbc.JDBC4PreparedStatement@26e9f9: insert into orders (order_number, customer_id, date, amount, order_status, discount_status) values (2, 2, '2011-06-13', 200.00, 'UNPAID', 'NO_DISCOUNT')) - start
23:04:31.390 [main] DEBUG o.d.dataset.datatype.DateDataType - typeCast(value=2011-06-13) - start
23:04:31.392 [main] DEBUG org.dbunit.dataset.DefaultTable - getValue(row=1, column=amount) - start
23:04:31.392 [main] DEBUG org.dbunit.dataset.AbstractTable - assertValidRowIndex(row=1) - start
23:04:31.392 [main] DEBUG org.dbunit.dataset.AbstractTable - assertValidRowIndex(row=1, rowCount=6) - start
23:04:31.392 [main] DEBUG org.dbunit.dataset.AbstractTable - getColumnIndex(columnName=amount) - start
23:04:31.392 [main] DEBUG o.d.dataset.AbstractTableMetaData - getColumnIndex(columnName=amount) - start
23:04:31.393 [main] DEBUG o.d.d.s.AutomaticPreparedBatchStatement - addValue(value=10000.00, dataType=DECIMAL) - start
23:04:31.393 [main] DEBUG o.d.d.s.SimplePreparedStatement - addValue(value=10000.00, dataType=DECIMAL) - start
23:04:31.393 [main] DEBUG o.d.dataset.datatype.NumberDataType - setSqlValue(value=10000.00, column=4, statement=com.mysql.jdbc.JDBC4PreparedStatement@26e9f9: insert into orders (order_number, customer_id, date, amount, order_status, discount_status) values (2, 2, '2011-06-13', 200.00, 'UNPAID', 'NO_DISCOUNT')) - start
23:04:31.394 [main] DEBUG o.d.dataset.datatype.NumberDataType - typeCast(value=10000.00) - start
23:04:31.395 [main] DEBUG org.dbunit.dataset.DefaultTable - getValue(row=1, column=order_status) - start
23:04:31.395 [main] DEBUG org.dbunit.dataset.AbstractTable - assertValidRowIndex(row=1) - start
23:04:31.395 [main] DEBUG org.dbunit.dataset.AbstractTable - assertValidRowIndex(row=1, rowCount=6) - start
23:04:31.395 [main] DEBUG org.dbunit.dataset.AbstractTable - getColumnIndex(columnName=order_status) - start
23:04:31.396 [main] DEBUG o.d.dataset.AbstractTableMetaData - getColumnIndex(columnName=order_status) - start
23:04:31.396 [main] DEBUG o.d.d.s.AutomaticPreparedBatchStatement - addValue(value=UNPAID, dataType=VARCHAR) - start
23:04:31.396 [main] DEBUG o.d.d.s.SimplePreparedStatement - addValue(value=UNPAID, dataType=VARCHAR) - start
23:04:31.396 [main] DEBUG o.d.dataset.datatype.StringDataType - setSqlValue(value=UNPAID, column=5, statement=com.mysql.jdbc.JDBC4PreparedStatement@26e9f9: insert into orders (order_number, customer_id, date, amount, order_status, discount_status) values (2, 2, '2011-06-13', 10000.00, 'UNPAID', 'NO_DISCOUNT')) - start
23:04:31.398 [main] DEBUG org.dbunit.dataset.datatype.DataType - asString(value=UNPAID) - start
23:04:31.398 [main] DEBUG o.d.dataset.datatype.StringDataType - typeCast(value=UNPAID) - start
23:04:31.398 [main] DEBUG org.dbunit.dataset.DefaultTable - getValue(row=1, column=discount_status) - start
23:04:31.398 [main] DEBUG org.dbunit.dataset.AbstractTable - assertValidRowIndex(row=1) - start
23:04:31.398 [main] DEBUG org.dbunit.dataset.AbstractTable - assertValidRowIndex(row=1, rowCount=6) - start
23:04:31.398 [main] DEBUG org.dbunit.dataset.AbstractTable - getColumnIndex(columnName=discount_status) - start
23:04:31.399 [main] DEBUG o.d.dataset.AbstractTableMetaData - getColumnIndex(columnName=discount_status) - start
23:04:31.399 [main] DEBUG o.d.d.s.AutomaticPreparedBatchStatement - addValue(value=NO_DISCOUNT, dataType=VARCHAR) - start
23:04:31.399 [main] DEBUG o.d.d.s.SimplePreparedStatement - addValue(value=NO_DISCOUNT, dataType=VARCHAR) - start
23:04:31.399 [main] DEBUG o.d.dataset.datatype.StringDataType - setSqlValue(value=NO_DISCOUNT, column=6, statement=com.mysql.jdbc.JDBC4PreparedStatement@26e9f9: insert into orders (order_number, customer_id, date, amount, order_status, discount_status) values (2, 2, '2011-06-13', 10000.00, 'UNPAID', 'NO_DISCOUNT')) - start
23:04:31.401 [main] DEBUG org.dbunit.dataset.datatype.DataType - asString(value=NO_DISCOUNT) - start
23:04:31.401 [main] DEBUG o.d.dataset.datatype.StringDataType - typeCast(value=NO_DISCOUNT) - start
23:04:31.401 [main] DEBUG o.d.d.s.AutomaticPreparedBatchStatement - addBatch() - start
23:04:31.401 [main] DEBUG o.d.d.s.SimplePreparedStatement - addBatch() - start
23:04:31.415 [main] DEBUG org.dbunit.operation.InsertOperation - equalsIgnoreMapping(ignoreMapping={}, table=org.dbunit.dataset.DefaultTable[_metaData=tableName=orders, columns=[(order_number, UNKNOWN, nullableUnknown), (customer_id, UNKNOWN, nullableUnknown), (date, UNKNOWN, nullableUnknown), (amount, UNKNOWN, nullableUnknown), (order_status, UNKNOWN, nullableUnknown), (discount_status, UNKNOWN, nullableUnknown)], keys=[], _rowList.size()=6], row=2) - start
23:04:31.415 [main] DEBUG org.dbunit.dataset.DefaultTable - getValue(row=2, column=order_number) - start
23:04:31.504 [main] DEBUG org.dbunit.dataset.AbstractTable - assertValidRowIndex(row=2) - start
23:04:31.504 [main] DEBUG org.dbunit.dataset.AbstractTable - assertValidRowIndex(row=2, rowCount=6) - start
23:04:31.504 [main] DEBUG org.dbunit.dataset.AbstractTable - getColumnIndex(columnName=order_number) - start
23:04:31.504 [main] DEBUG o.d.dataset.AbstractTableMetaData - getColumnIndex(columnName=order_number) - start
23:04:31.504 [main] DEBUG org.dbunit.dataset.DefaultTable - getValue(row=2, column=customer_id) - start
23:04:31.505 [main] DEBUG org.dbunit.dataset.AbstractTable - assertValidRowIndex(row=2) - start
23:04:31.505 [main] DEBUG org.dbunit.dataset.AbstractTable - assertValidRowIndex(row=2, rowCount=6) - start
23:04:31.505 [main] DEBUG org.dbunit.dataset.AbstractTable - getColumnIndex(columnName=customer_id) - start
23:04:31.505 [main] DEBUG o.d.dataset.AbstractTableMetaData - getColumnIndex(columnName=customer_id) - start
23:04:31.505 [main] DEBUG org.dbunit.dataset.DefaultTable - getValue(row=2, column=date) - start
23:04:31.507 [main] DEBUG org.dbunit.dataset.AbstractTable - assertValidRowIndex(row=2) - start
23:04:31.507 [main] DEBUG org.dbunit.dataset.AbstractTable - assertValidRowIndex(row=2, rowCount=6) - start
23:04:31.507 [main] DEBUG org.dbunit.dataset.AbstractTable - getColumnIndex(columnName=date) - start
23:04:31.507 [main] DEBUG o.d.dataset.AbstractTableMetaData - getColumnIndex(columnName=date) - start
23:04:31.507 [main] DEBUG org.dbunit.dataset.DefaultTable - getValue(row=2, column=amount) - start
23:04:31.507 [main] DEBUG org.dbunit.dataset.AbstractTable - assertValidRowIndex(row=2) - start
23:04:31.508 [main] DEBUG org.dbunit.dataset.AbstractTable - assertValidRowIndex(row=2, rowCount=6) - start
23:04:31.508 [main] DEBUG org.dbunit.dataset.AbstractTable - getColumnIndex(columnName=amount) - start
23:04:31.508 [main] DEBUG o.d.dataset.AbstractTableMetaData - getColumnIndex(columnName=amount) - start
23:04:31.508 [main] DEBUG org.dbunit.dataset.DefaultTable - getValue(row=2, column=order_status) - start
23:04:31.508 [main] DEBUG org.dbunit.dataset.AbstractTable - assertValidRowIndex(row=2) - start
23:04:31.510 [main] DEBUG org.dbunit.dataset.AbstractTable - assertValidRowIndex(row=2, rowCount=6) - start
23:04:31.510 [main] DEBUG org.dbunit.dataset.AbstractTable - getColumnIndex(columnName=order_status) - start
23:04:31.510 [main] DEBUG o.d.dataset.AbstractTableMetaData - getColumnIndex(columnName=order_status) - start
23:04:31.510 [main] DEBUG org.dbunit.dataset.DefaultTable - getValue(row=2, column=discount_status) - start
23:04:31.510 [main] DEBUG org.dbunit.dataset.AbstractTable - assertValidRowIndex(row=2) - start
23:04:31.512 [main] DEBUG org.dbunit.dataset.AbstractTable - assertValidRowIndex(row=2, rowCount=6) - start
23:04:31.512 [main] DEBUG org.dbunit.dataset.AbstractTable - getColumnIndex(columnName=discount_status) - start
23:04:31.512 [main] DEBUG o.d.dataset.AbstractTableMetaData - getColumnIndex(columnName=discount_status) - start
23:04:31.512 [main] DEBUG org.dbunit.dataset.DefaultTable - getValue(row=2, column=order_number) - start
23:04:31.512 [main] DEBUG org.dbunit.dataset.AbstractTable - assertValidRowIndex(row=2) - start
23:04:31.513 [main] DEBUG org.dbunit.dataset.AbstractTable - assertValidRowIndex(row=2, rowCount=6) - start
23:04:31.513 [main] DEBUG org.dbunit.dataset.AbstractTable - getColumnIndex(columnName=order_number) - start
23:04:31.513 [main] DEBUG o.d.dataset.AbstractTableMetaData - getColumnIndex(columnName=order_number) - start
23:04:31.513 [main] DEBUG o.d.d.s.AutomaticPreparedBatchStatement - addValue(value=3, dataType=INTEGER) - start
23:04:31.513 [main] DEBUG o.d.d.s.SimplePreparedStatement - addValue(value=3, dataType=INTEGER) - start
23:04:31.515 [main] DEBUG o.d.dataset.datatype.IntegerDataType - setSqlValue(value=3, column=1, statement=com.mysql.jdbc.JDBC4PreparedStatement@26e9f9: insert into orders (order_number, customer_id, date, amount, order_status, discount_status) values (2, 2, '2011-06-13', 10000.00, 'UNPAID', 'NO_DISCOUNT')) - start
23:04:31.515 [main] DEBUG o.d.dataset.datatype.IntegerDataType - typeCast(value=3) - start
23:04:31.515 [main] DEBUG o.d.dataset.datatype.IntegerDataType - typeCast(value=3) - start
23:04:31.515 [main] DEBUG org.dbunit.dataset.DefaultTable - getValue(row=2, column=customer_id) - start
23:04:31.516 [main] DEBUG org.dbunit.dataset.AbstractTable - assertValidRowIndex(row=2) - start
23:04:31.516 [main] DEBUG org.dbunit.dataset.AbstractTable - assertValidRowIndex(row=2, rowCount=6) - start
23:04:31.516 [main] DEBUG org.dbunit.dataset.AbstractTable - getColumnIndex(columnName=customer_id) - start
23:04:31.516 [main] DEBUG o.d.dataset.AbstractTableMetaData - getColumnIndex(columnName=customer_id) - start
23:04:31.517 [main] DEBUG o.d.d.s.AutomaticPreparedBatchStatement - addValue(value=3, dataType=INTEGER) - start
23:04:31.518 [main] DEBUG o.d.d.s.SimplePreparedStatement - addValue(value=3, dataType=INTEGER) - start
23:04:31.518 [main] DEBUG o.d.dataset.datatype.IntegerDataType - setSqlValue(value=3, column=2, statement=com.mysql.jdbc.JDBC4PreparedStatement@26e9f9: insert into orders (order_number, customer_id, date, amount, order_status, discount_status) values (3, 2, '2011-06-13', 10000.00, 'UNPAID', 'NO_DISCOUNT')) - start
23:04:31.518 [main] DEBUG o.d.dataset.datatype.IntegerDataType - typeCast(value=3) - start
23:04:31.520 [main] DEBUG o.d.dataset.datatype.IntegerDataType - typeCast(value=3) - start
23:04:31.520 [main] DEBUG org.dbunit.dataset.DefaultTable - getValue(row=2, column=date) - start
23:04:31.520 [main] DEBUG org.dbunit.dataset.AbstractTable - assertValidRowIndex(row=2) - start
23:04:31.520 [main] DEBUG org.dbunit.dataset.AbstractTable - assertValidRowIndex(row=2, rowCount=6) - start
23:04:31.520 [main] DEBUG org.dbunit.dataset.AbstractTable - getColumnIndex(columnName=date) - start
23:04:31.520 [main] DEBUG o.d.dataset.AbstractTableMetaData - getColumnIndex(columnName=date) - start
23:04:31.521 [main] DEBUG o.d.d.s.AutomaticPreparedBatchStatement - addValue(value=2011-06-13, dataType=DATE) - start
23:04:31.521 [main] DEBUG o.d.d.s.SimplePreparedStatement - addValue(value=2011-06-13, dataType=DATE) - start
23:04:31.521 [main] DEBUG o.d.dataset.datatype.DateDataType - setSqlValue(value=2011-06-13, column=3, statement=com.mysql.jdbc.JDBC4PreparedStatement@26e9f9: insert into orders (order_number, customer_id, date, amount, order_status, discount_status) values (3, 3, '2011-06-13', 10000.00, 'UNPAID', 'NO_DISCOUNT')) - start
23:04:31.522 [main] DEBUG o.d.dataset.datatype.DateDataType - typeCast(value=2011-06-13) - start
23:04:31.523 [main] DEBUG org.dbunit.dataset.DefaultTable - getValue(row=2, column=amount) - start
23:04:31.523 [main] DEBUG org.dbunit.dataset.AbstractTable - assertValidRowIndex(row=2) - start
23:04:31.523 [main] DEBUG org.dbunit.dataset.AbstractTable - assertValidRowIndex(row=2, rowCount=6) - start
23:04:31.523 [main] DEBUG org.dbunit.dataset.AbstractTable - getColumnIndex(columnName=amount) - start
23:04:31.523 [main] DEBUG o.d.dataset.AbstractTableMetaData - getColumnIndex(columnName=amount) - start
23:04:31.524 [main] DEBUG o.d.d.s.AutomaticPreparedBatchStatement - addValue(value=15000.00, dataType=DECIMAL) - start
23:04:31.524 [main] DEBUG o.d.d.s.SimplePreparedStatement - addValue(value=15000.00, dataType=DECIMAL) - start
23:04:31.524 [main] DEBUG o.d.dataset.datatype.NumberDataType - setSqlValue(value=15000.00, column=4, statement=com.mysql.jdbc.JDBC4PreparedStatement@26e9f9: insert into orders (order_number, customer_id, date, amount, order_status, discount_status) values (3, 3, '2011-06-13', 10000.00, 'UNPAID', 'NO_DISCOUNT')) - start
23:04:31.526 [main] DEBUG o.d.dataset.datatype.NumberDataType - typeCast(value=15000.00) - start
23:04:31.526 [main] DEBUG org.dbunit.dataset.DefaultTable - getValue(row=2, column=order_status) - start
23:04:31.526 [main] DEBUG org.dbunit.dataset.AbstractTable - assertValidRowIndex(row=2) - start
23:04:31.526 [main] DEBUG org.dbunit.dataset.AbstractTable - assertValidRowIndex(row=2, rowCount=6) - start
23:04:31.526 [main] DEBUG org.dbunit.dataset.AbstractTable - getColumnIndex(columnName=order_status) - start
23:04:31.527 [main] DEBUG o.d.dataset.AbstractTableMetaData - getColumnIndex(columnName=order_status) - start
23:04:31.527 [main] DEBUG o.d.d.s.AutomaticPreparedBatchStatement - addValue(value=UNPAID, dataType=VARCHAR) - start
23:04:31.527 [main] DEBUG o.d.d.s.SimplePreparedStatement - addValue(value=UNPAID, dataType=VARCHAR) - start
23:04:31.527 [main] DEBUG o.d.dataset.datatype.StringDataType - setSqlValue(value=UNPAID, column=5, statement=com.mysql.jdbc.JDBC4PreparedStatement@26e9f9: insert into orders (order_number, customer_id, date, amount, order_status, discount_status) values (3, 3, '2011-06-13', 15000.00, 'UNPAID', 'NO_DISCOUNT')) - start
23:04:31.529 [main] DEBUG org.dbunit.dataset.datatype.DataType - asString(value=UNPAID) - start
23:04:31.529 [main] DEBUG o.d.dataset.datatype.StringDataType - typeCast(value=UNPAID) - start
23:04:31.529 [main] DEBUG org.dbunit.dataset.DefaultTable - getValue(row=2, column=discount_status) - start
23:04:31.529 [main] DEBUG org.dbunit.dataset.AbstractTable - assertValidRowIndex(row=2) - start
23:04:31.529 [main] DEBUG org.dbunit.dataset.AbstractTable - assertValidRowIndex(row=2, rowCount=6) - start
23:04:31.529 [main] DEBUG org.dbunit.dataset.AbstractTable - getColumnIndex(columnName=discount_status) - start
23:04:31.530 [main] DEBUG o.d.dataset.AbstractTableMetaData - getColumnIndex(columnName=discount_status) - start
23:04:31.530 [main] DEBUG o.d.d.s.AutomaticPreparedBatchStatement - addValue(value=NO_DISCOUNT, dataType=VARCHAR) - start
23:04:31.530 [main] DEBUG o.d.d.s.SimplePreparedStatement - addValue(value=NO_DISCOUNT, dataType=VARCHAR) - start
23:04:31.530 [main] DEBUG o.d.dataset.datatype.StringDataType - setSqlValue(value=NO_DISCOUNT, column=6, statement=com.mysql.jdbc.JDBC4PreparedStatement@26e9f9: insert into orders (order_number, customer_id, date, amount, order_status, discount_status) values (3, 3, '2011-06-13', 15000.00, 'UNPAID', 'NO_DISCOUNT')) - start
23:04:31.532 [main] DEBUG org.dbunit.dataset.datatype.DataType - asString(value=NO_DISCOUNT) - start
23:04:31.532 [main] DEBUG o.d.dataset.datatype.StringDataType - typeCast(value=NO_DISCOUNT) - start
23:04:31.532 [main] DEBUG o.d.d.s.AutomaticPreparedBatchStatement - addBatch() - start
23:04:31.532 [main] DEBUG o.d.d.s.SimplePreparedStatement - addBatch() - start
23:04:31.575 [main] DEBUG org.dbunit.operation.InsertOperation - equalsIgnoreMapping(ignoreMapping={}, table=org.dbunit.dataset.DefaultTable[_metaData=tableName=orders, columns=[(order_number, UNKNOWN, nullableUnknown), (customer_id, UNKNOWN, nullableUnknown), (date, UNKNOWN, nullableUnknown), (amount, UNKNOWN, nullableUnknown), (order_status, UNKNOWN, nullableUnknown), (discount_status, UNKNOWN, nullableUnknown)], keys=[], _rowList.size()=6], row=3) - start
23:04:31.575 [main] DEBUG org.dbunit.dataset.DefaultTable - getValue(row=3, column=order_number) - start
23:04:31.636 [main] DEBUG org.dbunit.dataset.AbstractTable - assertValidRowIndex(row=3) - start
23:04:31.636 [main] DEBUG org.dbunit.dataset.AbstractTable - assertValidRowIndex(row=3, rowCount=6) - start
23:04:31.636 [main] DEBUG org.dbunit.dataset.AbstractTable - getColumnIndex(columnName=order_number) - start
23:04:31.636 [main] DEBUG o.d.dataset.AbstractTableMetaData - getColumnIndex(columnName=order_number) - start
23:04:31.636 [main] DEBUG org.dbunit.dataset.DefaultTable - getValue(row=3, column=customer_id) - start
23:04:31.637 [main] DEBUG org.dbunit.dataset.AbstractTable - assertValidRowIndex(row=3) - start
23:04:31.637 [main] DEBUG org.dbunit.dataset.AbstractTable - assertValidRowIndex(row=3, rowCount=6) - start
23:04:31.637 [main] DEBUG org.dbunit.dataset.AbstractTable - getColumnIndex(columnName=customer_id) - start
23:04:31.637 [main] DEBUG o.d.dataset.AbstractTableMetaData - getColumnIndex(columnName=customer_id) - start
23:04:31.637 [main] DEBUG org.dbunit.dataset.DefaultTable - getValue(row=3, column=date) - start
23:04:31.639 [main] DEBUG org.dbunit.dataset.AbstractTable - assertValidRowIndex(row=3) - start
23:04:31.639 [main] DEBUG org.dbunit.dataset.AbstractTable - assertValidRowIndex(row=3, rowCount=6) - start
23:04:31.639 [main] DEBUG org.dbunit.dataset.AbstractTable - getColumnIndex(columnName=date) - start
23:04:31.639 [main] DEBUG o.d.dataset.AbstractTableMetaData - getColumnIndex(columnName=date) - start
23:04:31.639 [main] DEBUG org.dbunit.dataset.DefaultTable - getValue(row=3, column=amount) - start
23:04:31.639 [main] DEBUG org.dbunit.dataset.AbstractTable - assertValidRowIndex(row=3) - start
23:04:31.640 [main] DEBUG org.dbunit.dataset.AbstractTable - assertValidRowIndex(row=3, rowCount=6) - start
23:04:31.640 [main] DEBUG org.dbunit.dataset.AbstractTable - getColumnIndex(columnName=amount) - start
23:04:31.640 [main] DEBUG o.d.dataset.AbstractTableMetaData - getColumnIndex(columnName=amount) - start
23:04:31.640 [main] DEBUG org.dbunit.dataset.DefaultTable - getValue(row=3, column=order_status) - start
23:04:31.640 [main] DEBUG org.dbunit.dataset.AbstractTable - assertValidRowIndex(row=3) - start
23:04:31.642 [main] DEBUG org.dbunit.dataset.AbstractTable - assertValidRowIndex(row=3, rowCount=6) - start
23:04:31.642 [main] DEBUG org.dbunit.dataset.AbstractTable - getColumnIndex(columnName=order_status) - start
23:04:31.642 [main] DEBUG o.d.dataset.AbstractTableMetaData - getColumnIndex(columnName=order_status) - start
23:04:31.642 [main] DEBUG org.dbunit.dataset.DefaultTable - getValue(row=3, column=discount_status) - start
23:04:31.642 [main] DEBUG org.dbunit.dataset.AbstractTable - assertValidRowIndex(row=3) - start
23:04:31.644 [main] DEBUG org.dbunit.dataset.AbstractTable - assertValidRowIndex(row=3, rowCount=6) - start
23:04:31.644 [main] DEBUG org.dbunit.dataset.AbstractTable - getColumnIndex(columnName=discount_status) - start
23:04:31.644 [main] DEBUG o.d.dataset.AbstractTableMetaData - getColumnIndex(columnName=discount_status) - start
23:04:31.644 [main] DEBUG org.dbunit.dataset.DefaultTable - getValue(row=3, column=order_number) - start
23:04:31.644 [main] DEBUG org.dbunit.dataset.AbstractTable - assertValidRowIndex(row=3) - start
23:04:31.645 [main] DEBUG org.dbunit.dataset.AbstractTable - assertValidRowIndex(row=3, rowCount=6) - start
23:04:31.645 [main] DEBUG org.dbunit.dataset.AbstractTable - getColumnIndex(columnName=order_number) - start
23:04:31.645 [main] DEBUG o.d.dataset.AbstractTableMetaData - getColumnIndex(columnName=order_number) - start
23:04:31.645 [main] DEBUG o.d.d.s.AutomaticPreparedBatchStatement - addValue(value=4, dataType=INTEGER) - start
23:04:31.645 [main] DEBUG o.d.d.s.SimplePreparedStatement - addValue(value=4, dataType=INTEGER) - start
23:04:31.647 [main] DEBUG o.d.dataset.datatype.IntegerDataType - setSqlValue(value=4, column=1, statement=com.mysql.jdbc.JDBC4PreparedStatement@26e9f9: insert into orders (order_number, customer_id, date, amount, order_status, discount_status) values (3, 3, '2011-06-13', 15000.00, 'UNPAID', 'NO_DISCOUNT')) - start
23:04:31.647 [main] DEBUG o.d.dataset.datatype.IntegerDataType - typeCast(value=4) - start
23:04:31.647 [main] DEBUG o.d.dataset.datatype.IntegerDataType - typeCast(value=4) - start
23:04:31.647 [main] DEBUG org.dbunit.dataset.DefaultTable - getValue(row=3, column=customer_id) - start
23:04:31.648 [main] DEBUG org.dbunit.dataset.AbstractTable - assertValidRowIndex(row=3) - start
23:04:31.648 [main] DEBUG org.dbunit.dataset.AbstractTable - assertValidRowIndex(row=3, rowCount=6) - start
23:04:31.648 [main] DEBUG org.dbunit.dataset.AbstractTable - getColumnIndex(columnName=customer_id) - start
23:04:31.649 [main] DEBUG o.d.dataset.AbstractTableMetaData - getColumnIndex(columnName=customer_id) - start
23:04:31.649 [main] DEBUG o.d.d.s.AutomaticPreparedBatchStatement - addValue(value=3, dataType=INTEGER) - start
23:04:31.650 [main] DEBUG o.d.d.s.SimplePreparedStatement - addValue(value=3, dataType=INTEGER) - start
23:04:31.650 [main] DEBUG o.d.dataset.datatype.IntegerDataType - setSqlValue(value=3, column=2, statement=com.mysql.jdbc.JDBC4PreparedStatement@26e9f9: insert into orders (order_number, customer_id, date, amount, order_status, discount_status) values (4, 3, '2011-06-13', 15000.00, 'UNPAID', 'NO_DISCOUNT')) - start
23:04:31.650 [main] DEBUG o.d.dataset.datatype.IntegerDataType - typeCast(value=3) - start
23:04:31.652 [main] DEBUG o.d.dataset.datatype.IntegerDataType - typeCast(value=3) - start
23:04:31.652 [main] DEBUG org.dbunit.dataset.DefaultTable - getValue(row=3, column=date) - start
23:04:31.652 [main] DEBUG org.dbunit.dataset.AbstractTable - assertValidRowIndex(row=3) - start
23:04:31.652 [main] DEBUG org.dbunit.dataset.AbstractTable - assertValidRowIndex(row=3, rowCount=6) - start
23:04:31.652 [main] DEBUG org.dbunit.dataset.AbstractTable - getColumnIndex(columnName=date) - start
23:04:31.652 [main] DEBUG o.d.dataset.AbstractTableMetaData - getColumnIndex(columnName=date) - start
23:04:31.653 [main] DEBUG o.d.d.s.AutomaticPreparedBatchStatement - addValue(value=2011-06-13, dataType=DATE) - start
23:04:31.653 [main] DEBUG o.d.d.s.SimplePreparedStatement - addValue(value=2011-06-13, dataType=DATE) - start
23:04:31.653 [main] DEBUG o.d.dataset.datatype.DateDataType - setSqlValue(value=2011-06-13, column=3, statement=com.mysql.jdbc.JDBC4PreparedStatement@26e9f9: insert into orders (order_number, customer_id, date, amount, order_status, discount_status) values (4, 3, '2011-06-13', 15000.00, 'UNPAID', 'NO_DISCOUNT')) - start
23:04:31.655 [main] DEBUG o.d.dataset.datatype.DateDataType - typeCast(value=2011-06-13) - start
23:04:31.655 [main] DEBUG org.dbunit.dataset.DefaultTable - getValue(row=3, column=amount) - start
23:04:31.655 [main] DEBUG org.dbunit.dataset.AbstractTable - assertValidRowIndex(row=3) - start
23:04:31.655 [main] DEBUG org.dbunit.dataset.AbstractTable - assertValidRowIndex(row=3, rowCount=6) - start
23:04:31.655 [main] DEBUG org.dbunit.dataset.AbstractTable - getColumnIndex(columnName=amount) - start
23:04:31.655 [main] DEBUG o.d.dataset.AbstractTableMetaData - getColumnIndex(columnName=amount) - start
23:04:31.656 [main] DEBUG o.d.d.s.AutomaticPreparedBatchStatement - addValue(value=110000.00, dataType=DECIMAL) - start
23:04:31.656 [main] DEBUG o.d.d.s.SimplePreparedStatement - addValue(value=110000.00, dataType=DECIMAL) - start
23:04:31.656 [main] DEBUG o.d.dataset.datatype.NumberDataType - setSqlValue(value=110000.00, column=4, statement=com.mysql.jdbc.JDBC4PreparedStatement@26e9f9: insert into orders (order_number, customer_id, date, amount, order_status, discount_status) values (4, 3, '2011-06-13', 15000.00, 'UNPAID', 'NO_DISCOUNT')) - start
23:04:31.658 [main] DEBUG o.d.dataset.datatype.NumberDataType - typeCast(value=110000.00) - start
23:04:31.658 [main] DEBUG org.dbunit.dataset.DefaultTable - getValue(row=3, column=order_status) - start
23:04:31.658 [main] DEBUG org.dbunit.dataset.AbstractTable - assertValidRowIndex(row=3) - start
23:04:31.658 [main] DEBUG org.dbunit.dataset.AbstractTable - assertValidRowIndex(row=3, rowCount=6) - start
23:04:31.658 [main] DEBUG org.dbunit.dataset.AbstractTable - getColumnIndex(columnName=order_status) - start
23:04:31.659 [main] DEBUG o.d.dataset.AbstractTableMetaData - getColumnIndex(columnName=order_status) - start
23:04:31.659 [main] DEBUG o.d.d.s.AutomaticPreparedBatchStatement - addValue(value=PAID, dataType=VARCHAR) - start
23:04:31.659 [main] DEBUG o.d.d.s.SimplePreparedStatement - addValue(value=PAID, dataType=VARCHAR) - start
23:04:31.659 [main] DEBUG o.d.dataset.datatype.StringDataType - setSqlValue(value=PAID, column=5, statement=com.mysql.jdbc.JDBC4PreparedStatement@26e9f9: insert into orders (order_number, customer_id, date, amount, order_status, discount_status) values (4, 3, '2011-06-13', 110000.00, 'UNPAID', 'NO_DISCOUNT')) - start
23:04:31.661 [main] DEBUG org.dbunit.dataset.datatype.DataType - asString(value=PAID) - start
23:04:31.661 [main] DEBUG o.d.dataset.datatype.StringDataType - typeCast(value=PAID) - start
23:04:31.661 [main] DEBUG org.dbunit.dataset.DefaultTable - getValue(row=3, column=discount_status) - start
23:04:31.661 [main] DEBUG org.dbunit.dataset.AbstractTable - assertValidRowIndex(row=3) - start
23:04:31.661 [main] DEBUG org.dbunit.dataset.AbstractTable - assertValidRowIndex(row=3, rowCount=6) - start
23:04:31.661 [main] DEBUG org.dbunit.dataset.AbstractTable - getColumnIndex(columnName=discount_status) - start
23:04:31.662 [main] DEBUG o.d.dataset.AbstractTableMetaData - getColumnIndex(columnName=discount_status) - start
23:04:31.662 [main] DEBUG o.d.d.s.AutomaticPreparedBatchStatement - addValue(value=NO_DISCOUNT, dataType=VARCHAR) - start
23:04:31.662 [main] DEBUG o.d.d.s.SimplePreparedStatement - addValue(value=NO_DISCOUNT, dataType=VARCHAR) - start
23:04:31.662 [main] DEBUG o.d.dataset.datatype.StringDataType - setSqlValue(value=NO_DISCOUNT, column=6, statement=com.mysql.jdbc.JDBC4PreparedStatement@26e9f9: insert into orders (order_number, customer_id, date, amount, order_status, discount_status) values (4, 3, '2011-06-13', 110000.00, 'PAID', 'NO_DISCOUNT')) - start
23:04:31.665 [main] DEBUG org.dbunit.dataset.datatype.DataType - asString(value=NO_DISCOUNT) - start
23:04:31.665 [main] DEBUG o.d.dataset.datatype.StringDataType - typeCast(value=NO_DISCOUNT) - start
23:04:31.666 [main] DEBUG o.d.d.s.AutomaticPreparedBatchStatement - addBatch() - start
23:04:31.666 [main] DEBUG o.d.d.s.SimplePreparedStatement - addBatch() - start
23:04:31.679 [main] DEBUG org.dbunit.operation.InsertOperation - equalsIgnoreMapping(ignoreMapping={}, table=org.dbunit.dataset.DefaultTable[_metaData=tableName=orders, columns=[(order_number, UNKNOWN, nullableUnknown), (customer_id, UNKNOWN, nullableUnknown), (date, UNKNOWN, nullableUnknown), (amount, UNKNOWN, nullableUnknown), (order_status, UNKNOWN, nullableUnknown), (discount_status, UNKNOWN, nullableUnknown)], keys=[], _rowList.size()=6], row=4) - start
23:04:31.680 [main] DEBUG org.dbunit.dataset.DefaultTable - getValue(row=4, column=order_number) - start
23:04:31.768 [main] DEBUG org.dbunit.dataset.AbstractTable - assertValidRowIndex(row=4) - start
23:04:31.768 [main] DEBUG org.dbunit.dataset.AbstractTable - assertValidRowIndex(row=4, rowCount=6) - start
23:04:31.768 [main] DEBUG org.dbunit.dataset.AbstractTable - getColumnIndex(columnName=order_number) - start
23:04:31.768 [main] DEBUG o.d.dataset.AbstractTableMetaData - getColumnIndex(columnName=order_number) - start
23:04:31.768 [main] DEBUG org.dbunit.dataset.DefaultTable - getValue(row=4, column=customer_id) - start
23:04:31.769 [main] DEBUG org.dbunit.dataset.AbstractTable - assertValidRowIndex(row=4) - start
23:04:31.769 [main] DEBUG org.dbunit.dataset.AbstractTable - assertValidRowIndex(row=4, rowCount=6) - start
23:04:31.769 [main] DEBUG org.dbunit.dataset.AbstractTable - getColumnIndex(columnName=customer_id) - start
23:04:31.769 [main] DEBUG o.d.dataset.AbstractTableMetaData - getColumnIndex(columnName=customer_id) - start
23:04:31.769 [main] DEBUG org.dbunit.dataset.DefaultTable - getValue(row=4, column=date) - start
23:04:31.770 [main] DEBUG org.dbunit.dataset.AbstractTable - assertValidRowIndex(row=4) - start
23:04:31.770 [main] DEBUG org.dbunit.dataset.AbstractTable - assertValidRowIndex(row=4, rowCount=6) - start
23:04:31.771 [main] DEBUG org.dbunit.dataset.AbstractTable - getColumnIndex(columnName=date) - start
23:04:31.771 [main] DEBUG o.d.dataset.AbstractTableMetaData - getColumnIndex(columnName=date) - start
23:04:31.771 [main] DEBUG org.dbunit.dataset.DefaultTable - getValue(row=4, column=amount) - start
23:04:31.771 [main] DEBUG org.dbunit.dataset.AbstractTable - assertValidRowIndex(row=4) - start
23:04:31.772 [main] DEBUG org.dbunit.dataset.AbstractTable - assertValidRowIndex(row=4, rowCount=6) - start
23:04:31.772 [main] DEBUG org.dbunit.dataset.AbstractTable - getColumnIndex(columnName=amount) - start
23:04:31.772 [main] DEBUG o.d.dataset.AbstractTableMetaData - getColumnIndex(columnName=amount) - start
23:04:31.772 [main] DEBUG org.dbunit.dataset.DefaultTable - getValue(row=4, column=order_status) - start
23:04:31.772 [main] DEBUG org.dbunit.dataset.AbstractTable - assertValidRowIndex(row=4) - start
23:04:31.774 [main] DEBUG org.dbunit.dataset.AbstractTable - assertValidRowIndex(row=4, rowCount=6) - start
23:04:31.774 [main] DEBUG org.dbunit.dataset.AbstractTable - getColumnIndex(columnName=order_status) - start
23:04:31.774 [main] DEBUG o.d.dataset.AbstractTableMetaData - getColumnIndex(columnName=order_status) - start
23:04:31.774 [main] DEBUG org.dbunit.dataset.DefaultTable - getValue(row=4, column=discount_status) - start
23:04:31.774 [main] DEBUG org.dbunit.dataset.AbstractTable - assertValidRowIndex(row=4) - start
23:04:31.776 [main] DEBUG org.dbunit.dataset.AbstractTable - assertValidRowIndex(row=4, rowCount=6) - start
23:04:31.776 [main] DEBUG org.dbunit.dataset.AbstractTable - getColumnIndex(columnName=discount_status) - start
23:04:31.776 [main] DEBUG o.d.dataset.AbstractTableMetaData - getColumnIndex(columnName=discount_status) - start
23:04:31.776 [main] DEBUG org.dbunit.dataset.DefaultTable - getValue(row=4, column=order_number) - start
23:04:31.776 [main] DEBUG org.dbunit.dataset.AbstractTable - assertValidRowIndex(row=4) - start
23:04:31.777 [main] DEBUG org.dbunit.dataset.AbstractTable - assertValidRowIndex(row=4, rowCount=6) - start
23:04:31.777 [main] DEBUG org.dbunit.dataset.AbstractTable - getColumnIndex(columnName=order_number) - start
23:04:31.777 [main] DEBUG o.d.dataset.AbstractTableMetaData - getColumnIndex(columnName=order_number) - start
23:04:31.777 [main] DEBUG o.d.d.s.AutomaticPreparedBatchStatement - addValue(value=5, dataType=INTEGER) - start
23:04:31.777 [main] DEBUG o.d.d.s.SimplePreparedStatement - addValue(value=5, dataType=INTEGER) - start
23:04:31.778 [main] DEBUG o.d.dataset.datatype.IntegerDataType - setSqlValue(value=5, column=1, statement=com.mysql.jdbc.JDBC4PreparedStatement@26e9f9: insert into orders (order_number, customer_id, date, amount, order_status, discount_status) values (4, 3, '2011-06-13', 110000.00, 'PAID', 'NO_DISCOUNT')) - start
23:04:31.779 [main] DEBUG o.d.dataset.datatype.IntegerDataType - typeCast(value=5) - start
23:04:31.779 [main] DEBUG o.d.dataset.datatype.IntegerDataType - typeCast(value=5) - start
23:04:31.779 [main] DEBUG org.dbunit.dataset.DefaultTable - getValue(row=4, column=customer_id) - start
23:04:31.781 [main] DEBUG org.dbunit.dataset.AbstractTable - assertValidRowIndex(row=4) - start
23:04:31.781 [main] DEBUG org.dbunit.dataset.AbstractTable - assertValidRowIndex(row=4, rowCount=6) - start
23:04:31.781 [main] DEBUG org.dbunit.dataset.AbstractTable - getColumnIndex(columnName=customer_id) - start
23:04:31.781 [main] DEBUG o.d.dataset.AbstractTableMetaData - getColumnIndex(columnName=customer_id) - start
23:04:31.781 [main] DEBUG o.d.d.s.AutomaticPreparedBatchStatement - addValue(value=4, dataType=INTEGER) - start
23:04:31.782 [main] DEBUG o.d.d.s.SimplePreparedStatement - addValue(value=4, dataType=INTEGER) - start
23:04:31.782 [main] DEBUG o.d.dataset.datatype.IntegerDataType - setSqlValue(value=4, column=2, statement=com.mysql.jdbc.JDBC4PreparedStatement@26e9f9: insert into orders (order_number, customer_id, date, amount, order_status, discount_status) values (5, 3, '2011-06-13', 110000.00, 'PAID', 'NO_DISCOUNT')) - start
23:04:31.782 [main] DEBUG o.d.dataset.datatype.IntegerDataType - typeCast(value=4) - start
23:04:31.784 [main] DEBUG o.d.dataset.datatype.IntegerDataType - typeCast(value=4) - start
23:04:31.784 [main] DEBUG org.dbunit.dataset.DefaultTable - getValue(row=4, column=date) - start
23:04:31.784 [main] DEBUG org.dbunit.dataset.AbstractTable - assertValidRowIndex(row=4) - start
23:04:31.784 [main] DEBUG org.dbunit.dataset.AbstractTable - assertValidRowIndex(row=4, rowCount=6) - start
23:04:31.784 [main] DEBUG org.dbunit.dataset.AbstractTable - getColumnIndex(columnName=date) - start
23:04:31.784 [main] DEBUG o.d.dataset.AbstractTableMetaData - getColumnIndex(columnName=date) - start
23:04:31.785 [main] DEBUG o.d.d.s.AutomaticPreparedBatchStatement - addValue(value=2011-06-13, dataType=DATE) - start
23:04:31.785 [main] DEBUG o.d.d.s.SimplePreparedStatement - addValue(value=2011-06-13, dataType=DATE) - start
23:04:31.785 [main] DEBUG o.d.dataset.datatype.DateDataType - setSqlValue(value=2011-06-13, column=3, statement=com.mysql.jdbc.JDBC4PreparedStatement@26e9f9: insert into orders (order_number, customer_id, date, amount, order_status, discount_status) values (5, 4, '2011-06-13', 110000.00, 'PAID', 'NO_DISCOUNT')) - start
23:04:31.787 [main] DEBUG o.d.dataset.datatype.DateDataType - typeCast(value=2011-06-13) - start
23:04:31.787 [main] DEBUG org.dbunit.dataset.DefaultTable - getValue(row=4, column=amount) - start
23:04:31.787 [main] DEBUG org.dbunit.dataset.AbstractTable - assertValidRowIndex(row=4) - start
23:04:31.787 [main] DEBUG org.dbunit.dataset.AbstractTable - assertValidRowIndex(row=4, rowCount=6) - start
23:04:31.787 [main] DEBUG org.dbunit.dataset.AbstractTable - getColumnIndex(columnName=amount) - start
23:04:31.787 [main] DEBUG o.d.dataset.AbstractTableMetaData - getColumnIndex(columnName=amount) - start
23:04:31.788 [main] DEBUG o.d.d.s.AutomaticPreparedBatchStatement - addValue(value=2180.00, dataType=DECIMAL) - start
23:04:31.788 [main] DEBUG o.d.d.s.SimplePreparedStatement - addValue(value=2180.00, dataType=DECIMAL) - start
23:04:31.788 [main] DEBUG o.d.dataset.datatype.NumberDataType - setSqlValue(value=2180.00, column=4, statement=com.mysql.jdbc.JDBC4PreparedStatement@26e9f9: insert into orders (order_number, customer_id, date, amount, order_status, discount_status) values (5, 4, '2011-06-13', 110000.00, 'PAID', 'NO_DISCOUNT')) - start
23:04:31.790 [main] DEBUG o.d.dataset.datatype.NumberDataType - typeCast(value=2180.00) - start
23:04:31.790 [main] DEBUG org.dbunit.dataset.DefaultTable - getValue(row=4, column=order_status) - start
23:04:31.790 [main] DEBUG org.dbunit.dataset.AbstractTable - assertValidRowIndex(row=4) - start
23:04:31.790 [main] DEBUG org.dbunit.dataset.AbstractTable - assertValidRowIndex(row=4, rowCount=6) - start
23:04:31.790 [main] DEBUG org.dbunit.dataset.AbstractTable - getColumnIndex(columnName=order_status) - start
23:04:31.791 [main] DEBUG o.d.dataset.AbstractTableMetaData - getColumnIndex(columnName=order_status) - start
23:04:31.791 [main] DEBUG o.d.d.s.AutomaticPreparedBatchStatement - addValue(value=UNPAID, dataType=VARCHAR) - start
23:04:31.791 [main] DEBUG o.d.d.s.SimplePreparedStatement - addValue(value=UNPAID, dataType=VARCHAR) - start
23:04:31.791 [main] DEBUG o.d.dataset.datatype.StringDataType - setSqlValue(value=UNPAID, column=5, statement=com.mysql.jdbc.JDBC4PreparedStatement@26e9f9: insert into orders (order_number, customer_id, date, amount, order_status, discount_status) values (5, 4, '2011-06-13', 2180.00, 'PAID', 'NO_DISCOUNT')) - start
23:04:31.793 [main] DEBUG org.dbunit.dataset.datatype.DataType - asString(value=UNPAID) - start
23:04:31.793 [main] DEBUG o.d.dataset.datatype.StringDataType - typeCast(value=UNPAID) - start
23:04:31.793 [main] DEBUG org.dbunit.dataset.DefaultTable - getValue(row=4, column=discount_status) - start
23:04:31.793 [main] DEBUG org.dbunit.dataset.AbstractTable - assertValidRowIndex(row=4) - start
23:04:31.793 [main] DEBUG org.dbunit.dataset.AbstractTable - assertValidRowIndex(row=4, rowCount=6) - start
23:04:31.793 [main] DEBUG org.dbunit.dataset.AbstractTable - getColumnIndex(columnName=discount_status) - start
23:04:31.794 [main] DEBUG o.d.dataset.AbstractTableMetaData - getColumnIndex(columnName=discount_status) - start
23:04:31.794 [main] DEBUG o.d.d.s.AutomaticPreparedBatchStatement - addValue(value=NO_DISCOUNT, dataType=VARCHAR) - start
23:04:31.794 [main] DEBUG o.d.d.s.SimplePreparedStatement - addValue(value=NO_DISCOUNT, dataType=VARCHAR) - start
23:04:31.794 [main] DEBUG o.d.dataset.datatype.StringDataType - setSqlValue(value=NO_DISCOUNT, column=6, statement=com.mysql.jdbc.JDBC4PreparedStatement@26e9f9: insert into orders (order_number, customer_id, date, amount, order_status, discount_status) values (5, 4, '2011-06-13', 2180.00, 'UNPAID', 'NO_DISCOUNT')) - start
23:04:31.796 [main] DEBUG org.dbunit.dataset.datatype.DataType - asString(value=NO_DISCOUNT) - start
23:04:31.796 [main] DEBUG o.d.dataset.datatype.StringDataType - typeCast(value=NO_DISCOUNT) - start
23:04:31.796 [main] DEBUG o.d.d.s.AutomaticPreparedBatchStatement - addBatch() - start
23:04:31.797 [main] DEBUG o.d.d.s.SimplePreparedStatement - addBatch() - start
23:04:31.826 [main] DEBUG org.dbunit.operation.InsertOperation - equalsIgnoreMapping(ignoreMapping={}, table=org.dbunit.dataset.DefaultTable[_metaData=tableName=orders, columns=[(order_number, UNKNOWN, nullableUnknown), (customer_id, UNKNOWN, nullableUnknown), (date, UNKNOWN, nullableUnknown), (amount, UNKNOWN, nullableUnknown), (order_status, UNKNOWN, nullableUnknown), (discount_status, UNKNOWN, nullableUnknown)], keys=[], _rowList.size()=6], row=5) - start
23:04:31.826 [main] DEBUG org.dbunit.dataset.DefaultTable - getValue(row=5, column=order_number) - start
23:04:31.900 [main] DEBUG org.dbunit.dataset.AbstractTable - assertValidRowIndex(row=5) - start
23:04:31.900 [main] DEBUG org.dbunit.dataset.AbstractTable - assertValidRowIndex(row=5, rowCount=6) - start
23:04:31.900 [main] DEBUG org.dbunit.dataset.AbstractTable - getColumnIndex(columnName=order_number) - start
23:04:31.900 [main] DEBUG o.d.dataset.AbstractTableMetaData - getColumnIndex(columnName=order_number) - start
23:04:31.900 [main] DEBUG org.dbunit.dataset.DefaultTable - getValue(row=5, column=customer_id) - start
23:04:31.901 [main] DEBUG org.dbunit.dataset.AbstractTable - assertValidRowIndex(row=5) - start
23:04:31.901 [main] DEBUG org.dbunit.dataset.AbstractTable - assertValidRowIndex(row=5, rowCount=6) - start
23:04:31.901 [main] DEBUG org.dbunit.dataset.AbstractTable - getColumnIndex(columnName=customer_id) - start
23:04:31.901 [main] DEBUG o.d.dataset.AbstractTableMetaData - getColumnIndex(columnName=customer_id) - start
23:04:31.901 [main] DEBUG org.dbunit.dataset.DefaultTable - getValue(row=5, column=date) - start
23:04:31.902 [main] DEBUG org.dbunit.dataset.AbstractTable - assertValidRowIndex(row=5) - start
23:04:31.902 [main] DEBUG org.dbunit.dataset.AbstractTable - assertValidRowIndex(row=5, rowCount=6) - start
23:04:31.902 [main] DEBUG org.dbunit.dataset.AbstractTable - getColumnIndex(columnName=date) - start
23:04:31.902 [main] DEBUG o.d.dataset.AbstractTableMetaData - getColumnIndex(columnName=date) - start
23:04:31.902 [main] DEBUG org.dbunit.dataset.DefaultTable - getValue(row=5, column=amount) - start
23:04:31.903 [main] DEBUG org.dbunit.dataset.AbstractTable - assertValidRowIndex(row=5) - start
23:04:31.904 [main] DEBUG org.dbunit.dataset.AbstractTable - assertValidRowIndex(row=5, rowCount=6) - start
23:04:31.904 [main] DEBUG org.dbunit.dataset.AbstractTable - getColumnIndex(columnName=amount) - start
23:04:31.904 [main] DEBUG o.d.dataset.AbstractTableMetaData - getColumnIndex(columnName=amount) - start
23:04:31.904 [main] DEBUG org.dbunit.dataset.DefaultTable - getValue(row=5, column=order_status) - start
23:04:31.904 [main] DEBUG org.dbunit.dataset.AbstractTable - assertValidRowIndex(row=5) - start
23:04:31.906 [main] DEBUG org.dbunit.dataset.AbstractTable - assertValidRowIndex(row=5, rowCount=6) - start
23:04:31.906 [main] DEBUG org.dbunit.dataset.AbstractTable - getColumnIndex(columnName=order_status) - start
23:04:31.906 [main] DEBUG o.d.dataset.AbstractTableMetaData - getColumnIndex(columnName=order_status) - start
23:04:31.906 [main] DEBUG org.dbunit.dataset.DefaultTable - getValue(row=5, column=discount_status) - start
23:04:31.906 [main] DEBUG org.dbunit.dataset.AbstractTable - assertValidRowIndex(row=5) - start
23:04:31.907 [main] DEBUG org.dbunit.dataset.AbstractTable - assertValidRowIndex(row=5, rowCount=6) - start
23:04:31.907 [main] DEBUG org.dbunit.dataset.AbstractTable - getColumnIndex(columnName=discount_status) - start
23:04:31.907 [main] DEBUG o.d.dataset.AbstractTableMetaData - getColumnIndex(columnName=discount_status) - start
23:04:31.907 [main] DEBUG org.dbunit.dataset.DefaultTable - getValue(row=5, column=order_number) - start
23:04:31.908 [main] DEBUG org.dbunit.dataset.AbstractTable - assertValidRowIndex(row=5) - start
23:04:31.909 [main] DEBUG org.dbunit.dataset.AbstractTable - assertValidRowIndex(row=5, rowCount=6) - start
23:04:31.909 [main] DEBUG org.dbunit.dataset.AbstractTable - getColumnIndex(columnName=order_number) - start
23:04:31.909 [main] DEBUG o.d.dataset.AbstractTableMetaData - getColumnIndex(columnName=order_number) - start
23:04:31.909 [main] DEBUG o.d.d.s.AutomaticPreparedBatchStatement - addValue(value=6, dataType=INTEGER) - start
23:04:31.909 [main] DEBUG o.d.d.s.SimplePreparedStatement - addValue(value=6, dataType=INTEGER) - start
23:04:31.910 [main] DEBUG o.d.dataset.datatype.IntegerDataType - setSqlValue(value=6, column=1, statement=com.mysql.jdbc.JDBC4PreparedStatement@26e9f9: insert into orders (order_number, customer_id, date, amount, order_status, discount_status) values (5, 4, '2011-06-13', 2180.00, 'UNPAID', 'NO_DISCOUNT')) - start
23:04:31.910 [main] DEBUG o.d.dataset.datatype.IntegerDataType - typeCast(value=6) - start
23:04:31.910 [main] DEBUG o.d.dataset.datatype.IntegerDataType - typeCast(value=6) - start
23:04:31.910 [main] DEBUG org.dbunit.dataset.DefaultTable - getValue(row=5, column=customer_id) - start
23:04:31.912 [main] DEBUG org.dbunit.dataset.AbstractTable - assertValidRowIndex(row=5) - start
23:04:31.912 [main] DEBUG org.dbunit.dataset.AbstractTable - assertValidRowIndex(row=5, rowCount=6) - start
23:04:31.912 [main] DEBUG org.dbunit.dataset.AbstractTable - getColumnIndex(columnName=customer_id) - start
23:04:31.912 [main] DEBUG o.d.dataset.AbstractTableMetaData - getColumnIndex(columnName=customer_id) - start
23:04:31.912 [main] DEBUG o.d.d.s.AutomaticPreparedBatchStatement - addValue(value=5, dataType=INTEGER) - start
23:04:31.914 [main] DEBUG o.d.d.s.SimplePreparedStatement - addValue(value=5, dataType=INTEGER) - start
23:04:31.914 [main] DEBUG o.d.dataset.datatype.IntegerDataType - setSqlValue(value=5, column=2, statement=com.mysql.jdbc.JDBC4PreparedStatement@26e9f9: insert into orders (order_number, customer_id, date, amount, order_status, discount_status) values (6, 4, '2011-06-13', 2180.00, 'UNPAID', 'NO_DISCOUNT')) - start
23:04:31.914 [main] DEBUG o.d.dataset.datatype.IntegerDataType - typeCast(value=5) - start
23:04:31.915 [main] DEBUG o.d.dataset.datatype.IntegerDataType - typeCast(value=5) - start
23:04:31.916 [main] DEBUG org.dbunit.dataset.DefaultTable - getValue(row=5, column=date) - start
23:04:31.916 [main] DEBUG org.dbunit.dataset.AbstractTable - assertValidRowIndex(row=5) - start
23:04:31.916 [main] DEBUG org.dbunit.dataset.AbstractTable - assertValidRowIndex(row=5, rowCount=6) - start
23:04:31.916 [main] DEBUG org.dbunit.dataset.AbstractTable - getColumnIndex(columnName=date) - start
23:04:31.916 [main] DEBUG o.d.dataset.AbstractTableMetaData - getColumnIndex(columnName=date) - start
23:04:31.917 [main] DEBUG o.d.d.s.AutomaticPreparedBatchStatement - addValue(value=2011-06-13, dataType=DATE) - start
23:04:31.917 [main] DEBUG o.d.d.s.SimplePreparedStatement - addValue(value=2011-06-13, dataType=DATE) - start
23:04:31.917 [main] DEBUG o.d.dataset.datatype.DateDataType - setSqlValue(value=2011-06-13, column=3, statement=com.mysql.jdbc.JDBC4PreparedStatement@26e9f9: insert into orders (order_number, customer_id, date, amount, order_status, discount_status) values (6, 5, '2011-06-13', 2180.00, 'UNPAID', 'NO_DISCOUNT')) - start
23:04:31.918 [main] DEBUG o.d.dataset.datatype.DateDataType - typeCast(value=2011-06-13) - start
23:04:31.918 [main] DEBUG org.dbunit.dataset.DefaultTable - getValue(row=5, column=amount) - start
23:04:31.918 [main] DEBUG org.dbunit.dataset.AbstractTable - assertValidRowIndex(row=5) - start
23:04:31.919 [main] DEBUG org.dbunit.dataset.AbstractTable - assertValidRowIndex(row=5, rowCount=6) - start
23:04:31.919 [main] DEBUG org.dbunit.dataset.AbstractTable - getColumnIndex(columnName=amount) - start
23:04:31.919 [main] DEBUG o.d.dataset.AbstractTableMetaData - getColumnIndex(columnName=amount) - start
23:04:31.920 [main] DEBUG o.d.d.s.AutomaticPreparedBatchStatement - addValue(value=10000.00, dataType=DECIMAL) - start
23:04:31.920 [main] DEBUG o.d.d.s.SimplePreparedStatement - addValue(value=10000.00, dataType=DECIMAL) - start
23:04:31.920 [main] DEBUG o.d.dataset.datatype.NumberDataType - setSqlValue(value=10000.00, column=4, statement=com.mysql.jdbc.JDBC4PreparedStatement@26e9f9: insert into orders (order_number, customer_id, date, amount, order_status, discount_status) values (6, 5, '2011-06-13', 2180.00, 'UNPAID', 'NO_DISCOUNT')) - start
23:04:31.921 [main] DEBUG o.d.dataset.datatype.NumberDataType - typeCast(value=10000.00) - start
23:04:31.921 [main] DEBUG org.dbunit.dataset.DefaultTable - getValue(row=5, column=order_status) - start
23:04:31.922 [main] DEBUG org.dbunit.dataset.AbstractTable - assertValidRowIndex(row=5) - start
23:04:31.922 [main] DEBUG org.dbunit.dataset.AbstractTable - assertValidRowIndex(row=5, rowCount=6) - start
23:04:31.922 [main] DEBUG org.dbunit.dataset.AbstractTable - getColumnIndex(columnName=order_status) - start
23:04:31.923 [main] DEBUG o.d.dataset.AbstractTableMetaData - getColumnIndex(columnName=order_status) - start
23:04:31.923 [main] DEBUG o.d.d.s.AutomaticPreparedBatchStatement - addValue(value=PAID, dataType=VARCHAR) - start
23:04:31.923 [main] DEBUG o.d.d.s.SimplePreparedStatement - addValue(value=PAID, dataType=VARCHAR) - start
23:04:31.923 [main] DEBUG o.d.dataset.datatype.StringDataType - setSqlValue(value=PAID, column=5, statement=com.mysql.jdbc.JDBC4PreparedStatement@26e9f9: insert into orders (order_number, customer_id, date, amount, order_status, discount_status) values (6, 5, '2011-06-13', 10000.00, 'UNPAID', 'NO_DISCOUNT')) - start
23:04:31.925 [main] DEBUG org.dbunit.dataset.datatype.DataType - asString(value=PAID) - start
23:04:31.925 [main] DEBUG o.d.dataset.datatype.StringDataType - typeCast(value=PAID) - start
23:04:31.925 [main] DEBUG org.dbunit.dataset.DefaultTable - getValue(row=5, column=discount_status) - start
23:04:31.926 [main] DEBUG org.dbunit.dataset.AbstractTable - assertValidRowIndex(row=5) - start
23:04:31.926 [main] DEBUG org.dbunit.dataset.AbstractTable - assertValidRowIndex(row=5, rowCount=6) - start
23:04:31.926 [main] DEBUG org.dbunit.dataset.AbstractTable - getColumnIndex(columnName=discount_status) - start
23:04:31.926 [main] DEBUG o.d.dataset.AbstractTableMetaData - getColumnIndex(columnName=discount_status) - start
23:04:31.926 [main] DEBUG o.d.d.s.AutomaticPreparedBatchStatement - addValue(value=NO_DISCOUNT, dataType=VARCHAR) - start
23:04:31.926 [main] DEBUG o.d.d.s.SimplePreparedStatement - addValue(value=NO_DISCOUNT, dataType=VARCHAR) - start
23:04:31.926 [main] DEBUG o.d.dataset.datatype.StringDataType - setSqlValue(value=NO_DISCOUNT, column=6, statement=com.mysql.jdbc.JDBC4PreparedStatement@26e9f9: insert into orders (order_number, customer_id, date, amount, order_status, discount_status) values (6, 5, '2011-06-13', 10000.00, 'PAID', 'NO_DISCOUNT')) - start
23:04:31.928 [main] DEBUG org.dbunit.dataset.datatype.DataType - asString(value=NO_DISCOUNT) - start
23:04:31.928 [main] DEBUG o.d.dataset.datatype.StringDataType - typeCast(value=NO_DISCOUNT) - start
23:04:31.928 [main] DEBUG o.d.d.s.AutomaticPreparedBatchStatement - addBatch() - start
23:04:31.928 [main] DEBUG o.d.d.s.SimplePreparedStatement - addBatch() - start
23:04:31.944 [main] DEBUG org.dbunit.operation.InsertOperation - equalsIgnoreMapping(ignoreMapping={}, table=org.dbunit.dataset.DefaultTable[_metaData=tableName=orders, columns=[(order_number, UNKNOWN, nullableUnknown), (customer_id, UNKNOWN, nullableUnknown), (date, UNKNOWN, nullableUnknown), (amount, UNKNOWN, nullableUnknown), (order_status, UNKNOWN, nullableUnknown), (discount_status, UNKNOWN, nullableUnknown)], keys=[], _rowList.size()=6], row=6) - start
23:04:31.944 [main] DEBUG org.dbunit.dataset.DefaultTable - getValue(row=6, column=order_number) - start
23:04:32.032 [main] DEBUG org.dbunit.dataset.AbstractTable - assertValidRowIndex(row=6) - start
23:04:32.032 [main] DEBUG org.dbunit.dataset.AbstractTable - assertValidRowIndex(row=6, rowCount=6) - start
23:04:32.032 [main] DEBUG o.d.d.s.AutomaticPreparedBatchStatement - executeBatch() - start
23:04:32.032 [main] DEBUG o.d.d.s.SimplePreparedStatement - executeBatch() - start
23:04:32.032 [main] DEBUG o.d.d.s.SimplePreparedStatement - clearBatch() - start
23:04:32.032 [main] DEBUG o.d.d.s.AutomaticPreparedBatchStatement - clearBatch() - start
23:04:32.033 [main] DEBUG o.d.d.s.SimplePreparedStatement - clearBatch() - start
23:04:32.033 [main] DEBUG o.d.d.s.AutomaticPreparedBatchStatement - close() - start
23:04:32.033 [main] DEBUG o.d.d.s.AbstractPreparedBatchStatement - close() - start
23:04:32.033 [main] DEBUG o.d.dataset.DefaultTableIterator - getTable() - start
23:04:32.033 [main] DEBUG o.d.operation.AbstractBatchOperation - isEmpty(table=org.dbunit.dataset.DefaultTable[_metaData=tableName=order_items, columns=[(id, UNKNOWN, nullableUnknown), (order_order_number, UNKNOWN, nullableUnknown), (product_sku_number, UNKNOWN, nullableUnknown), (quantity, UNKNOWN, nullableUnknown)], keys=[], _rowList.size()=8]) - start
23:04:32.034 [main] DEBUG org.dbunit.dataset.DefaultTable - getValue(row=0, column=id) - start
23:04:32.034 [main] DEBUG org.dbunit.dataset.AbstractTable - assertValidRowIndex(row=0) - start
23:04:32.034 [main] DEBUG org.dbunit.dataset.AbstractTable - assertValidRowIndex(row=0, rowCount=8) - start
23:04:32.034 [main] DEBUG org.dbunit.dataset.AbstractTable - getColumnIndex(columnName=id) - start
23:04:32.034 [main] DEBUG o.d.dataset.AbstractTableMetaData - getColumnIndex(columnName=id) - start
23:04:32.034 [main] DEBUG o.dbunit.operation.AbstractOperation - getOperationMetaData(connection=org.dbunit.database.DatabaseConnection[schema=, connection=com.mysql.jdbc.JDBC4Connection@b33d0a, super=_databaseConfig=org.dbunit.database.DatabaseConfig[, _propertyMap={http://www.dbunit.org/properties/statementFactory=org.dbunit.database.statement.PreparedStatementFactory@16c9867, http://www.dbunit.org/features/caseSensitiveTableNames=false, http://www.dbunit.org/properties/fetchSize=100, http://www.dbunit.org/features/batchedStatements=false, http://www.dbunit.org/properties/metadataHandler=org.dbunit.database.DefaultMetadataHandler@89cc5e, http://www.dbunit.org/properties/datatypeFactory=org.dbunit.dataset.datatype.DefaultDataTypeFactory[_toleratedDeltaMap=org.dbunit.dataset.datatype.ToleratedDeltaMap@c837cd], http://www.dbunit.org/properties/escapePattern=null, http://www.dbunit.org/properties/batchSize=100, http://www.dbunit.org/features/qualifiedTableNames=false, http://www.dbunit.org/properties/tableType=[Ljava.lang.String;@c79809, http://www.dbunit.org/properties/resultSetTableFactory=org.dbunit.database.CachedResultSetTableFactory@1ce784b, http://www.dbunit.org/features/datatypeWarning=true}], _dataSet=AbstractDataSet[_orderedTableNameMap=null]], metaData=tableName=order_items, columns=[(id, UNKNOWN, nullableUnknown), (order_order_number, UNKNOWN, nullableUnknown), (product_sku_number, UNKNOWN, nullableUnknown), (quantity, UNKNOWN, nullableUnknown)], keys=[]) - start
23:04:32.036 [main] DEBUG o.d.d.AbstractDatabaseConnection - createDataSet() - start
23:04:32.036 [main] DEBUG org.dbunit.database.DatabaseDataSet - getTableMetaData(tableName=order_items) - start
23:04:32.036 [main] DEBUG org.dbunit.database.DatabaseDataSet - initialize() - start
23:04:32.036 [main] DEBUG o.dbunit.dataset.OrderedTableNameMap - getTableName(tableName=order_items) - start
23:04:32.036 [main] DEBUG o.dbunit.dataset.OrderedTableNameMap - getTableName(tableName=order_items) - end - result=ORDER_ITEMS
23:04:32.038 [main] DEBUG o.dbunit.dataset.OrderedTableNameMap - getTableName(tableName=order_items) - start
23:04:32.038 [main] DEBUG o.dbunit.dataset.OrderedTableNameMap - getTableName(tableName=order_items) - end - result=ORDER_ITEMS
23:04:32.038 [main] DEBUG o.d.dataset.AbstractTableMetaData - getColumnIndex(columnName=id) - start
23:04:32.038 [main] DEBUG o.d.database.DatabaseTableMetaData - getColumns() - start
23:04:32.038 [main] DEBUG o.d.database.DatabaseTableMetaData - getColumns() - start
23:04:32.040 [main] DEBUG o.d.dataset.AbstractTableMetaData - getColumnIndex(columnName=order_order_number) - start
23:04:32.044 [main] DEBUG o.d.database.DatabaseTableMetaData - getColumns() - start
23:04:32.044 [main] DEBUG o.d.dataset.AbstractTableMetaData - getColumnIndex(columnName=product_sku_number) - start
23:04:32.044 [main] DEBUG o.d.database.DatabaseTableMetaData - getColumns() - start
23:04:32.044 [main] DEBUG o.d.dataset.AbstractTableMetaData - getColumnIndex(columnName=quantity) - start
23:04:32.044 [main] DEBUG o.d.database.DatabaseTableMetaData - getColumns() - start
23:04:32.044 [main] DEBUG o.d.database.DatabaseTableMetaData - getPrimaryKeys() - start
23:04:32.046 [main] DEBUG org.dbunit.operation.InsertOperation - getIgnoreMapping(table=org.dbunit.dataset.DefaultTable[_metaData=tableName=order_items, columns=[(id, UNKNOWN, nullableUnknown), (order_order_number, UNKNOWN, nullableUnknown), (product_sku_number, UNKNOWN, nullableUnknown), (quantity, UNKNOWN, nullableUnknown)], keys=[], _rowList.size()=8], row=0) - start
23:04:32.046 [main] DEBUG org.dbunit.dataset.DefaultTable - getValue(row=0, column=id) - start
23:04:32.046 [main] DEBUG org.dbunit.dataset.AbstractTable - assertValidRowIndex(row=0) - start
23:04:32.048 [main] DEBUG org.dbunit.dataset.AbstractTable - assertValidRowIndex(row=0, rowCount=8) - start
23:04:32.048 [main] DEBUG org.dbunit.dataset.AbstractTable - getColumnIndex(columnName=id) - start
23:04:32.048 [main] DEBUG o.d.dataset.AbstractTableMetaData - getColumnIndex(columnName=id) - start
23:04:32.048 [main] DEBUG org.dbunit.dataset.DefaultTable - getValue(row=0, column=order_order_number) - start
23:04:32.048 [main] DEBUG org.dbunit.dataset.AbstractTable - assertValidRowIndex(row=0) - start
23:04:32.051 [main] DEBUG org.dbunit.dataset.AbstractTable - assertValidRowIndex(row=0, rowCount=8) - start
23:04:32.051 [main] DEBUG org.dbunit.dataset.AbstractTable - getColumnIndex(columnName=order_order_number) - start
23:04:32.051 [main] DEBUG o.d.dataset.AbstractTableMetaData - getColumnIndex(columnName=order_order_number) - start
23:04:32.051 [main] DEBUG org.dbunit.dataset.DefaultTable - getValue(row=0, column=product_sku_number) - start
23:04:32.051 [main] DEBUG org.dbunit.dataset.AbstractTable - assertValidRowIndex(row=0) - start
23:04:32.151 [main] DEBUG org.dbunit.dataset.AbstractTable - assertValidRowIndex(row=0, rowCount=8) - start
23:04:32.151 [main] DEBUG org.dbunit.dataset.AbstractTable - getColumnIndex(columnName=product_sku_number) - start
23:04:32.151 [main] DEBUG o.d.dataset.AbstractTableMetaData - getColumnIndex(columnName=product_sku_number) - start
23:04:32.151 [main] DEBUG org.dbunit.dataset.DefaultTable - getValue(row=0, column=quantity) - start
23:04:32.151 [main] DEBUG org.dbunit.dataset.AbstractTable - assertValidRowIndex(row=0) - start
23:04:32.152 [main] DEBUG org.dbunit.dataset.AbstractTable - assertValidRowIndex(row=0, rowCount=8) - start
23:04:32.152 [main] DEBUG org.dbunit.dataset.AbstractTable - getColumnIndex(columnName=quantity) - start
23:04:32.152 [main] DEBUG o.d.dataset.AbstractTableMetaData - getColumnIndex(columnName=quantity) - start
23:04:32.152 [main] DEBUG org.dbunit.operation.InsertOperation - getOperationData(metaData=tableName=order_items, columns=[(id, INTEGER, noNulls), (order_order_number, INTEGER, noNulls), (product_sku_number, INTEGER, noNulls), (quantity, INTEGER, noNulls)], keys=[(id, INTEGER, noNulls)], ignoreMapping={}, connection=org.dbunit.database.DatabaseConnection[schema=, connection=com.mysql.jdbc.JDBC4Connection@b33d0a, super=_databaseConfig=org.dbunit.database.DatabaseConfig[, _propertyMap={http://www.dbunit.org/properties/statementFactory=org.dbunit.database.statement.PreparedStatementFactory@16c9867, http://www.dbunit.org/features/caseSensitiveTableNames=false, http://www.dbunit.org/properties/fetchSize=100, http://www.dbunit.org/features/batchedStatements=false, http://www.dbunit.org/properties/metadataHandler=org.dbunit.database.DefaultMetadataHandler@89cc5e, http://www.dbunit.org/properties/datatypeFactory=org.dbunit.dataset.datatype.DefaultDataTypeFactory[_toleratedDeltaMap=org.dbunit.dataset.datatype.ToleratedDeltaMap@c837cd], http://www.dbunit.org/properties/escapePattern=null, http://www.dbunit.org/properties/batchSize=100, http://www.dbunit.org/features/qualifiedTableNames=false, http://www.dbunit.org/properties/tableType=[Ljava.lang.String;@c79809, http://www.dbunit.org/properties/resultSetTableFactory=org.dbunit.database.CachedResultSetTableFactory@1ce784b, http://www.dbunit.org/features/datatypeWarning=true}], _dataSet=AbstractDataSet[_orderedTableNameMap=null]]) - start
23:04:32.154 [main] DEBUG o.dbunit.operation.AbstractOperation - getQualifiedName(prefix=, name=order_items, connection=org.dbunit.database.DatabaseConnection[schema=, connection=com.mysql.jdbc.JDBC4Connection@b33d0a, super=_databaseConfig=org.dbunit.database.DatabaseConfig[, _propertyMap={http://www.dbunit.org/properties/statementFactory=org.dbunit.database.statement.PreparedStatementFactory@16c9867, http://www.dbunit.org/features/caseSensitiveTableNames=false, http://www.dbunit.org/properties/fetchSize=100, http://www.dbunit.org/features/batchedStatements=false, http://www.dbunit.org/properties/metadataHandler=org.dbunit.database.DefaultMetadataHandler@89cc5e, http://www.dbunit.org/properties/datatypeFactory=org.dbunit.dataset.datatype.DefaultDataTypeFactory[_toleratedDeltaMap=org.dbunit.dataset.datatype.ToleratedDeltaMap@c837cd], http://www.dbunit.org/properties/escapePattern=null, http://www.dbunit.org/properties/batchSize=100, http://www.dbunit.org/features/qualifiedTableNames=false, http://www.dbunit.org/properties/tableType=[Ljava.lang.String;@c79809, http://www.dbunit.org/properties/resultSetTableFactory=org.dbunit.database.CachedResultSetTableFactory@1ce784b, http://www.dbunit.org/features/datatypeWarning=true}], _dataSet=AbstractDataSet[_orderedTableNameMap=null]]) - start
23:04:32.155 [main] DEBUG org.dbunit.util.QualifiedTableName - getQualifiedName() - start
23:04:32.155 [main] DEBUG org.dbunit.util.QualifiedTableName - getQualifiedName(prefix=, name=order_items, escapePattern=null) - start
23:04:32.155 [main] DEBUG o.dbunit.operation.AbstractOperation - getQualifiedName(prefix=null, name=id, connection=org.dbunit.database.DatabaseConnection[schema=, connection=com.mysql.jdbc.JDBC4Connection@b33d0a, super=_databaseConfig=org.dbunit.database.DatabaseConfig[, _propertyMap={http://www.dbunit.org/properties/statementFactory=org.dbunit.database.statement.PreparedStatementFactory@16c9867, http://www.dbunit.org/features/caseSensitiveTableNames=false, http://www.dbunit.org/properties/fetchSize=100, http://www.dbunit.org/features/batchedStatements=false, http://www.dbunit.org/properties/metadataHandler=org.dbunit.database.DefaultMetadataHandler@89cc5e, http://www.dbunit.org/properties/datatypeFactory=org.dbunit.dataset.datatype.DefaultDataTypeFactory[_toleratedDeltaMap=org.dbunit.dataset.datatype.ToleratedDeltaMap@c837cd], http://www.dbunit.org/properties/escapePattern=null, http://www.dbunit.org/properties/batchSize=100, http://www.dbunit.org/features/qualifiedTableNames=false, http://www.dbunit.org/properties/tableType=[Ljava.lang.String;@c79809, http://www.dbunit.org/properties/resultSetTableFactory=org.dbunit.database.CachedResultSetTableFactory@1ce784b, http://www.dbunit.org/features/datatypeWarning=true}], _dataSet=AbstractDataSet[_orderedTableNameMap=null]]) - start
23:04:32.159 [main] DEBUG org.dbunit.util.QualifiedTableName - getQualifiedName() - start
23:04:32.159 [main] DEBUG org.dbunit.util.QualifiedTableName - getQualifiedName(prefix=null, name=id, escapePattern=null) - start
23:04:32.159 [main] DEBUG o.dbunit.operation.AbstractOperation - getQualifiedName(prefix=null, name=order_order_number, connection=org.dbunit.database.DatabaseConnection[schema=, connection=com.mysql.jdbc.JDBC4Connection@b33d0a, super=_databaseConfig=org.dbunit.database.DatabaseConfig[, _propertyMap={http://www.dbunit.org/properties/statementFactory=org.dbunit.database.statement.PreparedStatementFactory@16c9867, http://www.dbunit.org/features/caseSensitiveTableNames=false, http://www.dbunit.org/properties/fetchSize=100, http://www.dbunit.org/features/batchedStatements=false, http://www.dbunit.org/properties/metadataHandler=org.dbunit.database.DefaultMetadataHandler@89cc5e, http://www.dbunit.org/properties/datatypeFactory=org.dbunit.dataset.datatype.DefaultDataTypeFactory[_toleratedDeltaMap=org.dbunit.dataset.datatype.ToleratedDeltaMap@c837cd], http://www.dbunit.org/properties/escapePattern=null, http://www.dbunit.org/properties/batchSize=100, http://www.dbunit.org/features/qualifiedTableNames=false, http://www.dbunit.org/properties/tableType=[Ljava.lang.String;@c79809, http://www.dbunit.org/properties/resultSetTableFactory=org.dbunit.database.CachedResultSetTableFactory@1ce784b, http://www.dbunit.org/features/datatypeWarning=true}], _dataSet=AbstractDataSet[_orderedTableNameMap=null]]) - start
23:04:32.164 [main] DEBUG org.dbunit.util.QualifiedTableName - getQualifiedName() - start
23:04:32.164 [main] DEBUG org.dbunit.util.QualifiedTableName - getQualifiedName(prefix=null, name=order_order_number, escapePattern=null) - start
23:04:32.164 [main] DEBUG o.dbunit.operation.AbstractOperation - getQualifiedName(prefix=null, name=product_sku_number, connection=org.dbunit.database.DatabaseConnection[schema=, connection=com.mysql.jdbc.JDBC4Connection@b33d0a, super=_databaseConfig=org.dbunit.database.DatabaseConfig[, _propertyMap={http://www.dbunit.org/properties/statementFactory=org.dbunit.database.statement.PreparedStatementFactory@16c9867, http://www.dbunit.org/features/caseSensitiveTableNames=false, http://www.dbunit.org/properties/fetchSize=100, http://www.dbunit.org/features/batchedStatements=false, http://www.dbunit.org/properties/metadataHandler=org.dbunit.database.DefaultMetadataHandler@89cc5e, http://www.dbunit.org/properties/datatypeFactory=org.dbunit.dataset.datatype.DefaultDataTypeFactory[_toleratedDeltaMap=org.dbunit.dataset.datatype.ToleratedDeltaMap@c837cd], http://www.dbunit.org/properties/escapePattern=null, http://www.dbunit.org/properties/batchSize=100, http://www.dbunit.org/features/qualifiedTableNames=false, http://www.dbunit.org/properties/tableType=[Ljava.lang.String;@c79809, http://www.dbunit.org/properties/resultSetTableFactory=org.dbunit.database.CachedResultSetTableFactory@1ce784b, http://www.dbunit.org/features/datatypeWarning=true}], _dataSet=AbstractDataSet[_orderedTableNameMap=null]]) - start
23:04:32.168 [main] DEBUG org.dbunit.util.QualifiedTableName - getQualifiedName() - start
23:04:32.168 [main] DEBUG org.dbunit.util.QualifiedTableName - getQualifiedName(prefix=null, name=product_sku_number, escapePattern=null) - start
23:04:32.168 [main] DEBUG o.dbunit.operation.AbstractOperation - getQualifiedName(prefix=null, name=quantity, connection=org.dbunit.database.DatabaseConnection[schema=, connection=com.mysql.jdbc.JDBC4Connection@b33d0a, super=_databaseConfig=org.dbunit.database.DatabaseConfig[, _propertyMap={http://www.dbunit.org/properties/statementFactory=org.dbunit.database.statement.PreparedStatementFactory@16c9867, http://www.dbunit.org/features/caseSensitiveTableNames=false, http://www.dbunit.org/properties/fetchSize=100, http://www.dbunit.org/features/batchedStatements=false, http://www.dbunit.org/properties/metadataHandler=org.dbunit.database.DefaultMetadataHandler@89cc5e, http://www.dbunit.org/properties/datatypeFactory=org.dbunit.dataset.datatype.DefaultDataTypeFactory[_toleratedDeltaMap=org.dbunit.dataset.datatype.ToleratedDeltaMap@c837cd], http://www.dbunit.org/properties/escapePattern=null, http://www.dbunit.org/properties/batchSize=100, http://www.dbunit.org/features/qualifiedTableNames=false, http://www.dbunit.org/properties/tableType=[Ljava.lang.String;@c79809, http://www.dbunit.org/properties/resultSetTableFactory=org.dbunit.database.CachedResultSetTableFactory@1ce784b, http://www.dbunit.org/features/datatypeWarning=true}], _dataSet=AbstractDataSet[_orderedTableNameMap=null]]) - start
23:04:32.174 [main] DEBUG org.dbunit.util.QualifiedTableName - getQualifiedName() - start
23:04:32.174 [main] DEBUG org.dbunit.util.QualifiedTableName - getQualifiedName(prefix=null, name=quantity, escapePattern=null) - start
23:04:32.174 [main] DEBUG o.d.d.s.PreparedStatementFactory - createPreparedBatchStatement(sql=insert into order_items (id, order_order_number, product_sku_number, quantity) values (?, ?, ?, ?), connection=org.dbunit.database.DatabaseConnection[schema=, connection=com.mysql.jdbc.JDBC4Connection@b33d0a, super=_databaseConfig=org.dbunit.database.DatabaseConfig[, _propertyMap={http://www.dbunit.org/properties/statementFactory=org.dbunit.database.statement.PreparedStatementFactory@16c9867, http://www.dbunit.org/features/caseSensitiveTableNames=false, http://www.dbunit.org/properties/fetchSize=100, http://www.dbunit.org/features/batchedStatements=false, http://www.dbunit.org/properties/metadataHandler=org.dbunit.database.DefaultMetadataHandler@89cc5e, http://www.dbunit.org/properties/datatypeFactory=org.dbunit.dataset.datatype.DefaultDataTypeFactory[_toleratedDeltaMap=org.dbunit.dataset.datatype.ToleratedDeltaMap@c837cd], http://www.dbunit.org/properties/escapePattern=null, http://www.dbunit.org/properties/batchSize=100, http://www.dbunit.org/features/qualifiedTableNames=false, http://www.dbunit.org/properties/tableType=[Ljava.lang.String;@c79809, http://www.dbunit.org/properties/resultSetTableFactory=org.dbunit.database.CachedResultSetTableFactory@1ce784b, http://www.dbunit.org/features/datatypeWarning=true}], _dataSet=AbstractDataSet[_orderedTableNameMap=null]]) - start
23:04:32.178 [main] DEBUG o.d.d.s.AbstractStatementFactory - supportBatchStatement(connection=org.dbunit.database.DatabaseConnection[schema=, connection=com.mysql.jdbc.JDBC4Connection@b33d0a, super=_databaseConfig=org.dbunit.database.DatabaseConfig[, _propertyMap={http://www.dbunit.org/properties/statementFactory=org.dbunit.database.statement.PreparedStatementFactory@16c9867, http://www.dbunit.org/features/caseSensitiveTableNames=false, http://www.dbunit.org/properties/fetchSize=100, http://www.dbunit.org/features/batchedStatements=false, http://www.dbunit.org/properties/metadataHandler=org.dbunit.database.DefaultMetadataHandler@89cc5e, http://www.dbunit.org/properties/datatypeFactory=org.dbunit.dataset.datatype.DefaultDataTypeFactory[_toleratedDeltaMap=org.dbunit.dataset.datatype.ToleratedDeltaMap@c837cd], http://www.dbunit.org/properties/escapePattern=null, http://www.dbunit.org/properties/batchSize=100, http://www.dbunit.org/features/qualifiedTableNames=false, http://www.dbunit.org/properties/tableType=[Ljava.lang.String;@c79809, http://www.dbunit.org/properties/resultSetTableFactory=org.dbunit.database.CachedResultSetTableFactory@1ce784b, http://www.dbunit.org/features/datatypeWarning=true}], _dataSet=AbstractDataSet[_orderedTableNameMap=null]]) - start
23:04:32.182 [main] DEBUG org.dbunit.dataset.DefaultTable - getValue(row=0, column=id) - start
23:04:32.182 [main] DEBUG org.dbunit.dataset.AbstractTable - assertValidRowIndex(row=0) - start
23:04:32.182 [main] DEBUG org.dbunit.dataset.AbstractTable - assertValidRowIndex(row=0, rowCount=8) - start
23:04:32.182 [main] DEBUG org.dbunit.dataset.AbstractTable - getColumnIndex(columnName=id) - start
23:04:32.182 [main] DEBUG o.d.dataset.AbstractTableMetaData - getColumnIndex(columnName=id) - start
23:04:32.182 [main] DEBUG o.d.d.s.AutomaticPreparedBatchStatement - addValue(value=1, dataType=INTEGER) - start
23:04:32.186 [main] DEBUG o.d.d.s.SimplePreparedStatement - addValue(value=1, dataType=INTEGER) - start
23:04:32.186 [main] DEBUG o.d.dataset.datatype.IntegerDataType - setSqlValue(value=1, column=1, statement=com.mysql.jdbc.JDBC4PreparedStatement@106fc94: insert into order_items (id, order_order_number, product_sku_number, quantity) values (** NOT SPECIFIED **, ** NOT SPECIFIED **, ** NOT SPECIFIED **, ** NOT SPECIFIED **)) - start
23:04:32.186 [main] DEBUG o.d.dataset.datatype.IntegerDataType - typeCast(value=1) - start
23:04:32.191 [main] DEBUG o.d.dataset.datatype.IntegerDataType - typeCast(value=1) - start
23:04:32.191 [main] DEBUG org.dbunit.dataset.DefaultTable - getValue(row=0, column=order_order_number) - start
23:04:32.191 [main] DEBUG org.dbunit.dataset.AbstractTable - assertValidRowIndex(row=0) - start
23:04:32.191 [main] DEBUG org.dbunit.dataset.AbstractTable - assertValidRowIndex(row=0, rowCount=8) - start
23:04:32.191 [main] DEBUG org.dbunit.dataset.AbstractTable - getColumnIndex(columnName=order_order_number) - start
23:04:32.193 [main] DEBUG o.d.dataset.AbstractTableMetaData - getColumnIndex(columnName=order_order_number) - start
23:04:32.193 [main] DEBUG o.d.d.s.AutomaticPreparedBatchStatement - addValue(value=1, dataType=INTEGER) - start
23:04:32.193 [main] DEBUG o.d.d.s.SimplePreparedStatement - addValue(value=1, dataType=INTEGER) - start
23:04:32.193 [main] DEBUG o.d.dataset.datatype.IntegerDataType - setSqlValue(value=1, column=2, statement=com.mysql.jdbc.JDBC4PreparedStatement@106fc94: insert into order_items (id, order_order_number, product_sku_number, quantity) values (1, ** NOT SPECIFIED **, ** NOT SPECIFIED **, ** NOT SPECIFIED **)) - start
23:04:32.194 [main] DEBUG o.d.dataset.datatype.IntegerDataType - typeCast(value=1) - start
23:04:32.194 [main] DEBUG o.d.dataset.datatype.IntegerDataType - typeCast(value=1) - start
23:04:32.194 [main] DEBUG org.dbunit.dataset.DefaultTable - getValue(row=0, column=product_sku_number) - start
23:04:32.194 [main] DEBUG org.dbunit.dataset.AbstractTable - assertValidRowIndex(row=0) - start
23:04:32.194 [main] DEBUG org.dbunit.dataset.AbstractTable - assertValidRowIndex(row=0, rowCount=8) - start
23:04:32.194 [main] DEBUG org.dbunit.dataset.AbstractTable - getColumnIndex(columnName=product_sku_number) - start
23:04:32.195 [main] DEBUG o.d.dataset.AbstractTableMetaData - getColumnIndex(columnName=product_sku_number) - start
23:04:32.196 [main] DEBUG o.d.d.s.AutomaticPreparedBatchStatement - addValue(value=1, dataType=INTEGER) - start
23:04:32.196 [main] DEBUG o.d.d.s.SimplePreparedStatement - addValue(value=1, dataType=INTEGER) - start
23:04:32.196 [main] DEBUG o.d.dataset.datatype.IntegerDataType - setSqlValue(value=1, column=3, statement=com.mysql.jdbc.JDBC4PreparedStatement@106fc94: insert into order_items (id, order_order_number, product_sku_number, quantity) values (1, 1, ** NOT SPECIFIED **, ** NOT SPECIFIED **)) - start
23:04:32.198 [main] DEBUG o.d.dataset.datatype.IntegerDataType - typeCast(value=1) - start
23:04:32.198 [main] DEBUG o.d.dataset.datatype.IntegerDataType - typeCast(value=1) - start
23:04:32.198 [main] DEBUG org.dbunit.dataset.DefaultTable - getValue(row=0, column=quantity) - start
23:04:32.198 [main] DEBUG org.dbunit.dataset.AbstractTable - assertValidRowIndex(row=0) - start
23:04:32.198 [main] DEBUG org.dbunit.dataset.AbstractTable - assertValidRowIndex(row=0, rowCount=8) - start
23:04:32.198 [main] DEBUG org.dbunit.dataset.AbstractTable - getColumnIndex(columnName=quantity) - start
23:04:32.199 [main] DEBUG o.d.dataset.AbstractTableMetaData - getColumnIndex(columnName=quantity) - start
23:04:32.199 [main] DEBUG o.d.d.s.AutomaticPreparedBatchStatement - addValue(value=10, dataType=INTEGER) - start
23:04:32.199 [main] DEBUG o.d.d.s.SimplePreparedStatement - addValue(value=10, dataType=INTEGER) - start
23:04:32.199 [main] DEBUG o.d.dataset.datatype.IntegerDataType - setSqlValue(value=10, column=4, statement=com.mysql.jdbc.JDBC4PreparedStatement@106fc94: insert into order_items (id, order_order_number, product_sku_number, quantity) values (1, 1, 1, ** NOT SPECIFIED **)) - start
23:04:32.201 [main] DEBUG o.d.dataset.datatype.IntegerDataType - typeCast(value=10) - start
23:04:32.201 [main] DEBUG o.d.dataset.datatype.IntegerDataType - typeCast(value=10) - start
23:04:32.201 [main] DEBUG o.d.d.s.AutomaticPreparedBatchStatement - addBatch() - start
23:04:32.201 [main] DEBUG o.d.d.s.SimplePreparedStatement - addBatch() - start
23:04:32.401 [main] DEBUG org.dbunit.operation.InsertOperation - equalsIgnoreMapping(ignoreMapping={}, table=org.dbunit.dataset.DefaultTable[_metaData=tableName=order_items, columns=[(id, UNKNOWN, nullableUnknown), (order_order_number, UNKNOWN, nullableUnknown), (product_sku_number, UNKNOWN, nullableUnknown), (quantity, UNKNOWN, nullableUnknown)], keys=[], _rowList.size()=8], row=1) - start
23:04:32.401 [main] DEBUG org.dbunit.dataset.DefaultTable - getValue(row=1, column=id) - start
23:04:32.401 [main] DEBUG org.dbunit.dataset.AbstractTable - assertValidRowIndex(row=1) - start
23:04:32.406 [main] DEBUG org.dbunit.dataset.AbstractTable - assertValidRowIndex(row=1, rowCount=8) - start
23:04:32.406 [main] DEBUG org.dbunit.dataset.AbstractTable - getColumnIndex(columnName=id) - start
23:04:32.406 [main] DEBUG o.d.dataset.AbstractTableMetaData - getColumnIndex(columnName=id) - start
23:04:32.406 [main] DEBUG org.dbunit.dataset.DefaultTable - getValue(row=1, column=order_order_number) - start
23:04:32.406 [main] DEBUG org.dbunit.dataset.AbstractTable - assertValidRowIndex(row=1) - start
23:04:32.406 [main] DEBUG org.dbunit.dataset.AbstractTable - assertValidRowIndex(row=1, rowCount=8) - start
23:04:32.406 [main] DEBUG org.dbunit.dataset.AbstractTable - getColumnIndex(columnName=order_order_number) - start
23:04:32.406 [main] DEBUG o.d.dataset.AbstractTableMetaData - getColumnIndex(columnName=order_order_number) - start
23:04:32.406 [main] DEBUG org.dbunit.dataset.DefaultTable - getValue(row=1, column=product_sku_number) - start
23:04:32.406 [main] DEBUG org.dbunit.dataset.AbstractTable - assertValidRowIndex(row=1) - start
23:04:32.408 [main] DEBUG org.dbunit.dataset.AbstractTable - assertValidRowIndex(row=1, rowCount=8) - start
23:04:32.408 [main] DEBUG org.dbunit.dataset.AbstractTable - getColumnIndex(columnName=product_sku_number) - start
23:04:32.408 [main] DEBUG o.d.dataset.AbstractTableMetaData - getColumnIndex(columnName=product_sku_number) - start
23:04:32.408 [main] DEBUG org.dbunit.dataset.DefaultTable - getValue(row=1, column=quantity) - start
23:04:32.408 [main] DEBUG org.dbunit.dataset.AbstractTable - assertValidRowIndex(row=1) - start
23:04:32.409 [main] DEBUG org.dbunit.dataset.AbstractTable - assertValidRowIndex(row=1, rowCount=8) - start
23:04:32.409 [main] DEBUG org.dbunit.dataset.AbstractTable - getColumnIndex(columnName=quantity) - start
23:04:32.409 [main] DEBUG o.d.dataset.AbstractTableMetaData - getColumnIndex(columnName=quantity) - start
23:04:32.409 [main] DEBUG org.dbunit.dataset.DefaultTable - getValue(row=1, column=id) - start
23:04:32.409 [main] DEBUG org.dbunit.dataset.AbstractTable - assertValidRowIndex(row=1) - start
23:04:32.411 [main] DEBUG org.dbunit.dataset.AbstractTable - assertValidRowIndex(row=1, rowCount=8) - start
23:04:32.411 [main] DEBUG org.dbunit.dataset.AbstractTable - getColumnIndex(columnName=id) - start
23:04:32.411 [main] DEBUG o.d.dataset.AbstractTableMetaData - getColumnIndex(columnName=id) - start
23:04:32.411 [main] DEBUG o.d.d.s.AutomaticPreparedBatchStatement - addValue(value=2, dataType=INTEGER) - start
23:04:32.411 [main] DEBUG o.d.d.s.SimplePreparedStatement - addValue(value=2, dataType=INTEGER) - start
23:04:32.413 [main] DEBUG o.d.dataset.datatype.IntegerDataType - setSqlValue(value=2, column=1, statement=com.mysql.jdbc.JDBC4PreparedStatement@106fc94: insert into order_items (id, order_order_number, product_sku_number, quantity) values (1, 1, 1, 10)) - start
23:04:32.413 [main] DEBUG o.d.dataset.datatype.IntegerDataType - typeCast(value=2) - start
23:04:32.413 [main] DEBUG o.d.dataset.datatype.IntegerDataType - typeCast(value=2) - start
23:04:32.413 [main] DEBUG org.dbunit.dataset.DefaultTable - getValue(row=1, column=order_order_number) - start
23:04:32.414 [main] DEBUG org.dbunit.dataset.AbstractTable - assertValidRowIndex(row=1) - start
23:04:32.414 [main] DEBUG org.dbunit.dataset.AbstractTable - assertValidRowIndex(row=1, rowCount=8) - start
23:04:32.414 [main] DEBUG org.dbunit.dataset.AbstractTable - getColumnIndex(columnName=order_order_number) - start
23:04:32.414 [main] DEBUG o.d.dataset.AbstractTableMetaData - getColumnIndex(columnName=order_order_number) - start
23:04:32.414 [main] DEBUG o.d.d.s.AutomaticPreparedBatchStatement - addValue(value=2, dataType=INTEGER) - start
23:04:32.416 [main] DEBUG o.d.d.s.SimplePreparedStatement - addValue(value=2, dataType=INTEGER) - start
23:04:32.416 [main] DEBUG o.d.dataset.datatype.IntegerDataType - setSqlValue(value=2, column=2, statement=com.mysql.jdbc.JDBC4PreparedStatement@106fc94: insert into order_items (id, order_order_number, product_sku_number, quantity) values (2, 1, 1, 10)) - start
23:04:32.416 [main] DEBUG o.d.dataset.datatype.IntegerDataType - typeCast(value=2) - start
23:04:32.416 [main] DEBUG o.d.dataset.datatype.IntegerDataType - typeCast(value=2) - start
23:04:32.418 [main] DEBUG org.dbunit.dataset.DefaultTable - getValue(row=1, column=product_sku_number) - start
23:04:32.418 [main] DEBUG org.dbunit.dataset.AbstractTable - assertValidRowIndex(row=1) - start
23:04:32.418 [main] DEBUG org.dbunit.dataset.AbstractTable - assertValidRowIndex(row=1, rowCount=8) - start
23:04:32.418 [main] DEBUG org.dbunit.dataset.AbstractTable - getColumnIndex(columnName=product_sku_number) - start
23:04:32.418 [main] DEBUG o.d.dataset.AbstractTableMetaData - getColumnIndex(columnName=product_sku_number) - start
23:04:32.419 [main] DEBUG o.d.d.s.AutomaticPreparedBatchStatement - addValue(value=2, dataType=INTEGER) - start
23:04:32.419 [main] DEBUG o.d.d.s.SimplePreparedStatement - addValue(value=2, dataType=INTEGER) - start
23:04:32.419 [main] DEBUG o.d.dataset.datatype.IntegerDataType - setSqlValue(value=2, column=3, statement=com.mysql.jdbc.JDBC4PreparedStatement@106fc94: insert into order_items (id, order_order_number, product_sku_number, quantity) values (2, 2, 1, 10)) - start
23:04:32.419 [main] DEBUG o.d.dataset.datatype.IntegerDataType - typeCast(value=2) - start
23:04:32.421 [main] DEBUG o.d.dataset.datatype.IntegerDataType - typeCast(value=2) - start
23:04:32.421 [main] DEBUG org.dbunit.dataset.DefaultTable - getValue(row=1, column=quantity) - start
23:04:32.421 [main] DEBUG org.dbunit.dataset.AbstractTable - assertValidRowIndex(row=1) - start
23:04:32.421 [main] DEBUG org.dbunit.dataset.AbstractTable - assertValidRowIndex(row=1, rowCount=8) - start
23:04:32.421 [main] DEBUG org.dbunit.dataset.AbstractTable - getColumnIndex(columnName=quantity) - start
23:04:32.421 [main] DEBUG o.d.dataset.AbstractTableMetaData - getColumnIndex(columnName=quantity) - start
23:04:32.422 [main] DEBUG o.d.d.s.AutomaticPreparedBatchStatement - addValue(value=196, dataType=INTEGER) - start
23:04:32.422 [main] DEBUG o.d.d.s.SimplePreparedStatement - addValue(value=196, dataType=INTEGER) - start
23:04:32.422 [main] DEBUG o.d.dataset.datatype.IntegerDataType - setSqlValue(value=196, column=4, statement=com.mysql.jdbc.JDBC4PreparedStatement@106fc94: insert into order_items (id, order_order_number, product_sku_number, quantity) values (2, 2, 2, 10)) - start
23:04:32.422 [main] DEBUG o.d.dataset.datatype.IntegerDataType - typeCast(value=196) - start
23:04:32.424 [main] DEBUG o.d.dataset.datatype.IntegerDataType - typeCast(value=196) - start
23:04:32.424 [main] DEBUG o.d.d.s.AutomaticPreparedBatchStatement - addBatch() - start
23:04:32.424 [main] DEBUG o.d.d.s.SimplePreparedStatement - addBatch() - start
23:04:32.456 [main] DEBUG org.dbunit.operation.InsertOperation - equalsIgnoreMapping(ignoreMapping={}, table=org.dbunit.dataset.DefaultTable[_metaData=tableName=order_items, columns=[(id, UNKNOWN, nullableUnknown), (order_order_number, UNKNOWN, nullableUnknown), (product_sku_number, UNKNOWN, nullableUnknown), (quantity, UNKNOWN, nullableUnknown)], keys=[], _rowList.size()=8], row=2) - start
23:04:32.456 [main] DEBUG org.dbunit.dataset.DefaultTable - getValue(row=2, column=id) - start
23:04:32.456 [main] DEBUG org.dbunit.dataset.AbstractTable - assertValidRowIndex(row=2) - start
23:04:32.527 [main] DEBUG org.dbunit.dataset.AbstractTable - assertValidRowIndex(row=2, rowCount=8) - start
23:04:32.527 [main] DEBUG org.dbunit.dataset.AbstractTable - getColumnIndex(columnName=id) - start
23:04:32.527 [main] DEBUG o.d.dataset.AbstractTableMetaData - getColumnIndex(columnName=id) - start
23:04:32.527 [main] DEBUG org.dbunit.dataset.DefaultTable - getValue(row=2, column=order_order_number) - start
23:04:32.527 [main] DEBUG org.dbunit.dataset.AbstractTable - assertValidRowIndex(row=2) - start
23:04:32.528 [main] DEBUG org.dbunit.dataset.AbstractTable - assertValidRowIndex(row=2, rowCount=8) - start
23:04:32.528 [main] DEBUG org.dbunit.dataset.AbstractTable - getColumnIndex(columnName=order_order_number) - start
23:04:32.528 [main] DEBUG o.d.dataset.AbstractTableMetaData - getColumnIndex(columnName=order_order_number) - start
23:04:32.528 [main] DEBUG org.dbunit.dataset.DefaultTable - getValue(row=2, column=product_sku_number) - start
23:04:32.528 [main] DEBUG org.dbunit.dataset.AbstractTable - assertValidRowIndex(row=2) - start
23:04:32.530 [main] DEBUG org.dbunit.dataset.AbstractTable - assertValidRowIndex(row=2, rowCount=8) - start
23:04:32.530 [main] DEBUG org.dbunit.dataset.AbstractTable - getColumnIndex(columnName=product_sku_number) - start
23:04:32.530 [main] DEBUG o.d.dataset.AbstractTableMetaData - getColumnIndex(columnName=product_sku_number) - start
23:04:32.530 [main] DEBUG org.dbunit.dataset.DefaultTable - getValue(row=2, column=quantity) - start
23:04:32.530 [main] DEBUG org.dbunit.dataset.AbstractTable - assertValidRowIndex(row=2) - start
23:04:32.531 [main] DEBUG org.dbunit.dataset.AbstractTable - assertValidRowIndex(row=2, rowCount=8) - start
23:04:32.531 [main] DEBUG org.dbunit.dataset.AbstractTable - getColumnIndex(columnName=quantity) - start
23:04:32.531 [main] DEBUG o.d.dataset.AbstractTableMetaData - getColumnIndex(columnName=quantity) - start
23:04:32.531 [main] DEBUG org.dbunit.dataset.DefaultTable - getValue(row=2, column=id) - start
23:04:32.531 [main] DEBUG org.dbunit.dataset.AbstractTable - assertValidRowIndex(row=2) - start
23:04:32.533 [main] DEBUG org.dbunit.dataset.AbstractTable - assertValidRowIndex(row=2, rowCount=8) - start
23:04:32.533 [main] DEBUG org.dbunit.dataset.AbstractTable - getColumnIndex(columnName=id) - start
23:04:32.533 [main] DEBUG o.d.dataset.AbstractTableMetaData - getColumnIndex(columnName=id) - start
23:04:32.533 [main] DEBUG o.d.d.s.AutomaticPreparedBatchStatement - addValue(value=3, dataType=INTEGER) - start
23:04:32.533 [main] DEBUG o.d.d.s.SimplePreparedStatement - addValue(value=3, dataType=INTEGER) - start
23:04:32.534 [main] DEBUG o.d.dataset.datatype.IntegerDataType - setSqlValue(value=3, column=1, statement=com.mysql.jdbc.JDBC4PreparedStatement@106fc94: insert into order_items (id, order_order_number, product_sku_number, quantity) values (2, 2, 2, 196)) - start
23:04:32.535 [main] DEBUG o.d.dataset.datatype.IntegerDataType - typeCast(value=3) - start
23:04:32.535 [main] DEBUG o.d.dataset.datatype.IntegerDataType - typeCast(value=3) - start
23:04:32.535 [main] DEBUG org.dbunit.dataset.DefaultTable - getValue(row=2, column=order_order_number) - start
23:04:32.536 [main] DEBUG org.dbunit.dataset.AbstractTable - assertValidRowIndex(row=2) - start
23:04:32.536 [main] DEBUG org.dbunit.dataset.AbstractTable - assertValidRowIndex(row=2, rowCount=8) - start
23:04:32.536 [main] DEBUG org.dbunit.dataset.AbstractTable - getColumnIndex(columnName=order_order_number) - start
23:04:32.536 [main] DEBUG o.d.dataset.AbstractTableMetaData - getColumnIndex(columnName=order_order_number) - start
23:04:32.536 [main] DEBUG o.d.d.s.AutomaticPreparedBatchStatement - addValue(value=2, dataType=INTEGER) - start
23:04:32.538 [main] DEBUG o.d.d.s.SimplePreparedStatement - addValue(value=2, dataType=INTEGER) - start
23:04:32.538 [main] DEBUG o.d.dataset.datatype.IntegerDataType - setSqlValue(value=2, column=2, statement=com.mysql.jdbc.JDBC4PreparedStatement@106fc94: insert into order_items (id, order_order_number, product_sku_number, quantity) values (3, 2, 2, 196)) - start
23:04:32.538 [main] DEBUG o.d.dataset.datatype.IntegerDataType - typeCast(value=2) - start
23:04:32.538 [main] DEBUG o.d.dataset.datatype.IntegerDataType - typeCast(value=2) - start
23:04:32.539 [main] DEBUG org.dbunit.dataset.DefaultTable - getValue(row=2, column=product_sku_number) - start
23:04:32.539 [main] DEBUG org.dbunit.dataset.AbstractTable - assertValidRowIndex(row=2) - start
23:04:32.539 [main] DEBUG org.dbunit.dataset.AbstractTable - assertValidRowIndex(row=2, rowCount=8) - start
23:04:32.539 [main] DEBUG org.dbunit.dataset.AbstractTable - getColumnIndex(columnName=product_sku_number) - start
23:04:32.539 [main] DEBUG o.d.dataset.AbstractTableMetaData - getColumnIndex(columnName=product_sku_number) - start
23:04:32.541 [main] DEBUG o.d.d.s.AutomaticPreparedBatchStatement - addValue(value=4, dataType=INTEGER) - start
23:04:32.541 [main] DEBUG o.d.d.s.SimplePreparedStatement - addValue(value=4, dataType=INTEGER) - start
23:04:32.541 [main] DEBUG o.d.dataset.datatype.IntegerDataType - setSqlValue(value=4, column=3, statement=com.mysql.jdbc.JDBC4PreparedStatement@106fc94: insert into order_items (id, order_order_number, product_sku_number, quantity) values (3, 2, 2, 196)) - start
23:04:32.541 [main] DEBUG o.d.dataset.datatype.IntegerDataType - typeCast(value=4) - start
23:04:32.543 [main] DEBUG o.d.dataset.datatype.IntegerDataType - typeCast(value=4) - start
23:04:32.543 [main] DEBUG org.dbunit.dataset.DefaultTable - getValue(row=2, column=quantity) - start
23:04:32.543 [main] DEBUG org.dbunit.dataset.AbstractTable - assertValidRowIndex(row=2) - start
23:04:32.543 [main] DEBUG org.dbunit.dataset.AbstractTable - assertValidRowIndex(row=2, rowCount=8) - start
23:04:32.543 [main] DEBUG org.dbunit.dataset.AbstractTable - getColumnIndex(columnName=quantity) - start
23:04:32.543 [main] DEBUG o.d.dataset.AbstractTableMetaData - getColumnIndex(columnName=quantity) - start
23:04:32.544 [main] DEBUG o.d.d.s.AutomaticPreparedBatchStatement - addValue(value=1, dataType=INTEGER) - start
23:04:32.544 [main] DEBUG o.d.d.s.SimplePreparedStatement - addValue(value=1, dataType=INTEGER) - start
23:04:32.544 [main] DEBUG o.d.dataset.datatype.IntegerDataType - setSqlValue(value=1, column=4, statement=com.mysql.jdbc.JDBC4PreparedStatement@106fc94: insert into order_items (id, order_order_number, product_sku_number, quantity) values (3, 2, 4, 196)) - start
23:04:32.544 [main] DEBUG o.d.dataset.datatype.IntegerDataType - typeCast(value=1) - start
23:04:32.546 [main] DEBUG o.d.dataset.datatype.IntegerDataType - typeCast(value=1) - start
23:04:32.546 [main] DEBUG o.d.d.s.AutomaticPreparedBatchStatement - addBatch() - start
23:04:32.546 [main] DEBUG o.d.d.s.SimplePreparedStatement - addBatch() - start
23:04:32.560 [main] DEBUG org.dbunit.operation.InsertOperation - equalsIgnoreMapping(ignoreMapping={}, table=org.dbunit.dataset.DefaultTable[_metaData=tableName=order_items, columns=[(id, UNKNOWN, nullableUnknown), (order_order_number, UNKNOWN, nullableUnknown), (product_sku_number, UNKNOWN, nullableUnknown), (quantity, UNKNOWN, nullableUnknown)], keys=[], _rowList.size()=8], row=3) - start
23:04:32.560 [main] DEBUG org.dbunit.dataset.DefaultTable - getValue(row=3, column=id) - start
23:04:32.560 [main] DEBUG org.dbunit.dataset.AbstractTable - assertValidRowIndex(row=3) - start
23:04:32.649 [main] DEBUG org.dbunit.dataset.AbstractTable - assertValidRowIndex(row=3, rowCount=8) - start
23:04:32.649 [main] DEBUG org.dbunit.dataset.AbstractTable - getColumnIndex(columnName=id) - start
23:04:32.649 [main] DEBUG o.d.dataset.AbstractTableMetaData - getColumnIndex(columnName=id) - start
23:04:32.649 [main] DEBUG org.dbunit.dataset.DefaultTable - getValue(row=3, column=order_order_number) - start
23:04:32.649 [main] DEBUG org.dbunit.dataset.AbstractTable - assertValidRowIndex(row=3) - start
23:04:32.650 [main] DEBUG org.dbunit.dataset.AbstractTable - assertValidRowIndex(row=3, rowCount=8) - start
23:04:32.650 [main] DEBUG org.dbunit.dataset.AbstractTable - getColumnIndex(columnName=order_order_number) - start
23:04:32.650 [main] DEBUG o.d.dataset.AbstractTableMetaData - getColumnIndex(columnName=order_order_number) - start
23:04:32.650 [main] DEBUG org.dbunit.dataset.DefaultTable - getValue(row=3, column=product_sku_number) - start
23:04:32.650 [main] DEBUG org.dbunit.dataset.AbstractTable - assertValidRowIndex(row=3) - start
23:04:32.652 [main] DEBUG org.dbunit.dataset.AbstractTable - assertValidRowIndex(row=3, rowCount=8) - start
23:04:32.652 [main] DEBUG org.dbunit.dataset.AbstractTable - getColumnIndex(columnName=product_sku_number) - start
23:04:32.652 [main] DEBUG o.d.dataset.AbstractTableMetaData - getColumnIndex(columnName=product_sku_number) - start
23:04:32.652 [main] DEBUG org.dbunit.dataset.DefaultTable - getValue(row=3, column=quantity) - start
23:04:32.652 [main] DEBUG org.dbunit.dataset.AbstractTable - assertValidRowIndex(row=3) - start
23:04:32.653 [main] DEBUG org.dbunit.dataset.AbstractTable - assertValidRowIndex(row=3, rowCount=8) - start
23:04:32.653 [main] DEBUG org.dbunit.dataset.AbstractTable - getColumnIndex(columnName=quantity) - start
23:04:32.653 [main] DEBUG o.d.dataset.AbstractTableMetaData - getColumnIndex(columnName=quantity) - start
23:04:32.653 [main] DEBUG org.dbunit.dataset.DefaultTable - getValue(row=3, column=id) - start
23:04:32.653 [main] DEBUG org.dbunit.dataset.AbstractTable - assertValidRowIndex(row=3) - start
23:04:32.655 [main] DEBUG org.dbunit.dataset.AbstractTable - assertValidRowIndex(row=3, rowCount=8) - start
23:04:32.655 [main] DEBUG org.dbunit.dataset.AbstractTable - getColumnIndex(columnName=id) - start
23:04:32.655 [main] DEBUG o.d.dataset.AbstractTableMetaData - getColumnIndex(columnName=id) - start
23:04:32.655 [main] DEBUG o.d.d.s.AutomaticPreparedBatchStatement - addValue(value=4, dataType=INTEGER) - start
23:04:32.655 [main] DEBUG o.d.d.s.SimplePreparedStatement - addValue(value=4, dataType=INTEGER) - start
23:04:32.656 [main] DEBUG o.d.dataset.datatype.IntegerDataType - setSqlValue(value=4, column=1, statement=com.mysql.jdbc.JDBC4PreparedStatement@106fc94: insert into order_items (id, order_order_number, product_sku_number, quantity) values (3, 2, 4, 1)) - start
23:04:32.657 [main] DEBUG o.d.dataset.datatype.IntegerDataType - typeCast(value=4) - start
23:04:32.657 [main] DEBUG o.d.dataset.datatype.IntegerDataType - typeCast(value=4) - start
23:04:32.657 [main] DEBUG org.dbunit.dataset.DefaultTable - getValue(row=3, column=order_order_number) - start
23:04:32.658 [main] DEBUG org.dbunit.dataset.AbstractTable - assertValidRowIndex(row=3) - start
23:04:32.659 [main] DEBUG org.dbunit.dataset.AbstractTable - assertValidRowIndex(row=3, rowCount=8) - start
23:04:32.659 [main] DEBUG org.dbunit.dataset.AbstractTable - getColumnIndex(columnName=order_order_number) - start
23:04:32.659 [main] DEBUG o.d.dataset.AbstractTableMetaData - getColumnIndex(columnName=order_order_number) - start
23:04:32.659 [main] DEBUG o.d.d.s.AutomaticPreparedBatchStatement - addValue(value=3, dataType=INTEGER) - start
23:04:32.660 [main] DEBUG o.d.d.s.SimplePreparedStatement - addValue(value=3, dataType=INTEGER) - start
23:04:32.660 [main] DEBUG o.d.dataset.datatype.IntegerDataType - setSqlValue(value=3, column=2, statement=com.mysql.jdbc.JDBC4PreparedStatement@106fc94: insert into order_items (id, order_order_number, product_sku_number, quantity) values (4, 2, 4, 1)) - start
23:04:32.660 [main] DEBUG o.d.dataset.datatype.IntegerDataType - typeCast(value=3) - start
23:04:32.660 [main] DEBUG o.d.dataset.datatype.IntegerDataType - typeCast(value=3) - start
23:04:32.662 [main] DEBUG org.dbunit.dataset.DefaultTable - getValue(row=3, column=product_sku_number) - start
23:04:32.662 [main] DEBUG org.dbunit.dataset.AbstractTable - assertValidRowIndex(row=3) - start
23:04:32.662 [main] DEBUG org.dbunit.dataset.AbstractTable - assertValidRowIndex(row=3, rowCount=8) - start
23:04:32.662 [main] DEBUG org.dbunit.dataset.AbstractTable - getColumnIndex(columnName=product_sku_number) - start
23:04:32.662 [main] DEBUG o.d.dataset.AbstractTableMetaData - getColumnIndex(columnName=product_sku_number) - start
23:04:32.663 [main] DEBUG o.d.d.s.AutomaticPreparedBatchStatement - addValue(value=2, dataType=INTEGER) - start
23:04:32.663 [main] DEBUG o.d.d.s.SimplePreparedStatement - addValue(value=2, dataType=INTEGER) - start
23:04:32.663 [main] DEBUG o.d.dataset.datatype.IntegerDataType - setSqlValue(value=2, column=3, statement=com.mysql.jdbc.JDBC4PreparedStatement@106fc94: insert into order_items (id, order_order_number, product_sku_number, quantity) values (4, 3, 4, 1)) - start
23:04:32.663 [main] DEBUG o.d.dataset.datatype.IntegerDataType - typeCast(value=2) - start
23:04:32.665 [main] DEBUG o.d.dataset.datatype.IntegerDataType - typeCast(value=2) - start
23:04:32.665 [main] DEBUG org.dbunit.dataset.DefaultTable - getValue(row=3, column=quantity) - start
23:04:32.665 [main] DEBUG org.dbunit.dataset.AbstractTable - assertValidRowIndex(row=3) - start
23:04:32.665 [main] DEBUG org.dbunit.dataset.AbstractTable - assertValidRowIndex(row=3, rowCount=8) - start
23:04:32.665 [main] DEBUG org.dbunit.dataset.AbstractTable - getColumnIndex(columnName=quantity) - start
23:04:32.665 [main] DEBUG o.d.dataset.AbstractTableMetaData - getColumnIndex(columnName=quantity) - start
23:04:32.666 [main] DEBUG o.d.d.s.AutomaticPreparedBatchStatement - addValue(value=196, dataType=INTEGER) - start
23:04:32.666 [main] DEBUG o.d.d.s.SimplePreparedStatement - addValue(value=196, dataType=INTEGER) - start
23:04:32.666 [main] DEBUG o.d.dataset.datatype.IntegerDataType - setSqlValue(value=196, column=4, statement=com.mysql.jdbc.JDBC4PreparedStatement@106fc94: insert into order_items (id, order_order_number, product_sku_number, quantity) values (4, 3, 2, 1)) - start
23:04:32.666 [main] DEBUG o.d.dataset.datatype.IntegerDataType - typeCast(value=196) - start
23:04:32.668 [main] DEBUG o.d.dataset.datatype.IntegerDataType - typeCast(value=196) - start
23:04:32.668 [main] DEBUG o.d.d.s.AutomaticPreparedBatchStatement - addBatch() - start
23:04:32.668 [main] DEBUG o.d.d.s.SimplePreparedStatement - addBatch() - start
23:04:32.696 [main] DEBUG org.dbunit.operation.InsertOperation - equalsIgnoreMapping(ignoreMapping={}, table=org.dbunit.dataset.DefaultTable[_metaData=tableName=order_items, columns=[(id, UNKNOWN, nullableUnknown), (order_order_number, UNKNOWN, nullableUnknown), (product_sku_number, UNKNOWN, nullableUnknown), (quantity, UNKNOWN, nullableUnknown)], keys=[], _rowList.size()=8], row=4) - start
23:04:32.696 [main] DEBUG org.dbunit.dataset.DefaultTable - getValue(row=4, column=id) - start
23:04:32.696 [main] DEBUG org.dbunit.dataset.AbstractTable - assertValidRowIndex(row=4) - start
23:04:32.771 [main] DEBUG org.dbunit.dataset.AbstractTable - assertValidRowIndex(row=4, rowCount=8) - start
23:04:32.771 [main] DEBUG org.dbunit.dataset.AbstractTable - getColumnIndex(columnName=id) - start
23:04:32.771 [main] DEBUG o.d.dataset.AbstractTableMetaData - getColumnIndex(columnName=id) - start
23:04:32.771 [main] DEBUG org.dbunit.dataset.DefaultTable - getValue(row=4, column=order_order_number) - start
23:04:32.771 [main] DEBUG org.dbunit.dataset.AbstractTable - assertValidRowIndex(row=4) - start
23:04:32.772 [main] DEBUG org.dbunit.dataset.AbstractTable - assertValidRowIndex(row=4, rowCount=8) - start
23:04:32.772 [main] DEBUG org.dbunit.dataset.AbstractTable - getColumnIndex(columnName=order_order_number) - start
23:04:32.772 [main] DEBUG o.d.dataset.AbstractTableMetaData - getColumnIndex(columnName=order_order_number) - start
23:04:32.772 [main] DEBUG org.dbunit.dataset.DefaultTable - getValue(row=4, column=product_sku_number) - start
23:04:32.772 [main] DEBUG org.dbunit.dataset.AbstractTable - assertValidRowIndex(row=4) - start
23:04:32.774 [main] DEBUG org.dbunit.dataset.AbstractTable - assertValidRowIndex(row=4, rowCount=8) - start
23:04:32.774 [main] DEBUG org.dbunit.dataset.AbstractTable - getColumnIndex(columnName=product_sku_number) - start
23:04:32.774 [main] DEBUG o.d.dataset.AbstractTableMetaData - getColumnIndex(columnName=product_sku_number) - start
23:04:32.774 [main] DEBUG org.dbunit.dataset.DefaultTable - getValue(row=4, column=quantity) - start
23:04:32.774 [main] DEBUG org.dbunit.dataset.AbstractTable - assertValidRowIndex(row=4) - start
23:04:32.775 [main] DEBUG org.dbunit.dataset.AbstractTable - assertValidRowIndex(row=4, rowCount=8) - start
23:04:32.775 [main] DEBUG org.dbunit.dataset.AbstractTable - getColumnIndex(columnName=quantity) - start
23:04:32.775 [main] DEBUG o.d.dataset.AbstractTableMetaData - getColumnIndex(columnName=quantity) - start
23:04:32.775 [main] DEBUG org.dbunit.dataset.DefaultTable - getValue(row=4, column=id) - start
23:04:32.775 [main] DEBUG org.dbunit.dataset.AbstractTable - assertValidRowIndex(row=4) - start
23:04:32.777 [main] DEBUG org.dbunit.dataset.AbstractTable - assertValidRowIndex(row=4, rowCount=8) - start
23:04:32.777 [main] DEBUG org.dbunit.dataset.AbstractTable - getColumnIndex(columnName=id) - start
23:04:32.777 [main] DEBUG o.d.dataset.AbstractTableMetaData - getColumnIndex(columnName=id) - start
23:04:32.777 [main] DEBUG o.d.d.s.AutomaticPreparedBatchStatement - addValue(value=5, dataType=INTEGER) - start
23:04:32.777 [main] DEBUG o.d.d.s.SimplePreparedStatement - addValue(value=5, dataType=INTEGER) - start
23:04:32.778 [main] DEBUG o.d.dataset.datatype.IntegerDataType - setSqlValue(value=5, column=1, statement=com.mysql.jdbc.JDBC4PreparedStatement@106fc94: insert into order_items (id, order_order_number, product_sku_number, quantity) values (4, 3, 2, 196)) - start
23:04:32.779 [main] DEBUG o.d.dataset.datatype.IntegerDataType - typeCast(value=5) - start
23:04:32.779 [main] DEBUG o.d.dataset.datatype.IntegerDataType - typeCast(value=5) - start
23:04:32.779 [main] DEBUG org.dbunit.dataset.DefaultTable - getValue(row=4, column=order_order_number) - start
23:04:32.780 [main] DEBUG org.dbunit.dataset.AbstractTable - assertValidRowIndex(row=4) - start
23:04:32.780 [main] DEBUG org.dbunit.dataset.AbstractTable - assertValidRowIndex(row=4, rowCount=8) - start
23:04:32.780 [main] DEBUG org.dbunit.dataset.AbstractTable - getColumnIndex(columnName=order_order_number) - start
23:04:32.780 [main] DEBUG o.d.dataset.AbstractTableMetaData - getColumnIndex(columnName=order_order_number) - start
23:04:32.780 [main] DEBUG o.d.d.s.AutomaticPreparedBatchStatement - addValue(value=4, dataType=INTEGER) - start
23:04:32.782 [main] DEBUG o.d.d.s.SimplePreparedStatement - addValue(value=4, dataType=INTEGER) - start
23:04:32.782 [main] DEBUG o.d.dataset.datatype.IntegerDataType - setSqlValue(value=4, column=2, statement=com.mysql.jdbc.JDBC4PreparedStatement@106fc94: insert into order_items (id, order_order_number, product_sku_number, quantity) values (5, 3, 2, 196)) - start
23:04:32.782 [main] DEBUG o.d.dataset.datatype.IntegerDataType - typeCast(value=4) - start
23:04:32.782 [main] DEBUG o.d.dataset.datatype.IntegerDataType - typeCast(value=4) - start
23:04:32.783 [main] DEBUG org.dbunit.dataset.DefaultTable - getValue(row=4, column=product_sku_number) - start
23:04:32.783 [main] DEBUG org.dbunit.dataset.AbstractTable - assertValidRowIndex(row=4) - start
23:04:32.783 [main] DEBUG org.dbunit.dataset.AbstractTable - assertValidRowIndex(row=4, rowCount=8) - start
23:04:32.783 [main] DEBUG org.dbunit.dataset.AbstractTable - getColumnIndex(columnName=product_sku_number) - start
23:04:32.783 [main] DEBUG o.d.dataset.AbstractTableMetaData - getColumnIndex(columnName=product_sku_number) - start
23:04:32.785 [main] DEBUG o.d.d.s.AutomaticPreparedBatchStatement - addValue(value=2, dataType=INTEGER) - start
23:04:32.785 [main] DEBUG o.d.d.s.SimplePreparedStatement - addValue(value=2, dataType=INTEGER) - start
23:04:32.785 [main] DEBUG o.d.dataset.datatype.IntegerDataType - setSqlValue(value=2, column=3, statement=com.mysql.jdbc.JDBC4PreparedStatement@106fc94: insert into order_items (id, order_order_number, product_sku_number, quantity) values (5, 4, 2, 196)) - start
23:04:32.785 [main] DEBUG o.d.dataset.datatype.IntegerDataType - typeCast(value=2) - start
23:04:32.786 [main] DEBUG o.d.dataset.datatype.IntegerDataType - typeCast(value=2) - start
23:04:32.787 [main] DEBUG org.dbunit.dataset.DefaultTable - getValue(row=4, column=quantity) - start
23:04:32.787 [main] DEBUG org.dbunit.dataset.AbstractTable - assertValidRowIndex(row=4) - start
23:04:32.787 [main] DEBUG org.dbunit.dataset.AbstractTable - assertValidRowIndex(row=4, rowCount=8) - start
23:04:32.787 [main] DEBUG org.dbunit.dataset.AbstractTable - getColumnIndex(columnName=quantity) - start
23:04:32.787 [main] DEBUG o.d.dataset.AbstractTableMetaData - getColumnIndex(columnName=quantity) - start
23:04:32.788 [main] DEBUG o.d.d.s.AutomaticPreparedBatchStatement - addValue(value=196, dataType=INTEGER) - start
23:04:32.788 [main] DEBUG o.d.d.s.SimplePreparedStatement - addValue(value=196, dataType=INTEGER) - start
23:04:32.788 [main] DEBUG o.d.dataset.datatype.IntegerDataType - setSqlValue(value=196, column=4, statement=com.mysql.jdbc.JDBC4PreparedStatement@106fc94: insert into order_items (id, order_order_number, product_sku_number, quantity) values (5, 4, 2, 196)) - start
23:04:32.788 [main] DEBUG o.d.dataset.datatype.IntegerDataType - typeCast(value=196) - start
23:04:32.790 [main] DEBUG o.d.dataset.datatype.IntegerDataType - typeCast(value=196) - start
23:04:32.790 [main] DEBUG o.d.d.s.AutomaticPreparedBatchStatement - addBatch() - start
23:04:32.790 [main] DEBUG o.d.d.s.SimplePreparedStatement - addBatch() - start
23:04:32.817 [main] DEBUG org.dbunit.operation.InsertOperation - equalsIgnoreMapping(ignoreMapping={}, table=org.dbunit.dataset.DefaultTable[_metaData=tableName=order_items, columns=[(id, UNKNOWN, nullableUnknown), (order_order_number, UNKNOWN, nullableUnknown), (product_sku_number, UNKNOWN, nullableUnknown), (quantity, UNKNOWN, nullableUnknown)], keys=[], _rowList.size()=8], row=5) - start
23:04:32.817 [main] DEBUG org.dbunit.dataset.DefaultTable - getValue(row=5, column=id) - start
23:04:32.817 [main] DEBUG org.dbunit.dataset.AbstractTable - assertValidRowIndex(row=5) - start
23:04:32.893 [main] DEBUG org.dbunit.dataset.AbstractTable - assertValidRowIndex(row=5, rowCount=8) - start
23:04:32.893 [main] DEBUG org.dbunit.dataset.AbstractTable - getColumnIndex(columnName=id) - start
23:04:32.893 [main] DEBUG o.d.dataset.AbstractTableMetaData - getColumnIndex(columnName=id) - start
23:04:32.893 [main] DEBUG org.dbunit.dataset.DefaultTable - getValue(row=5, column=order_order_number) - start
23:04:32.893 [main] DEBUG org.dbunit.dataset.AbstractTable - assertValidRowIndex(row=5) - start
23:04:32.894 [main] DEBUG org.dbunit.dataset.AbstractTable - assertValidRowIndex(row=5, rowCount=8) - start
23:04:32.894 [main] DEBUG org.dbunit.dataset.AbstractTable - getColumnIndex(columnName=order_order_number) - start
23:04:32.894 [main] DEBUG o.d.dataset.AbstractTableMetaData - getColumnIndex(columnName=order_order_number) - start
23:04:32.894 [main] DEBUG org.dbunit.dataset.DefaultTable - getValue(row=5, column=product_sku_number) - start
23:04:32.894 [main] DEBUG org.dbunit.dataset.AbstractTable - assertValidRowIndex(row=5) - start
23:04:32.896 [main] DEBUG org.dbunit.dataset.AbstractTable - assertValidRowIndex(row=5, rowCount=8) - start
23:04:32.896 [main] DEBUG org.dbunit.dataset.AbstractTable - getColumnIndex(columnName=product_sku_number) - start
23:04:32.896 [main] DEBUG o.d.dataset.AbstractTableMetaData - getColumnIndex(columnName=product_sku_number) - start
23:04:32.896 [main] DEBUG org.dbunit.dataset.DefaultTable - getValue(row=5, column=quantity) - start
23:04:32.896 [main] DEBUG org.dbunit.dataset.AbstractTable - assertValidRowIndex(row=5) - start
23:04:32.897 [main] DEBUG org.dbunit.dataset.AbstractTable - assertValidRowIndex(row=5, rowCount=8) - start
23:04:32.897 [main] DEBUG org.dbunit.dataset.AbstractTable - getColumnIndex(columnName=quantity) - start
23:04:32.897 [main] DEBUG o.d.dataset.AbstractTableMetaData - getColumnIndex(columnName=quantity) - start
23:04:32.897 [main] DEBUG org.dbunit.dataset.DefaultTable - getValue(row=5, column=id) - start
23:04:32.897 [main] DEBUG org.dbunit.dataset.AbstractTable - assertValidRowIndex(row=5) - start
23:04:32.899 [main] DEBUG org.dbunit.dataset.AbstractTable - assertValidRowIndex(row=5, rowCount=8) - start
23:04:32.899 [main] DEBUG org.dbunit.dataset.AbstractTable - getColumnIndex(columnName=id) - start
23:04:32.899 [main] DEBUG o.d.dataset.AbstractTableMetaData - getColumnIndex(columnName=id) - start
23:04:32.899 [main] DEBUG o.d.d.s.AutomaticPreparedBatchStatement - addValue(value=6, dataType=INTEGER) - start
23:04:32.899 [main] DEBUG o.d.d.s.SimplePreparedStatement - addValue(value=6, dataType=INTEGER) - start
23:04:32.900 [main] DEBUG o.d.dataset.datatype.IntegerDataType - setSqlValue(value=6, column=1, statement=com.mysql.jdbc.JDBC4PreparedStatement@106fc94: insert into order_items (id, order_order_number, product_sku_number, quantity) values (5, 4, 2, 196)) - start
23:04:32.900 [main] DEBUG o.d.dataset.datatype.IntegerDataType - typeCast(value=6) - start
23:04:32.900 [main] DEBUG o.d.dataset.datatype.IntegerDataType - typeCast(value=6) - start
23:04:32.901 [main] DEBUG org.dbunit.dataset.DefaultTable - getValue(row=5, column=order_order_number) - start
23:04:32.902 [main] DEBUG org.dbunit.dataset.AbstractTable - assertValidRowIndex(row=5) - start
23:04:32.902 [main] DEBUG org.dbunit.dataset.AbstractTable - assertValidRowIndex(row=5, rowCount=8) - start
23:04:32.902 [main] DEBUG org.dbunit.dataset.AbstractTable - getColumnIndex(columnName=order_order_number) - start
23:04:32.902 [main] DEBUG o.d.dataset.AbstractTableMetaData - getColumnIndex(columnName=order_order_number) - start
23:04:32.902 [main] DEBUG o.d.d.s.AutomaticPreparedBatchStatement - addValue(value=5, dataType=INTEGER) - start
23:04:32.903 [main] DEBUG o.d.d.s.SimplePreparedStatement - addValue(value=5, dataType=INTEGER) - start
23:04:32.904 [main] DEBUG o.d.dataset.datatype.IntegerDataType - setSqlValue(value=5, column=2, statement=com.mysql.jdbc.JDBC4PreparedStatement@106fc94: insert into order_items (id, order_order_number, product_sku_number, quantity) values (6, 4, 2, 196)) - start
23:04:32.904 [main] DEBUG o.d.dataset.datatype.IntegerDataType - typeCast(value=5) - start
23:04:32.904 [main] DEBUG o.d.dataset.datatype.IntegerDataType - typeCast(value=5) - start
23:04:32.905 [main] DEBUG org.dbunit.dataset.DefaultTable - getValue(row=5, column=product_sku_number) - start
23:04:32.905 [main] DEBUG org.dbunit.dataset.AbstractTable - assertValidRowIndex(row=5) - start
23:04:32.905 [main] DEBUG org.dbunit.dataset.AbstractTable - assertValidRowIndex(row=5, rowCount=8) - start
23:04:32.905 [main] DEBUG org.dbunit.dataset.AbstractTable - getColumnIndex(columnName=product_sku_number) - start
23:04:32.905 [main] DEBUG o.d.dataset.AbstractTableMetaData - getColumnIndex(columnName=product_sku_number) - start
23:04:32.907 [main] DEBUG o.d.d.s.AutomaticPreparedBatchStatement - addValue(value=3, dataType=INTEGER) - start
23:04:32.907 [main] DEBUG o.d.d.s.SimplePreparedStatement - addValue(value=3, dataType=INTEGER) - start
23:04:32.907 [main] DEBUG o.d.dataset.datatype.IntegerDataType - setSqlValue(value=3, column=3, statement=com.mysql.jdbc.JDBC4PreparedStatement@106fc94: insert into order_items (id, order_order_number, product_sku_number, quantity) values (6, 5, 2, 196)) - start
23:04:32.907 [main] DEBUG o.d.dataset.datatype.IntegerDataType - typeCast(value=3) - start
23:04:32.908 [main] DEBUG o.d.dataset.datatype.IntegerDataType - typeCast(value=3) - start
23:04:32.908 [main] DEBUG org.dbunit.dataset.DefaultTable - getValue(row=5, column=quantity) - start
23:04:32.908 [main] DEBUG org.dbunit.dataset.AbstractTable - assertValidRowIndex(row=5) - start
23:04:32.908 [main] DEBUG org.dbunit.dataset.AbstractTable - assertValidRowIndex(row=5, rowCount=8) - start
23:04:32.908 [main] DEBUG org.dbunit.dataset.AbstractTable - getColumnIndex(columnName=quantity) - start
23:04:32.908 [main] DEBUG o.d.dataset.AbstractTableMetaData - getColumnIndex(columnName=quantity) - start
23:04:32.910 [main] DEBUG o.d.d.s.AutomaticPreparedBatchStatement - addValue(value=3, dataType=INTEGER) - start
23:04:32.910 [main] DEBUG o.d.d.s.SimplePreparedStatement - addValue(value=3, dataType=INTEGER) - start
23:04:32.910 [main] DEBUG o.d.dataset.datatype.IntegerDataType - setSqlValue(value=3, column=4, statement=com.mysql.jdbc.JDBC4PreparedStatement@106fc94: insert into order_items (id, order_order_number, product_sku_number, quantity) values (6, 5, 3, 196)) - start
23:04:32.910 [main] DEBUG o.d.dataset.datatype.IntegerDataType - typeCast(value=3) - start
23:04:32.912 [main] DEBUG o.d.dataset.datatype.IntegerDataType - typeCast(value=3) - start
23:04:32.912 [main] DEBUG o.d.d.s.AutomaticPreparedBatchStatement - addBatch() - start
23:04:32.912 [main] DEBUG o.d.d.s.SimplePreparedStatement - addBatch() - start
23:04:32.951 [main] DEBUG org.dbunit.operation.InsertOperation - equalsIgnoreMapping(ignoreMapping={}, table=org.dbunit.dataset.DefaultTable[_metaData=tableName=order_items, columns=[(id, UNKNOWN, nullableUnknown), (order_order_number, UNKNOWN, nullableUnknown), (product_sku_number, UNKNOWN, nullableUnknown), (quantity, UNKNOWN, nullableUnknown)], keys=[], _rowList.size()=8], row=6) - start
23:04:32.952 [main] DEBUG org.dbunit.dataset.DefaultTable - getValue(row=6, column=id) - start
23:04:32.952 [main] DEBUG org.dbunit.dataset.AbstractTable - assertValidRowIndex(row=6) - start
23:04:33.015 [main] DEBUG org.dbunit.dataset.AbstractTable - assertValidRowIndex(row=6, rowCount=8) - start
23:04:33.015 [main] DEBUG org.dbunit.dataset.AbstractTable - getColumnIndex(columnName=id) - start
23:04:33.015 [main] DEBUG o.d.dataset.AbstractTableMetaData - getColumnIndex(columnName=id) - start
23:04:33.015 [main] DEBUG org.dbunit.dataset.DefaultTable - getValue(row=6, column=order_order_number) - start
23:04:33.015 [main] DEBUG org.dbunit.dataset.AbstractTable - assertValidRowIndex(row=6) - start
23:04:33.016 [main] DEBUG org.dbunit.dataset.AbstractTable - assertValidRowIndex(row=6, rowCount=8) - start
23:04:33.016 [main] DEBUG org.dbunit.dataset.AbstractTable - getColumnIndex(columnName=order_order_number) - start
23:04:33.016 [main] DEBUG o.d.dataset.AbstractTableMetaData - getColumnIndex(columnName=order_order_number) - start
23:04:33.016 [main] DEBUG org.dbunit.dataset.DefaultTable - getValue(row=6, column=product_sku_number) - start
23:04:33.016 [main] DEBUG org.dbunit.dataset.AbstractTable - assertValidRowIndex(row=6) - start
23:04:33.018 [main] DEBUG org.dbunit.dataset.AbstractTable - assertValidRowIndex(row=6, rowCount=8) - start
23:04:33.018 [main] DEBUG org.dbunit.dataset.AbstractTable - getColumnIndex(columnName=product_sku_number) - start
23:04:33.018 [main] DEBUG o.d.dataset.AbstractTableMetaData - getColumnIndex(columnName=product_sku_number) - start
23:04:33.018 [main] DEBUG org.dbunit.dataset.DefaultTable - getValue(row=6, column=quantity) - start
23:04:33.018 [main] DEBUG org.dbunit.dataset.AbstractTable - assertValidRowIndex(row=6) - start
23:04:33.019 [main] DEBUG org.dbunit.dataset.AbstractTable - assertValidRowIndex(row=6, rowCount=8) - start
23:04:33.019 [main] DEBUG org.dbunit.dataset.AbstractTable - getColumnIndex(columnName=quantity) - start
23:04:33.019 [main] DEBUG o.d.dataset.AbstractTableMetaData - getColumnIndex(columnName=quantity) - start
23:04:33.019 [main] DEBUG org.dbunit.dataset.DefaultTable - getValue(row=6, column=id) - start
23:04:33.019 [main] DEBUG org.dbunit.dataset.AbstractTable - assertValidRowIndex(row=6) - start
23:04:33.021 [main] DEBUG org.dbunit.dataset.AbstractTable - assertValidRowIndex(row=6, rowCount=8) - start
23:04:33.021 [main] DEBUG org.dbunit.dataset.AbstractTable - getColumnIndex(columnName=id) - start
23:04:33.021 [main] DEBUG o.d.dataset.AbstractTableMetaData - getColumnIndex(columnName=id) - start
23:04:33.021 [main] DEBUG o.d.d.s.AutomaticPreparedBatchStatement - addValue(value=7, dataType=INTEGER) - start
23:04:33.021 [main] DEBUG o.d.d.s.SimplePreparedStatement - addValue(value=7, dataType=INTEGER) - start
23:04:33.023 [main] DEBUG o.d.dataset.datatype.IntegerDataType - setSqlValue(value=7, column=1, statement=com.mysql.jdbc.JDBC4PreparedStatement@106fc94: insert into order_items (id, order_order_number, product_sku_number, quantity) values (6, 5, 3, 3)) - start
23:04:33.023 [main] DEBUG o.d.dataset.datatype.IntegerDataType - typeCast(value=7) - start
23:04:33.023 [main] DEBUG o.d.dataset.datatype.IntegerDataType - typeCast(value=7) - start
23:04:33.023 [main] DEBUG org.dbunit.dataset.DefaultTable - getValue(row=6, column=order_order_number) - start
23:04:33.024 [main] DEBUG org.dbunit.dataset.AbstractTable - assertValidRowIndex(row=6) - start
23:04:33.024 [main] DEBUG org.dbunit.dataset.AbstractTable - assertValidRowIndex(row=6, rowCount=8) - start
23:04:33.024 [main] DEBUG org.dbunit.dataset.AbstractTable - getColumnIndex(columnName=order_order_number) - start
23:04:33.024 [main] DEBUG o.d.dataset.AbstractTableMetaData - getColumnIndex(columnName=order_order_number) - start
23:04:33.024 [main] DEBUG o.d.d.s.AutomaticPreparedBatchStatement - addValue(value=5, dataType=INTEGER) - start
23:04:33.026 [main] DEBUG o.d.d.s.SimplePreparedStatement - addValue(value=5, dataType=INTEGER) - start
23:04:33.026 [main] DEBUG o.d.dataset.datatype.IntegerDataType - setSqlValue(value=5, column=2, statement=com.mysql.jdbc.JDBC4PreparedStatement@106fc94: insert into order_items (id, order_order_number, product_sku_number, quantity) values (7, 5, 3, 3)) - start
23:04:33.026 [main] DEBUG o.d.dataset.datatype.IntegerDataType - typeCast(value=5) - start
23:04:33.026 [main] DEBUG o.d.dataset.datatype.IntegerDataType - typeCast(value=5) - start
23:04:33.028 [main] DEBUG org.dbunit.dataset.DefaultTable - getValue(row=6, column=product_sku_number) - start
23:04:33.028 [main] DEBUG org.dbunit.dataset.AbstractTable - assertValidRowIndex(row=6) - start
23:04:33.029 [main] DEBUG org.dbunit.dataset.AbstractTable - assertValidRowIndex(row=6, rowCount=8) - start
23:04:33.029 [main] DEBUG org.dbunit.dataset.AbstractTable - getColumnIndex(columnName=product_sku_number) - start
23:04:33.029 [main] DEBUG o.d.dataset.AbstractTableMetaData - getColumnIndex(columnName=product_sku_number) - start
23:04:33.030 [main] DEBUG o.d.d.s.AutomaticPreparedBatchStatement - addValue(value=4, dataType=INTEGER) - start
23:04:33.030 [main] DEBUG o.d.d.s.SimplePreparedStatement - addValue(value=4, dataType=INTEGER) - start
23:04:33.030 [main] DEBUG o.d.dataset.datatype.IntegerDataType - setSqlValue(value=4, column=3, statement=com.mysql.jdbc.JDBC4PreparedStatement@106fc94: insert into order_items (id, order_order_number, product_sku_number, quantity) values (7, 5, 3, 3)) - start
23:04:33.030 [main] DEBUG o.d.dataset.datatype.IntegerDataType - typeCast(value=4) - start
23:04:33.031 [main] DEBUG o.d.dataset.datatype.IntegerDataType - typeCast(value=4) - start
23:04:33.031 [main] DEBUG org.dbunit.dataset.DefaultTable - getValue(row=6, column=quantity) - start
23:04:33.031 [main] DEBUG org.dbunit.dataset.AbstractTable - assertValidRowIndex(row=6) - start
23:04:33.031 [main] DEBUG org.dbunit.dataset.AbstractTable - assertValidRowIndex(row=6, rowCount=8) - start
23:04:33.031 [main] DEBUG org.dbunit.dataset.AbstractTable - getColumnIndex(columnName=quantity) - start
23:04:33.031 [main] DEBUG o.d.dataset.AbstractTableMetaData - getColumnIndex(columnName=quantity) - start
23:04:33.033 [main] DEBUG o.d.d.s.AutomaticPreparedBatchStatement - addValue(value=10, dataType=INTEGER) - start
23:04:33.033 [main] DEBUG o.d.d.s.SimplePreparedStatement - addValue(value=10, dataType=INTEGER) - start
23:04:33.033 [main] DEBUG o.d.dataset.datatype.IntegerDataType - setSqlValue(value=10, column=4, statement=com.mysql.jdbc.JDBC4PreparedStatement@106fc94: insert into order_items (id, order_order_number, product_sku_number, quantity) values (7, 5, 4, 3)) - start
23:04:33.033 [main] DEBUG o.d.dataset.datatype.IntegerDataType - typeCast(value=10) - start
23:04:33.034 [main] DEBUG o.d.dataset.datatype.IntegerDataType - typeCast(value=10) - start
23:04:33.034 [main] DEBUG o.d.d.s.AutomaticPreparedBatchStatement - addBatch() - start
23:04:33.034 [main] DEBUG o.d.d.s.SimplePreparedStatement - addBatch() - start
23:04:33.055 [main] DEBUG org.dbunit.operation.InsertOperation - equalsIgnoreMapping(ignoreMapping={}, table=org.dbunit.dataset.DefaultTable[_metaData=tableName=order_items, columns=[(id, UNKNOWN, nullableUnknown), (order_order_number, UNKNOWN, nullableUnknown), (product_sku_number, UNKNOWN, nullableUnknown), (quantity, UNKNOWN, nullableUnknown)], keys=[], _rowList.size()=8], row=7) - start
23:04:33.055 [main] DEBUG org.dbunit.dataset.DefaultTable - getValue(row=7, column=id) - start
23:04:33.055 [main] DEBUG org.dbunit.dataset.AbstractTable - assertValidRowIndex(row=7) - start
23:04:33.138 [main] DEBUG org.dbunit.dataset.AbstractTable - assertValidRowIndex(row=7, rowCount=8) - start
23:04:33.138 [main] DEBUG org.dbunit.dataset.AbstractTable - getColumnIndex(columnName=id) - start
23:04:33.138 [main] DEBUG o.d.dataset.AbstractTableMetaData - getColumnIndex(columnName=id) - start
23:04:33.138 [main] DEBUG org.dbunit.dataset.DefaultTable - getValue(row=7, column=order_order_number) - start
23:04:33.138 [main] DEBUG org.dbunit.dataset.AbstractTable - assertValidRowIndex(row=7) - start
23:04:33.139 [main] DEBUG org.dbunit.dataset.AbstractTable - assertValidRowIndex(row=7, rowCount=8) - start
23:04:33.139 [main] DEBUG org.dbunit.dataset.AbstractTable - getColumnIndex(columnName=order_order_number) - start
23:04:33.139 [main] DEBUG o.d.dataset.AbstractTableMetaData - getColumnIndex(columnName=order_order_number) - start
23:04:33.139 [main] DEBUG org.dbunit.dataset.DefaultTable - getValue(row=7, column=product_sku_number) - start
23:04:33.139 [main] DEBUG org.dbunit.dataset.AbstractTable - assertValidRowIndex(row=7) - start
23:04:33.141 [main] DEBUG org.dbunit.dataset.AbstractTable - assertValidRowIndex(row=7, rowCount=8) - start
23:04:33.141 [main] DEBUG org.dbunit.dataset.AbstractTable - getColumnIndex(columnName=product_sku_number) - start
23:04:33.141 [main] DEBUG o.d.dataset.AbstractTableMetaData - getColumnIndex(columnName=product_sku_number) - start
23:04:33.141 [main] DEBUG org.dbunit.dataset.DefaultTable - getValue(row=7, column=quantity) - start
23:04:33.141 [main] DEBUG org.dbunit.dataset.AbstractTable - assertValidRowIndex(row=7) - start
23:04:33.142 [main] DEBUG org.dbunit.dataset.AbstractTable - assertValidRowIndex(row=7, rowCount=8) - start
23:04:33.142 [main] DEBUG org.dbunit.dataset.AbstractTable - getColumnIndex(columnName=quantity) - start
23:04:33.142 [main] DEBUG o.d.dataset.AbstractTableMetaData - getColumnIndex(columnName=quantity) - start
23:04:33.142 [main] DEBUG org.dbunit.dataset.DefaultTable - getValue(row=7, column=id) - start
23:04:33.142 [main] DEBUG org.dbunit.dataset.AbstractTable - assertValidRowIndex(row=7) - start
23:04:33.144 [main] DEBUG org.dbunit.dataset.AbstractTable - assertValidRowIndex(row=7, rowCount=8) - start
23:04:33.144 [main] DEBUG org.dbunit.dataset.AbstractTable - getColumnIndex(columnName=id) - start
23:04:33.144 [main] DEBUG o.d.dataset.AbstractTableMetaData - getColumnIndex(columnName=id) - start
23:04:33.144 [main] DEBUG o.d.d.s.AutomaticPreparedBatchStatement - addValue(value=8, dataType=INTEGER) - start
23:04:33.144 [main] DEBUG o.d.d.s.SimplePreparedStatement - addValue(value=8, dataType=INTEGER) - start
23:04:33.145 [main] DEBUG o.d.dataset.datatype.IntegerDataType - setSqlValue(value=8, column=1, statement=com.mysql.jdbc.JDBC4PreparedStatement@106fc94: insert into order_items (id, order_order_number, product_sku_number, quantity) values (7, 5, 4, 10)) - start
23:04:33.146 [main] DEBUG o.d.dataset.datatype.IntegerDataType - typeCast(value=8) - start
23:04:33.146 [main] DEBUG o.d.dataset.datatype.IntegerDataType - typeCast(value=8) - start
23:04:33.146 [main] DEBUG org.dbunit.dataset.DefaultTable - getValue(row=7, column=order_order_number) - start
23:04:33.147 [main] DEBUG org.dbunit.dataset.AbstractTable - assertValidRowIndex(row=7) - start
23:04:33.147 [main] DEBUG org.dbunit.dataset.AbstractTable - assertValidRowIndex(row=7, rowCount=8) - start
23:04:33.147 [main] DEBUG org.dbunit.dataset.AbstractTable - getColumnIndex(columnName=order_order_number) - start
23:04:33.147 [main] DEBUG o.d.dataset.AbstractTableMetaData - getColumnIndex(columnName=order_order_number) - start
23:04:33.147 [main] DEBUG o.d.d.s.AutomaticPreparedBatchStatement - addValue(value=6, dataType=INTEGER) - start
23:04:33.149 [main] DEBUG o.d.d.s.SimplePreparedStatement - addValue(value=6, dataType=INTEGER) - start
23:04:33.149 [main] DEBUG o.d.dataset.datatype.IntegerDataType - setSqlValue(value=6, column=2, statement=com.mysql.jdbc.JDBC4PreparedStatement@106fc94: insert into order_items (id, order_order_number, product_sku_number, quantity) values (8, 5, 4, 10)) - start
23:04:33.149 [main] DEBUG o.d.dataset.datatype.IntegerDataType - typeCast(value=6) - start
23:04:33.149 [main] DEBUG o.d.dataset.datatype.IntegerDataType - typeCast(value=6) - start
23:04:33.151 [main] DEBUG org.dbunit.dataset.DefaultTable - getValue(row=7, column=product_sku_number) - start
23:04:33.151 [main] DEBUG org.dbunit.dataset.AbstractTable - assertValidRowIndex(row=7) - start
23:04:33.151 [main] DEBUG org.dbunit.dataset.AbstractTable - assertValidRowIndex(row=7, rowCount=8) - start
23:04:33.151 [main] DEBUG org.dbunit.dataset.AbstractTable - getColumnIndex(columnName=product_sku_number) - start
23:04:33.151 [main] DEBUG o.d.dataset.AbstractTableMetaData - getColumnIndex(columnName=product_sku_number) - start
23:04:33.152 [main] DEBUG o.d.d.s.AutomaticPreparedBatchStatement - addValue(value=3, dataType=INTEGER) - start
23:04:33.152 [main] DEBUG o.d.d.s.SimplePreparedStatement - addValue(value=3, dataType=INTEGER) - start
23:04:33.152 [main] DEBUG o.d.dataset.datatype.IntegerDataType - setSqlValue(value=3, column=3, statement=com.mysql.jdbc.JDBC4PreparedStatement@106fc94: insert into order_items (id, order_order_number, product_sku_number, quantity) values (8, 6, 4, 10)) - start
23:04:33.152 [main] DEBUG o.d.dataset.datatype.IntegerDataType - typeCast(value=3) - start
23:04:33.153 [main] DEBUG o.d.dataset.datatype.IntegerDataType - typeCast(value=3) - start
23:04:33.154 [main] DEBUG org.dbunit.dataset.DefaultTable - getValue(row=7, column=quantity) - start
23:04:33.154 [main] DEBUG org.dbunit.dataset.AbstractTable - assertValidRowIndex(row=7) - start
23:04:33.154 [main] DEBUG org.dbunit.dataset.AbstractTable - assertValidRowIndex(row=7, rowCount=8) - start
23:04:33.154 [main] DEBUG org.dbunit.dataset.AbstractTable - getColumnIndex(columnName=quantity) - start
23:04:33.154 [main] DEBUG o.d.dataset.AbstractTableMetaData - getColumnIndex(columnName=quantity) - start
23:04:33.155 [main] DEBUG o.d.d.s.AutomaticPreparedBatchStatement - addValue(value=3, dataType=INTEGER) - start
23:04:33.155 [main] DEBUG o.d.d.s.SimplePreparedStatement - addValue(value=3, dataType=INTEGER) - start
23:04:33.155 [main] DEBUG o.d.dataset.datatype.IntegerDataType - setSqlValue(value=3, column=4, statement=com.mysql.jdbc.JDBC4PreparedStatement@106fc94: insert into order_items (id, order_order_number, product_sku_number, quantity) values (8, 6, 3, 10)) - start
23:04:33.155 [main] DEBUG o.d.dataset.datatype.IntegerDataType - typeCast(value=3) - start
23:04:33.157 [main] DEBUG o.d.dataset.datatype.IntegerDataType - typeCast(value=3) - start
23:04:33.157 [main] DEBUG o.d.d.s.AutomaticPreparedBatchStatement - addBatch() - start
23:04:33.157 [main] DEBUG o.d.d.s.SimplePreparedStatement - addBatch() - start
23:04:33.191 [main] DEBUG org.dbunit.operation.InsertOperation - equalsIgnoreMapping(ignoreMapping={}, table=org.dbunit.dataset.DefaultTable[_metaData=tableName=order_items, columns=[(id, UNKNOWN, nullableUnknown), (order_order_number, UNKNOWN, nullableUnknown), (product_sku_number, UNKNOWN, nullableUnknown), (quantity, UNKNOWN, nullableUnknown)], keys=[], _rowList.size()=8], row=8) - start
23:04:33.191 [main] DEBUG org.dbunit.dataset.DefaultTable - getValue(row=8, column=id) - start
23:04:33.191 [main] DEBUG org.dbunit.dataset.AbstractTable - assertValidRowIndex(row=8) - start
23:04:33.260 [main] DEBUG org.dbunit.dataset.AbstractTable - assertValidRowIndex(row=8, rowCount=8) - start
23:04:33.260 [main] DEBUG o.d.d.s.AutomaticPreparedBatchStatement - executeBatch() - start
23:04:33.260 [main] DEBUG o.d.d.s.SimplePreparedStatement - executeBatch() - start
23:04:33.260 [main] DEBUG o.d.d.s.SimplePreparedStatement - clearBatch() - start
23:04:33.260 [main] DEBUG o.d.d.s.AutomaticPreparedBatchStatement - clearBatch() - start
23:04:33.260 [main] DEBUG o.d.d.s.SimplePreparedStatement - clearBatch() - start
23:04:33.261 [main] DEBUG o.d.d.s.AutomaticPreparedBatchStatement - close() - start
23:04:33.261 [main] DEBUG o.d.d.s.AbstractPreparedBatchStatement - close() - start
23:04:33.261 [main] DEBUG org.dbunit.DefaultOperationListener - operationSetUpFinished(connection=org.dbunit.database.DatabaseConnection[schema=, connection=com.mysql.jdbc.JDBC4Connection@b33d0a, super=_databaseConfig=org.dbunit.database.DatabaseConfig[, _propertyMap={http://www.dbunit.org/properties/statementFactory=org.dbunit.database.statement.PreparedStatementFactory@16c9867, http://www.dbunit.org/features/caseSensitiveTableNames=false, http://www.dbunit.org/properties/fetchSize=100, http://www.dbunit.org/features/batchedStatements=false, http://www.dbunit.org/properties/metadataHandler=org.dbunit.database.DefaultMetadataHandler@89cc5e, http://www.dbunit.org/properties/datatypeFactory=org.dbunit.dataset.datatype.DefaultDataTypeFactory[_toleratedDeltaMap=org.dbunit.dataset.datatype.ToleratedDeltaMap@c837cd], http://www.dbunit.org/properties/escapePattern=null, http://www.dbunit.org/properties/batchSize=100, http://www.dbunit.org/features/qualifiedTableNames=false, http://www.dbunit.org/properties/tableType=[Ljava.lang.String;@c79809, http://www.dbunit.org/properties/resultSetTableFactory=org.dbunit.database.CachedResultSetTableFactory@1ce784b, http://www.dbunit.org/features/datatypeWarning=true}], _dataSet=AbstractDataSet[_orderedTableNameMap=null]]) - start
23:04:33.262 [main] DEBUG org.dbunit.DefaultOperationListener - closeConnection(connection=org.dbunit.database.DatabaseConnection[schema=, connection=com.mysql.jdbc.JDBC4Connection@b33d0a, super=_databaseConfig=org.dbunit.database.DatabaseConfig[, _propertyMap={http://www.dbunit.org/properties/statementFactory=org.dbunit.database.statement.PreparedStatementFactory@16c9867, http://www.dbunit.org/features/caseSensitiveTableNames=false, http://www.dbunit.org/properties/fetchSize=100, http://www.dbunit.org/features/batchedStatements=false, http://www.dbunit.org/properties/metadataHandler=org.dbunit.database.DefaultMetadataHandler@89cc5e, http://www.dbunit.org/properties/datatypeFactory=org.dbunit.dataset.datatype.DefaultDataTypeFactory[_toleratedDeltaMap=org.dbunit.dataset.datatype.ToleratedDeltaMap@c837cd], http://www.dbunit.org/properties/escapePattern=null, http://www.dbunit.org/properties/batchSize=100, http://www.dbunit.org/features/qualifiedTableNames=false, http://www.dbunit.org/properties/tableType=[Ljava.lang.String;@c79809, http://www.dbunit.org/properties/resultSetTableFactory=org.dbunit.database.CachedResultSetTableFactory@1ce784b, http://www.dbunit.org/features/datatypeWarning=true}], _dataSet=AbstractDataSet[_orderedTableNameMap=null]]) - start
23:04:33.264 [main] DEBUG o.dbunit.database.DatabaseConnection - close() - start
23:04:33.286 [main] DEBUG org.dbunit.DatabaseTestCase - tearDown() - start
23:04:33.287 [main] DEBUG org.dbunit.AbstractDatabaseTester - setTearDownOperation(tearDownOperation=org.dbunit.operation.DeleteAllOperation@19b1de) - start
23:04:33.287 [main] DEBUG o.d.d.xml.FlatXmlDataSetBuilder - Creating FlatXmlDataSet with builder parameters: org.dbunit.dataset.xml.FlatXmlDataSetBuilder[dtdMetadata=true, columnSensing=false, caseSensitiveTableNames=false, metaDataSet=null]
23:04:33.287 [main] DEBUG o.d.d.xml.FlatXmlDataSetBuilder - Creating FlatXmlProducer using the properties of this builder: org.dbunit.dataset.xml.FlatXmlDataSetBuilder[dtdMetadata=true, columnSensing=false, caseSensitiveTableNames=false, metaDataSet=null]
23:04:33.372 [main] DEBUG o.dbunit.dataset.xml.FlatXmlProducer - setConsumer(consumer) - start
23:04:33.372 [main] DEBUG o.dbunit.dataset.xml.FlatXmlProducer - produce() - start
23:04:33.373 [main] DEBUG o.dbunit.dataset.xml.FlatDtdProducer - setLexicalHandler(xmlReader=org.apache.xerces.parsers.SAXParser@a77106, handler=org.dbunit.dataset.xml.FlatXmlProducer$FlatDtdHandler@ed662d) - start
23:04:33.373 [main] DEBUG o.dbunit.dataset.xml.FlatDtdProducer - setDeclHandler(xmlReader=org.apache.xerces.parsers.SAXParser@a77106, handler=org.dbunit.dataset.xml.FlatXmlProducer$FlatDtdHandler@ed662d) - start
23:04:33.374 [main] DEBUG o.dbunit.dataset.xml.FlatXmlProducer - startElement(uri=, localName=, qName=dataset, attributes=org.apache.xerces.parsers.AbstractSAXParser$AttributesProxy@1cf4a2c) - start
23:04:33.374 [main] DEBUG org.dbunit.dataset.CachedDataSet - startDataSet() - start
23:04:33.374 [main] DEBUG o.dbunit.dataset.xml.FlatXmlProducer - startElement(uri=, localName=, qName=customers, attributes=org.apache.xerces.parsers.AbstractSAXParser$AttributesProxy@1cf4a2c) - start
23:04:33.374 [main] DEBUG o.dbunit.dataset.OrderedTableNameMap - getLastTableName() - start
23:04:33.376 [main] DEBUG o.dbunit.dataset.OrderedTableNameMap - isLastTable(tableName=customers) - start
23:04:33.376 [main] DEBUG o.dbunit.dataset.OrderedTableNameMap - getTableName(tableName=customers) - start
23:04:33.376 [main] DEBUG o.dbunit.dataset.OrderedTableNameMap - getTableName(tableName=customers) - end - result=CUSTOMERS
23:04:33.376 [main] DEBUG o.dbunit.dataset.xml.FlatXmlProducer - createTableMetaData(tableName=customers, attributes=org.apache.xerces.parsers.AbstractSAXParser$AttributesProxy@1cf4a2c) - start
23:04:33.378 [main] DEBUG org.dbunit.dataset.Columns - getColumns(columnNames=[], columns=[(id, UNKNOWN, nullableUnknown), (name, UNKNOWN, nullableUnknown)]) - start
23:04:33.378 [main] DEBUG o.dbunit.dataset.OrderedTableNameMap - add(tableName=customers, object=tableName=customers, columns=[(id, UNKNOWN, nullableUnknown), (name, UNKNOWN, nullableUnknown)], keys=[]) - start
23:04:33.378 [main] DEBUG o.dbunit.dataset.OrderedTableNameMap - getTableName(tableName=customers) - start
23:04:33.378 [main] DEBUG o.dbunit.dataset.OrderedTableNameMap - getTableName(tableName=customers) - end - result=CUSTOMERS
23:04:33.380 [main] DEBUG o.dbunit.dataset.OrderedTableNameMap - getTableName(tableName=CUSTOMERS) - start
23:04:33.380 [main] DEBUG o.dbunit.dataset.OrderedTableNameMap - getTableName(tableName=CUSTOMERS) - end - result=CUSTOMERS
23:04:33.380 [main] DEBUG org.dbunit.dataset.CachedDataSet - startTable(metaData=tableName=customers, columns=[(id, UNKNOWN, nullableUnknown), (name, UNKNOWN, nullableUnknown)], keys=[]) - start
23:04:33.380 [main] DEBUG o.dbunit.dataset.OrderedTableNameMap - getLastTableName() - start
23:04:33.382 [main] DEBUG o.dbunit.dataset.OrderedTableNameMap - getTableName(tableName=customers) - start
23:04:33.382 [main] DEBUG o.dbunit.dataset.OrderedTableNameMap - getTableName(tableName=customers) - end - result=CUSTOMERS
23:04:33.382 [main] DEBUG o.d.dataset.AbstractTableMetaData - getColumnIndex(columnName=id) - start
23:04:33.382 [main] DEBUG o.d.dataset.AbstractTableMetaData - getColumnIndex(columnName=name) - start
23:04:33.382 [main] DEBUG o.dbunit.dataset.OrderedTableNameMap - getLastTableName() - start
23:04:33.383 [main] DEBUG o.dbunit.dataset.OrderedTableNameMap - getTableName(tableName=customers) - start
23:04:33.383 [main] DEBUG o.dbunit.dataset.OrderedTableNameMap - getTableName(tableName=customers) - end - result=CUSTOMERS
23:04:33.383 [main] DEBUG org.dbunit.dataset.CachedDataSet - row(values=1) - start
23:04:33.383 [main] DEBUG org.dbunit.dataset.DefaultTable - addRow(values=1) - start
23:04:33.383 [main] DEBUG o.dbunit.dataset.xml.FlatXmlProducer - endElement(uri=, localName=, qName=customers) - start
23:04:33.385 [main] DEBUG o.dbunit.dataset.xml.FlatXmlProducer - startElement(uri=, localName=, qName=customers, attributes=org.apache.xerces.parsers.AbstractSAXParser$AttributesProxy@1cf4a2c) - start
23:04:33.385 [main] DEBUG o.dbunit.dataset.OrderedTableNameMap - getLastTableName() - start
23:04:33.385 [main] DEBUG o.dbunit.dataset.OrderedTableNameMap - getTableName(tableName=customers) - start
23:04:33.385 [main] DEBUG o.dbunit.dataset.OrderedTableNameMap - getTableName(tableName=customers) - end - result=CUSTOMERS
23:04:33.386 [main] DEBUG o.dbunit.dataset.OrderedTableNameMap - isLastTable(tableName=customers) - start
23:04:33.386 [main] DEBUG o.dbunit.dataset.OrderedTableNameMap - getLastTableName() - start
23:04:33.386 [main] DEBUG o.dbunit.dataset.OrderedTableNameMap - getTableName(tableName=customers) - start
23:04:33.386 [main] DEBUG o.dbunit.dataset.OrderedTableNameMap - getTableName(tableName=customers) - end - result=CUSTOMERS
23:04:33.386 [main] DEBUG o.dbunit.dataset.OrderedTableNameMap - getTableName(tableName=customers) - start
23:04:33.388 [main] DEBUG o.dbunit.dataset.OrderedTableNameMap - getTableName(tableName=customers) - end - result=CUSTOMERS
23:04:33.388 [main] DEBUG o.dbunit.dataset.OrderedTableNameMap - getLastTableName() - start
23:04:33.388 [main] DEBUG o.dbunit.dataset.OrderedTableNameMap - getTableName(tableName=customers) - start
23:04:33.388 [main] DEBUG o.dbunit.dataset.OrderedTableNameMap - getTableName(tableName=customers) - end - result=CUSTOMERS
23:04:33.388 [main] DEBUG o.d.dataset.AbstractTableMetaData - getColumnIndex(columnName=id) - start
23:04:33.390 [main] DEBUG o.d.dataset.AbstractTableMetaData - getColumnIndex(columnName=name) - start
23:04:33.390 [main] DEBUG o.dbunit.dataset.OrderedTableNameMap - getLastTableName() - start
23:04:33.390 [main] DEBUG o.dbunit.dataset.OrderedTableNameMap - getTableName(tableName=customers) - start
23:04:33.390 [main] DEBUG o.dbunit.dataset.OrderedTableNameMap - getTableName(tableName=customers) - end - result=CUSTOMERS
23:04:33.390 [main] DEBUG org.dbunit.dataset.CachedDataSet - row(values=2) - start
23:04:33.391 [main] DEBUG org.dbunit.dataset.DefaultTable - addRow(values=2) - start
23:04:33.391 [main] DEBUG o.dbunit.dataset.xml.FlatXmlProducer - endElement(uri=, localName=, qName=customers) - start
23:04:33.392 [main] DEBUG o.dbunit.dataset.xml.FlatXmlProducer - startElement(uri=, localName=, qName=customers, attributes=org.apache.xerces.parsers.AbstractSAXParser$AttributesProxy@1cf4a2c) - start
23:04:33.392 [main] DEBUG o.dbunit.dataset.OrderedTableNameMap - getLastTableName() - start
23:04:33.392 [main] DEBUG o.dbunit.dataset.OrderedTableNameMap - getTableName(tableName=customers) - start
23:04:33.393 [main] DEBUG o.dbunit.dataset.OrderedTableNameMap - getTableName(tableName=customers) - end - result=CUSTOMERS
23:04:33.393 [main] DEBUG o.dbunit.dataset.OrderedTableNameMap - isLastTable(tableName=customers) - start
23:04:33.393 [main] DEBUG o.dbunit.dataset.OrderedTableNameMap - getLastTableName() - start
23:04:33.393 [main] DEBUG o.dbunit.dataset.OrderedTableNameMap - getTableName(tableName=customers) - start
23:04:33.393 [main] DEBUG o.dbunit.dataset.OrderedTableNameMap - getTableName(tableName=customers) - end - result=CUSTOMERS
23:04:33.395 [main] DEBUG o.dbunit.dataset.OrderedTableNameMap - getTableName(tableName=customers) - start
23:04:33.395 [main] DEBUG o.dbunit.dataset.OrderedTableNameMap - getTableName(tableName=customers) - end - result=CUSTOMERS
23:04:33.395 [main] DEBUG o.dbunit.dataset.OrderedTableNameMap - getLastTableName() - start
23:04:33.395 [main] DEBUG o.dbunit.dataset.OrderedTableNameMap - getTableName(tableName=customers) - start
23:04:33.395 [main] DEBUG o.dbunit.dataset.OrderedTableNameMap - getTableName(tableName=customers) - end - result=CUSTOMERS
23:04:33.397 [main] DEBUG o.d.dataset.AbstractTableMetaData - getColumnIndex(columnName=id) - start
23:04:33.397 [main] DEBUG o.d.dataset.AbstractTableMetaData - getColumnIndex(columnName=name) - start
23:04:33.397 [main] DEBUG o.dbunit.dataset.OrderedTableNameMap - getLastTableName() - start
23:04:33.397 [main] DEBUG o.dbunit.dataset.OrderedTableNameMap - getTableName(tableName=customers) - start
23:04:33.397 [main] DEBUG o.dbunit.dataset.OrderedTableNameMap - getTableName(tableName=customers) - end - result=CUSTOMERS
23:04:33.399 [main] DEBUG org.dbunit.dataset.CachedDataSet - row(values=3) - start
23:04:33.399 [main] DEBUG org.dbunit.dataset.DefaultTable - addRow(values=3) - start
23:04:33.399 [main] DEBUG o.dbunit.dataset.xml.FlatXmlProducer - endElement(uri=, localName=, qName=customers) - start
23:04:33.399 [main] DEBUG o.dbunit.dataset.xml.FlatXmlProducer - startElement(uri=, localName=, qName=customers, attributes=org.apache.xerces.parsers.AbstractSAXParser$AttributesProxy@1cf4a2c) - start
23:04:33.399 [main] DEBUG o.dbunit.dataset.OrderedTableNameMap - getLastTableName() - start
23:04:33.400 [main] DEBUG o.dbunit.dataset.OrderedTableNameMap - getTableName(tableName=customers) - start
23:04:33.400 [main] DEBUG o.dbunit.dataset.OrderedTableNameMap - getTableName(tableName=customers) - end - result=CUSTOMERS
23:04:33.400 [main] DEBUG o.dbunit.dataset.OrderedTableNameMap - isLastTable(tableName=customers) - start
23:04:33.400 [main] DEBUG o.dbunit.dataset.OrderedTableNameMap - getLastTableName() - start
23:04:33.400 [main] DEBUG o.dbunit.dataset.OrderedTableNameMap - getTableName(tableName=customers) - start
23:04:33.402 [main] DEBUG o.dbunit.dataset.OrderedTableNameMap - getTableName(tableName=customers) - end - result=CUSTOMERS
23:04:33.402 [main] DEBUG o.dbunit.dataset.OrderedTableNameMap - getTableName(tableName=customers) - start
23:04:33.402 [main] DEBUG o.dbunit.dataset.OrderedTableNameMap - getTableName(tableName=customers) - end - result=CUSTOMERS
23:04:33.402 [main] DEBUG o.dbunit.dataset.OrderedTableNameMap - getLastTableName() - start
23:04:33.402 [main] DEBUG o.dbunit.dataset.OrderedTableNameMap - getTableName(tableName=customers) - start
23:04:33.404 [main] DEBUG o.dbunit.dataset.OrderedTableNameMap - getTableName(tableName=customers) - end - result=CUSTOMERS
23:04:33.404 [main] DEBUG o.d.dataset.AbstractTableMetaData - getColumnIndex(columnName=id) - start
23:04:33.404 [main] DEBUG o.d.dataset.AbstractTableMetaData - getColumnIndex(columnName=name) - start
23:04:33.404 [main] DEBUG o.dbunit.dataset.OrderedTableNameMap - getLastTableName() - start
23:04:33.404 [main] DEBUG o.dbunit.dataset.OrderedTableNameMap - getTableName(tableName=customers) - start
23:04:33.406 [main] DEBUG o.dbunit.dataset.OrderedTableNameMap - getTableName(tableName=customers) - end - result=CUSTOMERS
23:04:33.406 [main] DEBUG org.dbunit.dataset.CachedDataSet - row(values=4) - start
23:04:33.406 [main] DEBUG org.dbunit.dataset.DefaultTable - addRow(values=4) - start
23:04:33.406 [main] DEBUG o.dbunit.dataset.xml.FlatXmlProducer - endElement(uri=, localName=, qName=customers) - start
23:04:33.406 [main] DEBUG o.dbunit.dataset.xml.FlatXmlProducer - startElement(uri=, localName=, qName=customers, attributes=org.apache.xerces.parsers.AbstractSAXParser$AttributesProxy@1cf4a2c) - start
23:04:33.407 [main] DEBUG o.dbunit.dataset.OrderedTableNameMap - getLastTableName() - start
23:04:33.407 [main] DEBUG o.dbunit.dataset.OrderedTableNameMap - getTableName(tableName=customers) - start
23:04:33.407 [main] DEBUG o.dbunit.dataset.OrderedTableNameMap - getTableName(tableName=customers) - end - result=CUSTOMERS
23:04:33.407 [main] DEBUG o.dbunit.dataset.OrderedTableNameMap - isLastTable(tableName=customers) - start
23:04:33.407 [main] DEBUG o.dbunit.dataset.OrderedTableNameMap - getLastTableName() - start
23:04:33.409 [main] DEBUG o.dbunit.dataset.OrderedTableNameMap - getTableName(tableName=customers) - start
23:04:33.409 [main] DEBUG o.dbunit.dataset.OrderedTableNameMap - getTableName(tableName=customers) - end - result=CUSTOMERS
23:04:33.409 [main] DEBUG o.dbunit.dataset.OrderedTableNameMap - getTableName(tableName=customers) - start
23:04:33.409 [main] DEBUG o.dbunit.dataset.OrderedTableNameMap - getTableName(tableName=customers) - end - result=CUSTOMERS
23:04:33.409 [main] DEBUG o.dbunit.dataset.OrderedTableNameMap - getLastTableName() - start
23:04:33.411 [main] DEBUG o.dbunit.dataset.OrderedTableNameMap - getTableName(tableName=customers) - start
23:04:33.411 [main] DEBUG o.dbunit.dataset.OrderedTableNameMap - getTableName(tableName=customers) - end - result=CUSTOMERS
23:04:33.411 [main] DEBUG o.d.dataset.AbstractTableMetaData - getColumnIndex(columnName=id) - start
23:04:33.411 [main] DEBUG o.d.dataset.AbstractTableMetaData - getColumnIndex(columnName=name) - start
23:04:33.411 [main] DEBUG o.dbunit.dataset.OrderedTableNameMap - getLastTableName() - start
23:04:33.413 [main] DEBUG o.dbunit.dataset.OrderedTableNameMap - getTableName(tableName=customers) - start
23:04:33.413 [main] DEBUG o.dbunit.dataset.OrderedTableNameMap - getTableName(tableName=customers) - end - result=CUSTOMERS
23:04:33.413 [main] DEBUG org.dbunit.dataset.CachedDataSet - row(values=5) - start
23:04:33.413 [main] DEBUG org.dbunit.dataset.DefaultTable - addRow(values=5) - start
23:04:33.413 [main] DEBUG o.dbunit.dataset.xml.FlatXmlProducer - endElement(uri=, localName=, qName=customers) - start
23:04:33.415 [main] DEBUG o.dbunit.dataset.xml.FlatXmlProducer - startElement(uri=, localName=, qName=customers, attributes=org.apache.xerces.parsers.AbstractSAXParser$AttributesProxy@1cf4a2c) - start
23:04:33.415 [main] DEBUG o.dbunit.dataset.OrderedTableNameMap - getLastTableName() - start
23:04:33.415 [main] DEBUG o.dbunit.dataset.OrderedTableNameMap - getTableName(tableName=customers) - start
23:04:33.415 [main] DEBUG o.dbunit.dataset.OrderedTableNameMap - getTableName(tableName=customers) - end - result=CUSTOMERS
23:04:33.416 [main] DEBUG o.dbunit.dataset.OrderedTableNameMap - isLastTable(tableName=customers) - start
23:04:33.416 [main] DEBUG o.dbunit.dataset.OrderedTableNameMap - getLastTableName() - start
23:04:33.416 [main] DEBUG o.dbunit.dataset.OrderedTableNameMap - getTableName(tableName=customers) - start
23:04:33.416 [main] DEBUG o.dbunit.dataset.OrderedTableNameMap - getTableName(tableName=customers) - end - result=CUSTOMERS
23:04:33.416 [main] DEBUG o.dbunit.dataset.OrderedTableNameMap - getTableName(tableName=customers) - start
23:04:33.418 [main] DEBUG o.dbunit.dataset.OrderedTableNameMap - getTableName(tableName=customers) - end - result=CUSTOMERS
23:04:33.418 [main] DEBUG o.dbunit.dataset.OrderedTableNameMap - getLastTableName() - start
23:04:33.418 [main] DEBUG o.dbunit.dataset.OrderedTableNameMap - getTableName(tableName=customers) - start
23:04:33.418 [main] DEBUG o.dbunit.dataset.OrderedTableNameMap - getTableName(tableName=customers) - end - result=CUSTOMERS
23:04:33.418 [main] DEBUG o.d.dataset.AbstractTableMetaData - getColumnIndex(columnName=id) - start
23:04:33.420 [main] DEBUG o.d.dataset.AbstractTableMetaData - getColumnIndex(columnName=name) - start
23:04:33.420 [main] DEBUG o.dbunit.dataset.OrderedTableNameMap - getLastTableName() - start
23:04:33.420 [main] DEBUG o.dbunit.dataset.OrderedTableNameMap - getTableName(tableName=customers) - start
23:04:33.420 [main] DEBUG o.dbunit.dataset.OrderedTableNameMap - getTableName(tableName=customers) - end - result=CUSTOMERS
23:04:33.420 [main] DEBUG org.dbunit.dataset.CachedDataSet - row(values=6) - start
23:04:33.421 [main] DEBUG org.dbunit.dataset.DefaultTable - addRow(values=6) - start
23:04:33.421 [main] DEBUG o.dbunit.dataset.xml.FlatXmlProducer - endElement(uri=, localName=, qName=customers) - start
23:04:33.422 [main] DEBUG o.dbunit.dataset.xml.FlatXmlProducer - startElement(uri=, localName=, qName=products, attributes=org.apache.xerces.parsers.AbstractSAXParser$AttributesProxy@1cf4a2c) - start
23:04:33.422 [main] DEBUG o.dbunit.dataset.OrderedTableNameMap - getLastTableName() - start
23:04:33.422 [main] DEBUG o.dbunit.dataset.OrderedTableNameMap - getTableName(tableName=customers) - start
23:04:33.423 [main] DEBUG o.dbunit.dataset.OrderedTableNameMap - getTableName(tableName=customers) - end - result=CUSTOMERS
23:04:33.423 [main] DEBUG o.dbunit.dataset.OrderedTableNameMap - isLastTable(tableName=products) - start
23:04:33.423 [main] DEBUG o.dbunit.dataset.OrderedTableNameMap - getLastTableName() - start
23:04:33.423 [main] DEBUG o.dbunit.dataset.OrderedTableNameMap - getTableName(tableName=customers) - start
23:04:33.423 [main] DEBUG o.dbunit.dataset.OrderedTableNameMap - getTableName(tableName=customers) - end - result=CUSTOMERS
23:04:33.425 [main] DEBUG o.dbunit.dataset.OrderedTableNameMap - getTableName(tableName=products) - start
23:04:33.425 [main] DEBUG o.dbunit.dataset.OrderedTableNameMap - getTableName(tableName=products) - end - result=PRODUCTS
23:04:33.425 [main] DEBUG org.dbunit.dataset.CachedDataSet - endTable() - start
23:04:33.425 [main] DEBUG o.dbunit.dataset.OrderedTableNameMap - getTableName(tableName=customers) - start
23:04:33.425 [main] DEBUG o.dbunit.dataset.OrderedTableNameMap - getTableName(tableName=customers) - end - result=CUSTOMERS
23:04:33.427 [main] DEBUG o.dbunit.dataset.OrderedTableNameMap - add(tableName=customers, object=org.dbunit.dataset.DefaultTable[_metaData=tableName=customers, columns=[(id, UNKNOWN, nullableUnknown), (name, UNKNOWN, nullableUnknown)], keys=[], _rowList.size()=6]) - start
23:04:33.427 [main] DEBUG o.dbunit.dataset.OrderedTableNameMap - getTableName(tableName=customers) - start
23:04:33.427 [main] DEBUG o.dbunit.dataset.OrderedTableNameMap - getTableName(tableName=customers) - end - result=CUSTOMERS
23:04:33.427 [main] DEBUG o.dbunit.dataset.OrderedTableNameMap - getTableName(tableName=CUSTOMERS) - start
23:04:33.428 [main] DEBUG o.dbunit.dataset.OrderedTableNameMap - getTableName(tableName=CUSTOMERS) - end - result=CUSTOMERS
23:04:33.428 [main] DEBUG o.dbunit.dataset.OrderedTableNameMap - getTableName(tableName=products) - start
23:04:33.428 [main] DEBUG o.dbunit.dataset.OrderedTableNameMap - getTableName(tableName=products) - end - result=PRODUCTS
23:04:33.428 [main] DEBUG o.dbunit.dataset.xml.FlatXmlProducer - createTableMetaData(tableName=products, attributes=org.apache.xerces.parsers.AbstractSAXParser$AttributesProxy@1cf4a2c) - start
23:04:33.430 [main] DEBUG org.dbunit.dataset.Columns - getColumns(columnNames=[], columns=[(sku_number, UNKNOWN, nullableUnknown), (name, UNKNOWN, nullableUnknown), (amount, UNKNOWN, nullableUnknown)]) - start
23:04:33.430 [main] DEBUG o.dbunit.dataset.OrderedTableNameMap - add(tableName=products, object=tableName=products, columns=[(sku_number, UNKNOWN, nullableUnknown), (name, UNKNOWN, nullableUnknown), (amount, UNKNOWN, nullableUnknown)], keys=[]) - start
23:04:33.430 [main] DEBUG o.dbunit.dataset.OrderedTableNameMap - getTableName(tableName=products) - start
23:04:33.432 [main] DEBUG o.dbunit.dataset.OrderedTableNameMap - getTableName(tableName=products) - end - result=PRODUCTS
23:04:33.432 [main] DEBUG o.dbunit.dataset.OrderedTableNameMap - getTableName(tableName=PRODUCTS) - start
23:04:33.432 [main] DEBUG o.dbunit.dataset.OrderedTableNameMap - getTableName(tableName=PRODUCTS) - end - result=PRODUCTS
23:04:33.432 [main] DEBUG org.dbunit.dataset.CachedDataSet - startTable(metaData=tableName=products, columns=[(sku_number, UNKNOWN, nullableUnknown), (name, UNKNOWN, nullableUnknown), (amount, UNKNOWN, nullableUnknown)], keys=[]) - start
23:04:33.434 [main] DEBUG o.dbunit.dataset.OrderedTableNameMap - getLastTableName() - start
23:04:33.434 [main] DEBUG o.dbunit.dataset.OrderedTableNameMap - getTableName(tableName=products) - start
23:04:33.434 [main] DEBUG o.dbunit.dataset.OrderedTableNameMap - getTableName(tableName=products) - end - result=PRODUCTS
23:04:33.434 [main] DEBUG o.d.dataset.AbstractTableMetaData - getColumnIndex(columnName=sku_number) - start
23:04:33.434 [main] DEBUG o.d.dataset.AbstractTableMetaData - getColumnIndex(columnName=name) - start
23:04:33.435 [main] DEBUG o.d.dataset.AbstractTableMetaData - getColumnIndex(columnName=amount) - start
23:04:33.435 [main] DEBUG o.dbunit.dataset.OrderedTableNameMap - getLastTableName() - start
23:04:33.435 [main] DEBUG o.dbunit.dataset.OrderedTableNameMap - getTableName(tableName=products) - start
23:04:33.435 [main] DEBUG o.dbunit.dataset.OrderedTableNameMap - getTableName(tableName=products) - end - result=PRODUCTS
23:04:33.435 [main] DEBUG org.dbunit.dataset.CachedDataSet - row(values=1) - start
23:04:33.435 [main] DEBUG org.dbunit.dataset.DefaultTable - addRow(values=1) - start
23:04:33.437 [main] DEBUG o.dbunit.dataset.xml.FlatXmlProducer - endElement(uri=, localName=, qName=products) - start
23:04:33.437 [main] DEBUG o.dbunit.dataset.xml.FlatXmlProducer - startElement(uri=, localName=, qName=products, attributes=org.apache.xerces.parsers.AbstractSAXParser$AttributesProxy@1cf4a2c) - start
23:04:33.437 [main] DEBUG o.dbunit.dataset.OrderedTableNameMap - getLastTableName() - start
23:04:33.437 [main] DEBUG o.dbunit.dataset.OrderedTableNameMap - getTableName(tableName=products) - start
23:04:33.438 [main] DEBUG o.dbunit.dataset.OrderedTableNameMap - getTableName(tableName=products) - end - result=PRODUCTS
23:04:33.438 [main] DEBUG o.dbunit.dataset.OrderedTableNameMap - isLastTable(tableName=products) - start
23:04:33.439 [main] DEBUG o.dbunit.dataset.OrderedTableNameMap - getLastTableName() - start
23:04:33.439 [main] DEBUG o.dbunit.dataset.OrderedTableNameMap - getTableName(tableName=products) - start
23:04:33.439 [main] DEBUG o.dbunit.dataset.OrderedTableNameMap - getTableName(tableName=products) - end - result=PRODUCTS
23:04:33.440 [main] DEBUG o.dbunit.dataset.OrderedTableNameMap - getTableName(tableName=products) - start
23:04:33.440 [main] DEBUG o.dbunit.dataset.OrderedTableNameMap - getTableName(tableName=products) - end - result=PRODUCTS
23:04:33.440 [main] DEBUG o.dbunit.dataset.OrderedTableNameMap - getLastTableName() - start
23:04:33.440 [main] DEBUG o.dbunit.dataset.OrderedTableNameMap - getTableName(tableName=products) - start
23:04:33.440 [main] DEBUG o.dbunit.dataset.OrderedTableNameMap - getTableName(tableName=products) - end - result=PRODUCTS
23:04:33.442 [main] DEBUG o.d.dataset.AbstractTableMetaData - getColumnIndex(columnName=sku_number) - start
23:04:33.442 [main] DEBUG o.d.dataset.AbstractTableMetaData - getColumnIndex(columnName=name) - start
23:04:33.442 [main] DEBUG o.d.dataset.AbstractTableMetaData - getColumnIndex(columnName=amount) - start
23:04:33.442 [main] DEBUG o.dbunit.dataset.OrderedTableNameMap - getLastTableName() - start
23:04:33.442 [main] DEBUG o.dbunit.dataset.OrderedTableNameMap - getTableName(tableName=products) - start
23:04:33.444 [main] DEBUG o.dbunit.dataset.OrderedTableNameMap - getTableName(tableName=products) - end - result=PRODUCTS
23:04:33.444 [main] DEBUG org.dbunit.dataset.CachedDataSet - row(values=2) - start
23:04:33.444 [main] DEBUG org.dbunit.dataset.DefaultTable - addRow(values=2) - start
23:04:33.444 [main] DEBUG o.dbunit.dataset.xml.FlatXmlProducer - endElement(uri=, localName=, qName=products) - start
23:04:33.444 [main] DEBUG o.dbunit.dataset.xml.FlatXmlProducer - startElement(uri=, localName=, qName=products, attributes=org.apache.xerces.parsers.AbstractSAXParser$AttributesProxy@1cf4a2c) - start
23:04:33.446 [main] DEBUG o.dbunit.dataset.OrderedTableNameMap - getLastTableName() - start
23:04:33.446 [main] DEBUG o.dbunit.dataset.OrderedTableNameMap - getTableName(tableName=products) - start
23:04:33.446 [main] DEBUG o.dbunit.dataset.OrderedTableNameMap - getTableName(tableName=products) - end - result=PRODUCTS
23:04:33.446 [main] DEBUG o.dbunit.dataset.OrderedTableNameMap - isLastTable(tableName=products) - start
23:04:33.446 [main] DEBUG o.dbunit.dataset.OrderedTableNameMap - getLastTableName() - start
23:04:33.448 [main] DEBUG o.dbunit.dataset.OrderedTableNameMap - getTableName(tableName=products) - start
23:04:33.448 [main] DEBUG o.dbunit.dataset.OrderedTableNameMap - getTableName(tableName=products) - end - result=PRODUCTS
23:04:33.448 [main] DEBUG o.dbunit.dataset.OrderedTableNameMap - getTableName(tableName=products) - start
23:04:33.448 [main] DEBUG o.dbunit.dataset.OrderedTableNameMap - getTableName(tableName=products) - end - result=PRODUCTS
23:04:33.448 [main] DEBUG o.dbunit.dataset.OrderedTableNameMap - getLastTableName() - start
23:04:33.449 [main] DEBUG o.dbunit.dataset.OrderedTableNameMap - getTableName(tableName=products) - start
23:04:33.449 [main] DEBUG o.dbunit.dataset.OrderedTableNameMap - getTableName(tableName=products) - end - result=PRODUCTS
23:04:33.450 [main] DEBUG o.d.dataset.AbstractTableMetaData - getColumnIndex(columnName=sku_number) - start
23:04:33.450 [main] DEBUG o.d.dataset.AbstractTableMetaData - getColumnIndex(columnName=name) - start
23:04:33.450 [main] DEBUG o.d.dataset.AbstractTableMetaData - getColumnIndex(columnName=amount) - start
23:04:33.451 [main] DEBUG o.dbunit.dataset.OrderedTableNameMap - getLastTableName() - start
23:04:33.451 [main] DEBUG o.dbunit.dataset.OrderedTableNameMap - getTableName(tableName=products) - start
23:04:33.451 [main] DEBUG o.dbunit.dataset.OrderedTableNameMap - getTableName(tableName=products) - end - result=PRODUCTS
23:04:33.451 [main] DEBUG org.dbunit.dataset.CachedDataSet - row(values=3) - start
23:04:33.451 [main] DEBUG org.dbunit.dataset.DefaultTable - addRow(values=3) - start
23:04:33.451 [main] DEBUG o.dbunit.dataset.xml.FlatXmlProducer - endElement(uri=, localName=, qName=products) - start
23:04:33.453 [main] DEBUG o.dbunit.dataset.xml.FlatXmlProducer - startElement(uri=, localName=, qName=products, attributes=org.apache.xerces.parsers.AbstractSAXParser$AttributesProxy@1cf4a2c) - start
23:04:33.453 [main] DEBUG o.dbunit.dataset.OrderedTableNameMap - getLastTableName() - start
23:04:33.453 [main] DEBUG o.dbunit.dataset.OrderedTableNameMap - getTableName(tableName=products) - start
23:04:33.453 [main] DEBUG o.dbunit.dataset.OrderedTableNameMap - getTableName(tableName=products) - end - result=PRODUCTS
23:04:33.455 [main] DEBUG o.dbunit.dataset.OrderedTableNameMap - isLastTable(tableName=products) - start
23:04:33.455 [main] DEBUG o.dbunit.dataset.OrderedTableNameMap - getLastTableName() - start
23:04:33.455 [main] DEBUG o.dbunit.dataset.OrderedTableNameMap - getTableName(tableName=products) - start
23:04:33.455 [main] DEBUG o.dbunit.dataset.OrderedTableNameMap - getTableName(tableName=products) - end - result=PRODUCTS
23:04:33.455 [main] DEBUG o.dbunit.dataset.OrderedTableNameMap - getTableName(tableName=products) - start
23:04:33.457 [main] DEBUG o.dbunit.dataset.OrderedTableNameMap - getTableName(tableName=products) - end - result=PRODUCTS
23:04:33.457 [main] DEBUG o.dbunit.dataset.OrderedTableNameMap - getLastTableName() - start
23:04:33.457 [main] DEBUG o.dbunit.dataset.OrderedTableNameMap - getTableName(tableName=products) - start
23:04:33.457 [main] DEBUG o.dbunit.dataset.OrderedTableNameMap - getTableName(tableName=products) - end - result=PRODUCTS
23:04:33.457 [main] DEBUG o.d.dataset.AbstractTableMetaData - getColumnIndex(columnName=sku_number) - start
23:04:33.458 [main] DEBUG o.d.dataset.AbstractTableMetaData - getColumnIndex(columnName=name) - start
23:04:33.458 [main] DEBUG o.d.dataset.AbstractTableMetaData - getColumnIndex(columnName=amount) - start
23:04:33.458 [main] DEBUG o.dbunit.dataset.OrderedTableNameMap - getLastTableName() - start
23:04:33.458 [main] DEBUG o.dbunit.dataset.OrderedTableNameMap - getTableName(tableName=products) - start
23:04:33.458 [main] DEBUG o.dbunit.dataset.OrderedTableNameMap - getTableName(tableName=products) - end - result=PRODUCTS
23:04:33.460 [main] DEBUG org.dbunit.dataset.CachedDataSet - row(values=4) - start
23:04:33.460 [main] DEBUG org.dbunit.dataset.DefaultTable - addRow(values=4) - start
23:04:33.460 [main] DEBUG o.dbunit.dataset.xml.FlatXmlProducer - endElement(uri=, localName=, qName=products) - start
23:04:33.460 [main] DEBUG o.dbunit.dataset.xml.FlatXmlProducer - startElement(uri=, localName=, qName=orders, attributes=org.apache.xerces.parsers.AbstractSAXParser$AttributesProxy@1cf4a2c) - start
23:04:33.460 [main] DEBUG o.dbunit.dataset.OrderedTableNameMap - getLastTableName() - start
23:04:33.462 [main] DEBUG o.dbunit.dataset.OrderedTableNameMap - getTableName(tableName=products) - start
23:04:33.462 [main] DEBUG o.dbunit.dataset.OrderedTableNameMap - getTableName(tableName=products) - end - result=PRODUCTS
23:04:33.462 [main] DEBUG o.dbunit.dataset.OrderedTableNameMap - isLastTable(tableName=orders) - start
23:04:33.462 [main] DEBUG o.dbunit.dataset.OrderedTableNameMap - getLastTableName() - start
23:04:33.462 [main] DEBUG o.dbunit.dataset.OrderedTableNameMap - getTableName(tableName=products) - start
23:04:33.463 [main] DEBUG o.dbunit.dataset.OrderedTableNameMap - getTableName(tableName=products) - end - result=PRODUCTS
23:04:33.463 [main] DEBUG o.dbunit.dataset.OrderedTableNameMap - getTableName(tableName=orders) - start
23:04:33.463 [main] DEBUG o.dbunit.dataset.OrderedTableNameMap - getTableName(tableName=orders) - end - result=ORDERS
23:04:33.463 [main] DEBUG org.dbunit.dataset.CachedDataSet - endTable() - start
23:04:33.463 [main] DEBUG o.dbunit.dataset.OrderedTableNameMap - getTableName(tableName=products) - start
23:04:33.465 [main] DEBUG o.dbunit.dataset.OrderedTableNameMap - getTableName(tableName=products) - end - result=PRODUCTS
23:04:33.465 [main] DEBUG o.dbunit.dataset.OrderedTableNameMap - add(tableName=products, object=org.dbunit.dataset.DefaultTable[_metaData=tableName=products, columns=[(sku_number, UNKNOWN, nullableUnknown), (name, UNKNOWN, nullableUnknown), (amount, UNKNOWN, nullableUnknown)], keys=[], _rowList.size()=4]) - start
23:04:33.465 [main] DEBUG o.dbunit.dataset.OrderedTableNameMap - getTableName(tableName=products) - start
23:04:33.467 [main] DEBUG o.dbunit.dataset.OrderedTableNameMap - getTableName(tableName=products) - end - result=PRODUCTS
23:04:33.467 [main] DEBUG o.dbunit.dataset.OrderedTableNameMap - getTableName(tableName=PRODUCTS) - start
23:04:33.467 [main] DEBUG o.dbunit.dataset.OrderedTableNameMap - getTableName(tableName=PRODUCTS) - end - result=PRODUCTS
23:04:33.467 [main] DEBUG o.dbunit.dataset.OrderedTableNameMap - getTableName(tableName=orders) - start
23:04:33.467 [main] DEBUG o.dbunit.dataset.OrderedTableNameMap - getTableName(tableName=orders) - end - result=ORDERS
23:04:33.468 [main] DEBUG o.dbunit.dataset.xml.FlatXmlProducer - createTableMetaData(tableName=orders, attributes=org.apache.xerces.parsers.AbstractSAXParser$AttributesProxy@1cf4a2c) - start
23:04:33.468 [main] DEBUG org.dbunit.dataset.Columns - getColumns(columnNames=[], columns=[(order_number, UNKNOWN, nullableUnknown), (customer_id, UNKNOWN, nullableUnknown), (date, UNKNOWN, nullableUnknown), (amount, UNKNOWN, nullableUnknown), (order_status, UNKNOWN, nullableUnknown), (discount_status, UNKNOWN, nullableUnknown)]) - start
23:04:33.470 [main] DEBUG o.dbunit.dataset.OrderedTableNameMap - add(tableName=orders, object=tableName=orders, columns=[(order_number, UNKNOWN, nullableUnknown), (customer_id, UNKNOWN, nullableUnknown), (date, UNKNOWN, nullableUnknown), (amount, UNKNOWN, nullableUnknown), (order_status, UNKNOWN, nullableUnknown), (discount_status, UNKNOWN, nullableUnknown)], keys=[]) - start
23:04:33.470 [main] DEBUG o.dbunit.dataset.OrderedTableNameMap - getTableName(tableName=orders) - start
23:04:33.470 [main] DEBUG o.dbunit.dataset.OrderedTableNameMap - getTableName(tableName=orders) - end - result=ORDERS
23:04:33.471 [main] DEBUG o.dbunit.dataset.OrderedTableNameMap - getTableName(tableName=ORDERS) - start
23:04:33.471 [main] DEBUG o.dbunit.dataset.OrderedTableNameMap - getTableName(tableName=ORDERS) - end - result=ORDERS
23:04:33.471 [main] DEBUG org.dbunit.dataset.CachedDataSet - startTable(metaData=tableName=orders, columns=[(order_number, UNKNOWN, nullableUnknown), (customer_id, UNKNOWN, nullableUnknown), (date, UNKNOWN, nullableUnknown), (amount, UNKNOWN, nullableUnknown), (order_status, UNKNOWN, nullableUnknown), (discount_status, UNKNOWN, nullableUnknown)], keys=[]) - start
23:04:33.473 [main] DEBUG o.dbunit.dataset.OrderedTableNameMap - getLastTableName() - start
23:04:33.473 [main] DEBUG o.dbunit.dataset.OrderedTableNameMap - getTableName(tableName=orders) - start
23:04:33.473 [main] DEBUG o.dbunit.dataset.OrderedTableNameMap - getTableName(tableName=orders) - end - result=ORDERS
23:04:33.473 [main] DEBUG o.d.dataset.AbstractTableMetaData - getColumnIndex(columnName=order_number) - start
23:04:33.473 [main] DEBUG o.d.dataset.AbstractTableMetaData - getColumnIndex(columnName=customer_id) - start
23:04:33.474 [main] DEBUG o.d.dataset.AbstractTableMetaData - getColumnIndex(columnName=date) - start
23:04:33.474 [main] DEBUG o.d.dataset.AbstractTableMetaData - getColumnIndex(columnName=amount) - start
23:04:33.474 [main] DEBUG o.d.dataset.AbstractTableMetaData - getColumnIndex(columnName=order_status) - start
23:04:33.474 [main] DEBUG o.d.dataset.AbstractTableMetaData - getColumnIndex(columnName=discount_status) - start
23:04:33.474 [main] DEBUG o.dbunit.dataset.OrderedTableNameMap - getLastTableName() - start
23:04:33.476 [main] DEBUG o.dbunit.dataset.OrderedTableNameMap - getTableName(tableName=orders) - start
23:04:33.476 [main] DEBUG o.dbunit.dataset.OrderedTableNameMap - getTableName(tableName=orders) - end - result=ORDERS
23:04:33.476 [main] DEBUG org.dbunit.dataset.CachedDataSet - row(values=1) - start
23:04:33.476 [main] DEBUG org.dbunit.dataset.DefaultTable - addRow(values=1) - start
23:04:33.476 [main] DEBUG o.dbunit.dataset.xml.FlatXmlProducer - endElement(uri=, localName=, qName=orders) - start
23:04:33.476 [main] DEBUG o.dbunit.dataset.xml.FlatXmlProducer - startElement(uri=, localName=, qName=order_items, attributes=org.apache.xerces.parsers.AbstractSAXParser$AttributesProxy@1cf4a2c) - start
23:04:33.478 [main] DEBUG o.dbunit.dataset.OrderedTableNameMap - getLastTableName() - start
23:04:33.478 [main] DEBUG o.dbunit.dataset.OrderedTableNameMap - getTableName(tableName=orders) - start
23:04:33.478 [main] DEBUG o.dbunit.dataset.OrderedTableNameMap - getTableName(tableName=orders) - end - result=ORDERS
23:04:33.478 [main] DEBUG o.dbunit.dataset.OrderedTableNameMap - isLastTable(tableName=order_items) - start
23:04:33.478 [main] DEBUG o.dbunit.dataset.OrderedTableNameMap - getLastTableName() - start
23:04:33.480 [main] DEBUG o.dbunit.dataset.OrderedTableNameMap - getTableName(tableName=orders) - start
23:04:33.480 [main] DEBUG o.dbunit.dataset.OrderedTableNameMap - getTableName(tableName=orders) - end - result=ORDERS
23:04:33.480 [main] DEBUG o.dbunit.dataset.OrderedTableNameMap - getTableName(tableName=order_items) - start
23:04:33.480 [main] DEBUG o.dbunit.dataset.OrderedTableNameMap - getTableName(tableName=order_items) - end - result=ORDER_ITEMS
23:04:33.480 [main] DEBUG org.dbunit.dataset.CachedDataSet - endTable() - start
23:04:33.482 [main] DEBUG o.dbunit.dataset.OrderedTableNameMap - getTableName(tableName=orders) - start
23:04:33.482 [main] DEBUG o.dbunit.dataset.OrderedTableNameMap - getTableName(tableName=orders) - end - result=ORDERS
23:04:33.482 [main] DEBUG o.dbunit.dataset.OrderedTableNameMap - add(tableName=orders, object=org.dbunit.dataset.DefaultTable[_metaData=tableName=orders, columns=[(order_number, UNKNOWN, nullableUnknown), (customer_id, UNKNOWN, nullableUnknown), (date, UNKNOWN, nullableUnknown), (amount, UNKNOWN, nullableUnknown), (order_status, UNKNOWN, nullableUnknown), (discount_status, UNKNOWN, nullableUnknown)], keys=[], _rowList.size()=1]) - start
23:04:33.483 [main] DEBUG o.dbunit.dataset.OrderedTableNameMap - getTableName(tableName=orders) - start
23:04:33.484 [main] DEBUG o.dbunit.dataset.OrderedTableNameMap - getTableName(tableName=orders) - end - result=ORDERS
23:04:33.484 [main] DEBUG o.dbunit.dataset.OrderedTableNameMap - getTableName(tableName=ORDERS) - start
23:04:33.484 [main] DEBUG o.dbunit.dataset.OrderedTableNameMap - getTableName(tableName=ORDERS) - end - result=ORDERS
23:04:33.484 [main] DEBUG o.dbunit.dataset.OrderedTableNameMap - getTableName(tableName=order_items) - start
23:04:33.484 [main] DEBUG o.dbunit.dataset.OrderedTableNameMap - getTableName(tableName=order_items) - end - result=ORDER_ITEMS
23:04:33.484 [main] DEBUG o.dbunit.dataset.xml.FlatXmlProducer - createTableMetaData(tableName=order_items, attributes=org.apache.xerces.parsers.AbstractSAXParser$AttributesProxy@1cf4a2c) - start
23:04:33.484 [main] DEBUG org.dbunit.dataset.Columns - getColumns(columnNames=[], columns=[(id, UNKNOWN, nullableUnknown), (order_order_number, UNKNOWN, nullableUnknown), (product_sku_number, UNKNOWN, nullableUnknown), (quantity, UNKNOWN, nullableUnknown)]) - start
23:04:33.487 [main] DEBUG o.dbunit.dataset.OrderedTableNameMap - add(tableName=order_items, object=tableName=order_items, columns=[(id, UNKNOWN, nullableUnknown), (order_order_number, UNKNOWN, nullableUnknown), (product_sku_number, UNKNOWN, nullableUnknown), (quantity, UNKNOWN, nullableUnknown)], keys=[]) - start
23:04:33.487 [main] DEBUG o.dbunit.dataset.OrderedTableNameMap - getTableName(tableName=order_items) - start
23:04:33.487 [main] DEBUG o.dbunit.dataset.OrderedTableNameMap - getTableName(tableName=order_items) - end - result=ORDER_ITEMS
23:04:33.488 [main] DEBUG o.dbunit.dataset.OrderedTableNameMap - getTableName(tableName=ORDER_ITEMS) - start
23:04:33.488 [main] DEBUG o.dbunit.dataset.OrderedTableNameMap - getTableName(tableName=ORDER_ITEMS) - end - result=ORDER_ITEMS
23:04:33.488 [main] DEBUG org.dbunit.dataset.CachedDataSet - startTable(metaData=tableName=order_items, columns=[(id, UNKNOWN, nullableUnknown), (order_order_number, UNKNOWN, nullableUnknown), (product_sku_number, UNKNOWN, nullableUnknown), (quantity, UNKNOWN, nullableUnknown)], keys=[]) - start
23:04:33.490 [main] DEBUG o.dbunit.dataset.OrderedTableNameMap - getLastTableName() - start
23:04:33.490 [main] DEBUG o.dbunit.dataset.OrderedTableNameMap - getTableName(tableName=order_items) - start
23:04:33.490 [main] DEBUG o.dbunit.dataset.OrderedTableNameMap - getTableName(tableName=order_items) - end - result=ORDER_ITEMS
23:04:33.490 [main] DEBUG o.d.dataset.AbstractTableMetaData - getColumnIndex(columnName=id) - start
23:04:33.490 [main] DEBUG o.d.dataset.AbstractTableMetaData - getColumnIndex(columnName=order_order_number) - start
23:04:33.491 [main] DEBUG o.d.dataset.AbstractTableMetaData - getColumnIndex(columnName=product_sku_number) - start
23:04:33.491 [main] DEBUG o.d.dataset.AbstractTableMetaData - getColumnIndex(columnName=quantity) - start
23:04:33.491 [main] DEBUG o.dbunit.dataset.OrderedTableNameMap - getLastTableName() - start
23:04:33.491 [main] DEBUG o.dbunit.dataset.OrderedTableNameMap - getTableName(tableName=order_items) - start
23:04:33.491 [main] DEBUG o.dbunit.dataset.OrderedTableNameMap - getTableName(tableName=order_items) - end - result=ORDER_ITEMS
23:04:33.493 [main] DEBUG org.dbunit.dataset.CachedDataSet - row(values=1) - start
23:04:33.493 [main] DEBUG org.dbunit.dataset.DefaultTable - addRow(values=1) - start
23:04:33.493 [main] DEBUG o.dbunit.dataset.xml.FlatXmlProducer - endElement(uri=, localName=, qName=order_items) - start
23:04:33.493 [main] DEBUG o.dbunit.dataset.xml.FlatXmlProducer - startElement(uri=, localName=, qName=orders, attributes=org.apache.xerces.parsers.AbstractSAXParser$AttributesProxy@1cf4a2c) - start
23:04:33.493 [main] DEBUG o.dbunit.dataset.OrderedTableNameMap - getLastTableName() - start
23:04:33.495 [main] DEBUG o.dbunit.dataset.OrderedTableNameMap - getTableName(tableName=order_items) - start
23:04:33.495 [main] DEBUG o.dbunit.dataset.OrderedTableNameMap - getTableName(tableName=order_items) - end - result=ORDER_ITEMS
23:04:33.495 [main] DEBUG o.dbunit.dataset.OrderedTableNameMap - isLastTable(tableName=orders) - start
23:04:33.495 [main] DEBUG o.dbunit.dataset.OrderedTableNameMap - getLastTableName() - start
23:04:33.495 [main] DEBUG o.dbunit.dataset.OrderedTableNameMap - getTableName(tableName=order_items) - start
23:04:33.497 [main] DEBUG o.dbunit.dataset.OrderedTableNameMap - getTableName(tableName=order_items) - end - result=ORDER_ITEMS
23:04:33.497 [main] DEBUG o.dbunit.dataset.OrderedTableNameMap - getTableName(tableName=orders) - start
23:04:33.497 [main] DEBUG o.dbunit.dataset.OrderedTableNameMap - getTableName(tableName=orders) - end - result=ORDERS
23:04:33.497 [main] DEBUG org.dbunit.dataset.CachedDataSet - endTable() - start
23:04:33.497 [main] DEBUG o.dbunit.dataset.OrderedTableNameMap - getTableName(tableName=order_items) - start
23:04:33.498 [main] DEBUG o.dbunit.dataset.OrderedTableNameMap - getTableName(tableName=order_items) - end - result=ORDER_ITEMS
23:04:33.498 [main] DEBUG o.dbunit.dataset.OrderedTableNameMap - add(tableName=order_items, object=org.dbunit.dataset.DefaultTable[_metaData=tableName=order_items, columns=[(id, UNKNOWN, nullableUnknown), (order_order_number, UNKNOWN, nullableUnknown), (product_sku_number, UNKNOWN, nullableUnknown), (quantity, UNKNOWN, nullableUnknown)], keys=[], _rowList.size()=1]) - start
23:04:33.498 [main] DEBUG o.dbunit.dataset.OrderedTableNameMap - getTableName(tableName=order_items) - start
23:04:33.500 [main] DEBUG o.dbunit.dataset.OrderedTableNameMap - getTableName(tableName=order_items) - end - result=ORDER_ITEMS
23:04:33.500 [main] DEBUG o.dbunit.dataset.OrderedTableNameMap - getTableName(tableName=ORDER_ITEMS) - start
23:04:33.500 [main] DEBUG o.dbunit.dataset.OrderedTableNameMap - getTableName(tableName=ORDER_ITEMS) - end - result=ORDER_ITEMS
23:04:33.500 [main] DEBUG o.dbunit.dataset.OrderedTableNameMap - getTableName(tableName=orders) - start
23:04:33.500 [main] DEBUG o.dbunit.dataset.OrderedTableNameMap - getTableName(tableName=orders) - end - result=ORDERS
23:04:33.502 [main] DEBUG o.dbunit.dataset.OrderedTableNameMap - getTableName(tableName=orders) - start
23:04:33.502 [main] DEBUG o.dbunit.dataset.OrderedTableNameMap - getTableName(tableName=orders) - end - result=ORDERS
23:04:33.502 [main] DEBUG o.dbunit.dataset.OrderedTableNameMap - setLastTable(nameorders) - start
23:04:33.502 [main] DEBUG o.dbunit.dataset.OrderedTableNameMap - getTableName(tableName=orders) - start
23:04:33.502 [main] DEBUG o.dbunit.dataset.OrderedTableNameMap - getTableName(tableName=orders) - end - result=ORDERS
23:04:33.503 [main] DEBUG org.dbunit.dataset.CachedDataSet - startTable(metaData=tableName=orders, columns=[(order_number, UNKNOWN, nullableUnknown), (customer_id, UNKNOWN, nullableUnknown), (date, UNKNOWN, nullableUnknown), (amount, UNKNOWN, nullableUnknown), (order_status, UNKNOWN, nullableUnknown), (discount_status, UNKNOWN, nullableUnknown)], keys=[]) - start
23:04:33.503 [main] DEBUG o.dbunit.dataset.OrderedTableNameMap - getLastTableName() - start
23:04:33.503 [main] DEBUG o.dbunit.dataset.OrderedTableNameMap - getTableName(tableName=orders) - start
23:04:33.505 [main] DEBUG o.dbunit.dataset.OrderedTableNameMap - getTableName(tableName=orders) - end - result=ORDERS
23:04:33.505 [main] DEBUG o.d.dataset.AbstractTableMetaData - getColumnIndex(columnName=order_number) - start
23:04:33.505 [main] DEBUG o.d.dataset.AbstractTableMetaData - getColumnIndex(columnName=customer_id) - start
23:04:33.505 [main] DEBUG o.d.dataset.AbstractTableMetaData - getColumnIndex(columnName=date) - start
23:04:33.505 [main] DEBUG o.d.dataset.AbstractTableMetaData - getColumnIndex(columnName=amount) - start
23:04:33.506 [main] DEBUG o.d.dataset.AbstractTableMetaData - getColumnIndex(columnName=order_status) - start
23:04:33.506 [main] DEBUG o.d.dataset.AbstractTableMetaData - getColumnIndex(columnName=discount_status) - start
23:04:33.507 [main] DEBUG o.dbunit.dataset.OrderedTableNameMap - getLastTableName() - start
23:04:33.507 [main] DEBUG o.dbunit.dataset.OrderedTableNameMap - getTableName(tableName=orders) - start
23:04:33.507 [main] DEBUG o.dbunit.dataset.OrderedTableNameMap - getTableName(tableName=orders) - end - result=ORDERS
23:04:33.508 [main] DEBUG org.dbunit.dataset.CachedDataSet - row(values=2) - start
23:04:33.508 [main] DEBUG org.dbunit.dataset.DefaultTable - addRow(values=2) - start
23:04:33.508 [main] DEBUG o.dbunit.dataset.xml.FlatXmlProducer - endElement(uri=, localName=, qName=orders) - start
23:04:33.510 [main] DEBUG o.dbunit.dataset.xml.FlatXmlProducer - startElement(uri=, localName=, qName=order_items, attributes=org.apache.xerces.parsers.AbstractSAXParser$AttributesProxy@1cf4a2c) - start
23:04:33.510 [main] DEBUG o.dbunit.dataset.OrderedTableNameMap - getLastTableName() - start
23:04:33.510 [main] DEBUG o.dbunit.dataset.OrderedTableNameMap - getTableName(tableName=orders) - start
23:04:33.510 [main] DEBUG o.dbunit.dataset.OrderedTableNameMap - getTableName(tableName=orders) - end - result=ORDERS
23:04:33.511 [main] DEBUG o.dbunit.dataset.OrderedTableNameMap - isLastTable(tableName=order_items) - start
23:04:33.511 [main] DEBUG o.dbunit.dataset.OrderedTableNameMap - getLastTableName() - start
23:04:33.511 [main] DEBUG o.dbunit.dataset.OrderedTableNameMap - getTableName(tableName=orders) - start
23:04:33.511 [main] DEBUG o.dbunit.dataset.OrderedTableNameMap - getTableName(tableName=orders) - end - result=ORDERS
23:04:33.511 [main] DEBUG o.dbunit.dataset.OrderedTableNameMap - getTableName(tableName=order_items) - start
23:04:33.512 [main] DEBUG o.dbunit.dataset.OrderedTableNameMap - getTableName(tableName=order_items) - end - result=ORDER_ITEMS
23:04:33.512 [main] DEBUG org.dbunit.dataset.CachedDataSet - endTable() - start
23:04:33.512 [main] DEBUG o.dbunit.dataset.OrderedTableNameMap - getTableName(tableName=orders) - start
23:04:33.512 [main] DEBUG o.dbunit.dataset.OrderedTableNameMap - getTableName(tableName=orders) - end - result=ORDERS
23:04:33.512 [main] DEBUG o.dbunit.dataset.OrderedTableNameMap - getTableName(tableName=orders) - start
23:04:33.514 [main] DEBUG o.dbunit.dataset.OrderedTableNameMap - getTableName(tableName=orders) - end - result=ORDERS
23:04:33.514 [main] DEBUG org.dbunit.dataset.DefaultTable - addTableRows(table=org.dbunit.dataset.DefaultTable[_metaData=tableName=orders, columns=[(order_number, UNKNOWN, nullableUnknown), (customer_id, UNKNOWN, nullableUnknown), (date, UNKNOWN, nullableUnknown), (amount, UNKNOWN, nullableUnknown), (order_status, UNKNOWN, nullableUnknown), (discount_status, UNKNOWN, nullableUnknown)], keys=[], _rowList.size()=1]) - start
23:04:33.516 [main] DEBUG org.dbunit.dataset.DefaultTable - getValue(row=0, column=order_number) - start
23:04:33.516 [main] DEBUG org.dbunit.dataset.AbstractTable - assertValidRowIndex(row=0) - start
23:04:33.516 [main] DEBUG org.dbunit.dataset.AbstractTable - assertValidRowIndex(row=0, rowCount=1) - start
23:04:33.516 [main] DEBUG org.dbunit.dataset.AbstractTable - getColumnIndex(columnName=order_number) - start
23:04:33.516 [main] DEBUG o.d.dataset.AbstractTableMetaData - getColumnIndex(columnName=order_number) - start
23:04:33.517 [main] DEBUG org.dbunit.dataset.DefaultTable - getValue(row=0, column=customer_id) - start
23:04:33.517 [main] DEBUG org.dbunit.dataset.AbstractTable - assertValidRowIndex(row=0) - start
23:04:33.517 [main] DEBUG org.dbunit.dataset.AbstractTable - assertValidRowIndex(row=0, rowCount=1) - start
23:04:33.517 [main] DEBUG org.dbunit.dataset.AbstractTable - getColumnIndex(columnName=customer_id) - start
23:04:33.517 [main] DEBUG o.d.dataset.AbstractTableMetaData - getColumnIndex(columnName=customer_id) - start
23:04:33.519 [main] DEBUG org.dbunit.dataset.DefaultTable - getValue(row=0, column=date) - start
23:04:33.519 [main] DEBUG org.dbunit.dataset.AbstractTable - assertValidRowIndex(row=0) - start
23:04:33.519 [main] DEBUG org.dbunit.dataset.AbstractTable - assertValidRowIndex(row=0, rowCount=1) - start
23:04:33.519 [main] DEBUG org.dbunit.dataset.AbstractTable - getColumnIndex(columnName=date) - start
23:04:33.519 [main] DEBUG o.d.dataset.AbstractTableMetaData - getColumnIndex(columnName=date) - start
23:04:33.519 [main] DEBUG org.dbunit.dataset.DefaultTable - getValue(row=0, column=amount) - start
23:04:33.520 [main] DEBUG org.dbunit.dataset.AbstractTable - assertValidRowIndex(row=0) - start
23:04:33.520 [main] DEBUG org.dbunit.dataset.AbstractTable - assertValidRowIndex(row=0, rowCount=1) - start
23:04:33.520 [main] DEBUG org.dbunit.dataset.AbstractTable - getColumnIndex(columnName=amount) - start
23:04:33.520 [main] DEBUG o.d.dataset.AbstractTableMetaData - getColumnIndex(columnName=amount) - start
23:04:33.520 [main] DEBUG org.dbunit.dataset.DefaultTable - getValue(row=0, column=order_status) - start
23:04:33.523 [main] DEBUG org.dbunit.dataset.AbstractTable - assertValidRowIndex(row=0) - start
23:04:33.523 [main] DEBUG org.dbunit.dataset.AbstractTable - assertValidRowIndex(row=0, rowCount=1) - start
23:04:33.523 [main] DEBUG org.dbunit.dataset.AbstractTable - getColumnIndex(columnName=order_status) - start
23:04:33.523 [main] DEBUG o.d.dataset.AbstractTableMetaData - getColumnIndex(columnName=order_status) - start
23:04:33.523 [main] DEBUG org.dbunit.dataset.DefaultTable - getValue(row=0, column=discount_status) - start
23:04:33.524 [main] DEBUG org.dbunit.dataset.AbstractTable - assertValidRowIndex(row=0) - start
23:04:33.524 [main] DEBUG org.dbunit.dataset.AbstractTable - assertValidRowIndex(row=0, rowCount=1) - start
23:04:33.524 [main] DEBUG org.dbunit.dataset.AbstractTable - getColumnIndex(columnName=discount_status) - start
23:04:33.524 [main] DEBUG o.d.dataset.AbstractTableMetaData - getColumnIndex(columnName=discount_status) - start
23:04:33.524 [main] DEBUG org.dbunit.dataset.DefaultTable - getValue(row=1, column=order_number) - start
23:04:33.525 [main] DEBUG org.dbunit.dataset.AbstractTable - assertValidRowIndex(row=1) - start
23:04:33.525 [main] DEBUG org.dbunit.dataset.AbstractTable - assertValidRowIndex(row=1, rowCount=1) - start
23:04:33.525 [main] DEBUG o.dbunit.dataset.OrderedTableNameMap - getTableName(tableName=order_items) - start
23:04:33.525 [main] DEBUG o.dbunit.dataset.OrderedTableNameMap - getTableName(tableName=order_items) - end - result=ORDER_ITEMS
23:04:33.525 [main] DEBUG o.dbunit.dataset.OrderedTableNameMap - getTableName(tableName=order_items) - start
23:04:33.527 [main] DEBUG o.dbunit.dataset.OrderedTableNameMap - getTableName(tableName=order_items) - end - result=ORDER_ITEMS
23:04:33.527 [main] DEBUG o.dbunit.dataset.OrderedTableNameMap - setLastTable(nameorder_items) - start
23:04:33.527 [main] DEBUG o.dbunit.dataset.OrderedTableNameMap - getTableName(tableName=order_items) - start
23:04:33.527 [main] DEBUG o.dbunit.dataset.OrderedTableNameMap - getTableName(tableName=order_items) - end - result=ORDER_ITEMS
23:04:33.527 [main] DEBUG org.dbunit.dataset.CachedDataSet - startTable(metaData=tableName=order_items, columns=[(id, UNKNOWN, nullableUnknown), (order_order_number, UNKNOWN, nullableUnknown), (product_sku_number, UNKNOWN, nullableUnknown), (quantity, UNKNOWN, nullableUnknown)], keys=[]) - start
23:04:33.529 [main] DEBUG o.dbunit.dataset.OrderedTableNameMap - getLastTableName() - start
23:04:33.529 [main] DEBUG o.dbunit.dataset.OrderedTableNameMap - getTableName(tableName=order_items) - start
23:04:33.529 [main] DEBUG o.dbunit.dataset.OrderedTableNameMap - getTableName(tableName=order_items) - end - result=ORDER_ITEMS
23:04:33.529 [main] DEBUG o.d.dataset.AbstractTableMetaData - getColumnIndex(columnName=id) - start
23:04:33.529 [main] DEBUG o.d.dataset.AbstractTableMetaData - getColumnIndex(columnName=order_order_number) - start
23:04:33.531 [main] DEBUG o.d.dataset.AbstractTableMetaData - getColumnIndex(columnName=product_sku_number) - start
23:04:33.531 [main] DEBUG o.d.dataset.AbstractTableMetaData - getColumnIndex(columnName=quantity) - start
23:04:33.531 [main] DEBUG o.dbunit.dataset.OrderedTableNameMap - getLastTableName() - start
23:04:33.531 [main] DEBUG o.dbunit.dataset.OrderedTableNameMap - getTableName(tableName=order_items) - start
23:04:33.531 [main] DEBUG o.dbunit.dataset.OrderedTableNameMap - getTableName(tableName=order_items) - end - result=ORDER_ITEMS
23:04:33.533 [main] DEBUG org.dbunit.dataset.CachedDataSet - row(values=2) - start
23:04:33.533 [main] DEBUG org.dbunit.dataset.DefaultTable - addRow(values=2) - start
23:04:33.533 [main] DEBUG o.dbunit.dataset.xml.FlatXmlProducer - endElement(uri=, localName=, qName=order_items) - start
23:04:33.533 [main] DEBUG o.dbunit.dataset.xml.FlatXmlProducer - startElement(uri=, localName=, qName=order_items, attributes=org.apache.xerces.parsers.AbstractSAXParser$AttributesProxy@1cf4a2c) - start
23:04:33.533 [main] DEBUG o.dbunit.dataset.OrderedTableNameMap - getLastTableName() - start
23:04:33.534 [main] DEBUG o.dbunit.dataset.OrderedTableNameMap - getTableName(tableName=order_items) - start
23:04:33.534 [main] DEBUG o.dbunit.dataset.OrderedTableNameMap - getTableName(tableName=order_items) - end - result=ORDER_ITEMS
23:04:33.534 [main] DEBUG o.dbunit.dataset.OrderedTableNameMap - isLastTable(tableName=order_items) - start
23:04:33.534 [main] DEBUG o.dbunit.dataset.OrderedTableNameMap - getLastTableName() - start
23:04:33.534 [main] DEBUG o.dbunit.dataset.OrderedTableNameMap - getTableName(tableName=order_items) - start
23:04:33.536 [main] DEBUG o.dbunit.dataset.OrderedTableNameMap - getTableName(tableName=order_items) - end - result=ORDER_ITEMS
23:04:33.536 [main] DEBUG o.dbunit.dataset.OrderedTableNameMap - getTableName(tableName=order_items) - start
23:04:33.536 [main] DEBUG o.dbunit.dataset.OrderedTableNameMap - getTableName(tableName=order_items) - end - result=ORDER_ITEMS
23:04:33.536 [main] DEBUG o.dbunit.dataset.OrderedTableNameMap - getLastTableName() - start
23:04:33.536 [main] DEBUG o.dbunit.dataset.OrderedTableNameMap - getTableName(tableName=order_items) - start
23:04:33.539 [main] DEBUG o.dbunit.dataset.OrderedTableNameMap - getTableName(tableName=order_items) - end - result=ORDER_ITEMS
23:04:33.539 [main] DEBUG o.d.dataset.AbstractTableMetaData - getColumnIndex(columnName=id) - start
23:04:33.539 [main] DEBUG o.d.dataset.AbstractTableMetaData - getColumnIndex(columnName=order_order_number) - start
23:04:33.539 [main] DEBUG o.d.dataset.AbstractTableMetaData - getColumnIndex(columnName=product_sku_number) - start
23:04:33.539 [main] DEBUG o.d.dataset.AbstractTableMetaData - getColumnIndex(columnName=quantity) - start
23:04:33.540 [main] DEBUG o.dbunit.dataset.OrderedTableNameMap - getLastTableName() - start
23:04:33.540 [main] DEBUG o.dbunit.dataset.OrderedTableNameMap - getTableName(tableName=order_items) - start
23:04:33.540 [main] DEBUG o.dbunit.dataset.OrderedTableNameMap - getTableName(tableName=order_items) - end - result=ORDER_ITEMS
23:04:33.540 [main] DEBUG org.dbunit.dataset.CachedDataSet - row(values=3) - start
23:04:33.540 [main] DEBUG org.dbunit.dataset.DefaultTable - addRow(values=3) - start
23:04:33.540 [main] DEBUG o.dbunit.dataset.xml.FlatXmlProducer - endElement(uri=, localName=, qName=order_items) - start
23:04:33.543 [main] DEBUG o.dbunit.dataset.xml.FlatXmlProducer - startElement(uri=, localName=, qName=orders, attributes=org.apache.xerces.parsers.AbstractSAXParser$AttributesProxy@1cf4a2c) - start
23:04:33.543 [main] DEBUG o.dbunit.dataset.OrderedTableNameMap - getLastTableName() - start
23:04:33.543 [main] DEBUG o.dbunit.dataset.OrderedTableNameMap - getTableName(tableName=order_items) - start
23:04:33.543 [main] DEBUG o.dbunit.dataset.OrderedTableNameMap - getTableName(tableName=order_items) - end - result=ORDER_ITEMS
23:04:33.544 [main] DEBUG o.dbunit.dataset.OrderedTableNameMap - isLastTable(tableName=orders) - start
23:04:33.544 [main] DEBUG o.dbunit.dataset.OrderedTableNameMap - getLastTableName() - start
23:04:33.544 [main] DEBUG o.dbunit.dataset.OrderedTableNameMap - getTableName(tableName=order_items) - start
23:04:33.544 [main] DEBUG o.dbunit.dataset.OrderedTableNameMap - getTableName(tableName=order_items) - end - result=ORDER_ITEMS
23:04:33.544 [main] DEBUG o.dbunit.dataset.OrderedTableNameMap - getTableName(tableName=orders) - start
23:04:33.546 [main] DEBUG o.dbunit.dataset.OrderedTableNameMap - getTableName(tableName=orders) - end - result=ORDERS
23:04:33.546 [main] DEBUG org.dbunit.dataset.CachedDataSet - endTable() - start
23:04:33.546 [main] DEBUG o.dbunit.dataset.OrderedTableNameMap - getTableName(tableName=order_items) - start
23:04:33.546 [main] DEBUG o.dbunit.dataset.OrderedTableNameMap - getTableName(tableName=order_items) - end - result=ORDER_ITEMS
23:04:33.546 [main] DEBUG o.dbunit.dataset.OrderedTableNameMap - getTableName(tableName=order_items) - start
23:04:33.548 [main] DEBUG o.dbunit.dataset.OrderedTableNameMap - getTableName(tableName=order_items) - end - result=ORDER_ITEMS
23:04:33.548 [main] DEBUG org.dbunit.dataset.DefaultTable - addTableRows(table=org.dbunit.dataset.DefaultTable[_metaData=tableName=order_items, columns=[(id, UNKNOWN, nullableUnknown), (order_order_number, UNKNOWN, nullableUnknown), (product_sku_number, UNKNOWN, nullableUnknown), (quantity, UNKNOWN, nullableUnknown)], keys=[], _rowList.size()=2]) - start
23:04:33.548 [main] DEBUG org.dbunit.dataset.DefaultTable - getValue(row=0, column=id) - start
23:04:33.549 [main] DEBUG org.dbunit.dataset.AbstractTable - assertValidRowIndex(row=0) - start
23:04:33.549 [main] DEBUG org.dbunit.dataset.AbstractTable - assertValidRowIndex(row=0, rowCount=2) - start
23:04:33.549 [main] DEBUG org.dbunit.dataset.AbstractTable - getColumnIndex(columnName=id) - start
23:04:33.549 [main] DEBUG o.d.dataset.AbstractTableMetaData - getColumnIndex(columnName=id) - start
23:04:33.549 [main] DEBUG org.dbunit.dataset.DefaultTable - getValue(row=0, column=order_order_number) - start
23:04:33.551 [main] DEBUG org.dbunit.dataset.AbstractTable - assertValidRowIndex(row=0) - start
23:04:33.551 [main] DEBUG org.dbunit.dataset.AbstractTable - assertValidRowIndex(row=0, rowCount=2) - start
23:04:33.551 [main] DEBUG org.dbunit.dataset.AbstractTable - getColumnIndex(columnName=order_order_number) - start
23:04:33.551 [main] DEBUG o.d.dataset.AbstractTableMetaData - getColumnIndex(columnName=order_order_number) - start
23:04:33.551 [main] DEBUG org.dbunit.dataset.DefaultTable - getValue(row=0, column=product_sku_number) - start
23:04:33.552 [main] DEBUG org.dbunit.dataset.AbstractTable - assertValidRowIndex(row=0) - start
23:04:33.552 [main] DEBUG org.dbunit.dataset.AbstractTable - assertValidRowIndex(row=0, rowCount=2) - start
23:04:33.552 [main] DEBUG org.dbunit.dataset.AbstractTable - getColumnIndex(columnName=product_sku_number) - start
23:04:33.552 [main] DEBUG o.d.dataset.AbstractTableMetaData - getColumnIndex(columnName=product_sku_number) - start
23:04:33.552 [main] DEBUG org.dbunit.dataset.DefaultTable - getValue(row=0, column=quantity) - start
23:04:33.554 [main] DEBUG org.dbunit.dataset.AbstractTable - assertValidRowIndex(row=0) - start
23:04:33.554 [main] DEBUG org.dbunit.dataset.AbstractTable - assertValidRowIndex(row=0, rowCount=2) - start
23:04:33.554 [main] DEBUG org.dbunit.dataset.AbstractTable - getColumnIndex(columnName=quantity) - start
23:04:33.554 [main] DEBUG o.d.dataset.AbstractTableMetaData - getColumnIndex(columnName=quantity) - start
23:04:33.554 [main] DEBUG org.dbunit.dataset.DefaultTable - getValue(row=1, column=id) - start
23:04:33.556 [main] DEBUG org.dbunit.dataset.AbstractTable - assertValidRowIndex(row=1) - start
23:04:33.556 [main] DEBUG org.dbunit.dataset.AbstractTable - assertValidRowIndex(row=1, rowCount=2) - start
23:04:33.556 [main] DEBUG org.dbunit.dataset.AbstractTable - getColumnIndex(columnName=id) - start
23:04:33.556 [main] DEBUG o.d.dataset.AbstractTableMetaData - getColumnIndex(columnName=id) - start
23:04:33.556 [main] DEBUG org.dbunit.dataset.DefaultTable - getValue(row=1, column=order_order_number) - start
23:04:33.557 [main] DEBUG org.dbunit.dataset.AbstractTable - assertValidRowIndex(row=1) - start
23:04:33.557 [main] DEBUG org.dbunit.dataset.AbstractTable - assertValidRowIndex(row=1, rowCount=2) - start
23:04:33.557 [main] DEBUG org.dbunit.dataset.AbstractTable - getColumnIndex(columnName=order_order_number) - start
23:04:33.557 [main] DEBUG o.d.dataset.AbstractTableMetaData - getColumnIndex(columnName=order_order_number) - start
23:04:33.557 [main] DEBUG org.dbunit.dataset.DefaultTable - getValue(row=1, column=product_sku_number) - start
23:04:33.559 [main] DEBUG org.dbunit.dataset.AbstractTable - assertValidRowIndex(row=1) - start
23:04:33.559 [main] DEBUG org.dbunit.dataset.AbstractTable - assertValidRowIndex(row=1, rowCount=2) - start
23:04:33.559 [main] DEBUG org.dbunit.dataset.AbstractTable - getColumnIndex(columnName=product_sku_number) - start
23:04:33.559 [main] DEBUG o.d.dataset.AbstractTableMetaData - getColumnIndex(columnName=product_sku_number) - start
23:04:33.559 [main] DEBUG org.dbunit.dataset.DefaultTable - getValue(row=1, column=quantity) - start
23:04:33.560 [main] DEBUG org.dbunit.dataset.AbstractTable - assertValidRowIndex(row=1) - start
23:04:33.561 [main] DEBUG org.dbunit.dataset.AbstractTable - assertValidRowIndex(row=1, rowCount=2) - start
23:04:33.561 [main] DEBUG org.dbunit.dataset.AbstractTable - getColumnIndex(columnName=quantity) - start
23:04:33.561 [main] DEBUG o.d.dataset.AbstractTableMetaData - getColumnIndex(columnName=quantity) - start
23:04:33.561 [main] DEBUG org.dbunit.dataset.DefaultTable - getValue(row=2, column=id) - start
23:04:33.562 [main] DEBUG org.dbunit.dataset.AbstractTable - assertValidRowIndex(row=2) - start
23:04:33.562 [main] DEBUG org.dbunit.dataset.AbstractTable - assertValidRowIndex(row=2, rowCount=2) - start
23:04:33.562 [main] DEBUG o.dbunit.dataset.OrderedTableNameMap - getTableName(tableName=orders) - start
23:04:33.562 [main] DEBUG o.dbunit.dataset.OrderedTableNameMap - getTableName(tableName=orders) - end - result=ORDERS
23:04:33.562 [main] DEBUG o.dbunit.dataset.OrderedTableNameMap - getTableName(tableName=orders) - start
23:04:33.564 [main] DEBUG o.dbunit.dataset.OrderedTableNameMap - getTableName(tableName=orders) - end - result=ORDERS
23:04:33.564 [main] DEBUG o.dbunit.dataset.OrderedTableNameMap - setLastTable(nameorders) - start
23:04:33.564 [main] DEBUG o.dbunit.dataset.OrderedTableNameMap - getTableName(tableName=orders) - start
23:04:33.564 [main] DEBUG o.dbunit.dataset.OrderedTableNameMap - getTableName(tableName=orders) - end - result=ORDERS
23:04:33.564 [main] DEBUG org.dbunit.dataset.CachedDataSet - startTable(metaData=tableName=orders, columns=[(order_number, UNKNOWN, nullableUnknown), (customer_id, UNKNOWN, nullableUnknown), (date, UNKNOWN, nullableUnknown), (amount, UNKNOWN, nullableUnknown), (order_status, UNKNOWN, nullableUnknown), (discount_status, UNKNOWN, nullableUnknown)], keys=[]) - start
23:04:33.565 [main] DEBUG o.dbunit.dataset.OrderedTableNameMap - getLastTableName() - start
23:04:33.565 [main] DEBUG o.dbunit.dataset.OrderedTableNameMap - getTableName(tableName=orders) - start
23:04:33.565 [main] DEBUG o.dbunit.dataset.OrderedTableNameMap - getTableName(tableName=orders) - end - result=ORDERS
23:04:33.565 [main] DEBUG o.d.dataset.AbstractTableMetaData - getColumnIndex(columnName=order_number) - start
23:04:33.565 [main] DEBUG o.d.dataset.AbstractTableMetaData - getColumnIndex(columnName=customer_id) - start
23:04:33.567 [main] DEBUG o.d.dataset.AbstractTableMetaData - getColumnIndex(columnName=date) - start
23:04:33.567 [main] DEBUG o.d.dataset.AbstractTableMetaData - getColumnIndex(columnName=amount) - start
23:04:33.567 [main] DEBUG o.d.dataset.AbstractTableMetaData - getColumnIndex(columnName=order_status) - start
23:04:33.567 [main] DEBUG o.d.dataset.AbstractTableMetaData - getColumnIndex(columnName=discount_status) - start
23:04:33.567 [main] DEBUG o.dbunit.dataset.OrderedTableNameMap - getLastTableName() - start
23:04:33.569 [main] DEBUG o.dbunit.dataset.OrderedTableNameMap - getTableName(tableName=orders) - start
23:04:33.569 [main] DEBUG o.dbunit.dataset.OrderedTableNameMap - getTableName(tableName=orders) - end - result=ORDERS
23:04:33.569 [main] DEBUG org.dbunit.dataset.CachedDataSet - row(values=3) - start
23:04:33.569 [main] DEBUG org.dbunit.dataset.DefaultTable - addRow(values=3) - start
23:04:33.569 [main] DEBUG o.dbunit.dataset.xml.FlatXmlProducer - endElement(uri=, localName=, qName=orders) - start
23:04:33.569 [main] DEBUG o.dbunit.dataset.xml.FlatXmlProducer - startElement(uri=, localName=, qName=order_items, attributes=org.apache.xerces.parsers.AbstractSAXParser$AttributesProxy@1cf4a2c) - start
23:04:33.571 [main] DEBUG o.dbunit.dataset.OrderedTableNameMap - getLastTableName() - start
23:04:33.571 [main] DEBUG o.dbunit.dataset.OrderedTableNameMap - getTableName(tableName=orders) - start
23:04:33.571 [main] DEBUG o.dbunit.dataset.OrderedTableNameMap - getTableName(tableName=orders) - end - result=ORDERS
23:04:33.571 [main] DEBUG o.dbunit.dataset.OrderedTableNameMap - isLastTable(tableName=order_items) - start
23:04:33.571 [main] DEBUG o.dbunit.dataset.OrderedTableNameMap - getLastTableName() - start
23:04:33.573 [main] DEBUG o.dbunit.dataset.OrderedTableNameMap - getTableName(tableName=orders) - start
23:04:33.573 [main] DEBUG o.dbunit.dataset.OrderedTableNameMap - getTableName(tableName=orders) - end - result=ORDERS
23:04:33.573 [main] DEBUG o.dbunit.dataset.OrderedTableNameMap - getTableName(tableName=order_items) - start
23:04:33.573 [main] DEBUG o.dbunit.dataset.OrderedTableNameMap - getTableName(tableName=order_items) - end - result=ORDER_ITEMS
23:04:33.573 [main] DEBUG org.dbunit.dataset.CachedDataSet - endTable() - start
23:04:33.575 [main] DEBUG o.dbunit.dataset.OrderedTableNameMap - getTableName(tableName=orders) - start
23:04:33.576 [main] DEBUG o.dbunit.dataset.OrderedTableNameMap - getTableName(tableName=orders) - end - result=ORDERS
23:04:33.576 [main] DEBUG o.dbunit.dataset.OrderedTableNameMap - getTableName(tableName=orders) - start
23:04:33.576 [main] DEBUG o.dbunit.dataset.OrderedTableNameMap - getTableName(tableName=orders) - end - result=ORDERS
23:04:33.576 [main] DEBUG org.dbunit.dataset.DefaultTable - addTableRows(table=org.dbunit.dataset.DefaultTable[_metaData=tableName=orders, columns=[(order_number, UNKNOWN, nullableUnknown), (customer_id, UNKNOWN, nullableUnknown), (date, UNKNOWN, nullableUnknown), (amount, UNKNOWN, nullableUnknown), (order_status, UNKNOWN, nullableUnknown), (discount_status, UNKNOWN, nullableUnknown)], keys=[], _rowList.size()=1]) - start
23:04:33.577 [main] DEBUG org.dbunit.dataset.DefaultTable - getValue(row=0, column=order_number) - start
23:04:33.578 [main] DEBUG org.dbunit.dataset.AbstractTable - assertValidRowIndex(row=0) - start
23:04:33.578 [main] DEBUG org.dbunit.dataset.AbstractTable - assertValidRowIndex(row=0, rowCount=1) - start
23:04:33.580 [main] DEBUG org.dbunit.dataset.AbstractTable - getColumnIndex(columnName=order_number) - start
23:04:33.580 [main] DEBUG o.d.dataset.AbstractTableMetaData - getColumnIndex(columnName=order_number) - start
23:04:33.580 [main] DEBUG org.dbunit.dataset.DefaultTable - getValue(row=0, column=customer_id) - start
23:04:33.580 [main] DEBUG org.dbunit.dataset.AbstractTable - assertValidRowIndex(row=0) - start
23:04:33.680 [main] DEBUG org.dbunit.dataset.AbstractTable - assertValidRowIndex(row=0, rowCount=1) - start
23:04:33.680 [main] DEBUG org.dbunit.dataset.AbstractTable - getColumnIndex(columnName=customer_id) - start
23:04:33.680 [main] DEBUG o.d.dataset.AbstractTableMetaData - getColumnIndex(columnName=customer_id) - start
23:04:33.680 [main] DEBUG org.dbunit.dataset.DefaultTable - getValue(row=0, column=date) - start
23:04:33.680 [main] DEBUG org.dbunit.dataset.AbstractTable - assertValidRowIndex(row=0) - start
23:04:33.681 [main] DEBUG org.dbunit.dataset.AbstractTable - assertValidRowIndex(row=0, rowCount=1) - start
23:04:33.681 [main] DEBUG org.dbunit.dataset.AbstractTable - getColumnIndex(columnName=date) - start
23:04:33.681 [main] DEBUG o.d.dataset.AbstractTableMetaData - getColumnIndex(columnName=date) - start
23:04:33.681 [main] DEBUG org.dbunit.dataset.DefaultTable - getValue(row=0, column=amount) - start
23:04:33.681 [main] DEBUG org.dbunit.dataset.AbstractTable - assertValidRowIndex(row=0) - start
23:04:33.681 [main] DEBUG org.dbunit.dataset.AbstractTable - assertValidRowIndex(row=0, rowCount=1) - start
23:04:33.683 [main] DEBUG org.dbunit.dataset.AbstractTable - getColumnIndex(columnName=amount) - start
23:04:33.683 [main] DEBUG o.d.dataset.AbstractTableMetaData - getColumnIndex(columnName=amount) - start
23:04:33.683 [main] DEBUG org.dbunit.dataset.DefaultTable - getValue(row=0, column=order_status) - start
23:04:33.683 [main] DEBUG org.dbunit.dataset.AbstractTable - assertValidRowIndex(row=0) - start
23:04:33.683 [main] DEBUG org.dbunit.dataset.AbstractTable - assertValidRowIndex(row=0, rowCount=1) - start
23:04:33.685 [main] DEBUG org.dbunit.dataset.AbstractTable - getColumnIndex(columnName=order_status) - start
23:04:33.685 [main] DEBUG o.d.dataset.AbstractTableMetaData - getColumnIndex(columnName=order_status) - start
23:04:33.685 [main] DEBUG org.dbunit.dataset.DefaultTable - getValue(row=0, column=discount_status) - start
23:04:33.685 [main] DEBUG org.dbunit.dataset.AbstractTable - assertValidRowIndex(row=0) - start
23:04:33.685 [main] DEBUG org.dbunit.dataset.AbstractTable - assertValidRowIndex(row=0, rowCount=1) - start
23:04:33.686 [main] DEBUG org.dbunit.dataset.AbstractTable - getColumnIndex(columnName=discount_status) - start
23:04:33.686 [main] DEBUG o.d.dataset.AbstractTableMetaData - getColumnIndex(columnName=discount_status) - start
23:04:33.686 [main] DEBUG org.dbunit.dataset.DefaultTable - getValue(row=1, column=order_number) - start
23:04:33.686 [main] DEBUG org.dbunit.dataset.AbstractTable - assertValidRowIndex(row=1) - start
23:04:33.686 [main] DEBUG org.dbunit.dataset.AbstractTable - assertValidRowIndex(row=1, rowCount=1) - start
23:04:33.688 [main] DEBUG o.dbunit.dataset.OrderedTableNameMap - getTableName(tableName=order_items) - start
23:04:33.688 [main] DEBUG o.dbunit.dataset.OrderedTableNameMap - getTableName(tableName=order_items) - end - result=ORDER_ITEMS
23:04:33.688 [main] DEBUG o.dbunit.dataset.OrderedTableNameMap - getTableName(tableName=order_items) - start
23:04:33.688 [main] DEBUG o.dbunit.dataset.OrderedTableNameMap - getTableName(tableName=order_items) - end - result=ORDER_ITEMS
23:04:33.688 [main] DEBUG o.dbunit.dataset.OrderedTableNameMap - setLastTable(nameorder_items) - start
23:04:33.689 [main] DEBUG o.dbunit.dataset.OrderedTableNameMap - getTableName(tableName=order_items) - start
23:04:33.689 [main] DEBUG o.dbunit.dataset.OrderedTableNameMap - getTableName(tableName=order_items) - end - result=ORDER_ITEMS
23:04:33.689 [main] DEBUG org.dbunit.dataset.CachedDataSet - startTable(metaData=tableName=order_items, columns=[(id, UNKNOWN, nullableUnknown), (order_order_number, UNKNOWN, nullableUnknown), (product_sku_number, UNKNOWN, nullableUnknown), (quantity, UNKNOWN, nullableUnknown)], keys=[]) - start
23:04:33.691 [main] DEBUG o.dbunit.dataset.OrderedTableNameMap - getLastTableName() - start
23:04:33.691 [main] DEBUG o.dbunit.dataset.OrderedTableNameMap - getTableName(tableName=order_items) - start
23:04:33.691 [main] DEBUG o.dbunit.dataset.OrderedTableNameMap - getTableName(tableName=order_items) - end - result=ORDER_ITEMS
23:04:33.691 [main] DEBUG o.d.dataset.AbstractTableMetaData - getColumnIndex(columnName=id) - start
23:04:33.691 [main] DEBUG o.d.dataset.AbstractTableMetaData - getColumnIndex(columnName=order_order_number) - start
23:04:33.692 [main] DEBUG o.d.dataset.AbstractTableMetaData - getColumnIndex(columnName=product_sku_number) - start
23:04:33.692 [main] DEBUG o.d.dataset.AbstractTableMetaData - getColumnIndex(columnName=quantity) - start
23:04:33.692 [main] DEBUG o.dbunit.dataset.OrderedTableNameMap - getLastTableName() - start
23:04:33.692 [main] DEBUG o.dbunit.dataset.OrderedTableNameMap - getTableName(tableName=order_items) - start
23:04:33.692 [main] DEBUG o.dbunit.dataset.OrderedTableNameMap - getTableName(tableName=order_items) - end - result=ORDER_ITEMS
23:04:33.694 [main] DEBUG org.dbunit.dataset.CachedDataSet - row(values=4) - start
23:04:33.694 [main] DEBUG org.dbunit.dataset.DefaultTable - addRow(values=4) - start
23:04:33.694 [main] DEBUG o.dbunit.dataset.xml.FlatXmlProducer - endElement(uri=, localName=, qName=order_items) - start
23:04:33.694 [main] DEBUG o.dbunit.dataset.xml.FlatXmlProducer - startElement(uri=, localName=, qName=orders, attributes=org.apache.xerces.parsers.AbstractSAXParser$AttributesProxy@1cf4a2c) - start
23:04:33.694 [main] DEBUG o.dbunit.dataset.OrderedTableNameMap - getLastTableName() - start
23:04:33.696 [main] DEBUG o.dbunit.dataset.OrderedTableNameMap - getTableName(tableName=order_items) - start
23:04:33.696 [main] DEBUG o.dbunit.dataset.OrderedTableNameMap - getTableName(tableName=order_items) - end - result=ORDER_ITEMS
23:04:33.696 [main] DEBUG o.dbunit.dataset.OrderedTableNameMap - isLastTable(tableName=orders) - start
23:04:33.696 [main] DEBUG o.dbunit.dataset.OrderedTableNameMap - getLastTableName() - start
23:04:33.696 [main] DEBUG o.dbunit.dataset.OrderedTableNameMap - getTableName(tableName=order_items) - start
23:04:33.698 [main] DEBUG o.dbunit.dataset.OrderedTableNameMap - getTableName(tableName=order_items) - end - result=ORDER_ITEMS
23:04:33.698 [main] DEBUG o.dbunit.dataset.OrderedTableNameMap - getTableName(tableName=orders) - start
23:04:33.698 [main] DEBUG o.dbunit.dataset.OrderedTableNameMap - getTableName(tableName=orders) - end - result=ORDERS
23:04:33.698 [main] DEBUG org.dbunit.dataset.CachedDataSet - endTable() - start
23:04:33.698 [main] DEBUG o.dbunit.dataset.OrderedTableNameMap - getTableName(tableName=order_items) - start
23:04:33.700 [main] DEBUG o.dbunit.dataset.OrderedTableNameMap - getTableName(tableName=order_items) - end - result=ORDER_ITEMS
23:04:33.700 [main] DEBUG o.dbunit.dataset.OrderedTableNameMap - getTableName(tableName=order_items) - start
23:04:33.700 [main] DEBUG o.dbunit.dataset.OrderedTableNameMap - getTableName(tableName=order_items) - end - result=ORDER_ITEMS
23:04:33.700 [main] DEBUG org.dbunit.dataset.DefaultTable - addTableRows(table=org.dbunit.dataset.DefaultTable[_metaData=tableName=order_items, columns=[(id, UNKNOWN, nullableUnknown), (order_order_number, UNKNOWN, nullableUnknown), (product_sku_number, UNKNOWN, nullableUnknown), (quantity, UNKNOWN, nullableUnknown)], keys=[], _rowList.size()=1]) - start
23:04:33.701 [main] DEBUG org.dbunit.dataset.DefaultTable - getValue(row=0, column=id) - start
23:04:33.701 [main] DEBUG org.dbunit.dataset.AbstractTable - assertValidRowIndex(row=0) - start
23:04:33.701 [main] DEBUG org.dbunit.dataset.AbstractTable - assertValidRowIndex(row=0, rowCount=1) - start
23:04:33.701 [main] DEBUG org.dbunit.dataset.AbstractTable - getColumnIndex(columnName=id) - start
23:04:33.701 [main] DEBUG o.d.dataset.AbstractTableMetaData - getColumnIndex(columnName=id) - start
23:04:33.701 [main] DEBUG org.dbunit.dataset.DefaultTable - getValue(row=0, column=order_order_number) - start
23:04:33.703 [main] DEBUG org.dbunit.dataset.AbstractTable - assertValidRowIndex(row=0) - start
23:04:33.703 [main] DEBUG org.dbunit.dataset.AbstractTable - assertValidRowIndex(row=0, rowCount=1) - start
23:04:33.703 [main] DEBUG org.dbunit.dataset.AbstractTable - getColumnIndex(columnName=order_order_number) - start
23:04:33.703 [main] DEBUG o.d.dataset.AbstractTableMetaData - getColumnIndex(columnName=order_order_number) - start
23:04:33.703 [main] DEBUG org.dbunit.dataset.DefaultTable - getValue(row=0, column=product_sku_number) - start
23:04:33.705 [main] DEBUG org.dbunit.dataset.AbstractTable - assertValidRowIndex(row=0) - start
23:04:33.705 [main] DEBUG org.dbunit.dataset.AbstractTable - assertValidRowIndex(row=0, rowCount=1) - start
23:04:33.705 [main] DEBUG org.dbunit.dataset.AbstractTable - getColumnIndex(columnName=product_sku_number) - start
23:04:33.705 [main] DEBUG o.d.dataset.AbstractTableMetaData - getColumnIndex(columnName=product_sku_number) - start
23:04:33.705 [main] DEBUG org.dbunit.dataset.DefaultTable - getValue(row=0, column=quantity) - start
23:04:33.707 [main] DEBUG org.dbunit.dataset.AbstractTable - assertValidRowIndex(row=0) - start
23:04:33.707 [main] DEBUG org.dbunit.dataset.AbstractTable - assertValidRowIndex(row=0, rowCount=1) - start
23:04:33.707 [main] DEBUG org.dbunit.dataset.AbstractTable - getColumnIndex(columnName=quantity) - start
23:04:33.707 [main] DEBUG o.d.dataset.AbstractTableMetaData - getColumnIndex(columnName=quantity) - start
23:04:33.707 [main] DEBUG org.dbunit.dataset.DefaultTable - getValue(row=1, column=id) - start
23:04:33.708 [main] DEBUG org.dbunit.dataset.AbstractTable - assertValidRowIndex(row=1) - start
23:04:33.708 [main] DEBUG org.dbunit.dataset.AbstractTable - assertValidRowIndex(row=1, rowCount=1) - start
23:04:33.708 [main] DEBUG o.dbunit.dataset.OrderedTableNameMap - getTableName(tableName=orders) - start
23:04:33.708 [main] DEBUG o.dbunit.dataset.OrderedTableNameMap - getTableName(tableName=orders) - end - result=ORDERS
23:04:33.708 [main] DEBUG o.dbunit.dataset.OrderedTableNameMap - getTableName(tableName=orders) - start
23:04:33.710 [main] DEBUG o.dbunit.dataset.OrderedTableNameMap - getTableName(tableName=orders) - end - result=ORDERS
23:04:33.710 [main] DEBUG o.dbunit.dataset.OrderedTableNameMap - setLastTable(nameorders) - start
23:04:33.710 [main] DEBUG o.dbunit.dataset.OrderedTableNameMap - getTableName(tableName=orders) - start
23:04:33.710 [main] DEBUG o.dbunit.dataset.OrderedTableNameMap - getTableName(tableName=orders) - end - result=ORDERS
23:04:33.710 [main] DEBUG org.dbunit.dataset.CachedDataSet - startTable(metaData=tableName=orders, columns=[(order_number, UNKNOWN, nullableUnknown), (customer_id, UNKNOWN, nullableUnknown), (date, UNKNOWN, nullableUnknown), (amount, UNKNOWN, nullableUnknown), (order_status, UNKNOWN, nullableUnknown), (discount_status, UNKNOWN, nullableUnknown)], keys=[]) - start
23:04:33.712 [main] DEBUG o.dbunit.dataset.OrderedTableNameMap - getLastTableName() - start
23:04:33.712 [main] DEBUG o.dbunit.dataset.OrderedTableNameMap - getTableName(tableName=orders) - start
23:04:33.712 [main] DEBUG o.dbunit.dataset.OrderedTableNameMap - getTableName(tableName=orders) - end - result=ORDERS
23:04:33.712 [main] DEBUG o.d.dataset.AbstractTableMetaData - getColumnIndex(columnName=order_number) - start
23:04:33.712 [main] DEBUG o.d.dataset.AbstractTableMetaData - getColumnIndex(columnName=customer_id) - start
23:04:33.713 [main] DEBUG o.d.dataset.AbstractTableMetaData - getColumnIndex(columnName=date) - start
23:04:33.713 [main] DEBUG o.d.dataset.AbstractTableMetaData - getColumnIndex(columnName=amount) - start
23:04:33.713 [main] DEBUG o.d.dataset.AbstractTableMetaData - getColumnIndex(columnName=order_status) - start
23:04:33.713 [main] DEBUG o.d.dataset.AbstractTableMetaData - getColumnIndex(columnName=discount_status) - start
23:04:33.713 [main] DEBUG o.dbunit.dataset.OrderedTableNameMap - getLastTableName() - start
23:04:33.715 [main] DEBUG o.dbunit.dataset.OrderedTableNameMap - getTableName(tableName=orders) - start
23:04:33.715 [main] DEBUG o.dbunit.dataset.OrderedTableNameMap - getTableName(tableName=orders) - end - result=ORDERS
23:04:33.715 [main] DEBUG org.dbunit.dataset.CachedDataSet - row(values=4) - start
23:04:33.715 [main] DEBUG org.dbunit.dataset.DefaultTable - addRow(values=4) - start
23:04:33.715 [main] DEBUG o.dbunit.dataset.xml.FlatXmlProducer - endElement(uri=, localName=, qName=orders) - start
23:04:33.715 [main] DEBUG o.dbunit.dataset.xml.FlatXmlProducer - startElement(uri=, localName=, qName=order_items, attributes=org.apache.xerces.parsers.AbstractSAXParser$AttributesProxy@1cf4a2c) - start
23:04:33.716 [main] DEBUG o.dbunit.dataset.OrderedTableNameMap - getLastTableName() - start
23:04:33.717 [main] DEBUG o.dbunit.dataset.OrderedTableNameMap - getTableName(tableName=orders) - start
23:04:33.717 [main] DEBUG o.dbunit.dataset.OrderedTableNameMap - getTableName(tableName=orders) - end - result=ORDERS
23:04:33.717 [main] DEBUG o.dbunit.dataset.OrderedTableNameMap - isLastTable(tableName=order_items) - start
23:04:33.717 [main] DEBUG o.dbunit.dataset.OrderedTableNameMap - getLastTableName() - start
23:04:33.719 [main] DEBUG o.dbunit.dataset.OrderedTableNameMap - getTableName(tableName=orders) - start
23:04:33.719 [main] DEBUG o.dbunit.dataset.OrderedTableNameMap - getTableName(tableName=orders) - end - result=ORDERS
23:04:33.719 [main] DEBUG o.dbunit.dataset.OrderedTableNameMap - getTableName(tableName=order_items) - start
23:04:33.719 [main] DEBUG o.dbunit.dataset.OrderedTableNameMap - getTableName(tableName=order_items) - end - result=ORDER_ITEMS
23:04:33.719 [main] DEBUG org.dbunit.dataset.CachedDataSet - endTable() - start
23:04:33.721 [main] DEBUG o.dbunit.dataset.OrderedTableNameMap - getTableName(tableName=orders) - start
23:04:33.721 [main] DEBUG o.dbunit.dataset.OrderedTableNameMap - getTableName(tableName=orders) - end - result=ORDERS
23:04:33.721 [main] DEBUG o.dbunit.dataset.OrderedTableNameMap - getTableName(tableName=orders) - start
23:04:33.721 [main] DEBUG o.dbunit.dataset.OrderedTableNameMap - getTableName(tableName=orders) - end - result=ORDERS
23:04:33.721 [main] DEBUG org.dbunit.dataset.DefaultTable - addTableRows(table=org.dbunit.dataset.DefaultTable[_metaData=tableName=orders, columns=[(order_number, UNKNOWN, nullableUnknown), (customer_id, UNKNOWN, nullableUnknown), (date, UNKNOWN, nullableUnknown), (amount, UNKNOWN, nullableUnknown), (order_status, UNKNOWN, nullableUnknown), (discount_status, UNKNOWN, nullableUnknown)], keys=[], _rowList.size()=1]) - start
23:04:33.722 [main] DEBUG org.dbunit.dataset.DefaultTable - getValue(row=0, column=order_number) - start
23:04:33.722 [main] DEBUG org.dbunit.dataset.AbstractTable - assertValidRowIndex(row=0) - start
23:04:33.722 [main] DEBUG org.dbunit.dataset.AbstractTable - assertValidRowIndex(row=0, rowCount=1) - start
23:04:33.722 [main] DEBUG org.dbunit.dataset.AbstractTable - getColumnIndex(columnName=order_number) - start
23:04:33.722 [main] DEBUG o.d.dataset.AbstractTableMetaData - getColumnIndex(columnName=order_number) - start
23:04:33.724 [main] DEBUG org.dbunit.dataset.DefaultTable - getValue(row=0, column=customer_id) - start
23:04:33.724 [main] DEBUG org.dbunit.dataset.AbstractTable - assertValidRowIndex(row=0) - start
23:04:33.724 [main] DEBUG org.dbunit.dataset.AbstractTable - assertValidRowIndex(row=0, rowCount=1) - start
23:04:33.724 [main] DEBUG org.dbunit.dataset.AbstractTable - getColumnIndex(columnName=customer_id) - start
23:04:33.724 [main] DEBUG o.d.dataset.AbstractTableMetaData - getColumnIndex(columnName=customer_id) - start
23:04:33.727 [main] DEBUG org.dbunit.dataset.DefaultTable - getValue(row=0, column=date) - start
23:04:33.727 [main] DEBUG org.dbunit.dataset.AbstractTable - assertValidRowIndex(row=0) - start
23:04:33.727 [main] DEBUG org.dbunit.dataset.AbstractTable - assertValidRowIndex(row=0, rowCount=1) - start
23:04:33.727 [main] DEBUG org.dbunit.dataset.AbstractTable - getColumnIndex(columnName=date) - start
23:04:33.727 [main] DEBUG o.d.dataset.AbstractTableMetaData - getColumnIndex(columnName=date) - start
23:04:33.727 [main] DEBUG org.dbunit.dataset.DefaultTable - getValue(row=0, column=amount) - start
23:04:33.728 [main] DEBUG org.dbunit.dataset.AbstractTable - assertValidRowIndex(row=0) - start
23:04:33.728 [main] DEBUG org.dbunit.dataset.AbstractTable - assertValidRowIndex(row=0, rowCount=1) - start
23:04:33.728 [main] DEBUG org.dbunit.dataset.AbstractTable - getColumnIndex(columnName=amount) - start
23:04:33.728 [main] DEBUG o.d.dataset.AbstractTableMetaData - getColumnIndex(columnName=amount) - start
23:04:33.728 [main] DEBUG org.dbunit.dataset.DefaultTable - getValue(row=0, column=order_status) - start
23:04:33.730 [main] DEBUG org.dbunit.dataset.AbstractTable - assertValidRowIndex(row=0) - start
23:04:33.730 [main] DEBUG org.dbunit.dataset.AbstractTable - assertValidRowIndex(row=0, rowCount=1) - start
23:04:33.730 [main] DEBUG org.dbunit.dataset.AbstractTable - getColumnIndex(columnName=order_status) - start
23:04:33.730 [main] DEBUG o.d.dataset.AbstractTableMetaData - getColumnIndex(columnName=order_status) - start
23:04:33.730 [main] DEBUG org.dbunit.dataset.DefaultTable - getValue(row=0, column=discount_status) - start
23:04:33.732 [main] DEBUG org.dbunit.dataset.AbstractTable - assertValidRowIndex(row=0) - start
23:04:33.732 [main] DEBUG org.dbunit.dataset.AbstractTable - assertValidRowIndex(row=0, rowCount=1) - start
23:04:33.732 [main] DEBUG org.dbunit.dataset.AbstractTable - getColumnIndex(columnName=discount_status) - start
23:04:33.732 [main] DEBUG o.d.dataset.AbstractTableMetaData - getColumnIndex(columnName=discount_status) - start
23:04:33.732 [main] DEBUG org.dbunit.dataset.DefaultTable - getValue(row=1, column=order_number) - start
23:04:33.733 [main] DEBUG org.dbunit.dataset.AbstractTable - assertValidRowIndex(row=1) - start
23:04:33.733 [main] DEBUG org.dbunit.dataset.AbstractTable - assertValidRowIndex(row=1, rowCount=1) - start
23:04:33.733 [main] DEBUG o.dbunit.dataset.OrderedTableNameMap - getTableName(tableName=order_items) - start
23:04:33.733 [main] DEBUG o.dbunit.dataset.OrderedTableNameMap - getTableName(tableName=order_items) - end - result=ORDER_ITEMS
23:04:33.733 [main] DEBUG o.dbunit.dataset.OrderedTableNameMap - getTableName(tableName=order_items) - start
23:04:33.735 [main] DEBUG o.dbunit.dataset.OrderedTableNameMap - getTableName(tableName=order_items) - end - result=ORDER_ITEMS
23:04:33.735 [main] DEBUG o.dbunit.dataset.OrderedTableNameMap - setLastTable(nameorder_items) - start
23:04:33.735 [main] DEBUG o.dbunit.dataset.OrderedTableNameMap - getTableName(tableName=order_items) - start
23:04:33.735 [main] DEBUG o.dbunit.dataset.OrderedTableNameMap - getTableName(tableName=order_items) - end - result=ORDER_ITEMS
23:04:33.735 [main] DEBUG org.dbunit.dataset.CachedDataSet - startTable(metaData=tableName=order_items, columns=[(id, UNKNOWN, nullableUnknown), (order_order_number, UNKNOWN, nullableUnknown), (product_sku_number, UNKNOWN, nullableUnknown), (quantity, UNKNOWN, nullableUnknown)], keys=[]) - start
23:04:33.737 [main] DEBUG o.dbunit.dataset.OrderedTableNameMap - getLastTableName() - start
23:04:33.737 [main] DEBUG o.dbunit.dataset.OrderedTableNameMap - getTableName(tableName=order_items) - start
23:04:33.737 [main] DEBUG o.dbunit.dataset.OrderedTableNameMap - getTableName(tableName=order_items) - end - result=ORDER_ITEMS
23:04:33.737 [main] DEBUG o.d.dataset.AbstractTableMetaData - getColumnIndex(columnName=id) - start
23:04:33.737 [main] DEBUG o.d.dataset.AbstractTableMetaData - getColumnIndex(columnName=order_order_number) - start
23:04:33.738 [main] DEBUG o.d.dataset.AbstractTableMetaData - getColumnIndex(columnName=product_sku_number) - start
23:04:33.738 [main] DEBUG o.d.dataset.AbstractTableMetaData - getColumnIndex(columnName=quantity) - start
23:04:33.738 [main] DEBUG o.dbunit.dataset.OrderedTableNameMap - getLastTableName() - start
23:04:33.738 [main] DEBUG o.dbunit.dataset.OrderedTableNameMap - getTableName(tableName=order_items) - start
23:04:33.739 [main] DEBUG o.dbunit.dataset.OrderedTableNameMap - getTableName(tableName=order_items) - end - result=ORDER_ITEMS
23:04:33.740 [main] DEBUG org.dbunit.dataset.CachedDataSet - row(values=5) - start
23:04:33.740 [main] DEBUG org.dbunit.dataset.DefaultTable - addRow(values=5) - start
23:04:33.740 [main] DEBUG o.dbunit.dataset.xml.FlatXmlProducer - endElement(uri=, localName=, qName=order_items) - start
23:04:33.741 [main] DEBUG o.dbunit.dataset.xml.FlatXmlProducer - startElement(uri=, localName=, qName=orders, attributes=org.apache.xerces.parsers.AbstractSAXParser$AttributesProxy@1cf4a2c) - start
23:04:33.741 [main] DEBUG o.dbunit.dataset.OrderedTableNameMap - getLastTableName() - start
23:04:33.742 [main] DEBUG o.dbunit.dataset.OrderedTableNameMap - getTableName(tableName=order_items) - start
23:04:33.742 [main] DEBUG o.dbunit.dataset.OrderedTableNameMap - getTableName(tableName=order_items) - end - result=ORDER_ITEMS
23:04:33.742 [main] DEBUG o.dbunit.dataset.OrderedTableNameMap - isLastTable(tableName=orders) - start
23:04:33.742 [main] DEBUG o.dbunit.dataset.OrderedTableNameMap - getLastTableName() - start
23:04:33.742 [main] DEBUG o.dbunit.dataset.OrderedTableNameMap - getTableName(tableName=order_items) - start
23:04:33.744 [main] DEBUG o.dbunit.dataset.OrderedTableNameMap - getTableName(tableName=order_items) - end - result=ORDER_ITEMS
23:04:33.744 [main] DEBUG o.dbunit.dataset.OrderedTableNameMap - getTableName(tableName=orders) - start
23:04:33.744 [main] DEBUG o.dbunit.dataset.OrderedTableNameMap - getTableName(tableName=orders) - end - result=ORDERS
23:04:33.744 [main] DEBUG org.dbunit.dataset.CachedDataSet - endTable() - start
23:04:33.744 [main] DEBUG o.dbunit.dataset.OrderedTableNameMap - getTableName(tableName=order_items) - start
23:04:33.746 [main] DEBUG o.dbunit.dataset.OrderedTableNameMap - getTableName(tableName=order_items) - end - result=ORDER_ITEMS
23:04:33.746 [main] DEBUG o.dbunit.dataset.OrderedTableNameMap - getTableName(tableName=order_items) - start
23:04:33.746 [main] DEBUG o.dbunit.dataset.OrderedTableNameMap - getTableName(tableName=order_items) - end - result=ORDER_ITEMS
23:04:33.746 [main] DEBUG org.dbunit.dataset.DefaultTable - addTableRows(table=org.dbunit.dataset.DefaultTable[_metaData=tableName=order_items, columns=[(id, UNKNOWN, nullableUnknown), (order_order_number, UNKNOWN, nullableUnknown), (product_sku_number, UNKNOWN, nullableUnknown), (quantity, UNKNOWN, nullableUnknown)], keys=[], _rowList.size()=1]) - start
23:04:33.748 [main] DEBUG org.dbunit.dataset.DefaultTable - getValue(row=0, column=id) - start
23:04:33.748 [main] DEBUG org.dbunit.dataset.AbstractTable - assertValidRowIndex(row=0) - start
23:04:33.748 [main] DEBUG org.dbunit.dataset.AbstractTable - assertValidRowIndex(row=0, rowCount=1) - start
23:04:33.748 [main] DEBUG org.dbunit.dataset.AbstractTable - getColumnIndex(columnName=id) - start
23:04:33.748 [main] DEBUG o.d.dataset.AbstractTableMetaData - getColumnIndex(columnName=id) - start
23:04:33.748 [main] DEBUG org.dbunit.dataset.DefaultTable - getValue(row=0, column=order_order_number) - start
23:04:33.749 [main] DEBUG org.dbunit.dataset.AbstractTable - assertValidRowIndex(row=0) - start
23:04:33.749 [main] DEBUG org.dbunit.dataset.AbstractTable - assertValidRowIndex(row=0, rowCount=1) - start
23:04:33.749 [main] DEBUG org.dbunit.dataset.AbstractTable - getColumnIndex(columnName=order_order_number) - start
23:04:33.749 [main] DEBUG o.d.dataset.AbstractTableMetaData - getColumnIndex(columnName=order_order_number) - start
23:04:33.749 [main] DEBUG org.dbunit.dataset.DefaultTable - getValue(row=0, column=product_sku_number) - start
23:04:33.751 [main] DEBUG org.dbunit.dataset.AbstractTable - assertValidRowIndex(row=0) - start
23:04:33.751 [main] DEBUG org.dbunit.dataset.AbstractTable - assertValidRowIndex(row=0, rowCount=1) - start
23:04:33.751 [main] DEBUG org.dbunit.dataset.AbstractTable - getColumnIndex(columnName=product_sku_number) - start
23:04:33.751 [main] DEBUG o.d.dataset.AbstractTableMetaData - getColumnIndex(columnName=product_sku_number) - start
23:04:33.751 [main] DEBUG org.dbunit.dataset.DefaultTable - getValue(row=0, column=quantity) - start
23:04:33.753 [main] DEBUG org.dbunit.dataset.AbstractTable - assertValidRowIndex(row=0) - start
23:04:33.753 [main] DEBUG org.dbunit.dataset.AbstractTable - assertValidRowIndex(row=0, rowCount=1) - start
23:04:33.753 [main] DEBUG org.dbunit.dataset.AbstractTable - getColumnIndex(columnName=quantity) - start
23:04:33.753 [main] DEBUG o.d.dataset.AbstractTableMetaData - getColumnIndex(columnName=quantity) - start
23:04:33.753 [main] DEBUG org.dbunit.dataset.DefaultTable - getValue(row=1, column=id) - start
23:04:33.755 [main] DEBUG org.dbunit.dataset.AbstractTable - assertValidRowIndex(row=1) - start
23:04:33.755 [main] DEBUG org.dbunit.dataset.AbstractTable - assertValidRowIndex(row=1, rowCount=1) - start
23:04:33.755 [main] DEBUG o.dbunit.dataset.OrderedTableNameMap - getTableName(tableName=orders) - start
23:04:33.755 [main] DEBUG o.dbunit.dataset.OrderedTableNameMap - getTableName(tableName=orders) - end - result=ORDERS
23:04:33.755 [main] DEBUG o.dbunit.dataset.OrderedTableNameMap - getTableName(tableName=orders) - start
23:04:33.756 [main] DEBUG o.dbunit.dataset.OrderedTableNameMap - getTableName(tableName=orders) - end - result=ORDERS
23:04:33.756 [main] DEBUG o.dbunit.dataset.OrderedTableNameMap - setLastTable(nameorders) - start
23:04:33.756 [main] DEBUG o.dbunit.dataset.OrderedTableNameMap - getTableName(tableName=orders) - start
23:04:33.756 [main] DEBUG o.dbunit.dataset.OrderedTableNameMap - getTableName(tableName=orders) - end - result=ORDERS
23:04:33.756 [main] DEBUG org.dbunit.dataset.CachedDataSet - startTable(metaData=tableName=orders, columns=[(order_number, UNKNOWN, nullableUnknown), (customer_id, UNKNOWN, nullableUnknown), (date, UNKNOWN, nullableUnknown), (amount, UNKNOWN, nullableUnknown), (order_status, UNKNOWN, nullableUnknown), (discount_status, UNKNOWN, nullableUnknown)], keys=[]) - start
23:04:33.758 [main] DEBUG o.dbunit.dataset.OrderedTableNameMap - getLastTableName() - start
23:04:33.758 [main] DEBUG o.dbunit.dataset.OrderedTableNameMap - getTableName(tableName=orders) - start
23:04:33.758 [main] DEBUG o.dbunit.dataset.OrderedTableNameMap - getTableName(tableName=orders) - end - result=ORDERS
23:04:33.758 [main] DEBUG o.d.dataset.AbstractTableMetaData - getColumnIndex(columnName=order_number) - start
23:04:33.758 [main] DEBUG o.d.dataset.AbstractTableMetaData - getColumnIndex(columnName=customer_id) - start
23:04:33.760 [main] DEBUG o.d.dataset.AbstractTableMetaData - getColumnIndex(columnName=date) - start
23:04:33.760 [main] DEBUG o.d.dataset.AbstractTableMetaData - getColumnIndex(columnName=amount) - start
23:04:33.760 [main] DEBUG o.d.dataset.AbstractTableMetaData - getColumnIndex(columnName=order_status) - start
23:04:33.760 [main] DEBUG o.d.dataset.AbstractTableMetaData - getColumnIndex(columnName=discount_status) - start
23:04:33.760 [main] DEBUG o.dbunit.dataset.OrderedTableNameMap - getLastTableName() - start
23:04:33.761 [main] DEBUG o.dbunit.dataset.OrderedTableNameMap - getTableName(tableName=orders) - start
23:04:33.761 [main] DEBUG o.dbunit.dataset.OrderedTableNameMap - getTableName(tableName=orders) - end - result=ORDERS
23:04:33.761 [main] DEBUG org.dbunit.dataset.CachedDataSet - row(values=5) - start
23:04:33.761 [main] DEBUG org.dbunit.dataset.DefaultTable - addRow(values=5) - start
23:04:33.761 [main] DEBUG o.dbunit.dataset.xml.FlatXmlProducer - endElement(uri=, localName=, qName=orders) - start
23:04:33.761 [main] DEBUG o.dbunit.dataset.xml.FlatXmlProducer - startElement(uri=, localName=, qName=order_items, attributes=org.apache.xerces.parsers.AbstractSAXParser$AttributesProxy@1cf4a2c) - start
23:04:33.763 [main] DEBUG o.dbunit.dataset.OrderedTableNameMap - getLastTableName() - start
23:04:33.763 [main] DEBUG o.dbunit.dataset.OrderedTableNameMap - getTableName(tableName=orders) - start
23:04:33.763 [main] DEBUG o.dbunit.dataset.OrderedTableNameMap - getTableName(tableName=orders) - end - result=ORDERS
23:04:33.763 [main] DEBUG o.dbunit.dataset.OrderedTableNameMap - isLastTable(tableName=order_items) - start
23:04:33.763 [main] DEBUG o.dbunit.dataset.OrderedTableNameMap - getLastTableName() - start
23:04:33.765 [main] DEBUG o.dbunit.dataset.OrderedTableNameMap - getTableName(tableName=orders) - start
23:04:33.765 [main] DEBUG o.dbunit.dataset.OrderedTableNameMap - getTableName(tableName=orders) - end - result=ORDERS
23:04:33.765 [main] DEBUG o.dbunit.dataset.OrderedTableNameMap - getTableName(tableName=order_items) - start
23:04:33.765 [main] DEBUG o.dbunit.dataset.OrderedTableNameMap - getTableName(tableName=order_items) - end - result=ORDER_ITEMS
23:04:33.765 [main] DEBUG org.dbunit.dataset.CachedDataSet - endTable() - start
23:04:33.767 [main] DEBUG o.dbunit.dataset.OrderedTableNameMap - getTableName(tableName=orders) - start
23:04:33.767 [main] DEBUG o.dbunit.dataset.OrderedTableNameMap - getTableName(tableName=orders) - end - result=ORDERS
23:04:33.767 [main] DEBUG o.dbunit.dataset.OrderedTableNameMap - getTableName(tableName=orders) - start
23:04:33.767 [main] DEBUG o.dbunit.dataset.OrderedTableNameMap - getTableName(tableName=orders) - end - result=ORDERS
23:04:33.767 [main] DEBUG org.dbunit.dataset.DefaultTable - addTableRows(table=org.dbunit.dataset.DefaultTable[_metaData=tableName=orders, columns=[(order_number, UNKNOWN, nullableUnknown), (customer_id, UNKNOWN, nullableUnknown), (date, UNKNOWN, nullableUnknown), (amount, UNKNOWN, nullableUnknown), (order_status, UNKNOWN, nullableUnknown), (discount_status, UNKNOWN, nullableUnknown)], keys=[], _rowList.size()=1]) - start
23:04:33.769 [main] DEBUG org.dbunit.dataset.DefaultTable - getValue(row=0, column=order_number) - start
23:04:33.769 [main] DEBUG org.dbunit.dataset.AbstractTable - assertValidRowIndex(row=0) - start
23:04:33.769 [main] DEBUG org.dbunit.dataset.AbstractTable - assertValidRowIndex(row=0, rowCount=1) - start
23:04:33.769 [main] DEBUG org.dbunit.dataset.AbstractTable - getColumnIndex(columnName=order_number) - start
23:04:33.769 [main] DEBUG o.d.dataset.AbstractTableMetaData - getColumnIndex(columnName=order_number) - start
23:04:33.771 [main] DEBUG org.dbunit.dataset.DefaultTable - getValue(row=0, column=customer_id) - start
23:04:33.771 [main] DEBUG org.dbunit.dataset.AbstractTable - assertValidRowIndex(row=0) - start
23:04:33.771 [main] DEBUG org.dbunit.dataset.AbstractTable - assertValidRowIndex(row=0, rowCount=1) - start
23:04:33.771 [main] DEBUG org.dbunit.dataset.AbstractTable - getColumnIndex(columnName=customer_id) - start
23:04:33.771 [main] DEBUG o.d.dataset.AbstractTableMetaData - getColumnIndex(columnName=customer_id) - start
23:04:33.773 [main] DEBUG org.dbunit.dataset.DefaultTable - getValue(row=0, column=date) - start
23:04:33.774 [main] DEBUG org.dbunit.dataset.AbstractTable - assertValidRowIndex(row=0) - start
23:04:33.774 [main] DEBUG org.dbunit.dataset.AbstractTable - assertValidRowIndex(row=0, rowCount=1) - start
23:04:33.774 [main] DEBUG org.dbunit.dataset.AbstractTable - getColumnIndex(columnName=date) - start
23:04:33.774 [main] DEBUG o.d.dataset.AbstractTableMetaData - getColumnIndex(columnName=date) - start
23:04:33.774 [main] DEBUG org.dbunit.dataset.DefaultTable - getValue(row=0, column=amount) - start
23:04:33.775 [main] DEBUG org.dbunit.dataset.AbstractTable - assertValidRowIndex(row=0) - start
23:04:33.775 [main] DEBUG org.dbunit.dataset.AbstractTable - assertValidRowIndex(row=0, rowCount=1) - start
23:04:33.775 [main] DEBUG org.dbunit.dataset.AbstractTable - getColumnIndex(columnName=amount) - start
23:04:33.775 [main] DEBUG o.d.dataset.AbstractTableMetaData - getColumnIndex(columnName=amount) - start
23:04:33.775 [main] DEBUG org.dbunit.dataset.DefaultTable - getValue(row=0, column=order_status) - start
23:04:33.779 [main] DEBUG org.dbunit.dataset.AbstractTable - assertValidRowIndex(row=0) - start
23:04:33.779 [main] DEBUG org.dbunit.dataset.AbstractTable - assertValidRowIndex(row=0, rowCount=1) - start
23:04:33.779 [main] DEBUG org.dbunit.dataset.AbstractTable - getColumnIndex(columnName=order_status) - start
23:04:33.779 [main] DEBUG o.d.dataset.AbstractTableMetaData - getColumnIndex(columnName=order_status) - start
23:04:33.779 [main] DEBUG org.dbunit.dataset.DefaultTable - getValue(row=0, column=discount_status) - start
23:04:33.879 [main] DEBUG org.dbunit.dataset.AbstractTable - assertValidRowIndex(row=0) - start
23:04:33.879 [main] DEBUG org.dbunit.dataset.AbstractTable - assertValidRowIndex(row=0, rowCount=1) - start
23:04:33.879 [main] DEBUG org.dbunit.dataset.AbstractTable - getColumnIndex(columnName=discount_status) - start
23:04:33.879 [main] DEBUG o.d.dataset.AbstractTableMetaData - getColumnIndex(columnName=discount_status) - start
23:04:33.879 [main] DEBUG org.dbunit.dataset.DefaultTable - getValue(row=1, column=order_number) - start
23:04:33.880 [main] DEBUG org.dbunit.dataset.AbstractTable - assertValidRowIndex(row=1) - start
23:04:33.880 [main] DEBUG org.dbunit.dataset.AbstractTable - assertValidRowIndex(row=1, rowCount=1) - start
23:04:33.880 [main] DEBUG o.dbunit.dataset.OrderedTableNameMap - getTableName(tableName=order_items) - start
23:04:33.880 [main] DEBUG o.dbunit.dataset.OrderedTableNameMap - getTableName(tableName=order_items) - end - result=ORDER_ITEMS
23:04:33.880 [main] DEBUG o.dbunit.dataset.OrderedTableNameMap - getTableName(tableName=order_items) - start
23:04:33.882 [main] DEBUG o.dbunit.dataset.OrderedTableNameMap - getTableName(tableName=order_items) - end - result=ORDER_ITEMS
23:04:33.882 [main] DEBUG o.dbunit.dataset.OrderedTableNameMap - setLastTable(nameorder_items) - start
23:04:33.882 [main] DEBUG o.dbunit.dataset.OrderedTableNameMap - getTableName(tableName=order_items) - start
23:04:33.882 [main] DEBUG o.dbunit.dataset.OrderedTableNameMap - getTableName(tableName=order_items) - end - result=ORDER_ITEMS
23:04:33.882 [main] DEBUG org.dbunit.dataset.CachedDataSet - startTable(metaData=tableName=order_items, columns=[(id, UNKNOWN, nullableUnknown), (order_order_number, UNKNOWN, nullableUnknown), (product_sku_number, UNKNOWN, nullableUnknown), (quantity, UNKNOWN, nullableUnknown)], keys=[]) - start
23:04:33.883 [main] DEBUG o.dbunit.dataset.OrderedTableNameMap - getLastTableName() - start
23:04:33.883 [main] DEBUG o.dbunit.dataset.OrderedTableNameMap - getTableName(tableName=order_items) - start
23:04:33.883 [main] DEBUG o.dbunit.dataset.OrderedTableNameMap - getTableName(tableName=order_items) - end - result=ORDER_ITEMS
23:04:33.883 [main] DEBUG o.d.dataset.AbstractTableMetaData - getColumnIndex(columnName=id) - start
23:04:33.883 [main] DEBUG o.d.dataset.AbstractTableMetaData - getColumnIndex(columnName=order_order_number) - start
23:04:33.885 [main] DEBUG o.d.dataset.AbstractTableMetaData - getColumnIndex(columnName=product_sku_number) - start
23:04:33.885 [main] DEBUG o.d.dataset.AbstractTableMetaData - getColumnIndex(columnName=quantity) - start
23:04:33.885 [main] DEBUG o.dbunit.dataset.OrderedTableNameMap - getLastTableName() - start
23:04:33.885 [main] DEBUG o.dbunit.dataset.OrderedTableNameMap - getTableName(tableName=order_items) - start
23:04:33.885 [main] DEBUG o.dbunit.dataset.OrderedTableNameMap - getTableName(tableName=order_items) - end - result=ORDER_ITEMS
23:04:33.887 [main] DEBUG org.dbunit.dataset.CachedDataSet - row(values=6) - start
23:04:33.887 [main] DEBUG org.dbunit.dataset.DefaultTable - addRow(values=6) - start
23:04:33.887 [main] DEBUG o.dbunit.dataset.xml.FlatXmlProducer - endElement(uri=, localName=, qName=order_items) - start
23:04:33.887 [main] DEBUG o.dbunit.dataset.xml.FlatXmlProducer - startElement(uri=, localName=, qName=order_items, attributes=org.apache.xerces.parsers.AbstractSAXParser$AttributesProxy@1cf4a2c) - start
23:04:33.887 [main] DEBUG o.dbunit.dataset.OrderedTableNameMap - getLastTableName() - start
23:04:33.889 [main] DEBUG o.dbunit.dataset.OrderedTableNameMap - getTableName(tableName=order_items) - start
23:04:33.889 [main] DEBUG o.dbunit.dataset.OrderedTableNameMap - getTableName(tableName=order_items) - end - result=ORDER_ITEMS
23:04:33.889 [main] DEBUG o.dbunit.dataset.OrderedTableNameMap - isLastTable(tableName=order_items) - start
23:04:33.889 [main] DEBUG o.dbunit.dataset.OrderedTableNameMap - getLastTableName() - start
23:04:33.889 [main] DEBUG o.dbunit.dataset.OrderedTableNameMap - getTableName(tableName=order_items) - start
23:04:33.890 [main] DEBUG o.dbunit.dataset.OrderedTableNameMap - getTableName(tableName=order_items) - end - result=ORDER_ITEMS
23:04:33.890 [main] DEBUG o.dbunit.dataset.OrderedTableNameMap - getTableName(tableName=order_items) - start
23:04:33.890 [main] DEBUG o.dbunit.dataset.OrderedTableNameMap - getTableName(tableName=order_items) - end - result=ORDER_ITEMS
23:04:33.890 [main] DEBUG o.dbunit.dataset.OrderedTableNameMap - getLastTableName() - start
23:04:33.890 [main] DEBUG o.dbunit.dataset.OrderedTableNameMap - getTableName(tableName=order_items) - start
23:04:33.893 [main] DEBUG o.dbunit.dataset.OrderedTableNameMap - getTableName(tableName=order_items) - end - result=ORDER_ITEMS
23:04:33.893 [main] DEBUG o.d.dataset.AbstractTableMetaData - getColumnIndex(columnName=id) - start
23:04:33.893 [main] DEBUG o.d.dataset.AbstractTableMetaData - getColumnIndex(columnName=order_order_number) - start
23:04:33.893 [main] DEBUG o.d.dataset.AbstractTableMetaData - getColumnIndex(columnName=product_sku_number) - start
23:04:33.893 [main] DEBUG o.d.dataset.AbstractTableMetaData - getColumnIndex(columnName=quantity) - start
23:04:33.894 [main] DEBUG o.dbunit.dataset.OrderedTableNameMap - getLastTableName() - start
23:04:33.894 [main] DEBUG o.dbunit.dataset.OrderedTableNameMap - getTableName(tableName=order_items) - start
23:04:33.894 [main] DEBUG o.dbunit.dataset.OrderedTableNameMap - getTableName(tableName=order_items) - end - result=ORDER_ITEMS
23:04:33.894 [main] DEBUG org.dbunit.dataset.CachedDataSet - row(values=7) - start
23:04:33.894 [main] DEBUG org.dbunit.dataset.DefaultTable - addRow(values=7) - start
23:04:33.894 [main] DEBUG o.dbunit.dataset.xml.FlatXmlProducer - endElement(uri=, localName=, qName=order_items) - start
23:04:33.896 [main] DEBUG o.dbunit.dataset.xml.FlatXmlProducer - startElement(uri=, localName=, qName=orders, attributes=org.apache.xerces.parsers.AbstractSAXParser$AttributesProxy@1cf4a2c) - start
23:04:33.896 [main] DEBUG o.dbunit.dataset.OrderedTableNameMap - getLastTableName() - start
23:04:33.896 [main] DEBUG o.dbunit.dataset.OrderedTableNameMap - getTableName(tableName=order_items) - start
23:04:33.896 [main] DEBUG o.dbunit.dataset.OrderedTableNameMap - getTableName(tableName=order_items) - end - result=ORDER_ITEMS
23:04:33.898 [main] DEBUG o.dbunit.dataset.OrderedTableNameMap - isLastTable(tableName=orders) - start
23:04:33.898 [main] DEBUG o.dbunit.dataset.OrderedTableNameMap - getLastTableName() - start
23:04:33.898 [main] DEBUG o.dbunit.dataset.OrderedTableNameMap - getTableName(tableName=order_items) - start
23:04:33.898 [main] DEBUG o.dbunit.dataset.OrderedTableNameMap - getTableName(tableName=order_items) - end - result=ORDER_ITEMS
23:04:33.898 [main] DEBUG o.dbunit.dataset.OrderedTableNameMap - getTableName(tableName=orders) - start
23:04:33.900 [main] DEBUG o.dbunit.dataset.OrderedTableNameMap - getTableName(tableName=orders) - end - result=ORDERS
23:04:33.900 [main] DEBUG org.dbunit.dataset.CachedDataSet - endTable() - start
23:04:33.900 [main] DEBUG o.dbunit.dataset.OrderedTableNameMap - getTableName(tableName=order_items) - start
23:04:33.900 [main] DEBUG o.dbunit.dataset.OrderedTableNameMap - getTableName(tableName=order_items) - end - result=ORDER_ITEMS
23:04:33.900 [main] DEBUG o.dbunit.dataset.OrderedTableNameMap - getTableName(tableName=order_items) - start
23:04:33.901 [main] DEBUG o.dbunit.dataset.OrderedTableNameMap - getTableName(tableName=order_items) - end - result=ORDER_ITEMS
23:04:33.901 [main] DEBUG org.dbunit.dataset.DefaultTable - addTableRows(table=org.dbunit.dataset.DefaultTable[_metaData=tableName=order_items, columns=[(id, UNKNOWN, nullableUnknown), (order_order_number, UNKNOWN, nullableUnknown), (product_sku_number, UNKNOWN, nullableUnknown), (quantity, UNKNOWN, nullableUnknown)], keys=[], _rowList.size()=2]) - start
23:04:33.901 [main] DEBUG org.dbunit.dataset.DefaultTable - getValue(row=0, column=id) - start
23:04:33.903 [main] DEBUG org.dbunit.dataset.AbstractTable - assertValidRowIndex(row=0) - start
23:04:33.903 [main] DEBUG org.dbunit.dataset.AbstractTable - assertValidRowIndex(row=0, rowCount=2) - start
23:04:33.903 [main] DEBUG org.dbunit.dataset.AbstractTable - getColumnIndex(columnName=id) - start
23:04:33.903 [main] DEBUG o.d.dataset.AbstractTableMetaData - getColumnIndex(columnName=id) - start
23:04:33.903 [main] DEBUG org.dbunit.dataset.DefaultTable - getValue(row=0, column=order_order_number) - start
23:04:33.905 [main] DEBUG org.dbunit.dataset.AbstractTable - assertValidRowIndex(row=0) - start
23:04:33.905 [main] DEBUG org.dbunit.dataset.AbstractTable - assertValidRowIndex(row=0, rowCount=2) - start
23:04:33.905 [main] DEBUG org.dbunit.dataset.AbstractTable - getColumnIndex(columnName=order_order_number) - start
23:04:33.905 [main] DEBUG o.d.dataset.AbstractTableMetaData - getColumnIndex(columnName=order_order_number) - start
23:04:33.905 [main] DEBUG org.dbunit.dataset.DefaultTable - getValue(row=0, column=product_sku_number) - start
23:04:33.906 [main] DEBUG org.dbunit.dataset.AbstractTable - assertValidRowIndex(row=0) - start
23:04:33.906 [main] DEBUG org.dbunit.dataset.AbstractTable - assertValidRowIndex(row=0, rowCount=2) - start
23:04:33.906 [main] DEBUG org.dbunit.dataset.AbstractTable - getColumnIndex(columnName=product_sku_number) - start
23:04:33.906 [main] DEBUG o.d.dataset.AbstractTableMetaData - getColumnIndex(columnName=product_sku_number) - start
23:04:33.906 [main] DEBUG org.dbunit.dataset.DefaultTable - getValue(row=0, column=quantity) - start
23:04:33.908 [main] DEBUG org.dbunit.dataset.AbstractTable - assertValidRowIndex(row=0) - start
23:04:33.908 [main] DEBUG org.dbunit.dataset.AbstractTable - assertValidRowIndex(row=0, rowCount=2) - start
23:04:33.908 [main] DEBUG org.dbunit.dataset.AbstractTable - getColumnIndex(columnName=quantity) - start
23:04:33.908 [main] DEBUG o.d.dataset.AbstractTableMetaData - getColumnIndex(columnName=quantity) - start
23:04:33.908 [main] DEBUG org.dbunit.dataset.DefaultTable - getValue(row=1, column=id) - start
23:04:33.909 [main] DEBUG org.dbunit.dataset.AbstractTable - assertValidRowIndex(row=1) - start
23:04:33.909 [main] DEBUG org.dbunit.dataset.AbstractTable - assertValidRowIndex(row=1, rowCount=2) - start
23:04:33.909 [main] DEBUG org.dbunit.dataset.AbstractTable - getColumnIndex(columnName=id) - start
23:04:33.909 [main] DEBUG o.d.dataset.AbstractTableMetaData - getColumnIndex(columnName=id) - start
23:04:33.909 [main] DEBUG org.dbunit.dataset.DefaultTable - getValue(row=1, column=order_order_number) - start
23:04:33.911 [main] DEBUG org.dbunit.dataset.AbstractTable - assertValidRowIndex(row=1) - start
23:04:33.911 [main] DEBUG org.dbunit.dataset.AbstractTable - assertValidRowIndex(row=1, rowCount=2) - start
23:04:33.911 [main] DEBUG org.dbunit.dataset.AbstractTable - getColumnIndex(columnName=order_order_number) - start
23:04:33.911 [main] DEBUG o.d.dataset.AbstractTableMetaData - getColumnIndex(columnName=order_order_number) - start
23:04:33.911 [main] DEBUG org.dbunit.dataset.DefaultTable - getValue(row=1, column=product_sku_number) - start
23:04:33.912 [main] DEBUG org.dbunit.dataset.AbstractTable - assertValidRowIndex(row=1) - start
23:04:33.912 [main] DEBUG org.dbunit.dataset.AbstractTable - assertValidRowIndex(row=1, rowCount=2) - start
23:04:33.912 [main] DEBUG org.dbunit.dataset.AbstractTable - getColumnIndex(columnName=product_sku_number) - start
23:04:33.912 [main] DEBUG o.d.dataset.AbstractTableMetaData - getColumnIndex(columnName=product_sku_number) - start
23:04:33.912 [main] DEBUG org.dbunit.dataset.DefaultTable - getValue(row=1, column=quantity) - start
23:04:33.914 [main] DEBUG org.dbunit.dataset.AbstractTable - assertValidRowIndex(row=1) - start
23:04:33.914 [main] DEBUG org.dbunit.dataset.AbstractTable - assertValidRowIndex(row=1, rowCount=2) - start
23:04:33.914 [main] DEBUG org.dbunit.dataset.AbstractTable - getColumnIndex(columnName=quantity) - start
23:04:33.914 [main] DEBUG o.d.dataset.AbstractTableMetaData - getColumnIndex(columnName=quantity) - start
23:04:33.914 [main] DEBUG org.dbunit.dataset.DefaultTable - getValue(row=2, column=id) - start
23:04:33.916 [main] DEBUG org.dbunit.dataset.AbstractTable - assertValidRowIndex(row=2) - start
23:04:33.916 [main] DEBUG org.dbunit.dataset.AbstractTable - assertValidRowIndex(row=2, rowCount=2) - start
23:04:33.916 [main] DEBUG o.dbunit.dataset.OrderedTableNameMap - getTableName(tableName=orders) - start
23:04:33.916 [main] DEBUG o.dbunit.dataset.OrderedTableNameMap - getTableName(tableName=orders) - end - result=ORDERS
23:04:33.916 [main] DEBUG o.dbunit.dataset.OrderedTableNameMap - getTableName(tableName=orders) - start
23:04:33.917 [main] DEBUG o.dbunit.dataset.OrderedTableNameMap - getTableName(tableName=orders) - end - result=ORDERS
23:04:33.917 [main] DEBUG o.dbunit.dataset.OrderedTableNameMap - setLastTable(nameorders) - start
23:04:33.917 [main] DEBUG o.dbunit.dataset.OrderedTableNameMap - getTableName(tableName=orders) - start
23:04:33.918 [main] DEBUG o.dbunit.dataset.OrderedTableNameMap - getTableName(tableName=orders) - end - result=ORDERS
23:04:33.918 [main] DEBUG org.dbunit.dataset.CachedDataSet - startTable(metaData=tableName=orders, columns=[(order_number, UNKNOWN, nullableUnknown), (customer_id, UNKNOWN, nullableUnknown), (date, UNKNOWN, nullableUnknown), (amount, UNKNOWN, nullableUnknown), (order_status, UNKNOWN, nullableUnknown), (discount_status, UNKNOWN, nullableUnknown)], keys=[]) - start
23:04:33.919 [main] DEBUG o.dbunit.dataset.OrderedTableNameMap - getLastTableName() - start
23:04:33.919 [main] DEBUG o.dbunit.dataset.OrderedTableNameMap - getTableName(tableName=orders) - start
23:04:33.919 [main] DEBUG o.dbunit.dataset.OrderedTableNameMap - getTableName(tableName=orders) - end - result=ORDERS
23:04:33.919 [main] DEBUG o.d.dataset.AbstractTableMetaData - getColumnIndex(columnName=order_number) - start
23:04:33.919 [main] DEBUG o.d.dataset.AbstractTableMetaData - getColumnIndex(columnName=customer_id) - start
23:04:33.921 [main] DEBUG o.d.dataset.AbstractTableMetaData - getColumnIndex(columnName=date) - start
23:04:33.921 [main] DEBUG o.d.dataset.AbstractTableMetaData - getColumnIndex(columnName=amount) - start
23:04:33.921 [main] DEBUG o.d.dataset.AbstractTableMetaData - getColumnIndex(columnName=order_status) - start
23:04:33.921 [main] DEBUG o.d.dataset.AbstractTableMetaData - getColumnIndex(columnName=discount_status) - start
23:04:33.921 [main] DEBUG o.dbunit.dataset.OrderedTableNameMap - getLastTableName() - start
23:04:33.923 [main] DEBUG o.dbunit.dataset.OrderedTableNameMap - getTableName(tableName=orders) - start
23:04:33.923 [main] DEBUG o.dbunit.dataset.OrderedTableNameMap - getTableName(tableName=orders) - end - result=ORDERS
23:04:33.923 [main] DEBUG org.dbunit.dataset.CachedDataSet - row(values=6) - start
23:04:33.923 [main] DEBUG org.dbunit.dataset.DefaultTable - addRow(values=6) - start
23:04:33.923 [main] DEBUG o.dbunit.dataset.xml.FlatXmlProducer - endElement(uri=, localName=, qName=orders) - start
23:04:33.923 [main] DEBUG o.dbunit.dataset.xml.FlatXmlProducer - startElement(uri=, localName=, qName=order_items, attributes=org.apache.xerces.parsers.AbstractSAXParser$AttributesProxy@1cf4a2c) - start
23:04:33.925 [main] DEBUG o.dbunit.dataset.OrderedTableNameMap - getLastTableName() - start
23:04:33.925 [main] DEBUG o.dbunit.dataset.OrderedTableNameMap - getTableName(tableName=orders) - start
23:04:33.925 [main] DEBUG o.dbunit.dataset.OrderedTableNameMap - getTableName(tableName=orders) - end - result=ORDERS
23:04:33.925 [main] DEBUG o.dbunit.dataset.OrderedTableNameMap - isLastTable(tableName=order_items) - start
23:04:33.925 [main] DEBUG o.dbunit.dataset.OrderedTableNameMap - getLastTableName() - start
23:04:33.927 [main] DEBUG o.dbunit.dataset.OrderedTableNameMap - getTableName(tableName=orders) - start
23:04:33.927 [main] DEBUG o.dbunit.dataset.OrderedTableNameMap - getTableName(tableName=orders) - end - result=ORDERS
23:04:33.927 [main] DEBUG o.dbunit.dataset.OrderedTableNameMap - getTableName(tableName=order_items) - start
23:04:33.927 [main] DEBUG o.dbunit.dataset.OrderedTableNameMap - getTableName(tableName=order_items) - end - result=ORDER_ITEMS
23:04:33.927 [main] DEBUG org.dbunit.dataset.CachedDataSet - endTable() - start
23:04:33.929 [main] DEBUG o.dbunit.dataset.OrderedTableNameMap - getTableName(tableName=orders) - start
23:04:33.929 [main] DEBUG o.dbunit.dataset.OrderedTableNameMap - getTableName(tableName=orders) - end - result=ORDERS
23:04:33.929 [main] DEBUG o.dbunit.dataset.OrderedTableNameMap - getTableName(tableName=orders) - start
23:04:33.929 [main] DEBUG o.dbunit.dataset.OrderedTableNameMap - getTableName(tableName=orders) - end - result=ORDERS
23:04:33.929 [main] DEBUG org.dbunit.dataset.DefaultTable - addTableRows(table=org.dbunit.dataset.DefaultTable[_metaData=tableName=orders, columns=[(order_number, UNKNOWN, nullableUnknown), (customer_id, UNKNOWN, nullableUnknown), (date, UNKNOWN, nullableUnknown), (amount, UNKNOWN, nullableUnknown), (order_status, UNKNOWN, nullableUnknown), (discount_status, UNKNOWN, nullableUnknown)], keys=[], _rowList.size()=1]) - start
23:04:33.931 [main] DEBUG org.dbunit.dataset.DefaultTable - getValue(row=0, column=order_number) - start
23:04:33.931 [main] DEBUG org.dbunit.dataset.AbstractTable - assertValidRowIndex(row=0) - start
23:04:33.931 [main] DEBUG org.dbunit.dataset.AbstractTable - assertValidRowIndex(row=0, rowCount=1) - start
23:04:33.931 [main] DEBUG org.dbunit.dataset.AbstractTable - getColumnIndex(columnName=order_number) - start
23:04:33.931 [main] DEBUG o.d.dataset.AbstractTableMetaData - getColumnIndex(columnName=order_number) - start
23:04:33.933 [main] DEBUG org.dbunit.dataset.DefaultTable - getValue(row=0, column=customer_id) - start
23:04:33.933 [main] DEBUG org.dbunit.dataset.AbstractTable - assertValidRowIndex(row=0) - start
23:04:33.933 [main] DEBUG org.dbunit.dataset.AbstractTable - assertValidRowIndex(row=0, rowCount=1) - start
23:04:33.933 [main] DEBUG org.dbunit.dataset.AbstractTable - getColumnIndex(columnName=customer_id) - start
23:04:33.933 [main] DEBUG o.d.dataset.AbstractTableMetaData - getColumnIndex(columnName=customer_id) - start
23:04:33.935 [main] DEBUG org.dbunit.dataset.DefaultTable - getValue(row=0, column=date) - start
23:04:33.935 [main] DEBUG org.dbunit.dataset.AbstractTable - assertValidRowIndex(row=0) - start
23:04:33.935 [main] DEBUG org.dbunit.dataset.AbstractTable - assertValidRowIndex(row=0, rowCount=1) - start
23:04:33.935 [main] DEBUG org.dbunit.dataset.AbstractTable - getColumnIndex(columnName=date) - start
23:04:33.935 [main] DEBUG o.d.dataset.AbstractTableMetaData - getColumnIndex(columnName=date) - start
23:04:33.935 [main] DEBUG org.dbunit.dataset.DefaultTable - getValue(row=0, column=amount) - start
23:04:33.936 [main] DEBUG org.dbunit.dataset.AbstractTable - assertValidRowIndex(row=0) - start
23:04:33.936 [main] DEBUG org.dbunit.dataset.AbstractTable - assertValidRowIndex(row=0, rowCount=1) - start
23:04:33.936 [main] DEBUG org.dbunit.dataset.AbstractTable - getColumnIndex(columnName=amount) - start
23:04:33.936 [main] DEBUG o.d.dataset.AbstractTableMetaData - getColumnIndex(columnName=amount) - start
23:04:33.936 [main] DEBUG org.dbunit.dataset.DefaultTable - getValue(row=0, column=order_status) - start
23:04:33.939 [main] DEBUG org.dbunit.dataset.AbstractTable - assertValidRowIndex(row=0) - start
23:04:33.939 [main] DEBUG org.dbunit.dataset.AbstractTable - assertValidRowIndex(row=0, rowCount=1) - start
23:04:33.939 [main] DEBUG org.dbunit.dataset.AbstractTable - getColumnIndex(columnName=order_status) - start
23:04:33.939 [main] DEBUG o.d.dataset.AbstractTableMetaData - getColumnIndex(columnName=order_status) - start
23:04:33.939 [main] DEBUG org.dbunit.dataset.DefaultTable - getValue(row=0, column=discount_status) - start
23:04:33.940 [main] DEBUG org.dbunit.dataset.AbstractTable - assertValidRowIndex(row=0) - start
23:04:33.940 [main] DEBUG org.dbunit.dataset.AbstractTable - assertValidRowIndex(row=0, rowCount=1) - start
23:04:33.940 [main] DEBUG org.dbunit.dataset.AbstractTable - getColumnIndex(columnName=discount_status) - start
23:04:33.941 [main] DEBUG o.d.dataset.AbstractTableMetaData - getColumnIndex(columnName=discount_status) - start
23:04:33.941 [main] DEBUG org.dbunit.dataset.DefaultTable - getValue(row=1, column=order_number) - start
23:04:33.942 [main] DEBUG org.dbunit.dataset.AbstractTable - assertValidRowIndex(row=1) - start
23:04:33.942 [main] DEBUG org.dbunit.dataset.AbstractTable - assertValidRowIndex(row=1, rowCount=1) - start
23:04:33.942 [main] DEBUG o.dbunit.dataset.OrderedTableNameMap - getTableName(tableName=order_items) - start
23:04:33.942 [main] DEBUG o.dbunit.dataset.OrderedTableNameMap - getTableName(tableName=order_items) - end - result=ORDER_ITEMS
23:04:33.942 [main] DEBUG o.dbunit.dataset.OrderedTableNameMap - getTableName(tableName=order_items) - start
23:04:33.944 [main] DEBUG o.dbunit.dataset.OrderedTableNameMap - getTableName(tableName=order_items) - end - result=ORDER_ITEMS
23:04:33.944 [main] DEBUG o.dbunit.dataset.OrderedTableNameMap - setLastTable(nameorder_items) - start
23:04:33.944 [main] DEBUG o.dbunit.dataset.OrderedTableNameMap - getTableName(tableName=order_items) - start
23:04:33.944 [main] DEBUG o.dbunit.dataset.OrderedTableNameMap - getTableName(tableName=order_items) - end - result=ORDER_ITEMS
23:04:33.944 [main] DEBUG org.dbunit.dataset.CachedDataSet - startTable(metaData=tableName=order_items, columns=[(id, UNKNOWN, nullableUnknown), (order_order_number, UNKNOWN, nullableUnknown), (product_sku_number, UNKNOWN, nullableUnknown), (quantity, UNKNOWN, nullableUnknown)], keys=[]) - start
23:04:33.945 [main] DEBUG o.dbunit.dataset.OrderedTableNameMap - getLastTableName() - start
23:04:33.945 [main] DEBUG o.dbunit.dataset.OrderedTableNameMap - getTableName(tableName=order_items) - start
23:04:33.945 [main] DEBUG o.dbunit.dataset.OrderedTableNameMap - getTableName(tableName=order_items) - end - result=ORDER_ITEMS
23:04:33.945 [main] DEBUG o.d.dataset.AbstractTableMetaData - getColumnIndex(columnName=id) - start
23:04:33.945 [main] DEBUG o.d.dataset.AbstractTableMetaData - getColumnIndex(columnName=order_order_number) - start
23:04:33.947 [main] DEBUG o.d.dataset.AbstractTableMetaData - getColumnIndex(columnName=product_sku_number) - start
23:04:33.947 [main] DEBUG o.d.dataset.AbstractTableMetaData - getColumnIndex(columnName=quantity) - start
23:04:33.947 [main] DEBUG o.dbunit.dataset.OrderedTableNameMap - getLastTableName() - start
23:04:33.947 [main] DEBUG o.dbunit.dataset.OrderedTableNameMap - getTableName(tableName=order_items) - start
23:04:33.947 [main] DEBUG o.dbunit.dataset.OrderedTableNameMap - getTableName(tableName=order_items) - end - result=ORDER_ITEMS
23:04:33.949 [main] DEBUG org.dbunit.dataset.CachedDataSet - row(values=8) - start
23:04:33.949 [main] DEBUG org.dbunit.dataset.DefaultTable - addRow(values=8) - start
23:04:33.949 [main] DEBUG o.dbunit.dataset.xml.FlatXmlProducer - endElement(uri=, localName=, qName=order_items) - start
23:04:33.949 [main] DEBUG o.dbunit.dataset.xml.FlatXmlProducer - endElement(uri=, localName=, qName=dataset) - start
23:04:33.949 [main] DEBUG o.dbunit.dataset.OrderedTableNameMap - getLastTableName() - start
23:04:33.949 [main] DEBUG o.dbunit.dataset.OrderedTableNameMap - getTableName(tableName=order_items) - start
23:04:33.951 [main] DEBUG o.dbunit.dataset.OrderedTableNameMap - getTableName(tableName=order_items) - end - result=ORDER_ITEMS
23:04:33.951 [main] DEBUG org.dbunit.dataset.CachedDataSet - endTable() - start
23:04:33.951 [main] DEBUG o.dbunit.dataset.OrderedTableNameMap - getTableName(tableName=order_items) - start
23:04:33.951 [main] DEBUG o.dbunit.dataset.OrderedTableNameMap - getTableName(tableName=order_items) - end - result=ORDER_ITEMS
23:04:33.951 [main] DEBUG o.dbunit.dataset.OrderedTableNameMap - getTableName(tableName=order_items) - start
23:04:33.953 [main] DEBUG o.dbunit.dataset.OrderedTableNameMap - getTableName(tableName=order_items) - end - result=ORDER_ITEMS
23:04:33.953 [main] DEBUG org.dbunit.dataset.DefaultTable - addTableRows(table=org.dbunit.dataset.DefaultTable[_metaData=tableName=order_items, columns=[(id, UNKNOWN, nullableUnknown), (order_order_number, UNKNOWN, nullableUnknown), (product_sku_number, UNKNOWN, nullableUnknown), (quantity, UNKNOWN, nullableUnknown)], keys=[], _rowList.size()=1]) - start
23:04:33.953 [main] DEBUG org.dbunit.dataset.DefaultTable - getValue(row=0, column=id) - start
23:04:33.955 [main] DEBUG org.dbunit.dataset.AbstractTable - assertValidRowIndex(row=0) - start
23:04:33.955 [main] DEBUG org.dbunit.dataset.AbstractTable - assertValidRowIndex(row=0, rowCount=1) - start
23:04:33.955 [main] DEBUG org.dbunit.dataset.AbstractTable - getColumnIndex(columnName=id) - start
23:04:33.955 [main] DEBUG o.d.dataset.AbstractTableMetaData - getColumnIndex(columnName=id) - start
23:04:33.955 [main] DEBUG org.dbunit.dataset.DefaultTable - getValue(row=0, column=order_order_number) - start
23:04:33.956 [main] DEBUG org.dbunit.dataset.AbstractTable - assertValidRowIndex(row=0) - start
23:04:33.956 [main] DEBUG org.dbunit.dataset.AbstractTable - assertValidRowIndex(row=0, rowCount=1) - start
23:04:33.956 [main] DEBUG org.dbunit.dataset.AbstractTable - getColumnIndex(columnName=order_order_number) - start
23:04:33.956 [main] DEBUG o.d.dataset.AbstractTableMetaData - getColumnIndex(columnName=order_order_number) - start
23:04:33.956 [main] DEBUG org.dbunit.dataset.DefaultTable - getValue(row=0, column=product_sku_number) - start
23:04:33.958 [main] DEBUG org.dbunit.dataset.AbstractTable - assertValidRowIndex(row=0) - start
23:04:33.958 [main] DEBUG org.dbunit.dataset.AbstractTable - assertValidRowIndex(row=0, rowCount=1) - start
23:04:33.958 [main] DEBUG org.dbunit.dataset.AbstractTable - getColumnIndex(columnName=product_sku_number) - start
23:04:33.958 [main] DEBUG o.d.dataset.AbstractTableMetaData - getColumnIndex(columnName=product_sku_number) - start
23:04:33.958 [main] DEBUG org.dbunit.dataset.DefaultTable - getValue(row=0, column=quantity) - start
23:04:33.959 [main] DEBUG org.dbunit.dataset.AbstractTable - assertValidRowIndex(row=0) - start
23:04:33.959 [main] DEBUG org.dbunit.dataset.AbstractTable - assertValidRowIndex(row=0, rowCount=1) - start
23:04:33.959 [main] DEBUG org.dbunit.dataset.AbstractTable - getColumnIndex(columnName=quantity) - start
23:04:33.959 [main] DEBUG o.d.dataset.AbstractTableMetaData - getColumnIndex(columnName=quantity) - start
23:04:33.960 [main] DEBUG org.dbunit.dataset.DefaultTable - getValue(row=1, column=id) - start
23:04:33.961 [main] DEBUG org.dbunit.dataset.AbstractTable - assertValidRowIndex(row=1) - start
23:04:33.961 [main] DEBUG org.dbunit.dataset.AbstractTable - assertValidRowIndex(row=1, rowCount=1) - start
23:04:33.961 [main] DEBUG org.dbunit.dataset.CachedDataSet - endDataSet() - start
23:04:33.961 [main] DEBUG org.dbunit.dataset.CachedDataSet - endDataSet() - the final tableMap is: org.dbunit.dataset.OrderedTableNameMap[_tableNames=[customers, products, orders, order_items], _tableMap={ORDER_ITEMS=org.dbunit.dataset.DefaultTable[_metaData=tableName=order_items, columns=[(id, UNKNOWN, nullableUnknown), (order_order_number, UNKNOWN, nullableUnknown), (product_sku_number, UNKNOWN, nullableUnknown), (quantity, UNKNOWN, nullableUnknown)], keys=[], _rowList.size()=8], CUSTOMERS=org.dbunit.dataset.DefaultTable[_metaData=tableName=customers, columns=[(id, UNKNOWN, nullableUnknown), (name, UNKNOWN, nullableUnknown)], keys=[], _rowList.size()=6], ORDERS=org.dbunit.dataset.DefaultTable[_metaData=tableName=orders, columns=[(order_number, UNKNOWN, nullableUnknown), (customer_id, UNKNOWN, nullableUnknown), (date, UNKNOWN, nullableUnknown), (amount, UNKNOWN, nullableUnknown), (order_status, UNKNOWN, nullableUnknown), (discount_status, UNKNOWN, nullableUnknown)], keys=[], _rowList.size()=6], PRODUCTS=org.dbunit.dataset.DefaultTable[_metaData=tableName=products, columns=[(sku_number, UNKNOWN, nullableUnknown), (name, UNKNOWN, nullableUnknown), (amount, UNKNOWN, nullableUnknown)], keys=[], _rowList.size()=4]}, _caseSensitiveTableNames=false]
23:04:33.962 [main] DEBUG org.dbunit.AbstractDatabaseTester - setDataSet(dataSet=AbstractDataSet[_orderedTableNameMap=null]) - start
23:04:33.962 [main] DEBUG org.dbunit.DatabaseTestCase - getOperationListener() - start
23:04:33.962 [main] DEBUG org.dbunit.AbstractDatabaseTester - setOperationListener(operationListener=org.dbunit.DatabaseTestCase$1@113a53d) - start
23:04:33.963 [main] DEBUG org.dbunit.AbstractDatabaseTester - onTearDown() - start
23:04:33.963 [main] DEBUG org.dbunit.AbstractDatabaseTester - executeOperation(operation=org.dbunit.operation.DeleteAllOperation@19b1de) - start
23:04:33.964 [main] DEBUG org.dbunit.JdbcDatabaseTester - getConnection() - start
23:04:33.964 [main] DEBUG org.dbunit.assertion.SimpleAssert - assertNotNullNorEmpty(propertyName=connectionUrl, property=jdbc:mysql://127.0.0.1/orderingsystem_test) - start
23:04:33.973 [main] DEBUG org.dbunit.util.SQLHelper - isEscaped returns 'false' for tableName= (dbIdentifierQuoteString=`)
23:04:33.974 [main] DEBUG o.dbunit.database.DatabaseConnection - Database connection info: 
	database product name=MySQL
	database version=5.5.2-m2-community
	database major version=5
	database minor version=5
	jdbc driver name=MySQL-AB JDBC Driver
	jdbc driver version=mysql-connector-java-5.1.16 ( Revision: ${bzr.revision-id} )
	jdbc driver major version=5
	jdbc driver minor version=1

23:04:34.069 [main] DEBUG o.dbunit.database.DatabaseConnection - validateSchema(validateStrict=false) - start
23:04:34.070 [main] WARN  o.dbunit.database.DatabaseConnection - The given schema '' does not exist.
23:04:34.070 [main] DEBUG org.dbunit.DefaultOperationListener - connectionCreated(connection=org.dbunit.database.DatabaseConnection[schema=, connection=com.mysql.jdbc.JDBC4Connection@3cc262, super=_databaseConfig=org.dbunit.database.DatabaseConfig[, _propertyMap={http://www.dbunit.org/properties/statementFactory=org.dbunit.database.statement.PreparedStatementFactory@16c9867, http://www.dbunit.org/features/caseSensitiveTableNames=false, http://www.dbunit.org/properties/fetchSize=100, http://www.dbunit.org/features/batchedStatements=false, http://www.dbunit.org/properties/metadataHandler=org.dbunit.database.DefaultMetadataHandler@fdb00d, http://www.dbunit.org/properties/datatypeFactory=org.dbunit.dataset.datatype.DefaultDataTypeFactory[_toleratedDeltaMap=org.dbunit.dataset.datatype.ToleratedDeltaMap@c837cd], http://www.dbunit.org/properties/escapePattern=null, http://www.dbunit.org/properties/batchSize=100, http://www.dbunit.org/features/qualifiedTableNames=false, http://www.dbunit.org/properties/tableType=[Ljava.lang.String;@c79809, http://www.dbunit.org/properties/resultSetTableFactory=org.dbunit.database.CachedResultSetTableFactory@1ce784b, http://www.dbunit.org/features/datatypeWarning=true}], _dataSet=null]) - start
23:04:34.070 [main] DEBUG org.dbunit.AbstractDatabaseTester - getDataSet() - start
23:04:34.070 [main] DEBUG o.d.operation.DeleteAllOperation - execute(connection=org.dbunit.database.DatabaseConnection[schema=, connection=com.mysql.jdbc.JDBC4Connection@3cc262, super=_databaseConfig=org.dbunit.database.DatabaseConfig[, _propertyMap={http://www.dbunit.org/properties/statementFactory=org.dbunit.database.statement.PreparedStatementFactory@16c9867, http://www.dbunit.org/features/caseSensitiveTableNames=false, http://www.dbunit.org/properties/fetchSize=100, http://www.dbunit.org/features/batchedStatements=false, http://www.dbunit.org/properties/metadataHandler=org.dbunit.database.DefaultMetadataHandler@fdb00d, http://www.dbunit.org/properties/datatypeFactory=org.dbunit.dataset.datatype.DefaultDataTypeFactory[_toleratedDeltaMap=org.dbunit.dataset.datatype.ToleratedDeltaMap@c837cd], http://www.dbunit.org/properties/escapePattern=null, http://www.dbunit.org/properties/batchSize=100, http://www.dbunit.org/features/qualifiedTableNames=false, http://www.dbunit.org/properties/tableType=[Ljava.lang.String;@c79809, http://www.dbunit.org/properties/resultSetTableFactory=org.dbunit.database.CachedResultSetTableFactory@1ce784b, http://www.dbunit.org/features/datatypeWarning=true}], _dataSet=null], dataSet=AbstractDataSet[_orderedTableNameMap=null]) - start
23:04:34.071 [main] DEBUG o.d.d.AbstractDatabaseConnection - createDataSet() - start
23:04:34.071 [main] DEBUG o.d.d.s.PreparedStatementFactory - createBatchStatement(connection=org.dbunit.database.DatabaseConnection[schema=, connection=com.mysql.jdbc.JDBC4Connection@3cc262, super=_databaseConfig=org.dbunit.database.DatabaseConfig[, _propertyMap={http://www.dbunit.org/properties/statementFactory=org.dbunit.database.statement.PreparedStatementFactory@16c9867, http://www.dbunit.org/features/caseSensitiveTableNames=false, http://www.dbunit.org/properties/fetchSize=100, http://www.dbunit.org/features/batchedStatements=false, http://www.dbunit.org/properties/metadataHandler=org.dbunit.database.DefaultMetadataHandler@fdb00d, http://www.dbunit.org/properties/datatypeFactory=org.dbunit.dataset.datatype.DefaultDataTypeFactory[_toleratedDeltaMap=org.dbunit.dataset.datatype.ToleratedDeltaMap@c837cd], http://www.dbunit.org/properties/escapePattern=null, http://www.dbunit.org/properties/batchSize=100, http://www.dbunit.org/features/qualifiedTableNames=false, http://www.dbunit.org/properties/tableType=[Ljava.lang.String;@c79809, http://www.dbunit.org/properties/resultSetTableFactory=org.dbunit.database.CachedResultSetTableFactory@1ce784b, http://www.dbunit.org/features/datatypeWarning=true}], _dataSet=AbstractDataSet[_orderedTableNameMap=null]]) - start
23:04:34.075 [main] DEBUG o.d.d.s.AbstractStatementFactory - supportBatchStatement(connection=org.dbunit.database.DatabaseConnection[schema=, connection=com.mysql.jdbc.JDBC4Connection@3cc262, super=_databaseConfig=org.dbunit.database.DatabaseConfig[, _propertyMap={http://www.dbunit.org/properties/statementFactory=org.dbunit.database.statement.PreparedStatementFactory@16c9867, http://www.dbunit.org/features/caseSensitiveTableNames=false, http://www.dbunit.org/properties/fetchSize=100, http://www.dbunit.org/features/batchedStatements=false, http://www.dbunit.org/properties/metadataHandler=org.dbunit.database.DefaultMetadataHandler@fdb00d, http://www.dbunit.org/properties/datatypeFactory=org.dbunit.dataset.datatype.DefaultDataTypeFactory[_toleratedDeltaMap=org.dbunit.dataset.datatype.ToleratedDeltaMap@c837cd], http://www.dbunit.org/properties/escapePattern=null, http://www.dbunit.org/properties/batchSize=100, http://www.dbunit.org/features/qualifiedTableNames=false, http://www.dbunit.org/properties/tableType=[Ljava.lang.String;@c79809, http://www.dbunit.org/properties/resultSetTableFactory=org.dbunit.database.CachedResultSetTableFactory@1ce784b, http://www.dbunit.org/features/datatypeWarning=true}], _dataSet=AbstractDataSet[_orderedTableNameMap=null]]) - start
23:04:34.079 [main] DEBUG org.dbunit.dataset.AbstractDataSet - iterator() - start
23:04:34.079 [main] DEBUG org.dbunit.dataset.CachedDataSet - createIterator(reversed=false) - start
23:04:34.079 [main] DEBUG o.dbunit.dataset.OrderedTableNameMap - orderedValues() - start
23:04:34.079 [main] DEBUG o.dbunit.dataset.OrderedTableNameMap - getTableName(tableName=customers) - start
23:04:34.081 [main] DEBUG o.dbunit.dataset.OrderedTableNameMap - getTableName(tableName=customers) - end - result=CUSTOMERS
23:04:34.081 [main] DEBUG o.dbunit.dataset.OrderedTableNameMap - getTableName(tableName=products) - start
23:04:34.083 [main] DEBUG o.dbunit.dataset.OrderedTableNameMap - getTableName(tableName=products) - end - result=PRODUCTS
23:04:34.083 [main] DEBUG o.dbunit.dataset.OrderedTableNameMap - getTableName(tableName=orders) - start
23:04:34.083 [main] DEBUG o.dbunit.dataset.OrderedTableNameMap - getTableName(tableName=orders) - end - result=ORDERS
23:04:34.083 [main] DEBUG o.dbunit.dataset.OrderedTableNameMap - getTableName(tableName=order_items) - start
23:04:34.083 [main] DEBUG o.dbunit.dataset.OrderedTableNameMap - getTableName(tableName=order_items) - end - result=ORDER_ITEMS
23:04:34.088 [main] DEBUG o.d.dataset.DefaultTableIterator - getTableMetaData() - start
23:04:34.088 [main] DEBUG o.d.dataset.DefaultTableIterator - getTable() - start
23:04:34.088 [main] DEBUG o.d.dataset.DefaultTableIterator - getTableMetaData() - start
23:04:34.089 [main] DEBUG o.d.dataset.DefaultTableIterator - getTable() - start
23:04:34.089 [main] DEBUG o.d.dataset.DefaultTableIterator - getTableMetaData() - start
23:04:34.089 [main] DEBUG o.d.dataset.DefaultTableIterator - getTable() - start
23:04:34.089 [main] DEBUG o.d.dataset.DefaultTableIterator - getTableMetaData() - start
23:04:34.090 [main] DEBUG o.d.dataset.DefaultTableIterator - getTable() - start
23:04:34.090 [main] DEBUG org.dbunit.database.DatabaseDataSet - getTableMetaData(tableName=order_items) - start
23:04:34.090 [main] DEBUG org.dbunit.database.DatabaseDataSet - initialize() - start
23:04:34.090 [main] DEBUG org.dbunit.database.DatabaseDataSet - Initializing the data set from the database...
23:04:34.094 [main] DEBUG org.dbunit.database.DatabaseDataSet - 
	database product name=MySQL
	database version=5.5.2-m2-community
	database major version=5
	database minor version=5
	jdbc driver name=MySQL-AB JDBC Driver
	jdbc driver version=mysql-connector-java-5.1.16 ( Revision: ${bzr.revision-id} )
	jdbc driver major version=5
	jdbc driver minor version=1

23:04:34.094 [main] DEBUG org.dbunit.database.DatabaseDataSet - metadata resultset=com.mysql.jdbc.JDBC4ResultSet@15311bd
23:04:34.094 [main] DEBUG org.dbunit.util.QualifiedTableName - getQualifiedNameIfEnabled(config=org.dbunit.database.DatabaseConfig[, _propertyMap={http://www.dbunit.org/properties/statementFactory=org.dbunit.database.statement.PreparedStatementFactory@16c9867, http://www.dbunit.org/features/caseSensitiveTableNames=false, http://www.dbunit.org/properties/fetchSize=100, http://www.dbunit.org/features/batchedStatements=false, http://www.dbunit.org/properties/metadataHandler=org.dbunit.database.DefaultMetadataHandler@fdb00d, http://www.dbunit.org/properties/datatypeFactory=org.dbunit.dataset.datatype.DefaultDataTypeFactory[_toleratedDeltaMap=org.dbunit.dataset.datatype.ToleratedDeltaMap@c837cd], http://www.dbunit.org/properties/escapePattern=null, http://www.dbunit.org/properties/batchSize=100, http://www.dbunit.org/features/qualifiedTableNames=false, http://www.dbunit.org/properties/tableType=[Ljava.lang.String;@c79809, http://www.dbunit.org/properties/resultSetTableFactory=org.dbunit.database.CachedResultSetTableFactory@1ce784b, http://www.dbunit.org/features/datatypeWarning=true}]) - start
23:04:34.194 [main] DEBUG org.dbunit.util.QualifiedTableName - Qualified table names feature is disabled. Returning plain table name
23:04:34.194 [main] DEBUG org.dbunit.util.QualifiedTableName - getQualifiedName(prefix=null, name=customers, escapePattern=null) - start
23:04:34.194 [main] DEBUG o.dbunit.dataset.OrderedTableNameMap - add(tableName=customers, object=null) - start
23:04:34.194 [main] DEBUG o.dbunit.dataset.OrderedTableNameMap - getTableName(tableName=customers) - start
23:04:34.194 [main] DEBUG o.dbunit.dataset.OrderedTableNameMap - getTableName(tableName=customers) - end - result=CUSTOMERS
23:04:34.196 [main] DEBUG o.dbunit.dataset.OrderedTableNameMap - getTableName(tableName=CUSTOMERS) - start
23:04:34.196 [main] DEBUG o.dbunit.dataset.OrderedTableNameMap - getTableName(tableName=CUSTOMERS) - end - result=CUSTOMERS
23:04:34.196 [main] DEBUG org.dbunit.util.QualifiedTableName - getQualifiedNameIfEnabled(config=org.dbunit.database.DatabaseConfig[, _propertyMap={http://www.dbunit.org/properties/statementFactory=org.dbunit.database.statement.PreparedStatementFactory@16c9867, http://www.dbunit.org/features/caseSensitiveTableNames=false, http://www.dbunit.org/properties/fetchSize=100, http://www.dbunit.org/features/batchedStatements=false, http://www.dbunit.org/properties/metadataHandler=org.dbunit.database.DefaultMetadataHandler@fdb00d, http://www.dbunit.org/properties/datatypeFactory=org.dbunit.dataset.datatype.DefaultDataTypeFactory[_toleratedDeltaMap=org.dbunit.dataset.datatype.ToleratedDeltaMap@c837cd], http://www.dbunit.org/properties/escapePattern=null, http://www.dbunit.org/properties/batchSize=100, http://www.dbunit.org/features/qualifiedTableNames=false, http://www.dbunit.org/properties/tableType=[Ljava.lang.String;@c79809, http://www.dbunit.org/properties/resultSetTableFactory=org.dbunit.database.CachedResultSetTableFactory@1ce784b, http://www.dbunit.org/features/datatypeWarning=true}]) - start
23:04:34.200 [main] DEBUG org.dbunit.util.QualifiedTableName - Qualified table names feature is disabled. Returning plain table name
23:04:34.200 [main] DEBUG org.dbunit.util.QualifiedTableName - getQualifiedName(prefix=null, name=inventories, escapePattern=null) - start
23:04:34.200 [main] DEBUG o.dbunit.dataset.OrderedTableNameMap - add(tableName=inventories, object=null) - start
23:04:34.200 [main] DEBUG o.dbunit.dataset.OrderedTableNameMap - getTableName(tableName=inventories) - start
23:04:34.200 [main] DEBUG o.dbunit.dataset.OrderedTableNameMap - getTableName(tableName=inventories) - end - result=INVENTORIES
23:04:34.201 [main] DEBUG o.dbunit.dataset.OrderedTableNameMap - getTableName(tableName=INVENTORIES) - start
23:04:34.201 [main] DEBUG o.dbunit.dataset.OrderedTableNameMap - getTableName(tableName=INVENTORIES) - end - result=INVENTORIES
23:04:34.201 [main] DEBUG org.dbunit.util.QualifiedTableName - getQualifiedNameIfEnabled(config=org.dbunit.database.DatabaseConfig[, _propertyMap={http://www.dbunit.org/properties/statementFactory=org.dbunit.database.statement.PreparedStatementFactory@16c9867, http://www.dbunit.org/features/caseSensitiveTableNames=false, http://www.dbunit.org/properties/fetchSize=100, http://www.dbunit.org/features/batchedStatements=false, http://www.dbunit.org/properties/metadataHandler=org.dbunit.database.DefaultMetadataHandler@fdb00d, http://www.dbunit.org/properties/datatypeFactory=org.dbunit.dataset.datatype.DefaultDataTypeFactory[_toleratedDeltaMap=org.dbunit.dataset.datatype.ToleratedDeltaMap@c837cd], http://www.dbunit.org/properties/escapePattern=null, http://www.dbunit.org/properties/batchSize=100, http://www.dbunit.org/features/qualifiedTableNames=false, http://www.dbunit.org/properties/tableType=[Ljava.lang.String;@c79809, http://www.dbunit.org/properties/resultSetTableFactory=org.dbunit.database.CachedResultSetTableFactory@1ce784b, http://www.dbunit.org/features/datatypeWarning=true}]) - start
23:04:34.206 [main] DEBUG org.dbunit.util.QualifiedTableName - Qualified table names feature is disabled. Returning plain table name
23:04:34.206 [main] DEBUG org.dbunit.util.QualifiedTableName - getQualifiedName(prefix=null, name=inventory_items, escapePattern=null) - start
23:04:34.206 [main] DEBUG o.dbunit.dataset.OrderedTableNameMap - add(tableName=inventory_items, object=null) - start
23:04:34.206 [main] DEBUG o.dbunit.dataset.OrderedTableNameMap - getTableName(tableName=inventory_items) - start
23:04:34.206 [main] DEBUG o.dbunit.dataset.OrderedTableNameMap - getTableName(tableName=inventory_items) - end - result=INVENTORY_ITEMS
23:04:34.207 [main] DEBUG o.dbunit.dataset.OrderedTableNameMap - getTableName(tableName=INVENTORY_ITEMS) - start
23:04:34.207 [main] DEBUG o.dbunit.dataset.OrderedTableNameMap - getTableName(tableName=INVENTORY_ITEMS) - end - result=INVENTORY_ITEMS
23:04:34.207 [main] DEBUG org.dbunit.util.QualifiedTableName - getQualifiedNameIfEnabled(config=org.dbunit.database.DatabaseConfig[, _propertyMap={http://www.dbunit.org/properties/statementFactory=org.dbunit.database.statement.PreparedStatementFactory@16c9867, http://www.dbunit.org/features/caseSensitiveTableNames=false, http://www.dbunit.org/properties/fetchSize=100, http://www.dbunit.org/features/batchedStatements=false, http://www.dbunit.org/properties/metadataHandler=org.dbunit.database.DefaultMetadataHandler@fdb00d, http://www.dbunit.org/properties/datatypeFactory=org.dbunit.dataset.datatype.DefaultDataTypeFactory[_toleratedDeltaMap=org.dbunit.dataset.datatype.ToleratedDeltaMap@c837cd], http://www.dbunit.org/properties/escapePattern=null, http://www.dbunit.org/properties/batchSize=100, http://www.dbunit.org/features/qualifiedTableNames=false, http://www.dbunit.org/properties/tableType=[Ljava.lang.String;@c79809, http://www.dbunit.org/properties/resultSetTableFactory=org.dbunit.database.CachedResultSetTableFactory@1ce784b, http://www.dbunit.org/features/datatypeWarning=true}]) - start
23:04:34.212 [main] DEBUG org.dbunit.util.QualifiedTableName - Qualified table names feature is disabled. Returning plain table name
23:04:34.212 [main] DEBUG org.dbunit.util.QualifiedTableName - getQualifiedName(prefix=null, name=order_items, escapePattern=null) - start
23:04:34.212 [main] DEBUG o.dbunit.dataset.OrderedTableNameMap - add(tableName=order_items, object=null) - start
23:04:34.212 [main] DEBUG o.dbunit.dataset.OrderedTableNameMap - getTableName(tableName=order_items) - start
23:04:34.212 [main] DEBUG o.dbunit.dataset.OrderedTableNameMap - getTableName(tableName=order_items) - end - result=ORDER_ITEMS
23:04:34.213 [main] DEBUG o.dbunit.dataset.OrderedTableNameMap - getTableName(tableName=ORDER_ITEMS) - start
23:04:34.213 [main] DEBUG o.dbunit.dataset.OrderedTableNameMap - getTableName(tableName=ORDER_ITEMS) - end - result=ORDER_ITEMS
23:04:34.213 [main] DEBUG org.dbunit.util.QualifiedTableName - getQualifiedNameIfEnabled(config=org.dbunit.database.DatabaseConfig[, _propertyMap={http://www.dbunit.org/properties/statementFactory=org.dbunit.database.statement.PreparedStatementFactory@16c9867, http://www.dbunit.org/features/caseSensitiveTableNames=false, http://www.dbunit.org/properties/fetchSize=100, http://www.dbunit.org/features/batchedStatements=false, http://www.dbunit.org/properties/metadataHandler=org.dbunit.database.DefaultMetadataHandler@fdb00d, http://www.dbunit.org/properties/datatypeFactory=org.dbunit.dataset.datatype.DefaultDataTypeFactory[_toleratedDeltaMap=org.dbunit.dataset.datatype.ToleratedDeltaMap@c837cd], http://www.dbunit.org/properties/escapePattern=null, http://www.dbunit.org/properties/batchSize=100, http://www.dbunit.org/features/qualifiedTableNames=false, http://www.dbunit.org/properties/tableType=[Ljava.lang.String;@c79809, http://www.dbunit.org/properties/resultSetTableFactory=org.dbunit.database.CachedResultSetTableFactory@1ce784b, http://www.dbunit.org/features/datatypeWarning=true}]) - start
23:04:34.218 [main] DEBUG org.dbunit.util.QualifiedTableName - Qualified table names feature is disabled. Returning plain table name
23:04:34.218 [main] DEBUG org.dbunit.util.QualifiedTableName - getQualifiedName(prefix=null, name=orders, escapePattern=null) - start
23:04:34.218 [main] DEBUG o.dbunit.dataset.OrderedTableNameMap - add(tableName=orders, object=null) - start
23:04:34.218 [main] DEBUG o.dbunit.dataset.OrderedTableNameMap - getTableName(tableName=orders) - start
23:04:34.218 [main] DEBUG o.dbunit.dataset.OrderedTableNameMap - getTableName(tableName=orders) - end - result=ORDERS
23:04:34.219 [main] DEBUG o.dbunit.dataset.OrderedTableNameMap - getTableName(tableName=ORDERS) - start
23:04:34.219 [main] DEBUG o.dbunit.dataset.OrderedTableNameMap - getTableName(tableName=ORDERS) - end - result=ORDERS
23:04:34.219 [main] DEBUG org.dbunit.util.QualifiedTableName - getQualifiedNameIfEnabled(config=org.dbunit.database.DatabaseConfig[, _propertyMap={http://www.dbunit.org/properties/statementFactory=org.dbunit.database.statement.PreparedStatementFactory@16c9867, http://www.dbunit.org/features/caseSensitiveTableNames=false, http://www.dbunit.org/properties/fetchSize=100, http://www.dbunit.org/features/batchedStatements=false, http://www.dbunit.org/properties/metadataHandler=org.dbunit.database.DefaultMetadataHandler@fdb00d, http://www.dbunit.org/properties/datatypeFactory=org.dbunit.dataset.datatype.DefaultDataTypeFactory[_toleratedDeltaMap=org.dbunit.dataset.datatype.ToleratedDeltaMap@c837cd], http://www.dbunit.org/properties/escapePattern=null, http://www.dbunit.org/properties/batchSize=100, http://www.dbunit.org/features/qualifiedTableNames=false, http://www.dbunit.org/properties/tableType=[Ljava.lang.String;@c79809, http://www.dbunit.org/properties/resultSetTableFactory=org.dbunit.database.CachedResultSetTableFactory@1ce784b, http://www.dbunit.org/features/datatypeWarning=true}]) - start
23:04:34.224 [main] DEBUG org.dbunit.util.QualifiedTableName - Qualified table names feature is disabled. Returning plain table name
23:04:34.224 [main] DEBUG org.dbunit.util.QualifiedTableName - getQualifiedName(prefix=null, name=products, escapePattern=null) - start
23:04:34.224 [main] DEBUG o.dbunit.dataset.OrderedTableNameMap - add(tableName=products, object=null) - start
23:04:34.224 [main] DEBUG o.dbunit.dataset.OrderedTableNameMap - getTableName(tableName=products) - start
23:04:34.224 [main] DEBUG o.dbunit.dataset.OrderedTableNameMap - getTableName(tableName=products) - end - result=PRODUCTS
23:04:34.225 [main] DEBUG o.dbunit.dataset.OrderedTableNameMap - getTableName(tableName=PRODUCTS) - start
23:04:34.225 [main] DEBUG o.dbunit.dataset.OrderedTableNameMap - getTableName(tableName=PRODUCTS) - end - result=PRODUCTS
23:04:34.225 [main] DEBUG o.dbunit.dataset.OrderedTableNameMap - getTableName(tableName=order_items) - start
23:04:34.225 [main] DEBUG o.dbunit.dataset.OrderedTableNameMap - getTableName(tableName=order_items) - end - result=ORDER_ITEMS
23:04:34.225 [main] DEBUG o.dbunit.dataset.OrderedTableNameMap - getTableName(tableName=order_items) - start
23:04:34.229 [main] DEBUG o.dbunit.dataset.OrderedTableNameMap - getTableName(tableName=order_items) - end - result=ORDER_ITEMS
23:04:34.229 [main] DEBUG org.dbunit.util.SQLHelper - isEscaped returns 'false' for tableName=order_items (dbIdentifierQuoteString=`)
23:04:34.230 [main] DEBUG o.d.database.DatabaseTableMetaData - Validating if table 'order_items' exists in schema '' ...
23:04:34.231 [main] DEBUG org.dbunit.util.SQLHelper - close(resultSet=com.mysql.jdbc.JDBC4ResultSet@1c65216) - start
23:04:34.231 [main] DEBUG o.dbunit.dataset.OrderedTableNameMap - update(tableName=order_items, object=table=order_items, cols=[(id, INTEGER, noNulls), (order_order_number, INTEGER, noNulls), (product_sku_number, INTEGER, noNulls), (quantity, INTEGER, noNulls)], pk=[(id, INTEGER, noNulls)]) - start
23:04:34.238 [main] DEBUG o.dbunit.dataset.OrderedTableNameMap - getTableName(tableName=order_items) - start
23:04:34.238 [main] DEBUG o.dbunit.dataset.OrderedTableNameMap - getTableName(tableName=order_items) - end - result=ORDER_ITEMS
23:04:34.333 [main] DEBUG o.dbunit.dataset.OrderedTableNameMap - getTableName(tableName=order_items) - start
23:04:34.333 [main] DEBUG o.dbunit.dataset.OrderedTableNameMap - getTableName(tableName=order_items) - end - result=ORDER_ITEMS
23:04:34.333 [main] DEBUG o.dbunit.operation.AbstractOperation - getQualifiedName(prefix=, name=order_items, connection=org.dbunit.database.DatabaseConnection[schema=, connection=com.mysql.jdbc.JDBC4Connection@3cc262, super=_databaseConfig=org.dbunit.database.DatabaseConfig[, _propertyMap={http://www.dbunit.org/properties/statementFactory=org.dbunit.database.statement.PreparedStatementFactory@16c9867, http://www.dbunit.org/features/caseSensitiveTableNames=false, http://www.dbunit.org/properties/fetchSize=100, http://www.dbunit.org/features/batchedStatements=false, http://www.dbunit.org/properties/metadataHandler=org.dbunit.database.DefaultMetadataHandler@fdb00d, http://www.dbunit.org/properties/datatypeFactory=org.dbunit.dataset.datatype.DefaultDataTypeFactory[_toleratedDeltaMap=org.dbunit.dataset.datatype.ToleratedDeltaMap@c837cd], http://www.dbunit.org/properties/escapePattern=null, http://www.dbunit.org/properties/batchSize=100, http://www.dbunit.org/features/qualifiedTableNames=false, http://www.dbunit.org/properties/tableType=[Ljava.lang.String;@c79809, http://www.dbunit.org/properties/resultSetTableFactory=org.dbunit.database.CachedResultSetTableFactory@1ce784b, http://www.dbunit.org/features/datatypeWarning=true}], _dataSet=AbstractDataSet[_orderedTableNameMap=null]]) - start
23:04:34.334 [main] DEBUG org.dbunit.util.QualifiedTableName - getQualifiedName() - start
23:04:34.334 [main] DEBUG org.dbunit.util.QualifiedTableName - getQualifiedName(prefix=, name=order_items, escapePattern=null) - start
23:04:34.334 [main] DEBUG o.d.d.statement.SimpleStatement - addBatch(sql=delete from order_items) - start
23:04:34.334 [main] DEBUG o.d.operation.DeleteAllOperation - Added SQL: delete from order_items
23:04:34.334 [main] DEBUG org.dbunit.database.DatabaseDataSet - getTableMetaData(tableName=orders) - start
23:04:34.335 [main] DEBUG org.dbunit.database.DatabaseDataSet - initialize() - start
23:04:34.335 [main] DEBUG o.dbunit.dataset.OrderedTableNameMap - getTableName(tableName=orders) - start
23:04:34.335 [main] DEBUG o.dbunit.dataset.OrderedTableNameMap - getTableName(tableName=orders) - end - result=ORDERS
23:04:34.335 [main] DEBUG o.dbunit.dataset.OrderedTableNameMap - getTableName(tableName=orders) - start
23:04:34.335 [main] DEBUG o.dbunit.dataset.OrderedTableNameMap - getTableName(tableName=orders) - end - result=ORDERS
23:04:34.340 [main] DEBUG org.dbunit.util.SQLHelper - isEscaped returns 'false' for tableName=orders (dbIdentifierQuoteString=`)
23:04:34.340 [main] DEBUG o.d.database.DatabaseTableMetaData - Validating if table 'orders' exists in schema '' ...
23:04:34.343 [main] DEBUG org.dbunit.util.SQLHelper - close(resultSet=com.mysql.jdbc.JDBC4ResultSet@238a47) - start
23:04:34.343 [main] DEBUG o.dbunit.dataset.OrderedTableNameMap - update(tableName=orders, object=table=orders, cols=[(order_number, INTEGER, noNulls), (customer_id, INTEGER, noNulls), (date, DATE, noNulls), (amount, DECIMAL, noNulls), (order_status, VARCHAR, noNulls), (discount_status, VARCHAR, noNulls)], pk=[(order_number, INTEGER, noNulls)]) - start
23:04:34.350 [main] DEBUG o.dbunit.dataset.OrderedTableNameMap - getTableName(tableName=orders) - start
23:04:34.350 [main] DEBUG o.dbunit.dataset.OrderedTableNameMap - getTableName(tableName=orders) - end - result=ORDERS
23:04:34.444 [main] DEBUG o.dbunit.dataset.OrderedTableNameMap - getTableName(tableName=orders) - start
23:04:34.444 [main] DEBUG o.dbunit.dataset.OrderedTableNameMap - getTableName(tableName=orders) - end - result=ORDERS
23:04:34.444 [main] DEBUG o.dbunit.operation.AbstractOperation - getQualifiedName(prefix=, name=orders, connection=org.dbunit.database.DatabaseConnection[schema=, connection=com.mysql.jdbc.JDBC4Connection@3cc262, super=_databaseConfig=org.dbunit.database.DatabaseConfig[, _propertyMap={http://www.dbunit.org/properties/statementFactory=org.dbunit.database.statement.PreparedStatementFactory@16c9867, http://www.dbunit.org/features/caseSensitiveTableNames=false, http://www.dbunit.org/properties/fetchSize=100, http://www.dbunit.org/features/batchedStatements=false, http://www.dbunit.org/properties/metadataHandler=org.dbunit.database.DefaultMetadataHandler@fdb00d, http://www.dbunit.org/properties/datatypeFactory=org.dbunit.dataset.datatype.DefaultDataTypeFactory[_toleratedDeltaMap=org.dbunit.dataset.datatype.ToleratedDeltaMap@c837cd], http://www.dbunit.org/properties/escapePattern=null, http://www.dbunit.org/properties/batchSize=100, http://www.dbunit.org/features/qualifiedTableNames=false, http://www.dbunit.org/properties/tableType=[Ljava.lang.String;@c79809, http://www.dbunit.org/properties/resultSetTableFactory=org.dbunit.database.CachedResultSetTableFactory@1ce784b, http://www.dbunit.org/features/datatypeWarning=true}], _dataSet=AbstractDataSet[_orderedTableNameMap=null]]) - start
23:04:34.445 [main] DEBUG org.dbunit.util.QualifiedTableName - getQualifiedName() - start
23:04:34.445 [main] DEBUG org.dbunit.util.QualifiedTableName - getQualifiedName(prefix=, name=orders, escapePattern=null) - start
23:04:34.445 [main] DEBUG o.d.d.statement.SimpleStatement - addBatch(sql=delete from orders) - start
23:04:34.445 [main] DEBUG o.d.operation.DeleteAllOperation - Added SQL: delete from orders
23:04:34.445 [main] DEBUG org.dbunit.database.DatabaseDataSet - getTableMetaData(tableName=products) - start
23:04:34.446 [main] DEBUG org.dbunit.database.DatabaseDataSet - initialize() - start
23:04:34.446 [main] DEBUG o.dbunit.dataset.OrderedTableNameMap - getTableName(tableName=products) - start
23:04:34.446 [main] DEBUG o.dbunit.dataset.OrderedTableNameMap - getTableName(tableName=products) - end - result=PRODUCTS
23:04:34.446 [main] DEBUG o.dbunit.dataset.OrderedTableNameMap - getTableName(tableName=products) - start
23:04:34.446 [main] DEBUG o.dbunit.dataset.OrderedTableNameMap - getTableName(tableName=products) - end - result=PRODUCTS
23:04:34.451 [main] DEBUG org.dbunit.util.SQLHelper - isEscaped returns 'false' for tableName=products (dbIdentifierQuoteString=`)
23:04:34.451 [main] DEBUG o.d.database.DatabaseTableMetaData - Validating if table 'products' exists in schema '' ...
23:04:34.453 [main] DEBUG org.dbunit.util.SQLHelper - close(resultSet=com.mysql.jdbc.JDBC4ResultSet@e49dcd) - start
23:04:34.453 [main] DEBUG o.dbunit.dataset.OrderedTableNameMap - update(tableName=products, object=table=products, cols=[(sku_number, INTEGER, noNulls), (name, VARCHAR, noNulls), (amount, DECIMAL, noNulls)], pk=[(sku_number, INTEGER, noNulls)]) - start
23:04:34.460 [main] DEBUG o.dbunit.dataset.OrderedTableNameMap - getTableName(tableName=products) - start
23:04:34.460 [main] DEBUG o.dbunit.dataset.OrderedTableNameMap - getTableName(tableName=products) - end - result=PRODUCTS
23:04:34.460 [main] DEBUG o.dbunit.dataset.OrderedTableNameMap - getTableName(tableName=products) - start
23:04:34.555 [main] DEBUG o.dbunit.dataset.OrderedTableNameMap - getTableName(tableName=products) - end - result=PRODUCTS
23:04:34.555 [main] DEBUG o.dbunit.operation.AbstractOperation - getQualifiedName(prefix=, name=products, connection=org.dbunit.database.DatabaseConnection[schema=, connection=com.mysql.jdbc.JDBC4Connection@3cc262, super=_databaseConfig=org.dbunit.database.DatabaseConfig[, _propertyMap={http://www.dbunit.org/properties/statementFactory=org.dbunit.database.statement.PreparedStatementFactory@16c9867, http://www.dbunit.org/features/caseSensitiveTableNames=false, http://www.dbunit.org/properties/fetchSize=100, http://www.dbunit.org/features/batchedStatements=false, http://www.dbunit.org/properties/metadataHandler=org.dbunit.database.DefaultMetadataHandler@fdb00d, http://www.dbunit.org/properties/datatypeFactory=org.dbunit.dataset.datatype.DefaultDataTypeFactory[_toleratedDeltaMap=org.dbunit.dataset.datatype.ToleratedDeltaMap@c837cd], http://www.dbunit.org/properties/escapePattern=null, http://www.dbunit.org/properties/batchSize=100, http://www.dbunit.org/features/qualifiedTableNames=false, http://www.dbunit.org/properties/tableType=[Ljava.lang.String;@c79809, http://www.dbunit.org/properties/resultSetTableFactory=org.dbunit.database.CachedResultSetTableFactory@1ce784b, http://www.dbunit.org/features/datatypeWarning=true}], _dataSet=AbstractDataSet[_orderedTableNameMap=null]]) - start
23:04:34.556 [main] DEBUG org.dbunit.util.QualifiedTableName - getQualifiedName() - start
23:04:34.556 [main] DEBUG org.dbunit.util.QualifiedTableName - getQualifiedName(prefix=, name=products, escapePattern=null) - start
23:04:34.556 [main] DEBUG o.d.d.statement.SimpleStatement - addBatch(sql=delete from products) - start
23:04:34.556 [main] DEBUG o.d.operation.DeleteAllOperation - Added SQL: delete from products
23:04:34.556 [main] DEBUG org.dbunit.database.DatabaseDataSet - getTableMetaData(tableName=customers) - start
23:04:34.557 [main] DEBUG org.dbunit.database.DatabaseDataSet - initialize() - start
23:04:34.557 [main] DEBUG o.dbunit.dataset.OrderedTableNameMap - getTableName(tableName=customers) - start
23:04:34.557 [main] DEBUG o.dbunit.dataset.OrderedTableNameMap - getTableName(tableName=customers) - end - result=CUSTOMERS
23:04:34.557 [main] DEBUG o.dbunit.dataset.OrderedTableNameMap - getTableName(tableName=customers) - start
23:04:34.557 [main] DEBUG o.dbunit.dataset.OrderedTableNameMap - getTableName(tableName=customers) - end - result=CUSTOMERS
23:04:34.561 [main] DEBUG org.dbunit.util.SQLHelper - isEscaped returns 'false' for tableName=customers (dbIdentifierQuoteString=`)
23:04:34.562 [main] DEBUG o.d.database.DatabaseTableMetaData - Validating if table 'customers' exists in schema '' ...
23:04:34.563 [main] DEBUG org.dbunit.util.SQLHelper - close(resultSet=com.mysql.jdbc.JDBC4ResultSet@979e8b) - start
23:04:34.563 [main] DEBUG o.dbunit.dataset.OrderedTableNameMap - update(tableName=customers, object=table=customers, cols=[(id, INTEGER, noNulls), (name, VARCHAR, nullable)], pk=[(id, INTEGER, noNulls)]) - start
23:04:34.569 [main] DEBUG o.dbunit.dataset.OrderedTableNameMap - getTableName(tableName=customers) - start
23:04:34.569 [main] DEBUG o.dbunit.dataset.OrderedTableNameMap - getTableName(tableName=customers) - end - result=CUSTOMERS
23:04:34.569 [main] DEBUG o.dbunit.dataset.OrderedTableNameMap - getTableName(tableName=customers) - start
23:04:34.665 [main] DEBUG o.dbunit.dataset.OrderedTableNameMap - getTableName(tableName=customers) - end - result=CUSTOMERS
23:04:34.665 [main] DEBUG o.dbunit.operation.AbstractOperation - getQualifiedName(prefix=, name=customers, connection=org.dbunit.database.DatabaseConnection[schema=, connection=com.mysql.jdbc.JDBC4Connection@3cc262, super=_databaseConfig=org.dbunit.database.DatabaseConfig[, _propertyMap={http://www.dbunit.org/properties/statementFactory=org.dbunit.database.statement.PreparedStatementFactory@16c9867, http://www.dbunit.org/features/caseSensitiveTableNames=false, http://www.dbunit.org/properties/fetchSize=100, http://www.dbunit.org/features/batchedStatements=false, http://www.dbunit.org/properties/metadataHandler=org.dbunit.database.DefaultMetadataHandler@fdb00d, http://www.dbunit.org/properties/datatypeFactory=org.dbunit.dataset.datatype.DefaultDataTypeFactory[_toleratedDeltaMap=org.dbunit.dataset.datatype.ToleratedDeltaMap@c837cd], http://www.dbunit.org/properties/escapePattern=null, http://www.dbunit.org/properties/batchSize=100, http://www.dbunit.org/features/qualifiedTableNames=false, http://www.dbunit.org/properties/tableType=[Ljava.lang.String;@c79809, http://www.dbunit.org/properties/resultSetTableFactory=org.dbunit.database.CachedResultSetTableFactory@1ce784b, http://www.dbunit.org/features/datatypeWarning=true}], _dataSet=AbstractDataSet[_orderedTableNameMap=null]]) - start
23:04:34.666 [main] DEBUG org.dbunit.util.QualifiedTableName - getQualifiedName() - start
23:04:34.666 [main] DEBUG org.dbunit.util.QualifiedTableName - getQualifiedName(prefix=, name=customers, escapePattern=null) - start
23:04:34.666 [main] DEBUG o.d.d.statement.SimpleStatement - addBatch(sql=delete from customers) - start
23:04:34.666 [main] DEBUG o.d.operation.DeleteAllOperation - Added SQL: delete from customers
23:04:34.666 [main] DEBUG o.d.d.statement.SimpleStatement - executeBatch() - start
23:04:34.666 [main] DEBUG o.d.d.statement.SimpleStatement - DbUnit SQL: delete from order_items
23:04:34.758 [main] DEBUG o.d.d.statement.SimpleStatement - DbUnit SQL: delete from orders
23:04:34.773 [main] DEBUG o.d.d.statement.SimpleStatement - DbUnit SQL: delete from products
23:04:34.798 [main] DEBUG o.d.d.statement.SimpleStatement - DbUnit SQL: delete from customers
23:04:34.858 [main] DEBUG o.d.d.statement.SimpleStatement - clearBatch() - start
23:04:34.858 [main] DEBUG o.d.d.s.AbstractBatchStatement - close() - start
23:04:34.859 [main] DEBUG org.dbunit.DefaultOperationListener - operationTearDownFinished(connection=org.dbunit.database.DatabaseConnection[schema=, connection=com.mysql.jdbc.JDBC4Connection@3cc262, super=_databaseConfig=org.dbunit.database.DatabaseConfig[, _propertyMap={http://www.dbunit.org/properties/statementFactory=org.dbunit.database.statement.PreparedStatementFactory@16c9867, http://www.dbunit.org/features/caseSensitiveTableNames=false, http://www.dbunit.org/properties/fetchSize=100, http://www.dbunit.org/features/batchedStatements=false, http://www.dbunit.org/properties/metadataHandler=org.dbunit.database.DefaultMetadataHandler@fdb00d, http://www.dbunit.org/properties/datatypeFactory=org.dbunit.dataset.datatype.DefaultDataTypeFactory[_toleratedDeltaMap=org.dbunit.dataset.datatype.ToleratedDeltaMap@c837cd], http://www.dbunit.org/properties/escapePattern=null, http://www.dbunit.org/properties/batchSize=100, http://www.dbunit.org/features/qualifiedTableNames=false, http://www.dbunit.org/properties/tableType=[Ljava.lang.String;@c79809, http://www.dbunit.org/properties/resultSetTableFactory=org.dbunit.database.CachedResultSetTableFactory@1ce784b, http://www.dbunit.org/features/datatypeWarning=true}], _dataSet=AbstractDataSet[_orderedTableNameMap=null]]) - start
23:04:34.872 [main] DEBUG org.dbunit.DefaultOperationListener - closeConnection(connection=org.dbunit.database.DatabaseConnection[schema=, connection=com.mysql.jdbc.JDBC4Connection@3cc262, super=_databaseConfig=org.dbunit.database.DatabaseConfig[, _propertyMap={http://www.dbunit.org/properties/statementFactory=org.dbunit.database.statement.PreparedStatementFactory@16c9867, http://www.dbunit.org/features/caseSensitiveTableNames=false, http://www.dbunit.org/properties/fetchSize=100, http://www.dbunit.org/features/batchedStatements=false, http://www.dbunit.org/properties/metadataHandler=org.dbunit.database.DefaultMetadataHandler@fdb00d, http://www.dbunit.org/properties/datatypeFactory=org.dbunit.dataset.datatype.DefaultDataTypeFactory[_toleratedDeltaMap=org.dbunit.dataset.datatype.ToleratedDeltaMap@c837cd], http://www.dbunit.org/properties/escapePattern=null, http://www.dbunit.org/properties/batchSize=100, http://www.dbunit.org/features/qualifiedTableNames=false, http://www.dbunit.org/properties/tableType=[Ljava.lang.String;@c79809, http://www.dbunit.org/properties/resultSetTableFactory=org.dbunit.database.CachedResultSetTableFactory@1ce784b, http://www.dbunit.org/features/datatypeWarning=true}], _dataSet=AbstractDataSet[_orderedTableNameMap=null]]) - start
23:04:34.873 [main] DEBUG o.dbunit.database.DatabaseConnection - close() - start
23:04:34.875 [main] DEBUG org.dbunit.DatabaseTestCase - setUp() - start
23:04:34.875 [main] DEBUG org.dbunit.AbstractDatabaseTester - setSetUpOperation(setUpOperation=org.dbunit.operation.CompositeOperation[_actions=[org.dbunit.operation.DeleteAllOperation@19b1de, org.dbunit.operation.InsertOperation[_reverseRowOrder=false, super=org.dbunit.operation.InsertOperation@ec6b00]]]) - start
23:04:34.877 [main] DEBUG o.d.d.xml.FlatXmlDataSetBuilder - Creating FlatXmlDataSet with builder parameters: org.dbunit.dataset.xml.FlatXmlDataSetBuilder[dtdMetadata=true, columnSensing=false, caseSensitiveTableNames=false, metaDataSet=null]
23:04:34.877 [main] DEBUG o.d.d.xml.FlatXmlDataSetBuilder - Creating FlatXmlProducer using the properties of this builder: org.dbunit.dataset.xml.FlatXmlDataSetBuilder[dtdMetadata=true, columnSensing=false, caseSensitiveTableNames=false, metaDataSet=null]
23:04:34.877 [main] DEBUG o.dbunit.dataset.xml.FlatXmlProducer - setConsumer(consumer) - start
23:04:34.885 [main] DEBUG o.dbunit.dataset.xml.FlatXmlProducer - produce() - start
23:04:34.886 [main] DEBUG o.dbunit.dataset.xml.FlatDtdProducer - setLexicalHandler(xmlReader=org.apache.xerces.parsers.SAXParser@1cef4f7, handler=org.dbunit.dataset.xml.FlatXmlProducer$FlatDtdHandler@349471) - start
23:04:34.886 [main] DEBUG o.dbunit.dataset.xml.FlatDtdProducer - setDeclHandler(xmlReader=org.apache.xerces.parsers.SAXParser@1cef4f7, handler=org.dbunit.dataset.xml.FlatXmlProducer$FlatDtdHandler@349471) - start
23:04:34.886 [main] DEBUG o.dbunit.dataset.xml.FlatXmlProducer - startElement(uri=, localName=, qName=dataset, attributes=org.apache.xerces.parsers.AbstractSAXParser$AttributesProxy@1fdadcd) - start
23:04:34.985 [main] DEBUG org.dbunit.dataset.CachedDataSet - startDataSet() - start
23:04:34.985 [main] DEBUG o.dbunit.dataset.xml.FlatXmlProducer - startElement(uri=, localName=, qName=customers, attributes=org.apache.xerces.parsers.AbstractSAXParser$AttributesProxy@1fdadcd) - start
23:04:34.985 [main] DEBUG o.dbunit.dataset.OrderedTableNameMap - getLastTableName() - start
23:04:34.985 [main] DEBUG o.dbunit.dataset.OrderedTableNameMap - isLastTable(tableName=customers) - start
23:04:34.985 [main] DEBUG o.dbunit.dataset.OrderedTableNameMap - getTableName(tableName=customers) - start
23:04:34.987 [main] DEBUG o.dbunit.dataset.OrderedTableNameMap - getTableName(tableName=customers) - end - result=CUSTOMERS
23:04:34.987 [main] DEBUG o.dbunit.dataset.xml.FlatXmlProducer - createTableMetaData(tableName=customers, attributes=org.apache.xerces.parsers.AbstractSAXParser$AttributesProxy@1fdadcd) - start
23:04:34.987 [main] DEBUG org.dbunit.dataset.Columns - getColumns(columnNames=[], columns=[(id, UNKNOWN, nullableUnknown), (name, UNKNOWN, nullableUnknown)]) - start
23:04:34.987 [main] DEBUG o.dbunit.dataset.OrderedTableNameMap - add(tableName=customers, object=tableName=customers, columns=[(id, UNKNOWN, nullableUnknown), (name, UNKNOWN, nullableUnknown)], keys=[]) - start
23:04:34.989 [main] DEBUG o.dbunit.dataset.OrderedTableNameMap - getTableName(tableName=customers) - start
23:04:34.989 [main] DEBUG o.dbunit.dataset.OrderedTableNameMap - getTableName(tableName=customers) - end - result=CUSTOMERS
23:04:34.989 [main] DEBUG o.dbunit.dataset.OrderedTableNameMap - getTableName(tableName=CUSTOMERS) - start
23:04:34.989 [main] DEBUG o.dbunit.dataset.OrderedTableNameMap - getTableName(tableName=CUSTOMERS) - end - result=CUSTOMERS
23:04:34.989 [main] DEBUG org.dbunit.dataset.CachedDataSet - startTable(metaData=tableName=customers, columns=[(id, UNKNOWN, nullableUnknown), (name, UNKNOWN, nullableUnknown)], keys=[]) - start
23:04:34.991 [main] DEBUG o.dbunit.dataset.OrderedTableNameMap - getLastTableName() - start
23:04:34.991 [main] DEBUG o.dbunit.dataset.OrderedTableNameMap - getTableName(tableName=customers) - start
23:04:34.991 [main] DEBUG o.dbunit.dataset.OrderedTableNameMap - getTableName(tableName=customers) - end - result=CUSTOMERS
23:04:34.991 [main] DEBUG o.d.dataset.AbstractTableMetaData - getColumnIndex(columnName=id) - start
23:04:34.991 [main] DEBUG o.d.dataset.AbstractTableMetaData - getColumnIndex(columnName=name) - start
23:04:34.993 [main] DEBUG o.dbunit.dataset.OrderedTableNameMap - getLastTableName() - start
23:04:34.993 [main] DEBUG o.dbunit.dataset.OrderedTableNameMap - getTableName(tableName=customers) - start
23:04:34.993 [main] DEBUG o.dbunit.dataset.OrderedTableNameMap - getTableName(tableName=customers) - end - result=CUSTOMERS
23:04:34.993 [main] DEBUG org.dbunit.dataset.CachedDataSet - row(values=1) - start
23:04:34.993 [main] DEBUG org.dbunit.dataset.DefaultTable - addRow(values=1) - start
23:04:34.993 [main] DEBUG o.dbunit.dataset.xml.FlatXmlProducer - endElement(uri=, localName=, qName=customers) - start
23:04:34.995 [main] DEBUG o.dbunit.dataset.xml.FlatXmlProducer - startElement(uri=, localName=, qName=customers, attributes=org.apache.xerces.parsers.AbstractSAXParser$AttributesProxy@1fdadcd) - start
23:04:34.995 [main] DEBUG o.dbunit.dataset.OrderedTableNameMap - getLastTableName() - start
23:04:34.995 [main] DEBUG o.dbunit.dataset.OrderedTableNameMap - getTableName(tableName=customers) - start
23:04:34.995 [main] DEBUG o.dbunit.dataset.OrderedTableNameMap - getTableName(tableName=customers) - end - result=CUSTOMERS
23:04:34.997 [main] DEBUG o.dbunit.dataset.OrderedTableNameMap - isLastTable(tableName=customers) - start
23:04:34.997 [main] DEBUG o.dbunit.dataset.OrderedTableNameMap - getLastTableName() - start
23:04:34.997 [main] DEBUG o.dbunit.dataset.OrderedTableNameMap - getTableName(tableName=customers) - start
23:04:34.997 [main] DEBUG o.dbunit.dataset.OrderedTableNameMap - getTableName(tableName=customers) - end - result=CUSTOMERS
23:04:34.997 [main] DEBUG o.dbunit.dataset.OrderedTableNameMap - getTableName(tableName=customers) - start
23:04:34.998 [main] DEBUG o.dbunit.dataset.OrderedTableNameMap - getTableName(tableName=customers) - end - result=CUSTOMERS
23:04:34.998 [main] DEBUG o.dbunit.dataset.OrderedTableNameMap - getLastTableName() - start
23:04:34.998 [main] DEBUG o.dbunit.dataset.OrderedTableNameMap - getTableName(tableName=customers) - start
23:04:34.998 [main] DEBUG o.dbunit.dataset.OrderedTableNameMap - getTableName(tableName=customers) - end - result=CUSTOMERS
23:04:34.998 [main] DEBUG o.d.dataset.AbstractTableMetaData - getColumnIndex(columnName=id) - start
23:04:35.000 [main] DEBUG o.d.dataset.AbstractTableMetaData - getColumnIndex(columnName=name) - start
23:04:35.000 [main] DEBUG o.dbunit.dataset.OrderedTableNameMap - getLastTableName() - start
23:04:35.000 [main] DEBUG o.dbunit.dataset.OrderedTableNameMap - getTableName(tableName=customers) - start
23:04:35.000 [main] DEBUG o.dbunit.dataset.OrderedTableNameMap - getTableName(tableName=customers) - end - result=CUSTOMERS
23:04:35.000 [main] DEBUG org.dbunit.dataset.CachedDataSet - row(values=2) - start
23:04:35.001 [main] DEBUG org.dbunit.dataset.DefaultTable - addRow(values=2) - start
23:04:35.001 [main] DEBUG o.dbunit.dataset.xml.FlatXmlProducer - endElement(uri=, localName=, qName=customers) - start
23:04:35.002 [main] DEBUG o.dbunit.dataset.xml.FlatXmlProducer - startElement(uri=, localName=, qName=customers, attributes=org.apache.xerces.parsers.AbstractSAXParser$AttributesProxy@1fdadcd) - start
23:04:35.002 [main] DEBUG o.dbunit.dataset.OrderedTableNameMap - getLastTableName() - start
23:04:35.002 [main] DEBUG o.dbunit.dataset.OrderedTableNameMap - getTableName(tableName=customers) - start
23:04:35.003 [main] DEBUG o.dbunit.dataset.OrderedTableNameMap - getTableName(tableName=customers) - end - result=CUSTOMERS
23:04:35.003 [main] DEBUG o.dbunit.dataset.OrderedTableNameMap - isLastTable(tableName=customers) - start
23:04:35.003 [main] DEBUG o.dbunit.dataset.OrderedTableNameMap - getLastTableName() - start
23:04:35.003 [main] DEBUG o.dbunit.dataset.OrderedTableNameMap - getTableName(tableName=customers) - start
23:04:35.003 [main] DEBUG o.dbunit.dataset.OrderedTableNameMap - getTableName(tableName=customers) - end - result=CUSTOMERS
23:04:35.005 [main] DEBUG o.dbunit.dataset.OrderedTableNameMap - getTableName(tableName=customers) - start
23:04:35.005 [main] DEBUG o.dbunit.dataset.OrderedTableNameMap - getTableName(tableName=customers) - end - result=CUSTOMERS
23:04:35.005 [main] DEBUG o.dbunit.dataset.OrderedTableNameMap - getLastTableName() - start
23:04:35.005 [main] DEBUG o.dbunit.dataset.OrderedTableNameMap - getTableName(tableName=customers) - start
23:04:35.006 [main] DEBUG o.dbunit.dataset.OrderedTableNameMap - getTableName(tableName=customers) - end - result=CUSTOMERS
23:04:35.007 [main] DEBUG o.d.dataset.AbstractTableMetaData - getColumnIndex(columnName=id) - start
23:04:35.007 [main] DEBUG o.d.dataset.AbstractTableMetaData - getColumnIndex(columnName=name) - start
23:04:35.007 [main] DEBUG o.dbunit.dataset.OrderedTableNameMap - getLastTableName() - start
23:04:35.007 [main] DEBUG o.dbunit.dataset.OrderedTableNameMap - getTableName(tableName=customers) - start
23:04:35.007 [main] DEBUG o.dbunit.dataset.OrderedTableNameMap - getTableName(tableName=customers) - end - result=CUSTOMERS
23:04:35.009 [main] DEBUG org.dbunit.dataset.CachedDataSet - row(values=3) - start
23:04:35.009 [main] DEBUG org.dbunit.dataset.DefaultTable - addRow(values=3) - start
23:04:35.009 [main] DEBUG o.dbunit.dataset.xml.FlatXmlProducer - endElement(uri=, localName=, qName=customers) - start
23:04:35.009 [main] DEBUG o.dbunit.dataset.xml.FlatXmlProducer - startElement(uri=, localName=, qName=customers, attributes=org.apache.xerces.parsers.AbstractSAXParser$AttributesProxy@1fdadcd) - start
23:04:35.009 [main] DEBUG o.dbunit.dataset.OrderedTableNameMap - getLastTableName() - start
23:04:35.010 [main] DEBUG o.dbunit.dataset.OrderedTableNameMap - getTableName(tableName=customers) - start
23:04:35.010 [main] DEBUG o.dbunit.dataset.OrderedTableNameMap - getTableName(tableName=customers) - end - result=CUSTOMERS
23:04:35.010 [main] DEBUG o.dbunit.dataset.OrderedTableNameMap - isLastTable(tableName=customers) - start
23:04:35.010 [main] DEBUG o.dbunit.dataset.OrderedTableNameMap - getLastTableName() - start
23:04:35.011 [main] DEBUG o.dbunit.dataset.OrderedTableNameMap - getTableName(tableName=customers) - start
23:04:35.012 [main] DEBUG o.dbunit.dataset.OrderedTableNameMap - getTableName(tableName=customers) - end - result=CUSTOMERS
23:04:35.012 [main] DEBUG o.dbunit.dataset.OrderedTableNameMap - getTableName(tableName=customers) - start
23:04:35.013 [main] DEBUG o.dbunit.dataset.OrderedTableNameMap - getTableName(tableName=customers) - end - result=CUSTOMERS
23:04:35.013 [main] DEBUG o.dbunit.dataset.OrderedTableNameMap - getLastTableName() - start
23:04:35.013 [main] DEBUG o.dbunit.dataset.OrderedTableNameMap - getTableName(tableName=customers) - start
23:04:35.014 [main] DEBUG o.dbunit.dataset.OrderedTableNameMap - getTableName(tableName=customers) - end - result=CUSTOMERS
23:04:35.014 [main] DEBUG o.d.dataset.AbstractTableMetaData - getColumnIndex(columnName=id) - start
23:04:35.014 [main] DEBUG o.d.dataset.AbstractTableMetaData - getColumnIndex(columnName=name) - start
23:04:35.014 [main] DEBUG o.dbunit.dataset.OrderedTableNameMap - getLastTableName() - start
23:04:35.014 [main] DEBUG o.dbunit.dataset.OrderedTableNameMap - getTableName(tableName=customers) - start
23:04:35.016 [main] DEBUG o.dbunit.dataset.OrderedTableNameMap - getTableName(tableName=customers) - end - result=CUSTOMERS
23:04:35.016 [main] DEBUG org.dbunit.dataset.CachedDataSet - row(values=4) - start
23:04:35.016 [main] DEBUG org.dbunit.dataset.DefaultTable - addRow(values=4) - start
23:04:35.016 [main] DEBUG o.dbunit.dataset.xml.FlatXmlProducer - endElement(uri=, localName=, qName=customers) - start
23:04:35.016 [main] DEBUG o.dbunit.dataset.xml.FlatXmlProducer - startElement(uri=, localName=, qName=customers, attributes=org.apache.xerces.parsers.AbstractSAXParser$AttributesProxy@1fdadcd) - start
23:04:35.017 [main] DEBUG o.dbunit.dataset.OrderedTableNameMap - getLastTableName() - start
23:04:35.017 [main] DEBUG o.dbunit.dataset.OrderedTableNameMap - getTableName(tableName=customers) - start
23:04:35.017 [main] DEBUG o.dbunit.dataset.OrderedTableNameMap - getTableName(tableName=customers) - end - result=CUSTOMERS
23:04:35.017 [main] DEBUG o.dbunit.dataset.OrderedTableNameMap - isLastTable(tableName=customers) - start
23:04:35.017 [main] DEBUG o.dbunit.dataset.OrderedTableNameMap - getLastTableName() - start
23:04:35.019 [main] DEBUG o.dbunit.dataset.OrderedTableNameMap - getTableName(tableName=customers) - start
23:04:35.019 [main] DEBUG o.dbunit.dataset.OrderedTableNameMap - getTableName(tableName=customers) - end - result=CUSTOMERS
23:04:35.019 [main] DEBUG o.dbunit.dataset.OrderedTableNameMap - getTableName(tableName=customers) - start
23:04:35.019 [main] DEBUG o.dbunit.dataset.OrderedTableNameMap - getTableName(tableName=customers) - end - result=CUSTOMERS
23:04:35.019 [main] DEBUG o.dbunit.dataset.OrderedTableNameMap - getLastTableName() - start
23:04:35.021 [main] DEBUG o.dbunit.dataset.OrderedTableNameMap - getTableName(tableName=customers) - start
23:04:35.021 [main] DEBUG o.dbunit.dataset.OrderedTableNameMap - getTableName(tableName=customers) - end - result=CUSTOMERS
23:04:35.021 [main] DEBUG o.d.dataset.AbstractTableMetaData - getColumnIndex(columnName=id) - start
23:04:35.021 [main] DEBUG o.d.dataset.AbstractTableMetaData - getColumnIndex(columnName=name) - start
23:04:35.021 [main] DEBUG o.dbunit.dataset.OrderedTableNameMap - getLastTableName() - start
23:04:35.023 [main] DEBUG o.dbunit.dataset.OrderedTableNameMap - getTableName(tableName=customers) - start
23:04:35.023 [main] DEBUG o.dbunit.dataset.OrderedTableNameMap - getTableName(tableName=customers) - end - result=CUSTOMERS
23:04:35.023 [main] DEBUG org.dbunit.dataset.CachedDataSet - row(values=5) - start
23:04:35.023 [main] DEBUG org.dbunit.dataset.DefaultTable - addRow(values=5) - start
23:04:35.023 [main] DEBUG o.dbunit.dataset.xml.FlatXmlProducer - endElement(uri=, localName=, qName=customers) - start
23:04:35.025 [main] DEBUG o.dbunit.dataset.xml.FlatXmlProducer - startElement(uri=, localName=, qName=customers, attributes=org.apache.xerces.parsers.AbstractSAXParser$AttributesProxy@1fdadcd) - start
23:04:35.025 [main] DEBUG o.dbunit.dataset.OrderedTableNameMap - getLastTableName() - start
23:04:35.025 [main] DEBUG o.dbunit.dataset.OrderedTableNameMap - getTableName(tableName=customers) - start
23:04:35.025 [main] DEBUG o.dbunit.dataset.OrderedTableNameMap - getTableName(tableName=customers) - end - result=CUSTOMERS
23:04:35.026 [main] DEBUG o.dbunit.dataset.OrderedTableNameMap - isLastTable(tableName=customers) - start
23:04:35.026 [main] DEBUG o.dbunit.dataset.OrderedTableNameMap - getLastTableName() - start
23:04:35.026 [main] DEBUG o.dbunit.dataset.OrderedTableNameMap - getTableName(tableName=customers) - start
23:04:35.026 [main] DEBUG o.dbunit.dataset.OrderedTableNameMap - getTableName(tableName=customers) - end - result=CUSTOMERS
23:04:35.026 [main] DEBUG o.dbunit.dataset.OrderedTableNameMap - getTableName(tableName=customers) - start
23:04:35.028 [main] DEBUG o.dbunit.dataset.OrderedTableNameMap - getTableName(tableName=customers) - end - result=CUSTOMERS
23:04:35.028 [main] DEBUG o.dbunit.dataset.OrderedTableNameMap - getLastTableName() - start
23:04:35.028 [main] DEBUG o.dbunit.dataset.OrderedTableNameMap - getTableName(tableName=customers) - start
23:04:35.028 [main] DEBUG o.dbunit.dataset.OrderedTableNameMap - getTableName(tableName=customers) - end - result=CUSTOMERS
23:04:35.028 [main] DEBUG o.d.dataset.AbstractTableMetaData - getColumnIndex(columnName=id) - start
23:04:35.030 [main] DEBUG o.d.dataset.AbstractTableMetaData - getColumnIndex(columnName=name) - start
23:04:35.030 [main] DEBUG o.dbunit.dataset.OrderedTableNameMap - getLastTableName() - start
23:04:35.030 [main] DEBUG o.dbunit.dataset.OrderedTableNameMap - getTableName(tableName=customers) - start
23:04:35.030 [main] DEBUG o.dbunit.dataset.OrderedTableNameMap - getTableName(tableName=customers) - end - result=CUSTOMERS
23:04:35.030 [main] DEBUG org.dbunit.dataset.CachedDataSet - row(values=6) - start
23:04:35.031 [main] DEBUG org.dbunit.dataset.DefaultTable - addRow(values=6) - start
23:04:35.031 [main] DEBUG o.dbunit.dataset.xml.FlatXmlProducer - endElement(uri=, localName=, qName=customers) - start
23:04:35.031 [main] DEBUG o.dbunit.dataset.xml.FlatXmlProducer - startElement(uri=, localName=, qName=products, attributes=org.apache.xerces.parsers.AbstractSAXParser$AttributesProxy@1fdadcd) - start
23:04:35.031 [main] DEBUG o.dbunit.dataset.OrderedTableNameMap - getLastTableName() - start
23:04:35.031 [main] DEBUG o.dbunit.dataset.OrderedTableNameMap - getTableName(tableName=customers) - start
23:04:35.033 [main] DEBUG o.dbunit.dataset.OrderedTableNameMap - getTableName(tableName=customers) - end - result=CUSTOMERS
23:04:35.033 [main] DEBUG o.dbunit.dataset.OrderedTableNameMap - isLastTable(tableName=products) - start
23:04:35.033 [main] DEBUG o.dbunit.dataset.OrderedTableNameMap - getLastTableName() - start
23:04:35.033 [main] DEBUG o.dbunit.dataset.OrderedTableNameMap - getTableName(tableName=customers) - start
23:04:35.033 [main] DEBUG o.dbunit.dataset.OrderedTableNameMap - getTableName(tableName=customers) - end - result=CUSTOMERS
23:04:35.035 [main] DEBUG o.dbunit.dataset.OrderedTableNameMap - getTableName(tableName=products) - start
23:04:35.035 [main] DEBUG o.dbunit.dataset.OrderedTableNameMap - getTableName(tableName=products) - end - result=PRODUCTS
23:04:35.035 [main] DEBUG org.dbunit.dataset.CachedDataSet - endTable() - start
23:04:35.035 [main] DEBUG o.dbunit.dataset.OrderedTableNameMap - getTableName(tableName=customers) - start
23:04:35.035 [main] DEBUG o.dbunit.dataset.OrderedTableNameMap - getTableName(tableName=customers) - end - result=CUSTOMERS
23:04:35.037 [main] DEBUG o.dbunit.dataset.OrderedTableNameMap - add(tableName=customers, object=org.dbunit.dataset.DefaultTable[_metaData=tableName=customers, columns=[(id, UNKNOWN, nullableUnknown), (name, UNKNOWN, nullableUnknown)], keys=[], _rowList.size()=6]) - start
23:04:35.037 [main] DEBUG o.dbunit.dataset.OrderedTableNameMap - getTableName(tableName=customers) - start
23:04:35.037 [main] DEBUG o.dbunit.dataset.OrderedTableNameMap - getTableName(tableName=customers) - end - result=CUSTOMERS
23:04:35.037 [main] DEBUG o.dbunit.dataset.OrderedTableNameMap - getTableName(tableName=CUSTOMERS) - start
23:04:35.038 [main] DEBUG o.dbunit.dataset.OrderedTableNameMap - getTableName(tableName=CUSTOMERS) - end - result=CUSTOMERS
23:04:35.038 [main] DEBUG o.dbunit.dataset.OrderedTableNameMap - getTableName(tableName=products) - start
23:04:35.038 [main] DEBUG o.dbunit.dataset.OrderedTableNameMap - getTableName(tableName=products) - end - result=PRODUCTS
23:04:35.038 [main] DEBUG o.dbunit.dataset.xml.FlatXmlProducer - createTableMetaData(tableName=products, attributes=org.apache.xerces.parsers.AbstractSAXParser$AttributesProxy@1fdadcd) - start
23:04:35.040 [main] DEBUG org.dbunit.dataset.Columns - getColumns(columnNames=[], columns=[(sku_number, UNKNOWN, nullableUnknown), (name, UNKNOWN, nullableUnknown), (amount, UNKNOWN, nullableUnknown)]) - start
23:04:35.040 [main] DEBUG o.dbunit.dataset.OrderedTableNameMap - add(tableName=products, object=tableName=products, columns=[(sku_number, UNKNOWN, nullableUnknown), (name, UNKNOWN, nullableUnknown), (amount, UNKNOWN, nullableUnknown)], keys=[]) - start
23:04:35.040 [main] DEBUG o.dbunit.dataset.OrderedTableNameMap - getTableName(tableName=products) - start
23:04:35.042 [main] DEBUG o.dbunit.dataset.OrderedTableNameMap - getTableName(tableName=products) - end - result=PRODUCTS
23:04:35.042 [main] DEBUG o.dbunit.dataset.OrderedTableNameMap - getTableName(tableName=PRODUCTS) - start
23:04:35.042 [main] DEBUG o.dbunit.dataset.OrderedTableNameMap - getTableName(tableName=PRODUCTS) - end - result=PRODUCTS
23:04:35.042 [main] DEBUG org.dbunit.dataset.CachedDataSet - startTable(metaData=tableName=products, columns=[(sku_number, UNKNOWN, nullableUnknown), (name, UNKNOWN, nullableUnknown), (amount, UNKNOWN, nullableUnknown)], keys=[]) - start
23:04:35.043 [main] DEBUG o.dbunit.dataset.OrderedTableNameMap - getLastTableName() - start
23:04:35.043 [main] DEBUG o.dbunit.dataset.OrderedTableNameMap - getTableName(tableName=products) - start
23:04:35.043 [main] DEBUG o.dbunit.dataset.OrderedTableNameMap - getTableName(tableName=products) - end - result=PRODUCTS
23:04:35.043 [main] DEBUG o.d.dataset.AbstractTableMetaData - getColumnIndex(columnName=sku_number) - start
23:04:35.043 [main] DEBUG o.d.dataset.AbstractTableMetaData - getColumnIndex(columnName=name) - start
23:04:35.045 [main] DEBUG o.d.dataset.AbstractTableMetaData - getColumnIndex(columnName=amount) - start
23:04:35.045 [main] DEBUG o.dbunit.dataset.OrderedTableNameMap - getLastTableName() - start
23:04:35.045 [main] DEBUG o.dbunit.dataset.OrderedTableNameMap - getTableName(tableName=products) - start
23:04:35.045 [main] DEBUG o.dbunit.dataset.OrderedTableNameMap - getTableName(tableName=products) - end - result=PRODUCTS
23:04:35.045 [main] DEBUG org.dbunit.dataset.CachedDataSet - row(values=1) - start
23:04:35.045 [main] DEBUG org.dbunit.dataset.DefaultTable - addRow(values=1) - start
23:04:35.047 [main] DEBUG o.dbunit.dataset.xml.FlatXmlProducer - endElement(uri=, localName=, qName=products) - start
23:04:35.047 [main] DEBUG o.dbunit.dataset.xml.FlatXmlProducer - startElement(uri=, localName=, qName=products, attributes=org.apache.xerces.parsers.AbstractSAXParser$AttributesProxy@1fdadcd) - start
23:04:35.047 [main] DEBUG o.dbunit.dataset.OrderedTableNameMap - getLastTableName() - start
23:04:35.047 [main] DEBUG o.dbunit.dataset.OrderedTableNameMap - getTableName(tableName=products) - start
23:04:35.051 [main] DEBUG o.dbunit.dataset.OrderedTableNameMap - getTableName(tableName=products) - end - result=PRODUCTS
23:04:35.051 [main] DEBUG o.dbunit.dataset.OrderedTableNameMap - isLastTable(tableName=products) - start
23:04:35.051 [main] DEBUG o.dbunit.dataset.OrderedTableNameMap - getLastTableName() - start
23:04:35.051 [main] DEBUG o.dbunit.dataset.OrderedTableNameMap - getTableName(tableName=products) - start
23:04:35.051 [main] DEBUG o.dbunit.dataset.OrderedTableNameMap - getTableName(tableName=products) - end - result=PRODUCTS
23:04:35.151 [main] DEBUG o.dbunit.dataset.OrderedTableNameMap - getTableName(tableName=products) - start
23:04:35.151 [main] DEBUG o.dbunit.dataset.OrderedTableNameMap - getTableName(tableName=products) - end - result=PRODUCTS
23:04:35.151 [main] DEBUG o.dbunit.dataset.OrderedTableNameMap - getLastTableName() - start
23:04:35.151 [main] DEBUG o.dbunit.dataset.OrderedTableNameMap - getTableName(tableName=products) - start
23:04:35.151 [main] DEBUG o.dbunit.dataset.OrderedTableNameMap - getTableName(tableName=products) - end - result=PRODUCTS
23:04:35.152 [main] DEBUG o.d.dataset.AbstractTableMetaData - getColumnIndex(columnName=sku_number) - start
23:04:35.152 [main] DEBUG o.d.dataset.AbstractTableMetaData - getColumnIndex(columnName=name) - start
23:04:35.152 [main] DEBUG o.d.dataset.AbstractTableMetaData - getColumnIndex(columnName=amount) - start
23:04:35.152 [main] DEBUG o.dbunit.dataset.OrderedTableNameMap - getLastTableName() - start
23:04:35.152 [main] DEBUG o.dbunit.dataset.OrderedTableNameMap - getTableName(tableName=products) - start
23:04:35.154 [main] DEBUG o.dbunit.dataset.OrderedTableNameMap - getTableName(tableName=products) - end - result=PRODUCTS
23:04:35.154 [main] DEBUG org.dbunit.dataset.CachedDataSet - row(values=2) - start
23:04:35.154 [main] DEBUG org.dbunit.dataset.DefaultTable - addRow(values=2) - start
23:04:35.154 [main] DEBUG o.dbunit.dataset.xml.FlatXmlProducer - endElement(uri=, localName=, qName=products) - start
23:04:35.154 [main] DEBUG o.dbunit.dataset.xml.FlatXmlProducer - startElement(uri=, localName=, qName=products, attributes=org.apache.xerces.parsers.AbstractSAXParser$AttributesProxy@1fdadcd) - start
23:04:35.155 [main] DEBUG o.dbunit.dataset.OrderedTableNameMap - getLastTableName() - start
23:04:35.155 [main] DEBUG o.dbunit.dataset.OrderedTableNameMap - getTableName(tableName=products) - start
23:04:35.155 [main] DEBUG o.dbunit.dataset.OrderedTableNameMap - getTableName(tableName=products) - end - result=PRODUCTS
23:04:35.155 [main] DEBUG o.dbunit.dataset.OrderedTableNameMap - isLastTable(tableName=products) - start
23:04:35.155 [main] DEBUG o.dbunit.dataset.OrderedTableNameMap - getLastTableName() - start
23:04:35.157 [main] DEBUG o.dbunit.dataset.OrderedTableNameMap - getTableName(tableName=products) - start
23:04:35.157 [main] DEBUG o.dbunit.dataset.OrderedTableNameMap - getTableName(tableName=products) - end - result=PRODUCTS
23:04:35.157 [main] DEBUG o.dbunit.dataset.OrderedTableNameMap - getTableName(tableName=products) - start
23:04:35.157 [main] DEBUG o.dbunit.dataset.OrderedTableNameMap - getTableName(tableName=products) - end - result=PRODUCTS
23:04:35.157 [main] DEBUG o.dbunit.dataset.OrderedTableNameMap - getLastTableName() - start
23:04:35.159 [main] DEBUG o.dbunit.dataset.OrderedTableNameMap - getTableName(tableName=products) - start
23:04:35.159 [main] DEBUG o.dbunit.dataset.OrderedTableNameMap - getTableName(tableName=products) - end - result=PRODUCTS
23:04:35.159 [main] DEBUG o.d.dataset.AbstractTableMetaData - getColumnIndex(columnName=sku_number) - start
23:04:35.159 [main] DEBUG o.d.dataset.AbstractTableMetaData - getColumnIndex(columnName=name) - start
23:04:35.159 [main] DEBUG o.d.dataset.AbstractTableMetaData - getColumnIndex(columnName=amount) - start
23:04:35.160 [main] DEBUG o.dbunit.dataset.OrderedTableNameMap - getLastTableName() - start
23:04:35.161 [main] DEBUG o.dbunit.dataset.OrderedTableNameMap - getTableName(tableName=products) - start
23:04:35.161 [main] DEBUG o.dbunit.dataset.OrderedTableNameMap - getTableName(tableName=products) - end - result=PRODUCTS
23:04:35.161 [main] DEBUG org.dbunit.dataset.CachedDataSet - row(values=3) - start
23:04:35.161 [main] DEBUG org.dbunit.dataset.DefaultTable - addRow(values=3) - start
23:04:35.161 [main] DEBUG o.dbunit.dataset.xml.FlatXmlProducer - endElement(uri=, localName=, qName=products) - start
23:04:35.163 [main] DEBUG o.dbunit.dataset.xml.FlatXmlProducer - startElement(uri=, localName=, qName=products, attributes=org.apache.xerces.parsers.AbstractSAXParser$AttributesProxy@1fdadcd) - start
23:04:35.163 [main] DEBUG o.dbunit.dataset.OrderedTableNameMap - getLastTableName() - start
23:04:35.163 [main] DEBUG o.dbunit.dataset.OrderedTableNameMap - getTableName(tableName=products) - start
23:04:35.163 [main] DEBUG o.dbunit.dataset.OrderedTableNameMap - getTableName(tableName=products) - end - result=PRODUCTS
23:04:35.164 [main] DEBUG o.dbunit.dataset.OrderedTableNameMap - isLastTable(tableName=products) - start
23:04:35.164 [main] DEBUG o.dbunit.dataset.OrderedTableNameMap - getLastTableName() - start
23:04:35.164 [main] DEBUG o.dbunit.dataset.OrderedTableNameMap - getTableName(tableName=products) - start
23:04:35.164 [main] DEBUG o.dbunit.dataset.OrderedTableNameMap - getTableName(tableName=products) - end - result=PRODUCTS
23:04:35.164 [main] DEBUG o.dbunit.dataset.OrderedTableNameMap - getTableName(tableName=products) - start
23:04:35.166 [main] DEBUG o.dbunit.dataset.OrderedTableNameMap - getTableName(tableName=products) - end - result=PRODUCTS
23:04:35.167 [main] DEBUG o.dbunit.dataset.OrderedTableNameMap - getLastTableName() - start
23:04:35.167 [main] DEBUG o.dbunit.dataset.OrderedTableNameMap - getTableName(tableName=products) - start
23:04:35.167 [main] DEBUG o.dbunit.dataset.OrderedTableNameMap - getTableName(tableName=products) - end - result=PRODUCTS
23:04:35.167 [main] DEBUG o.d.dataset.AbstractTableMetaData - getColumnIndex(columnName=sku_number) - start
23:04:35.168 [main] DEBUG o.d.dataset.AbstractTableMetaData - getColumnIndex(columnName=name) - start
23:04:35.168 [main] DEBUG o.d.dataset.AbstractTableMetaData - getColumnIndex(columnName=amount) - start
23:04:35.168 [main] DEBUG o.dbunit.dataset.OrderedTableNameMap - getLastTableName() - start
23:04:35.168 [main] DEBUG o.dbunit.dataset.OrderedTableNameMap - getTableName(tableName=products) - start
23:04:35.168 [main] DEBUG o.dbunit.dataset.OrderedTableNameMap - getTableName(tableName=products) - end - result=PRODUCTS
23:04:35.170 [main] DEBUG org.dbunit.dataset.CachedDataSet - row(values=4) - start
23:04:35.170 [main] DEBUG org.dbunit.dataset.DefaultTable - addRow(values=4) - start
23:04:35.170 [main] DEBUG o.dbunit.dataset.xml.FlatXmlProducer - endElement(uri=, localName=, qName=products) - start
23:04:35.170 [main] DEBUG o.dbunit.dataset.xml.FlatXmlProducer - startElement(uri=, localName=, qName=orders, attributes=org.apache.xerces.parsers.AbstractSAXParser$AttributesProxy@1fdadcd) - start
23:04:35.170 [main] DEBUG o.dbunit.dataset.OrderedTableNameMap - getLastTableName() - start
23:04:35.171 [main] DEBUG o.dbunit.dataset.OrderedTableNameMap - getTableName(tableName=products) - start
23:04:35.171 [main] DEBUG o.dbunit.dataset.OrderedTableNameMap - getTableName(tableName=products) - end - result=PRODUCTS
23:04:35.171 [main] DEBUG o.dbunit.dataset.OrderedTableNameMap - isLastTable(tableName=orders) - start
23:04:35.171 [main] DEBUG o.dbunit.dataset.OrderedTableNameMap - getLastTableName() - start
23:04:35.171 [main] DEBUG o.dbunit.dataset.OrderedTableNameMap - getTableName(tableName=products) - start
23:04:35.173 [main] DEBUG o.dbunit.dataset.OrderedTableNameMap - getTableName(tableName=products) - end - result=PRODUCTS
23:04:35.173 [main] DEBUG o.dbunit.dataset.OrderedTableNameMap - getTableName(tableName=orders) - start
23:04:35.173 [main] DEBUG o.dbunit.dataset.OrderedTableNameMap - getTableName(tableName=orders) - end - result=ORDERS
23:04:35.173 [main] DEBUG org.dbunit.dataset.CachedDataSet - endTable() - start
23:04:35.173 [main] DEBUG o.dbunit.dataset.OrderedTableNameMap - getTableName(tableName=products) - start
23:04:35.175 [main] DEBUG o.dbunit.dataset.OrderedTableNameMap - getTableName(tableName=products) - end - result=PRODUCTS
23:04:35.175 [main] DEBUG o.dbunit.dataset.OrderedTableNameMap - add(tableName=products, object=org.dbunit.dataset.DefaultTable[_metaData=tableName=products, columns=[(sku_number, UNKNOWN, nullableUnknown), (name, UNKNOWN, nullableUnknown), (amount, UNKNOWN, nullableUnknown)], keys=[], _rowList.size()=4]) - start
23:04:35.175 [main] DEBUG o.dbunit.dataset.OrderedTableNameMap - getTableName(tableName=products) - start
23:04:35.177 [main] DEBUG o.dbunit.dataset.OrderedTableNameMap - getTableName(tableName=products) - end - result=PRODUCTS
23:04:35.177 [main] DEBUG o.dbunit.dataset.OrderedTableNameMap - getTableName(tableName=PRODUCTS) - start
23:04:35.177 [main] DEBUG o.dbunit.dataset.OrderedTableNameMap - getTableName(tableName=PRODUCTS) - end - result=PRODUCTS
23:04:35.177 [main] DEBUG o.dbunit.dataset.OrderedTableNameMap - getTableName(tableName=orders) - start
23:04:35.177 [main] DEBUG o.dbunit.dataset.OrderedTableNameMap - getTableName(tableName=orders) - end - result=ORDERS
23:04:35.178 [main] DEBUG o.dbunit.dataset.xml.FlatXmlProducer - createTableMetaData(tableName=orders, attributes=org.apache.xerces.parsers.AbstractSAXParser$AttributesProxy@1fdadcd) - start
23:04:35.178 [main] DEBUG org.dbunit.dataset.Columns - getColumns(columnNames=[], columns=[(order_number, UNKNOWN, nullableUnknown), (customer_id, UNKNOWN, nullableUnknown), (date, UNKNOWN, nullableUnknown), (amount, UNKNOWN, nullableUnknown), (order_status, UNKNOWN, nullableUnknown), (discount_status, UNKNOWN, nullableUnknown)]) - start
23:04:35.180 [main] DEBUG o.dbunit.dataset.OrderedTableNameMap - add(tableName=orders, object=tableName=orders, columns=[(order_number, UNKNOWN, nullableUnknown), (customer_id, UNKNOWN, nullableUnknown), (date, UNKNOWN, nullableUnknown), (amount, UNKNOWN, nullableUnknown), (order_status, UNKNOWN, nullableUnknown), (discount_status, UNKNOWN, nullableUnknown)], keys=[]) - start
23:04:35.180 [main] DEBUG o.dbunit.dataset.OrderedTableNameMap - getTableName(tableName=orders) - start
23:04:35.180 [main] DEBUG o.dbunit.dataset.OrderedTableNameMap - getTableName(tableName=orders) - end - result=ORDERS
23:04:35.181 [main] DEBUG o.dbunit.dataset.OrderedTableNameMap - getTableName(tableName=ORDERS) - start
23:04:35.181 [main] DEBUG o.dbunit.dataset.OrderedTableNameMap - getTableName(tableName=ORDERS) - end - result=ORDERS
23:04:35.181 [main] DEBUG org.dbunit.dataset.CachedDataSet - startTable(metaData=tableName=orders, columns=[(order_number, UNKNOWN, nullableUnknown), (customer_id, UNKNOWN, nullableUnknown), (date, UNKNOWN, nullableUnknown), (amount, UNKNOWN, nullableUnknown), (order_status, UNKNOWN, nullableUnknown), (discount_status, UNKNOWN, nullableUnknown)], keys=[]) - start
23:04:35.183 [main] DEBUG o.dbunit.dataset.OrderedTableNameMap - getLastTableName() - start
23:04:35.183 [main] DEBUG o.dbunit.dataset.OrderedTableNameMap - getTableName(tableName=orders) - start
23:04:35.183 [main] DEBUG o.dbunit.dataset.OrderedTableNameMap - getTableName(tableName=orders) - end - result=ORDERS
23:04:35.183 [main] DEBUG o.d.dataset.AbstractTableMetaData - getColumnIndex(columnName=order_number) - start
23:04:35.183 [main] DEBUG o.d.dataset.AbstractTableMetaData - getColumnIndex(columnName=customer_id) - start
23:04:35.184 [main] DEBUG o.d.dataset.AbstractTableMetaData - getColumnIndex(columnName=date) - start
23:04:35.184 [main] DEBUG o.d.dataset.AbstractTableMetaData - getColumnIndex(columnName=amount) - start
23:04:35.184 [main] DEBUG o.d.dataset.AbstractTableMetaData - getColumnIndex(columnName=order_status) - start
23:04:35.184 [main] DEBUG o.d.dataset.AbstractTableMetaData - getColumnIndex(columnName=discount_status) - start
23:04:35.184 [main] DEBUG o.dbunit.dataset.OrderedTableNameMap - getLastTableName() - start
23:04:35.186 [main] DEBUG o.dbunit.dataset.OrderedTableNameMap - getTableName(tableName=orders) - start
23:04:35.187 [main] DEBUG o.dbunit.dataset.OrderedTableNameMap - getTableName(tableName=orders) - end - result=ORDERS
23:04:35.187 [main] DEBUG org.dbunit.dataset.CachedDataSet - row(values=1) - start
23:04:35.187 [main] DEBUG org.dbunit.dataset.DefaultTable - addRow(values=1) - start
23:04:35.187 [main] DEBUG o.dbunit.dataset.xml.FlatXmlProducer - endElement(uri=, localName=, qName=orders) - start
23:04:35.188 [main] DEBUG o.dbunit.dataset.xml.FlatXmlProducer - startElement(uri=, localName=, qName=order_items, attributes=org.apache.xerces.parsers.AbstractSAXParser$AttributesProxy@1fdadcd) - start
23:04:35.188 [main] DEBUG o.dbunit.dataset.OrderedTableNameMap - getLastTableName() - start
23:04:35.188 [main] DEBUG o.dbunit.dataset.OrderedTableNameMap - getTableName(tableName=orders) - start
23:04:35.189 [main] DEBUG o.dbunit.dataset.OrderedTableNameMap - getTableName(tableName=orders) - end - result=ORDERS
23:04:35.192 [main] DEBUG o.dbunit.dataset.OrderedTableNameMap - isLastTable(tableName=order_items) - start
23:04:35.192 [main] DEBUG o.dbunit.dataset.OrderedTableNameMap - getLastTableName() - start
23:04:35.192 [main] DEBUG o.dbunit.dataset.OrderedTableNameMap - getTableName(tableName=orders) - start
23:04:35.192 [main] DEBUG o.dbunit.dataset.OrderedTableNameMap - getTableName(tableName=orders) - end - result=ORDERS
23:04:35.192 [main] DEBUG o.dbunit.dataset.OrderedTableNameMap - getTableName(tableName=order_items) - start
23:04:35.292 [main] DEBUG o.dbunit.dataset.OrderedTableNameMap - getTableName(tableName=order_items) - end - result=ORDER_ITEMS
23:04:35.292 [main] DEBUG org.dbunit.dataset.CachedDataSet - endTable() - start
23:04:35.292 [main] DEBUG o.dbunit.dataset.OrderedTableNameMap - getTableName(tableName=orders) - start
23:04:35.292 [main] DEBUG o.dbunit.dataset.OrderedTableNameMap - getTableName(tableName=orders) - end - result=ORDERS
23:04:35.292 [main] DEBUG o.dbunit.dataset.OrderedTableNameMap - add(tableName=orders, object=org.dbunit.dataset.DefaultTable[_metaData=tableName=orders, columns=[(order_number, UNKNOWN, nullableUnknown), (customer_id, UNKNOWN, nullableUnknown), (date, UNKNOWN, nullableUnknown), (amount, UNKNOWN, nullableUnknown), (order_status, UNKNOWN, nullableUnknown), (discount_status, UNKNOWN, nullableUnknown)], keys=[], _rowList.size()=1]) - start
23:04:35.293 [main] DEBUG o.dbunit.dataset.OrderedTableNameMap - getTableName(tableName=orders) - start
23:04:35.293 [main] DEBUG o.dbunit.dataset.OrderedTableNameMap - getTableName(tableName=orders) - end - result=ORDERS
23:04:35.293 [main] DEBUG o.dbunit.dataset.OrderedTableNameMap - getTableName(tableName=ORDERS) - start
23:04:35.293 [main] DEBUG o.dbunit.dataset.OrderedTableNameMap - getTableName(tableName=ORDERS) - end - result=ORDERS
23:04:35.293 [main] DEBUG o.dbunit.dataset.OrderedTableNameMap - getTableName(tableName=order_items) - start
23:04:35.295 [main] DEBUG o.dbunit.dataset.OrderedTableNameMap - getTableName(tableName=order_items) - end - result=ORDER_ITEMS
23:04:35.295 [main] DEBUG o.dbunit.dataset.xml.FlatXmlProducer - createTableMetaData(tableName=order_items, attributes=org.apache.xerces.parsers.AbstractSAXParser$AttributesProxy@1fdadcd) - start
23:04:35.295 [main] DEBUG org.dbunit.dataset.Columns - getColumns(columnNames=[], columns=[(id, UNKNOWN, nullableUnknown), (order_order_number, UNKNOWN, nullableUnknown), (product_sku_number, UNKNOWN, nullableUnknown), (quantity, UNKNOWN, nullableUnknown)]) - start
23:04:35.297 [main] DEBUG o.dbunit.dataset.OrderedTableNameMap - add(tableName=order_items, object=tableName=order_items, columns=[(id, UNKNOWN, nullableUnknown), (order_order_number, UNKNOWN, nullableUnknown), (product_sku_number, UNKNOWN, nullableUnknown), (quantity, UNKNOWN, nullableUnknown)], keys=[]) - start
23:04:35.297 [main] DEBUG o.dbunit.dataset.OrderedTableNameMap - getTableName(tableName=order_items) - start
23:04:35.297 [main] DEBUG o.dbunit.dataset.OrderedTableNameMap - getTableName(tableName=order_items) - end - result=ORDER_ITEMS
23:04:35.299 [main] DEBUG o.dbunit.dataset.OrderedTableNameMap - getTableName(tableName=ORDER_ITEMS) - start
23:04:35.299 [main] DEBUG o.dbunit.dataset.OrderedTableNameMap - getTableName(tableName=ORDER_ITEMS) - end - result=ORDER_ITEMS
23:04:35.299 [main] DEBUG org.dbunit.dataset.CachedDataSet - startTable(metaData=tableName=order_items, columns=[(id, UNKNOWN, nullableUnknown), (order_order_number, UNKNOWN, nullableUnknown), (product_sku_number, UNKNOWN, nullableUnknown), (quantity, UNKNOWN, nullableUnknown)], keys=[]) - start
23:04:35.300 [main] DEBUG o.dbunit.dataset.OrderedTableNameMap - getLastTableName() - start
23:04:35.300 [main] DEBUG o.dbunit.dataset.OrderedTableNameMap - getTableName(tableName=order_items) - start
23:04:35.300 [main] DEBUG o.dbunit.dataset.OrderedTableNameMap - getTableName(tableName=order_items) - end - result=ORDER_ITEMS
23:04:35.300 [main] DEBUG o.d.dataset.AbstractTableMetaData - getColumnIndex(columnName=id) - start
23:04:35.300 [main] DEBUG o.d.dataset.AbstractTableMetaData - getColumnIndex(columnName=order_order_number) - start
23:04:35.301 [main] DEBUG o.d.dataset.AbstractTableMetaData - getColumnIndex(columnName=product_sku_number) - start
23:04:35.301 [main] DEBUG o.d.dataset.AbstractTableMetaData - getColumnIndex(columnName=quantity) - start
23:04:35.301 [main] DEBUG o.dbunit.dataset.OrderedTableNameMap - getLastTableName() - start
23:04:35.301 [main] DEBUG o.dbunit.dataset.OrderedTableNameMap - getTableName(tableName=order_items) - start
23:04:35.301 [main] DEBUG o.dbunit.dataset.OrderedTableNameMap - getTableName(tableName=order_items) - end - result=ORDER_ITEMS
23:04:35.303 [main] DEBUG org.dbunit.dataset.CachedDataSet - row(values=1) - start
23:04:35.303 [main] DEBUG org.dbunit.dataset.DefaultTable - addRow(values=1) - start
23:04:35.303 [main] DEBUG o.dbunit.dataset.xml.FlatXmlProducer - endElement(uri=, localName=, qName=order_items) - start
23:04:35.303 [main] DEBUG o.dbunit.dataset.xml.FlatXmlProducer - startElement(uri=, localName=, qName=orders, attributes=org.apache.xerces.parsers.AbstractSAXParser$AttributesProxy@1fdadcd) - start
23:04:35.303 [main] DEBUG o.dbunit.dataset.OrderedTableNameMap - getLastTableName() - start
23:04:35.305 [main] DEBUG o.dbunit.dataset.OrderedTableNameMap - getTableName(tableName=order_items) - start
23:04:35.305 [main] DEBUG o.dbunit.dataset.OrderedTableNameMap - getTableName(tableName=order_items) - end - result=ORDER_ITEMS
23:04:35.305 [main] DEBUG o.dbunit.dataset.OrderedTableNameMap - isLastTable(tableName=orders) - start
23:04:35.305 [main] DEBUG o.dbunit.dataset.OrderedTableNameMap - getLastTableName() - start
23:04:35.305 [main] DEBUG o.dbunit.dataset.OrderedTableNameMap - getTableName(tableName=order_items) - start
23:04:35.306 [main] DEBUG o.dbunit.dataset.OrderedTableNameMap - getTableName(tableName=order_items) - end - result=ORDER_ITEMS
23:04:35.306 [main] DEBUG o.dbunit.dataset.OrderedTableNameMap - getTableName(tableName=orders) - start
23:04:35.306 [main] DEBUG o.dbunit.dataset.OrderedTableNameMap - getTableName(tableName=orders) - end - result=ORDERS
23:04:35.306 [main] DEBUG org.dbunit.dataset.CachedDataSet - endTable() - start
23:04:35.306 [main] DEBUG o.dbunit.dataset.OrderedTableNameMap - getTableName(tableName=order_items) - start
23:04:35.309 [main] DEBUG o.dbunit.dataset.OrderedTableNameMap - getTableName(tableName=order_items) - end - result=ORDER_ITEMS
23:04:35.309 [main] DEBUG o.dbunit.dataset.OrderedTableNameMap - add(tableName=order_items, object=org.dbunit.dataset.DefaultTable[_metaData=tableName=order_items, columns=[(id, UNKNOWN, nullableUnknown), (order_order_number, UNKNOWN, nullableUnknown), (product_sku_number, UNKNOWN, nullableUnknown), (quantity, UNKNOWN, nullableUnknown)], keys=[], _rowList.size()=1]) - start
23:04:35.309 [main] DEBUG o.dbunit.dataset.OrderedTableNameMap - getTableName(tableName=order_items) - start
23:04:35.310 [main] DEBUG o.dbunit.dataset.OrderedTableNameMap - getTableName(tableName=order_items) - end - result=ORDER_ITEMS
23:04:35.310 [main] DEBUG o.dbunit.dataset.OrderedTableNameMap - getTableName(tableName=ORDER_ITEMS) - start
23:04:35.310 [main] DEBUG o.dbunit.dataset.OrderedTableNameMap - getTableName(tableName=ORDER_ITEMS) - end - result=ORDER_ITEMS
23:04:35.310 [main] DEBUG o.dbunit.dataset.OrderedTableNameMap - getTableName(tableName=orders) - start
23:04:35.310 [main] DEBUG o.dbunit.dataset.OrderedTableNameMap - getTableName(tableName=orders) - end - result=ORDERS
23:04:35.312 [main] DEBUG o.dbunit.dataset.OrderedTableNameMap - getTableName(tableName=orders) - start
23:04:35.312 [main] DEBUG o.dbunit.dataset.OrderedTableNameMap - getTableName(tableName=orders) - end - result=ORDERS
23:04:35.312 [main] DEBUG o.dbunit.dataset.OrderedTableNameMap - setLastTable(nameorders) - start
23:04:35.312 [main] DEBUG o.dbunit.dataset.OrderedTableNameMap - getTableName(tableName=orders) - start
23:04:35.312 [main] DEBUG o.dbunit.dataset.OrderedTableNameMap - getTableName(tableName=orders) - end - result=ORDERS
23:04:35.314 [main] DEBUG org.dbunit.dataset.CachedDataSet - startTable(metaData=tableName=orders, columns=[(order_number, UNKNOWN, nullableUnknown), (customer_id, UNKNOWN, nullableUnknown), (date, UNKNOWN, nullableUnknown), (amount, UNKNOWN, nullableUnknown), (order_status, UNKNOWN, nullableUnknown), (discount_status, UNKNOWN, nullableUnknown)], keys=[]) - start
23:04:35.314 [main] DEBUG o.dbunit.dataset.OrderedTableNameMap - getLastTableName() - start
23:04:35.314 [main] DEBUG o.dbunit.dataset.OrderedTableNameMap - getTableName(tableName=orders) - start
23:04:35.315 [main] DEBUG o.dbunit.dataset.OrderedTableNameMap - getTableName(tableName=orders) - end - result=ORDERS
23:04:35.315 [main] DEBUG o.d.dataset.AbstractTableMetaData - getColumnIndex(columnName=order_number) - start
23:04:35.315 [main] DEBUG o.d.dataset.AbstractTableMetaData - getColumnIndex(columnName=customer_id) - start
23:04:35.315 [main] DEBUG o.d.dataset.AbstractTableMetaData - getColumnIndex(columnName=date) - start
23:04:35.315 [main] DEBUG o.d.dataset.AbstractTableMetaData - getColumnIndex(columnName=amount) - start
23:04:35.317 [main] DEBUG o.d.dataset.AbstractTableMetaData - getColumnIndex(columnName=order_status) - start
23:04:35.317 [main] DEBUG o.d.dataset.AbstractTableMetaData - getColumnIndex(columnName=discount_status) - start
23:04:35.317 [main] DEBUG o.dbunit.dataset.OrderedTableNameMap - getLastTableName() - start
23:04:35.317 [main] DEBUG o.dbunit.dataset.OrderedTableNameMap - getTableName(tableName=orders) - start
23:04:35.317 [main] DEBUG o.dbunit.dataset.OrderedTableNameMap - getTableName(tableName=orders) - end - result=ORDERS
23:04:35.318 [main] DEBUG org.dbunit.dataset.CachedDataSet - row(values=2) - start
23:04:35.318 [main] DEBUG org.dbunit.dataset.DefaultTable - addRow(values=2) - start
23:04:35.319 [main] DEBUG o.dbunit.dataset.xml.FlatXmlProducer - endElement(uri=, localName=, qName=orders) - start
23:04:35.319 [main] DEBUG o.dbunit.dataset.xml.FlatXmlProducer - startElement(uri=, localName=, qName=order_items, attributes=org.apache.xerces.parsers.AbstractSAXParser$AttributesProxy@1fdadcd) - start
23:04:35.319 [main] DEBUG o.dbunit.dataset.OrderedTableNameMap - getLastTableName() - start
23:04:35.320 [main] DEBUG o.dbunit.dataset.OrderedTableNameMap - getTableName(tableName=orders) - start
23:04:35.320 [main] DEBUG o.dbunit.dataset.OrderedTableNameMap - getTableName(tableName=orders) - end - result=ORDERS
23:04:35.320 [main] DEBUG o.dbunit.dataset.OrderedTableNameMap - isLastTable(tableName=order_items) - start
23:04:35.320 [main] DEBUG o.dbunit.dataset.OrderedTableNameMap - getLastTableName() - start
23:04:35.320 [main] DEBUG o.dbunit.dataset.OrderedTableNameMap - getTableName(tableName=orders) - start
23:04:35.322 [main] DEBUG o.dbunit.dataset.OrderedTableNameMap - getTableName(tableName=orders) - end - result=ORDERS
23:04:35.322 [main] DEBUG o.dbunit.dataset.OrderedTableNameMap - getTableName(tableName=order_items) - start
23:04:35.322 [main] DEBUG o.dbunit.dataset.OrderedTableNameMap - getTableName(tableName=order_items) - end - result=ORDER_ITEMS
23:04:35.322 [main] DEBUG org.dbunit.dataset.CachedDataSet - endTable() - start
23:04:35.322 [main] DEBUG o.dbunit.dataset.OrderedTableNameMap - getTableName(tableName=orders) - start
23:04:35.324 [main] DEBUG o.dbunit.dataset.OrderedTableNameMap - getTableName(tableName=orders) - end - result=ORDERS
23:04:35.324 [main] DEBUG o.dbunit.dataset.OrderedTableNameMap - getTableName(tableName=orders) - start
23:04:35.324 [main] DEBUG o.dbunit.dataset.OrderedTableNameMap - getTableName(tableName=orders) - end - result=ORDERS
23:04:35.324 [main] DEBUG org.dbunit.dataset.DefaultTable - addTableRows(table=org.dbunit.dataset.DefaultTable[_metaData=tableName=orders, columns=[(order_number, UNKNOWN, nullableUnknown), (customer_id, UNKNOWN, nullableUnknown), (date, UNKNOWN, nullableUnknown), (amount, UNKNOWN, nullableUnknown), (order_status, UNKNOWN, nullableUnknown), (discount_status, UNKNOWN, nullableUnknown)], keys=[], _rowList.size()=1]) - start
23:04:35.325 [main] DEBUG org.dbunit.dataset.DefaultTable - getValue(row=0, column=order_number) - start
23:04:35.325 [main] DEBUG org.dbunit.dataset.AbstractTable - assertValidRowIndex(row=0) - start
23:04:35.325 [main] DEBUG org.dbunit.dataset.AbstractTable - assertValidRowIndex(row=0, rowCount=1) - start
23:04:35.325 [main] DEBUG org.dbunit.dataset.AbstractTable - getColumnIndex(columnName=order_number) - start
23:04:35.325 [main] DEBUG o.d.dataset.AbstractTableMetaData - getColumnIndex(columnName=order_number) - start
23:04:35.327 [main] DEBUG org.dbunit.dataset.DefaultTable - getValue(row=0, column=customer_id) - start
23:04:35.327 [main] DEBUG org.dbunit.dataset.AbstractTable - assertValidRowIndex(row=0) - start
23:04:35.327 [main] DEBUG org.dbunit.dataset.AbstractTable - assertValidRowIndex(row=0, rowCount=1) - start
23:04:35.327 [main] DEBUG org.dbunit.dataset.AbstractTable - getColumnIndex(columnName=customer_id) - start
23:04:35.327 [main] DEBUG o.d.dataset.AbstractTableMetaData - getColumnIndex(columnName=customer_id) - start
23:04:35.329 [main] DEBUG org.dbunit.dataset.DefaultTable - getValue(row=0, column=date) - start
23:04:35.329 [main] DEBUG org.dbunit.dataset.AbstractTable - assertValidRowIndex(row=0) - start
23:04:35.329 [main] DEBUG org.dbunit.dataset.AbstractTable - assertValidRowIndex(row=0, rowCount=1) - start
23:04:35.329 [main] DEBUG org.dbunit.dataset.AbstractTable - getColumnIndex(columnName=date) - start
23:04:35.329 [main] DEBUG o.d.dataset.AbstractTableMetaData - getColumnIndex(columnName=date) - start
23:04:35.329 [main] DEBUG org.dbunit.dataset.DefaultTable - getValue(row=0, column=amount) - start
23:04:35.331 [main] DEBUG org.dbunit.dataset.AbstractTable - assertValidRowIndex(row=0) - start
23:04:35.331 [main] DEBUG org.dbunit.dataset.AbstractTable - assertValidRowIndex(row=0, rowCount=1) - start
23:04:35.331 [main] DEBUG org.dbunit.dataset.AbstractTable - getColumnIndex(columnName=amount) - start
23:04:35.331 [main] DEBUG o.d.dataset.AbstractTableMetaData - getColumnIndex(columnName=amount) - start
23:04:35.331 [main] DEBUG org.dbunit.dataset.DefaultTable - getValue(row=0, column=order_status) - start
23:04:35.332 [main] DEBUG org.dbunit.dataset.AbstractTable - assertValidRowIndex(row=0) - start
23:04:35.332 [main] DEBUG org.dbunit.dataset.AbstractTable - assertValidRowIndex(row=0, rowCount=1) - start
23:04:35.332 [main] DEBUG org.dbunit.dataset.AbstractTable - getColumnIndex(columnName=order_status) - start
23:04:35.332 [main] DEBUG o.d.dataset.AbstractTableMetaData - getColumnIndex(columnName=order_status) - start
23:04:35.332 [main] DEBUG org.dbunit.dataset.DefaultTable - getValue(row=0, column=discount_status) - start
23:04:35.334 [main] DEBUG org.dbunit.dataset.AbstractTable - assertValidRowIndex(row=0) - start
23:04:35.334 [main] DEBUG org.dbunit.dataset.AbstractTable - assertValidRowIndex(row=0, rowCount=1) - start
23:04:35.334 [main] DEBUG org.dbunit.dataset.AbstractTable - getColumnIndex(columnName=discount_status) - start
23:04:35.334 [main] DEBUG o.d.dataset.AbstractTableMetaData - getColumnIndex(columnName=discount_status) - start
23:04:35.334 [main] DEBUG org.dbunit.dataset.DefaultTable - getValue(row=1, column=order_number) - start
23:04:35.336 [main] DEBUG org.dbunit.dataset.AbstractTable - assertValidRowIndex(row=1) - start
23:04:35.336 [main] DEBUG org.dbunit.dataset.AbstractTable - assertValidRowIndex(row=1, rowCount=1) - start
23:04:35.336 [main] DEBUG o.dbunit.dataset.OrderedTableNameMap - getTableName(tableName=order_items) - start
23:04:35.336 [main] DEBUG o.dbunit.dataset.OrderedTableNameMap - getTableName(tableName=order_items) - end - result=ORDER_ITEMS
23:04:35.336 [main] DEBUG o.dbunit.dataset.OrderedTableNameMap - getTableName(tableName=order_items) - start
23:04:35.337 [main] DEBUG o.dbunit.dataset.OrderedTableNameMap - getTableName(tableName=order_items) - end - result=ORDER_ITEMS
23:04:35.337 [main] DEBUG o.dbunit.dataset.OrderedTableNameMap - setLastTable(nameorder_items) - start
23:04:35.337 [main] DEBUG o.dbunit.dataset.OrderedTableNameMap - getTableName(tableName=order_items) - start
23:04:35.337 [main] DEBUG o.dbunit.dataset.OrderedTableNameMap - getTableName(tableName=order_items) - end - result=ORDER_ITEMS
23:04:35.337 [main] DEBUG org.dbunit.dataset.CachedDataSet - startTable(metaData=tableName=order_items, columns=[(id, UNKNOWN, nullableUnknown), (order_order_number, UNKNOWN, nullableUnknown), (product_sku_number, UNKNOWN, nullableUnknown), (quantity, UNKNOWN, nullableUnknown)], keys=[]) - start
23:04:35.339 [main] DEBUG o.dbunit.dataset.OrderedTableNameMap - getLastTableName() - start
23:04:35.339 [main] DEBUG o.dbunit.dataset.OrderedTableNameMap - getTableName(tableName=order_items) - start
23:04:35.339 [main] DEBUG o.dbunit.dataset.OrderedTableNameMap - getTableName(tableName=order_items) - end - result=ORDER_ITEMS
23:04:35.339 [main] DEBUG o.d.dataset.AbstractTableMetaData - getColumnIndex(columnName=id) - start
23:04:35.339 [main] DEBUG o.d.dataset.AbstractTableMetaData - getColumnIndex(columnName=order_order_number) - start
23:04:35.341 [main] DEBUG o.d.dataset.AbstractTableMetaData - getColumnIndex(columnName=product_sku_number) - start
23:04:35.342 [main] DEBUG o.d.dataset.AbstractTableMetaData - getColumnIndex(columnName=quantity) - start
23:04:35.342 [main] DEBUG o.dbunit.dataset.OrderedTableNameMap - getLastTableName() - start
23:04:35.342 [main] DEBUG o.dbunit.dataset.OrderedTableNameMap - getTableName(tableName=order_items) - start
23:04:35.342 [main] DEBUG o.dbunit.dataset.OrderedTableNameMap - getTableName(tableName=order_items) - end - result=ORDER_ITEMS
23:04:35.343 [main] DEBUG org.dbunit.dataset.CachedDataSet - row(values=2) - start
23:04:35.343 [main] DEBUG org.dbunit.dataset.DefaultTable - addRow(values=2) - start
23:04:35.343 [main] DEBUG o.dbunit.dataset.xml.FlatXmlProducer - endElement(uri=, localName=, qName=order_items) - start
23:04:35.343 [main] DEBUG o.dbunit.dataset.xml.FlatXmlProducer - startElement(uri=, localName=, qName=order_items, attributes=org.apache.xerces.parsers.AbstractSAXParser$AttributesProxy@1fdadcd) - start
23:04:35.343 [main] DEBUG o.dbunit.dataset.OrderedTableNameMap - getLastTableName() - start
23:04:35.345 [main] DEBUG o.dbunit.dataset.OrderedTableNameMap - getTableName(tableName=order_items) - start
23:04:35.345 [main] DEBUG o.dbunit.dataset.OrderedTableNameMap - getTableName(tableName=order_items) - end - result=ORDER_ITEMS
23:04:35.345 [main] DEBUG o.dbunit.dataset.OrderedTableNameMap - isLastTable(tableName=order_items) - start
23:04:35.345 [main] DEBUG o.dbunit.dataset.OrderedTableNameMap - getLastTableName() - start
23:04:35.345 [main] DEBUG o.dbunit.dataset.OrderedTableNameMap - getTableName(tableName=order_items) - start
23:04:35.347 [main] DEBUG o.dbunit.dataset.OrderedTableNameMap - getTableName(tableName=order_items) - end - result=ORDER_ITEMS
23:04:35.347 [main] DEBUG o.dbunit.dataset.OrderedTableNameMap - getTableName(tableName=order_items) - start
23:04:35.347 [main] DEBUG o.dbunit.dataset.OrderedTableNameMap - getTableName(tableName=order_items) - end - result=ORDER_ITEMS
23:04:35.347 [main] DEBUG o.dbunit.dataset.OrderedTableNameMap - getLastTableName() - start
23:04:35.347 [main] DEBUG o.dbunit.dataset.OrderedTableNameMap - getTableName(tableName=order_items) - start
23:04:35.348 [main] DEBUG o.dbunit.dataset.OrderedTableNameMap - getTableName(tableName=order_items) - end - result=ORDER_ITEMS
23:04:35.348 [main] DEBUG o.d.dataset.AbstractTableMetaData - getColumnIndex(columnName=id) - start
23:04:35.348 [main] DEBUG o.d.dataset.AbstractTableMetaData - getColumnIndex(columnName=order_order_number) - start
23:04:35.348 [main] DEBUG o.d.dataset.AbstractTableMetaData - getColumnIndex(columnName=product_sku_number) - start
23:04:35.348 [main] DEBUG o.d.dataset.AbstractTableMetaData - getColumnIndex(columnName=quantity) - start
23:04:35.350 [main] DEBUG o.dbunit.dataset.OrderedTableNameMap - getLastTableName() - start
23:04:35.350 [main] DEBUG o.dbunit.dataset.OrderedTableNameMap - getTableName(tableName=order_items) - start
23:04:35.350 [main] DEBUG o.dbunit.dataset.OrderedTableNameMap - getTableName(tableName=order_items) - end - result=ORDER_ITEMS
23:04:35.350 [main] DEBUG org.dbunit.dataset.CachedDataSet - row(values=3) - start
23:04:35.350 [main] DEBUG org.dbunit.dataset.DefaultTable - addRow(values=3) - start
23:04:35.350 [main] DEBUG o.dbunit.dataset.xml.FlatXmlProducer - endElement(uri=, localName=, qName=order_items) - start
23:04:35.353 [main] DEBUG o.dbunit.dataset.xml.FlatXmlProducer - startElement(uri=, localName=, qName=orders, attributes=org.apache.xerces.parsers.AbstractSAXParser$AttributesProxy@1fdadcd) - start
23:04:35.353 [main] DEBUG o.dbunit.dataset.OrderedTableNameMap - getLastTableName() - start
23:04:35.353 [main] DEBUG o.dbunit.dataset.OrderedTableNameMap - getTableName(tableName=order_items) - start
23:04:35.353 [main] DEBUG o.dbunit.dataset.OrderedTableNameMap - getTableName(tableName=order_items) - end - result=ORDER_ITEMS
23:04:35.354 [main] DEBUG o.dbunit.dataset.OrderedTableNameMap - isLastTable(tableName=orders) - start
23:04:35.354 [main] DEBUG o.dbunit.dataset.OrderedTableNameMap - getLastTableName() - start
23:04:35.354 [main] DEBUG o.dbunit.dataset.OrderedTableNameMap - getTableName(tableName=order_items) - start
23:04:35.354 [main] DEBUG o.dbunit.dataset.OrderedTableNameMap - getTableName(tableName=order_items) - end - result=ORDER_ITEMS
23:04:35.354 [main] DEBUG o.dbunit.dataset.OrderedTableNameMap - getTableName(tableName=orders) - start
23:04:35.356 [main] DEBUG o.dbunit.dataset.OrderedTableNameMap - getTableName(tableName=orders) - end - result=ORDERS
23:04:35.356 [main] DEBUG org.dbunit.dataset.CachedDataSet - endTable() - start
23:04:35.356 [main] DEBUG o.dbunit.dataset.OrderedTableNameMap - getTableName(tableName=order_items) - start
23:04:35.356 [main] DEBUG o.dbunit.dataset.OrderedTableNameMap - getTableName(tableName=order_items) - end - result=ORDER_ITEMS
23:04:35.356 [main] DEBUG o.dbunit.dataset.OrderedTableNameMap - getTableName(tableName=order_items) - start
23:04:35.357 [main] DEBUG o.dbunit.dataset.OrderedTableNameMap - getTableName(tableName=order_items) - end - result=ORDER_ITEMS
23:04:35.357 [main] DEBUG org.dbunit.dataset.DefaultTable - addTableRows(table=org.dbunit.dataset.DefaultTable[_metaData=tableName=order_items, columns=[(id, UNKNOWN, nullableUnknown), (order_order_number, UNKNOWN, nullableUnknown), (product_sku_number, UNKNOWN, nullableUnknown), (quantity, UNKNOWN, nullableUnknown)], keys=[], _rowList.size()=2]) - start
23:04:35.357 [main] DEBUG org.dbunit.dataset.DefaultTable - getValue(row=0, column=id) - start
23:04:35.359 [main] DEBUG org.dbunit.dataset.AbstractTable - assertValidRowIndex(row=0) - start
23:04:35.359 [main] DEBUG org.dbunit.dataset.AbstractTable - assertValidRowIndex(row=0, rowCount=2) - start
23:04:35.359 [main] DEBUG org.dbunit.dataset.AbstractTable - getColumnIndex(columnName=id) - start
23:04:35.359 [main] DEBUG o.d.dataset.AbstractTableMetaData - getColumnIndex(columnName=id) - start
23:04:35.359 [main] DEBUG org.dbunit.dataset.DefaultTable - getValue(row=0, column=order_order_number) - start
23:04:35.360 [main] DEBUG org.dbunit.dataset.AbstractTable - assertValidRowIndex(row=0) - start
23:04:35.360 [main] DEBUG org.dbunit.dataset.AbstractTable - assertValidRowIndex(row=0, rowCount=2) - start
23:04:35.360 [main] DEBUG org.dbunit.dataset.AbstractTable - getColumnIndex(columnName=order_order_number) - start
23:04:35.360 [main] DEBUG o.d.dataset.AbstractTableMetaData - getColumnIndex(columnName=order_order_number) - start
23:04:35.360 [main] DEBUG org.dbunit.dataset.DefaultTable - getValue(row=0, column=product_sku_number) - start
23:04:35.362 [main] DEBUG org.dbunit.dataset.AbstractTable - assertValidRowIndex(row=0) - start
23:04:35.362 [main] DEBUG org.dbunit.dataset.AbstractTable - assertValidRowIndex(row=0, rowCount=2) - start
23:04:35.362 [main] DEBUG org.dbunit.dataset.AbstractTable - getColumnIndex(columnName=product_sku_number) - start
23:04:35.362 [main] DEBUG o.d.dataset.AbstractTableMetaData - getColumnIndex(columnName=product_sku_number) - start
23:04:35.362 [main] DEBUG org.dbunit.dataset.DefaultTable - getValue(row=0, column=quantity) - start
23:04:35.364 [main] DEBUG org.dbunit.dataset.AbstractTable - assertValidRowIndex(row=0) - start
23:04:35.364 [main] DEBUG org.dbunit.dataset.AbstractTable - assertValidRowIndex(row=0, rowCount=2) - start
23:04:35.364 [main] DEBUG org.dbunit.dataset.AbstractTable - getColumnIndex(columnName=quantity) - start
23:04:35.364 [main] DEBUG o.d.dataset.AbstractTableMetaData - getColumnIndex(columnName=quantity) - start
23:04:35.364 [main] DEBUG org.dbunit.dataset.DefaultTable - getValue(row=1, column=id) - start
23:04:35.365 [main] DEBUG org.dbunit.dataset.AbstractTable - assertValidRowIndex(row=1) - start
23:04:35.365 [main] DEBUG org.dbunit.dataset.AbstractTable - assertValidRowIndex(row=1, rowCount=2) - start
23:04:35.365 [main] DEBUG org.dbunit.dataset.AbstractTable - getColumnIndex(columnName=id) - start
23:04:35.365 [main] DEBUG o.d.dataset.AbstractTableMetaData - getColumnIndex(columnName=id) - start
23:04:35.365 [main] DEBUG org.dbunit.dataset.DefaultTable - getValue(row=1, column=order_order_number) - start
23:04:35.367 [main] DEBUG org.dbunit.dataset.AbstractTable - assertValidRowIndex(row=1) - start
23:04:35.367 [main] DEBUG org.dbunit.dataset.AbstractTable - assertValidRowIndex(row=1, rowCount=2) - start
23:04:35.367 [main] DEBUG org.dbunit.dataset.AbstractTable - getColumnIndex(columnName=order_order_number) - start
23:04:35.367 [main] DEBUG o.d.dataset.AbstractTableMetaData - getColumnIndex(columnName=order_order_number) - start
23:04:35.367 [main] DEBUG org.dbunit.dataset.DefaultTable - getValue(row=1, column=product_sku_number) - start
23:04:35.369 [main] DEBUG org.dbunit.dataset.AbstractTable - assertValidRowIndex(row=1) - start
23:04:35.369 [main] DEBUG org.dbunit.dataset.AbstractTable - assertValidRowIndex(row=1, rowCount=2) - start
23:04:35.369 [main] DEBUG org.dbunit.dataset.AbstractTable - getColumnIndex(columnName=product_sku_number) - start
23:04:35.369 [main] DEBUG o.d.dataset.AbstractTableMetaData - getColumnIndex(columnName=product_sku_number) - start
23:04:35.369 [main] DEBUG org.dbunit.dataset.DefaultTable - getValue(row=1, column=quantity) - start
23:04:35.370 [main] DEBUG org.dbunit.dataset.AbstractTable - assertValidRowIndex(row=1) - start
23:04:35.370 [main] DEBUG org.dbunit.dataset.AbstractTable - assertValidRowIndex(row=1, rowCount=2) - start
23:04:35.370 [main] DEBUG org.dbunit.dataset.AbstractTable - getColumnIndex(columnName=quantity) - start
23:04:35.370 [main] DEBUG o.d.dataset.AbstractTableMetaData - getColumnIndex(columnName=quantity) - start
23:04:35.370 [main] DEBUG org.dbunit.dataset.DefaultTable - getValue(row=2, column=id) - start
23:04:35.372 [main] DEBUG org.dbunit.dataset.AbstractTable - assertValidRowIndex(row=2) - start
23:04:35.372 [main] DEBUG org.dbunit.dataset.AbstractTable - assertValidRowIndex(row=2, rowCount=2) - start
23:04:35.372 [main] DEBUG o.dbunit.dataset.OrderedTableNameMap - getTableName(tableName=orders) - start
23:04:35.372 [main] DEBUG o.dbunit.dataset.OrderedTableNameMap - getTableName(tableName=orders) - end - result=ORDERS
23:04:35.372 [main] DEBUG o.dbunit.dataset.OrderedTableNameMap - getTableName(tableName=orders) - start
23:04:35.373 [main] DEBUG o.dbunit.dataset.OrderedTableNameMap - getTableName(tableName=orders) - end - result=ORDERS
23:04:35.373 [main] DEBUG o.dbunit.dataset.OrderedTableNameMap - setLastTable(nameorders) - start
23:04:35.373 [main] DEBUG o.dbunit.dataset.OrderedTableNameMap - getTableName(tableName=orders) - start
23:04:35.373 [main] DEBUG o.dbunit.dataset.OrderedTableNameMap - getTableName(tableName=orders) - end - result=ORDERS
23:04:35.373 [main] DEBUG org.dbunit.dataset.CachedDataSet - startTable(metaData=tableName=orders, columns=[(order_number, UNKNOWN, nullableUnknown), (customer_id, UNKNOWN, nullableUnknown), (date, UNKNOWN, nullableUnknown), (amount, UNKNOWN, nullableUnknown), (order_status, UNKNOWN, nullableUnknown), (discount_status, UNKNOWN, nullableUnknown)], keys=[]) - start
23:04:35.375 [main] DEBUG o.dbunit.dataset.OrderedTableNameMap - getLastTableName() - start
23:04:35.375 [main] DEBUG o.dbunit.dataset.OrderedTableNameMap - getTableName(tableName=orders) - start
23:04:35.375 [main] DEBUG o.dbunit.dataset.OrderedTableNameMap - getTableName(tableName=orders) - end - result=ORDERS
23:04:35.375 [main] DEBUG o.d.dataset.AbstractTableMetaData - getColumnIndex(columnName=order_number) - start
23:04:35.375 [main] DEBUG o.d.dataset.AbstractTableMetaData - getColumnIndex(columnName=customer_id) - start
23:04:35.377 [main] DEBUG o.d.dataset.AbstractTableMetaData - getColumnIndex(columnName=date) - start
23:04:35.377 [main] DEBUG o.d.dataset.AbstractTableMetaData - getColumnIndex(columnName=amount) - start
23:04:35.377 [main] DEBUG o.d.dataset.AbstractTableMetaData - getColumnIndex(columnName=order_status) - start
23:04:35.377 [main] DEBUG o.d.dataset.AbstractTableMetaData - getColumnIndex(columnName=discount_status) - start
23:04:35.377 [main] DEBUG o.dbunit.dataset.OrderedTableNameMap - getLastTableName() - start
23:04:35.379 [main] DEBUG o.dbunit.dataset.OrderedTableNameMap - getTableName(tableName=orders) - start
23:04:35.379 [main] DEBUG o.dbunit.dataset.OrderedTableNameMap - getTableName(tableName=orders) - end - result=ORDERS
23:04:35.379 [main] DEBUG org.dbunit.dataset.CachedDataSet - row(values=3) - start
23:04:35.379 [main] DEBUG org.dbunit.dataset.DefaultTable - addRow(values=3) - start
23:04:35.379 [main] DEBUG o.dbunit.dataset.xml.FlatXmlProducer - endElement(uri=, localName=, qName=orders) - start
23:04:35.379 [main] DEBUG o.dbunit.dataset.xml.FlatXmlProducer - startElement(uri=, localName=, qName=order_items, attributes=org.apache.xerces.parsers.AbstractSAXParser$AttributesProxy@1fdadcd) - start
23:04:35.380 [main] DEBUG o.dbunit.dataset.OrderedTableNameMap - getLastTableName() - start
23:04:35.380 [main] DEBUG o.dbunit.dataset.OrderedTableNameMap - getTableName(tableName=orders) - start
23:04:35.380 [main] DEBUG o.dbunit.dataset.OrderedTableNameMap - getTableName(tableName=orders) - end - result=ORDERS
23:04:35.380 [main] DEBUG o.dbunit.dataset.OrderedTableNameMap - isLastTable(tableName=order_items) - start
23:04:35.380 [main] DEBUG o.dbunit.dataset.OrderedTableNameMap - getLastTableName() - start
23:04:35.382 [main] DEBUG o.dbunit.dataset.OrderedTableNameMap - getTableName(tableName=orders) - start
23:04:35.382 [main] DEBUG o.dbunit.dataset.OrderedTableNameMap - getTableName(tableName=orders) - end - result=ORDERS
23:04:35.382 [main] DEBUG o.dbunit.dataset.OrderedTableNameMap - getTableName(tableName=order_items) - start
23:04:35.382 [main] DEBUG o.dbunit.dataset.OrderedTableNameMap - getTableName(tableName=order_items) - end - result=ORDER_ITEMS
23:04:35.382 [main] DEBUG org.dbunit.dataset.CachedDataSet - endTable() - start
23:04:35.384 [main] DEBUG o.dbunit.dataset.OrderedTableNameMap - getTableName(tableName=orders) - start
23:04:35.384 [main] DEBUG o.dbunit.dataset.OrderedTableNameMap - getTableName(tableName=orders) - end - result=ORDERS
23:04:35.384 [main] DEBUG o.dbunit.dataset.OrderedTableNameMap - getTableName(tableName=orders) - start
23:04:35.384 [main] DEBUG o.dbunit.dataset.OrderedTableNameMap - getTableName(tableName=orders) - end - result=ORDERS
23:04:35.384 [main] DEBUG org.dbunit.dataset.DefaultTable - addTableRows(table=org.dbunit.dataset.DefaultTable[_metaData=tableName=orders, columns=[(order_number, UNKNOWN, nullableUnknown), (customer_id, UNKNOWN, nullableUnknown), (date, UNKNOWN, nullableUnknown), (amount, UNKNOWN, nullableUnknown), (order_status, UNKNOWN, nullableUnknown), (discount_status, UNKNOWN, nullableUnknown)], keys=[], _rowList.size()=1]) - start
23:04:35.386 [main] DEBUG org.dbunit.dataset.DefaultTable - getValue(row=0, column=order_number) - start
23:04:35.387 [main] DEBUG org.dbunit.dataset.AbstractTable - assertValidRowIndex(row=0) - start
23:04:35.388 [main] DEBUG org.dbunit.dataset.AbstractTable - assertValidRowIndex(row=0, rowCount=1) - start
23:04:35.388 [main] DEBUG org.dbunit.dataset.AbstractTable - getColumnIndex(columnName=order_number) - start
23:04:35.388 [main] DEBUG o.d.dataset.AbstractTableMetaData - getColumnIndex(columnName=order_number) - start
23:04:35.388 [main] DEBUG org.dbunit.dataset.DefaultTable - getValue(row=0, column=customer_id) - start
23:04:35.389 [main] DEBUG org.dbunit.dataset.AbstractTable - assertValidRowIndex(row=0) - start
23:04:35.390 [main] DEBUG org.dbunit.dataset.AbstractTable - assertValidRowIndex(row=0, rowCount=1) - start
23:04:35.390 [main] DEBUG org.dbunit.dataset.AbstractTable - getColumnIndex(columnName=customer_id) - start
23:04:35.390 [main] DEBUG o.d.dataset.AbstractTableMetaData - getColumnIndex(columnName=customer_id) - start
23:04:35.390 [main] DEBUG org.dbunit.dataset.DefaultTable - getValue(row=0, column=date) - start
23:04:35.393 [main] DEBUG org.dbunit.dataset.AbstractTable - assertValidRowIndex(row=0) - start
23:04:35.393 [main] DEBUG org.dbunit.dataset.AbstractTable - assertValidRowIndex(row=0, rowCount=1) - start
23:04:35.393 [main] DEBUG org.dbunit.dataset.AbstractTable - getColumnIndex(columnName=date) - start
23:04:35.393 [main] DEBUG o.d.dataset.AbstractTableMetaData - getColumnIndex(columnName=date) - start
23:04:35.393 [main] DEBUG org.dbunit.dataset.DefaultTable - getValue(row=0, column=amount) - start
23:04:35.393 [main] DEBUG org.dbunit.dataset.AbstractTable - assertValidRowIndex(row=0) - start
23:04:35.493 [main] DEBUG org.dbunit.dataset.AbstractTable - assertValidRowIndex(row=0, rowCount=1) - start
23:04:35.493 [main] DEBUG org.dbunit.dataset.AbstractTable - getColumnIndex(columnName=amount) - start
23:04:35.493 [main] DEBUG o.d.dataset.AbstractTableMetaData - getColumnIndex(columnName=amount) - start
23:04:35.493 [main] DEBUG org.dbunit.dataset.DefaultTable - getValue(row=0, column=order_status) - start
23:04:35.493 [main] DEBUG org.dbunit.dataset.AbstractTable - assertValidRowIndex(row=0) - start
23:04:35.494 [main] DEBUG org.dbunit.dataset.AbstractTable - assertValidRowIndex(row=0, rowCount=1) - start
23:04:35.494 [main] DEBUG org.dbunit.dataset.AbstractTable - getColumnIndex(columnName=order_status) - start
23:04:35.494 [main] DEBUG o.d.dataset.AbstractTableMetaData - getColumnIndex(columnName=order_status) - start
23:04:35.494 [main] DEBUG org.dbunit.dataset.DefaultTable - getValue(row=0, column=discount_status) - start
23:04:35.494 [main] DEBUG org.dbunit.dataset.AbstractTable - assertValidRowIndex(row=0) - start
23:04:35.496 [main] DEBUG org.dbunit.dataset.AbstractTable - assertValidRowIndex(row=0, rowCount=1) - start
23:04:35.496 [main] DEBUG org.dbunit.dataset.AbstractTable - getColumnIndex(columnName=discount_status) - start
23:04:35.496 [main] DEBUG o.d.dataset.AbstractTableMetaData - getColumnIndex(columnName=discount_status) - start
23:04:35.496 [main] DEBUG org.dbunit.dataset.DefaultTable - getValue(row=1, column=order_number) - start
23:04:35.496 [main] DEBUG org.dbunit.dataset.AbstractTable - assertValidRowIndex(row=1) - start
23:04:35.498 [main] DEBUG org.dbunit.dataset.AbstractTable - assertValidRowIndex(row=1, rowCount=1) - start
23:04:35.498 [main] DEBUG o.dbunit.dataset.OrderedTableNameMap - getTableName(tableName=order_items) - start
23:04:35.498 [main] DEBUG o.dbunit.dataset.OrderedTableNameMap - getTableName(tableName=order_items) - end - result=ORDER_ITEMS
23:04:35.498 [main] DEBUG o.dbunit.dataset.OrderedTableNameMap - getTableName(tableName=order_items) - start
23:04:35.498 [main] DEBUG o.dbunit.dataset.OrderedTableNameMap - getTableName(tableName=order_items) - end - result=ORDER_ITEMS
23:04:35.499 [main] DEBUG o.dbunit.dataset.OrderedTableNameMap - setLastTable(nameorder_items) - start
23:04:35.499 [main] DEBUG o.dbunit.dataset.OrderedTableNameMap - getTableName(tableName=order_items) - start
23:04:35.499 [main] DEBUG o.dbunit.dataset.OrderedTableNameMap - getTableName(tableName=order_items) - end - result=ORDER_ITEMS
23:04:35.499 [main] DEBUG org.dbunit.dataset.CachedDataSet - startTable(metaData=tableName=order_items, columns=[(id, UNKNOWN, nullableUnknown), (order_order_number, UNKNOWN, nullableUnknown), (product_sku_number, UNKNOWN, nullableUnknown), (quantity, UNKNOWN, nullableUnknown)], keys=[]) - start
23:04:35.501 [main] DEBUG o.dbunit.dataset.OrderedTableNameMap - getLastTableName() - start
23:04:35.501 [main] DEBUG o.dbunit.dataset.OrderedTableNameMap - getTableName(tableName=order_items) - start
23:04:35.501 [main] DEBUG o.dbunit.dataset.OrderedTableNameMap - getTableName(tableName=order_items) - end - result=ORDER_ITEMS
23:04:35.501 [main] DEBUG o.d.dataset.AbstractTableMetaData - getColumnIndex(columnName=id) - start
23:04:35.501 [main] DEBUG o.d.dataset.AbstractTableMetaData - getColumnIndex(columnName=order_order_number) - start
23:04:35.502 [main] DEBUG o.d.dataset.AbstractTableMetaData - getColumnIndex(columnName=product_sku_number) - start
23:04:35.502 [main] DEBUG o.d.dataset.AbstractTableMetaData - getColumnIndex(columnName=quantity) - start
23:04:35.502 [main] DEBUG o.dbunit.dataset.OrderedTableNameMap - getLastTableName() - start
23:04:35.502 [main] DEBUG o.dbunit.dataset.OrderedTableNameMap - getTableName(tableName=order_items) - start
23:04:35.502 [main] DEBUG o.dbunit.dataset.OrderedTableNameMap - getTableName(tableName=order_items) - end - result=ORDER_ITEMS
23:04:35.504 [main] DEBUG org.dbunit.dataset.CachedDataSet - row(values=4) - start
23:04:35.504 [main] DEBUG org.dbunit.dataset.DefaultTable - addRow(values=4) - start
23:04:35.504 [main] DEBUG o.dbunit.dataset.xml.FlatXmlProducer - endElement(uri=, localName=, qName=order_items) - start
23:04:35.505 [main] DEBUG o.dbunit.dataset.xml.FlatXmlProducer - startElement(uri=, localName=, qName=orders, attributes=org.apache.xerces.parsers.AbstractSAXParser$AttributesProxy@1fdadcd) - start
23:04:35.505 [main] DEBUG o.dbunit.dataset.OrderedTableNameMap - getLastTableName() - start
23:04:35.506 [main] DEBUG o.dbunit.dataset.OrderedTableNameMap - getTableName(tableName=order_items) - start
23:04:35.506 [main] DEBUG o.dbunit.dataset.OrderedTableNameMap - getTableName(tableName=order_items) - end - result=ORDER_ITEMS
23:04:35.506 [main] DEBUG o.dbunit.dataset.OrderedTableNameMap - isLastTable(tableName=orders) - start
23:04:35.506 [main] DEBUG o.dbunit.dataset.OrderedTableNameMap - getLastTableName() - start
23:04:35.506 [main] DEBUG o.dbunit.dataset.OrderedTableNameMap - getTableName(tableName=order_items) - start
23:04:35.508 [main] DEBUG o.dbunit.dataset.OrderedTableNameMap - getTableName(tableName=order_items) - end - result=ORDER_ITEMS
23:04:35.508 [main] DEBUG o.dbunit.dataset.OrderedTableNameMap - getTableName(tableName=orders) - start
23:04:35.508 [main] DEBUG o.dbunit.dataset.OrderedTableNameMap - getTableName(tableName=orders) - end - result=ORDERS
23:04:35.508 [main] DEBUG org.dbunit.dataset.CachedDataSet - endTable() - start
23:04:35.508 [main] DEBUG o.dbunit.dataset.OrderedTableNameMap - getTableName(tableName=order_items) - start
23:04:35.510 [main] DEBUG o.dbunit.dataset.OrderedTableNameMap - getTableName(tableName=order_items) - end - result=ORDER_ITEMS
23:04:35.510 [main] DEBUG o.dbunit.dataset.OrderedTableNameMap - getTableName(tableName=order_items) - start
23:04:35.510 [main] DEBUG o.dbunit.dataset.OrderedTableNameMap - getTableName(tableName=order_items) - end - result=ORDER_ITEMS
23:04:35.510 [main] DEBUG org.dbunit.dataset.DefaultTable - addTableRows(table=org.dbunit.dataset.DefaultTable[_metaData=tableName=order_items, columns=[(id, UNKNOWN, nullableUnknown), (order_order_number, UNKNOWN, nullableUnknown), (product_sku_number, UNKNOWN, nullableUnknown), (quantity, UNKNOWN, nullableUnknown)], keys=[], _rowList.size()=1]) - start
23:04:35.511 [main] DEBUG org.dbunit.dataset.DefaultTable - getValue(row=0, column=id) - start
23:04:35.511 [main] DEBUG org.dbunit.dataset.AbstractTable - assertValidRowIndex(row=0) - start
23:04:35.511 [main] DEBUG org.dbunit.dataset.AbstractTable - assertValidRowIndex(row=0, rowCount=1) - start
23:04:35.511 [main] DEBUG org.dbunit.dataset.AbstractTable - getColumnIndex(columnName=id) - start
23:04:35.511 [main] DEBUG o.d.dataset.AbstractTableMetaData - getColumnIndex(columnName=id) - start
23:04:35.511 [main] DEBUG org.dbunit.dataset.DefaultTable - getValue(row=0, column=order_order_number) - start
23:04:35.513 [main] DEBUG org.dbunit.dataset.AbstractTable - assertValidRowIndex(row=0) - start
23:04:35.513 [main] DEBUG org.dbunit.dataset.AbstractTable - assertValidRowIndex(row=0, rowCount=1) - start
23:04:35.513 [main] DEBUG org.dbunit.dataset.AbstractTable - getColumnIndex(columnName=order_order_number) - start
23:04:35.513 [main] DEBUG o.d.dataset.AbstractTableMetaData - getColumnIndex(columnName=order_order_number) - start
23:04:35.513 [main] DEBUG org.dbunit.dataset.DefaultTable - getValue(row=0, column=product_sku_number) - start
23:04:35.515 [main] DEBUG org.dbunit.dataset.AbstractTable - assertValidRowIndex(row=0) - start
23:04:35.516 [main] DEBUG org.dbunit.dataset.AbstractTable - assertValidRowIndex(row=0, rowCount=1) - start
23:04:35.516 [main] DEBUG org.dbunit.dataset.AbstractTable - getColumnIndex(columnName=product_sku_number) - start
23:04:35.516 [main] DEBUG o.d.dataset.AbstractTableMetaData - getColumnIndex(columnName=product_sku_number) - start
23:04:35.516 [main] DEBUG org.dbunit.dataset.DefaultTable - getValue(row=0, column=quantity) - start
23:04:35.517 [main] DEBUG org.dbunit.dataset.AbstractTable - assertValidRowIndex(row=0) - start
23:04:35.517 [main] DEBUG org.dbunit.dataset.AbstractTable - assertValidRowIndex(row=0, rowCount=1) - start
23:04:35.517 [main] DEBUG org.dbunit.dataset.AbstractTable - getColumnIndex(columnName=quantity) - start
23:04:35.517 [main] DEBUG o.d.dataset.AbstractTableMetaData - getColumnIndex(columnName=quantity) - start
23:04:35.517 [main] DEBUG org.dbunit.dataset.DefaultTable - getValue(row=1, column=id) - start
23:04:35.518 [main] DEBUG org.dbunit.dataset.AbstractTable - assertValidRowIndex(row=1) - start
23:04:35.519 [main] DEBUG org.dbunit.dataset.AbstractTable - assertValidRowIndex(row=1, rowCount=1) - start
23:04:35.519 [main] DEBUG o.dbunit.dataset.OrderedTableNameMap - getTableName(tableName=orders) - start
23:04:35.519 [main] DEBUG o.dbunit.dataset.OrderedTableNameMap - getTableName(tableName=orders) - end - result=ORDERS
23:04:35.519 [main] DEBUG o.dbunit.dataset.OrderedTableNameMap - getTableName(tableName=orders) - start
23:04:35.520 [main] DEBUG o.dbunit.dataset.OrderedTableNameMap - getTableName(tableName=orders) - end - result=ORDERS
23:04:35.520 [main] DEBUG o.dbunit.dataset.OrderedTableNameMap - setLastTable(nameorders) - start
23:04:35.520 [main] DEBUG o.dbunit.dataset.OrderedTableNameMap - getTableName(tableName=orders) - start
23:04:35.520 [main] DEBUG o.dbunit.dataset.OrderedTableNameMap - getTableName(tableName=orders) - end - result=ORDERS
23:04:35.520 [main] DEBUG org.dbunit.dataset.CachedDataSet - startTable(metaData=tableName=orders, columns=[(order_number, UNKNOWN, nullableUnknown), (customer_id, UNKNOWN, nullableUnknown), (date, UNKNOWN, nullableUnknown), (amount, UNKNOWN, nullableUnknown), (order_status, UNKNOWN, nullableUnknown), (discount_status, UNKNOWN, nullableUnknown)], keys=[]) - start
23:04:35.522 [main] DEBUG o.dbunit.dataset.OrderedTableNameMap - getLastTableName() - start
23:04:35.522 [main] DEBUG o.dbunit.dataset.OrderedTableNameMap - getTableName(tableName=orders) - start
23:04:35.522 [main] DEBUG o.dbunit.dataset.OrderedTableNameMap - getTableName(tableName=orders) - end - result=ORDERS
23:04:35.522 [main] DEBUG o.d.dataset.AbstractTableMetaData - getColumnIndex(columnName=order_number) - start
23:04:35.522 [main] DEBUG o.d.dataset.AbstractTableMetaData - getColumnIndex(columnName=customer_id) - start
23:04:35.524 [main] DEBUG o.d.dataset.AbstractTableMetaData - getColumnIndex(columnName=date) - start
23:04:35.524 [main] DEBUG o.d.dataset.AbstractTableMetaData - getColumnIndex(columnName=amount) - start
23:04:35.524 [main] DEBUG o.d.dataset.AbstractTableMetaData - getColumnIndex(columnName=order_status) - start
23:04:35.524 [main] DEBUG o.d.dataset.AbstractTableMetaData - getColumnIndex(columnName=discount_status) - start
23:04:35.524 [main] DEBUG o.dbunit.dataset.OrderedTableNameMap - getLastTableName() - start
23:04:35.526 [main] DEBUG o.dbunit.dataset.OrderedTableNameMap - getTableName(tableName=orders) - start
23:04:35.526 [main] DEBUG o.dbunit.dataset.OrderedTableNameMap - getTableName(tableName=orders) - end - result=ORDERS
23:04:35.526 [main] DEBUG org.dbunit.dataset.CachedDataSet - row(values=4) - start
23:04:35.526 [main] DEBUG org.dbunit.dataset.DefaultTable - addRow(values=4) - start
23:04:35.526 [main] DEBUG o.dbunit.dataset.xml.FlatXmlProducer - endElement(uri=, localName=, qName=orders) - start
23:04:35.526 [main] DEBUG o.dbunit.dataset.xml.FlatXmlProducer - startElement(uri=, localName=, qName=order_items, attributes=org.apache.xerces.parsers.AbstractSAXParser$AttributesProxy@1fdadcd) - start
23:04:35.527 [main] DEBUG o.dbunit.dataset.OrderedTableNameMap - getLastTableName() - start
23:04:35.527 [main] DEBUG o.dbunit.dataset.OrderedTableNameMap - getTableName(tableName=orders) - start
23:04:35.527 [main] DEBUG o.dbunit.dataset.OrderedTableNameMap - getTableName(tableName=orders) - end - result=ORDERS
23:04:35.527 [main] DEBUG o.dbunit.dataset.OrderedTableNameMap - isLastTable(tableName=order_items) - start
23:04:35.527 [main] DEBUG o.dbunit.dataset.OrderedTableNameMap - getLastTableName() - start
23:04:35.529 [main] DEBUG o.dbunit.dataset.OrderedTableNameMap - getTableName(tableName=orders) - start
23:04:35.529 [main] DEBUG o.dbunit.dataset.OrderedTableNameMap - getTableName(tableName=orders) - end - result=ORDERS
23:04:35.529 [main] DEBUG o.dbunit.dataset.OrderedTableNameMap - getTableName(tableName=order_items) - start
23:04:35.529 [main] DEBUG o.dbunit.dataset.OrderedTableNameMap - getTableName(tableName=order_items) - end - result=ORDER_ITEMS
23:04:35.529 [main] DEBUG org.dbunit.dataset.CachedDataSet - endTable() - start
23:04:35.532 [main] DEBUG o.dbunit.dataset.OrderedTableNameMap - getTableName(tableName=orders) - start
23:04:35.532 [main] DEBUG o.dbunit.dataset.OrderedTableNameMap - getTableName(tableName=orders) - end - result=ORDERS
23:04:35.532 [main] DEBUG o.dbunit.dataset.OrderedTableNameMap - getTableName(tableName=orders) - start
23:04:35.532 [main] DEBUG o.dbunit.dataset.OrderedTableNameMap - getTableName(tableName=orders) - end - result=ORDERS
23:04:35.532 [main] DEBUG org.dbunit.dataset.DefaultTable - addTableRows(table=org.dbunit.dataset.DefaultTable[_metaData=tableName=orders, columns=[(order_number, UNKNOWN, nullableUnknown), (customer_id, UNKNOWN, nullableUnknown), (date, UNKNOWN, nullableUnknown), (amount, UNKNOWN, nullableUnknown), (order_status, UNKNOWN, nullableUnknown), (discount_status, UNKNOWN, nullableUnknown)], keys=[], _rowList.size()=1]) - start
23:04:35.533 [main] DEBUG org.dbunit.dataset.DefaultTable - getValue(row=0, column=order_number) - start
23:04:35.533 [main] DEBUG org.dbunit.dataset.AbstractTable - assertValidRowIndex(row=0) - start
23:04:35.533 [main] DEBUG org.dbunit.dataset.AbstractTable - assertValidRowIndex(row=0, rowCount=1) - start
23:04:35.533 [main] DEBUG org.dbunit.dataset.AbstractTable - getColumnIndex(columnName=order_number) - start
23:04:35.533 [main] DEBUG o.d.dataset.AbstractTableMetaData - getColumnIndex(columnName=order_number) - start
23:04:35.535 [main] DEBUG org.dbunit.dataset.DefaultTable - getValue(row=0, column=customer_id) - start
23:04:35.535 [main] DEBUG org.dbunit.dataset.AbstractTable - assertValidRowIndex(row=0) - start
23:04:35.535 [main] DEBUG org.dbunit.dataset.AbstractTable - assertValidRowIndex(row=0, rowCount=1) - start
23:04:35.535 [main] DEBUG org.dbunit.dataset.AbstractTable - getColumnIndex(columnName=customer_id) - start
23:04:35.535 [main] DEBUG o.d.dataset.AbstractTableMetaData - getColumnIndex(columnName=customer_id) - start
23:04:35.537 [main] DEBUG org.dbunit.dataset.DefaultTable - getValue(row=0, column=date) - start
23:04:35.537 [main] DEBUG org.dbunit.dataset.AbstractTable - assertValidRowIndex(row=0) - start
23:04:35.537 [main] DEBUG org.dbunit.dataset.AbstractTable - assertValidRowIndex(row=0, rowCount=1) - start
23:04:35.537 [main] DEBUG org.dbunit.dataset.AbstractTable - getColumnIndex(columnName=date) - start
23:04:35.537 [main] DEBUG o.d.dataset.AbstractTableMetaData - getColumnIndex(columnName=date) - start
23:04:35.537 [main] DEBUG org.dbunit.dataset.DefaultTable - getValue(row=0, column=amount) - start
23:04:35.539 [main] DEBUG org.dbunit.dataset.AbstractTable - assertValidRowIndex(row=0) - start
23:04:35.539 [main] DEBUG org.dbunit.dataset.AbstractTable - assertValidRowIndex(row=0, rowCount=1) - start
23:04:35.539 [main] DEBUG org.dbunit.dataset.AbstractTable - getColumnIndex(columnName=amount) - start
23:04:35.539 [main] DEBUG o.d.dataset.AbstractTableMetaData - getColumnIndex(columnName=amount) - start
23:04:35.539 [main] DEBUG org.dbunit.dataset.DefaultTable - getValue(row=0, column=order_status) - start
23:04:35.542 [main] DEBUG org.dbunit.dataset.AbstractTable - assertValidRowIndex(row=0) - start
23:04:35.542 [main] DEBUG org.dbunit.dataset.AbstractTable - assertValidRowIndex(row=0, rowCount=1) - start
23:04:35.542 [main] DEBUG org.dbunit.dataset.AbstractTable - getColumnIndex(columnName=order_status) - start
23:04:35.542 [main] DEBUG o.d.dataset.AbstractTableMetaData - getColumnIndex(columnName=order_status) - start
23:04:35.542 [main] DEBUG org.dbunit.dataset.DefaultTable - getValue(row=0, column=discount_status) - start
23:04:35.542 [main] DEBUG org.dbunit.dataset.AbstractTable - assertValidRowIndex(row=0) - start
23:04:35.542 [main] DEBUG org.dbunit.dataset.AbstractTable - assertValidRowIndex(row=0, rowCount=1) - start
23:04:35.542 [main] DEBUG org.dbunit.dataset.AbstractTable - getColumnIndex(columnName=discount_status) - start
23:04:35.542 [main] DEBUG o.d.dataset.AbstractTableMetaData - getColumnIndex(columnName=discount_status) - start
23:04:35.542 [main] DEBUG org.dbunit.dataset.DefaultTable - getValue(row=1, column=order_number) - start
23:04:35.544 [main] DEBUG org.dbunit.dataset.AbstractTable - assertValidRowIndex(row=1) - start
23:04:35.544 [main] DEBUG org.dbunit.dataset.AbstractTable - assertValidRowIndex(row=1, rowCount=1) - start
23:04:35.544 [main] DEBUG o.dbunit.dataset.OrderedTableNameMap - getTableName(tableName=order_items) - start
23:04:35.544 [main] DEBUG o.dbunit.dataset.OrderedTableNameMap - getTableName(tableName=order_items) - end - result=ORDER_ITEMS
23:04:35.544 [main] DEBUG o.dbunit.dataset.OrderedTableNameMap - getTableName(tableName=order_items) - start
23:04:35.545 [main] DEBUG o.dbunit.dataset.OrderedTableNameMap - getTableName(tableName=order_items) - end - result=ORDER_ITEMS
23:04:35.545 [main] DEBUG o.dbunit.dataset.OrderedTableNameMap - setLastTable(nameorder_items) - start
23:04:35.545 [main] DEBUG o.dbunit.dataset.OrderedTableNameMap - getTableName(tableName=order_items) - start
23:04:35.545 [main] DEBUG o.dbunit.dataset.OrderedTableNameMap - getTableName(tableName=order_items) - end - result=ORDER_ITEMS
23:04:35.545 [main] DEBUG org.dbunit.dataset.CachedDataSet - startTable(metaData=tableName=order_items, columns=[(id, UNKNOWN, nullableUnknown), (order_order_number, UNKNOWN, nullableUnknown), (product_sku_number, UNKNOWN, nullableUnknown), (quantity, UNKNOWN, nullableUnknown)], keys=[]) - start
23:04:35.547 [main] DEBUG o.dbunit.dataset.OrderedTableNameMap - getLastTableName() - start
23:04:35.547 [main] DEBUG o.dbunit.dataset.OrderedTableNameMap - getTableName(tableName=order_items) - start
23:04:35.547 [main] DEBUG o.dbunit.dataset.OrderedTableNameMap - getTableName(tableName=order_items) - end - result=ORDER_ITEMS
23:04:35.547 [main] DEBUG o.d.dataset.AbstractTableMetaData - getColumnIndex(columnName=id) - start
23:04:35.547 [main] DEBUG o.d.dataset.AbstractTableMetaData - getColumnIndex(columnName=order_order_number) - start
23:04:35.549 [main] DEBUG o.d.dataset.AbstractTableMetaData - getColumnIndex(columnName=product_sku_number) - start
23:04:35.549 [main] DEBUG o.d.dataset.AbstractTableMetaData - getColumnIndex(columnName=quantity) - start
23:04:35.549 [main] DEBUG o.dbunit.dataset.OrderedTableNameMap - getLastTableName() - start
23:04:35.549 [main] DEBUG o.dbunit.dataset.OrderedTableNameMap - getTableName(tableName=order_items) - start
23:04:35.549 [main] DEBUG o.dbunit.dataset.OrderedTableNameMap - getTableName(tableName=order_items) - end - result=ORDER_ITEMS
23:04:35.551 [main] DEBUG org.dbunit.dataset.CachedDataSet - row(values=5) - start
23:04:35.551 [main] DEBUG org.dbunit.dataset.DefaultTable - addRow(values=5) - start
23:04:35.551 [main] DEBUG o.dbunit.dataset.xml.FlatXmlProducer - endElement(uri=, localName=, qName=order_items) - start
23:04:35.551 [main] DEBUG o.dbunit.dataset.xml.FlatXmlProducer - startElement(uri=, localName=, qName=orders, attributes=org.apache.xerces.parsers.AbstractSAXParser$AttributesProxy@1fdadcd) - start
23:04:35.551 [main] DEBUG o.dbunit.dataset.OrderedTableNameMap - getLastTableName() - start
23:04:35.552 [main] DEBUG o.dbunit.dataset.OrderedTableNameMap - getTableName(tableName=order_items) - start
23:04:35.552 [main] DEBUG o.dbunit.dataset.OrderedTableNameMap - getTableName(tableName=order_items) - end - result=ORDER_ITEMS
23:04:35.552 [main] DEBUG o.dbunit.dataset.OrderedTableNameMap - isLastTable(tableName=orders) - start
23:04:35.552 [main] DEBUG o.dbunit.dataset.OrderedTableNameMap - getLastTableName() - start
23:04:35.552 [main] DEBUG o.dbunit.dataset.OrderedTableNameMap - getTableName(tableName=order_items) - start
23:04:35.555 [main] DEBUG o.dbunit.dataset.OrderedTableNameMap - getTableName(tableName=order_items) - end - result=ORDER_ITEMS
23:04:35.555 [main] DEBUG o.dbunit.dataset.OrderedTableNameMap - getTableName(tableName=orders) - start
23:04:35.555 [main] DEBUG o.dbunit.dataset.OrderedTableNameMap - getTableName(tableName=orders) - end - result=ORDERS
23:04:35.555 [main] DEBUG org.dbunit.dataset.CachedDataSet - endTable() - start
23:04:35.555 [main] DEBUG o.dbunit.dataset.OrderedTableNameMap - getTableName(tableName=order_items) - start
23:04:35.556 [main] DEBUG o.dbunit.dataset.OrderedTableNameMap - getTableName(tableName=order_items) - end - result=ORDER_ITEMS
23:04:35.556 [main] DEBUG o.dbunit.dataset.OrderedTableNameMap - getTableName(tableName=order_items) - start
23:04:35.556 [main] DEBUG o.dbunit.dataset.OrderedTableNameMap - getTableName(tableName=order_items) - end - result=ORDER_ITEMS
23:04:35.556 [main] DEBUG org.dbunit.dataset.DefaultTable - addTableRows(table=org.dbunit.dataset.DefaultTable[_metaData=tableName=order_items, columns=[(id, UNKNOWN, nullableUnknown), (order_order_number, UNKNOWN, nullableUnknown), (product_sku_number, UNKNOWN, nullableUnknown), (quantity, UNKNOWN, nullableUnknown)], keys=[], _rowList.size()=1]) - start
23:04:35.558 [main] DEBUG org.dbunit.dataset.DefaultTable - getValue(row=0, column=id) - start
23:04:35.558 [main] DEBUG org.dbunit.dataset.AbstractTable - assertValidRowIndex(row=0) - start
23:04:35.558 [main] DEBUG org.dbunit.dataset.AbstractTable - assertValidRowIndex(row=0, rowCount=1) - start
23:04:35.558 [main] DEBUG org.dbunit.dataset.AbstractTable - getColumnIndex(columnName=id) - start
23:04:35.558 [main] DEBUG o.d.dataset.AbstractTableMetaData - getColumnIndex(columnName=id) - start
23:04:35.558 [main] DEBUG org.dbunit.dataset.DefaultTable - getValue(row=0, column=order_order_number) - start
23:04:35.559 [main] DEBUG org.dbunit.dataset.AbstractTable - assertValidRowIndex(row=0) - start
23:04:35.559 [main] DEBUG org.dbunit.dataset.AbstractTable - assertValidRowIndex(row=0, rowCount=1) - start
23:04:35.559 [main] DEBUG org.dbunit.dataset.AbstractTable - getColumnIndex(columnName=order_order_number) - start
23:04:35.559 [main] DEBUG o.d.dataset.AbstractTableMetaData - getColumnIndex(columnName=order_order_number) - start
23:04:35.559 [main] DEBUG org.dbunit.dataset.DefaultTable - getValue(row=0, column=product_sku_number) - start
23:04:35.562 [main] DEBUG org.dbunit.dataset.AbstractTable - assertValidRowIndex(row=0) - start
23:04:35.562 [main] DEBUG org.dbunit.dataset.AbstractTable - assertValidRowIndex(row=0, rowCount=1) - start
23:04:35.562 [main] DEBUG org.dbunit.dataset.AbstractTable - getColumnIndex(columnName=product_sku_number) - start
23:04:35.562 [main] DEBUG o.d.dataset.AbstractTableMetaData - getColumnIndex(columnName=product_sku_number) - start
23:04:35.562 [main] DEBUG org.dbunit.dataset.DefaultTable - getValue(row=0, column=quantity) - start
23:04:35.563 [main] DEBUG org.dbunit.dataset.AbstractTable - assertValidRowIndex(row=0) - start
23:04:35.563 [main] DEBUG org.dbunit.dataset.AbstractTable - assertValidRowIndex(row=0, rowCount=1) - start
23:04:35.563 [main] DEBUG org.dbunit.dataset.AbstractTable - getColumnIndex(columnName=quantity) - start
23:04:35.563 [main] DEBUG o.d.dataset.AbstractTableMetaData - getColumnIndex(columnName=quantity) - start
23:04:35.563 [main] DEBUG org.dbunit.dataset.DefaultTable - getValue(row=1, column=id) - start
23:04:35.565 [main] DEBUG org.dbunit.dataset.AbstractTable - assertValidRowIndex(row=1) - start
23:04:35.565 [main] DEBUG org.dbunit.dataset.AbstractTable - assertValidRowIndex(row=1, rowCount=1) - start
23:04:35.565 [main] DEBUG o.dbunit.dataset.OrderedTableNameMap - getTableName(tableName=orders) - start
23:04:35.565 [main] DEBUG o.dbunit.dataset.OrderedTableNameMap - getTableName(tableName=orders) - end - result=ORDERS
23:04:35.565 [main] DEBUG o.dbunit.dataset.OrderedTableNameMap - getTableName(tableName=orders) - start
23:04:35.567 [main] DEBUG o.dbunit.dataset.OrderedTableNameMap - getTableName(tableName=orders) - end - result=ORDERS
23:04:35.567 [main] DEBUG o.dbunit.dataset.OrderedTableNameMap - setLastTable(nameorders) - start
23:04:35.567 [main] DEBUG o.dbunit.dataset.OrderedTableNameMap - getTableName(tableName=orders) - start
23:04:35.567 [main] DEBUG o.dbunit.dataset.OrderedTableNameMap - getTableName(tableName=orders) - end - result=ORDERS
23:04:35.567 [main] DEBUG org.dbunit.dataset.CachedDataSet - startTable(metaData=tableName=orders, columns=[(order_number, UNKNOWN, nullableUnknown), (customer_id, UNKNOWN, nullableUnknown), (date, UNKNOWN, nullableUnknown), (amount, UNKNOWN, nullableUnknown), (order_status, UNKNOWN, nullableUnknown), (discount_status, UNKNOWN, nullableUnknown)], keys=[]) - start
23:04:35.568 [main] DEBUG o.dbunit.dataset.OrderedTableNameMap - getLastTableName() - start
23:04:35.568 [main] DEBUG o.dbunit.dataset.OrderedTableNameMap - getTableName(tableName=orders) - start
23:04:35.568 [main] DEBUG o.dbunit.dataset.OrderedTableNameMap - getTableName(tableName=orders) - end - result=ORDERS
23:04:35.568 [main] DEBUG o.d.dataset.AbstractTableMetaData - getColumnIndex(columnName=order_number) - start
23:04:35.568 [main] DEBUG o.d.dataset.AbstractTableMetaData - getColumnIndex(columnName=customer_id) - start
23:04:35.570 [main] DEBUG o.d.dataset.AbstractTableMetaData - getColumnIndex(columnName=date) - start
23:04:35.570 [main] DEBUG o.d.dataset.AbstractTableMetaData - getColumnIndex(columnName=amount) - start
23:04:35.570 [main] DEBUG o.d.dataset.AbstractTableMetaData - getColumnIndex(columnName=order_status) - start
23:04:35.570 [main] DEBUG o.d.dataset.AbstractTableMetaData - getColumnIndex(columnName=discount_status) - start
23:04:35.570 [main] DEBUG o.dbunit.dataset.OrderedTableNameMap - getLastTableName() - start
23:04:35.573 [main] DEBUG o.dbunit.dataset.OrderedTableNameMap - getTableName(tableName=orders) - start
23:04:35.573 [main] DEBUG o.dbunit.dataset.OrderedTableNameMap - getTableName(tableName=orders) - end - result=ORDERS
23:04:35.573 [main] DEBUG org.dbunit.dataset.CachedDataSet - row(values=5) - start
23:04:35.573 [main] DEBUG org.dbunit.dataset.DefaultTable - addRow(values=5) - start
23:04:35.573 [main] DEBUG o.dbunit.dataset.xml.FlatXmlProducer - endElement(uri=, localName=, qName=orders) - start
23:04:35.573 [main] DEBUG o.dbunit.dataset.xml.FlatXmlProducer - startElement(uri=, localName=, qName=order_items, attributes=org.apache.xerces.parsers.AbstractSAXParser$AttributesProxy@1fdadcd) - start
23:04:35.574 [main] DEBUG o.dbunit.dataset.OrderedTableNameMap - getLastTableName() - start
23:04:35.574 [main] DEBUG o.dbunit.dataset.OrderedTableNameMap - getTableName(tableName=orders) - start
23:04:35.574 [main] DEBUG o.dbunit.dataset.OrderedTableNameMap - getTableName(tableName=orders) - end - result=ORDERS
23:04:35.574 [main] DEBUG o.dbunit.dataset.OrderedTableNameMap - isLastTable(tableName=order_items) - start
23:04:35.574 [main] DEBUG o.dbunit.dataset.OrderedTableNameMap - getLastTableName() - start
23:04:35.576 [main] DEBUG o.dbunit.dataset.OrderedTableNameMap - getTableName(tableName=orders) - start
23:04:35.576 [main] DEBUG o.dbunit.dataset.OrderedTableNameMap - getTableName(tableName=orders) - end - result=ORDERS
23:04:35.576 [main] DEBUG o.dbunit.dataset.OrderedTableNameMap - getTableName(tableName=order_items) - start
23:04:35.576 [main] DEBUG o.dbunit.dataset.OrderedTableNameMap - getTableName(tableName=order_items) - end - result=ORDER_ITEMS
23:04:35.576 [main] DEBUG org.dbunit.dataset.CachedDataSet - endTable() - start
23:04:35.578 [main] DEBUG o.dbunit.dataset.OrderedTableNameMap - getTableName(tableName=orders) - start
23:04:35.578 [main] DEBUG o.dbunit.dataset.OrderedTableNameMap - getTableName(tableName=orders) - end - result=ORDERS
23:04:35.578 [main] DEBUG o.dbunit.dataset.OrderedTableNameMap - getTableName(tableName=orders) - start
23:04:35.578 [main] DEBUG o.dbunit.dataset.OrderedTableNameMap - getTableName(tableName=orders) - end - result=ORDERS
23:04:35.578 [main] DEBUG org.dbunit.dataset.DefaultTable - addTableRows(table=org.dbunit.dataset.DefaultTable[_metaData=tableName=orders, columns=[(order_number, UNKNOWN, nullableUnknown), (customer_id, UNKNOWN, nullableUnknown), (date, UNKNOWN, nullableUnknown), (amount, UNKNOWN, nullableUnknown), (order_status, UNKNOWN, nullableUnknown), (discount_status, UNKNOWN, nullableUnknown)], keys=[], _rowList.size()=1]) - start
23:04:35.580 [main] DEBUG org.dbunit.dataset.DefaultTable - getValue(row=0, column=order_number) - start
23:04:35.580 [main] DEBUG org.dbunit.dataset.AbstractTable - assertValidRowIndex(row=0) - start
23:04:35.580 [main] DEBUG org.dbunit.dataset.AbstractTable - assertValidRowIndex(row=0, rowCount=1) - start
23:04:35.580 [main] DEBUG org.dbunit.dataset.AbstractTable - getColumnIndex(columnName=order_number) - start
23:04:35.580 [main] DEBUG o.d.dataset.AbstractTableMetaData - getColumnIndex(columnName=order_number) - start
23:04:35.581 [main] DEBUG org.dbunit.dataset.DefaultTable - getValue(row=0, column=customer_id) - start
23:04:35.581 [main] DEBUG org.dbunit.dataset.AbstractTable - assertValidRowIndex(row=0) - start
23:04:35.581 [main] DEBUG org.dbunit.dataset.AbstractTable - assertValidRowIndex(row=0, rowCount=1) - start
23:04:35.581 [main] DEBUG org.dbunit.dataset.AbstractTable - getColumnIndex(columnName=customer_id) - start
23:04:35.581 [main] DEBUG o.d.dataset.AbstractTableMetaData - getColumnIndex(columnName=customer_id) - start
23:04:35.584 [main] DEBUG org.dbunit.dataset.DefaultTable - getValue(row=0, column=date) - start
23:04:35.584 [main] DEBUG org.dbunit.dataset.AbstractTable - assertValidRowIndex(row=0) - start
23:04:35.584 [main] DEBUG org.dbunit.dataset.AbstractTable - assertValidRowIndex(row=0, rowCount=1) - start
23:04:35.584 [main] DEBUG org.dbunit.dataset.AbstractTable - getColumnIndex(columnName=date) - start
23:04:35.584 [main] DEBUG o.d.dataset.AbstractTableMetaData - getColumnIndex(columnName=date) - start
23:04:35.584 [main] DEBUG org.dbunit.dataset.DefaultTable - getValue(row=0, column=amount) - start
23:04:35.585 [main] DEBUG org.dbunit.dataset.AbstractTable - assertValidRowIndex(row=0) - start
23:04:35.585 [main] DEBUG org.dbunit.dataset.AbstractTable - assertValidRowIndex(row=0, rowCount=1) - start
23:04:35.585 [main] DEBUG org.dbunit.dataset.AbstractTable - getColumnIndex(columnName=amount) - start
23:04:35.585 [main] DEBUG o.d.dataset.AbstractTableMetaData - getColumnIndex(columnName=amount) - start
23:04:35.585 [main] DEBUG org.dbunit.dataset.DefaultTable - getValue(row=0, column=order_status) - start
23:04:35.587 [main] DEBUG org.dbunit.dataset.AbstractTable - assertValidRowIndex(row=0) - start
23:04:35.588 [main] DEBUG org.dbunit.dataset.AbstractTable - assertValidRowIndex(row=0, rowCount=1) - start
23:04:35.588 [main] DEBUG org.dbunit.dataset.AbstractTable - getColumnIndex(columnName=order_status) - start
23:04:35.588 [main] DEBUG o.d.dataset.AbstractTableMetaData - getColumnIndex(columnName=order_status) - start
23:04:35.588 [main] DEBUG org.dbunit.dataset.DefaultTable - getValue(row=0, column=discount_status) - start
23:04:35.589 [main] DEBUG org.dbunit.dataset.AbstractTable - assertValidRowIndex(row=0) - start
23:04:35.589 [main] DEBUG org.dbunit.dataset.AbstractTable - assertValidRowIndex(row=0, rowCount=1) - start
23:04:35.589 [main] DEBUG org.dbunit.dataset.AbstractTable - getColumnIndex(columnName=discount_status) - start
23:04:35.589 [main] DEBUG o.d.dataset.AbstractTableMetaData - getColumnIndex(columnName=discount_status) - start
23:04:35.589 [main] DEBUG org.dbunit.dataset.DefaultTable - getValue(row=1, column=order_number) - start
23:04:35.592 [main] DEBUG org.dbunit.dataset.AbstractTable - assertValidRowIndex(row=1) - start
23:04:35.592 [main] DEBUG org.dbunit.dataset.AbstractTable - assertValidRowIndex(row=1, rowCount=1) - start
23:04:35.592 [main] DEBUG o.dbunit.dataset.OrderedTableNameMap - getTableName(tableName=order_items) - start
23:04:35.592 [main] DEBUG o.dbunit.dataset.OrderedTableNameMap - getTableName(tableName=order_items) - end - result=ORDER_ITEMS
23:04:35.592 [main] DEBUG o.dbunit.dataset.OrderedTableNameMap - getTableName(tableName=order_items) - start
23:04:35.592 [main] DEBUG o.dbunit.dataset.OrderedTableNameMap - getTableName(tableName=order_items) - end - result=ORDER_ITEMS
23:04:35.592 [main] DEBUG o.dbunit.dataset.OrderedTableNameMap - setLastTable(nameorder_items) - start
23:04:35.592 [main] DEBUG o.dbunit.dataset.OrderedTableNameMap - getTableName(tableName=order_items) - start
23:04:35.592 [main] DEBUG o.dbunit.dataset.OrderedTableNameMap - getTableName(tableName=order_items) - end - result=ORDER_ITEMS
23:04:35.592 [main] DEBUG org.dbunit.dataset.CachedDataSet - startTable(metaData=tableName=order_items, columns=[(id, UNKNOWN, nullableUnknown), (order_order_number, UNKNOWN, nullableUnknown), (product_sku_number, UNKNOWN, nullableUnknown), (quantity, UNKNOWN, nullableUnknown)], keys=[]) - start
23:04:35.594 [main] DEBUG o.dbunit.dataset.OrderedTableNameMap - getLastTableName() - start
23:04:35.594 [main] DEBUG o.dbunit.dataset.OrderedTableNameMap - getTableName(tableName=order_items) - start
23:04:35.594 [main] DEBUG o.dbunit.dataset.OrderedTableNameMap - getTableName(tableName=order_items) - end - result=ORDER_ITEMS
23:04:35.594 [main] DEBUG o.d.dataset.AbstractTableMetaData - getColumnIndex(columnName=id) - start
23:04:35.594 [main] DEBUG o.d.dataset.AbstractTableMetaData - getColumnIndex(columnName=order_order_number) - start
23:04:35.596 [main] DEBUG o.d.dataset.AbstractTableMetaData - getColumnIndex(columnName=product_sku_number) - start
23:04:35.596 [main] DEBUG o.d.dataset.AbstractTableMetaData - getColumnIndex(columnName=quantity) - start
23:04:35.596 [main] DEBUG o.dbunit.dataset.OrderedTableNameMap - getLastTableName() - start
23:04:35.596 [main] DEBUG o.dbunit.dataset.OrderedTableNameMap - getTableName(tableName=order_items) - start
23:04:35.596 [main] DEBUG o.dbunit.dataset.OrderedTableNameMap - getTableName(tableName=order_items) - end - result=ORDER_ITEMS
23:04:35.598 [main] DEBUG org.dbunit.dataset.CachedDataSet - row(values=6) - start
23:04:35.599 [main] DEBUG org.dbunit.dataset.DefaultTable - addRow(values=6) - start
23:04:35.599 [main] DEBUG o.dbunit.dataset.xml.FlatXmlProducer - endElement(uri=, localName=, qName=order_items) - start
23:04:35.599 [main] DEBUG o.dbunit.dataset.xml.FlatXmlProducer - startElement(uri=, localName=, qName=order_items, attributes=org.apache.xerces.parsers.AbstractSAXParser$AttributesProxy@1fdadcd) - start
23:04:35.599 [main] DEBUG o.dbunit.dataset.OrderedTableNameMap - getLastTableName() - start
23:04:35.603 [main] DEBUG o.dbunit.dataset.OrderedTableNameMap - getTableName(tableName=order_items) - start
23:04:35.603 [main] DEBUG o.dbunit.dataset.OrderedTableNameMap - getTableName(tableName=order_items) - end - result=ORDER_ITEMS
23:04:35.603 [main] DEBUG o.dbunit.dataset.OrderedTableNameMap - isLastTable(tableName=order_items) - start
23:04:35.603 [main] DEBUG o.dbunit.dataset.OrderedTableNameMap - getLastTableName() - start
23:04:35.603 [main] DEBUG o.dbunit.dataset.OrderedTableNameMap - getTableName(tableName=order_items) - start
23:04:35.703 [main] DEBUG o.dbunit.dataset.OrderedTableNameMap - getTableName(tableName=order_items) - end - result=ORDER_ITEMS
23:04:35.703 [main] DEBUG o.dbunit.dataset.OrderedTableNameMap - getTableName(tableName=order_items) - start
23:04:35.703 [main] DEBUG o.dbunit.dataset.OrderedTableNameMap - getTableName(tableName=order_items) - end - result=ORDER_ITEMS
23:04:35.703 [main] DEBUG o.dbunit.dataset.OrderedTableNameMap - getLastTableName() - start
23:04:35.703 [main] DEBUG o.dbunit.dataset.OrderedTableNameMap - getTableName(tableName=order_items) - start
23:04:35.704 [main] DEBUG o.dbunit.dataset.OrderedTableNameMap - getTableName(tableName=order_items) - end - result=ORDER_ITEMS
23:04:35.704 [main] DEBUG o.d.dataset.AbstractTableMetaData - getColumnIndex(columnName=id) - start
23:04:35.704 [main] DEBUG o.d.dataset.AbstractTableMetaData - getColumnIndex(columnName=order_order_number) - start
23:04:35.704 [main] DEBUG o.d.dataset.AbstractTableMetaData - getColumnIndex(columnName=product_sku_number) - start
23:04:35.704 [main] DEBUG o.d.dataset.AbstractTableMetaData - getColumnIndex(columnName=quantity) - start
23:04:35.706 [main] DEBUG o.dbunit.dataset.OrderedTableNameMap - getLastTableName() - start
23:04:35.706 [main] DEBUG o.dbunit.dataset.OrderedTableNameMap - getTableName(tableName=order_items) - start
23:04:35.706 [main] DEBUG o.dbunit.dataset.OrderedTableNameMap - getTableName(tableName=order_items) - end - result=ORDER_ITEMS
23:04:35.706 [main] DEBUG org.dbunit.dataset.CachedDataSet - row(values=7) - start
23:04:35.706 [main] DEBUG org.dbunit.dataset.DefaultTable - addRow(values=7) - start
23:04:35.706 [main] DEBUG o.dbunit.dataset.xml.FlatXmlProducer - endElement(uri=, localName=, qName=order_items) - start
23:04:35.708 [main] DEBUG o.dbunit.dataset.xml.FlatXmlProducer - startElement(uri=, localName=, qName=orders, attributes=org.apache.xerces.parsers.AbstractSAXParser$AttributesProxy@1fdadcd) - start
23:04:35.708 [main] DEBUG o.dbunit.dataset.OrderedTableNameMap - getLastTableName() - start
23:04:35.708 [main] DEBUG o.dbunit.dataset.OrderedTableNameMap - getTableName(tableName=order_items) - start
23:04:35.708 [main] DEBUG o.dbunit.dataset.OrderedTableNameMap - getTableName(tableName=order_items) - end - result=ORDER_ITEMS
23:04:35.710 [main] DEBUG o.dbunit.dataset.OrderedTableNameMap - isLastTable(tableName=orders) - start
23:04:35.710 [main] DEBUG o.dbunit.dataset.OrderedTableNameMap - getLastTableName() - start
23:04:35.710 [main] DEBUG o.dbunit.dataset.OrderedTableNameMap - getTableName(tableName=order_items) - start
23:04:35.710 [main] DEBUG o.dbunit.dataset.OrderedTableNameMap - getTableName(tableName=order_items) - end - result=ORDER_ITEMS
23:04:35.710 [main] DEBUG o.dbunit.dataset.OrderedTableNameMap - getTableName(tableName=orders) - start
23:04:35.711 [main] DEBUG o.dbunit.dataset.OrderedTableNameMap - getTableName(tableName=orders) - end - result=ORDERS
23:04:35.711 [main] DEBUG org.dbunit.dataset.CachedDataSet - endTable() - start
23:04:35.711 [main] DEBUG o.dbunit.dataset.OrderedTableNameMap - getTableName(tableName=order_items) - start
23:04:35.711 [main] DEBUG o.dbunit.dataset.OrderedTableNameMap - getTableName(tableName=order_items) - end - result=ORDER_ITEMS
23:04:35.711 [main] DEBUG o.dbunit.dataset.OrderedTableNameMap - getTableName(tableName=order_items) - start
23:04:35.713 [main] DEBUG o.dbunit.dataset.OrderedTableNameMap - getTableName(tableName=order_items) - end - result=ORDER_ITEMS
23:04:35.713 [main] DEBUG org.dbunit.dataset.DefaultTable - addTableRows(table=org.dbunit.dataset.DefaultTable[_metaData=tableName=order_items, columns=[(id, UNKNOWN, nullableUnknown), (order_order_number, UNKNOWN, nullableUnknown), (product_sku_number, UNKNOWN, nullableUnknown), (quantity, UNKNOWN, nullableUnknown)], keys=[], _rowList.size()=2]) - start
23:04:35.713 [main] DEBUG org.dbunit.dataset.DefaultTable - getValue(row=0, column=id) - start
23:04:35.715 [main] DEBUG org.dbunit.dataset.AbstractTable - assertValidRowIndex(row=0) - start
23:04:35.715 [main] DEBUG org.dbunit.dataset.AbstractTable - assertValidRowIndex(row=0, rowCount=2) - start
23:04:35.715 [main] DEBUG org.dbunit.dataset.AbstractTable - getColumnIndex(columnName=id) - start
23:04:35.715 [main] DEBUG o.d.dataset.AbstractTableMetaData - getColumnIndex(columnName=id) - start
23:04:35.715 [main] DEBUG org.dbunit.dataset.DefaultTable - getValue(row=0, column=order_order_number) - start
23:04:35.716 [main] DEBUG org.dbunit.dataset.AbstractTable - assertValidRowIndex(row=0) - start
23:04:35.716 [main] DEBUG org.dbunit.dataset.AbstractTable - assertValidRowIndex(row=0, rowCount=2) - start
23:04:35.716 [main] DEBUG org.dbunit.dataset.AbstractTable - getColumnIndex(columnName=order_order_number) - start
23:04:35.716 [main] DEBUG o.d.dataset.AbstractTableMetaData - getColumnIndex(columnName=order_order_number) - start
23:04:35.716 [main] DEBUG org.dbunit.dataset.DefaultTable - getValue(row=0, column=product_sku_number) - start
23:04:35.718 [main] DEBUG org.dbunit.dataset.AbstractTable - assertValidRowIndex(row=0) - start
23:04:35.718 [main] DEBUG org.dbunit.dataset.AbstractTable - assertValidRowIndex(row=0, rowCount=2) - start
23:04:35.718 [main] DEBUG org.dbunit.dataset.AbstractTable - getColumnIndex(columnName=product_sku_number) - start
23:04:35.718 [main] DEBUG o.d.dataset.AbstractTableMetaData - getColumnIndex(columnName=product_sku_number) - start
23:04:35.718 [main] DEBUG org.dbunit.dataset.DefaultTable - getValue(row=0, column=quantity) - start
23:04:35.719 [main] DEBUG org.dbunit.dataset.AbstractTable - assertValidRowIndex(row=0) - start
23:04:35.719 [main] DEBUG org.dbunit.dataset.AbstractTable - assertValidRowIndex(row=0, rowCount=2) - start
23:04:35.719 [main] DEBUG org.dbunit.dataset.AbstractTable - getColumnIndex(columnName=quantity) - start
23:04:35.719 [main] DEBUG o.d.dataset.AbstractTableMetaData - getColumnIndex(columnName=quantity) - start
23:04:35.719 [main] DEBUG org.dbunit.dataset.DefaultTable - getValue(row=1, column=id) - start
23:04:35.721 [main] DEBUG org.dbunit.dataset.AbstractTable - assertValidRowIndex(row=1) - start
23:04:35.721 [main] DEBUG org.dbunit.dataset.AbstractTable - assertValidRowIndex(row=1, rowCount=2) - start
23:04:35.721 [main] DEBUG org.dbunit.dataset.AbstractTable - getColumnIndex(columnName=id) - start
23:04:35.721 [main] DEBUG o.d.dataset.AbstractTableMetaData - getColumnIndex(columnName=id) - start
23:04:35.721 [main] DEBUG org.dbunit.dataset.DefaultTable - getValue(row=1, column=order_order_number) - start
23:04:35.722 [main] DEBUG org.dbunit.dataset.AbstractTable - assertValidRowIndex(row=1) - start
23:04:35.722 [main] DEBUG org.dbunit.dataset.AbstractTable - assertValidRowIndex(row=1, rowCount=2) - start
23:04:35.722 [main] DEBUG org.dbunit.dataset.AbstractTable - getColumnIndex(columnName=order_order_number) - start
23:04:35.722 [main] DEBUG o.d.dataset.AbstractTableMetaData - getColumnIndex(columnName=order_order_number) - start
23:04:35.722 [main] DEBUG org.dbunit.dataset.DefaultTable - getValue(row=1, column=product_sku_number) - start
23:04:35.724 [main] DEBUG org.dbunit.dataset.AbstractTable - assertValidRowIndex(row=1) - start
23:04:35.724 [main] DEBUG org.dbunit.dataset.AbstractTable - assertValidRowIndex(row=1, rowCount=2) - start
23:04:35.724 [main] DEBUG org.dbunit.dataset.AbstractTable - getColumnIndex(columnName=product_sku_number) - start
23:04:35.724 [main] DEBUG o.d.dataset.AbstractTableMetaData - getColumnIndex(columnName=product_sku_number) - start
23:04:35.724 [main] DEBUG org.dbunit.dataset.DefaultTable - getValue(row=1, column=quantity) - start
23:04:35.726 [main] DEBUG org.dbunit.dataset.AbstractTable - assertValidRowIndex(row=1) - start
23:04:35.726 [main] DEBUG org.dbunit.dataset.AbstractTable - assertValidRowIndex(row=1, rowCount=2) - start
23:04:35.726 [main] DEBUG org.dbunit.dataset.AbstractTable - getColumnIndex(columnName=quantity) - start
23:04:35.726 [main] DEBUG o.d.dataset.AbstractTableMetaData - getColumnIndex(columnName=quantity) - start
23:04:35.726 [main] DEBUG org.dbunit.dataset.DefaultTable - getValue(row=2, column=id) - start
23:04:35.728 [main] DEBUG org.dbunit.dataset.AbstractTable - assertValidRowIndex(row=2) - start
23:04:35.728 [main] DEBUG org.dbunit.dataset.AbstractTable - assertValidRowIndex(row=2, rowCount=2) - start
23:04:35.728 [main] DEBUG o.dbunit.dataset.OrderedTableNameMap - getTableName(tableName=orders) - start
23:04:35.728 [main] DEBUG o.dbunit.dataset.OrderedTableNameMap - getTableName(tableName=orders) - end - result=ORDERS
23:04:35.728 [main] DEBUG o.dbunit.dataset.OrderedTableNameMap - getTableName(tableName=orders) - start
23:04:35.729 [main] DEBUG o.dbunit.dataset.OrderedTableNameMap - getTableName(tableName=orders) - end - result=ORDERS
23:04:35.729 [main] DEBUG o.dbunit.dataset.OrderedTableNameMap - setLastTable(nameorders) - start
23:04:35.729 [main] DEBUG o.dbunit.dataset.OrderedTableNameMap - getTableName(tableName=orders) - start
23:04:35.729 [main] DEBUG o.dbunit.dataset.OrderedTableNameMap - getTableName(tableName=orders) - end - result=ORDERS
23:04:35.729 [main] DEBUG org.dbunit.dataset.CachedDataSet - startTable(metaData=tableName=orders, columns=[(order_number, UNKNOWN, nullableUnknown), (customer_id, UNKNOWN, nullableUnknown), (date, UNKNOWN, nullableUnknown), (amount, UNKNOWN, nullableUnknown), (order_status, UNKNOWN, nullableUnknown), (discount_status, UNKNOWN, nullableUnknown)], keys=[]) - start
23:04:35.731 [main] DEBUG o.dbunit.dataset.OrderedTableNameMap - getLastTableName() - start
23:04:35.731 [main] DEBUG o.dbunit.dataset.OrderedTableNameMap - getTableName(tableName=orders) - start
23:04:35.731 [main] DEBUG o.dbunit.dataset.OrderedTableNameMap - getTableName(tableName=orders) - end - result=ORDERS
23:04:35.731 [main] DEBUG o.d.dataset.AbstractTableMetaData - getColumnIndex(columnName=order_number) - start
23:04:35.731 [main] DEBUG o.d.dataset.AbstractTableMetaData - getColumnIndex(columnName=customer_id) - start
23:04:35.732 [main] DEBUG o.d.dataset.AbstractTableMetaData - getColumnIndex(columnName=date) - start
23:04:35.732 [main] DEBUG o.d.dataset.AbstractTableMetaData - getColumnIndex(columnName=amount) - start
23:04:35.732 [main] DEBUG o.d.dataset.AbstractTableMetaData - getColumnIndex(columnName=order_status) - start
23:04:35.732 [main] DEBUG o.d.dataset.AbstractTableMetaData - getColumnIndex(columnName=discount_status) - start
23:04:35.733 [main] DEBUG o.dbunit.dataset.OrderedTableNameMap - getLastTableName() - start
23:04:35.735 [main] DEBUG o.dbunit.dataset.OrderedTableNameMap - getTableName(tableName=orders) - start
23:04:35.735 [main] DEBUG o.dbunit.dataset.OrderedTableNameMap - getTableName(tableName=orders) - end - result=ORDERS
23:04:35.735 [main] DEBUG org.dbunit.dataset.CachedDataSet - row(values=6) - start
23:04:35.735 [main] DEBUG org.dbunit.dataset.DefaultTable - addRow(values=6) - start
23:04:35.735 [main] DEBUG o.dbunit.dataset.xml.FlatXmlProducer - endElement(uri=, localName=, qName=orders) - start
23:04:35.735 [main] DEBUG o.dbunit.dataset.xml.FlatXmlProducer - startElement(uri=, localName=, qName=order_items, attributes=org.apache.xerces.parsers.AbstractSAXParser$AttributesProxy@1fdadcd) - start
23:04:35.736 [main] DEBUG o.dbunit.dataset.OrderedTableNameMap - getLastTableName() - start
23:04:35.736 [main] DEBUG o.dbunit.dataset.OrderedTableNameMap - getTableName(tableName=orders) - start
23:04:35.736 [main] DEBUG o.dbunit.dataset.OrderedTableNameMap - getTableName(tableName=orders) - end - result=ORDERS
23:04:35.736 [main] DEBUG o.dbunit.dataset.OrderedTableNameMap - isLastTable(tableName=order_items) - start
23:04:35.736 [main] DEBUG o.dbunit.dataset.OrderedTableNameMap - getLastTableName() - start
23:04:35.738 [main] DEBUG o.dbunit.dataset.OrderedTableNameMap - getTableName(tableName=orders) - start
23:04:35.738 [main] DEBUG o.dbunit.dataset.OrderedTableNameMap - getTableName(tableName=orders) - end - result=ORDERS
23:04:35.738 [main] DEBUG o.dbunit.dataset.OrderedTableNameMap - getTableName(tableName=order_items) - start
23:04:35.738 [main] DEBUG o.dbunit.dataset.OrderedTableNameMap - getTableName(tableName=order_items) - end - result=ORDER_ITEMS
23:04:35.738 [main] DEBUG org.dbunit.dataset.CachedDataSet - endTable() - start
23:04:35.740 [main] DEBUG o.dbunit.dataset.OrderedTableNameMap - getTableName(tableName=orders) - start
23:04:35.740 [main] DEBUG o.dbunit.dataset.OrderedTableNameMap - getTableName(tableName=orders) - end - result=ORDERS
23:04:35.740 [main] DEBUG o.dbunit.dataset.OrderedTableNameMap - getTableName(tableName=orders) - start
23:04:35.740 [main] DEBUG o.dbunit.dataset.OrderedTableNameMap - getTableName(tableName=orders) - end - result=ORDERS
23:04:35.740 [main] DEBUG org.dbunit.dataset.DefaultTable - addTableRows(table=org.dbunit.dataset.DefaultTable[_metaData=tableName=orders, columns=[(order_number, UNKNOWN, nullableUnknown), (customer_id, UNKNOWN, nullableUnknown), (date, UNKNOWN, nullableUnknown), (amount, UNKNOWN, nullableUnknown), (order_status, UNKNOWN, nullableUnknown), (discount_status, UNKNOWN, nullableUnknown)], keys=[], _rowList.size()=1]) - start
23:04:35.742 [main] DEBUG org.dbunit.dataset.DefaultTable - getValue(row=0, column=order_number) - start
23:04:35.742 [main] DEBUG org.dbunit.dataset.AbstractTable - assertValidRowIndex(row=0) - start
23:04:35.742 [main] DEBUG org.dbunit.dataset.AbstractTable - assertValidRowIndex(row=0, rowCount=1) - start
23:04:35.742 [main] DEBUG org.dbunit.dataset.AbstractTable - getColumnIndex(columnName=order_number) - start
23:04:35.742 [main] DEBUG o.d.dataset.AbstractTableMetaData - getColumnIndex(columnName=order_number) - start
23:04:35.744 [main] DEBUG org.dbunit.dataset.DefaultTable - getValue(row=0, column=customer_id) - start
23:04:35.744 [main] DEBUG org.dbunit.dataset.AbstractTable - assertValidRowIndex(row=0) - start
23:04:35.744 [main] DEBUG org.dbunit.dataset.AbstractTable - assertValidRowIndex(row=0, rowCount=1) - start
23:04:35.744 [main] DEBUG org.dbunit.dataset.AbstractTable - getColumnIndex(columnName=customer_id) - start
23:04:35.744 [main] DEBUG o.d.dataset.AbstractTableMetaData - getColumnIndex(columnName=customer_id) - start
23:04:35.746 [main] DEBUG org.dbunit.dataset.DefaultTable - getValue(row=0, column=date) - start
23:04:35.746 [main] DEBUG org.dbunit.dataset.AbstractTable - assertValidRowIndex(row=0) - start
23:04:35.746 [main] DEBUG org.dbunit.dataset.AbstractTable - assertValidRowIndex(row=0, rowCount=1) - start
23:04:35.746 [main] DEBUG org.dbunit.dataset.AbstractTable - getColumnIndex(columnName=date) - start
23:04:35.746 [main] DEBUG o.d.dataset.AbstractTableMetaData - getColumnIndex(columnName=date) - start
23:04:35.746 [main] DEBUG org.dbunit.dataset.DefaultTable - getValue(row=0, column=amount) - start
23:04:35.747 [main] DEBUG org.dbunit.dataset.AbstractTable - assertValidRowIndex(row=0) - start
23:04:35.747 [main] DEBUG org.dbunit.dataset.AbstractTable - assertValidRowIndex(row=0, rowCount=1) - start
23:04:35.747 [main] DEBUG org.dbunit.dataset.AbstractTable - getColumnIndex(columnName=amount) - start
23:04:35.747 [main] DEBUG o.d.dataset.AbstractTableMetaData - getColumnIndex(columnName=amount) - start
23:04:35.747 [main] DEBUG org.dbunit.dataset.DefaultTable - getValue(row=0, column=order_status) - start
23:04:35.749 [main] DEBUG org.dbunit.dataset.AbstractTable - assertValidRowIndex(row=0) - start
23:04:35.749 [main] DEBUG org.dbunit.dataset.AbstractTable - assertValidRowIndex(row=0, rowCount=1) - start
23:04:35.749 [main] DEBUG org.dbunit.dataset.AbstractTable - getColumnIndex(columnName=order_status) - start
23:04:35.749 [main] DEBUG o.d.dataset.AbstractTableMetaData - getColumnIndex(columnName=order_status) - start
23:04:35.749 [main] DEBUG org.dbunit.dataset.DefaultTable - getValue(row=0, column=discount_status) - start
23:04:35.751 [main] DEBUG org.dbunit.dataset.AbstractTable - assertValidRowIndex(row=0) - start
23:04:35.751 [main] DEBUG org.dbunit.dataset.AbstractTable - assertValidRowIndex(row=0, rowCount=1) - start
23:04:35.751 [main] DEBUG org.dbunit.dataset.AbstractTable - getColumnIndex(columnName=discount_status) - start
23:04:35.751 [main] DEBUG o.d.dataset.AbstractTableMetaData - getColumnIndex(columnName=discount_status) - start
23:04:35.751 [main] DEBUG org.dbunit.dataset.DefaultTable - getValue(row=1, column=order_number) - start
23:04:35.752 [main] DEBUG org.dbunit.dataset.AbstractTable - assertValidRowIndex(row=1) - start
23:04:35.752 [main] DEBUG org.dbunit.dataset.AbstractTable - assertValidRowIndex(row=1, rowCount=1) - start
23:04:35.752 [main] DEBUG o.dbunit.dataset.OrderedTableNameMap - getTableName(tableName=order_items) - start
23:04:35.752 [main] DEBUG o.dbunit.dataset.OrderedTableNameMap - getTableName(tableName=order_items) - end - result=ORDER_ITEMS
23:04:35.752 [main] DEBUG o.dbunit.dataset.OrderedTableNameMap - getTableName(tableName=order_items) - start
23:04:35.754 [main] DEBUG o.dbunit.dataset.OrderedTableNameMap - getTableName(tableName=order_items) - end - result=ORDER_ITEMS
23:04:35.754 [main] DEBUG o.dbunit.dataset.OrderedTableNameMap - setLastTable(nameorder_items) - start
23:04:35.754 [main] DEBUG o.dbunit.dataset.OrderedTableNameMap - getTableName(tableName=order_items) - start
23:04:35.754 [main] DEBUG o.dbunit.dataset.OrderedTableNameMap - getTableName(tableName=order_items) - end - result=ORDER_ITEMS
23:04:35.754 [main] DEBUG org.dbunit.dataset.CachedDataSet - startTable(metaData=tableName=order_items, columns=[(id, UNKNOWN, nullableUnknown), (order_order_number, UNKNOWN, nullableUnknown), (product_sku_number, UNKNOWN, nullableUnknown), (quantity, UNKNOWN, nullableUnknown)], keys=[]) - start
23:04:35.755 [main] DEBUG o.dbunit.dataset.OrderedTableNameMap - getLastTableName() - start
23:04:35.755 [main] DEBUG o.dbunit.dataset.OrderedTableNameMap - getTableName(tableName=order_items) - start
23:04:35.755 [main] DEBUG o.dbunit.dataset.OrderedTableNameMap - getTableName(tableName=order_items) - end - result=ORDER_ITEMS
23:04:35.755 [main] DEBUG o.d.dataset.AbstractTableMetaData - getColumnIndex(columnName=id) - start
23:04:35.755 [main] DEBUG o.d.dataset.AbstractTableMetaData - getColumnIndex(columnName=order_order_number) - start
23:04:35.757 [main] DEBUG o.d.dataset.AbstractTableMetaData - getColumnIndex(columnName=product_sku_number) - start
23:04:35.758 [main] DEBUG o.d.dataset.AbstractTableMetaData - getColumnIndex(columnName=quantity) - start
23:04:35.758 [main] DEBUG o.dbunit.dataset.OrderedTableNameMap - getLastTableName() - start
23:04:35.758 [main] DEBUG o.dbunit.dataset.OrderedTableNameMap - getTableName(tableName=order_items) - start
23:04:35.758 [main] DEBUG o.dbunit.dataset.OrderedTableNameMap - getTableName(tableName=order_items) - end - result=ORDER_ITEMS
23:04:35.759 [main] DEBUG org.dbunit.dataset.CachedDataSet - row(values=8) - start
23:04:35.760 [main] DEBUG org.dbunit.dataset.DefaultTable - addRow(values=8) - start
23:04:35.760 [main] DEBUG o.dbunit.dataset.xml.FlatXmlProducer - endElement(uri=, localName=, qName=order_items) - start
23:04:35.760 [main] DEBUG o.dbunit.dataset.xml.FlatXmlProducer - endElement(uri=, localName=, qName=dataset) - start
23:04:35.760 [main] DEBUG o.dbunit.dataset.OrderedTableNameMap - getLastTableName() - start
23:04:35.760 [main] DEBUG o.dbunit.dataset.OrderedTableNameMap - getTableName(tableName=order_items) - start
23:04:35.761 [main] DEBUG o.dbunit.dataset.OrderedTableNameMap - getTableName(tableName=order_items) - end - result=ORDER_ITEMS
23:04:35.761 [main] DEBUG org.dbunit.dataset.CachedDataSet - endTable() - start
23:04:35.761 [main] DEBUG o.dbunit.dataset.OrderedTableNameMap - getTableName(tableName=order_items) - start
23:04:35.761 [main] DEBUG o.dbunit.dataset.OrderedTableNameMap - getTableName(tableName=order_items) - end - result=ORDER_ITEMS
23:04:35.761 [main] DEBUG o.dbunit.dataset.OrderedTableNameMap - getTableName(tableName=order_items) - start
23:04:35.763 [main] DEBUG o.dbunit.dataset.OrderedTableNameMap - getTableName(tableName=order_items) - end - result=ORDER_ITEMS
23:04:35.763 [main] DEBUG org.dbunit.dataset.DefaultTable - addTableRows(table=org.dbunit.dataset.DefaultTable[_metaData=tableName=order_items, columns=[(id, UNKNOWN, nullableUnknown), (order_order_number, UNKNOWN, nullableUnknown), (product_sku_number, UNKNOWN, nullableUnknown), (quantity, UNKNOWN, nullableUnknown)], keys=[], _rowList.size()=1]) - start
23:04:35.763 [main] DEBUG org.dbunit.dataset.DefaultTable - getValue(row=0, column=id) - start
23:04:35.765 [main] DEBUG org.dbunit.dataset.AbstractTable - assertValidRowIndex(row=0) - start
23:04:35.765 [main] DEBUG org.dbunit.dataset.AbstractTable - assertValidRowIndex(row=0, rowCount=1) - start
23:04:35.765 [main] DEBUG org.dbunit.dataset.AbstractTable - getColumnIndex(columnName=id) - start
23:04:35.765 [main] DEBUG o.d.dataset.AbstractTableMetaData - getColumnIndex(columnName=id) - start
23:04:35.765 [main] DEBUG org.dbunit.dataset.DefaultTable - getValue(row=0, column=order_order_number) - start
23:04:35.766 [main] DEBUG org.dbunit.dataset.AbstractTable - assertValidRowIndex(row=0) - start
23:04:35.766 [main] DEBUG org.dbunit.dataset.AbstractTable - assertValidRowIndex(row=0, rowCount=1) - start
23:04:35.766 [main] DEBUG org.dbunit.dataset.AbstractTable - getColumnIndex(columnName=order_order_number) - start
23:04:35.766 [main] DEBUG o.d.dataset.AbstractTableMetaData - getColumnIndex(columnName=order_order_number) - start
23:04:35.766 [main] DEBUG org.dbunit.dataset.DefaultTable - getValue(row=0, column=product_sku_number) - start
23:04:35.768 [main] DEBUG org.dbunit.dataset.AbstractTable - assertValidRowIndex(row=0) - start
23:04:35.768 [main] DEBUG org.dbunit.dataset.AbstractTable - assertValidRowIndex(row=0, rowCount=1) - start
23:04:35.768 [main] DEBUG org.dbunit.dataset.AbstractTable - getColumnIndex(columnName=product_sku_number) - start
23:04:35.768 [main] DEBUG o.d.dataset.AbstractTableMetaData - getColumnIndex(columnName=product_sku_number) - start
23:04:35.768 [main] DEBUG org.dbunit.dataset.DefaultTable - getValue(row=0, column=quantity) - start
23:04:35.769 [main] DEBUG org.dbunit.dataset.AbstractTable - assertValidRowIndex(row=0) - start
23:04:35.770 [main] DEBUG org.dbunit.dataset.AbstractTable - assertValidRowIndex(row=0, rowCount=1) - start
23:04:35.770 [main] DEBUG org.dbunit.dataset.AbstractTable - getColumnIndex(columnName=quantity) - start
23:04:35.770 [main] DEBUG o.d.dataset.AbstractTableMetaData - getColumnIndex(columnName=quantity) - start
23:04:35.770 [main] DEBUG org.dbunit.dataset.DefaultTable - getValue(row=1, column=id) - start
23:04:35.771 [main] DEBUG org.dbunit.dataset.AbstractTable - assertValidRowIndex(row=1) - start
23:04:35.771 [main] DEBUG org.dbunit.dataset.AbstractTable - assertValidRowIndex(row=1, rowCount=1) - start
23:04:35.771 [main] DEBUG org.dbunit.dataset.CachedDataSet - endDataSet() - start
23:04:35.771 [main] DEBUG org.dbunit.dataset.CachedDataSet - endDataSet() - the final tableMap is: org.dbunit.dataset.OrderedTableNameMap[_tableNames=[customers, products, orders, order_items], _tableMap={ORDER_ITEMS=org.dbunit.dataset.DefaultTable[_metaData=tableName=order_items, columns=[(id, UNKNOWN, nullableUnknown), (order_order_number, UNKNOWN, nullableUnknown), (product_sku_number, UNKNOWN, nullableUnknown), (quantity, UNKNOWN, nullableUnknown)], keys=[], _rowList.size()=8], CUSTOMERS=org.dbunit.dataset.DefaultTable[_metaData=tableName=customers, columns=[(id, UNKNOWN, nullableUnknown), (name, UNKNOWN, nullableUnknown)], keys=[], _rowList.size()=6], ORDERS=org.dbunit.dataset.DefaultTable[_metaData=tableName=orders, columns=[(order_number, UNKNOWN, nullableUnknown), (customer_id, UNKNOWN, nullableUnknown), (date, UNKNOWN, nullableUnknown), (amount, UNKNOWN, nullableUnknown), (order_status, UNKNOWN, nullableUnknown), (discount_status, UNKNOWN, nullableUnknown)], keys=[], _rowList.size()=6], PRODUCTS=org.dbunit.dataset.DefaultTable[_metaData=tableName=products, columns=[(sku_number, UNKNOWN, nullableUnknown), (name, UNKNOWN, nullableUnknown), (amount, UNKNOWN, nullableUnknown)], keys=[], _rowList.size()=4]}, _caseSensitiveTableNames=false]
23:04:35.773 [main] DEBUG org.dbunit.AbstractDatabaseTester - setDataSet(dataSet=AbstractDataSet[_orderedTableNameMap=null]) - start
23:04:35.773 [main] DEBUG org.dbunit.DatabaseTestCase - getOperationListener() - start
23:04:35.773 [main] DEBUG org.dbunit.AbstractDatabaseTester - setOperationListener(operationListener=org.dbunit.DatabaseTestCase$1@14acfcd) - start
23:04:35.773 [main] DEBUG org.dbunit.AbstractDatabaseTester - onSetup() - start
23:04:35.773 [main] DEBUG org.dbunit.AbstractDatabaseTester - executeOperation(operation=org.dbunit.operation.CompositeOperation[_actions=[org.dbunit.operation.DeleteAllOperation@19b1de, org.dbunit.operation.InsertOperation[_reverseRowOrder=false, super=org.dbunit.operation.InsertOperation@ec6b00]]]) - start
23:04:35.774 [main] DEBUG org.dbunit.JdbcDatabaseTester - getConnection() - start
23:04:35.774 [main] DEBUG org.dbunit.assertion.SimpleAssert - assertNotNullNorEmpty(propertyName=connectionUrl, property=jdbc:mysql://127.0.0.1/orderingsystem_test) - start
23:04:35.783 [main] DEBUG org.dbunit.util.SQLHelper - isEscaped returns 'false' for tableName= (dbIdentifierQuoteString=`)
23:04:35.783 [main] DEBUG o.dbunit.database.DatabaseConnection - Database connection info: 
	database product name=MySQL
	database version=5.5.2-m2-community
	database major version=5
	database minor version=5
	jdbc driver name=MySQL-AB JDBC Driver
	jdbc driver version=mysql-connector-java-5.1.16 ( Revision: ${bzr.revision-id} )
	jdbc driver major version=5
	jdbc driver minor version=1

23:04:35.880 [main] DEBUG o.dbunit.database.DatabaseConnection - validateSchema(validateStrict=false) - start
23:04:35.881 [main] WARN  o.dbunit.database.DatabaseConnection - The given schema '' does not exist.
23:04:35.881 [main] DEBUG org.dbunit.DefaultOperationListener - connectionCreated(connection=org.dbunit.database.DatabaseConnection[schema=, connection=com.mysql.jdbc.JDBC4Connection@941db6, super=_databaseConfig=org.dbunit.database.DatabaseConfig[, _propertyMap={http://www.dbunit.org/properties/statementFactory=org.dbunit.database.statement.PreparedStatementFactory@16c9867, http://www.dbunit.org/features/caseSensitiveTableNames=false, http://www.dbunit.org/properties/fetchSize=100, http://www.dbunit.org/features/batchedStatements=false, http://www.dbunit.org/properties/metadataHandler=org.dbunit.database.DefaultMetadataHandler@2acc57, http://www.dbunit.org/properties/datatypeFactory=org.dbunit.dataset.datatype.DefaultDataTypeFactory[_toleratedDeltaMap=org.dbunit.dataset.datatype.ToleratedDeltaMap@c837cd], http://www.dbunit.org/properties/escapePattern=null, http://www.dbunit.org/properties/batchSize=100, http://www.dbunit.org/features/qualifiedTableNames=false, http://www.dbunit.org/properties/tableType=[Ljava.lang.String;@c79809, http://www.dbunit.org/properties/resultSetTableFactory=org.dbunit.database.CachedResultSetTableFactory@1ce784b, http://www.dbunit.org/features/datatypeWarning=true}], _dataSet=null]) - start
23:04:35.881 [main] DEBUG org.dbunit.AbstractDatabaseTester - getDataSet() - start
23:04:35.882 [main] DEBUG o.d.operation.CompositeOperation - execute(connection=org.dbunit.database.DatabaseConnection[schema=, connection=com.mysql.jdbc.JDBC4Connection@941db6, super=_databaseConfig=org.dbunit.database.DatabaseConfig[, _propertyMap={http://www.dbunit.org/properties/statementFactory=org.dbunit.database.statement.PreparedStatementFactory@16c9867, http://www.dbunit.org/features/caseSensitiveTableNames=false, http://www.dbunit.org/properties/fetchSize=100, http://www.dbunit.org/features/batchedStatements=false, http://www.dbunit.org/properties/metadataHandler=org.dbunit.database.DefaultMetadataHandler@2acc57, http://www.dbunit.org/properties/datatypeFactory=org.dbunit.dataset.datatype.DefaultDataTypeFactory[_toleratedDeltaMap=org.dbunit.dataset.datatype.ToleratedDeltaMap@c837cd], http://www.dbunit.org/properties/escapePattern=null, http://www.dbunit.org/properties/batchSize=100, http://www.dbunit.org/features/qualifiedTableNames=false, http://www.dbunit.org/properties/tableType=[Ljava.lang.String;@c79809, http://www.dbunit.org/properties/resultSetTableFactory=org.dbunit.database.CachedResultSetTableFactory@1ce784b, http://www.dbunit.org/features/datatypeWarning=true}], _dataSet=null], , dataSet=AbstractDataSet[_orderedTableNameMap=null]) - start
23:04:35.882 [main] DEBUG o.d.operation.DeleteAllOperation - execute(connection=org.dbunit.database.DatabaseConnection[schema=, connection=com.mysql.jdbc.JDBC4Connection@941db6, super=_databaseConfig=org.dbunit.database.DatabaseConfig[, _propertyMap={http://www.dbunit.org/properties/statementFactory=org.dbunit.database.statement.PreparedStatementFactory@16c9867, http://www.dbunit.org/features/caseSensitiveTableNames=false, http://www.dbunit.org/properties/fetchSize=100, http://www.dbunit.org/features/batchedStatements=false, http://www.dbunit.org/properties/metadataHandler=org.dbunit.database.DefaultMetadataHandler@2acc57, http://www.dbunit.org/properties/datatypeFactory=org.dbunit.dataset.datatype.DefaultDataTypeFactory[_toleratedDeltaMap=org.dbunit.dataset.datatype.ToleratedDeltaMap@c837cd], http://www.dbunit.org/properties/escapePattern=null, http://www.dbunit.org/properties/batchSize=100, http://www.dbunit.org/features/qualifiedTableNames=false, http://www.dbunit.org/properties/tableType=[Ljava.lang.String;@c79809, http://www.dbunit.org/properties/resultSetTableFactory=org.dbunit.database.CachedResultSetTableFactory@1ce784b, http://www.dbunit.org/features/datatypeWarning=true}], _dataSet=null], dataSet=AbstractDataSet[_orderedTableNameMap=null]) - start
23:04:35.886 [main] DEBUG o.d.d.AbstractDatabaseConnection - createDataSet() - start
23:04:35.886 [main] DEBUG o.d.d.s.PreparedStatementFactory - createBatchStatement(connection=org.dbunit.database.DatabaseConnection[schema=, connection=com.mysql.jdbc.JDBC4Connection@941db6, super=_databaseConfig=org.dbunit.database.DatabaseConfig[, _propertyMap={http://www.dbunit.org/properties/statementFactory=org.dbunit.database.statement.PreparedStatementFactory@16c9867, http://www.dbunit.org/features/caseSensitiveTableNames=false, http://www.dbunit.org/properties/fetchSize=100, http://www.dbunit.org/features/batchedStatements=false, http://www.dbunit.org/properties/metadataHandler=org.dbunit.database.DefaultMetadataHandler@2acc57, http://www.dbunit.org/properties/datatypeFactory=org.dbunit.dataset.datatype.DefaultDataTypeFactory[_toleratedDeltaMap=org.dbunit.dataset.datatype.ToleratedDeltaMap@c837cd], http://www.dbunit.org/properties/escapePattern=null, http://www.dbunit.org/properties/batchSize=100, http://www.dbunit.org/features/qualifiedTableNames=false, http://www.dbunit.org/properties/tableType=[Ljava.lang.String;@c79809, http://www.dbunit.org/properties/resultSetTableFactory=org.dbunit.database.CachedResultSetTableFactory@1ce784b, http://www.dbunit.org/features/datatypeWarning=true}], _dataSet=AbstractDataSet[_orderedTableNameMap=null]]) - start
23:04:35.890 [main] DEBUG o.d.d.s.AbstractStatementFactory - supportBatchStatement(connection=org.dbunit.database.DatabaseConnection[schema=, connection=com.mysql.jdbc.JDBC4Connection@941db6, super=_databaseConfig=org.dbunit.database.DatabaseConfig[, _propertyMap={http://www.dbunit.org/properties/statementFactory=org.dbunit.database.statement.PreparedStatementFactory@16c9867, http://www.dbunit.org/features/caseSensitiveTableNames=false, http://www.dbunit.org/properties/fetchSize=100, http://www.dbunit.org/features/batchedStatements=false, http://www.dbunit.org/properties/metadataHandler=org.dbunit.database.DefaultMetadataHandler@2acc57, http://www.dbunit.org/properties/datatypeFactory=org.dbunit.dataset.datatype.DefaultDataTypeFactory[_toleratedDeltaMap=org.dbunit.dataset.datatype.ToleratedDeltaMap@c837cd], http://www.dbunit.org/properties/escapePattern=null, http://www.dbunit.org/properties/batchSize=100, http://www.dbunit.org/features/qualifiedTableNames=false, http://www.dbunit.org/properties/tableType=[Ljava.lang.String;@c79809, http://www.dbunit.org/properties/resultSetTableFactory=org.dbunit.database.CachedResultSetTableFactory@1ce784b, http://www.dbunit.org/features/datatypeWarning=true}], _dataSet=AbstractDataSet[_orderedTableNameMap=null]]) - start
23:04:35.895 [main] DEBUG org.dbunit.dataset.AbstractDataSet - iterator() - start
23:04:35.895 [main] DEBUG org.dbunit.dataset.CachedDataSet - createIterator(reversed=false) - start
23:04:35.895 [main] DEBUG o.dbunit.dataset.OrderedTableNameMap - orderedValues() - start
23:04:35.895 [main] DEBUG o.dbunit.dataset.OrderedTableNameMap - getTableName(tableName=customers) - start
23:04:35.895 [main] DEBUG o.dbunit.dataset.OrderedTableNameMap - getTableName(tableName=customers) - end - result=CUSTOMERS
23:04:35.895 [main] DEBUG o.dbunit.dataset.OrderedTableNameMap - getTableName(tableName=products) - start
23:04:35.898 [main] DEBUG o.dbunit.dataset.OrderedTableNameMap - getTableName(tableName=products) - end - result=PRODUCTS
23:04:35.898 [main] DEBUG o.dbunit.dataset.OrderedTableNameMap - getTableName(tableName=orders) - start
23:04:35.898 [main] DEBUG o.dbunit.dataset.OrderedTableNameMap - getTableName(tableName=orders) - end - result=ORDERS
23:04:35.898 [main] DEBUG o.dbunit.dataset.OrderedTableNameMap - getTableName(tableName=order_items) - start
23:04:35.898 [main] DEBUG o.dbunit.dataset.OrderedTableNameMap - getTableName(tableName=order_items) - end - result=ORDER_ITEMS
23:04:35.904 [main] DEBUG o.d.dataset.DefaultTableIterator - getTableMetaData() - start
23:04:35.904 [main] DEBUG o.d.dataset.DefaultTableIterator - getTable() - start
23:04:35.904 [main] DEBUG o.d.dataset.DefaultTableIterator - getTableMetaData() - start
23:04:35.904 [main] DEBUG o.d.dataset.DefaultTableIterator - getTable() - start
23:04:35.904 [main] DEBUG o.d.dataset.DefaultTableIterator - getTableMetaData() - start
23:04:35.904 [main] DEBUG o.d.dataset.DefaultTableIterator - getTable() - start
23:04:35.904 [main] DEBUG o.d.dataset.DefaultTableIterator - getTableMetaData() - start
23:04:35.905 [main] DEBUG o.d.dataset.DefaultTableIterator - getTable() - start
23:04:35.905 [main] DEBUG org.dbunit.database.DatabaseDataSet - getTableMetaData(tableName=order_items) - start
23:04:35.905 [main] DEBUG org.dbunit.database.DatabaseDataSet - initialize() - start
23:04:35.905 [main] DEBUG org.dbunit.database.DatabaseDataSet - Initializing the data set from the database...
23:04:35.907 [main] DEBUG org.dbunit.database.DatabaseDataSet - 
	database product name=MySQL
	database version=5.5.2-m2-community
	database major version=5
	database minor version=5
	jdbc driver name=MySQL-AB JDBC Driver
	jdbc driver version=mysql-connector-java-5.1.16 ( Revision: ${bzr.revision-id} )
	jdbc driver major version=5
	jdbc driver minor version=1

23:04:35.907 [main] DEBUG org.dbunit.database.DatabaseDataSet - metadata resultset=com.mysql.jdbc.JDBC4ResultSet@90832e
23:04:35.907 [main] DEBUG org.dbunit.util.QualifiedTableName - getQualifiedNameIfEnabled(config=org.dbunit.database.DatabaseConfig[, _propertyMap={http://www.dbunit.org/properties/statementFactory=org.dbunit.database.statement.PreparedStatementFactory@16c9867, http://www.dbunit.org/features/caseSensitiveTableNames=false, http://www.dbunit.org/properties/fetchSize=100, http://www.dbunit.org/features/batchedStatements=false, http://www.dbunit.org/properties/metadataHandler=org.dbunit.database.DefaultMetadataHandler@2acc57, http://www.dbunit.org/properties/datatypeFactory=org.dbunit.dataset.datatype.DefaultDataTypeFactory[_toleratedDeltaMap=org.dbunit.dataset.datatype.ToleratedDeltaMap@c837cd], http://www.dbunit.org/properties/escapePattern=null, http://www.dbunit.org/properties/batchSize=100, http://www.dbunit.org/features/qualifiedTableNames=false, http://www.dbunit.org/properties/tableType=[Ljava.lang.String;@c79809, http://www.dbunit.org/properties/resultSetTableFactory=org.dbunit.database.CachedResultSetTableFactory@1ce784b, http://www.dbunit.org/features/datatypeWarning=true}]) - start
23:04:35.909 [main] DEBUG org.dbunit.util.QualifiedTableName - Qualified table names feature is disabled. Returning plain table name
23:04:35.909 [main] DEBUG org.dbunit.util.QualifiedTableName - getQualifiedName(prefix=null, name=customers, escapePattern=null) - start
23:04:35.909 [main] DEBUG o.dbunit.dataset.OrderedTableNameMap - add(tableName=customers, object=null) - start
23:04:35.909 [main] DEBUG o.dbunit.dataset.OrderedTableNameMap - getTableName(tableName=customers) - start
23:04:35.909 [main] DEBUG o.dbunit.dataset.OrderedTableNameMap - getTableName(tableName=customers) - end - result=CUSTOMERS
23:04:35.911 [main] DEBUG o.dbunit.dataset.OrderedTableNameMap - getTableName(tableName=CUSTOMERS) - start
23:04:35.911 [main] DEBUG o.dbunit.dataset.OrderedTableNameMap - getTableName(tableName=CUSTOMERS) - end - result=CUSTOMERS
23:04:35.911 [main] DEBUG org.dbunit.util.QualifiedTableName - getQualifiedNameIfEnabled(config=org.dbunit.database.DatabaseConfig[, _propertyMap={http://www.dbunit.org/properties/statementFactory=org.dbunit.database.statement.PreparedStatementFactory@16c9867, http://www.dbunit.org/features/caseSensitiveTableNames=false, http://www.dbunit.org/properties/fetchSize=100, http://www.dbunit.org/features/batchedStatements=false, http://www.dbunit.org/properties/metadataHandler=org.dbunit.database.DefaultMetadataHandler@2acc57, http://www.dbunit.org/properties/datatypeFactory=org.dbunit.dataset.datatype.DefaultDataTypeFactory[_toleratedDeltaMap=org.dbunit.dataset.datatype.ToleratedDeltaMap@c837cd], http://www.dbunit.org/properties/escapePattern=null, http://www.dbunit.org/properties/batchSize=100, http://www.dbunit.org/features/qualifiedTableNames=false, http://www.dbunit.org/properties/tableType=[Ljava.lang.String;@c79809, http://www.dbunit.org/properties/resultSetTableFactory=org.dbunit.database.CachedResultSetTableFactory@1ce784b, http://www.dbunit.org/features/datatypeWarning=true}]) - start
23:04:35.915 [main] DEBUG org.dbunit.util.QualifiedTableName - Qualified table names feature is disabled. Returning plain table name
23:04:35.915 [main] DEBUG org.dbunit.util.QualifiedTableName - getQualifiedName(prefix=null, name=inventories, escapePattern=null) - start
23:04:35.915 [main] DEBUG o.dbunit.dataset.OrderedTableNameMap - add(tableName=inventories, object=null) - start
23:04:35.915 [main] DEBUG o.dbunit.dataset.OrderedTableNameMap - getTableName(tableName=inventories) - start
23:04:35.915 [main] DEBUG o.dbunit.dataset.OrderedTableNameMap - getTableName(tableName=inventories) - end - result=INVENTORIES
23:04:35.916 [main] DEBUG o.dbunit.dataset.OrderedTableNameMap - getTableName(tableName=INVENTORIES) - start
23:04:35.917 [main] DEBUG o.dbunit.dataset.OrderedTableNameMap - getTableName(tableName=INVENTORIES) - end - result=INVENTORIES
23:04:35.917 [main] DEBUG org.dbunit.util.QualifiedTableName - getQualifiedNameIfEnabled(config=org.dbunit.database.DatabaseConfig[, _propertyMap={http://www.dbunit.org/properties/statementFactory=org.dbunit.database.statement.PreparedStatementFactory@16c9867, http://www.dbunit.org/features/caseSensitiveTableNames=false, http://www.dbunit.org/properties/fetchSize=100, http://www.dbunit.org/features/batchedStatements=false, http://www.dbunit.org/properties/metadataHandler=org.dbunit.database.DefaultMetadataHandler@2acc57, http://www.dbunit.org/properties/datatypeFactory=org.dbunit.dataset.datatype.DefaultDataTypeFactory[_toleratedDeltaMap=org.dbunit.dataset.datatype.ToleratedDeltaMap@c837cd], http://www.dbunit.org/properties/escapePattern=null, http://www.dbunit.org/properties/batchSize=100, http://www.dbunit.org/features/qualifiedTableNames=false, http://www.dbunit.org/properties/tableType=[Ljava.lang.String;@c79809, http://www.dbunit.org/properties/resultSetTableFactory=org.dbunit.database.CachedResultSetTableFactory@1ce784b, http://www.dbunit.org/features/datatypeWarning=true}]) - start
23:04:35.921 [main] DEBUG org.dbunit.util.QualifiedTableName - Qualified table names feature is disabled. Returning plain table name
23:04:35.921 [main] DEBUG org.dbunit.util.QualifiedTableName - getQualifiedName(prefix=null, name=inventory_items, escapePattern=null) - start
23:04:35.921 [main] DEBUG o.dbunit.dataset.OrderedTableNameMap - add(tableName=inventory_items, object=null) - start
23:04:35.921 [main] DEBUG o.dbunit.dataset.OrderedTableNameMap - getTableName(tableName=inventory_items) - start
23:04:35.921 [main] DEBUG o.dbunit.dataset.OrderedTableNameMap - getTableName(tableName=inventory_items) - end - result=INVENTORY_ITEMS
23:04:35.922 [main] DEBUG o.dbunit.dataset.OrderedTableNameMap - getTableName(tableName=INVENTORY_ITEMS) - start
23:04:35.922 [main] DEBUG o.dbunit.dataset.OrderedTableNameMap - getTableName(tableName=INVENTORY_ITEMS) - end - result=INVENTORY_ITEMS
23:04:35.922 [main] DEBUG org.dbunit.util.QualifiedTableName - getQualifiedNameIfEnabled(config=org.dbunit.database.DatabaseConfig[, _propertyMap={http://www.dbunit.org/properties/statementFactory=org.dbunit.database.statement.PreparedStatementFactory@16c9867, http://www.dbunit.org/features/caseSensitiveTableNames=false, http://www.dbunit.org/properties/fetchSize=100, http://www.dbunit.org/features/batchedStatements=false, http://www.dbunit.org/properties/metadataHandler=org.dbunit.database.DefaultMetadataHandler@2acc57, http://www.dbunit.org/properties/datatypeFactory=org.dbunit.dataset.datatype.DefaultDataTypeFactory[_toleratedDeltaMap=org.dbunit.dataset.datatype.ToleratedDeltaMap@c837cd], http://www.dbunit.org/properties/escapePattern=null, http://www.dbunit.org/properties/batchSize=100, http://www.dbunit.org/features/qualifiedTableNames=false, http://www.dbunit.org/properties/tableType=[Ljava.lang.String;@c79809, http://www.dbunit.org/properties/resultSetTableFactory=org.dbunit.database.CachedResultSetTableFactory@1ce784b, http://www.dbunit.org/features/datatypeWarning=true}]) - start
23:04:35.928 [main] DEBUG org.dbunit.util.QualifiedTableName - Qualified table names feature is disabled. Returning plain table name
23:04:35.928 [main] DEBUG org.dbunit.util.QualifiedTableName - getQualifiedName(prefix=null, name=order_items, escapePattern=null) - start
23:04:35.928 [main] DEBUG o.dbunit.dataset.OrderedTableNameMap - add(tableName=order_items, object=null) - start
23:04:35.928 [main] DEBUG o.dbunit.dataset.OrderedTableNameMap - getTableName(tableName=order_items) - start
23:04:35.928 [main] DEBUG o.dbunit.dataset.OrderedTableNameMap - getTableName(tableName=order_items) - end - result=ORDER_ITEMS
23:04:35.928 [main] DEBUG o.dbunit.dataset.OrderedTableNameMap - getTableName(tableName=ORDER_ITEMS) - start
23:04:35.928 [main] DEBUG o.dbunit.dataset.OrderedTableNameMap - getTableName(tableName=ORDER_ITEMS) - end - result=ORDER_ITEMS
23:04:35.928 [main] DEBUG org.dbunit.util.QualifiedTableName - getQualifiedNameIfEnabled(config=org.dbunit.database.DatabaseConfig[, _propertyMap={http://www.dbunit.org/properties/statementFactory=org.dbunit.database.statement.PreparedStatementFactory@16c9867, http://www.dbunit.org/features/caseSensitiveTableNames=false, http://www.dbunit.org/properties/fetchSize=100, http://www.dbunit.org/features/batchedStatements=false, http://www.dbunit.org/properties/metadataHandler=org.dbunit.database.DefaultMetadataHandler@2acc57, http://www.dbunit.org/properties/datatypeFactory=org.dbunit.dataset.datatype.DefaultDataTypeFactory[_toleratedDeltaMap=org.dbunit.dataset.datatype.ToleratedDeltaMap@c837cd], http://www.dbunit.org/properties/escapePattern=null, http://www.dbunit.org/properties/batchSize=100, http://www.dbunit.org/features/qualifiedTableNames=false, http://www.dbunit.org/properties/tableType=[Ljava.lang.String;@c79809, http://www.dbunit.org/properties/resultSetTableFactory=org.dbunit.database.CachedResultSetTableFactory@1ce784b, http://www.dbunit.org/features/datatypeWarning=true}]) - start
23:04:35.933 [main] DEBUG org.dbunit.util.QualifiedTableName - Qualified table names feature is disabled. Returning plain table name
23:04:35.933 [main] DEBUG org.dbunit.util.QualifiedTableName - getQualifiedName(prefix=null, name=orders, escapePattern=null) - start
23:04:35.933 [main] DEBUG o.dbunit.dataset.OrderedTableNameMap - add(tableName=orders, object=null) - start
23:04:35.933 [main] DEBUG o.dbunit.dataset.OrderedTableNameMap - getTableName(tableName=orders) - start
23:04:35.933 [main] DEBUG o.dbunit.dataset.OrderedTableNameMap - getTableName(tableName=orders) - end - result=ORDERS
23:04:35.934 [main] DEBUG o.dbunit.dataset.OrderedTableNameMap - getTableName(tableName=ORDERS) - start
23:04:35.934 [main] DEBUG o.dbunit.dataset.OrderedTableNameMap - getTableName(tableName=ORDERS) - end - result=ORDERS
23:04:35.934 [main] DEBUG org.dbunit.util.QualifiedTableName - getQualifiedNameIfEnabled(config=org.dbunit.database.DatabaseConfig[, _propertyMap={http://www.dbunit.org/properties/statementFactory=org.dbunit.database.statement.PreparedStatementFactory@16c9867, http://www.dbunit.org/features/caseSensitiveTableNames=false, http://www.dbunit.org/properties/fetchSize=100, http://www.dbunit.org/features/batchedStatements=false, http://www.dbunit.org/properties/metadataHandler=org.dbunit.database.DefaultMetadataHandler@2acc57, http://www.dbunit.org/properties/datatypeFactory=org.dbunit.dataset.datatype.DefaultDataTypeFactory[_toleratedDeltaMap=org.dbunit.dataset.datatype.ToleratedDeltaMap@c837cd], http://www.dbunit.org/properties/escapePattern=null, http://www.dbunit.org/properties/batchSize=100, http://www.dbunit.org/features/qualifiedTableNames=false, http://www.dbunit.org/properties/tableType=[Ljava.lang.String;@c79809, http://www.dbunit.org/properties/resultSetTableFactory=org.dbunit.database.CachedResultSetTableFactory@1ce784b, http://www.dbunit.org/features/datatypeWarning=true}]) - start
23:04:35.939 [main] DEBUG org.dbunit.util.QualifiedTableName - Qualified table names feature is disabled. Returning plain table name
23:04:35.939 [main] DEBUG org.dbunit.util.QualifiedTableName - getQualifiedName(prefix=null, name=products, escapePattern=null) - start
23:04:35.939 [main] DEBUG o.dbunit.dataset.OrderedTableNameMap - add(tableName=products, object=null) - start
23:04:35.939 [main] DEBUG o.dbunit.dataset.OrderedTableNameMap - getTableName(tableName=products) - start
23:04:35.939 [main] DEBUG o.dbunit.dataset.OrderedTableNameMap - getTableName(tableName=products) - end - result=PRODUCTS
23:04:35.940 [main] DEBUG o.dbunit.dataset.OrderedTableNameMap - getTableName(tableName=PRODUCTS) - start
23:04:35.940 [main] DEBUG o.dbunit.dataset.OrderedTableNameMap - getTableName(tableName=PRODUCTS) - end - result=PRODUCTS
23:04:35.940 [main] DEBUG o.dbunit.dataset.OrderedTableNameMap - getTableName(tableName=order_items) - start
23:04:35.940 [main] DEBUG o.dbunit.dataset.OrderedTableNameMap - getTableName(tableName=order_items) - end - result=ORDER_ITEMS
23:04:35.940 [main] DEBUG o.dbunit.dataset.OrderedTableNameMap - getTableName(tableName=order_items) - start
23:04:35.945 [main] DEBUG o.dbunit.dataset.OrderedTableNameMap - getTableName(tableName=order_items) - end - result=ORDER_ITEMS
23:04:35.945 [main] DEBUG org.dbunit.util.SQLHelper - isEscaped returns 'false' for tableName=order_items (dbIdentifierQuoteString=`)
23:04:35.945 [main] DEBUG o.d.database.DatabaseTableMetaData - Validating if table 'order_items' exists in schema '' ...
23:04:35.946 [main] DEBUG org.dbunit.util.SQLHelper - close(resultSet=com.mysql.jdbc.JDBC4ResultSet@80cac9) - start
23:04:35.947 [main] DEBUG o.dbunit.dataset.OrderedTableNameMap - update(tableName=order_items, object=table=order_items, cols=[(id, INTEGER, noNulls), (order_order_number, INTEGER, noNulls), (product_sku_number, INTEGER, noNulls), (quantity, INTEGER, noNulls)], pk=[(id, INTEGER, noNulls)]) - start
23:04:35.954 [main] DEBUG o.dbunit.dataset.OrderedTableNameMap - getTableName(tableName=order_items) - start
23:04:35.954 [main] DEBUG o.dbunit.dataset.OrderedTableNameMap - getTableName(tableName=order_items) - end - result=ORDER_ITEMS
23:04:36.050 [main] DEBUG o.dbunit.dataset.OrderedTableNameMap - getTableName(tableName=order_items) - start
23:04:36.050 [main] DEBUG o.dbunit.dataset.OrderedTableNameMap - getTableName(tableName=order_items) - end - result=ORDER_ITEMS
23:04:36.050 [main] DEBUG o.dbunit.operation.AbstractOperation - getQualifiedName(prefix=, name=order_items, connection=org.dbunit.database.DatabaseConnection[schema=, connection=com.mysql.jdbc.JDBC4Connection@941db6, super=_databaseConfig=org.dbunit.database.DatabaseConfig[, _propertyMap={http://www.dbunit.org/properties/statementFactory=org.dbunit.database.statement.PreparedStatementFactory@16c9867, http://www.dbunit.org/features/caseSensitiveTableNames=false, http://www.dbunit.org/properties/fetchSize=100, http://www.dbunit.org/features/batchedStatements=false, http://www.dbunit.org/properties/metadataHandler=org.dbunit.database.DefaultMetadataHandler@2acc57, http://www.dbunit.org/properties/datatypeFactory=org.dbunit.dataset.datatype.DefaultDataTypeFactory[_toleratedDeltaMap=org.dbunit.dataset.datatype.ToleratedDeltaMap@c837cd], http://www.dbunit.org/properties/escapePattern=null, http://www.dbunit.org/properties/batchSize=100, http://www.dbunit.org/features/qualifiedTableNames=false, http://www.dbunit.org/properties/tableType=[Ljava.lang.String;@c79809, http://www.dbunit.org/properties/resultSetTableFactory=org.dbunit.database.CachedResultSetTableFactory@1ce784b, http://www.dbunit.org/features/datatypeWarning=true}], _dataSet=AbstractDataSet[_orderedTableNameMap=null]]) - start
23:04:36.051 [main] DEBUG org.dbunit.util.QualifiedTableName - getQualifiedName() - start
23:04:36.051 [main] DEBUG org.dbunit.util.QualifiedTableName - getQualifiedName(prefix=, name=order_items, escapePattern=null) - start
23:04:36.051 [main] DEBUG o.d.d.statement.SimpleStatement - addBatch(sql=delete from order_items) - start
23:04:36.051 [main] DEBUG o.d.operation.DeleteAllOperation - Added SQL: delete from order_items
23:04:36.051 [main] DEBUG org.dbunit.database.DatabaseDataSet - getTableMetaData(tableName=orders) - start
23:04:36.052 [main] DEBUG org.dbunit.database.DatabaseDataSet - initialize() - start
23:04:36.052 [main] DEBUG o.dbunit.dataset.OrderedTableNameMap - getTableName(tableName=orders) - start
23:04:36.052 [main] DEBUG o.dbunit.dataset.OrderedTableNameMap - getTableName(tableName=orders) - end - result=ORDERS
23:04:36.052 [main] DEBUG o.dbunit.dataset.OrderedTableNameMap - getTableName(tableName=orders) - start
23:04:36.052 [main] DEBUG o.dbunit.dataset.OrderedTableNameMap - getTableName(tableName=orders) - end - result=ORDERS
23:04:36.057 [main] DEBUG org.dbunit.util.SQLHelper - isEscaped returns 'false' for tableName=orders (dbIdentifierQuoteString=`)
23:04:36.057 [main] DEBUG o.d.database.DatabaseTableMetaData - Validating if table 'orders' exists in schema '' ...
23:04:36.059 [main] DEBUG org.dbunit.util.SQLHelper - close(resultSet=com.mysql.jdbc.JDBC4ResultSet@187c55c) - start
23:04:36.059 [main] DEBUG o.dbunit.dataset.OrderedTableNameMap - update(tableName=orders, object=table=orders, cols=[(order_number, INTEGER, noNulls), (customer_id, INTEGER, noNulls), (date, DATE, noNulls), (amount, DECIMAL, noNulls), (order_status, VARCHAR, noNulls), (discount_status, VARCHAR, noNulls)], pk=[(order_number, INTEGER, noNulls)]) - start
23:04:36.067 [main] DEBUG o.dbunit.dataset.OrderedTableNameMap - getTableName(tableName=orders) - start
23:04:36.067 [main] DEBUG o.dbunit.dataset.OrderedTableNameMap - getTableName(tableName=orders) - end - result=ORDERS
23:04:36.166 [main] DEBUG o.dbunit.dataset.OrderedTableNameMap - getTableName(tableName=orders) - start
23:04:36.166 [main] DEBUG o.dbunit.dataset.OrderedTableNameMap - getTableName(tableName=orders) - end - result=ORDERS
23:04:36.166 [main] DEBUG o.dbunit.operation.AbstractOperation - getQualifiedName(prefix=, name=orders, connection=org.dbunit.database.DatabaseConnection[schema=, connection=com.mysql.jdbc.JDBC4Connection@941db6, super=_databaseConfig=org.dbunit.database.DatabaseConfig[, _propertyMap={http://www.dbunit.org/properties/statementFactory=org.dbunit.database.statement.PreparedStatementFactory@16c9867, http://www.dbunit.org/features/caseSensitiveTableNames=false, http://www.dbunit.org/properties/fetchSize=100, http://www.dbunit.org/features/batchedStatements=false, http://www.dbunit.org/properties/metadataHandler=org.dbunit.database.DefaultMetadataHandler@2acc57, http://www.dbunit.org/properties/datatypeFactory=org.dbunit.dataset.datatype.DefaultDataTypeFactory[_toleratedDeltaMap=org.dbunit.dataset.datatype.ToleratedDeltaMap@c837cd], http://www.dbunit.org/properties/escapePattern=null, http://www.dbunit.org/properties/batchSize=100, http://www.dbunit.org/features/qualifiedTableNames=false, http://www.dbunit.org/properties/tableType=[Ljava.lang.String;@c79809, http://www.dbunit.org/properties/resultSetTableFactory=org.dbunit.database.CachedResultSetTableFactory@1ce784b, http://www.dbunit.org/features/datatypeWarning=true}], _dataSet=AbstractDataSet[_orderedTableNameMap=null]]) - start
23:04:36.167 [main] DEBUG org.dbunit.util.QualifiedTableName - getQualifiedName() - start
23:04:36.167 [main] DEBUG org.dbunit.util.QualifiedTableName - getQualifiedName(prefix=, name=orders, escapePattern=null) - start
23:04:36.167 [main] DEBUG o.d.d.statement.SimpleStatement - addBatch(sql=delete from orders) - start
23:04:36.167 [main] DEBUG o.d.operation.DeleteAllOperation - Added SQL: delete from orders
23:04:36.167 [main] DEBUG org.dbunit.database.DatabaseDataSet - getTableMetaData(tableName=products) - start
23:04:36.168 [main] DEBUG org.dbunit.database.DatabaseDataSet - initialize() - start
23:04:36.168 [main] DEBUG o.dbunit.dataset.OrderedTableNameMap - getTableName(tableName=products) - start
23:04:36.168 [main] DEBUG o.dbunit.dataset.OrderedTableNameMap - getTableName(tableName=products) - end - result=PRODUCTS
23:04:36.168 [main] DEBUG o.dbunit.dataset.OrderedTableNameMap - getTableName(tableName=products) - start
23:04:36.168 [main] DEBUG o.dbunit.dataset.OrderedTableNameMap - getTableName(tableName=products) - end - result=PRODUCTS
23:04:36.173 [main] DEBUG org.dbunit.util.SQLHelper - isEscaped returns 'false' for tableName=products (dbIdentifierQuoteString=`)
23:04:36.173 [main] DEBUG o.d.database.DatabaseTableMetaData - Validating if table 'products' exists in schema '' ...
23:04:36.174 [main] DEBUG org.dbunit.util.SQLHelper - close(resultSet=com.mysql.jdbc.JDBC4ResultSet@1ee2c2c) - start
23:04:36.174 [main] DEBUG o.dbunit.dataset.OrderedTableNameMap - update(tableName=products, object=table=products, cols=[(sku_number, INTEGER, noNulls), (name, VARCHAR, noNulls), (amount, DECIMAL, noNulls)], pk=[(sku_number, INTEGER, noNulls)]) - start
23:04:36.181 [main] DEBUG o.dbunit.dataset.OrderedTableNameMap - getTableName(tableName=products) - start
23:04:36.181 [main] DEBUG o.dbunit.dataset.OrderedTableNameMap - getTableName(tableName=products) - end - result=PRODUCTS
23:04:36.181 [main] DEBUG o.dbunit.dataset.OrderedTableNameMap - getTableName(tableName=products) - start
23:04:36.277 [main] DEBUG o.dbunit.dataset.OrderedTableNameMap - getTableName(tableName=products) - end - result=PRODUCTS
23:04:36.277 [main] DEBUG o.dbunit.operation.AbstractOperation - getQualifiedName(prefix=, name=products, connection=org.dbunit.database.DatabaseConnection[schema=, connection=com.mysql.jdbc.JDBC4Connection@941db6, super=_databaseConfig=org.dbunit.database.DatabaseConfig[, _propertyMap={http://www.dbunit.org/properties/statementFactory=org.dbunit.database.statement.PreparedStatementFactory@16c9867, http://www.dbunit.org/features/caseSensitiveTableNames=false, http://www.dbunit.org/properties/fetchSize=100, http://www.dbunit.org/features/batchedStatements=false, http://www.dbunit.org/properties/metadataHandler=org.dbunit.database.DefaultMetadataHandler@2acc57, http://www.dbunit.org/properties/datatypeFactory=org.dbunit.dataset.datatype.DefaultDataTypeFactory[_toleratedDeltaMap=org.dbunit.dataset.datatype.ToleratedDeltaMap@c837cd], http://www.dbunit.org/properties/escapePattern=null, http://www.dbunit.org/properties/batchSize=100, http://www.dbunit.org/features/qualifiedTableNames=false, http://www.dbunit.org/properties/tableType=[Ljava.lang.String;@c79809, http://www.dbunit.org/properties/resultSetTableFactory=org.dbunit.database.CachedResultSetTableFactory@1ce784b, http://www.dbunit.org/features/datatypeWarning=true}], _dataSet=AbstractDataSet[_orderedTableNameMap=null]]) - start
23:04:36.278 [main] DEBUG org.dbunit.util.QualifiedTableName - getQualifiedName() - start
23:04:36.278 [main] DEBUG org.dbunit.util.QualifiedTableName - getQualifiedName(prefix=, name=products, escapePattern=null) - start
23:04:36.278 [main] DEBUG o.d.d.statement.SimpleStatement - addBatch(sql=delete from products) - start
23:04:36.278 [main] DEBUG o.d.operation.DeleteAllOperation - Added SQL: delete from products
23:04:36.278 [main] DEBUG org.dbunit.database.DatabaseDataSet - getTableMetaData(tableName=customers) - start
23:04:36.279 [main] DEBUG org.dbunit.database.DatabaseDataSet - initialize() - start
23:04:36.279 [main] DEBUG o.dbunit.dataset.OrderedTableNameMap - getTableName(tableName=customers) - start
23:04:36.279 [main] DEBUG o.dbunit.dataset.OrderedTableNameMap - getTableName(tableName=customers) - end - result=CUSTOMERS
23:04:36.279 [main] DEBUG o.dbunit.dataset.OrderedTableNameMap - getTableName(tableName=customers) - start
23:04:36.279 [main] DEBUG o.dbunit.dataset.OrderedTableNameMap - getTableName(tableName=customers) - end - result=CUSTOMERS
23:04:36.284 [main] DEBUG org.dbunit.util.SQLHelper - isEscaped returns 'false' for tableName=customers (dbIdentifierQuoteString=`)
23:04:36.284 [main] DEBUG o.d.database.DatabaseTableMetaData - Validating if table 'customers' exists in schema '' ...
23:04:36.285 [main] DEBUG org.dbunit.util.SQLHelper - close(resultSet=com.mysql.jdbc.JDBC4ResultSet@9505f) - start
23:04:36.285 [main] DEBUG o.dbunit.dataset.OrderedTableNameMap - update(tableName=customers, object=table=customers, cols=[(id, INTEGER, noNulls), (name, VARCHAR, nullable)], pk=[(id, INTEGER, noNulls)]) - start
23:04:36.292 [main] DEBUG o.dbunit.dataset.OrderedTableNameMap - getTableName(tableName=customers) - start
23:04:36.292 [main] DEBUG o.dbunit.dataset.OrderedTableNameMap - getTableName(tableName=customers) - end - result=CUSTOMERS
23:04:36.292 [main] DEBUG o.dbunit.dataset.OrderedTableNameMap - getTableName(tableName=customers) - start
23:04:36.388 [main] DEBUG o.dbunit.dataset.OrderedTableNameMap - getTableName(tableName=customers) - end - result=CUSTOMERS
23:04:36.388 [main] DEBUG o.dbunit.operation.AbstractOperation - getQualifiedName(prefix=, name=customers, connection=org.dbunit.database.DatabaseConnection[schema=, connection=com.mysql.jdbc.JDBC4Connection@941db6, super=_databaseConfig=org.dbunit.database.DatabaseConfig[, _propertyMap={http://www.dbunit.org/properties/statementFactory=org.dbunit.database.statement.PreparedStatementFactory@16c9867, http://www.dbunit.org/features/caseSensitiveTableNames=false, http://www.dbunit.org/properties/fetchSize=100, http://www.dbunit.org/features/batchedStatements=false, http://www.dbunit.org/properties/metadataHandler=org.dbunit.database.DefaultMetadataHandler@2acc57, http://www.dbunit.org/properties/datatypeFactory=org.dbunit.dataset.datatype.DefaultDataTypeFactory[_toleratedDeltaMap=org.dbunit.dataset.datatype.ToleratedDeltaMap@c837cd], http://www.dbunit.org/properties/escapePattern=null, http://www.dbunit.org/properties/batchSize=100, http://www.dbunit.org/features/qualifiedTableNames=false, http://www.dbunit.org/properties/tableType=[Ljava.lang.String;@c79809, http://www.dbunit.org/properties/resultSetTableFactory=org.dbunit.database.CachedResultSetTableFactory@1ce784b, http://www.dbunit.org/features/datatypeWarning=true}], _dataSet=AbstractDataSet[_orderedTableNameMap=null]]) - start
23:04:36.389 [main] DEBUG org.dbunit.util.QualifiedTableName - getQualifiedName() - start
23:04:36.389 [main] DEBUG org.dbunit.util.QualifiedTableName - getQualifiedName(prefix=, name=customers, escapePattern=null) - start
23:04:36.389 [main] DEBUG o.d.d.statement.SimpleStatement - addBatch(sql=delete from customers) - start
23:04:36.389 [main] DEBUG o.d.operation.DeleteAllOperation - Added SQL: delete from customers
23:04:36.389 [main] DEBUG o.d.d.statement.SimpleStatement - executeBatch() - start
23:04:36.389 [main] DEBUG o.d.d.statement.SimpleStatement - DbUnit SQL: delete from order_items
23:04:36.390 [main] DEBUG o.d.d.statement.SimpleStatement - DbUnit SQL: delete from orders
23:04:36.390 [main] DEBUG o.d.d.statement.SimpleStatement - DbUnit SQL: delete from products
23:04:36.391 [main] DEBUG o.d.d.statement.SimpleStatement - DbUnit SQL: delete from customers
23:04:36.391 [main] DEBUG o.d.d.statement.SimpleStatement - clearBatch() - start
23:04:36.391 [main] DEBUG o.d.d.s.AbstractBatchStatement - close() - start
23:04:36.391 [main] DEBUG o.d.operation.AbstractBatchOperation - execute(connection=org.dbunit.database.DatabaseConnection[schema=, connection=com.mysql.jdbc.JDBC4Connection@941db6, super=_databaseConfig=org.dbunit.database.DatabaseConfig[, _propertyMap={http://www.dbunit.org/properties/statementFactory=org.dbunit.database.statement.PreparedStatementFactory@16c9867, http://www.dbunit.org/features/caseSensitiveTableNames=false, http://www.dbunit.org/properties/fetchSize=100, http://www.dbunit.org/features/batchedStatements=false, http://www.dbunit.org/properties/metadataHandler=org.dbunit.database.DefaultMetadataHandler@2acc57, http://www.dbunit.org/properties/datatypeFactory=org.dbunit.dataset.datatype.DefaultDataTypeFactory[_toleratedDeltaMap=org.dbunit.dataset.datatype.ToleratedDeltaMap@c837cd], http://www.dbunit.org/properties/escapePattern=null, http://www.dbunit.org/properties/batchSize=100, http://www.dbunit.org/features/qualifiedTableNames=false, http://www.dbunit.org/properties/tableType=[Ljava.lang.String;@c79809, http://www.dbunit.org/properties/resultSetTableFactory=org.dbunit.database.CachedResultSetTableFactory@1ce784b, http://www.dbunit.org/features/datatypeWarning=true}], _dataSet=AbstractDataSet[_orderedTableNameMap=null]], dataSet=AbstractDataSet[_orderedTableNameMap=null]) - start
23:04:36.396 [main] DEBUG org.dbunit.dataset.AbstractDataSet - iterator() - start
23:04:36.396 [main] DEBUG org.dbunit.dataset.CachedDataSet - createIterator(reversed=false) - start
23:04:36.396 [main] DEBUG o.dbunit.dataset.OrderedTableNameMap - orderedValues() - start
23:04:36.396 [main] DEBUG o.dbunit.dataset.OrderedTableNameMap - getTableName(tableName=customers) - start
23:04:36.396 [main] DEBUG o.dbunit.dataset.OrderedTableNameMap - getTableName(tableName=customers) - end - result=CUSTOMERS
23:04:36.396 [main] DEBUG o.dbunit.dataset.OrderedTableNameMap - getTableName(tableName=products) - start
23:04:36.397 [main] DEBUG o.dbunit.dataset.OrderedTableNameMap - getTableName(tableName=products) - end - result=PRODUCTS
23:04:36.397 [main] DEBUG o.dbunit.dataset.OrderedTableNameMap - getTableName(tableName=orders) - start
23:04:36.397 [main] DEBUG o.dbunit.dataset.OrderedTableNameMap - getTableName(tableName=orders) - end - result=ORDERS
23:04:36.397 [main] DEBUG o.dbunit.dataset.OrderedTableNameMap - getTableName(tableName=order_items) - start
23:04:36.397 [main] DEBUG o.dbunit.dataset.OrderedTableNameMap - getTableName(tableName=order_items) - end - result=ORDER_ITEMS
23:04:36.403 [main] DEBUG o.d.dataset.DefaultTableIterator - getTable() - start
23:04:36.403 [main] DEBUG o.d.operation.AbstractBatchOperation - isEmpty(table=org.dbunit.dataset.DefaultTable[_metaData=tableName=customers, columns=[(id, UNKNOWN, nullableUnknown), (name, UNKNOWN, nullableUnknown)], keys=[], _rowList.size()=6]) - start
23:04:36.403 [main] DEBUG org.dbunit.dataset.DefaultTable - getValue(row=0, column=id) - start
23:04:36.403 [main] DEBUG org.dbunit.dataset.AbstractTable - assertValidRowIndex(row=0) - start
23:04:36.405 [main] DEBUG org.dbunit.dataset.AbstractTable - assertValidRowIndex(row=0, rowCount=6) - start
23:04:36.405 [main] DEBUG org.dbunit.dataset.AbstractTable - getColumnIndex(columnName=id) - start
23:04:36.405 [main] DEBUG o.d.dataset.AbstractTableMetaData - getColumnIndex(columnName=id) - start
23:04:36.405 [main] DEBUG o.dbunit.operation.AbstractOperation - getOperationMetaData(connection=org.dbunit.database.DatabaseConnection[schema=, connection=com.mysql.jdbc.JDBC4Connection@941db6, super=_databaseConfig=org.dbunit.database.DatabaseConfig[, _propertyMap={http://www.dbunit.org/properties/statementFactory=org.dbunit.database.statement.PreparedStatementFactory@16c9867, http://www.dbunit.org/features/caseSensitiveTableNames=false, http://www.dbunit.org/properties/fetchSize=100, http://www.dbunit.org/features/batchedStatements=false, http://www.dbunit.org/properties/metadataHandler=org.dbunit.database.DefaultMetadataHandler@2acc57, http://www.dbunit.org/properties/datatypeFactory=org.dbunit.dataset.datatype.DefaultDataTypeFactory[_toleratedDeltaMap=org.dbunit.dataset.datatype.ToleratedDeltaMap@c837cd], http://www.dbunit.org/properties/escapePattern=null, http://www.dbunit.org/properties/batchSize=100, http://www.dbunit.org/features/qualifiedTableNames=false, http://www.dbunit.org/properties/tableType=[Ljava.lang.String;@c79809, http://www.dbunit.org/properties/resultSetTableFactory=org.dbunit.database.CachedResultSetTableFactory@1ce784b, http://www.dbunit.org/features/datatypeWarning=true}], _dataSet=AbstractDataSet[_orderedTableNameMap=null]], metaData=tableName=customers, columns=[(id, UNKNOWN, nullableUnknown), (name, UNKNOWN, nullableUnknown)], keys=[]) - start
23:04:36.406 [main] DEBUG o.d.d.AbstractDatabaseConnection - createDataSet() - start
23:04:36.406 [main] DEBUG org.dbunit.database.DatabaseDataSet - getTableMetaData(tableName=customers) - start
23:04:36.406 [main] DEBUG org.dbunit.database.DatabaseDataSet - initialize() - start
23:04:36.406 [main] DEBUG o.dbunit.dataset.OrderedTableNameMap - getTableName(tableName=customers) - start
23:04:36.406 [main] DEBUG o.dbunit.dataset.OrderedTableNameMap - getTableName(tableName=customers) - end - result=CUSTOMERS
23:04:36.407 [main] DEBUG o.dbunit.dataset.OrderedTableNameMap - getTableName(tableName=customers) - start
23:04:36.407 [main] DEBUG o.dbunit.dataset.OrderedTableNameMap - getTableName(tableName=customers) - end - result=CUSTOMERS
23:04:36.407 [main] DEBUG o.d.dataset.AbstractTableMetaData - getColumnIndex(columnName=id) - start
23:04:36.408 [main] DEBUG o.d.database.DatabaseTableMetaData - getColumns() - start
23:04:36.408 [main] DEBUG o.d.database.DatabaseTableMetaData - getColumns() - start
23:04:36.408 [main] DEBUG o.d.dataset.AbstractTableMetaData - getColumnIndex(columnName=name) - start
23:04:36.413 [main] DEBUG o.d.database.DatabaseTableMetaData - getColumns() - start
23:04:36.413 [main] DEBUG o.d.database.DatabaseTableMetaData - getPrimaryKeys() - start
23:04:36.413 [main] DEBUG org.dbunit.operation.InsertOperation - getIgnoreMapping(table=org.dbunit.dataset.DefaultTable[_metaData=tableName=customers, columns=[(id, UNKNOWN, nullableUnknown), (name, UNKNOWN, nullableUnknown)], keys=[], _rowList.size()=6], row=0) - start
23:04:36.413 [main] DEBUG org.dbunit.dataset.DefaultTable - getValue(row=0, column=id) - start
23:04:36.415 [main] DEBUG org.dbunit.dataset.AbstractTable - assertValidRowIndex(row=0) - start
23:04:36.415 [main] DEBUG org.dbunit.dataset.AbstractTable - assertValidRowIndex(row=0, rowCount=6) - start
23:04:36.415 [main] DEBUG org.dbunit.dataset.AbstractTable - getColumnIndex(columnName=id) - start
23:04:36.415 [main] DEBUG o.d.dataset.AbstractTableMetaData - getColumnIndex(columnName=id) - start
23:04:36.415 [main] DEBUG org.dbunit.dataset.DefaultTable - getValue(row=0, column=name) - start
23:04:36.415 [main] DEBUG org.dbunit.dataset.AbstractTable - assertValidRowIndex(row=0) - start
23:04:36.415 [main] DEBUG org.dbunit.dataset.AbstractTable - assertValidRowIndex(row=0, rowCount=6) - start
23:04:36.415 [main] DEBUG org.dbunit.dataset.AbstractTable - getColumnIndex(columnName=name) - start
23:04:36.415 [main] DEBUG o.d.dataset.AbstractTableMetaData - getColumnIndex(columnName=name) - start
23:04:36.415 [main] DEBUG org.dbunit.operation.InsertOperation - getOperationData(metaData=tableName=customers, columns=[(id, INTEGER, noNulls), (name, VARCHAR, nullable)], keys=[(id, INTEGER, noNulls)], ignoreMapping={}, connection=org.dbunit.database.DatabaseConnection[schema=, connection=com.mysql.jdbc.JDBC4Connection@941db6, super=_databaseConfig=org.dbunit.database.DatabaseConfig[, _propertyMap={http://www.dbunit.org/properties/statementFactory=org.dbunit.database.statement.PreparedStatementFactory@16c9867, http://www.dbunit.org/features/caseSensitiveTableNames=false, http://www.dbunit.org/properties/fetchSize=100, http://www.dbunit.org/features/batchedStatements=false, http://www.dbunit.org/properties/metadataHandler=org.dbunit.database.DefaultMetadataHandler@2acc57, http://www.dbunit.org/properties/datatypeFactory=org.dbunit.dataset.datatype.DefaultDataTypeFactory[_toleratedDeltaMap=org.dbunit.dataset.datatype.ToleratedDeltaMap@c837cd], http://www.dbunit.org/properties/escapePattern=null, http://www.dbunit.org/properties/batchSize=100, http://www.dbunit.org/features/qualifiedTableNames=false, http://www.dbunit.org/properties/tableType=[Ljava.lang.String;@c79809, http://www.dbunit.org/properties/resultSetTableFactory=org.dbunit.database.CachedResultSetTableFactory@1ce784b, http://www.dbunit.org/features/datatypeWarning=true}], _dataSet=AbstractDataSet[_orderedTableNameMap=null]]) - start
23:04:36.418 [main] DEBUG o.dbunit.operation.AbstractOperation - getQualifiedName(prefix=, name=customers, connection=org.dbunit.database.DatabaseConnection[schema=, connection=com.mysql.jdbc.JDBC4Connection@941db6, super=_databaseConfig=org.dbunit.database.DatabaseConfig[, _propertyMap={http://www.dbunit.org/properties/statementFactory=org.dbunit.database.statement.PreparedStatementFactory@16c9867, http://www.dbunit.org/features/caseSensitiveTableNames=false, http://www.dbunit.org/properties/fetchSize=100, http://www.dbunit.org/features/batchedStatements=false, http://www.dbunit.org/properties/metadataHandler=org.dbunit.database.DefaultMetadataHandler@2acc57, http://www.dbunit.org/properties/datatypeFactory=org.dbunit.dataset.datatype.DefaultDataTypeFactory[_toleratedDeltaMap=org.dbunit.dataset.datatype.ToleratedDeltaMap@c837cd], http://www.dbunit.org/properties/escapePattern=null, http://www.dbunit.org/properties/batchSize=100, http://www.dbunit.org/features/qualifiedTableNames=false, http://www.dbunit.org/properties/tableType=[Ljava.lang.String;@c79809, http://www.dbunit.org/properties/resultSetTableFactory=org.dbunit.database.CachedResultSetTableFactory@1ce784b, http://www.dbunit.org/features/datatypeWarning=true}], _dataSet=AbstractDataSet[_orderedTableNameMap=null]]) - start
23:04:36.419 [main] DEBUG org.dbunit.util.QualifiedTableName - getQualifiedName() - start
23:04:36.419 [main] DEBUG org.dbunit.util.QualifiedTableName - getQualifiedName(prefix=, name=customers, escapePattern=null) - start
23:04:36.419 [main] DEBUG o.dbunit.operation.AbstractOperation - getQualifiedName(prefix=null, name=id, connection=org.dbunit.database.DatabaseConnection[schema=, connection=com.mysql.jdbc.JDBC4Connection@941db6, super=_databaseConfig=org.dbunit.database.DatabaseConfig[, _propertyMap={http://www.dbunit.org/properties/statementFactory=org.dbunit.database.statement.PreparedStatementFactory@16c9867, http://www.dbunit.org/features/caseSensitiveTableNames=false, http://www.dbunit.org/properties/fetchSize=100, http://www.dbunit.org/features/batchedStatements=false, http://www.dbunit.org/properties/metadataHandler=org.dbunit.database.DefaultMetadataHandler@2acc57, http://www.dbunit.org/properties/datatypeFactory=org.dbunit.dataset.datatype.DefaultDataTypeFactory[_toleratedDeltaMap=org.dbunit.dataset.datatype.ToleratedDeltaMap@c837cd], http://www.dbunit.org/properties/escapePattern=null, http://www.dbunit.org/properties/batchSize=100, http://www.dbunit.org/features/qualifiedTableNames=false, http://www.dbunit.org/properties/tableType=[Ljava.lang.String;@c79809, http://www.dbunit.org/properties/resultSetTableFactory=org.dbunit.database.CachedResultSetTableFactory@1ce784b, http://www.dbunit.org/features/datatypeWarning=true}], _dataSet=AbstractDataSet[_orderedTableNameMap=null]]) - start
23:04:36.423 [main] DEBUG org.dbunit.util.QualifiedTableName - getQualifiedName() - start
23:04:36.423 [main] DEBUG org.dbunit.util.QualifiedTableName - getQualifiedName(prefix=null, name=id, escapePattern=null) - start
23:04:36.423 [main] DEBUG o.dbunit.operation.AbstractOperation - getQualifiedName(prefix=null, name=name, connection=org.dbunit.database.DatabaseConnection[schema=, connection=com.mysql.jdbc.JDBC4Connection@941db6, super=_databaseConfig=org.dbunit.database.DatabaseConfig[, _propertyMap={http://www.dbunit.org/properties/statementFactory=org.dbunit.database.statement.PreparedStatementFactory@16c9867, http://www.dbunit.org/features/caseSensitiveTableNames=false, http://www.dbunit.org/properties/fetchSize=100, http://www.dbunit.org/features/batchedStatements=false, http://www.dbunit.org/properties/metadataHandler=org.dbunit.database.DefaultMetadataHandler@2acc57, http://www.dbunit.org/properties/datatypeFactory=org.dbunit.dataset.datatype.DefaultDataTypeFactory[_toleratedDeltaMap=org.dbunit.dataset.datatype.ToleratedDeltaMap@c837cd], http://www.dbunit.org/properties/escapePattern=null, http://www.dbunit.org/properties/batchSize=100, http://www.dbunit.org/features/qualifiedTableNames=false, http://www.dbunit.org/properties/tableType=[Ljava.lang.String;@c79809, http://www.dbunit.org/properties/resultSetTableFactory=org.dbunit.database.CachedResultSetTableFactory@1ce784b, http://www.dbunit.org/features/datatypeWarning=true}], _dataSet=AbstractDataSet[_orderedTableNameMap=null]]) - start
23:04:36.428 [main] DEBUG org.dbunit.util.QualifiedTableName - getQualifiedName() - start
23:04:36.428 [main] DEBUG org.dbunit.util.QualifiedTableName - getQualifiedName(prefix=null, name=name, escapePattern=null) - start
23:04:36.428 [main] DEBUG o.d.d.s.PreparedStatementFactory - createPreparedBatchStatement(sql=insert into customers (id, name) values (?, ?), connection=org.dbunit.database.DatabaseConnection[schema=, connection=com.mysql.jdbc.JDBC4Connection@941db6, super=_databaseConfig=org.dbunit.database.DatabaseConfig[, _propertyMap={http://www.dbunit.org/properties/statementFactory=org.dbunit.database.statement.PreparedStatementFactory@16c9867, http://www.dbunit.org/features/caseSensitiveTableNames=false, http://www.dbunit.org/properties/fetchSize=100, http://www.dbunit.org/features/batchedStatements=false, http://www.dbunit.org/properties/metadataHandler=org.dbunit.database.DefaultMetadataHandler@2acc57, http://www.dbunit.org/properties/datatypeFactory=org.dbunit.dataset.datatype.DefaultDataTypeFactory[_toleratedDeltaMap=org.dbunit.dataset.datatype.ToleratedDeltaMap@c837cd], http://www.dbunit.org/properties/escapePattern=null, http://www.dbunit.org/properties/batchSize=100, http://www.dbunit.org/features/qualifiedTableNames=false, http://www.dbunit.org/properties/tableType=[Ljava.lang.String;@c79809, http://www.dbunit.org/properties/resultSetTableFactory=org.dbunit.database.CachedResultSetTableFactory@1ce784b, http://www.dbunit.org/features/datatypeWarning=true}], _dataSet=AbstractDataSet[_orderedTableNameMap=null]]) - start
23:04:36.432 [main] DEBUG o.d.d.s.AbstractStatementFactory - supportBatchStatement(connection=org.dbunit.database.DatabaseConnection[schema=, connection=com.mysql.jdbc.JDBC4Connection@941db6, super=_databaseConfig=org.dbunit.database.DatabaseConfig[, _propertyMap={http://www.dbunit.org/properties/statementFactory=org.dbunit.database.statement.PreparedStatementFactory@16c9867, http://www.dbunit.org/features/caseSensitiveTableNames=false, http://www.dbunit.org/properties/fetchSize=100, http://www.dbunit.org/features/batchedStatements=false, http://www.dbunit.org/properties/metadataHandler=org.dbunit.database.DefaultMetadataHandler@2acc57, http://www.dbunit.org/properties/datatypeFactory=org.dbunit.dataset.datatype.DefaultDataTypeFactory[_toleratedDeltaMap=org.dbunit.dataset.datatype.ToleratedDeltaMap@c837cd], http://www.dbunit.org/properties/escapePattern=null, http://www.dbunit.org/properties/batchSize=100, http://www.dbunit.org/features/qualifiedTableNames=false, http://www.dbunit.org/properties/tableType=[Ljava.lang.String;@c79809, http://www.dbunit.org/properties/resultSetTableFactory=org.dbunit.database.CachedResultSetTableFactory@1ce784b, http://www.dbunit.org/features/datatypeWarning=true}], _dataSet=AbstractDataSet[_orderedTableNameMap=null]]) - start
23:04:36.437 [main] DEBUG org.dbunit.dataset.DefaultTable - getValue(row=0, column=id) - start
23:04:36.437 [main] DEBUG org.dbunit.dataset.AbstractTable - assertValidRowIndex(row=0) - start
23:04:36.437 [main] DEBUG org.dbunit.dataset.AbstractTable - assertValidRowIndex(row=0, rowCount=6) - start
23:04:36.437 [main] DEBUG org.dbunit.dataset.AbstractTable - getColumnIndex(columnName=id) - start
23:04:36.437 [main] DEBUG o.d.dataset.AbstractTableMetaData - getColumnIndex(columnName=id) - start
23:04:36.437 [main] DEBUG o.d.d.s.AutomaticPreparedBatchStatement - addValue(value=1, dataType=INTEGER) - start
23:04:36.441 [main] DEBUG o.d.d.s.SimplePreparedStatement - addValue(value=1, dataType=INTEGER) - start
23:04:36.441 [main] DEBUG o.d.dataset.datatype.IntegerDataType - setSqlValue(value=1, column=1, statement=com.mysql.jdbc.JDBC4PreparedStatement@1f1235b: insert into customers (id, name) values (** NOT SPECIFIED **, ** NOT SPECIFIED **)) - start
23:04:36.442 [main] DEBUG o.d.dataset.datatype.IntegerDataType - typeCast(value=1) - start
23:04:36.442 [main] DEBUG o.d.dataset.datatype.IntegerDataType - typeCast(value=1) - start
23:04:36.446 [main] DEBUG org.dbunit.dataset.DefaultTable - getValue(row=0, column=name) - start
23:04:36.446 [main] DEBUG org.dbunit.dataset.AbstractTable - assertValidRowIndex(row=0) - start
23:04:36.446 [main] DEBUG org.dbunit.dataset.AbstractTable - assertValidRowIndex(row=0, rowCount=6) - start
23:04:36.446 [main] DEBUG org.dbunit.dataset.AbstractTable - getColumnIndex(columnName=name) - start
23:04:36.446 [main] DEBUG o.d.dataset.AbstractTableMetaData - getColumnIndex(columnName=name) - start
23:04:36.446 [main] DEBUG o.d.d.s.AutomaticPreparedBatchStatement - addValue(value=Customer 1, dataType=VARCHAR) - start
23:04:36.448 [main] DEBUG o.d.d.s.SimplePreparedStatement - addValue(value=Customer 1, dataType=VARCHAR) - start
23:04:36.448 [main] DEBUG o.d.dataset.datatype.StringDataType - setSqlValue(value=Customer 1, column=2, statement=com.mysql.jdbc.JDBC4PreparedStatement@1f1235b: insert into customers (id, name) values (1, ** NOT SPECIFIED **)) - start
23:04:36.448 [main] DEBUG org.dbunit.dataset.datatype.DataType - asString(value=Customer 1) - start
23:04:36.448 [main] DEBUG o.d.dataset.datatype.StringDataType - typeCast(value=Customer 1) - start
23:04:36.449 [main] DEBUG o.d.d.s.AutomaticPreparedBatchStatement - addBatch() - start
23:04:36.449 [main] DEBUG o.d.d.s.SimplePreparedStatement - addBatch() - start
23:04:36.526 [main] DEBUG org.dbunit.operation.InsertOperation - equalsIgnoreMapping(ignoreMapping={}, table=org.dbunit.dataset.DefaultTable[_metaData=tableName=customers, columns=[(id, UNKNOWN, nullableUnknown), (name, UNKNOWN, nullableUnknown)], keys=[], _rowList.size()=6], row=1) - start
23:04:36.527 [main] DEBUG org.dbunit.dataset.DefaultTable - getValue(row=1, column=id) - start
23:04:36.527 [main] DEBUG org.dbunit.dataset.AbstractTable - assertValidRowIndex(row=1) - start
23:04:36.527 [main] DEBUG org.dbunit.dataset.AbstractTable - assertValidRowIndex(row=1, rowCount=6) - start
23:04:36.552 [main] DEBUG org.dbunit.dataset.AbstractTable - getColumnIndex(columnName=id) - start
23:04:36.552 [main] DEBUG o.d.dataset.AbstractTableMetaData - getColumnIndex(columnName=id) - start
23:04:36.552 [main] DEBUG org.dbunit.dataset.DefaultTable - getValue(row=1, column=name) - start
23:04:36.552 [main] DEBUG org.dbunit.dataset.AbstractTable - assertValidRowIndex(row=1) - start
23:04:36.552 [main] DEBUG org.dbunit.dataset.AbstractTable - assertValidRowIndex(row=1, rowCount=6) - start
23:04:36.552 [main] DEBUG org.dbunit.dataset.AbstractTable - getColumnIndex(columnName=name) - start
23:04:36.553 [main] DEBUG o.d.dataset.AbstractTableMetaData - getColumnIndex(columnName=name) - start
23:04:36.553 [main] DEBUG org.dbunit.dataset.DefaultTable - getValue(row=1, column=id) - start
23:04:36.553 [main] DEBUG org.dbunit.dataset.AbstractTable - assertValidRowIndex(row=1) - start
23:04:36.553 [main] DEBUG org.dbunit.dataset.AbstractTable - assertValidRowIndex(row=1, rowCount=6) - start
23:04:36.553 [main] DEBUG org.dbunit.dataset.AbstractTable - getColumnIndex(columnName=id) - start
23:04:36.553 [main] DEBUG o.d.dataset.AbstractTableMetaData - getColumnIndex(columnName=id) - start
23:04:36.555 [main] DEBUG o.d.d.s.AutomaticPreparedBatchStatement - addValue(value=2, dataType=INTEGER) - start
23:04:36.555 [main] DEBUG o.d.d.s.SimplePreparedStatement - addValue(value=2, dataType=INTEGER) - start
23:04:36.555 [main] DEBUG o.d.dataset.datatype.IntegerDataType - setSqlValue(value=2, column=1, statement=com.mysql.jdbc.JDBC4PreparedStatement@1f1235b: insert into customers (id, name) values (1, 'Customer 1')) - start
23:04:36.555 [main] DEBUG o.d.dataset.datatype.IntegerDataType - typeCast(value=2) - start
23:04:36.557 [main] DEBUG o.d.dataset.datatype.IntegerDataType - typeCast(value=2) - start
23:04:36.557 [main] DEBUG org.dbunit.dataset.DefaultTable - getValue(row=1, column=name) - start
23:04:36.557 [main] DEBUG org.dbunit.dataset.AbstractTable - assertValidRowIndex(row=1) - start
23:04:36.557 [main] DEBUG org.dbunit.dataset.AbstractTable - assertValidRowIndex(row=1, rowCount=6) - start
23:04:36.557 [main] DEBUG org.dbunit.dataset.AbstractTable - getColumnIndex(columnName=name) - start
23:04:36.557 [main] DEBUG o.d.dataset.AbstractTableMetaData - getColumnIndex(columnName=name) - start
23:04:36.558 [main] DEBUG o.d.d.s.AutomaticPreparedBatchStatement - addValue(value=Customer 2, dataType=VARCHAR) - start
23:04:36.558 [main] DEBUG o.d.d.s.SimplePreparedStatement - addValue(value=Customer 2, dataType=VARCHAR) - start
23:04:36.558 [main] DEBUG o.d.dataset.datatype.StringDataType - setSqlValue(value=Customer 2, column=2, statement=com.mysql.jdbc.JDBC4PreparedStatement@1f1235b: insert into customers (id, name) values (2, 'Customer 1')) - start
23:04:36.558 [main] DEBUG org.dbunit.dataset.datatype.DataType - asString(value=Customer 2) - start
23:04:36.560 [main] DEBUG o.d.dataset.datatype.StringDataType - typeCast(value=Customer 2) - start
23:04:36.560 [main] DEBUG o.d.d.s.AutomaticPreparedBatchStatement - addBatch() - start
23:04:36.560 [main] DEBUG o.d.d.s.SimplePreparedStatement - addBatch() - start
23:04:36.578 [main] DEBUG org.dbunit.operation.InsertOperation - equalsIgnoreMapping(ignoreMapping={}, table=org.dbunit.dataset.DefaultTable[_metaData=tableName=customers, columns=[(id, UNKNOWN, nullableUnknown), (name, UNKNOWN, nullableUnknown)], keys=[], _rowList.size()=6], row=2) - start
23:04:36.578 [main] DEBUG org.dbunit.dataset.DefaultTable - getValue(row=2, column=id) - start
23:04:36.578 [main] DEBUG org.dbunit.dataset.AbstractTable - assertValidRowIndex(row=2) - start
23:04:36.578 [main] DEBUG org.dbunit.dataset.AbstractTable - assertValidRowIndex(row=2, rowCount=6) - start
23:04:36.663 [main] DEBUG org.dbunit.dataset.AbstractTable - getColumnIndex(columnName=id) - start
23:04:36.663 [main] DEBUG o.d.dataset.AbstractTableMetaData - getColumnIndex(columnName=id) - start
23:04:36.663 [main] DEBUG org.dbunit.dataset.DefaultTable - getValue(row=2, column=name) - start
23:04:36.663 [main] DEBUG org.dbunit.dataset.AbstractTable - assertValidRowIndex(row=2) - start
23:04:36.663 [main] DEBUG org.dbunit.dataset.AbstractTable - assertValidRowIndex(row=2, rowCount=6) - start
23:04:36.663 [main] DEBUG org.dbunit.dataset.AbstractTable - getColumnIndex(columnName=name) - start
23:04:36.664 [main] DEBUG o.d.dataset.AbstractTableMetaData - getColumnIndex(columnName=name) - start
23:04:36.664 [main] DEBUG org.dbunit.dataset.DefaultTable - getValue(row=2, column=id) - start
23:04:36.664 [main] DEBUG org.dbunit.dataset.AbstractTable - assertValidRowIndex(row=2) - start
23:04:36.664 [main] DEBUG org.dbunit.dataset.AbstractTable - assertValidRowIndex(row=2, rowCount=6) - start
23:04:36.664 [main] DEBUG org.dbunit.dataset.AbstractTable - getColumnIndex(columnName=id) - start
23:04:36.664 [main] DEBUG o.d.dataset.AbstractTableMetaData - getColumnIndex(columnName=id) - start
23:04:36.666 [main] DEBUG o.d.d.s.AutomaticPreparedBatchStatement - addValue(value=3, dataType=INTEGER) - start
23:04:36.666 [main] DEBUG o.d.d.s.SimplePreparedStatement - addValue(value=3, dataType=INTEGER) - start
23:04:36.666 [main] DEBUG o.d.dataset.datatype.IntegerDataType - setSqlValue(value=3, column=1, statement=com.mysql.jdbc.JDBC4PreparedStatement@1f1235b: insert into customers (id, name) values (2, 'Customer 2')) - start
23:04:36.666 [main] DEBUG o.d.dataset.datatype.IntegerDataType - typeCast(value=3) - start
23:04:36.668 [main] DEBUG o.d.dataset.datatype.IntegerDataType - typeCast(value=3) - start
23:04:36.668 [main] DEBUG org.dbunit.dataset.DefaultTable - getValue(row=2, column=name) - start
23:04:36.668 [main] DEBUG org.dbunit.dataset.AbstractTable - assertValidRowIndex(row=2) - start
23:04:36.668 [main] DEBUG org.dbunit.dataset.AbstractTable - assertValidRowIndex(row=2, rowCount=6) - start
23:04:36.668 [main] DEBUG org.dbunit.dataset.AbstractTable - getColumnIndex(columnName=name) - start
23:04:36.668 [main] DEBUG o.d.dataset.AbstractTableMetaData - getColumnIndex(columnName=name) - start
23:04:36.669 [main] DEBUG o.d.d.s.AutomaticPreparedBatchStatement - addValue(value=Customer 3, dataType=VARCHAR) - start
23:04:36.669 [main] DEBUG o.d.d.s.SimplePreparedStatement - addValue(value=Customer 3, dataType=VARCHAR) - start
23:04:36.669 [main] DEBUG o.d.dataset.datatype.StringDataType - setSqlValue(value=Customer 3, column=2, statement=com.mysql.jdbc.JDBC4PreparedStatement@1f1235b: insert into customers (id, name) values (3, 'Customer 2')) - start
23:04:36.669 [main] DEBUG org.dbunit.dataset.datatype.DataType - asString(value=Customer 3) - start
23:04:36.671 [main] DEBUG o.d.dataset.datatype.StringDataType - typeCast(value=Customer 3) - start
23:04:36.672 [main] DEBUG o.d.d.s.AutomaticPreparedBatchStatement - addBatch() - start
23:04:36.672 [main] DEBUG o.d.d.s.SimplePreparedStatement - addBatch() - start
23:04:36.691 [main] DEBUG org.dbunit.operation.InsertOperation - equalsIgnoreMapping(ignoreMapping={}, table=org.dbunit.dataset.DefaultTable[_metaData=tableName=customers, columns=[(id, UNKNOWN, nullableUnknown), (name, UNKNOWN, nullableUnknown)], keys=[], _rowList.size()=6], row=3) - start
23:04:36.692 [main] DEBUG org.dbunit.dataset.DefaultTable - getValue(row=3, column=id) - start
23:04:36.692 [main] DEBUG org.dbunit.dataset.AbstractTable - assertValidRowIndex(row=3) - start
23:04:36.692 [main] DEBUG org.dbunit.dataset.AbstractTable - assertValidRowIndex(row=3, rowCount=6) - start
23:04:36.774 [main] DEBUG org.dbunit.dataset.AbstractTable - getColumnIndex(columnName=id) - start
23:04:36.774 [main] DEBUG o.d.dataset.AbstractTableMetaData - getColumnIndex(columnName=id) - start
23:04:36.774 [main] DEBUG org.dbunit.dataset.DefaultTable - getValue(row=3, column=name) - start
23:04:36.774 [main] DEBUG org.dbunit.dataset.AbstractTable - assertValidRowIndex(row=3) - start
23:04:36.774 [main] DEBUG org.dbunit.dataset.AbstractTable - assertValidRowIndex(row=3, rowCount=6) - start
23:04:36.774 [main] DEBUG org.dbunit.dataset.AbstractTable - getColumnIndex(columnName=name) - start
23:04:36.775 [main] DEBUG o.d.dataset.AbstractTableMetaData - getColumnIndex(columnName=name) - start
23:04:36.775 [main] DEBUG org.dbunit.dataset.DefaultTable - getValue(row=3, column=id) - start
23:04:36.775 [main] DEBUG org.dbunit.dataset.AbstractTable - assertValidRowIndex(row=3) - start
23:04:36.775 [main] DEBUG org.dbunit.dataset.AbstractTable - assertValidRowIndex(row=3, rowCount=6) - start
23:04:36.775 [main] DEBUG org.dbunit.dataset.AbstractTable - getColumnIndex(columnName=id) - start
23:04:36.775 [main] DEBUG o.d.dataset.AbstractTableMetaData - getColumnIndex(columnName=id) - start
23:04:36.777 [main] DEBUG o.d.d.s.AutomaticPreparedBatchStatement - addValue(value=4, dataType=INTEGER) - start
23:04:36.777 [main] DEBUG o.d.d.s.SimplePreparedStatement - addValue(value=4, dataType=INTEGER) - start
23:04:36.777 [main] DEBUG o.d.dataset.datatype.IntegerDataType - setSqlValue(value=4, column=1, statement=com.mysql.jdbc.JDBC4PreparedStatement@1f1235b: insert into customers (id, name) values (3, 'Customer 3')) - start
23:04:36.777 [main] DEBUG o.d.dataset.datatype.IntegerDataType - typeCast(value=4) - start
23:04:36.779 [main] DEBUG o.d.dataset.datatype.IntegerDataType - typeCast(value=4) - start
23:04:36.779 [main] DEBUG org.dbunit.dataset.DefaultTable - getValue(row=3, column=name) - start
23:04:36.779 [main] DEBUG org.dbunit.dataset.AbstractTable - assertValidRowIndex(row=3) - start
23:04:36.779 [main] DEBUG org.dbunit.dataset.AbstractTable - assertValidRowIndex(row=3, rowCount=6) - start
23:04:36.779 [main] DEBUG org.dbunit.dataset.AbstractTable - getColumnIndex(columnName=name) - start
23:04:36.779 [main] DEBUG o.d.dataset.AbstractTableMetaData - getColumnIndex(columnName=name) - start
23:04:36.780 [main] DEBUG o.d.d.s.AutomaticPreparedBatchStatement - addValue(value=Customer 4, dataType=VARCHAR) - start
23:04:36.780 [main] DEBUG o.d.d.s.SimplePreparedStatement - addValue(value=Customer 4, dataType=VARCHAR) - start
23:04:36.780 [main] DEBUG o.d.dataset.datatype.StringDataType - setSqlValue(value=Customer 4, column=2, statement=com.mysql.jdbc.JDBC4PreparedStatement@1f1235b: insert into customers (id, name) values (4, 'Customer 3')) - start
23:04:36.780 [main] DEBUG org.dbunit.dataset.datatype.DataType - asString(value=Customer 4) - start
23:04:36.782 [main] DEBUG o.d.dataset.datatype.StringDataType - typeCast(value=Customer 4) - start
23:04:36.782 [main] DEBUG o.d.d.s.AutomaticPreparedBatchStatement - addBatch() - start
23:04:36.782 [main] DEBUG o.d.d.s.SimplePreparedStatement - addBatch() - start
23:04:36.809 [main] DEBUG org.dbunit.operation.InsertOperation - equalsIgnoreMapping(ignoreMapping={}, table=org.dbunit.dataset.DefaultTable[_metaData=tableName=customers, columns=[(id, UNKNOWN, nullableUnknown), (name, UNKNOWN, nullableUnknown)], keys=[], _rowList.size()=6], row=4) - start
23:04:36.809 [main] DEBUG org.dbunit.dataset.DefaultTable - getValue(row=4, column=id) - start
23:04:36.809 [main] DEBUG org.dbunit.dataset.AbstractTable - assertValidRowIndex(row=4) - start
23:04:36.809 [main] DEBUG org.dbunit.dataset.AbstractTable - assertValidRowIndex(row=4, rowCount=6) - start
23:04:36.885 [main] DEBUG org.dbunit.dataset.AbstractTable - getColumnIndex(columnName=id) - start
23:04:36.885 [main] DEBUG o.d.dataset.AbstractTableMetaData - getColumnIndex(columnName=id) - start
23:04:36.885 [main] DEBUG org.dbunit.dataset.DefaultTable - getValue(row=4, column=name) - start
23:04:36.885 [main] DEBUG org.dbunit.dataset.AbstractTable - assertValidRowIndex(row=4) - start
23:04:36.885 [main] DEBUG org.dbunit.dataset.AbstractTable - assertValidRowIndex(row=4, rowCount=6) - start
23:04:36.885 [main] DEBUG org.dbunit.dataset.AbstractTable - getColumnIndex(columnName=name) - start
23:04:36.886 [main] DEBUG o.d.dataset.AbstractTableMetaData - getColumnIndex(columnName=name) - start
23:04:36.886 [main] DEBUG org.dbunit.dataset.DefaultTable - getValue(row=4, column=id) - start
23:04:36.886 [main] DEBUG org.dbunit.dataset.AbstractTable - assertValidRowIndex(row=4) - start
23:04:36.886 [main] DEBUG org.dbunit.dataset.AbstractTable - assertValidRowIndex(row=4, rowCount=6) - start
23:04:36.886 [main] DEBUG org.dbunit.dataset.AbstractTable - getColumnIndex(columnName=id) - start
23:04:36.886 [main] DEBUG o.d.dataset.AbstractTableMetaData - getColumnIndex(columnName=id) - start
23:04:36.888 [main] DEBUG o.d.d.s.AutomaticPreparedBatchStatement - addValue(value=5, dataType=INTEGER) - start
23:04:36.888 [main] DEBUG o.d.d.s.SimplePreparedStatement - addValue(value=5, dataType=INTEGER) - start
23:04:36.888 [main] DEBUG o.d.dataset.datatype.IntegerDataType - setSqlValue(value=5, column=1, statement=com.mysql.jdbc.JDBC4PreparedStatement@1f1235b: insert into customers (id, name) values (4, 'Customer 4')) - start
23:04:36.888 [main] DEBUG o.d.dataset.datatype.IntegerDataType - typeCast(value=5) - start
23:04:36.890 [main] DEBUG o.d.dataset.datatype.IntegerDataType - typeCast(value=5) - start
23:04:36.890 [main] DEBUG org.dbunit.dataset.DefaultTable - getValue(row=4, column=name) - start
23:04:36.890 [main] DEBUG org.dbunit.dataset.AbstractTable - assertValidRowIndex(row=4) - start
23:04:36.890 [main] DEBUG org.dbunit.dataset.AbstractTable - assertValidRowIndex(row=4, rowCount=6) - start
23:04:36.890 [main] DEBUG org.dbunit.dataset.AbstractTable - getColumnIndex(columnName=name) - start
23:04:36.890 [main] DEBUG o.d.dataset.AbstractTableMetaData - getColumnIndex(columnName=name) - start
23:04:36.891 [main] DEBUG o.d.d.s.AutomaticPreparedBatchStatement - addValue(value=Customer 5, dataType=VARCHAR) - start
23:04:36.891 [main] DEBUG o.d.d.s.SimplePreparedStatement - addValue(value=Customer 5, dataType=VARCHAR) - start
23:04:36.891 [main] DEBUG o.d.dataset.datatype.StringDataType - setSqlValue(value=Customer 5, column=2, statement=com.mysql.jdbc.JDBC4PreparedStatement@1f1235b: insert into customers (id, name) values (5, 'Customer 4')) - start
23:04:36.891 [main] DEBUG org.dbunit.dataset.datatype.DataType - asString(value=Customer 5) - start
23:04:36.893 [main] DEBUG o.d.dataset.datatype.StringDataType - typeCast(value=Customer 5) - start
23:04:36.893 [main] DEBUG o.d.d.s.AutomaticPreparedBatchStatement - addBatch() - start
23:04:36.893 [main] DEBUG o.d.d.s.SimplePreparedStatement - addBatch() - start
23:04:36.923 [main] DEBUG org.dbunit.operation.InsertOperation - equalsIgnoreMapping(ignoreMapping={}, table=org.dbunit.dataset.DefaultTable[_metaData=tableName=customers, columns=[(id, UNKNOWN, nullableUnknown), (name, UNKNOWN, nullableUnknown)], keys=[], _rowList.size()=6], row=5) - start
23:04:36.923 [main] DEBUG org.dbunit.dataset.DefaultTable - getValue(row=5, column=id) - start
23:04:36.923 [main] DEBUG org.dbunit.dataset.AbstractTable - assertValidRowIndex(row=5) - start
23:04:36.923 [main] DEBUG org.dbunit.dataset.AbstractTable - assertValidRowIndex(row=5, rowCount=6) - start
23:04:36.996 [main] DEBUG org.dbunit.dataset.AbstractTable - getColumnIndex(columnName=id) - start
23:04:36.996 [main] DEBUG o.d.dataset.AbstractTableMetaData - getColumnIndex(columnName=id) - start
23:04:36.996 [main] DEBUG org.dbunit.dataset.DefaultTable - getValue(row=5, column=name) - start
23:04:36.996 [main] DEBUG org.dbunit.dataset.AbstractTable - assertValidRowIndex(row=5) - start
23:04:36.996 [main] DEBUG org.dbunit.dataset.AbstractTable - assertValidRowIndex(row=5, rowCount=6) - start
23:04:36.996 [main] DEBUG org.dbunit.dataset.AbstractTable - getColumnIndex(columnName=name) - start
23:04:36.997 [main] DEBUG o.d.dataset.AbstractTableMetaData - getColumnIndex(columnName=name) - start
23:04:36.997 [main] DEBUG org.dbunit.dataset.DefaultTable - getValue(row=5, column=id) - start
23:04:36.997 [main] DEBUG org.dbunit.dataset.AbstractTable - assertValidRowIndex(row=5) - start
23:04:36.997 [main] DEBUG org.dbunit.dataset.AbstractTable - assertValidRowIndex(row=5, rowCount=6) - start
23:04:36.997 [main] DEBUG org.dbunit.dataset.AbstractTable - getColumnIndex(columnName=id) - start
23:04:36.997 [main] DEBUG o.d.dataset.AbstractTableMetaData - getColumnIndex(columnName=id) - start
23:04:36.999 [main] DEBUG o.d.d.s.AutomaticPreparedBatchStatement - addValue(value=6, dataType=INTEGER) - start
23:04:36.999 [main] DEBUG o.d.d.s.SimplePreparedStatement - addValue(value=6, dataType=INTEGER) - start
23:04:36.999 [main] DEBUG o.d.dataset.datatype.IntegerDataType - setSqlValue(value=6, column=1, statement=com.mysql.jdbc.JDBC4PreparedStatement@1f1235b: insert into customers (id, name) values (5, 'Customer 5')) - start
23:04:36.999 [main] DEBUG o.d.dataset.datatype.IntegerDataType - typeCast(value=6) - start
23:04:37.001 [main] DEBUG o.d.dataset.datatype.IntegerDataType - typeCast(value=6) - start
23:04:37.001 [main] DEBUG org.dbunit.dataset.DefaultTable - getValue(row=5, column=name) - start
23:04:37.001 [main] DEBUG org.dbunit.dataset.AbstractTable - assertValidRowIndex(row=5) - start
23:04:37.001 [main] DEBUG org.dbunit.dataset.AbstractTable - assertValidRowIndex(row=5, rowCount=6) - start
23:04:37.001 [main] DEBUG org.dbunit.dataset.AbstractTable - getColumnIndex(columnName=name) - start
23:04:37.001 [main] DEBUG o.d.dataset.AbstractTableMetaData - getColumnIndex(columnName=name) - start
23:04:37.002 [main] DEBUG o.d.d.s.AutomaticPreparedBatchStatement - addValue(value=Customer 6, dataType=VARCHAR) - start
23:04:37.002 [main] DEBUG o.d.d.s.SimplePreparedStatement - addValue(value=Customer 6, dataType=VARCHAR) - start
23:04:37.002 [main] DEBUG o.d.dataset.datatype.StringDataType - setSqlValue(value=Customer 6, column=2, statement=com.mysql.jdbc.JDBC4PreparedStatement@1f1235b: insert into customers (id, name) values (6, 'Customer 5')) - start
23:04:37.002 [main] DEBUG org.dbunit.dataset.datatype.DataType - asString(value=Customer 6) - start
23:04:37.004 [main] DEBUG o.d.dataset.datatype.StringDataType - typeCast(value=Customer 6) - start
23:04:37.004 [main] DEBUG o.d.d.s.AutomaticPreparedBatchStatement - addBatch() - start
23:04:37.004 [main] DEBUG o.d.d.s.SimplePreparedStatement - addBatch() - start
23:04:37.018 [main] DEBUG org.dbunit.operation.InsertOperation - equalsIgnoreMapping(ignoreMapping={}, table=org.dbunit.dataset.DefaultTable[_metaData=tableName=customers, columns=[(id, UNKNOWN, nullableUnknown), (name, UNKNOWN, nullableUnknown)], keys=[], _rowList.size()=6], row=6) - start
23:04:37.018 [main] DEBUG org.dbunit.dataset.DefaultTable - getValue(row=6, column=id) - start
23:04:37.018 [main] DEBUG org.dbunit.dataset.AbstractTable - assertValidRowIndex(row=6) - start
23:04:37.018 [main] DEBUG org.dbunit.dataset.AbstractTable - assertValidRowIndex(row=6, rowCount=6) - start
23:04:37.107 [main] DEBUG o.d.d.s.AutomaticPreparedBatchStatement - executeBatch() - start
23:04:37.107 [main] DEBUG o.d.d.s.SimplePreparedStatement - executeBatch() - start
23:04:37.107 [main] DEBUG o.d.d.s.SimplePreparedStatement - clearBatch() - start
23:04:37.107 [main] DEBUG o.d.d.s.AutomaticPreparedBatchStatement - clearBatch() - start
23:04:37.107 [main] DEBUG o.d.d.s.SimplePreparedStatement - clearBatch() - start
23:04:37.107 [main] DEBUG o.d.d.s.AutomaticPreparedBatchStatement - close() - start
23:04:37.108 [main] DEBUG o.d.d.s.AbstractPreparedBatchStatement - close() - start
23:04:37.108 [main] DEBUG o.d.dataset.DefaultTableIterator - getTable() - start
23:04:37.108 [main] DEBUG o.d.operation.AbstractBatchOperation - isEmpty(table=org.dbunit.dataset.DefaultTable[_metaData=tableName=products, columns=[(sku_number, UNKNOWN, nullableUnknown), (name, UNKNOWN, nullableUnknown), (amount, UNKNOWN, nullableUnknown)], keys=[], _rowList.size()=4]) - start
23:04:37.108 [main] DEBUG org.dbunit.dataset.DefaultTable - getValue(row=0, column=sku_number) - start
23:04:37.110 [main] DEBUG org.dbunit.dataset.AbstractTable - assertValidRowIndex(row=0) - start
23:04:37.110 [main] DEBUG org.dbunit.dataset.AbstractTable - assertValidRowIndex(row=0, rowCount=4) - start
23:04:37.110 [main] DEBUG org.dbunit.dataset.AbstractTable - getColumnIndex(columnName=sku_number) - start
23:04:37.110 [main] DEBUG o.d.dataset.AbstractTableMetaData - getColumnIndex(columnName=sku_number) - start
23:04:37.110 [main] DEBUG o.dbunit.operation.AbstractOperation - getOperationMetaData(connection=org.dbunit.database.DatabaseConnection[schema=, connection=com.mysql.jdbc.JDBC4Connection@941db6, super=_databaseConfig=org.dbunit.database.DatabaseConfig[, _propertyMap={http://www.dbunit.org/properties/statementFactory=org.dbunit.database.statement.PreparedStatementFactory@16c9867, http://www.dbunit.org/features/caseSensitiveTableNames=false, http://www.dbunit.org/properties/fetchSize=100, http://www.dbunit.org/features/batchedStatements=false, http://www.dbunit.org/properties/metadataHandler=org.dbunit.database.DefaultMetadataHandler@2acc57, http://www.dbunit.org/properties/datatypeFactory=org.dbunit.dataset.datatype.DefaultDataTypeFactory[_toleratedDeltaMap=org.dbunit.dataset.datatype.ToleratedDeltaMap@c837cd], http://www.dbunit.org/properties/escapePattern=null, http://www.dbunit.org/properties/batchSize=100, http://www.dbunit.org/features/qualifiedTableNames=false, http://www.dbunit.org/properties/tableType=[Ljava.lang.String;@c79809, http://www.dbunit.org/properties/resultSetTableFactory=org.dbunit.database.CachedResultSetTableFactory@1ce784b, http://www.dbunit.org/features/datatypeWarning=true}], _dataSet=AbstractDataSet[_orderedTableNameMap=null]], metaData=tableName=products, columns=[(sku_number, UNKNOWN, nullableUnknown), (name, UNKNOWN, nullableUnknown), (amount, UNKNOWN, nullableUnknown)], keys=[]) - start
23:04:37.111 [main] DEBUG o.d.d.AbstractDatabaseConnection - createDataSet() - start
23:04:37.111 [main] DEBUG org.dbunit.database.DatabaseDataSet - getTableMetaData(tableName=products) - start
23:04:37.111 [main] DEBUG org.dbunit.database.DatabaseDataSet - initialize() - start
23:04:37.111 [main] DEBUG o.dbunit.dataset.OrderedTableNameMap - getTableName(tableName=products) - start
23:04:37.111 [main] DEBUG o.dbunit.dataset.OrderedTableNameMap - getTableName(tableName=products) - end - result=PRODUCTS
23:04:37.111 [main] DEBUG o.dbunit.dataset.OrderedTableNameMap - getTableName(tableName=products) - start
23:04:37.113 [main] DEBUG o.dbunit.dataset.OrderedTableNameMap - getTableName(tableName=products) - end - result=PRODUCTS
23:04:37.113 [main] DEBUG o.d.dataset.AbstractTableMetaData - getColumnIndex(columnName=sku_number) - start
23:04:37.113 [main] DEBUG o.d.database.DatabaseTableMetaData - getColumns() - start
23:04:37.113 [main] DEBUG o.d.database.DatabaseTableMetaData - getColumns() - start
23:04:37.113 [main] DEBUG o.d.dataset.AbstractTableMetaData - getColumnIndex(columnName=name) - start
23:04:37.113 [main] DEBUG o.d.database.DatabaseTableMetaData - getColumns() - start
23:04:37.119 [main] DEBUG o.d.dataset.AbstractTableMetaData - getColumnIndex(columnName=amount) - start
23:04:37.119 [main] DEBUG o.d.database.DatabaseTableMetaData - getColumns() - start
23:04:37.119 [main] DEBUG o.d.database.DatabaseTableMetaData - getPrimaryKeys() - start
23:04:37.119 [main] DEBUG org.dbunit.operation.InsertOperation - getIgnoreMapping(table=org.dbunit.dataset.DefaultTable[_metaData=tableName=products, columns=[(sku_number, UNKNOWN, nullableUnknown), (name, UNKNOWN, nullableUnknown), (amount, UNKNOWN, nullableUnknown)], keys=[], _rowList.size()=4], row=0) - start
23:04:37.120 [main] DEBUG org.dbunit.dataset.DefaultTable - getValue(row=0, column=sku_number) - start
23:04:37.121 [main] DEBUG org.dbunit.dataset.AbstractTable - assertValidRowIndex(row=0) - start
23:04:37.121 [main] DEBUG org.dbunit.dataset.AbstractTable - assertValidRowIndex(row=0, rowCount=4) - start
23:04:37.121 [main] DEBUG org.dbunit.dataset.AbstractTable - getColumnIndex(columnName=sku_number) - start
23:04:37.121 [main] DEBUG o.d.dataset.AbstractTableMetaData - getColumnIndex(columnName=sku_number) - start
23:04:37.122 [main] DEBUG org.dbunit.dataset.DefaultTable - getValue(row=0, column=name) - start
23:04:37.122 [main] DEBUG org.dbunit.dataset.AbstractTable - assertValidRowIndex(row=0) - start
23:04:37.122 [main] DEBUG org.dbunit.dataset.AbstractTable - assertValidRowIndex(row=0, rowCount=4) - start
23:04:37.122 [main] DEBUG org.dbunit.dataset.AbstractTable - getColumnIndex(columnName=name) - start
23:04:37.122 [main] DEBUG o.d.dataset.AbstractTableMetaData - getColumnIndex(columnName=name) - start
23:04:37.122 [main] DEBUG org.dbunit.dataset.DefaultTable - getValue(row=0, column=amount) - start
23:04:37.123 [main] DEBUG org.dbunit.dataset.AbstractTable - assertValidRowIndex(row=0) - start
23:04:37.123 [main] DEBUG org.dbunit.dataset.AbstractTable - assertValidRowIndex(row=0, rowCount=4) - start
23:04:37.123 [main] DEBUG org.dbunit.dataset.AbstractTable - getColumnIndex(columnName=amount) - start
23:04:37.123 [main] DEBUG o.d.dataset.AbstractTableMetaData - getColumnIndex(columnName=amount) - start
23:04:37.123 [main] DEBUG org.dbunit.operation.InsertOperation - getOperationData(metaData=tableName=products, columns=[(sku_number, INTEGER, noNulls), (name, VARCHAR, noNulls), (amount, DECIMAL, noNulls)], keys=[(sku_number, INTEGER, noNulls)], ignoreMapping={}, connection=org.dbunit.database.DatabaseConnection[schema=, connection=com.mysql.jdbc.JDBC4Connection@941db6, super=_databaseConfig=org.dbunit.database.DatabaseConfig[, _propertyMap={http://www.dbunit.org/properties/statementFactory=org.dbunit.database.statement.PreparedStatementFactory@16c9867, http://www.dbunit.org/features/caseSensitiveTableNames=false, http://www.dbunit.org/properties/fetchSize=100, http://www.dbunit.org/features/batchedStatements=false, http://www.dbunit.org/properties/metadataHandler=org.dbunit.database.DefaultMetadataHandler@2acc57, http://www.dbunit.org/properties/datatypeFactory=org.dbunit.dataset.datatype.DefaultDataTypeFactory[_toleratedDeltaMap=org.dbunit.dataset.datatype.ToleratedDeltaMap@c837cd], http://www.dbunit.org/properties/escapePattern=null, http://www.dbunit.org/properties/batchSize=100, http://www.dbunit.org/features/qualifiedTableNames=false, http://www.dbunit.org/properties/tableType=[Ljava.lang.String;@c79809, http://www.dbunit.org/properties/resultSetTableFactory=org.dbunit.database.CachedResultSetTableFactory@1ce784b, http://www.dbunit.org/features/datatypeWarning=true}], _dataSet=AbstractDataSet[_orderedTableNameMap=null]]) - start
23:04:37.125 [main] DEBUG o.dbunit.operation.AbstractOperation - getQualifiedName(prefix=, name=products, connection=org.dbunit.database.DatabaseConnection[schema=, connection=com.mysql.jdbc.JDBC4Connection@941db6, super=_databaseConfig=org.dbunit.database.DatabaseConfig[, _propertyMap={http://www.dbunit.org/properties/statementFactory=org.dbunit.database.statement.PreparedStatementFactory@16c9867, http://www.dbunit.org/features/caseSensitiveTableNames=false, http://www.dbunit.org/properties/fetchSize=100, http://www.dbunit.org/features/batchedStatements=false, http://www.dbunit.org/properties/metadataHandler=org.dbunit.database.DefaultMetadataHandler@2acc57, http://www.dbunit.org/properties/datatypeFactory=org.dbunit.dataset.datatype.DefaultDataTypeFactory[_toleratedDeltaMap=org.dbunit.dataset.datatype.ToleratedDeltaMap@c837cd], http://www.dbunit.org/properties/escapePattern=null, http://www.dbunit.org/properties/batchSize=100, http://www.dbunit.org/features/qualifiedTableNames=false, http://www.dbunit.org/properties/tableType=[Ljava.lang.String;@c79809, http://www.dbunit.org/properties/resultSetTableFactory=org.dbunit.database.CachedResultSetTableFactory@1ce784b, http://www.dbunit.org/features/datatypeWarning=true}], _dataSet=AbstractDataSet[_orderedTableNameMap=null]]) - start
23:04:37.127 [main] DEBUG org.dbunit.util.QualifiedTableName - getQualifiedName() - start
23:04:37.127 [main] DEBUG org.dbunit.util.QualifiedTableName - getQualifiedName(prefix=, name=products, escapePattern=null) - start
23:04:37.127 [main] DEBUG o.dbunit.operation.AbstractOperation - getQualifiedName(prefix=null, name=sku_number, connection=org.dbunit.database.DatabaseConnection[schema=, connection=com.mysql.jdbc.JDBC4Connection@941db6, super=_databaseConfig=org.dbunit.database.DatabaseConfig[, _propertyMap={http://www.dbunit.org/properties/statementFactory=org.dbunit.database.statement.PreparedStatementFactory@16c9867, http://www.dbunit.org/features/caseSensitiveTableNames=false, http://www.dbunit.org/properties/fetchSize=100, http://www.dbunit.org/features/batchedStatements=false, http://www.dbunit.org/properties/metadataHandler=org.dbunit.database.DefaultMetadataHandler@2acc57, http://www.dbunit.org/properties/datatypeFactory=org.dbunit.dataset.datatype.DefaultDataTypeFactory[_toleratedDeltaMap=org.dbunit.dataset.datatype.ToleratedDeltaMap@c837cd], http://www.dbunit.org/properties/escapePattern=null, http://www.dbunit.org/properties/batchSize=100, http://www.dbunit.org/features/qualifiedTableNames=false, http://www.dbunit.org/properties/tableType=[Ljava.lang.String;@c79809, http://www.dbunit.org/properties/resultSetTableFactory=org.dbunit.database.CachedResultSetTableFactory@1ce784b, http://www.dbunit.org/features/datatypeWarning=true}], _dataSet=AbstractDataSet[_orderedTableNameMap=null]]) - start
23:04:37.131 [main] DEBUG org.dbunit.util.QualifiedTableName - getQualifiedName() - start
23:04:37.131 [main] DEBUG org.dbunit.util.QualifiedTableName - getQualifiedName(prefix=null, name=sku_number, escapePattern=null) - start
23:04:37.131 [main] DEBUG o.dbunit.operation.AbstractOperation - getQualifiedName(prefix=null, name=name, connection=org.dbunit.database.DatabaseConnection[schema=, connection=com.mysql.jdbc.JDBC4Connection@941db6, super=_databaseConfig=org.dbunit.database.DatabaseConfig[, _propertyMap={http://www.dbunit.org/properties/statementFactory=org.dbunit.database.statement.PreparedStatementFactory@16c9867, http://www.dbunit.org/features/caseSensitiveTableNames=false, http://www.dbunit.org/properties/fetchSize=100, http://www.dbunit.org/features/batchedStatements=false, http://www.dbunit.org/properties/metadataHandler=org.dbunit.database.DefaultMetadataHandler@2acc57, http://www.dbunit.org/properties/datatypeFactory=org.dbunit.dataset.datatype.DefaultDataTypeFactory[_toleratedDeltaMap=org.dbunit.dataset.datatype.ToleratedDeltaMap@c837cd], http://www.dbunit.org/properties/escapePattern=null, http://www.dbunit.org/properties/batchSize=100, http://www.dbunit.org/features/qualifiedTableNames=false, http://www.dbunit.org/properties/tableType=[Ljava.lang.String;@c79809, http://www.dbunit.org/properties/resultSetTableFactory=org.dbunit.database.CachedResultSetTableFactory@1ce784b, http://www.dbunit.org/features/datatypeWarning=true}], _dataSet=AbstractDataSet[_orderedTableNameMap=null]]) - start
23:04:37.136 [main] DEBUG org.dbunit.util.QualifiedTableName - getQualifiedName() - start
23:04:37.136 [main] DEBUG org.dbunit.util.QualifiedTableName - getQualifiedName(prefix=null, name=name, escapePattern=null) - start
23:04:37.136 [main] DEBUG o.dbunit.operation.AbstractOperation - getQualifiedName(prefix=null, name=amount, connection=org.dbunit.database.DatabaseConnection[schema=, connection=com.mysql.jdbc.JDBC4Connection@941db6, super=_databaseConfig=org.dbunit.database.DatabaseConfig[, _propertyMap={http://www.dbunit.org/properties/statementFactory=org.dbunit.database.statement.PreparedStatementFactory@16c9867, http://www.dbunit.org/features/caseSensitiveTableNames=false, http://www.dbunit.org/properties/fetchSize=100, http://www.dbunit.org/features/batchedStatements=false, http://www.dbunit.org/properties/metadataHandler=org.dbunit.database.DefaultMetadataHandler@2acc57, http://www.dbunit.org/properties/datatypeFactory=org.dbunit.dataset.datatype.DefaultDataTypeFactory[_toleratedDeltaMap=org.dbunit.dataset.datatype.ToleratedDeltaMap@c837cd], http://www.dbunit.org/properties/escapePattern=null, http://www.dbunit.org/properties/batchSize=100, http://www.dbunit.org/features/qualifiedTableNames=false, http://www.dbunit.org/properties/tableType=[Ljava.lang.String;@c79809, http://www.dbunit.org/properties/resultSetTableFactory=org.dbunit.database.CachedResultSetTableFactory@1ce784b, http://www.dbunit.org/features/datatypeWarning=true}], _dataSet=AbstractDataSet[_orderedTableNameMap=null]]) - start
23:04:37.140 [main] DEBUG org.dbunit.util.QualifiedTableName - getQualifiedName() - start
23:04:37.140 [main] DEBUG org.dbunit.util.QualifiedTableName - getQualifiedName(prefix=null, name=amount, escapePattern=null) - start
23:04:37.140 [main] DEBUG o.d.d.s.PreparedStatementFactory - createPreparedBatchStatement(sql=insert into products (sku_number, name, amount) values (?, ?, ?), connection=org.dbunit.database.DatabaseConnection[schema=, connection=com.mysql.jdbc.JDBC4Connection@941db6, super=_databaseConfig=org.dbunit.database.DatabaseConfig[, _propertyMap={http://www.dbunit.org/properties/statementFactory=org.dbunit.database.statement.PreparedStatementFactory@16c9867, http://www.dbunit.org/features/caseSensitiveTableNames=false, http://www.dbunit.org/properties/fetchSize=100, http://www.dbunit.org/features/batchedStatements=false, http://www.dbunit.org/properties/metadataHandler=org.dbunit.database.DefaultMetadataHandler@2acc57, http://www.dbunit.org/properties/datatypeFactory=org.dbunit.dataset.datatype.DefaultDataTypeFactory[_toleratedDeltaMap=org.dbunit.dataset.datatype.ToleratedDeltaMap@c837cd], http://www.dbunit.org/properties/escapePattern=null, http://www.dbunit.org/properties/batchSize=100, http://www.dbunit.org/features/qualifiedTableNames=false, http://www.dbunit.org/properties/tableType=[Ljava.lang.String;@c79809, http://www.dbunit.org/properties/resultSetTableFactory=org.dbunit.database.CachedResultSetTableFactory@1ce784b, http://www.dbunit.org/features/datatypeWarning=true}], _dataSet=AbstractDataSet[_orderedTableNameMap=null]]) - start
23:04:37.145 [main] DEBUG o.d.d.s.AbstractStatementFactory - supportBatchStatement(connection=org.dbunit.database.DatabaseConnection[schema=, connection=com.mysql.jdbc.JDBC4Connection@941db6, super=_databaseConfig=org.dbunit.database.DatabaseConfig[, _propertyMap={http://www.dbunit.org/properties/statementFactory=org.dbunit.database.statement.PreparedStatementFactory@16c9867, http://www.dbunit.org/features/caseSensitiveTableNames=false, http://www.dbunit.org/properties/fetchSize=100, http://www.dbunit.org/features/batchedStatements=false, http://www.dbunit.org/properties/metadataHandler=org.dbunit.database.DefaultMetadataHandler@2acc57, http://www.dbunit.org/properties/datatypeFactory=org.dbunit.dataset.datatype.DefaultDataTypeFactory[_toleratedDeltaMap=org.dbunit.dataset.datatype.ToleratedDeltaMap@c837cd], http://www.dbunit.org/properties/escapePattern=null, http://www.dbunit.org/properties/batchSize=100, http://www.dbunit.org/features/qualifiedTableNames=false, http://www.dbunit.org/properties/tableType=[Ljava.lang.String;@c79809, http://www.dbunit.org/properties/resultSetTableFactory=org.dbunit.database.CachedResultSetTableFactory@1ce784b, http://www.dbunit.org/features/datatypeWarning=true}], _dataSet=AbstractDataSet[_orderedTableNameMap=null]]) - start
23:04:37.149 [main] DEBUG org.dbunit.dataset.DefaultTable - getValue(row=0, column=sku_number) - start
23:04:37.150 [main] DEBUG org.dbunit.dataset.AbstractTable - assertValidRowIndex(row=0) - start
23:04:37.150 [main] DEBUG org.dbunit.dataset.AbstractTable - assertValidRowIndex(row=0, rowCount=4) - start
23:04:37.150 [main] DEBUG org.dbunit.dataset.AbstractTable - getColumnIndex(columnName=sku_number) - start
23:04:37.150 [main] DEBUG o.d.dataset.AbstractTableMetaData - getColumnIndex(columnName=sku_number) - start
23:04:37.153 [main] DEBUG o.d.d.s.AutomaticPreparedBatchStatement - addValue(value=1, dataType=INTEGER) - start
23:04:37.153 [main] DEBUG o.d.d.s.SimplePreparedStatement - addValue(value=1, dataType=INTEGER) - start
23:04:37.153 [main] DEBUG o.d.dataset.datatype.IntegerDataType - setSqlValue(value=1, column=1, statement=com.mysql.jdbc.JDBC4PreparedStatement@11946c2: insert into products (sku_number, name, amount) values (** NOT SPECIFIED **, ** NOT SPECIFIED **, ** NOT SPECIFIED **)) - start
23:04:37.153 [main] DEBUG o.d.dataset.datatype.IntegerDataType - typeCast(value=1) - start
23:04:37.158 [main] DEBUG o.d.dataset.datatype.IntegerDataType - typeCast(value=1) - start
23:04:37.158 [main] DEBUG org.dbunit.dataset.DefaultTable - getValue(row=0, column=name) - start
23:04:37.158 [main] DEBUG org.dbunit.dataset.AbstractTable - assertValidRowIndex(row=0) - start
23:04:37.158 [main] DEBUG org.dbunit.dataset.AbstractTable - assertValidRowIndex(row=0, rowCount=4) - start
23:04:37.158 [main] DEBUG org.dbunit.dataset.AbstractTable - getColumnIndex(columnName=name) - start
23:04:37.158 [main] DEBUG o.d.dataset.AbstractTableMetaData - getColumnIndex(columnName=name) - start
23:04:37.160 [main] DEBUG o.d.d.s.AutomaticPreparedBatchStatement - addValue(value=Product 1, dataType=VARCHAR) - start
23:04:37.160 [main] DEBUG o.d.d.s.SimplePreparedStatement - addValue(value=Product 1, dataType=VARCHAR) - start
23:04:37.160 [main] DEBUG o.d.dataset.datatype.StringDataType - setSqlValue(value=Product 1, column=2, statement=com.mysql.jdbc.JDBC4PreparedStatement@11946c2: insert into products (sku_number, name, amount) values (1, ** NOT SPECIFIED **, ** NOT SPECIFIED **)) - start
23:04:37.160 [main] DEBUG org.dbunit.dataset.datatype.DataType - asString(value=Product 1) - start
23:04:37.162 [main] DEBUG o.d.dataset.datatype.StringDataType - typeCast(value=Product 1) - start
23:04:37.162 [main] DEBUG org.dbunit.dataset.DefaultTable - getValue(row=0, column=amount) - start
23:04:37.162 [main] DEBUG org.dbunit.dataset.AbstractTable - assertValidRowIndex(row=0) - start
23:04:37.162 [main] DEBUG org.dbunit.dataset.AbstractTable - assertValidRowIndex(row=0, rowCount=4) - start
23:04:37.162 [main] DEBUG org.dbunit.dataset.AbstractTable - getColumnIndex(columnName=amount) - start
23:04:37.162 [main] DEBUG o.d.dataset.AbstractTableMetaData - getColumnIndex(columnName=amount) - start
23:04:37.163 [main] DEBUG o.d.d.s.AutomaticPreparedBatchStatement - addValue(value=20.00, dataType=DECIMAL) - start
23:04:37.163 [main] DEBUG o.d.d.s.SimplePreparedStatement - addValue(value=20.00, dataType=DECIMAL) - start
23:04:37.163 [main] DEBUG o.d.dataset.datatype.NumberDataType - setSqlValue(value=20.00, column=3, statement=com.mysql.jdbc.JDBC4PreparedStatement@11946c2: insert into products (sku_number, name, amount) values (1, 'Product 1', ** NOT SPECIFIED **)) - start
23:04:37.163 [main] DEBUG o.d.dataset.datatype.NumberDataType - typeCast(value=20.00) - start
23:04:37.165 [main] DEBUG o.d.d.s.AutomaticPreparedBatchStatement - addBatch() - start
23:04:37.165 [main] DEBUG o.d.d.s.SimplePreparedStatement - addBatch() - start
23:04:37.239 [main] DEBUG org.dbunit.operation.InsertOperation - equalsIgnoreMapping(ignoreMapping={}, table=org.dbunit.dataset.DefaultTable[_metaData=tableName=products, columns=[(sku_number, UNKNOWN, nullableUnknown), (name, UNKNOWN, nullableUnknown), (amount, UNKNOWN, nullableUnknown)], keys=[], _rowList.size()=4], row=1) - start
23:04:37.239 [main] DEBUG org.dbunit.dataset.DefaultTable - getValue(row=1, column=sku_number) - start
23:04:37.239 [main] DEBUG org.dbunit.dataset.AbstractTable - assertValidRowIndex(row=1) - start
23:04:37.268 [main] DEBUG org.dbunit.dataset.AbstractTable - assertValidRowIndex(row=1, rowCount=4) - start
23:04:37.268 [main] DEBUG org.dbunit.dataset.AbstractTable - getColumnIndex(columnName=sku_number) - start
23:04:37.268 [main] DEBUG o.d.dataset.AbstractTableMetaData - getColumnIndex(columnName=sku_number) - start
23:04:37.268 [main] DEBUG org.dbunit.dataset.DefaultTable - getValue(row=1, column=name) - start
23:04:37.268 [main] DEBUG org.dbunit.dataset.AbstractTable - assertValidRowIndex(row=1) - start
23:04:37.269 [main] DEBUG org.dbunit.dataset.AbstractTable - assertValidRowIndex(row=1, rowCount=4) - start
23:04:37.269 [main] DEBUG org.dbunit.dataset.AbstractTable - getColumnIndex(columnName=name) - start
23:04:37.269 [main] DEBUG o.d.dataset.AbstractTableMetaData - getColumnIndex(columnName=name) - start
23:04:37.269 [main] DEBUG org.dbunit.dataset.DefaultTable - getValue(row=1, column=amount) - start
23:04:37.269 [main] DEBUG org.dbunit.dataset.AbstractTable - assertValidRowIndex(row=1) - start
23:04:37.269 [main] DEBUG org.dbunit.dataset.AbstractTable - assertValidRowIndex(row=1, rowCount=4) - start
23:04:37.270 [main] DEBUG org.dbunit.dataset.AbstractTable - getColumnIndex(columnName=amount) - start
23:04:37.271 [main] DEBUG o.d.dataset.AbstractTableMetaData - getColumnIndex(columnName=amount) - start
23:04:37.271 [main] DEBUG org.dbunit.dataset.DefaultTable - getValue(row=1, column=sku_number) - start
23:04:37.271 [main] DEBUG org.dbunit.dataset.AbstractTable - assertValidRowIndex(row=1) - start
23:04:37.271 [main] DEBUG org.dbunit.dataset.AbstractTable - assertValidRowIndex(row=1, rowCount=4) - start
23:04:37.272 [main] DEBUG org.dbunit.dataset.AbstractTable - getColumnIndex(columnName=sku_number) - start
23:04:37.272 [main] DEBUG o.d.dataset.AbstractTableMetaData - getColumnIndex(columnName=sku_number) - start
23:04:37.272 [main] DEBUG o.d.d.s.AutomaticPreparedBatchStatement - addValue(value=2, dataType=INTEGER) - start
23:04:37.272 [main] DEBUG o.d.d.s.SimplePreparedStatement - addValue(value=2, dataType=INTEGER) - start
23:04:37.272 [main] DEBUG o.d.dataset.datatype.IntegerDataType - setSqlValue(value=2, column=1, statement=com.mysql.jdbc.JDBC4PreparedStatement@11946c2: insert into products (sku_number, name, amount) values (1, 'Product 1', 20.00)) - start
23:04:37.274 [main] DEBUG o.d.dataset.datatype.IntegerDataType - typeCast(value=2) - start
23:04:37.274 [main] DEBUG o.d.dataset.datatype.IntegerDataType - typeCast(value=2) - start
23:04:37.274 [main] DEBUG org.dbunit.dataset.DefaultTable - getValue(row=1, column=name) - start
23:04:37.274 [main] DEBUG org.dbunit.dataset.AbstractTable - assertValidRowIndex(row=1) - start
23:04:37.274 [main] DEBUG org.dbunit.dataset.AbstractTable - assertValidRowIndex(row=1, rowCount=4) - start
23:04:37.274 [main] DEBUG org.dbunit.dataset.AbstractTable - getColumnIndex(columnName=name) - start
23:04:37.275 [main] DEBUG o.d.dataset.AbstractTableMetaData - getColumnIndex(columnName=name) - start
23:04:37.275 [main] DEBUG o.d.d.s.AutomaticPreparedBatchStatement - addValue(value=Product 2, dataType=VARCHAR) - start
23:04:37.275 [main] DEBUG o.d.d.s.SimplePreparedStatement - addValue(value=Product 2, dataType=VARCHAR) - start
23:04:37.275 [main] DEBUG o.d.dataset.datatype.StringDataType - setSqlValue(value=Product 2, column=2, statement=com.mysql.jdbc.JDBC4PreparedStatement@11946c2: insert into products (sku_number, name, amount) values (2, 'Product 1', 20.00)) - start
23:04:37.278 [main] DEBUG org.dbunit.dataset.datatype.DataType - asString(value=Product 2) - start
23:04:37.278 [main] DEBUG o.d.dataset.datatype.StringDataType - typeCast(value=Product 2) - start
23:04:37.278 [main] DEBUG org.dbunit.dataset.DefaultTable - getValue(row=1, column=amount) - start
23:04:37.278 [main] DEBUG org.dbunit.dataset.AbstractTable - assertValidRowIndex(row=1) - start
23:04:37.278 [main] DEBUG org.dbunit.dataset.AbstractTable - assertValidRowIndex(row=1, rowCount=4) - start
23:04:37.278 [main] DEBUG org.dbunit.dataset.AbstractTable - getColumnIndex(columnName=amount) - start
23:04:37.279 [main] DEBUG o.d.dataset.AbstractTableMetaData - getColumnIndex(columnName=amount) - start
23:04:37.279 [main] DEBUG o.d.d.s.AutomaticPreparedBatchStatement - addValue(value=50.00, dataType=DECIMAL) - start
23:04:37.279 [main] DEBUG o.d.d.s.SimplePreparedStatement - addValue(value=50.00, dataType=DECIMAL) - start
23:04:37.279 [main] DEBUG o.d.dataset.datatype.NumberDataType - setSqlValue(value=50.00, column=3, statement=com.mysql.jdbc.JDBC4PreparedStatement@11946c2: insert into products (sku_number, name, amount) values (2, 'Product 2', 20.00)) - start
23:04:37.281 [main] DEBUG o.d.dataset.datatype.NumberDataType - typeCast(value=50.00) - start
23:04:37.281 [main] DEBUG o.d.d.s.AutomaticPreparedBatchStatement - addBatch() - start
23:04:37.281 [main] DEBUG o.d.d.s.SimplePreparedStatement - addBatch() - start
23:04:37.308 [main] DEBUG org.dbunit.operation.InsertOperation - equalsIgnoreMapping(ignoreMapping={}, table=org.dbunit.dataset.DefaultTable[_metaData=tableName=products, columns=[(sku_number, UNKNOWN, nullableUnknown), (name, UNKNOWN, nullableUnknown), (amount, UNKNOWN, nullableUnknown)], keys=[], _rowList.size()=4], row=2) - start
23:04:37.308 [main] DEBUG org.dbunit.dataset.DefaultTable - getValue(row=2, column=sku_number) - start
23:04:37.308 [main] DEBUG org.dbunit.dataset.AbstractTable - assertValidRowIndex(row=2) - start
23:04:37.384 [main] DEBUG org.dbunit.dataset.AbstractTable - assertValidRowIndex(row=2, rowCount=4) - start
23:04:37.384 [main] DEBUG org.dbunit.dataset.AbstractTable - getColumnIndex(columnName=sku_number) - start
23:04:37.384 [main] DEBUG o.d.dataset.AbstractTableMetaData - getColumnIndex(columnName=sku_number) - start
23:04:37.384 [main] DEBUG org.dbunit.dataset.DefaultTable - getValue(row=2, column=name) - start
23:04:37.384 [main] DEBUG org.dbunit.dataset.AbstractTable - assertValidRowIndex(row=2) - start
23:04:37.385 [main] DEBUG org.dbunit.dataset.AbstractTable - assertValidRowIndex(row=2, rowCount=4) - start
23:04:37.385 [main] DEBUG org.dbunit.dataset.AbstractTable - getColumnIndex(columnName=name) - start
23:04:37.385 [main] DEBUG o.d.dataset.AbstractTableMetaData - getColumnIndex(columnName=name) - start
23:04:37.385 [main] DEBUG org.dbunit.dataset.DefaultTable - getValue(row=2, column=amount) - start
23:04:37.385 [main] DEBUG org.dbunit.dataset.AbstractTable - assertValidRowIndex(row=2) - start
23:04:37.385 [main] DEBUG org.dbunit.dataset.AbstractTable - assertValidRowIndex(row=2, rowCount=4) - start
23:04:37.386 [main] DEBUG org.dbunit.dataset.AbstractTable - getColumnIndex(columnName=amount) - start
23:04:37.386 [main] DEBUG o.d.dataset.AbstractTableMetaData - getColumnIndex(columnName=amount) - start
23:04:37.386 [main] DEBUG org.dbunit.dataset.DefaultTable - getValue(row=2, column=sku_number) - start
23:04:37.386 [main] DEBUG org.dbunit.dataset.AbstractTable - assertValidRowIndex(row=2) - start
23:04:37.387 [main] DEBUG org.dbunit.dataset.AbstractTable - assertValidRowIndex(row=2, rowCount=4) - start
23:04:37.388 [main] DEBUG org.dbunit.dataset.AbstractTable - getColumnIndex(columnName=sku_number) - start
23:04:37.388 [main] DEBUG o.d.dataset.AbstractTableMetaData - getColumnIndex(columnName=sku_number) - start
23:04:37.388 [main] DEBUG o.d.d.s.AutomaticPreparedBatchStatement - addValue(value=3, dataType=INTEGER) - start
23:04:37.388 [main] DEBUG o.d.d.s.SimplePreparedStatement - addValue(value=3, dataType=INTEGER) - start
23:04:37.388 [main] DEBUG o.d.dataset.datatype.IntegerDataType - setSqlValue(value=3, column=1, statement=com.mysql.jdbc.JDBC4PreparedStatement@11946c2: insert into products (sku_number, name, amount) values (2, 'Product 2', 50.00)) - start
23:04:37.390 [main] DEBUG o.d.dataset.datatype.IntegerDataType - typeCast(value=3) - start
23:04:37.390 [main] DEBUG o.d.dataset.datatype.IntegerDataType - typeCast(value=3) - start
23:04:37.390 [main] DEBUG org.dbunit.dataset.DefaultTable - getValue(row=2, column=name) - start
23:04:37.390 [main] DEBUG org.dbunit.dataset.AbstractTable - assertValidRowIndex(row=2) - start
23:04:37.390 [main] DEBUG org.dbunit.dataset.AbstractTable - assertValidRowIndex(row=2, rowCount=4) - start
23:04:37.390 [main] DEBUG org.dbunit.dataset.AbstractTable - getColumnIndex(columnName=name) - start
23:04:37.391 [main] DEBUG o.d.dataset.AbstractTableMetaData - getColumnIndex(columnName=name) - start
23:04:37.391 [main] DEBUG o.d.d.s.AutomaticPreparedBatchStatement - addValue(value=Product 3, dataType=VARCHAR) - start
23:04:37.391 [main] DEBUG o.d.d.s.SimplePreparedStatement - addValue(value=Product 3, dataType=VARCHAR) - start
23:04:37.391 [main] DEBUG o.d.dataset.datatype.StringDataType - setSqlValue(value=Product 3, column=2, statement=com.mysql.jdbc.JDBC4PreparedStatement@11946c2: insert into products (sku_number, name, amount) values (3, 'Product 2', 50.00)) - start
23:04:37.394 [main] DEBUG org.dbunit.dataset.datatype.DataType - asString(value=Product 3) - start
23:04:37.394 [main] DEBUG o.d.dataset.datatype.StringDataType - typeCast(value=Product 3) - start
23:04:37.394 [main] DEBUG org.dbunit.dataset.DefaultTable - getValue(row=2, column=amount) - start
23:04:37.394 [main] DEBUG org.dbunit.dataset.AbstractTable - assertValidRowIndex(row=2) - start
23:04:37.394 [main] DEBUG org.dbunit.dataset.AbstractTable - assertValidRowIndex(row=2, rowCount=4) - start
23:04:37.394 [main] DEBUG org.dbunit.dataset.AbstractTable - getColumnIndex(columnName=amount) - start
23:04:37.395 [main] DEBUG o.d.dataset.AbstractTableMetaData - getColumnIndex(columnName=amount) - start
23:04:37.395 [main] DEBUG o.d.d.s.AutomaticPreparedBatchStatement - addValue(value=60.00, dataType=DECIMAL) - start
23:04:37.395 [main] DEBUG o.d.d.s.SimplePreparedStatement - addValue(value=60.00, dataType=DECIMAL) - start
23:04:37.395 [main] DEBUG o.d.dataset.datatype.NumberDataType - setSqlValue(value=60.00, column=3, statement=com.mysql.jdbc.JDBC4PreparedStatement@11946c2: insert into products (sku_number, name, amount) values (3, 'Product 3', 50.00)) - start
23:04:37.397 [main] DEBUG o.d.dataset.datatype.NumberDataType - typeCast(value=60.00) - start
23:04:37.397 [main] DEBUG o.d.d.s.AutomaticPreparedBatchStatement - addBatch() - start
23:04:37.397 [main] DEBUG o.d.d.s.SimplePreparedStatement - addBatch() - start
23:04:37.414 [main] DEBUG org.dbunit.operation.InsertOperation - equalsIgnoreMapping(ignoreMapping={}, table=org.dbunit.dataset.DefaultTable[_metaData=tableName=products, columns=[(sku_number, UNKNOWN, nullableUnknown), (name, UNKNOWN, nullableUnknown), (amount, UNKNOWN, nullableUnknown)], keys=[], _rowList.size()=4], row=3) - start
23:04:37.414 [main] DEBUG org.dbunit.dataset.DefaultTable - getValue(row=3, column=sku_number) - start
23:04:37.414 [main] DEBUG org.dbunit.dataset.AbstractTable - assertValidRowIndex(row=3) - start
23:04:37.500 [main] DEBUG org.dbunit.dataset.AbstractTable - assertValidRowIndex(row=3, rowCount=4) - start
23:04:37.500 [main] DEBUG org.dbunit.dataset.AbstractTable - getColumnIndex(columnName=sku_number) - start
23:04:37.500 [main] DEBUG o.d.dataset.AbstractTableMetaData - getColumnIndex(columnName=sku_number) - start
23:04:37.500 [main] DEBUG org.dbunit.dataset.DefaultTable - getValue(row=3, column=name) - start
23:04:37.500 [main] DEBUG org.dbunit.dataset.AbstractTable - assertValidRowIndex(row=3) - start
23:04:37.501 [main] DEBUG org.dbunit.dataset.AbstractTable - assertValidRowIndex(row=3, rowCount=4) - start
23:04:37.501 [main] DEBUG org.dbunit.dataset.AbstractTable - getColumnIndex(columnName=name) - start
23:04:37.501 [main] DEBUG o.d.dataset.AbstractTableMetaData - getColumnIndex(columnName=name) - start
23:04:37.501 [main] DEBUG org.dbunit.dataset.DefaultTable - getValue(row=3, column=amount) - start
23:04:37.501 [main] DEBUG org.dbunit.dataset.AbstractTable - assertValidRowIndex(row=3) - start
23:04:37.501 [main] DEBUG org.dbunit.dataset.AbstractTable - assertValidRowIndex(row=3, rowCount=4) - start
23:04:37.503 [main] DEBUG org.dbunit.dataset.AbstractTable - getColumnIndex(columnName=amount) - start
23:04:37.503 [main] DEBUG o.d.dataset.AbstractTableMetaData - getColumnIndex(columnName=amount) - start
23:04:37.503 [main] DEBUG org.dbunit.dataset.DefaultTable - getValue(row=3, column=sku_number) - start
23:04:37.503 [main] DEBUG org.dbunit.dataset.AbstractTable - assertValidRowIndex(row=3) - start
23:04:37.503 [main] DEBUG org.dbunit.dataset.AbstractTable - assertValidRowIndex(row=3, rowCount=4) - start
23:04:37.504 [main] DEBUG org.dbunit.dataset.AbstractTable - getColumnIndex(columnName=sku_number) - start
23:04:37.504 [main] DEBUG o.d.dataset.AbstractTableMetaData - getColumnIndex(columnName=sku_number) - start
23:04:37.504 [main] DEBUG o.d.d.s.AutomaticPreparedBatchStatement - addValue(value=4, dataType=INTEGER) - start
23:04:37.505 [main] DEBUG o.d.d.s.SimplePreparedStatement - addValue(value=4, dataType=INTEGER) - start
23:04:37.505 [main] DEBUG o.d.dataset.datatype.IntegerDataType - setSqlValue(value=4, column=1, statement=com.mysql.jdbc.JDBC4PreparedStatement@11946c2: insert into products (sku_number, name, amount) values (3, 'Product 3', 60.00)) - start
23:04:37.506 [main] DEBUG o.d.dataset.datatype.IntegerDataType - typeCast(value=4) - start
23:04:37.506 [main] DEBUG o.d.dataset.datatype.IntegerDataType - typeCast(value=4) - start
23:04:37.506 [main] DEBUG org.dbunit.dataset.DefaultTable - getValue(row=3, column=name) - start
23:04:37.506 [main] DEBUG org.dbunit.dataset.AbstractTable - assertValidRowIndex(row=3) - start
23:04:37.506 [main] DEBUG org.dbunit.dataset.AbstractTable - assertValidRowIndex(row=3, rowCount=4) - start
23:04:37.506 [main] DEBUG org.dbunit.dataset.AbstractTable - getColumnIndex(columnName=name) - start
23:04:37.508 [main] DEBUG o.d.dataset.AbstractTableMetaData - getColumnIndex(columnName=name) - start
23:04:37.508 [main] DEBUG o.d.d.s.AutomaticPreparedBatchStatement - addValue(value=Product 4, dataType=VARCHAR) - start
23:04:37.508 [main] DEBUG o.d.d.s.SimplePreparedStatement - addValue(value=Product 4, dataType=VARCHAR) - start
23:04:37.508 [main] DEBUG o.d.dataset.datatype.StringDataType - setSqlValue(value=Product 4, column=2, statement=com.mysql.jdbc.JDBC4PreparedStatement@11946c2: insert into products (sku_number, name, amount) values (4, 'Product 3', 60.00)) - start
23:04:37.510 [main] DEBUG org.dbunit.dataset.datatype.DataType - asString(value=Product 4) - start
23:04:37.510 [main] DEBUG o.d.dataset.datatype.StringDataType - typeCast(value=Product 4) - start
23:04:37.510 [main] DEBUG org.dbunit.dataset.DefaultTable - getValue(row=3, column=amount) - start
23:04:37.510 [main] DEBUG org.dbunit.dataset.AbstractTable - assertValidRowIndex(row=3) - start
23:04:37.510 [main] DEBUG org.dbunit.dataset.AbstractTable - assertValidRowIndex(row=3, rowCount=4) - start
23:04:37.510 [main] DEBUG org.dbunit.dataset.AbstractTable - getColumnIndex(columnName=amount) - start
23:04:37.511 [main] DEBUG o.d.dataset.AbstractTableMetaData - getColumnIndex(columnName=amount) - start
23:04:37.511 [main] DEBUG o.d.d.s.AutomaticPreparedBatchStatement - addValue(value=200.00, dataType=DECIMAL) - start
23:04:37.511 [main] DEBUG o.d.d.s.SimplePreparedStatement - addValue(value=200.00, dataType=DECIMAL) - start
23:04:37.511 [main] DEBUG o.d.dataset.datatype.NumberDataType - setSqlValue(value=200.00, column=3, statement=com.mysql.jdbc.JDBC4PreparedStatement@11946c2: insert into products (sku_number, name, amount) values (4, 'Product 4', 60.00)) - start
23:04:37.513 [main] DEBUG o.d.dataset.datatype.NumberDataType - typeCast(value=200.00) - start
23:04:37.513 [main] DEBUG o.d.d.s.AutomaticPreparedBatchStatement - addBatch() - start
23:04:37.513 [main] DEBUG o.d.d.s.SimplePreparedStatement - addBatch() - start
23:04:37.539 [main] DEBUG org.dbunit.operation.InsertOperation - equalsIgnoreMapping(ignoreMapping={}, table=org.dbunit.dataset.DefaultTable[_metaData=tableName=products, columns=[(sku_number, UNKNOWN, nullableUnknown), (name, UNKNOWN, nullableUnknown), (amount, UNKNOWN, nullableUnknown)], keys=[], _rowList.size()=4], row=4) - start
23:04:37.539 [main] DEBUG org.dbunit.dataset.DefaultTable - getValue(row=4, column=sku_number) - start
23:04:37.539 [main] DEBUG org.dbunit.dataset.AbstractTable - assertValidRowIndex(row=4) - start
23:04:37.616 [main] DEBUG org.dbunit.dataset.AbstractTable - assertValidRowIndex(row=4, rowCount=4) - start
23:04:37.616 [main] DEBUG o.d.d.s.AutomaticPreparedBatchStatement - executeBatch() - start
23:04:37.616 [main] DEBUG o.d.d.s.SimplePreparedStatement - executeBatch() - start
23:04:37.616 [main] DEBUG o.d.d.s.SimplePreparedStatement - clearBatch() - start
23:04:37.616 [main] DEBUG o.d.d.s.AutomaticPreparedBatchStatement - clearBatch() - start
23:04:37.616 [main] DEBUG o.d.d.s.SimplePreparedStatement - clearBatch() - start
23:04:37.617 [main] DEBUG o.d.d.s.AutomaticPreparedBatchStatement - close() - start
23:04:37.617 [main] DEBUG o.d.d.s.AbstractPreparedBatchStatement - close() - start
23:04:37.617 [main] DEBUG o.d.dataset.DefaultTableIterator - getTable() - start
23:04:37.617 [main] DEBUG o.d.operation.AbstractBatchOperation - isEmpty(table=org.dbunit.dataset.DefaultTable[_metaData=tableName=orders, columns=[(order_number, UNKNOWN, nullableUnknown), (customer_id, UNKNOWN, nullableUnknown), (date, UNKNOWN, nullableUnknown), (amount, UNKNOWN, nullableUnknown), (order_status, UNKNOWN, nullableUnknown), (discount_status, UNKNOWN, nullableUnknown)], keys=[], _rowList.size()=6]) - start
23:04:37.619 [main] DEBUG org.dbunit.dataset.DefaultTable - getValue(row=0, column=order_number) - start
23:04:37.619 [main] DEBUG org.dbunit.dataset.AbstractTable - assertValidRowIndex(row=0) - start
23:04:37.619 [main] DEBUG org.dbunit.dataset.AbstractTable - assertValidRowIndex(row=0, rowCount=6) - start
23:04:37.619 [main] DEBUG org.dbunit.dataset.AbstractTable - getColumnIndex(columnName=order_number) - start
23:04:37.619 [main] DEBUG o.d.dataset.AbstractTableMetaData - getColumnIndex(columnName=order_number) - start
23:04:37.620 [main] DEBUG o.dbunit.operation.AbstractOperation - getOperationMetaData(connection=org.dbunit.database.DatabaseConnection[schema=, connection=com.mysql.jdbc.JDBC4Connection@941db6, super=_databaseConfig=org.dbunit.database.DatabaseConfig[, _propertyMap={http://www.dbunit.org/properties/statementFactory=org.dbunit.database.statement.PreparedStatementFactory@16c9867, http://www.dbunit.org/features/caseSensitiveTableNames=false, http://www.dbunit.org/properties/fetchSize=100, http://www.dbunit.org/features/batchedStatements=false, http://www.dbunit.org/properties/metadataHandler=org.dbunit.database.DefaultMetadataHandler@2acc57, http://www.dbunit.org/properties/datatypeFactory=org.dbunit.dataset.datatype.DefaultDataTypeFactory[_toleratedDeltaMap=org.dbunit.dataset.datatype.ToleratedDeltaMap@c837cd], http://www.dbunit.org/properties/escapePattern=null, http://www.dbunit.org/properties/batchSize=100, http://www.dbunit.org/features/qualifiedTableNames=false, http://www.dbunit.org/properties/tableType=[Ljava.lang.String;@c79809, http://www.dbunit.org/properties/resultSetTableFactory=org.dbunit.database.CachedResultSetTableFactory@1ce784b, http://www.dbunit.org/features/datatypeWarning=true}], _dataSet=AbstractDataSet[_orderedTableNameMap=null]], metaData=tableName=orders, columns=[(order_number, UNKNOWN, nullableUnknown), (customer_id, UNKNOWN, nullableUnknown), (date, UNKNOWN, nullableUnknown), (amount, UNKNOWN, nullableUnknown), (order_status, UNKNOWN, nullableUnknown), (discount_status, UNKNOWN, nullableUnknown)], keys=[]) - start
23:04:37.622 [main] DEBUG o.d.d.AbstractDatabaseConnection - createDataSet() - start
23:04:37.622 [main] DEBUG org.dbunit.database.DatabaseDataSet - getTableMetaData(tableName=orders) - start
23:04:37.622 [main] DEBUG org.dbunit.database.DatabaseDataSet - initialize() - start
23:04:37.622 [main] DEBUG o.dbunit.dataset.OrderedTableNameMap - getTableName(tableName=orders) - start
23:04:37.622 [main] DEBUG o.dbunit.dataset.OrderedTableNameMap - getTableName(tableName=orders) - end - result=ORDERS
23:04:37.622 [main] DEBUG o.dbunit.dataset.OrderedTableNameMap - getTableName(tableName=orders) - start
23:04:37.623 [main] DEBUG o.dbunit.dataset.OrderedTableNameMap - getTableName(tableName=orders) - end - result=ORDERS
23:04:37.623 [main] DEBUG o.d.dataset.AbstractTableMetaData - getColumnIndex(columnName=order_number) - start
23:04:37.623 [main] DEBUG o.d.database.DatabaseTableMetaData - getColumns() - start
23:04:37.623 [main] DEBUG o.d.database.DatabaseTableMetaData - getColumns() - start
23:04:37.624 [main] DEBUG o.d.dataset.AbstractTableMetaData - getColumnIndex(columnName=customer_id) - start
23:04:37.624 [main] DEBUG o.d.database.DatabaseTableMetaData - getColumns() - start
23:04:37.628 [main] DEBUG o.d.dataset.AbstractTableMetaData - getColumnIndex(columnName=date) - start
23:04:37.628 [main] DEBUG o.d.database.DatabaseTableMetaData - getColumns() - start
23:04:37.628 [main] DEBUG o.d.dataset.AbstractTableMetaData - getColumnIndex(columnName=amount) - start
23:04:37.628 [main] DEBUG o.d.database.DatabaseTableMetaData - getColumns() - start
23:04:37.628 [main] DEBUG o.d.dataset.AbstractTableMetaData - getColumnIndex(columnName=order_status) - start
23:04:37.628 [main] DEBUG o.d.database.DatabaseTableMetaData - getColumns() - start
23:04:37.630 [main] DEBUG o.d.dataset.AbstractTableMetaData - getColumnIndex(columnName=discount_status) - start
23:04:37.630 [main] DEBUG o.d.database.DatabaseTableMetaData - getColumns() - start
23:04:37.630 [main] DEBUG o.d.database.DatabaseTableMetaData - getPrimaryKeys() - start
23:04:37.630 [main] DEBUG org.dbunit.operation.InsertOperation - getIgnoreMapping(table=org.dbunit.dataset.DefaultTable[_metaData=tableName=orders, columns=[(order_number, UNKNOWN, nullableUnknown), (customer_id, UNKNOWN, nullableUnknown), (date, UNKNOWN, nullableUnknown), (amount, UNKNOWN, nullableUnknown), (order_status, UNKNOWN, nullableUnknown), (discount_status, UNKNOWN, nullableUnknown)], keys=[], _rowList.size()=6], row=0) - start
23:04:37.633 [main] DEBUG org.dbunit.dataset.DefaultTable - getValue(row=0, column=order_number) - start
23:04:37.633 [main] DEBUG org.dbunit.dataset.AbstractTable - assertValidRowIndex(row=0) - start
23:04:37.633 [main] DEBUG org.dbunit.dataset.AbstractTable - assertValidRowIndex(row=0, rowCount=6) - start
23:04:37.633 [main] DEBUG org.dbunit.dataset.AbstractTable - getColumnIndex(columnName=order_number) - start
23:04:37.633 [main] DEBUG o.d.dataset.AbstractTableMetaData - getColumnIndex(columnName=order_number) - start
23:04:37.633 [main] DEBUG org.dbunit.dataset.DefaultTable - getValue(row=0, column=customer_id) - start
23:04:37.633 [main] DEBUG org.dbunit.dataset.AbstractTable - assertValidRowIndex(row=0) - start
23:04:37.633 [main] DEBUG org.dbunit.dataset.AbstractTable - assertValidRowIndex(row=0, rowCount=6) - start
23:04:37.633 [main] DEBUG org.dbunit.dataset.AbstractTable - getColumnIndex(columnName=customer_id) - start
23:04:37.633 [main] DEBUG o.d.dataset.AbstractTableMetaData - getColumnIndex(columnName=customer_id) - start
23:04:37.636 [main] DEBUG org.dbunit.dataset.DefaultTable - getValue(row=0, column=date) - start
23:04:37.636 [main] DEBUG org.dbunit.dataset.AbstractTable - assertValidRowIndex(row=0) - start
23:04:37.636 [main] DEBUG org.dbunit.dataset.AbstractTable - assertValidRowIndex(row=0, rowCount=6) - start
23:04:37.636 [main] DEBUG org.dbunit.dataset.AbstractTable - getColumnIndex(columnName=date) - start
23:04:37.636 [main] DEBUG o.d.dataset.AbstractTableMetaData - getColumnIndex(columnName=date) - start
23:04:37.636 [main] DEBUG org.dbunit.dataset.DefaultTable - getValue(row=0, column=amount) - start
23:04:37.682 [main] DEBUG org.dbunit.dataset.AbstractTable - assertValidRowIndex(row=0) - start
23:04:37.682 [main] DEBUG org.dbunit.dataset.AbstractTable - assertValidRowIndex(row=0, rowCount=6) - start
23:04:37.682 [main] DEBUG org.dbunit.dataset.AbstractTable - getColumnIndex(columnName=amount) - start
23:04:37.682 [main] DEBUG o.d.dataset.AbstractTableMetaData - getColumnIndex(columnName=amount) - start
23:04:37.682 [main] DEBUG org.dbunit.dataset.DefaultTable - getValue(row=0, column=order_status) - start
23:04:37.684 [main] DEBUG org.dbunit.dataset.AbstractTable - assertValidRowIndex(row=0) - start
23:04:37.684 [main] DEBUG org.dbunit.dataset.AbstractTable - assertValidRowIndex(row=0, rowCount=6) - start
23:04:37.684 [main] DEBUG org.dbunit.dataset.AbstractTable - getColumnIndex(columnName=order_status) - start
23:04:37.684 [main] DEBUG o.d.dataset.AbstractTableMetaData - getColumnIndex(columnName=order_status) - start
23:04:37.684 [main] DEBUG org.dbunit.dataset.DefaultTable - getValue(row=0, column=discount_status) - start
23:04:37.685 [main] DEBUG org.dbunit.dataset.AbstractTable - assertValidRowIndex(row=0) - start
23:04:37.685 [main] DEBUG org.dbunit.dataset.AbstractTable - assertValidRowIndex(row=0, rowCount=6) - start
23:04:37.685 [main] DEBUG org.dbunit.dataset.AbstractTable - getColumnIndex(columnName=discount_status) - start
23:04:37.685 [main] DEBUG o.d.dataset.AbstractTableMetaData - getColumnIndex(columnName=discount_status) - start
23:04:37.685 [main] DEBUG org.dbunit.operation.InsertOperation - getOperationData(metaData=tableName=orders, columns=[(order_number, INTEGER, noNulls), (customer_id, INTEGER, noNulls), (date, DATE, noNulls), (amount, DECIMAL, noNulls), (order_status, VARCHAR, noNulls), (discount_status, VARCHAR, noNulls)], keys=[(order_number, INTEGER, noNulls)], ignoreMapping={}, connection=org.dbunit.database.DatabaseConnection[schema=, connection=com.mysql.jdbc.JDBC4Connection@941db6, super=_databaseConfig=org.dbunit.database.DatabaseConfig[, _propertyMap={http://www.dbunit.org/properties/statementFactory=org.dbunit.database.statement.PreparedStatementFactory@16c9867, http://www.dbunit.org/features/caseSensitiveTableNames=false, http://www.dbunit.org/properties/fetchSize=100, http://www.dbunit.org/features/batchedStatements=false, http://www.dbunit.org/properties/metadataHandler=org.dbunit.database.DefaultMetadataHandler@2acc57, http://www.dbunit.org/properties/datatypeFactory=org.dbunit.dataset.datatype.DefaultDataTypeFactory[_toleratedDeltaMap=org.dbunit.dataset.datatype.ToleratedDeltaMap@c837cd], http://www.dbunit.org/properties/escapePattern=null, http://www.dbunit.org/properties/batchSize=100, http://www.dbunit.org/features/qualifiedTableNames=false, http://www.dbunit.org/properties/tableType=[Ljava.lang.String;@c79809, http://www.dbunit.org/properties/resultSetTableFactory=org.dbunit.database.CachedResultSetTableFactory@1ce784b, http://www.dbunit.org/features/datatypeWarning=true}], _dataSet=AbstractDataSet[_orderedTableNameMap=null]]) - start
23:04:37.687 [main] DEBUG o.dbunit.operation.AbstractOperation - getQualifiedName(prefix=, name=orders, connection=org.dbunit.database.DatabaseConnection[schema=, connection=com.mysql.jdbc.JDBC4Connection@941db6, super=_databaseConfig=org.dbunit.database.DatabaseConfig[, _propertyMap={http://www.dbunit.org/properties/statementFactory=org.dbunit.database.statement.PreparedStatementFactory@16c9867, http://www.dbunit.org/features/caseSensitiveTableNames=false, http://www.dbunit.org/properties/fetchSize=100, http://www.dbunit.org/features/batchedStatements=false, http://www.dbunit.org/properties/metadataHandler=org.dbunit.database.DefaultMetadataHandler@2acc57, http://www.dbunit.org/properties/datatypeFactory=org.dbunit.dataset.datatype.DefaultDataTypeFactory[_toleratedDeltaMap=org.dbunit.dataset.datatype.ToleratedDeltaMap@c837cd], http://www.dbunit.org/properties/escapePattern=null, http://www.dbunit.org/properties/batchSize=100, http://www.dbunit.org/features/qualifiedTableNames=false, http://www.dbunit.org/properties/tableType=[Ljava.lang.String;@c79809, http://www.dbunit.org/properties/resultSetTableFactory=org.dbunit.database.CachedResultSetTableFactory@1ce784b, http://www.dbunit.org/features/datatypeWarning=true}], _dataSet=AbstractDataSet[_orderedTableNameMap=null]]) - start
23:04:37.689 [main] DEBUG org.dbunit.util.QualifiedTableName - getQualifiedName() - start
23:04:37.689 [main] DEBUG org.dbunit.util.QualifiedTableName - getQualifiedName(prefix=, name=orders, escapePattern=null) - start
23:04:37.689 [main] DEBUG o.dbunit.operation.AbstractOperation - getQualifiedName(prefix=null, name=order_number, connection=org.dbunit.database.DatabaseConnection[schema=, connection=com.mysql.jdbc.JDBC4Connection@941db6, super=_databaseConfig=org.dbunit.database.DatabaseConfig[, _propertyMap={http://www.dbunit.org/properties/statementFactory=org.dbunit.database.statement.PreparedStatementFactory@16c9867, http://www.dbunit.org/features/caseSensitiveTableNames=false, http://www.dbunit.org/properties/fetchSize=100, http://www.dbunit.org/features/batchedStatements=false, http://www.dbunit.org/properties/metadataHandler=org.dbunit.database.DefaultMetadataHandler@2acc57, http://www.dbunit.org/properties/datatypeFactory=org.dbunit.dataset.datatype.DefaultDataTypeFactory[_toleratedDeltaMap=org.dbunit.dataset.datatype.ToleratedDeltaMap@c837cd], http://www.dbunit.org/properties/escapePattern=null, http://www.dbunit.org/properties/batchSize=100, http://www.dbunit.org/features/qualifiedTableNames=false, http://www.dbunit.org/properties/tableType=[Ljava.lang.String;@c79809, http://www.dbunit.org/properties/resultSetTableFactory=org.dbunit.database.CachedResultSetTableFactory@1ce784b, http://www.dbunit.org/features/datatypeWarning=true}], _dataSet=AbstractDataSet[_orderedTableNameMap=null]]) - start
23:04:37.693 [main] DEBUG org.dbunit.util.QualifiedTableName - getQualifiedName() - start
23:04:37.693 [main] DEBUG org.dbunit.util.QualifiedTableName - getQualifiedName(prefix=null, name=order_number, escapePattern=null) - start
23:04:37.693 [main] DEBUG o.dbunit.operation.AbstractOperation - getQualifiedName(prefix=null, name=customer_id, connection=org.dbunit.database.DatabaseConnection[schema=, connection=com.mysql.jdbc.JDBC4Connection@941db6, super=_databaseConfig=org.dbunit.database.DatabaseConfig[, _propertyMap={http://www.dbunit.org/properties/statementFactory=org.dbunit.database.statement.PreparedStatementFactory@16c9867, http://www.dbunit.org/features/caseSensitiveTableNames=false, http://www.dbunit.org/properties/fetchSize=100, http://www.dbunit.org/features/batchedStatements=false, http://www.dbunit.org/properties/metadataHandler=org.dbunit.database.DefaultMetadataHandler@2acc57, http://www.dbunit.org/properties/datatypeFactory=org.dbunit.dataset.datatype.DefaultDataTypeFactory[_toleratedDeltaMap=org.dbunit.dataset.datatype.ToleratedDeltaMap@c837cd], http://www.dbunit.org/properties/escapePattern=null, http://www.dbunit.org/properties/batchSize=100, http://www.dbunit.org/features/qualifiedTableNames=false, http://www.dbunit.org/properties/tableType=[Ljava.lang.String;@c79809, http://www.dbunit.org/properties/resultSetTableFactory=org.dbunit.database.CachedResultSetTableFactory@1ce784b, http://www.dbunit.org/features/datatypeWarning=true}], _dataSet=AbstractDataSet[_orderedTableNameMap=null]]) - start
23:04:37.697 [main] DEBUG org.dbunit.util.QualifiedTableName - getQualifiedName() - start
23:04:37.697 [main] DEBUG org.dbunit.util.QualifiedTableName - getQualifiedName(prefix=null, name=customer_id, escapePattern=null) - start
23:04:37.697 [main] DEBUG o.dbunit.operation.AbstractOperation - getQualifiedName(prefix=null, name=date, connection=org.dbunit.database.DatabaseConnection[schema=, connection=com.mysql.jdbc.JDBC4Connection@941db6, super=_databaseConfig=org.dbunit.database.DatabaseConfig[, _propertyMap={http://www.dbunit.org/properties/statementFactory=org.dbunit.database.statement.PreparedStatementFactory@16c9867, http://www.dbunit.org/features/caseSensitiveTableNames=false, http://www.dbunit.org/properties/fetchSize=100, http://www.dbunit.org/features/batchedStatements=false, http://www.dbunit.org/properties/metadataHandler=org.dbunit.database.DefaultMetadataHandler@2acc57, http://www.dbunit.org/properties/datatypeFactory=org.dbunit.dataset.datatype.DefaultDataTypeFactory[_toleratedDeltaMap=org.dbunit.dataset.datatype.ToleratedDeltaMap@c837cd], http://www.dbunit.org/properties/escapePattern=null, http://www.dbunit.org/properties/batchSize=100, http://www.dbunit.org/features/qualifiedTableNames=false, http://www.dbunit.org/properties/tableType=[Ljava.lang.String;@c79809, http://www.dbunit.org/properties/resultSetTableFactory=org.dbunit.database.CachedResultSetTableFactory@1ce784b, http://www.dbunit.org/features/datatypeWarning=true}], _dataSet=AbstractDataSet[_orderedTableNameMap=null]]) - start
23:04:37.702 [main] DEBUG org.dbunit.util.QualifiedTableName - getQualifiedName() - start
23:04:37.702 [main] DEBUG org.dbunit.util.QualifiedTableName - getQualifiedName(prefix=null, name=date, escapePattern=null) - start
23:04:37.702 [main] DEBUG o.dbunit.operation.AbstractOperation - getQualifiedName(prefix=null, name=amount, connection=org.dbunit.database.DatabaseConnection[schema=, connection=com.mysql.jdbc.JDBC4Connection@941db6, super=_databaseConfig=org.dbunit.database.DatabaseConfig[, _propertyMap={http://www.dbunit.org/properties/statementFactory=org.dbunit.database.statement.PreparedStatementFactory@16c9867, http://www.dbunit.org/features/caseSensitiveTableNames=false, http://www.dbunit.org/properties/fetchSize=100, http://www.dbunit.org/features/batchedStatements=false, http://www.dbunit.org/properties/metadataHandler=org.dbunit.database.DefaultMetadataHandler@2acc57, http://www.dbunit.org/properties/datatypeFactory=org.dbunit.dataset.datatype.DefaultDataTypeFactory[_toleratedDeltaMap=org.dbunit.dataset.datatype.ToleratedDeltaMap@c837cd], http://www.dbunit.org/properties/escapePattern=null, http://www.dbunit.org/properties/batchSize=100, http://www.dbunit.org/features/qualifiedTableNames=false, http://www.dbunit.org/properties/tableType=[Ljava.lang.String;@c79809, http://www.dbunit.org/properties/resultSetTableFactory=org.dbunit.database.CachedResultSetTableFactory@1ce784b, http://www.dbunit.org/features/datatypeWarning=true}], _dataSet=AbstractDataSet[_orderedTableNameMap=null]]) - start
23:04:37.707 [main] DEBUG org.dbunit.util.QualifiedTableName - getQualifiedName() - start
23:04:37.707 [main] DEBUG org.dbunit.util.QualifiedTableName - getQualifiedName(prefix=null, name=amount, escapePattern=null) - start
23:04:37.707 [main] DEBUG o.dbunit.operation.AbstractOperation - getQualifiedName(prefix=null, name=order_status, connection=org.dbunit.database.DatabaseConnection[schema=, connection=com.mysql.jdbc.JDBC4Connection@941db6, super=_databaseConfig=org.dbunit.database.DatabaseConfig[, _propertyMap={http://www.dbunit.org/properties/statementFactory=org.dbunit.database.statement.PreparedStatementFactory@16c9867, http://www.dbunit.org/features/caseSensitiveTableNames=false, http://www.dbunit.org/properties/fetchSize=100, http://www.dbunit.org/features/batchedStatements=false, http://www.dbunit.org/properties/metadataHandler=org.dbunit.database.DefaultMetadataHandler@2acc57, http://www.dbunit.org/properties/datatypeFactory=org.dbunit.dataset.datatype.DefaultDataTypeFactory[_toleratedDeltaMap=org.dbunit.dataset.datatype.ToleratedDeltaMap@c837cd], http://www.dbunit.org/properties/escapePattern=null, http://www.dbunit.org/properties/batchSize=100, http://www.dbunit.org/features/qualifiedTableNames=false, http://www.dbunit.org/properties/tableType=[Ljava.lang.String;@c79809, http://www.dbunit.org/properties/resultSetTableFactory=org.dbunit.database.CachedResultSetTableFactory@1ce784b, http://www.dbunit.org/features/datatypeWarning=true}], _dataSet=AbstractDataSet[_orderedTableNameMap=null]]) - start
23:04:37.711 [main] DEBUG org.dbunit.util.QualifiedTableName - getQualifiedName() - start
23:04:37.711 [main] DEBUG org.dbunit.util.QualifiedTableName - getQualifiedName(prefix=null, name=order_status, escapePattern=null) - start
23:04:37.711 [main] DEBUG o.dbunit.operation.AbstractOperation - getQualifiedName(prefix=null, name=discount_status, connection=org.dbunit.database.DatabaseConnection[schema=, connection=com.mysql.jdbc.JDBC4Connection@941db6, super=_databaseConfig=org.dbunit.database.DatabaseConfig[, _propertyMap={http://www.dbunit.org/properties/statementFactory=org.dbunit.database.statement.PreparedStatementFactory@16c9867, http://www.dbunit.org/features/caseSensitiveTableNames=false, http://www.dbunit.org/properties/fetchSize=100, http://www.dbunit.org/features/batchedStatements=false, http://www.dbunit.org/properties/metadataHandler=org.dbunit.database.DefaultMetadataHandler@2acc57, http://www.dbunit.org/properties/datatypeFactory=org.dbunit.dataset.datatype.DefaultDataTypeFactory[_toleratedDeltaMap=org.dbunit.dataset.datatype.ToleratedDeltaMap@c837cd], http://www.dbunit.org/properties/escapePattern=null, http://www.dbunit.org/properties/batchSize=100, http://www.dbunit.org/features/qualifiedTableNames=false, http://www.dbunit.org/properties/tableType=[Ljava.lang.String;@c79809, http://www.dbunit.org/properties/resultSetTableFactory=org.dbunit.database.CachedResultSetTableFactory@1ce784b, http://www.dbunit.org/features/datatypeWarning=true}], _dataSet=AbstractDataSet[_orderedTableNameMap=null]]) - start
23:04:37.718 [main] DEBUG org.dbunit.util.QualifiedTableName - getQualifiedName() - start
23:04:37.719 [main] DEBUG org.dbunit.util.QualifiedTableName - getQualifiedName(prefix=null, name=discount_status, escapePattern=null) - start
23:04:37.719 [main] DEBUG o.d.d.s.PreparedStatementFactory - createPreparedBatchStatement(sql=insert into orders (order_number, customer_id, date, amount, order_status, discount_status) values (?, ?, ?, ?, ?, ?), connection=org.dbunit.database.DatabaseConnection[schema=, connection=com.mysql.jdbc.JDBC4Connection@941db6, super=_databaseConfig=org.dbunit.database.DatabaseConfig[, _propertyMap={http://www.dbunit.org/properties/statementFactory=org.dbunit.database.statement.PreparedStatementFactory@16c9867, http://www.dbunit.org/features/caseSensitiveTableNames=false, http://www.dbunit.org/properties/fetchSize=100, http://www.dbunit.org/features/batchedStatements=false, http://www.dbunit.org/properties/metadataHandler=org.dbunit.database.DefaultMetadataHandler@2acc57, http://www.dbunit.org/properties/datatypeFactory=org.dbunit.dataset.datatype.DefaultDataTypeFactory[_toleratedDeltaMap=org.dbunit.dataset.datatype.ToleratedDeltaMap@c837cd], http://www.dbunit.org/properties/escapePattern=null, http://www.dbunit.org/properties/batchSize=100, http://www.dbunit.org/features/qualifiedTableNames=false, http://www.dbunit.org/properties/tableType=[Ljava.lang.String;@c79809, http://www.dbunit.org/properties/resultSetTableFactory=org.dbunit.database.CachedResultSetTableFactory@1ce784b, http://www.dbunit.org/features/datatypeWarning=true}], _dataSet=AbstractDataSet[_orderedTableNameMap=null]]) - start
23:04:37.723 [main] DEBUG o.d.d.s.AbstractStatementFactory - supportBatchStatement(connection=org.dbunit.database.DatabaseConnection[schema=, connection=com.mysql.jdbc.JDBC4Connection@941db6, super=_databaseConfig=org.dbunit.database.DatabaseConfig[, _propertyMap={http://www.dbunit.org/properties/statementFactory=org.dbunit.database.statement.PreparedStatementFactory@16c9867, http://www.dbunit.org/features/caseSensitiveTableNames=false, http://www.dbunit.org/properties/fetchSize=100, http://www.dbunit.org/features/batchedStatements=false, http://www.dbunit.org/properties/metadataHandler=org.dbunit.database.DefaultMetadataHandler@2acc57, http://www.dbunit.org/properties/datatypeFactory=org.dbunit.dataset.datatype.DefaultDataTypeFactory[_toleratedDeltaMap=org.dbunit.dataset.datatype.ToleratedDeltaMap@c837cd], http://www.dbunit.org/properties/escapePattern=null, http://www.dbunit.org/properties/batchSize=100, http://www.dbunit.org/features/qualifiedTableNames=false, http://www.dbunit.org/properties/tableType=[Ljava.lang.String;@c79809, http://www.dbunit.org/properties/resultSetTableFactory=org.dbunit.database.CachedResultSetTableFactory@1ce784b, http://www.dbunit.org/features/datatypeWarning=true}], _dataSet=AbstractDataSet[_orderedTableNameMap=null]]) - start
23:04:37.728 [main] DEBUG org.dbunit.dataset.DefaultTable - getValue(row=0, column=order_number) - start
23:04:37.728 [main] DEBUG org.dbunit.dataset.AbstractTable - assertValidRowIndex(row=0) - start
23:04:37.728 [main] DEBUG org.dbunit.dataset.AbstractTable - assertValidRowIndex(row=0, rowCount=6) - start
23:04:37.728 [main] DEBUG org.dbunit.dataset.AbstractTable - getColumnIndex(columnName=order_number) - start
23:04:37.728 [main] DEBUG o.d.dataset.AbstractTableMetaData - getColumnIndex(columnName=order_number) - start
23:04:37.732 [main] DEBUG o.d.d.s.AutomaticPreparedBatchStatement - addValue(value=1, dataType=INTEGER) - start
23:04:37.732 [main] DEBUG o.d.d.s.SimplePreparedStatement - addValue(value=1, dataType=INTEGER) - start
23:04:37.732 [main] DEBUG o.d.dataset.datatype.IntegerDataType - setSqlValue(value=1, column=1, statement=com.mysql.jdbc.JDBC4PreparedStatement@1b34126: insert into orders (order_number, customer_id, date, amount, order_status, discount_status) values (** NOT SPECIFIED **, ** NOT SPECIFIED **, ** NOT SPECIFIED **, ** NOT SPECIFIED **, ** NOT SPECIFIED **, ** NOT SPECIFIED **)) - start
23:04:37.736 [main] DEBUG o.d.dataset.datatype.IntegerDataType - typeCast(value=1) - start
23:04:37.736 [main] DEBUG o.d.dataset.datatype.IntegerDataType - typeCast(value=1) - start
23:04:37.736 [main] DEBUG org.dbunit.dataset.DefaultTable - getValue(row=0, column=customer_id) - start
23:04:37.737 [main] DEBUG org.dbunit.dataset.AbstractTable - assertValidRowIndex(row=0) - start
23:04:37.737 [main] DEBUG org.dbunit.dataset.AbstractTable - assertValidRowIndex(row=0, rowCount=6) - start
23:04:37.737 [main] DEBUG org.dbunit.dataset.AbstractTable - getColumnIndex(columnName=customer_id) - start
23:04:37.737 [main] DEBUG o.d.dataset.AbstractTableMetaData - getColumnIndex(columnName=customer_id) - start
23:04:37.737 [main] DEBUG o.d.d.s.AutomaticPreparedBatchStatement - addValue(value=1, dataType=INTEGER) - start
23:04:37.737 [main] DEBUG o.d.d.s.SimplePreparedStatement - addValue(value=1, dataType=INTEGER) - start
23:04:37.737 [main] DEBUG o.d.dataset.datatype.IntegerDataType - setSqlValue(value=1, column=2, statement=com.mysql.jdbc.JDBC4PreparedStatement@1b34126: insert into orders (order_number, customer_id, date, amount, order_status, discount_status) values (1, ** NOT SPECIFIED **, ** NOT SPECIFIED **, ** NOT SPECIFIED **, ** NOT SPECIFIED **, ** NOT SPECIFIED **)) - start
23:04:37.740 [main] DEBUG o.d.dataset.datatype.IntegerDataType - typeCast(value=1) - start
23:04:37.740 [main] DEBUG o.d.dataset.datatype.IntegerDataType - typeCast(value=1) - start
23:04:37.740 [main] DEBUG org.dbunit.dataset.DefaultTable - getValue(row=0, column=date) - start
23:04:37.740 [main] DEBUG org.dbunit.dataset.AbstractTable - assertValidRowIndex(row=0) - start
23:04:37.740 [main] DEBUG org.dbunit.dataset.AbstractTable - assertValidRowIndex(row=0, rowCount=6) - start
23:04:37.740 [main] DEBUG org.dbunit.dataset.AbstractTable - getColumnIndex(columnName=date) - start
23:04:37.741 [main] DEBUG o.d.dataset.AbstractTableMetaData - getColumnIndex(columnName=date) - start
23:04:37.741 [main] DEBUG o.d.d.s.AutomaticPreparedBatchStatement - addValue(value=2011-06-13, dataType=DATE) - start
23:04:37.741 [main] DEBUG o.d.d.s.SimplePreparedStatement - addValue(value=2011-06-13, dataType=DATE) - start
23:04:37.741 [main] DEBUG o.d.dataset.datatype.DateDataType - setSqlValue(value=2011-06-13, column=3, statement=com.mysql.jdbc.JDBC4PreparedStatement@1b34126: insert into orders (order_number, customer_id, date, amount, order_status, discount_status) values (1, 1, ** NOT SPECIFIED **, ** NOT SPECIFIED **, ** NOT SPECIFIED **, ** NOT SPECIFIED **)) - start
23:04:37.743 [main] DEBUG o.d.dataset.datatype.DateDataType - typeCast(value=2011-06-13) - start
23:04:37.743 [main] DEBUG org.dbunit.dataset.DefaultTable - getValue(row=0, column=amount) - start
23:04:37.743 [main] DEBUG org.dbunit.dataset.AbstractTable - assertValidRowIndex(row=0) - start
23:04:37.743 [main] DEBUG org.dbunit.dataset.AbstractTable - assertValidRowIndex(row=0, rowCount=6) - start
23:04:37.744 [main] DEBUG org.dbunit.dataset.AbstractTable - getColumnIndex(columnName=amount) - start
23:04:37.744 [main] DEBUG o.d.dataset.AbstractTableMetaData - getColumnIndex(columnName=amount) - start
23:04:37.744 [main] DEBUG o.d.d.s.AutomaticPreparedBatchStatement - addValue(value=200.00, dataType=DECIMAL) - start
23:04:37.744 [main] DEBUG o.d.d.s.SimplePreparedStatement - addValue(value=200.00, dataType=DECIMAL) - start
23:04:37.746 [main] DEBUG o.d.dataset.datatype.NumberDataType - setSqlValue(value=200.00, column=4, statement=com.mysql.jdbc.JDBC4PreparedStatement@1b34126: insert into orders (order_number, customer_id, date, amount, order_status, discount_status) values (1, 1, '2011-06-13', ** NOT SPECIFIED **, ** NOT SPECIFIED **, ** NOT SPECIFIED **)) - start
23:04:37.746 [main] DEBUG o.d.dataset.datatype.NumberDataType - typeCast(value=200.00) - start
23:04:37.746 [main] DEBUG org.dbunit.dataset.DefaultTable - getValue(row=0, column=order_status) - start
23:04:37.747 [main] DEBUG org.dbunit.dataset.AbstractTable - assertValidRowIndex(row=0) - start
23:04:37.747 [main] DEBUG org.dbunit.dataset.AbstractTable - assertValidRowIndex(row=0, rowCount=6) - start
23:04:37.747 [main] DEBUG org.dbunit.dataset.AbstractTable - getColumnIndex(columnName=order_status) - start
23:04:37.747 [main] DEBUG o.d.dataset.AbstractTableMetaData - getColumnIndex(columnName=order_status) - start
23:04:37.747 [main] DEBUG o.d.d.s.AutomaticPreparedBatchStatement - addValue(value=UNPAID, dataType=VARCHAR) - start
23:04:37.749 [main] DEBUG o.d.d.s.SimplePreparedStatement - addValue(value=UNPAID, dataType=VARCHAR) - start
23:04:37.749 [main] DEBUG o.d.dataset.datatype.StringDataType - setSqlValue(value=UNPAID, column=5, statement=com.mysql.jdbc.JDBC4PreparedStatement@1b34126: insert into orders (order_number, customer_id, date, amount, order_status, discount_status) values (1, 1, '2011-06-13', 200.00, ** NOT SPECIFIED **, ** NOT SPECIFIED **)) - start
23:04:37.749 [main] DEBUG org.dbunit.dataset.datatype.DataType - asString(value=UNPAID) - start
23:04:37.750 [main] DEBUG o.d.dataset.datatype.StringDataType - typeCast(value=UNPAID) - start
23:04:37.750 [main] DEBUG org.dbunit.dataset.DefaultTable - getValue(row=0, column=discount_status) - start
23:04:37.750 [main] DEBUG org.dbunit.dataset.AbstractTable - assertValidRowIndex(row=0) - start
23:04:37.750 [main] DEBUG org.dbunit.dataset.AbstractTable - assertValidRowIndex(row=0, rowCount=6) - start
23:04:37.750 [main] DEBUG org.dbunit.dataset.AbstractTable - getColumnIndex(columnName=discount_status) - start
23:04:37.751 [main] DEBUG o.d.dataset.AbstractTableMetaData - getColumnIndex(columnName=discount_status) - start
23:04:37.751 [main] DEBUG o.d.d.s.AutomaticPreparedBatchStatement - addValue(value=NO_DISCOUNT, dataType=VARCHAR) - start
23:04:37.751 [main] DEBUG o.d.d.s.SimplePreparedStatement - addValue(value=NO_DISCOUNT, dataType=VARCHAR) - start
23:04:37.751 [main] DEBUG o.d.dataset.datatype.StringDataType - setSqlValue(value=NO_DISCOUNT, column=6, statement=com.mysql.jdbc.JDBC4PreparedStatement@1b34126: insert into orders (order_number, customer_id, date, amount, order_status, discount_status) values (1, 1, '2011-06-13', 200.00, 'UNPAID', ** NOT SPECIFIED **)) - start
23:04:37.753 [main] DEBUG org.dbunit.dataset.datatype.DataType - asString(value=NO_DISCOUNT) - start
23:04:37.753 [main] DEBUG o.d.dataset.datatype.StringDataType - typeCast(value=NO_DISCOUNT) - start
23:04:37.753 [main] DEBUG o.d.d.s.AutomaticPreparedBatchStatement - addBatch() - start
23:04:37.753 [main] DEBUG o.d.d.s.SimplePreparedStatement - addBatch() - start
23:04:37.814 [main] DEBUG org.dbunit.operation.InsertOperation - equalsIgnoreMapping(ignoreMapping={}, table=org.dbunit.dataset.DefaultTable[_metaData=tableName=orders, columns=[(order_number, UNKNOWN, nullableUnknown), (customer_id, UNKNOWN, nullableUnknown), (date, UNKNOWN, nullableUnknown), (amount, UNKNOWN, nullableUnknown), (order_status, UNKNOWN, nullableUnknown), (discount_status, UNKNOWN, nullableUnknown)], keys=[], _rowList.size()=6], row=1) - start
23:04:37.814 [main] DEBUG org.dbunit.dataset.DefaultTable - getValue(row=1, column=order_number) - start
23:04:37.856 [main] DEBUG org.dbunit.dataset.AbstractTable - assertValidRowIndex(row=1) - start
23:04:37.856 [main] DEBUG org.dbunit.dataset.AbstractTable - assertValidRowIndex(row=1, rowCount=6) - start
23:04:37.856 [main] DEBUG org.dbunit.dataset.AbstractTable - getColumnIndex(columnName=order_number) - start
23:04:37.856 [main] DEBUG o.d.dataset.AbstractTableMetaData - getColumnIndex(columnName=order_number) - start
23:04:37.856 [main] DEBUG org.dbunit.dataset.DefaultTable - getValue(row=1, column=customer_id) - start
23:04:37.857 [main] DEBUG org.dbunit.dataset.AbstractTable - assertValidRowIndex(row=1) - start
23:04:37.857 [main] DEBUG org.dbunit.dataset.AbstractTable - assertValidRowIndex(row=1, rowCount=6) - start
23:04:37.857 [main] DEBUG org.dbunit.dataset.AbstractTable - getColumnIndex(columnName=customer_id) - start
23:04:37.857 [main] DEBUG o.d.dataset.AbstractTableMetaData - getColumnIndex(columnName=customer_id) - start
23:04:37.857 [main] DEBUG org.dbunit.dataset.DefaultTable - getValue(row=1, column=date) - start
23:04:37.858 [main] DEBUG org.dbunit.dataset.AbstractTable - assertValidRowIndex(row=1) - start
23:04:37.858 [main] DEBUG org.dbunit.dataset.AbstractTable - assertValidRowIndex(row=1, rowCount=6) - start
23:04:37.858 [main] DEBUG org.dbunit.dataset.AbstractTable - getColumnIndex(columnName=date) - start
23:04:37.858 [main] DEBUG o.d.dataset.AbstractTableMetaData - getColumnIndex(columnName=date) - start
23:04:37.858 [main] DEBUG org.dbunit.dataset.DefaultTable - getValue(row=1, column=amount) - start
23:04:37.859 [main] DEBUG org.dbunit.dataset.AbstractTable - assertValidRowIndex(row=1) - start
23:04:37.861 [main] DEBUG org.dbunit.dataset.AbstractTable - assertValidRowIndex(row=1, rowCount=6) - start
23:04:37.861 [main] DEBUG org.dbunit.dataset.AbstractTable - getColumnIndex(columnName=amount) - start
23:04:37.861 [main] DEBUG o.d.dataset.AbstractTableMetaData - getColumnIndex(columnName=amount) - start
23:04:37.861 [main] DEBUG org.dbunit.dataset.DefaultTable - getValue(row=1, column=order_status) - start
23:04:37.861 [main] DEBUG org.dbunit.dataset.AbstractTable - assertValidRowIndex(row=1) - start
23:04:37.862 [main] DEBUG org.dbunit.dataset.AbstractTable - assertValidRowIndex(row=1, rowCount=6) - start
23:04:37.862 [main] DEBUG org.dbunit.dataset.AbstractTable - getColumnIndex(columnName=order_status) - start
23:04:37.862 [main] DEBUG o.d.dataset.AbstractTableMetaData - getColumnIndex(columnName=order_status) - start
23:04:37.862 [main] DEBUG org.dbunit.dataset.DefaultTable - getValue(row=1, column=discount_status) - start
23:04:37.862 [main] DEBUG org.dbunit.dataset.AbstractTable - assertValidRowIndex(row=1) - start
23:04:37.863 [main] DEBUG org.dbunit.dataset.AbstractTable - assertValidRowIndex(row=1, rowCount=6) - start
23:04:37.863 [main] DEBUG org.dbunit.dataset.AbstractTable - getColumnIndex(columnName=discount_status) - start
23:04:37.863 [main] DEBUG o.d.dataset.AbstractTableMetaData - getColumnIndex(columnName=discount_status) - start
23:04:37.863 [main] DEBUG org.dbunit.dataset.DefaultTable - getValue(row=1, column=order_number) - start
23:04:37.863 [main] DEBUG org.dbunit.dataset.AbstractTable - assertValidRowIndex(row=1) - start
23:04:37.865 [main] DEBUG org.dbunit.dataset.AbstractTable - assertValidRowIndex(row=1, rowCount=6) - start
23:04:37.865 [main] DEBUG org.dbunit.dataset.AbstractTable - getColumnIndex(columnName=order_number) - start
23:04:37.865 [main] DEBUG o.d.dataset.AbstractTableMetaData - getColumnIndex(columnName=order_number) - start
23:04:37.865 [main] DEBUG o.d.d.s.AutomaticPreparedBatchStatement - addValue(value=2, dataType=INTEGER) - start
23:04:37.865 [main] DEBUG o.d.d.s.SimplePreparedStatement - addValue(value=2, dataType=INTEGER) - start
23:04:37.866 [main] DEBUG o.d.dataset.datatype.IntegerDataType - setSqlValue(value=2, column=1, statement=com.mysql.jdbc.JDBC4PreparedStatement@1b34126: insert into orders (order_number, customer_id, date, amount, order_status, discount_status) values (1, 1, '2011-06-13', 200.00, 'UNPAID', 'NO_DISCOUNT')) - start
23:04:37.866 [main] DEBUG o.d.dataset.datatype.IntegerDataType - typeCast(value=2) - start
23:04:37.866 [main] DEBUG o.d.dataset.datatype.IntegerDataType - typeCast(value=2) - start
23:04:37.866 [main] DEBUG org.dbunit.dataset.DefaultTable - getValue(row=1, column=customer_id) - start
23:04:37.868 [main] DEBUG org.dbunit.dataset.AbstractTable - assertValidRowIndex(row=1) - start
23:04:37.868 [main] DEBUG org.dbunit.dataset.AbstractTable - assertValidRowIndex(row=1, rowCount=6) - start
23:04:37.868 [main] DEBUG org.dbunit.dataset.AbstractTable - getColumnIndex(columnName=customer_id) - start
23:04:37.868 [main] DEBUG o.d.dataset.AbstractTableMetaData - getColumnIndex(columnName=customer_id) - start
23:04:37.868 [main] DEBUG o.d.d.s.AutomaticPreparedBatchStatement - addValue(value=2, dataType=INTEGER) - start
23:04:37.869 [main] DEBUG o.d.d.s.SimplePreparedStatement - addValue(value=2, dataType=INTEGER) - start
23:04:37.869 [main] DEBUG o.d.dataset.datatype.IntegerDataType - setSqlValue(value=2, column=2, statement=com.mysql.jdbc.JDBC4PreparedStatement@1b34126: insert into orders (order_number, customer_id, date, amount, order_status, discount_status) values (2, 1, '2011-06-13', 200.00, 'UNPAID', 'NO_DISCOUNT')) - start
23:04:37.869 [main] DEBUG o.d.dataset.datatype.IntegerDataType - typeCast(value=2) - start
23:04:37.871 [main] DEBUG o.d.dataset.datatype.IntegerDataType - typeCast(value=2) - start
23:04:37.871 [main] DEBUG org.dbunit.dataset.DefaultTable - getValue(row=1, column=date) - start
23:04:37.871 [main] DEBUG org.dbunit.dataset.AbstractTable - assertValidRowIndex(row=1) - start
23:04:37.871 [main] DEBUG org.dbunit.dataset.AbstractTable - assertValidRowIndex(row=1, rowCount=6) - start
23:04:37.871 [main] DEBUG org.dbunit.dataset.AbstractTable - getColumnIndex(columnName=date) - start
23:04:37.871 [main] DEBUG o.d.dataset.AbstractTableMetaData - getColumnIndex(columnName=date) - start
23:04:37.873 [main] DEBUG o.d.d.s.AutomaticPreparedBatchStatement - addValue(value=2011-06-13, dataType=DATE) - start
23:04:37.873 [main] DEBUG o.d.d.s.SimplePreparedStatement - addValue(value=2011-06-13, dataType=DATE) - start
23:04:37.873 [main] DEBUG o.d.dataset.datatype.DateDataType - setSqlValue(value=2011-06-13, column=3, statement=com.mysql.jdbc.JDBC4PreparedStatement@1b34126: insert into orders (order_number, customer_id, date, amount, order_status, discount_status) values (2, 2, '2011-06-13', 200.00, 'UNPAID', 'NO_DISCOUNT')) - start
23:04:37.874 [main] DEBUG o.d.dataset.datatype.DateDataType - typeCast(value=2011-06-13) - start
23:04:37.874 [main] DEBUG org.dbunit.dataset.DefaultTable - getValue(row=1, column=amount) - start
23:04:37.874 [main] DEBUG org.dbunit.dataset.AbstractTable - assertValidRowIndex(row=1) - start
23:04:37.874 [main] DEBUG org.dbunit.dataset.AbstractTable - assertValidRowIndex(row=1, rowCount=6) - start
23:04:37.874 [main] DEBUG org.dbunit.dataset.AbstractTable - getColumnIndex(columnName=amount) - start
23:04:37.874 [main] DEBUG o.d.dataset.AbstractTableMetaData - getColumnIndex(columnName=amount) - start
23:04:37.875 [main] DEBUG o.d.d.s.AutomaticPreparedBatchStatement - addValue(value=10000.00, dataType=DECIMAL) - start
23:04:37.875 [main] DEBUG o.d.d.s.SimplePreparedStatement - addValue(value=10000.00, dataType=DECIMAL) - start
23:04:37.875 [main] DEBUG o.d.dataset.datatype.NumberDataType - setSqlValue(value=10000.00, column=4, statement=com.mysql.jdbc.JDBC4PreparedStatement@1b34126: insert into orders (order_number, customer_id, date, amount, order_status, discount_status) values (2, 2, '2011-06-13', 200.00, 'UNPAID', 'NO_DISCOUNT')) - start
23:04:37.877 [main] DEBUG o.d.dataset.datatype.NumberDataType - typeCast(value=10000.00) - start
23:04:37.878 [main] DEBUG org.dbunit.dataset.DefaultTable - getValue(row=1, column=order_status) - start
23:04:37.878 [main] DEBUG org.dbunit.dataset.AbstractTable - assertValidRowIndex(row=1) - start
23:04:37.878 [main] DEBUG org.dbunit.dataset.AbstractTable - assertValidRowIndex(row=1, rowCount=6) - start
23:04:37.878 [main] DEBUG org.dbunit.dataset.AbstractTable - getColumnIndex(columnName=order_status) - start
23:04:37.878 [main] DEBUG o.d.dataset.AbstractTableMetaData - getColumnIndex(columnName=order_status) - start
23:04:37.878 [main] DEBUG o.d.d.s.AutomaticPreparedBatchStatement - addValue(value=UNPAID, dataType=VARCHAR) - start
23:04:37.878 [main] DEBUG o.d.d.s.SimplePreparedStatement - addValue(value=UNPAID, dataType=VARCHAR) - start
23:04:37.878 [main] DEBUG o.d.dataset.datatype.StringDataType - setSqlValue(value=UNPAID, column=5, statement=com.mysql.jdbc.JDBC4PreparedStatement@1b34126: insert into orders (order_number, customer_id, date, amount, order_status, discount_status) values (2, 2, '2011-06-13', 10000.00, 'UNPAID', 'NO_DISCOUNT')) - start
23:04:37.880 [main] DEBUG org.dbunit.dataset.datatype.DataType - asString(value=UNPAID) - start
23:04:37.880 [main] DEBUG o.d.dataset.datatype.StringDataType - typeCast(value=UNPAID) - start
23:04:37.880 [main] DEBUG org.dbunit.dataset.DefaultTable - getValue(row=1, column=discount_status) - start
23:04:37.881 [main] DEBUG org.dbunit.dataset.AbstractTable - assertValidRowIndex(row=1) - start
23:04:37.881 [main] DEBUG org.dbunit.dataset.AbstractTable - assertValidRowIndex(row=1, rowCount=6) - start
23:04:37.881 [main] DEBUG org.dbunit.dataset.AbstractTable - getColumnIndex(columnName=discount_status) - start
23:04:37.882 [main] DEBUG o.d.dataset.AbstractTableMetaData - getColumnIndex(columnName=discount_status) - start
23:04:37.882 [main] DEBUG o.d.d.s.AutomaticPreparedBatchStatement - addValue(value=NO_DISCOUNT, dataType=VARCHAR) - start
23:04:37.882 [main] DEBUG o.d.d.s.SimplePreparedStatement - addValue(value=NO_DISCOUNT, dataType=VARCHAR) - start
23:04:37.882 [main] DEBUG o.d.dataset.datatype.StringDataType - setSqlValue(value=NO_DISCOUNT, column=6, statement=com.mysql.jdbc.JDBC4PreparedStatement@1b34126: insert into orders (order_number, customer_id, date, amount, order_status, discount_status) values (2, 2, '2011-06-13', 10000.00, 'UNPAID', 'NO_DISCOUNT')) - start
23:04:37.884 [main] DEBUG org.dbunit.dataset.datatype.DataType - asString(value=NO_DISCOUNT) - start
23:04:37.884 [main] DEBUG o.d.dataset.datatype.StringDataType - typeCast(value=NO_DISCOUNT) - start
23:04:37.884 [main] DEBUG o.d.d.s.AutomaticPreparedBatchStatement - addBatch() - start
23:04:37.884 [main] DEBUG o.d.d.s.SimplePreparedStatement - addBatch() - start
23:04:37.909 [main] DEBUG org.dbunit.operation.InsertOperation - equalsIgnoreMapping(ignoreMapping={}, table=org.dbunit.dataset.DefaultTable[_metaData=tableName=orders, columns=[(order_number, UNKNOWN, nullableUnknown), (customer_id, UNKNOWN, nullableUnknown), (date, UNKNOWN, nullableUnknown), (amount, UNKNOWN, nullableUnknown), (order_status, UNKNOWN, nullableUnknown), (discount_status, UNKNOWN, nullableUnknown)], keys=[], _rowList.size()=6], row=2) - start
23:04:37.909 [main] DEBUG org.dbunit.dataset.DefaultTable - getValue(row=2, column=order_number) - start
23:04:37.987 [main] DEBUG org.dbunit.dataset.AbstractTable - assertValidRowIndex(row=2) - start
23:04:37.987 [main] DEBUG org.dbunit.dataset.AbstractTable - assertValidRowIndex(row=2, rowCount=6) - start
23:04:37.987 [main] DEBUG org.dbunit.dataset.AbstractTable - getColumnIndex(columnName=order_number) - start
23:04:37.987 [main] DEBUG o.d.dataset.AbstractTableMetaData - getColumnIndex(columnName=order_number) - start
23:04:37.987 [main] DEBUG org.dbunit.dataset.DefaultTable - getValue(row=2, column=customer_id) - start
23:04:37.988 [main] DEBUG org.dbunit.dataset.AbstractTable - assertValidRowIndex(row=2) - start
23:04:37.988 [main] DEBUG org.dbunit.dataset.AbstractTable - assertValidRowIndex(row=2, rowCount=6) - start
23:04:37.988 [main] DEBUG org.dbunit.dataset.AbstractTable - getColumnIndex(columnName=customer_id) - start
23:04:37.988 [main] DEBUG o.d.dataset.AbstractTableMetaData - getColumnIndex(columnName=customer_id) - start
23:04:37.988 [main] DEBUG org.dbunit.dataset.DefaultTable - getValue(row=2, column=date) - start
23:04:37.989 [main] DEBUG org.dbunit.dataset.AbstractTable - assertValidRowIndex(row=2) - start
23:04:37.989 [main] DEBUG org.dbunit.dataset.AbstractTable - assertValidRowIndex(row=2, rowCount=6) - start
23:04:37.989 [main] DEBUG org.dbunit.dataset.AbstractTable - getColumnIndex(columnName=date) - start
23:04:37.989 [main] DEBUG o.d.dataset.AbstractTableMetaData - getColumnIndex(columnName=date) - start
23:04:37.989 [main] DEBUG org.dbunit.dataset.DefaultTable - getValue(row=2, column=amount) - start
23:04:37.989 [main] DEBUG org.dbunit.dataset.AbstractTable - assertValidRowIndex(row=2) - start
23:04:37.991 [main] DEBUG org.dbunit.dataset.AbstractTable - assertValidRowIndex(row=2, rowCount=6) - start
23:04:37.991 [main] DEBUG org.dbunit.dataset.AbstractTable - getColumnIndex(columnName=amount) - start
23:04:37.991 [main] DEBUG o.d.dataset.AbstractTableMetaData - getColumnIndex(columnName=amount) - start
23:04:37.991 [main] DEBUG org.dbunit.dataset.DefaultTable - getValue(row=2, column=order_status) - start
23:04:37.991 [main] DEBUG org.dbunit.dataset.AbstractTable - assertValidRowIndex(row=2) - start
23:04:37.993 [main] DEBUG org.dbunit.dataset.AbstractTable - assertValidRowIndex(row=2, rowCount=6) - start
23:04:37.993 [main] DEBUG org.dbunit.dataset.AbstractTable - getColumnIndex(columnName=order_status) - start
23:04:37.993 [main] DEBUG o.d.dataset.AbstractTableMetaData - getColumnIndex(columnName=order_status) - start
23:04:37.993 [main] DEBUG org.dbunit.dataset.DefaultTable - getValue(row=2, column=discount_status) - start
23:04:37.993 [main] DEBUG org.dbunit.dataset.AbstractTable - assertValidRowIndex(row=2) - start
23:04:37.994 [main] DEBUG org.dbunit.dataset.AbstractTable - assertValidRowIndex(row=2, rowCount=6) - start
23:04:37.994 [main] DEBUG org.dbunit.dataset.AbstractTable - getColumnIndex(columnName=discount_status) - start
23:04:37.994 [main] DEBUG o.d.dataset.AbstractTableMetaData - getColumnIndex(columnName=discount_status) - start
23:04:37.994 [main] DEBUG org.dbunit.dataset.DefaultTable - getValue(row=2, column=order_number) - start
23:04:37.994 [main] DEBUG org.dbunit.dataset.AbstractTable - assertValidRowIndex(row=2) - start
23:04:37.996 [main] DEBUG org.dbunit.dataset.AbstractTable - assertValidRowIndex(row=2, rowCount=6) - start
23:04:37.996 [main] DEBUG org.dbunit.dataset.AbstractTable - getColumnIndex(columnName=order_number) - start
23:04:37.996 [main] DEBUG o.d.dataset.AbstractTableMetaData - getColumnIndex(columnName=order_number) - start
23:04:37.996 [main] DEBUG o.d.d.s.AutomaticPreparedBatchStatement - addValue(value=3, dataType=INTEGER) - start
23:04:37.996 [main] DEBUG o.d.d.s.SimplePreparedStatement - addValue(value=3, dataType=INTEGER) - start
23:04:37.997 [main] DEBUG o.d.dataset.datatype.IntegerDataType - setSqlValue(value=3, column=1, statement=com.mysql.jdbc.JDBC4PreparedStatement@1b34126: insert into orders (order_number, customer_id, date, amount, order_status, discount_status) values (2, 2, '2011-06-13', 10000.00, 'UNPAID', 'NO_DISCOUNT')) - start
23:04:37.997 [main] DEBUG o.d.dataset.datatype.IntegerDataType - typeCast(value=3) - start
23:04:37.997 [main] DEBUG o.d.dataset.datatype.IntegerDataType - typeCast(value=3) - start
23:04:37.997 [main] DEBUG org.dbunit.dataset.DefaultTable - getValue(row=2, column=customer_id) - start
23:04:37.999 [main] DEBUG org.dbunit.dataset.AbstractTable - assertValidRowIndex(row=2) - start
23:04:37.999 [main] DEBUG org.dbunit.dataset.AbstractTable - assertValidRowIndex(row=2, rowCount=6) - start
23:04:37.999 [main] DEBUG org.dbunit.dataset.AbstractTable - getColumnIndex(columnName=customer_id) - start
23:04:37.999 [main] DEBUG o.d.dataset.AbstractTableMetaData - getColumnIndex(columnName=customer_id) - start
23:04:37.999 [main] DEBUG o.d.d.s.AutomaticPreparedBatchStatement - addValue(value=3, dataType=INTEGER) - start
23:04:38.000 [main] DEBUG o.d.d.s.SimplePreparedStatement - addValue(value=3, dataType=INTEGER) - start
23:04:38.000 [main] DEBUG o.d.dataset.datatype.IntegerDataType - setSqlValue(value=3, column=2, statement=com.mysql.jdbc.JDBC4PreparedStatement@1b34126: insert into orders (order_number, customer_id, date, amount, order_status, discount_status) values (3, 2, '2011-06-13', 10000.00, 'UNPAID', 'NO_DISCOUNT')) - start
23:04:38.000 [main] DEBUG o.d.dataset.datatype.IntegerDataType - typeCast(value=3) - start
23:04:38.002 [main] DEBUG o.d.dataset.datatype.IntegerDataType - typeCast(value=3) - start
23:04:38.002 [main] DEBUG org.dbunit.dataset.DefaultTable - getValue(row=2, column=date) - start
23:04:38.002 [main] DEBUG org.dbunit.dataset.AbstractTable - assertValidRowIndex(row=2) - start
23:04:38.002 [main] DEBUG org.dbunit.dataset.AbstractTable - assertValidRowIndex(row=2, rowCount=6) - start
23:04:38.002 [main] DEBUG org.dbunit.dataset.AbstractTable - getColumnIndex(columnName=date) - start
23:04:38.002 [main] DEBUG o.d.dataset.AbstractTableMetaData - getColumnIndex(columnName=date) - start
23:04:38.003 [main] DEBUG o.d.d.s.AutomaticPreparedBatchStatement - addValue(value=2011-06-13, dataType=DATE) - start
23:04:38.003 [main] DEBUG o.d.d.s.SimplePreparedStatement - addValue(value=2011-06-13, dataType=DATE) - start
23:04:38.003 [main] DEBUG o.d.dataset.datatype.DateDataType - setSqlValue(value=2011-06-13, column=3, statement=com.mysql.jdbc.JDBC4PreparedStatement@1b34126: insert into orders (order_number, customer_id, date, amount, order_status, discount_status) values (3, 3, '2011-06-13', 10000.00, 'UNPAID', 'NO_DISCOUNT')) - start
23:04:38.005 [main] DEBUG o.d.dataset.datatype.DateDataType - typeCast(value=2011-06-13) - start
23:04:38.005 [main] DEBUG org.dbunit.dataset.DefaultTable - getValue(row=2, column=amount) - start
23:04:38.005 [main] DEBUG org.dbunit.dataset.AbstractTable - assertValidRowIndex(row=2) - start
23:04:38.005 [main] DEBUG org.dbunit.dataset.AbstractTable - assertValidRowIndex(row=2, rowCount=6) - start
23:04:38.005 [main] DEBUG org.dbunit.dataset.AbstractTable - getColumnIndex(columnName=amount) - start
23:04:38.005 [main] DEBUG o.d.dataset.AbstractTableMetaData - getColumnIndex(columnName=amount) - start
23:04:38.006 [main] DEBUG o.d.d.s.AutomaticPreparedBatchStatement - addValue(value=15000.00, dataType=DECIMAL) - start
23:04:38.006 [main] DEBUG o.d.d.s.SimplePreparedStatement - addValue(value=15000.00, dataType=DECIMAL) - start
23:04:38.006 [main] DEBUG o.d.dataset.datatype.NumberDataType - setSqlValue(value=15000.00, column=4, statement=com.mysql.jdbc.JDBC4PreparedStatement@1b34126: insert into orders (order_number, customer_id, date, amount, order_status, discount_status) values (3, 3, '2011-06-13', 10000.00, 'UNPAID', 'NO_DISCOUNT')) - start
23:04:38.008 [main] DEBUG o.d.dataset.datatype.NumberDataType - typeCast(value=15000.00) - start
23:04:38.008 [main] DEBUG org.dbunit.dataset.DefaultTable - getValue(row=2, column=order_status) - start
23:04:38.008 [main] DEBUG org.dbunit.dataset.AbstractTable - assertValidRowIndex(row=2) - start
23:04:38.008 [main] DEBUG org.dbunit.dataset.AbstractTable - assertValidRowIndex(row=2, rowCount=6) - start
23:04:38.008 [main] DEBUG org.dbunit.dataset.AbstractTable - getColumnIndex(columnName=order_status) - start
23:04:38.009 [main] DEBUG o.d.dataset.AbstractTableMetaData - getColumnIndex(columnName=order_status) - start
23:04:38.009 [main] DEBUG o.d.d.s.AutomaticPreparedBatchStatement - addValue(value=UNPAID, dataType=VARCHAR) - start
23:04:38.009 [main] DEBUG o.d.d.s.SimplePreparedStatement - addValue(value=UNPAID, dataType=VARCHAR) - start
23:04:38.009 [main] DEBUG o.d.dataset.datatype.StringDataType - setSqlValue(value=UNPAID, column=5, statement=com.mysql.jdbc.JDBC4PreparedStatement@1b34126: insert into orders (order_number, customer_id, date, amount, order_status, discount_status) values (3, 3, '2011-06-13', 15000.00, 'UNPAID', 'NO_DISCOUNT')) - start
23:04:38.011 [main] DEBUG org.dbunit.dataset.datatype.DataType - asString(value=UNPAID) - start
23:04:38.011 [main] DEBUG o.d.dataset.datatype.StringDataType - typeCast(value=UNPAID) - start
23:04:38.011 [main] DEBUG org.dbunit.dataset.DefaultTable - getValue(row=2, column=discount_status) - start
23:04:38.011 [main] DEBUG org.dbunit.dataset.AbstractTable - assertValidRowIndex(row=2) - start
23:04:38.011 [main] DEBUG org.dbunit.dataset.AbstractTable - assertValidRowIndex(row=2, rowCount=6) - start
23:04:38.011 [main] DEBUG org.dbunit.dataset.AbstractTable - getColumnIndex(columnName=discount_status) - start
23:04:38.012 [main] DEBUG o.d.dataset.AbstractTableMetaData - getColumnIndex(columnName=discount_status) - start
23:04:38.012 [main] DEBUG o.d.d.s.AutomaticPreparedBatchStatement - addValue(value=NO_DISCOUNT, dataType=VARCHAR) - start
23:04:38.012 [main] DEBUG o.d.d.s.SimplePreparedStatement - addValue(value=NO_DISCOUNT, dataType=VARCHAR) - start
23:04:38.012 [main] DEBUG o.d.dataset.datatype.StringDataType - setSqlValue(value=NO_DISCOUNT, column=6, statement=com.mysql.jdbc.JDBC4PreparedStatement@1b34126: insert into orders (order_number, customer_id, date, amount, order_status, discount_status) values (3, 3, '2011-06-13', 15000.00, 'UNPAID', 'NO_DISCOUNT')) - start
23:04:38.015 [main] DEBUG org.dbunit.dataset.datatype.DataType - asString(value=NO_DISCOUNT) - start
23:04:38.015 [main] DEBUG o.d.dataset.datatype.StringDataType - typeCast(value=NO_DISCOUNT) - start
23:04:38.015 [main] DEBUG o.d.d.s.AutomaticPreparedBatchStatement - addBatch() - start
23:04:38.015 [main] DEBUG o.d.d.s.SimplePreparedStatement - addBatch() - start
23:04:38.034 [main] DEBUG org.dbunit.operation.InsertOperation - equalsIgnoreMapping(ignoreMapping={}, table=org.dbunit.dataset.DefaultTable[_metaData=tableName=orders, columns=[(order_number, UNKNOWN, nullableUnknown), (customer_id, UNKNOWN, nullableUnknown), (date, UNKNOWN, nullableUnknown), (amount, UNKNOWN, nullableUnknown), (order_status, UNKNOWN, nullableUnknown), (discount_status, UNKNOWN, nullableUnknown)], keys=[], _rowList.size()=6], row=3) - start
23:04:38.034 [main] DEBUG org.dbunit.dataset.DefaultTable - getValue(row=3, column=order_number) - start
23:04:38.118 [main] DEBUG org.dbunit.dataset.AbstractTable - assertValidRowIndex(row=3) - start
23:04:38.118 [main] DEBUG org.dbunit.dataset.AbstractTable - assertValidRowIndex(row=3, rowCount=6) - start
23:04:38.118 [main] DEBUG org.dbunit.dataset.AbstractTable - getColumnIndex(columnName=order_number) - start
23:04:38.118 [main] DEBUG o.d.dataset.AbstractTableMetaData - getColumnIndex(columnName=order_number) - start
23:04:38.118 [main] DEBUG org.dbunit.dataset.DefaultTable - getValue(row=3, column=customer_id) - start
23:04:38.119 [main] DEBUG org.dbunit.dataset.AbstractTable - assertValidRowIndex(row=3) - start
23:04:38.119 [main] DEBUG org.dbunit.dataset.AbstractTable - assertValidRowIndex(row=3, rowCount=6) - start
23:04:38.119 [main] DEBUG org.dbunit.dataset.AbstractTable - getColumnIndex(columnName=customer_id) - start
23:04:38.119 [main] DEBUG o.d.dataset.AbstractTableMetaData - getColumnIndex(columnName=customer_id) - start
23:04:38.119 [main] DEBUG org.dbunit.dataset.DefaultTable - getValue(row=3, column=date) - start
23:04:38.120 [main] DEBUG org.dbunit.dataset.AbstractTable - assertValidRowIndex(row=3) - start
23:04:38.120 [main] DEBUG org.dbunit.dataset.AbstractTable - assertValidRowIndex(row=3, rowCount=6) - start
23:04:38.120 [main] DEBUG org.dbunit.dataset.AbstractTable - getColumnIndex(columnName=date) - start
23:04:38.121 [main] DEBUG o.d.dataset.AbstractTableMetaData - getColumnIndex(columnName=date) - start
23:04:38.121 [main] DEBUG org.dbunit.dataset.DefaultTable - getValue(row=3, column=amount) - start
23:04:38.121 [main] DEBUG org.dbunit.dataset.AbstractTable - assertValidRowIndex(row=3) - start
23:04:38.122 [main] DEBUG org.dbunit.dataset.AbstractTable - assertValidRowIndex(row=3, rowCount=6) - start
23:04:38.122 [main] DEBUG org.dbunit.dataset.AbstractTable - getColumnIndex(columnName=amount) - start
23:04:38.122 [main] DEBUG o.d.dataset.AbstractTableMetaData - getColumnIndex(columnName=amount) - start
23:04:38.122 [main] DEBUG org.dbunit.dataset.DefaultTable - getValue(row=3, column=order_status) - start
23:04:38.122 [main] DEBUG org.dbunit.dataset.AbstractTable - assertValidRowIndex(row=3) - start
23:04:38.124 [main] DEBUG org.dbunit.dataset.AbstractTable - assertValidRowIndex(row=3, rowCount=6) - start
23:04:38.124 [main] DEBUG org.dbunit.dataset.AbstractTable - getColumnIndex(columnName=order_status) - start
23:04:38.124 [main] DEBUG o.d.dataset.AbstractTableMetaData - getColumnIndex(columnName=order_status) - start
23:04:38.124 [main] DEBUG org.dbunit.dataset.DefaultTable - getValue(row=3, column=discount_status) - start
23:04:38.124 [main] DEBUG org.dbunit.dataset.AbstractTable - assertValidRowIndex(row=3) - start
23:04:38.125 [main] DEBUG org.dbunit.dataset.AbstractTable - assertValidRowIndex(row=3, rowCount=6) - start
23:04:38.125 [main] DEBUG org.dbunit.dataset.AbstractTable - getColumnIndex(columnName=discount_status) - start
23:04:38.125 [main] DEBUG o.d.dataset.AbstractTableMetaData - getColumnIndex(columnName=discount_status) - start
23:04:38.125 [main] DEBUG org.dbunit.dataset.DefaultTable - getValue(row=3, column=order_number) - start
23:04:38.125 [main] DEBUG org.dbunit.dataset.AbstractTable - assertValidRowIndex(row=3) - start
23:04:38.127 [main] DEBUG org.dbunit.dataset.AbstractTable - assertValidRowIndex(row=3, rowCount=6) - start
23:04:38.127 [main] DEBUG org.dbunit.dataset.AbstractTable - getColumnIndex(columnName=order_number) - start
23:04:38.127 [main] DEBUG o.d.dataset.AbstractTableMetaData - getColumnIndex(columnName=order_number) - start
23:04:38.127 [main] DEBUG o.d.d.s.AutomaticPreparedBatchStatement - addValue(value=4, dataType=INTEGER) - start
23:04:38.127 [main] DEBUG o.d.d.s.SimplePreparedStatement - addValue(value=4, dataType=INTEGER) - start
23:04:38.128 [main] DEBUG o.d.dataset.datatype.IntegerDataType - setSqlValue(value=4, column=1, statement=com.mysql.jdbc.JDBC4PreparedStatement@1b34126: insert into orders (order_number, customer_id, date, amount, order_status, discount_status) values (3, 3, '2011-06-13', 15000.00, 'UNPAID', 'NO_DISCOUNT')) - start
23:04:38.128 [main] DEBUG o.d.dataset.datatype.IntegerDataType - typeCast(value=4) - start
23:04:38.128 [main] DEBUG o.d.dataset.datatype.IntegerDataType - typeCast(value=4) - start
23:04:38.128 [main] DEBUG org.dbunit.dataset.DefaultTable - getValue(row=3, column=customer_id) - start
23:04:38.130 [main] DEBUG org.dbunit.dataset.AbstractTable - assertValidRowIndex(row=3) - start
23:04:38.130 [main] DEBUG org.dbunit.dataset.AbstractTable - assertValidRowIndex(row=3, rowCount=6) - start
23:04:38.130 [main] DEBUG org.dbunit.dataset.AbstractTable - getColumnIndex(columnName=customer_id) - start
23:04:38.130 [main] DEBUG o.d.dataset.AbstractTableMetaData - getColumnIndex(columnName=customer_id) - start
23:04:38.130 [main] DEBUG o.d.d.s.AutomaticPreparedBatchStatement - addValue(value=3, dataType=INTEGER) - start
23:04:38.131 [main] DEBUG o.d.d.s.SimplePreparedStatement - addValue(value=3, dataType=INTEGER) - start
23:04:38.131 [main] DEBUG o.d.dataset.datatype.IntegerDataType - setSqlValue(value=3, column=2, statement=com.mysql.jdbc.JDBC4PreparedStatement@1b34126: insert into orders (order_number, customer_id, date, amount, order_status, discount_status) values (4, 3, '2011-06-13', 15000.00, 'UNPAID', 'NO_DISCOUNT')) - start
23:04:38.131 [main] DEBUG o.d.dataset.datatype.IntegerDataType - typeCast(value=3) - start
23:04:38.133 [main] DEBUG o.d.dataset.datatype.IntegerDataType - typeCast(value=3) - start
23:04:38.133 [main] DEBUG org.dbunit.dataset.DefaultTable - getValue(row=3, column=date) - start
23:04:38.133 [main] DEBUG org.dbunit.dataset.AbstractTable - assertValidRowIndex(row=3) - start
23:04:38.133 [main] DEBUG org.dbunit.dataset.AbstractTable - assertValidRowIndex(row=3, rowCount=6) - start
23:04:38.133 [main] DEBUG org.dbunit.dataset.AbstractTable - getColumnIndex(columnName=date) - start
23:04:38.133 [main] DEBUG o.d.dataset.AbstractTableMetaData - getColumnIndex(columnName=date) - start
23:04:38.135 [main] DEBUG o.d.d.s.AutomaticPreparedBatchStatement - addValue(value=2011-06-13, dataType=DATE) - start
23:04:38.135 [main] DEBUG o.d.d.s.SimplePreparedStatement - addValue(value=2011-06-13, dataType=DATE) - start
23:04:38.135 [main] DEBUG o.d.dataset.datatype.DateDataType - setSqlValue(value=2011-06-13, column=3, statement=com.mysql.jdbc.JDBC4PreparedStatement@1b34126: insert into orders (order_number, customer_id, date, amount, order_status, discount_status) values (4, 3, '2011-06-13', 15000.00, 'UNPAID', 'NO_DISCOUNT')) - start
23:04:38.136 [main] DEBUG o.d.dataset.datatype.DateDataType - typeCast(value=2011-06-13) - start
23:04:38.136 [main] DEBUG org.dbunit.dataset.DefaultTable - getValue(row=3, column=amount) - start
23:04:38.136 [main] DEBUG org.dbunit.dataset.AbstractTable - assertValidRowIndex(row=3) - start
23:04:38.136 [main] DEBUG org.dbunit.dataset.AbstractTable - assertValidRowIndex(row=3, rowCount=6) - start
23:04:38.136 [main] DEBUG org.dbunit.dataset.AbstractTable - getColumnIndex(columnName=amount) - start
23:04:38.136 [main] DEBUG o.d.dataset.AbstractTableMetaData - getColumnIndex(columnName=amount) - start
23:04:38.137 [main] DEBUG o.d.d.s.AutomaticPreparedBatchStatement - addValue(value=110000.00, dataType=DECIMAL) - start
23:04:38.137 [main] DEBUG o.d.d.s.SimplePreparedStatement - addValue(value=110000.00, dataType=DECIMAL) - start
23:04:38.137 [main] DEBUG o.d.dataset.datatype.NumberDataType - setSqlValue(value=110000.00, column=4, statement=com.mysql.jdbc.JDBC4PreparedStatement@1b34126: insert into orders (order_number, customer_id, date, amount, order_status, discount_status) values (4, 3, '2011-06-13', 15000.00, 'UNPAID', 'NO_DISCOUNT')) - start
23:04:38.139 [main] DEBUG o.d.dataset.datatype.NumberDataType - typeCast(value=110000.00) - start
23:04:38.139 [main] DEBUG org.dbunit.dataset.DefaultTable - getValue(row=3, column=order_status) - start
23:04:38.139 [main] DEBUG org.dbunit.dataset.AbstractTable - assertValidRowIndex(row=3) - start
23:04:38.139 [main] DEBUG org.dbunit.dataset.AbstractTable - assertValidRowIndex(row=3, rowCount=6) - start
23:04:38.139 [main] DEBUG org.dbunit.dataset.AbstractTable - getColumnIndex(columnName=order_status) - start
23:04:38.140 [main] DEBUG o.d.dataset.AbstractTableMetaData - getColumnIndex(columnName=order_status) - start
23:04:38.140 [main] DEBUG o.d.d.s.AutomaticPreparedBatchStatement - addValue(value=PAID, dataType=VARCHAR) - start
23:04:38.140 [main] DEBUG o.d.d.s.SimplePreparedStatement - addValue(value=PAID, dataType=VARCHAR) - start
23:04:38.140 [main] DEBUG o.d.dataset.datatype.StringDataType - setSqlValue(value=PAID, column=5, statement=com.mysql.jdbc.JDBC4PreparedStatement@1b34126: insert into orders (order_number, customer_id, date, amount, order_status, discount_status) values (4, 3, '2011-06-13', 110000.00, 'UNPAID', 'NO_DISCOUNT')) - start
23:04:38.142 [main] DEBUG org.dbunit.dataset.datatype.DataType - asString(value=PAID) - start
23:04:38.142 [main] DEBUG o.d.dataset.datatype.StringDataType - typeCast(value=PAID) - start
23:04:38.142 [main] DEBUG org.dbunit.dataset.DefaultTable - getValue(row=3, column=discount_status) - start
23:04:38.142 [main] DEBUG org.dbunit.dataset.AbstractTable - assertValidRowIndex(row=3) - start
23:04:38.142 [main] DEBUG org.dbunit.dataset.AbstractTable - assertValidRowIndex(row=3, rowCount=6) - start
23:04:38.142 [main] DEBUG org.dbunit.dataset.AbstractTable - getColumnIndex(columnName=discount_status) - start
23:04:38.143 [main] DEBUG o.d.dataset.AbstractTableMetaData - getColumnIndex(columnName=discount_status) - start
23:04:38.144 [main] DEBUG o.d.d.s.AutomaticPreparedBatchStatement - addValue(value=NO_DISCOUNT, dataType=VARCHAR) - start
23:04:38.144 [main] DEBUG o.d.d.s.SimplePreparedStatement - addValue(value=NO_DISCOUNT, dataType=VARCHAR) - start
23:04:38.144 [main] DEBUG o.d.dataset.datatype.StringDataType - setSqlValue(value=NO_DISCOUNT, column=6, statement=com.mysql.jdbc.JDBC4PreparedStatement@1b34126: insert into orders (order_number, customer_id, date, amount, order_status, discount_status) values (4, 3, '2011-06-13', 110000.00, 'PAID', 'NO_DISCOUNT')) - start
23:04:38.146 [main] DEBUG org.dbunit.dataset.datatype.DataType - asString(value=NO_DISCOUNT) - start
23:04:38.146 [main] DEBUG o.d.dataset.datatype.StringDataType - typeCast(value=NO_DISCOUNT) - start
23:04:38.146 [main] DEBUG o.d.d.s.AutomaticPreparedBatchStatement - addBatch() - start
23:04:38.146 [main] DEBUG o.d.d.s.SimplePreparedStatement - addBatch() - start
23:04:38.162 [main] DEBUG org.dbunit.operation.InsertOperation - equalsIgnoreMapping(ignoreMapping={}, table=org.dbunit.dataset.DefaultTable[_metaData=tableName=orders, columns=[(order_number, UNKNOWN, nullableUnknown), (customer_id, UNKNOWN, nullableUnknown), (date, UNKNOWN, nullableUnknown), (amount, UNKNOWN, nullableUnknown), (order_status, UNKNOWN, nullableUnknown), (discount_status, UNKNOWN, nullableUnknown)], keys=[], _rowList.size()=6], row=4) - start
23:04:38.163 [main] DEBUG org.dbunit.dataset.DefaultTable - getValue(row=4, column=order_number) - start
23:04:38.249 [main] DEBUG org.dbunit.dataset.AbstractTable - assertValidRowIndex(row=4) - start
23:04:38.249 [main] DEBUG org.dbunit.dataset.AbstractTable - assertValidRowIndex(row=4, rowCount=6) - start
23:04:38.249 [main] DEBUG org.dbunit.dataset.AbstractTable - getColumnIndex(columnName=order_number) - start
23:04:38.249 [main] DEBUG o.d.dataset.AbstractTableMetaData - getColumnIndex(columnName=order_number) - start
23:04:38.249 [main] DEBUG org.dbunit.dataset.DefaultTable - getValue(row=4, column=customer_id) - start
23:04:38.250 [main] DEBUG org.dbunit.dataset.AbstractTable - assertValidRowIndex(row=4) - start
23:04:38.250 [main] DEBUG org.dbunit.dataset.AbstractTable - assertValidRowIndex(row=4, rowCount=6) - start
23:04:38.250 [main] DEBUG org.dbunit.dataset.AbstractTable - getColumnIndex(columnName=customer_id) - start
23:04:38.250 [main] DEBUG o.d.dataset.AbstractTableMetaData - getColumnIndex(columnName=customer_id) - start
23:04:38.250 [main] DEBUG org.dbunit.dataset.DefaultTable - getValue(row=4, column=date) - start
23:04:38.251 [main] DEBUG org.dbunit.dataset.AbstractTable - assertValidRowIndex(row=4) - start
23:04:38.251 [main] DEBUG org.dbunit.dataset.AbstractTable - assertValidRowIndex(row=4, rowCount=6) - start
23:04:38.251 [main] DEBUG org.dbunit.dataset.AbstractTable - getColumnIndex(columnName=date) - start
23:04:38.251 [main] DEBUG o.d.dataset.AbstractTableMetaData - getColumnIndex(columnName=date) - start
23:04:38.251 [main] DEBUG org.dbunit.dataset.DefaultTable - getValue(row=4, column=amount) - start
23:04:38.251 [main] DEBUG org.dbunit.dataset.AbstractTable - assertValidRowIndex(row=4) - start
23:04:38.253 [main] DEBUG org.dbunit.dataset.AbstractTable - assertValidRowIndex(row=4, rowCount=6) - start
23:04:38.253 [main] DEBUG org.dbunit.dataset.AbstractTable - getColumnIndex(columnName=amount) - start
23:04:38.253 [main] DEBUG o.d.dataset.AbstractTableMetaData - getColumnIndex(columnName=amount) - start
23:04:38.253 [main] DEBUG org.dbunit.dataset.DefaultTable - getValue(row=4, column=order_status) - start
23:04:38.253 [main] DEBUG org.dbunit.dataset.AbstractTable - assertValidRowIndex(row=4) - start
23:04:38.255 [main] DEBUG org.dbunit.dataset.AbstractTable - assertValidRowIndex(row=4, rowCount=6) - start
23:04:38.255 [main] DEBUG org.dbunit.dataset.AbstractTable - getColumnIndex(columnName=order_status) - start
23:04:38.255 [main] DEBUG o.d.dataset.AbstractTableMetaData - getColumnIndex(columnName=order_status) - start
23:04:38.255 [main] DEBUG org.dbunit.dataset.DefaultTable - getValue(row=4, column=discount_status) - start
23:04:38.255 [main] DEBUG org.dbunit.dataset.AbstractTable - assertValidRowIndex(row=4) - start
23:04:38.257 [main] DEBUG org.dbunit.dataset.AbstractTable - assertValidRowIndex(row=4, rowCount=6) - start
23:04:38.257 [main] DEBUG org.dbunit.dataset.AbstractTable - getColumnIndex(columnName=discount_status) - start
23:04:38.257 [main] DEBUG o.d.dataset.AbstractTableMetaData - getColumnIndex(columnName=discount_status) - start
23:04:38.257 [main] DEBUG org.dbunit.dataset.DefaultTable - getValue(row=4, column=order_number) - start
23:04:38.257 [main] DEBUG org.dbunit.dataset.AbstractTable - assertValidRowIndex(row=4) - start
23:04:38.258 [main] DEBUG org.dbunit.dataset.AbstractTable - assertValidRowIndex(row=4, rowCount=6) - start
23:04:38.258 [main] DEBUG org.dbunit.dataset.AbstractTable - getColumnIndex(columnName=order_number) - start
23:04:38.258 [main] DEBUG o.d.dataset.AbstractTableMetaData - getColumnIndex(columnName=order_number) - start
23:04:38.258 [main] DEBUG o.d.d.s.AutomaticPreparedBatchStatement - addValue(value=5, dataType=INTEGER) - start
23:04:38.258 [main] DEBUG o.d.d.s.SimplePreparedStatement - addValue(value=5, dataType=INTEGER) - start
23:04:38.259 [main] DEBUG o.d.dataset.datatype.IntegerDataType - setSqlValue(value=5, column=1, statement=com.mysql.jdbc.JDBC4PreparedStatement@1b34126: insert into orders (order_number, customer_id, date, amount, order_status, discount_status) values (4, 3, '2011-06-13', 110000.00, 'PAID', 'NO_DISCOUNT')) - start
23:04:38.259 [main] DEBUG o.d.dataset.datatype.IntegerDataType - typeCast(value=5) - start
23:04:38.260 [main] DEBUG o.d.dataset.datatype.IntegerDataType - typeCast(value=5) - start
23:04:38.260 [main] DEBUG org.dbunit.dataset.DefaultTable - getValue(row=4, column=customer_id) - start
23:04:38.261 [main] DEBUG org.dbunit.dataset.AbstractTable - assertValidRowIndex(row=4) - start
23:04:38.261 [main] DEBUG org.dbunit.dataset.AbstractTable - assertValidRowIndex(row=4, rowCount=6) - start
23:04:38.261 [main] DEBUG org.dbunit.dataset.AbstractTable - getColumnIndex(columnName=customer_id) - start
23:04:38.261 [main] DEBUG o.d.dataset.AbstractTableMetaData - getColumnIndex(columnName=customer_id) - start
23:04:38.261 [main] DEBUG o.d.d.s.AutomaticPreparedBatchStatement - addValue(value=4, dataType=INTEGER) - start
23:04:38.263 [main] DEBUG o.d.d.s.SimplePreparedStatement - addValue(value=4, dataType=INTEGER) - start
23:04:38.263 [main] DEBUG o.d.dataset.datatype.IntegerDataType - setSqlValue(value=4, column=2, statement=com.mysql.jdbc.JDBC4PreparedStatement@1b34126: insert into orders (order_number, customer_id, date, amount, order_status, discount_status) values (5, 3, '2011-06-13', 110000.00, 'PAID', 'NO_DISCOUNT')) - start
23:04:38.263 [main] DEBUG o.d.dataset.datatype.IntegerDataType - typeCast(value=4) - start
23:04:38.265 [main] DEBUG o.d.dataset.datatype.IntegerDataType - typeCast(value=4) - start
23:04:38.265 [main] DEBUG org.dbunit.dataset.DefaultTable - getValue(row=4, column=date) - start
23:04:38.265 [main] DEBUG org.dbunit.dataset.AbstractTable - assertValidRowIndex(row=4) - start
23:04:38.265 [main] DEBUG org.dbunit.dataset.AbstractTable - assertValidRowIndex(row=4, rowCount=6) - start
23:04:38.265 [main] DEBUG org.dbunit.dataset.AbstractTable - getColumnIndex(columnName=date) - start
23:04:38.265 [main] DEBUG o.d.dataset.AbstractTableMetaData - getColumnIndex(columnName=date) - start
23:04:38.266 [main] DEBUG o.d.d.s.AutomaticPreparedBatchStatement - addValue(value=2011-06-13, dataType=DATE) - start
23:04:38.266 [main] DEBUG o.d.d.s.SimplePreparedStatement - addValue(value=2011-06-13, dataType=DATE) - start
23:04:38.266 [main] DEBUG o.d.dataset.datatype.DateDataType - setSqlValue(value=2011-06-13, column=3, statement=com.mysql.jdbc.JDBC4PreparedStatement@1b34126: insert into orders (order_number, customer_id, date, amount, order_status, discount_status) values (5, 4, '2011-06-13', 110000.00, 'PAID', 'NO_DISCOUNT')) - start
23:04:38.268 [main] DEBUG o.d.dataset.datatype.DateDataType - typeCast(value=2011-06-13) - start
23:04:38.268 [main] DEBUG org.dbunit.dataset.DefaultTable - getValue(row=4, column=amount) - start
23:04:38.268 [main] DEBUG org.dbunit.dataset.AbstractTable - assertValidRowIndex(row=4) - start
23:04:38.268 [main] DEBUG org.dbunit.dataset.AbstractTable - assertValidRowIndex(row=4, rowCount=6) - start
23:04:38.268 [main] DEBUG org.dbunit.dataset.AbstractTable - getColumnIndex(columnName=amount) - start
23:04:38.268 [main] DEBUG o.d.dataset.AbstractTableMetaData - getColumnIndex(columnName=amount) - start
23:04:38.269 [main] DEBUG o.d.d.s.AutomaticPreparedBatchStatement - addValue(value=2180.00, dataType=DECIMAL) - start
23:04:38.269 [main] DEBUG o.d.d.s.SimplePreparedStatement - addValue(value=2180.00, dataType=DECIMAL) - start
23:04:38.269 [main] DEBUG o.d.dataset.datatype.NumberDataType - setSqlValue(value=2180.00, column=4, statement=com.mysql.jdbc.JDBC4PreparedStatement@1b34126: insert into orders (order_number, customer_id, date, amount, order_status, discount_status) values (5, 4, '2011-06-13', 110000.00, 'PAID', 'NO_DISCOUNT')) - start
23:04:38.271 [main] DEBUG o.d.dataset.datatype.NumberDataType - typeCast(value=2180.00) - start
23:04:38.271 [main] DEBUG org.dbunit.dataset.DefaultTable - getValue(row=4, column=order_status) - start
23:04:38.271 [main] DEBUG org.dbunit.dataset.AbstractTable - assertValidRowIndex(row=4) - start
23:04:38.271 [main] DEBUG org.dbunit.dataset.AbstractTable - assertValidRowIndex(row=4, rowCount=6) - start
23:04:38.271 [main] DEBUG org.dbunit.dataset.AbstractTable - getColumnIndex(columnName=order_status) - start
23:04:38.272 [main] DEBUG o.d.dataset.AbstractTableMetaData - getColumnIndex(columnName=order_status) - start
23:04:38.272 [main] DEBUG o.d.d.s.AutomaticPreparedBatchStatement - addValue(value=UNPAID, dataType=VARCHAR) - start
23:04:38.272 [main] DEBUG o.d.d.s.SimplePreparedStatement - addValue(value=UNPAID, dataType=VARCHAR) - start
23:04:38.272 [main] DEBUG o.d.dataset.datatype.StringDataType - setSqlValue(value=UNPAID, column=5, statement=com.mysql.jdbc.JDBC4PreparedStatement@1b34126: insert into orders (order_number, customer_id, date, amount, order_status, discount_status) values (5, 4, '2011-06-13', 2180.00, 'PAID', 'NO_DISCOUNT')) - start
23:04:38.274 [main] DEBUG org.dbunit.dataset.datatype.DataType - asString(value=UNPAID) - start
23:04:38.274 [main] DEBUG o.d.dataset.datatype.StringDataType - typeCast(value=UNPAID) - start
23:04:38.274 [main] DEBUG org.dbunit.dataset.DefaultTable - getValue(row=4, column=discount_status) - start
23:04:38.274 [main] DEBUG org.dbunit.dataset.AbstractTable - assertValidRowIndex(row=4) - start
23:04:38.274 [main] DEBUG org.dbunit.dataset.AbstractTable - assertValidRowIndex(row=4, rowCount=6) - start
23:04:38.274 [main] DEBUG org.dbunit.dataset.AbstractTable - getColumnIndex(columnName=discount_status) - start
23:04:38.276 [main] DEBUG o.d.dataset.AbstractTableMetaData - getColumnIndex(columnName=discount_status) - start
23:04:38.276 [main] DEBUG o.d.d.s.AutomaticPreparedBatchStatement - addValue(value=NO_DISCOUNT, dataType=VARCHAR) - start
23:04:38.276 [main] DEBUG o.d.d.s.SimplePreparedStatement - addValue(value=NO_DISCOUNT, dataType=VARCHAR) - start
23:04:38.276 [main] DEBUG o.d.dataset.datatype.StringDataType - setSqlValue(value=NO_DISCOUNT, column=6, statement=com.mysql.jdbc.JDBC4PreparedStatement@1b34126: insert into orders (order_number, customer_id, date, amount, order_status, discount_status) values (5, 4, '2011-06-13', 2180.00, 'UNPAID', 'NO_DISCOUNT')) - start
23:04:38.278 [main] DEBUG org.dbunit.dataset.datatype.DataType - asString(value=NO_DISCOUNT) - start
23:04:38.278 [main] DEBUG o.d.dataset.datatype.StringDataType - typeCast(value=NO_DISCOUNT) - start
23:04:38.278 [main] DEBUG o.d.d.s.AutomaticPreparedBatchStatement - addBatch() - start
23:04:38.278 [main] DEBUG o.d.d.s.SimplePreparedStatement - addBatch() - start
23:04:38.306 [main] DEBUG org.dbunit.operation.InsertOperation - equalsIgnoreMapping(ignoreMapping={}, table=org.dbunit.dataset.DefaultTable[_metaData=tableName=orders, columns=[(order_number, UNKNOWN, nullableUnknown), (customer_id, UNKNOWN, nullableUnknown), (date, UNKNOWN, nullableUnknown), (amount, UNKNOWN, nullableUnknown), (order_status, UNKNOWN, nullableUnknown), (discount_status, UNKNOWN, nullableUnknown)], keys=[], _rowList.size()=6], row=5) - start
23:04:38.306 [main] DEBUG org.dbunit.dataset.DefaultTable - getValue(row=5, column=order_number) - start
23:04:38.381 [main] DEBUG org.dbunit.dataset.AbstractTable - assertValidRowIndex(row=5) - start
23:04:38.381 [main] DEBUG org.dbunit.dataset.AbstractTable - assertValidRowIndex(row=5, rowCount=6) - start
23:04:38.381 [main] DEBUG org.dbunit.dataset.AbstractTable - getColumnIndex(columnName=order_number) - start
23:04:38.381 [main] DEBUG o.d.dataset.AbstractTableMetaData - getColumnIndex(columnName=order_number) - start
23:04:38.381 [main] DEBUG org.dbunit.dataset.DefaultTable - getValue(row=5, column=customer_id) - start
23:04:38.382 [main] DEBUG org.dbunit.dataset.AbstractTable - assertValidRowIndex(row=5) - start
23:04:38.382 [main] DEBUG org.dbunit.dataset.AbstractTable - assertValidRowIndex(row=5, rowCount=6) - start
23:04:38.382 [main] DEBUG org.dbunit.dataset.AbstractTable - getColumnIndex(columnName=customer_id) - start
23:04:38.382 [main] DEBUG o.d.dataset.AbstractTableMetaData - getColumnIndex(columnName=customer_id) - start
23:04:38.382 [main] DEBUG org.dbunit.dataset.DefaultTable - getValue(row=5, column=date) - start
23:04:38.383 [main] DEBUG org.dbunit.dataset.AbstractTable - assertValidRowIndex(row=5) - start
23:04:38.383 [main] DEBUG org.dbunit.dataset.AbstractTable - assertValidRowIndex(row=5, rowCount=6) - start
23:04:38.383 [main] DEBUG org.dbunit.dataset.AbstractTable - getColumnIndex(columnName=date) - start
23:04:38.383 [main] DEBUG o.d.dataset.AbstractTableMetaData - getColumnIndex(columnName=date) - start
23:04:38.383 [main] DEBUG org.dbunit.dataset.DefaultTable - getValue(row=5, column=amount) - start
23:04:38.383 [main] DEBUG org.dbunit.dataset.AbstractTable - assertValidRowIndex(row=5) - start
23:04:38.385 [main] DEBUG org.dbunit.dataset.AbstractTable - assertValidRowIndex(row=5, rowCount=6) - start
23:04:38.385 [main] DEBUG org.dbunit.dataset.AbstractTable - getColumnIndex(columnName=amount) - start
23:04:38.385 [main] DEBUG o.d.dataset.AbstractTableMetaData - getColumnIndex(columnName=amount) - start
23:04:38.385 [main] DEBUG org.dbunit.dataset.DefaultTable - getValue(row=5, column=order_status) - start
23:04:38.385 [main] DEBUG org.dbunit.dataset.AbstractTable - assertValidRowIndex(row=5) - start
23:04:38.387 [main] DEBUG org.dbunit.dataset.AbstractTable - assertValidRowIndex(row=5, rowCount=6) - start
23:04:38.387 [main] DEBUG org.dbunit.dataset.AbstractTable - getColumnIndex(columnName=order_status) - start
23:04:38.387 [main] DEBUG o.d.dataset.AbstractTableMetaData - getColumnIndex(columnName=order_status) - start
23:04:38.387 [main] DEBUG org.dbunit.dataset.DefaultTable - getValue(row=5, column=discount_status) - start
23:04:38.387 [main] DEBUG org.dbunit.dataset.AbstractTable - assertValidRowIndex(row=5) - start
23:04:38.388 [main] DEBUG org.dbunit.dataset.AbstractTable - assertValidRowIndex(row=5, rowCount=6) - start
23:04:38.388 [main] DEBUG org.dbunit.dataset.AbstractTable - getColumnIndex(columnName=discount_status) - start
23:04:38.388 [main] DEBUG o.d.dataset.AbstractTableMetaData - getColumnIndex(columnName=discount_status) - start
23:04:38.388 [main] DEBUG org.dbunit.dataset.DefaultTable - getValue(row=5, column=order_number) - start
23:04:38.388 [main] DEBUG org.dbunit.dataset.AbstractTable - assertValidRowIndex(row=5) - start
23:04:38.390 [main] DEBUG org.dbunit.dataset.AbstractTable - assertValidRowIndex(row=5, rowCount=6) - start
23:04:38.390 [main] DEBUG org.dbunit.dataset.AbstractTable - getColumnIndex(columnName=order_number) - start
23:04:38.390 [main] DEBUG o.d.dataset.AbstractTableMetaData - getColumnIndex(columnName=order_number) - start
23:04:38.390 [main] DEBUG o.d.d.s.AutomaticPreparedBatchStatement - addValue(value=6, dataType=INTEGER) - start
23:04:38.390 [main] DEBUG o.d.d.s.SimplePreparedStatement - addValue(value=6, dataType=INTEGER) - start
23:04:38.391 [main] DEBUG o.d.dataset.datatype.IntegerDataType - setSqlValue(value=6, column=1, statement=com.mysql.jdbc.JDBC4PreparedStatement@1b34126: insert into orders (order_number, customer_id, date, amount, order_status, discount_status) values (5, 4, '2011-06-13', 2180.00, 'UNPAID', 'NO_DISCOUNT')) - start
23:04:38.391 [main] DEBUG o.d.dataset.datatype.IntegerDataType - typeCast(value=6) - start
23:04:38.391 [main] DEBUG o.d.dataset.datatype.IntegerDataType - typeCast(value=6) - start
23:04:38.391 [main] DEBUG org.dbunit.dataset.DefaultTable - getValue(row=5, column=customer_id) - start
23:04:38.393 [main] DEBUG org.dbunit.dataset.AbstractTable - assertValidRowIndex(row=5) - start
23:04:38.393 [main] DEBUG org.dbunit.dataset.AbstractTable - assertValidRowIndex(row=5, rowCount=6) - start
23:04:38.393 [main] DEBUG org.dbunit.dataset.AbstractTable - getColumnIndex(columnName=customer_id) - start
23:04:38.393 [main] DEBUG o.d.dataset.AbstractTableMetaData - getColumnIndex(columnName=customer_id) - start
23:04:38.393 [main] DEBUG o.d.d.s.AutomaticPreparedBatchStatement - addValue(value=5, dataType=INTEGER) - start
23:04:38.394 [main] DEBUG o.d.d.s.SimplePreparedStatement - addValue(value=5, dataType=INTEGER) - start
23:04:38.394 [main] DEBUG o.d.dataset.datatype.IntegerDataType - setSqlValue(value=5, column=2, statement=com.mysql.jdbc.JDBC4PreparedStatement@1b34126: insert into orders (order_number, customer_id, date, amount, order_status, discount_status) values (6, 4, '2011-06-13', 2180.00, 'UNPAID', 'NO_DISCOUNT')) - start
23:04:38.394 [main] DEBUG o.d.dataset.datatype.IntegerDataType - typeCast(value=5) - start
23:04:38.396 [main] DEBUG o.d.dataset.datatype.IntegerDataType - typeCast(value=5) - start
23:04:38.396 [main] DEBUG org.dbunit.dataset.DefaultTable - getValue(row=5, column=date) - start
23:04:38.396 [main] DEBUG org.dbunit.dataset.AbstractTable - assertValidRowIndex(row=5) - start
23:04:38.396 [main] DEBUG org.dbunit.dataset.AbstractTable - assertValidRowIndex(row=5, rowCount=6) - start
23:04:38.396 [main] DEBUG org.dbunit.dataset.AbstractTable - getColumnIndex(columnName=date) - start
23:04:38.396 [main] DEBUG o.d.dataset.AbstractTableMetaData - getColumnIndex(columnName=date) - start
23:04:38.398 [main] DEBUG o.d.d.s.AutomaticPreparedBatchStatement - addValue(value=2011-06-13, dataType=DATE) - start
23:04:38.398 [main] DEBUG o.d.d.s.SimplePreparedStatement - addValue(value=2011-06-13, dataType=DATE) - start
23:04:38.398 [main] DEBUG o.d.dataset.datatype.DateDataType - setSqlValue(value=2011-06-13, column=3, statement=com.mysql.jdbc.JDBC4PreparedStatement@1b34126: insert into orders (order_number, customer_id, date, amount, order_status, discount_status) values (6, 5, '2011-06-13', 2180.00, 'UNPAID', 'NO_DISCOUNT')) - start
23:04:38.399 [main] DEBUG o.d.dataset.datatype.DateDataType - typeCast(value=2011-06-13) - start
23:04:38.399 [main] DEBUG org.dbunit.dataset.DefaultTable - getValue(row=5, column=amount) - start
23:04:38.399 [main] DEBUG org.dbunit.dataset.AbstractTable - assertValidRowIndex(row=5) - start
23:04:38.399 [main] DEBUG org.dbunit.dataset.AbstractTable - assertValidRowIndex(row=5, rowCount=6) - start
23:04:38.399 [main] DEBUG org.dbunit.dataset.AbstractTable - getColumnIndex(columnName=amount) - start
23:04:38.399 [main] DEBUG o.d.dataset.AbstractTableMetaData - getColumnIndex(columnName=amount) - start
23:04:38.400 [main] DEBUG o.d.d.s.AutomaticPreparedBatchStatement - addValue(value=10000.00, dataType=DECIMAL) - start
23:04:38.400 [main] DEBUG o.d.d.s.SimplePreparedStatement - addValue(value=10000.00, dataType=DECIMAL) - start
23:04:38.400 [main] DEBUG o.d.dataset.datatype.NumberDataType - setSqlValue(value=10000.00, column=4, statement=com.mysql.jdbc.JDBC4PreparedStatement@1b34126: insert into orders (order_number, customer_id, date, amount, order_status, discount_status) values (6, 5, '2011-06-13', 2180.00, 'UNPAID', 'NO_DISCOUNT')) - start
23:04:38.402 [main] DEBUG o.d.dataset.datatype.NumberDataType - typeCast(value=10000.00) - start
23:04:38.402 [main] DEBUG org.dbunit.dataset.DefaultTable - getValue(row=5, column=order_status) - start
23:04:38.402 [main] DEBUG org.dbunit.dataset.AbstractTable - assertValidRowIndex(row=5) - start
23:04:38.402 [main] DEBUG org.dbunit.dataset.AbstractTable - assertValidRowIndex(row=5, rowCount=6) - start
23:04:38.402 [main] DEBUG org.dbunit.dataset.AbstractTable - getColumnIndex(columnName=order_status) - start
23:04:38.403 [main] DEBUG o.d.dataset.AbstractTableMetaData - getColumnIndex(columnName=order_status) - start
23:04:38.403 [main] DEBUG o.d.d.s.AutomaticPreparedBatchStatement - addValue(value=PAID, dataType=VARCHAR) - start
23:04:38.403 [main] DEBUG o.d.d.s.SimplePreparedStatement - addValue(value=PAID, dataType=VARCHAR) - start
23:04:38.404 [main] DEBUG o.d.dataset.datatype.StringDataType - setSqlValue(value=PAID, column=5, statement=com.mysql.jdbc.JDBC4PreparedStatement@1b34126: insert into orders (order_number, customer_id, date, amount, order_status, discount_status) values (6, 5, '2011-06-13', 10000.00, 'UNPAID', 'NO_DISCOUNT')) - start
23:04:38.405 [main] DEBUG org.dbunit.dataset.datatype.DataType - asString(value=PAID) - start
23:04:38.406 [main] DEBUG o.d.dataset.datatype.StringDataType - typeCast(value=PAID) - start
23:04:38.406 [main] DEBUG org.dbunit.dataset.DefaultTable - getValue(row=5, column=discount_status) - start
23:04:38.406 [main] DEBUG org.dbunit.dataset.AbstractTable - assertValidRowIndex(row=5) - start
23:04:38.406 [main] DEBUG org.dbunit.dataset.AbstractTable - assertValidRowIndex(row=5, rowCount=6) - start
23:04:38.406 [main] DEBUG org.dbunit.dataset.AbstractTable - getColumnIndex(columnName=discount_status) - start
23:04:38.407 [main] DEBUG o.d.dataset.AbstractTableMetaData - getColumnIndex(columnName=discount_status) - start
23:04:38.407 [main] DEBUG o.d.d.s.AutomaticPreparedBatchStatement - addValue(value=NO_DISCOUNT, dataType=VARCHAR) - start
23:04:38.407 [main] DEBUG o.d.d.s.SimplePreparedStatement - addValue(value=NO_DISCOUNT, dataType=VARCHAR) - start
23:04:38.407 [main] DEBUG o.d.dataset.datatype.StringDataType - setSqlValue(value=NO_DISCOUNT, column=6, statement=com.mysql.jdbc.JDBC4PreparedStatement@1b34126: insert into orders (order_number, customer_id, date, amount, order_status, discount_status) values (6, 5, '2011-06-13', 10000.00, 'PAID', 'NO_DISCOUNT')) - start
23:04:38.409 [main] DEBUG org.dbunit.dataset.datatype.DataType - asString(value=NO_DISCOUNT) - start
23:04:38.409 [main] DEBUG o.d.dataset.datatype.StringDataType - typeCast(value=NO_DISCOUNT) - start
23:04:38.409 [main] DEBUG o.d.d.s.AutomaticPreparedBatchStatement - addBatch() - start
23:04:38.409 [main] DEBUG o.d.d.s.SimplePreparedStatement - addBatch() - start
23:04:38.430 [main] DEBUG org.dbunit.operation.InsertOperation - equalsIgnoreMapping(ignoreMapping={}, table=org.dbunit.dataset.DefaultTable[_metaData=tableName=orders, columns=[(order_number, UNKNOWN, nullableUnknown), (customer_id, UNKNOWN, nullableUnknown), (date, UNKNOWN, nullableUnknown), (amount, UNKNOWN, nullableUnknown), (order_status, UNKNOWN, nullableUnknown), (discount_status, UNKNOWN, nullableUnknown)], keys=[], _rowList.size()=6], row=6) - start
23:04:38.430 [main] DEBUG org.dbunit.dataset.DefaultTable - getValue(row=6, column=order_number) - start
23:04:38.512 [main] DEBUG org.dbunit.dataset.AbstractTable - assertValidRowIndex(row=6) - start
23:04:38.512 [main] DEBUG org.dbunit.dataset.AbstractTable - assertValidRowIndex(row=6, rowCount=6) - start
23:04:38.512 [main] DEBUG o.d.d.s.AutomaticPreparedBatchStatement - executeBatch() - start
23:04:38.512 [main] DEBUG o.d.d.s.SimplePreparedStatement - executeBatch() - start
23:04:38.512 [main] DEBUG o.d.d.s.SimplePreparedStatement - clearBatch() - start
23:04:38.512 [main] DEBUG o.d.d.s.AutomaticPreparedBatchStatement - clearBatch() - start
23:04:38.513 [main] DEBUG o.d.d.s.SimplePreparedStatement - clearBatch() - start
23:04:38.513 [main] DEBUG o.d.d.s.AutomaticPreparedBatchStatement - close() - start
23:04:38.513 [main] DEBUG o.d.d.s.AbstractPreparedBatchStatement - close() - start
23:04:38.513 [main] DEBUG o.d.dataset.DefaultTableIterator - getTable() - start
23:04:38.513 [main] DEBUG o.d.operation.AbstractBatchOperation - isEmpty(table=org.dbunit.dataset.DefaultTable[_metaData=tableName=order_items, columns=[(id, UNKNOWN, nullableUnknown), (order_order_number, UNKNOWN, nullableUnknown), (product_sku_number, UNKNOWN, nullableUnknown), (quantity, UNKNOWN, nullableUnknown)], keys=[], _rowList.size()=8]) - start
23:04:38.514 [main] DEBUG org.dbunit.dataset.DefaultTable - getValue(row=0, column=id) - start
23:04:38.514 [main] DEBUG org.dbunit.dataset.AbstractTable - assertValidRowIndex(row=0) - start
23:04:38.514 [main] DEBUG org.dbunit.dataset.AbstractTable - assertValidRowIndex(row=0, rowCount=8) - start
23:04:38.514 [main] DEBUG org.dbunit.dataset.AbstractTable - getColumnIndex(columnName=id) - start
23:04:38.514 [main] DEBUG o.d.dataset.AbstractTableMetaData - getColumnIndex(columnName=id) - start
23:04:38.514 [main] DEBUG o.dbunit.operation.AbstractOperation - getOperationMetaData(connection=org.dbunit.database.DatabaseConnection[schema=, connection=com.mysql.jdbc.JDBC4Connection@941db6, super=_databaseConfig=org.dbunit.database.DatabaseConfig[, _propertyMap={http://www.dbunit.org/properties/statementFactory=org.dbunit.database.statement.PreparedStatementFactory@16c9867, http://www.dbunit.org/features/caseSensitiveTableNames=false, http://www.dbunit.org/properties/fetchSize=100, http://www.dbunit.org/features/batchedStatements=false, http://www.dbunit.org/properties/metadataHandler=org.dbunit.database.DefaultMetadataHandler@2acc57, http://www.dbunit.org/properties/datatypeFactory=org.dbunit.dataset.datatype.DefaultDataTypeFactory[_toleratedDeltaMap=org.dbunit.dataset.datatype.ToleratedDeltaMap@c837cd], http://www.dbunit.org/properties/escapePattern=null, http://www.dbunit.org/properties/batchSize=100, http://www.dbunit.org/features/qualifiedTableNames=false, http://www.dbunit.org/properties/tableType=[Ljava.lang.String;@c79809, http://www.dbunit.org/properties/resultSetTableFactory=org.dbunit.database.CachedResultSetTableFactory@1ce784b, http://www.dbunit.org/features/datatypeWarning=true}], _dataSet=AbstractDataSet[_orderedTableNameMap=null]], metaData=tableName=order_items, columns=[(id, UNKNOWN, nullableUnknown), (order_order_number, UNKNOWN, nullableUnknown), (product_sku_number, UNKNOWN, nullableUnknown), (quantity, UNKNOWN, nullableUnknown)], keys=[]) - start
23:04:38.516 [main] DEBUG o.d.d.AbstractDatabaseConnection - createDataSet() - start
23:04:38.516 [main] DEBUG org.dbunit.database.DatabaseDataSet - getTableMetaData(tableName=order_items) - start
23:04:38.516 [main] DEBUG org.dbunit.database.DatabaseDataSet - initialize() - start
23:04:38.516 [main] DEBUG o.dbunit.dataset.OrderedTableNameMap - getTableName(tableName=order_items) - start
23:04:38.516 [main] DEBUG o.dbunit.dataset.OrderedTableNameMap - getTableName(tableName=order_items) - end - result=ORDER_ITEMS
23:04:38.518 [main] DEBUG o.dbunit.dataset.OrderedTableNameMap - getTableName(tableName=order_items) - start
23:04:38.518 [main] DEBUG o.dbunit.dataset.OrderedTableNameMap - getTableName(tableName=order_items) - end - result=ORDER_ITEMS
23:04:38.518 [main] DEBUG o.d.dataset.AbstractTableMetaData - getColumnIndex(columnName=id) - start
23:04:38.518 [main] DEBUG o.d.database.DatabaseTableMetaData - getColumns() - start
23:04:38.518 [main] DEBUG o.d.database.DatabaseTableMetaData - getColumns() - start
23:04:38.518 [main] DEBUG o.d.dataset.AbstractTableMetaData - getColumnIndex(columnName=order_order_number) - start
23:04:38.524 [main] DEBUG o.d.database.DatabaseTableMetaData - getColumns() - start
23:04:38.524 [main] DEBUG o.d.dataset.AbstractTableMetaData - getColumnIndex(columnName=product_sku_number) - start
23:04:38.524 [main] DEBUG o.d.database.DatabaseTableMetaData - getColumns() - start
23:04:38.524 [main] DEBUG o.d.dataset.AbstractTableMetaData - getColumnIndex(columnName=quantity) - start
23:04:38.524 [main] DEBUG o.d.database.DatabaseTableMetaData - getColumns() - start
23:04:38.524 [main] DEBUG o.d.database.DatabaseTableMetaData - getPrimaryKeys() - start
23:04:38.526 [main] DEBUG org.dbunit.operation.InsertOperation - getIgnoreMapping(table=org.dbunit.dataset.DefaultTable[_metaData=tableName=order_items, columns=[(id, UNKNOWN, nullableUnknown), (order_order_number, UNKNOWN, nullableUnknown), (product_sku_number, UNKNOWN, nullableUnknown), (quantity, UNKNOWN, nullableUnknown)], keys=[], _rowList.size()=8], row=0) - start
23:04:38.526 [main] DEBUG org.dbunit.dataset.DefaultTable - getValue(row=0, column=id) - start
23:04:38.526 [main] DEBUG org.dbunit.dataset.AbstractTable - assertValidRowIndex(row=0) - start
23:04:38.527 [main] DEBUG org.dbunit.dataset.AbstractTable - assertValidRowIndex(row=0, rowCount=8) - start
23:04:38.527 [main] DEBUG org.dbunit.dataset.AbstractTable - getColumnIndex(columnName=id) - start
23:04:38.527 [main] DEBUG o.d.dataset.AbstractTableMetaData - getColumnIndex(columnName=id) - start
23:04:38.527 [main] DEBUG org.dbunit.dataset.DefaultTable - getValue(row=0, column=order_order_number) - start
23:04:38.527 [main] DEBUG org.dbunit.dataset.AbstractTable - assertValidRowIndex(row=0) - start
23:04:38.529 [main] DEBUG org.dbunit.dataset.AbstractTable - assertValidRowIndex(row=0, rowCount=8) - start
23:04:38.529 [main] DEBUG org.dbunit.dataset.AbstractTable - getColumnIndex(columnName=order_order_number) - start
23:04:38.529 [main] DEBUG o.d.dataset.AbstractTableMetaData - getColumnIndex(columnName=order_order_number) - start
23:04:38.529 [main] DEBUG org.dbunit.dataset.DefaultTable - getValue(row=0, column=product_sku_number) - start
23:04:38.529 [main] DEBUG org.dbunit.dataset.AbstractTable - assertValidRowIndex(row=0) - start
23:04:38.530 [main] DEBUG org.dbunit.dataset.AbstractTable - assertValidRowIndex(row=0, rowCount=8) - start
23:04:38.530 [main] DEBUG org.dbunit.dataset.AbstractTable - getColumnIndex(columnName=product_sku_number) - start
23:04:38.530 [main] DEBUG o.d.dataset.AbstractTableMetaData - getColumnIndex(columnName=product_sku_number) - start
23:04:38.530 [main] DEBUG org.dbunit.dataset.DefaultTable - getValue(row=0, column=quantity) - start
23:04:38.530 [main] DEBUG org.dbunit.dataset.AbstractTable - assertValidRowIndex(row=0) - start
23:04:38.532 [main] DEBUG org.dbunit.dataset.AbstractTable - assertValidRowIndex(row=0, rowCount=8) - start
23:04:38.532 [main] DEBUG org.dbunit.dataset.AbstractTable - getColumnIndex(columnName=quantity) - start
23:04:38.532 [main] DEBUG o.d.dataset.AbstractTableMetaData - getColumnIndex(columnName=quantity) - start
23:04:38.532 [main] DEBUG org.dbunit.operation.InsertOperation - getOperationData(metaData=tableName=order_items, columns=[(id, INTEGER, noNulls), (order_order_number, INTEGER, noNulls), (product_sku_number, INTEGER, noNulls), (quantity, INTEGER, noNulls)], keys=[(id, INTEGER, noNulls)], ignoreMapping={}, connection=org.dbunit.database.DatabaseConnection[schema=, connection=com.mysql.jdbc.JDBC4Connection@941db6, super=_databaseConfig=org.dbunit.database.DatabaseConfig[, _propertyMap={http://www.dbunit.org/properties/statementFactory=org.dbunit.database.statement.PreparedStatementFactory@16c9867, http://www.dbunit.org/features/caseSensitiveTableNames=false, http://www.dbunit.org/properties/fetchSize=100, http://www.dbunit.org/features/batchedStatements=false, http://www.dbunit.org/properties/metadataHandler=org.dbunit.database.DefaultMetadataHandler@2acc57, http://www.dbunit.org/properties/datatypeFactory=org.dbunit.dataset.datatype.DefaultDataTypeFactory[_toleratedDeltaMap=org.dbunit.dataset.datatype.ToleratedDeltaMap@c837cd], http://www.dbunit.org/properties/escapePattern=null, http://www.dbunit.org/properties/batchSize=100, http://www.dbunit.org/features/qualifiedTableNames=false, http://www.dbunit.org/properties/tableType=[Ljava.lang.String;@c79809, http://www.dbunit.org/properties/resultSetTableFactory=org.dbunit.database.CachedResultSetTableFactory@1ce784b, http://www.dbunit.org/features/datatypeWarning=true}], _dataSet=AbstractDataSet[_orderedTableNameMap=null]]) - start
23:04:38.534 [main] DEBUG o.dbunit.operation.AbstractOperation - getQualifiedName(prefix=, name=order_items, connection=org.dbunit.database.DatabaseConnection[schema=, connection=com.mysql.jdbc.JDBC4Connection@941db6, super=_databaseConfig=org.dbunit.database.DatabaseConfig[, _propertyMap={http://www.dbunit.org/properties/statementFactory=org.dbunit.database.statement.PreparedStatementFactory@16c9867, http://www.dbunit.org/features/caseSensitiveTableNames=false, http://www.dbunit.org/properties/fetchSize=100, http://www.dbunit.org/features/batchedStatements=false, http://www.dbunit.org/properties/metadataHandler=org.dbunit.database.DefaultMetadataHandler@2acc57, http://www.dbunit.org/properties/datatypeFactory=org.dbunit.dataset.datatype.DefaultDataTypeFactory[_toleratedDeltaMap=org.dbunit.dataset.datatype.ToleratedDeltaMap@c837cd], http://www.dbunit.org/properties/escapePattern=null, http://www.dbunit.org/properties/batchSize=100, http://www.dbunit.org/features/qualifiedTableNames=false, http://www.dbunit.org/properties/tableType=[Ljava.lang.String;@c79809, http://www.dbunit.org/properties/resultSetTableFactory=org.dbunit.database.CachedResultSetTableFactory@1ce784b, http://www.dbunit.org/features/datatypeWarning=true}], _dataSet=AbstractDataSet[_orderedTableNameMap=null]]) - start
23:04:38.535 [main] DEBUG org.dbunit.util.QualifiedTableName - getQualifiedName() - start
23:04:38.535 [main] DEBUG org.dbunit.util.QualifiedTableName - getQualifiedName(prefix=, name=order_items, escapePattern=null) - start
23:04:38.535 [main] DEBUG o.dbunit.operation.AbstractOperation - getQualifiedName(prefix=null, name=id, connection=org.dbunit.database.DatabaseConnection[schema=, connection=com.mysql.jdbc.JDBC4Connection@941db6, super=_databaseConfig=org.dbunit.database.DatabaseConfig[, _propertyMap={http://www.dbunit.org/properties/statementFactory=org.dbunit.database.statement.PreparedStatementFactory@16c9867, http://www.dbunit.org/features/caseSensitiveTableNames=false, http://www.dbunit.org/properties/fetchSize=100, http://www.dbunit.org/features/batchedStatements=false, http://www.dbunit.org/properties/metadataHandler=org.dbunit.database.DefaultMetadataHandler@2acc57, http://www.dbunit.org/properties/datatypeFactory=org.dbunit.dataset.datatype.DefaultDataTypeFactory[_toleratedDeltaMap=org.dbunit.dataset.datatype.ToleratedDeltaMap@c837cd], http://www.dbunit.org/properties/escapePattern=null, http://www.dbunit.org/properties/batchSize=100, http://www.dbunit.org/features/qualifiedTableNames=false, http://www.dbunit.org/properties/tableType=[Ljava.lang.String;@c79809, http://www.dbunit.org/properties/resultSetTableFactory=org.dbunit.database.CachedResultSetTableFactory@1ce784b, http://www.dbunit.org/features/datatypeWarning=true}], _dataSet=AbstractDataSet[_orderedTableNameMap=null]]) - start
23:04:38.539 [main] DEBUG org.dbunit.util.QualifiedTableName - getQualifiedName() - start
23:04:38.539 [main] DEBUG org.dbunit.util.QualifiedTableName - getQualifiedName(prefix=null, name=id, escapePattern=null) - start
23:04:38.539 [main] DEBUG o.dbunit.operation.AbstractOperation - getQualifiedName(prefix=null, name=order_order_number, connection=org.dbunit.database.DatabaseConnection[schema=, connection=com.mysql.jdbc.JDBC4Connection@941db6, super=_databaseConfig=org.dbunit.database.DatabaseConfig[, _propertyMap={http://www.dbunit.org/properties/statementFactory=org.dbunit.database.statement.PreparedStatementFactory@16c9867, http://www.dbunit.org/features/caseSensitiveTableNames=false, http://www.dbunit.org/properties/fetchSize=100, http://www.dbunit.org/features/batchedStatements=false, http://www.dbunit.org/properties/metadataHandler=org.dbunit.database.DefaultMetadataHandler@2acc57, http://www.dbunit.org/properties/datatypeFactory=org.dbunit.dataset.datatype.DefaultDataTypeFactory[_toleratedDeltaMap=org.dbunit.dataset.datatype.ToleratedDeltaMap@c837cd], http://www.dbunit.org/properties/escapePattern=null, http://www.dbunit.org/properties/batchSize=100, http://www.dbunit.org/features/qualifiedTableNames=false, http://www.dbunit.org/properties/tableType=[Ljava.lang.String;@c79809, http://www.dbunit.org/properties/resultSetTableFactory=org.dbunit.database.CachedResultSetTableFactory@1ce784b, http://www.dbunit.org/features/datatypeWarning=true}], _dataSet=AbstractDataSet[_orderedTableNameMap=null]]) - start
23:04:38.544 [main] DEBUG org.dbunit.util.QualifiedTableName - getQualifiedName() - start
23:04:38.544 [main] DEBUG org.dbunit.util.QualifiedTableName - getQualifiedName(prefix=null, name=order_order_number, escapePattern=null) - start
23:04:38.544 [main] DEBUG o.dbunit.operation.AbstractOperation - getQualifiedName(prefix=null, name=product_sku_number, connection=org.dbunit.database.DatabaseConnection[schema=, connection=com.mysql.jdbc.JDBC4Connection@941db6, super=_databaseConfig=org.dbunit.database.DatabaseConfig[, _propertyMap={http://www.dbunit.org/properties/statementFactory=org.dbunit.database.statement.PreparedStatementFactory@16c9867, http://www.dbunit.org/features/caseSensitiveTableNames=false, http://www.dbunit.org/properties/fetchSize=100, http://www.dbunit.org/features/batchedStatements=false, http://www.dbunit.org/properties/metadataHandler=org.dbunit.database.DefaultMetadataHandler@2acc57, http://www.dbunit.org/properties/datatypeFactory=org.dbunit.dataset.datatype.DefaultDataTypeFactory[_toleratedDeltaMap=org.dbunit.dataset.datatype.ToleratedDeltaMap@c837cd], http://www.dbunit.org/properties/escapePattern=null, http://www.dbunit.org/properties/batchSize=100, http://www.dbunit.org/features/qualifiedTableNames=false, http://www.dbunit.org/properties/tableType=[Ljava.lang.String;@c79809, http://www.dbunit.org/properties/resultSetTableFactory=org.dbunit.database.CachedResultSetTableFactory@1ce784b, http://www.dbunit.org/features/datatypeWarning=true}], _dataSet=AbstractDataSet[_orderedTableNameMap=null]]) - start
23:04:38.549 [main] DEBUG org.dbunit.util.QualifiedTableName - getQualifiedName() - start
23:04:38.549 [main] DEBUG org.dbunit.util.QualifiedTableName - getQualifiedName(prefix=null, name=product_sku_number, escapePattern=null) - start
23:04:38.549 [main] DEBUG o.dbunit.operation.AbstractOperation - getQualifiedName(prefix=null, name=quantity, connection=org.dbunit.database.DatabaseConnection[schema=, connection=com.mysql.jdbc.JDBC4Connection@941db6, super=_databaseConfig=org.dbunit.database.DatabaseConfig[, _propertyMap={http://www.dbunit.org/properties/statementFactory=org.dbunit.database.statement.PreparedStatementFactory@16c9867, http://www.dbunit.org/features/caseSensitiveTableNames=false, http://www.dbunit.org/properties/fetchSize=100, http://www.dbunit.org/features/batchedStatements=false, http://www.dbunit.org/properties/metadataHandler=org.dbunit.database.DefaultMetadataHandler@2acc57, http://www.dbunit.org/properties/datatypeFactory=org.dbunit.dataset.datatype.DefaultDataTypeFactory[_toleratedDeltaMap=org.dbunit.dataset.datatype.ToleratedDeltaMap@c837cd], http://www.dbunit.org/properties/escapePattern=null, http://www.dbunit.org/properties/batchSize=100, http://www.dbunit.org/features/qualifiedTableNames=false, http://www.dbunit.org/properties/tableType=[Ljava.lang.String;@c79809, http://www.dbunit.org/properties/resultSetTableFactory=org.dbunit.database.CachedResultSetTableFactory@1ce784b, http://www.dbunit.org/features/datatypeWarning=true}], _dataSet=AbstractDataSet[_orderedTableNameMap=null]]) - start
23:04:38.553 [main] DEBUG org.dbunit.util.QualifiedTableName - getQualifiedName() - start
23:04:38.553 [main] DEBUG org.dbunit.util.QualifiedTableName - getQualifiedName(prefix=null, name=quantity, escapePattern=null) - start
23:04:38.553 [main] DEBUG o.d.d.s.PreparedStatementFactory - createPreparedBatchStatement(sql=insert into order_items (id, order_order_number, product_sku_number, quantity) values (?, ?, ?, ?), connection=org.dbunit.database.DatabaseConnection[schema=, connection=com.mysql.jdbc.JDBC4Connection@941db6, super=_databaseConfig=org.dbunit.database.DatabaseConfig[, _propertyMap={http://www.dbunit.org/properties/statementFactory=org.dbunit.database.statement.PreparedStatementFactory@16c9867, http://www.dbunit.org/features/caseSensitiveTableNames=false, http://www.dbunit.org/properties/fetchSize=100, http://www.dbunit.org/features/batchedStatements=false, http://www.dbunit.org/properties/metadataHandler=org.dbunit.database.DefaultMetadataHandler@2acc57, http://www.dbunit.org/properties/datatypeFactory=org.dbunit.dataset.datatype.DefaultDataTypeFactory[_toleratedDeltaMap=org.dbunit.dataset.datatype.ToleratedDeltaMap@c837cd], http://www.dbunit.org/properties/escapePattern=null, http://www.dbunit.org/properties/batchSize=100, http://www.dbunit.org/features/qualifiedTableNames=false, http://www.dbunit.org/properties/tableType=[Ljava.lang.String;@c79809, http://www.dbunit.org/properties/resultSetTableFactory=org.dbunit.database.CachedResultSetTableFactory@1ce784b, http://www.dbunit.org/features/datatypeWarning=true}], _dataSet=AbstractDataSet[_orderedTableNameMap=null]]) - start
23:04:38.558 [main] DEBUG o.d.d.s.AbstractStatementFactory - supportBatchStatement(connection=org.dbunit.database.DatabaseConnection[schema=, connection=com.mysql.jdbc.JDBC4Connection@941db6, super=_databaseConfig=org.dbunit.database.DatabaseConfig[, _propertyMap={http://www.dbunit.org/properties/statementFactory=org.dbunit.database.statement.PreparedStatementFactory@16c9867, http://www.dbunit.org/features/caseSensitiveTableNames=false, http://www.dbunit.org/properties/fetchSize=100, http://www.dbunit.org/features/batchedStatements=false, http://www.dbunit.org/properties/metadataHandler=org.dbunit.database.DefaultMetadataHandler@2acc57, http://www.dbunit.org/properties/datatypeFactory=org.dbunit.dataset.datatype.DefaultDataTypeFactory[_toleratedDeltaMap=org.dbunit.dataset.datatype.ToleratedDeltaMap@c837cd], http://www.dbunit.org/properties/escapePattern=null, http://www.dbunit.org/properties/batchSize=100, http://www.dbunit.org/features/qualifiedTableNames=false, http://www.dbunit.org/properties/tableType=[Ljava.lang.String;@c79809, http://www.dbunit.org/properties/resultSetTableFactory=org.dbunit.database.CachedResultSetTableFactory@1ce784b, http://www.dbunit.org/features/datatypeWarning=true}], _dataSet=AbstractDataSet[_orderedTableNameMap=null]]) - start
23:04:38.570 [main] DEBUG org.dbunit.dataset.DefaultTable - getValue(row=0, column=id) - start
23:04:38.570 [main] DEBUG org.dbunit.dataset.AbstractTable - assertValidRowIndex(row=0) - start
23:04:38.570 [main] DEBUG org.dbunit.dataset.AbstractTable - assertValidRowIndex(row=0, rowCount=8) - start
23:04:38.570 [main] DEBUG org.dbunit.dataset.AbstractTable - getColumnIndex(columnName=id) - start
23:04:38.570 [main] DEBUG o.d.dataset.AbstractTableMetaData - getColumnIndex(columnName=id) - start
23:04:38.570 [main] DEBUG o.d.d.s.AutomaticPreparedBatchStatement - addValue(value=1, dataType=INTEGER) - start
23:04:38.670 [main] DEBUG o.d.d.s.SimplePreparedStatement - addValue(value=1, dataType=INTEGER) - start
23:04:38.670 [main] DEBUG o.d.dataset.datatype.IntegerDataType - setSqlValue(value=1, column=1, statement=com.mysql.jdbc.JDBC4PreparedStatement@18c74: insert into order_items (id, order_order_number, product_sku_number, quantity) values (** NOT SPECIFIED **, ** NOT SPECIFIED **, ** NOT SPECIFIED **, ** NOT SPECIFIED **)) - start
23:04:38.670 [main] DEBUG o.d.dataset.datatype.IntegerDataType - typeCast(value=1) - start
23:04:38.671 [main] DEBUG o.d.dataset.datatype.IntegerDataType - typeCast(value=1) - start
23:04:38.671 [main] DEBUG org.dbunit.dataset.DefaultTable - getValue(row=0, column=order_order_number) - start
23:04:38.671 [main] DEBUG org.dbunit.dataset.AbstractTable - assertValidRowIndex(row=0) - start
23:04:38.671 [main] DEBUG org.dbunit.dataset.AbstractTable - assertValidRowIndex(row=0, rowCount=8) - start
23:04:38.671 [main] DEBUG org.dbunit.dataset.AbstractTable - getColumnIndex(columnName=order_order_number) - start
23:04:38.672 [main] DEBUG o.d.dataset.AbstractTableMetaData - getColumnIndex(columnName=order_order_number) - start
23:04:38.672 [main] DEBUG o.d.d.s.AutomaticPreparedBatchStatement - addValue(value=1, dataType=INTEGER) - start
23:04:38.672 [main] DEBUG o.d.d.s.SimplePreparedStatement - addValue(value=1, dataType=INTEGER) - start
23:04:38.672 [main] DEBUG o.d.dataset.datatype.IntegerDataType - setSqlValue(value=1, column=2, statement=com.mysql.jdbc.JDBC4PreparedStatement@18c74: insert into order_items (id, order_order_number, product_sku_number, quantity) values (1, ** NOT SPECIFIED **, ** NOT SPECIFIED **, ** NOT SPECIFIED **)) - start
23:04:38.674 [main] DEBUG o.d.dataset.datatype.IntegerDataType - typeCast(value=1) - start
23:04:38.674 [main] DEBUG o.d.dataset.datatype.IntegerDataType - typeCast(value=1) - start
23:04:38.674 [main] DEBUG org.dbunit.dataset.DefaultTable - getValue(row=0, column=product_sku_number) - start
23:04:38.674 [main] DEBUG org.dbunit.dataset.AbstractTable - assertValidRowIndex(row=0) - start
23:04:38.674 [main] DEBUG org.dbunit.dataset.AbstractTable - assertValidRowIndex(row=0, rowCount=8) - start
23:04:38.674 [main] DEBUG org.dbunit.dataset.AbstractTable - getColumnIndex(columnName=product_sku_number) - start
23:04:38.675 [main] DEBUG o.d.dataset.AbstractTableMetaData - getColumnIndex(columnName=product_sku_number) - start
23:04:38.675 [main] DEBUG o.d.d.s.AutomaticPreparedBatchStatement - addValue(value=1, dataType=INTEGER) - start
23:04:38.675 [main] DEBUG o.d.d.s.SimplePreparedStatement - addValue(value=1, dataType=INTEGER) - start
23:04:38.675 [main] DEBUG o.d.dataset.datatype.IntegerDataType - setSqlValue(value=1, column=3, statement=com.mysql.jdbc.JDBC4PreparedStatement@18c74: insert into order_items (id, order_order_number, product_sku_number, quantity) values (1, 1, ** NOT SPECIFIED **, ** NOT SPECIFIED **)) - start
23:04:38.677 [main] DEBUG o.d.dataset.datatype.IntegerDataType - typeCast(value=1) - start
23:04:38.677 [main] DEBUG o.d.dataset.datatype.IntegerDataType - typeCast(value=1) - start
23:04:38.677 [main] DEBUG org.dbunit.dataset.DefaultTable - getValue(row=0, column=quantity) - start
23:04:38.677 [main] DEBUG org.dbunit.dataset.AbstractTable - assertValidRowIndex(row=0) - start
23:04:38.677 [main] DEBUG org.dbunit.dataset.AbstractTable - assertValidRowIndex(row=0, rowCount=8) - start
23:04:38.677 [main] DEBUG org.dbunit.dataset.AbstractTable - getColumnIndex(columnName=quantity) - start
23:04:38.679 [main] DEBUG o.d.dataset.AbstractTableMetaData - getColumnIndex(columnName=quantity) - start
23:04:38.679 [main] DEBUG o.d.d.s.AutomaticPreparedBatchStatement - addValue(value=10, dataType=INTEGER) - start
23:04:38.679 [main] DEBUG o.d.d.s.SimplePreparedStatement - addValue(value=10, dataType=INTEGER) - start
23:04:38.679 [main] DEBUG o.d.dataset.datatype.IntegerDataType - setSqlValue(value=10, column=4, statement=com.mysql.jdbc.JDBC4PreparedStatement@18c74: insert into order_items (id, order_order_number, product_sku_number, quantity) values (1, 1, 1, ** NOT SPECIFIED **)) - start
23:04:38.681 [main] DEBUG o.d.dataset.datatype.IntegerDataType - typeCast(value=10) - start
23:04:38.681 [main] DEBUG o.d.dataset.datatype.IntegerDataType - typeCast(value=10) - start
23:04:38.681 [main] DEBUG o.d.d.s.AutomaticPreparedBatchStatement - addBatch() - start
23:04:38.681 [main] DEBUG o.d.d.s.SimplePreparedStatement - addBatch() - start
23:04:38.702 [main] DEBUG org.dbunit.operation.InsertOperation - equalsIgnoreMapping(ignoreMapping={}, table=org.dbunit.dataset.DefaultTable[_metaData=tableName=order_items, columns=[(id, UNKNOWN, nullableUnknown), (order_order_number, UNKNOWN, nullableUnknown), (product_sku_number, UNKNOWN, nullableUnknown), (quantity, UNKNOWN, nullableUnknown)], keys=[], _rowList.size()=8], row=1) - start
23:04:38.702 [main] DEBUG org.dbunit.dataset.DefaultTable - getValue(row=1, column=id) - start
23:04:38.702 [main] DEBUG org.dbunit.dataset.AbstractTable - assertValidRowIndex(row=1) - start
23:04:38.784 [main] DEBUG org.dbunit.dataset.AbstractTable - assertValidRowIndex(row=1, rowCount=8) - start
23:04:38.784 [main] DEBUG org.dbunit.dataset.AbstractTable - getColumnIndex(columnName=id) - start
23:04:38.784 [main] DEBUG o.d.dataset.AbstractTableMetaData - getColumnIndex(columnName=id) - start
23:04:38.784 [main] DEBUG org.dbunit.dataset.DefaultTable - getValue(row=1, column=order_order_number) - start
23:04:38.784 [main] DEBUG org.dbunit.dataset.AbstractTable - assertValidRowIndex(row=1) - start
23:04:38.785 [main] DEBUG org.dbunit.dataset.AbstractTable - assertValidRowIndex(row=1, rowCount=8) - start
23:04:38.785 [main] DEBUG org.dbunit.dataset.AbstractTable - getColumnIndex(columnName=order_order_number) - start
23:04:38.785 [main] DEBUG o.d.dataset.AbstractTableMetaData - getColumnIndex(columnName=order_order_number) - start
23:04:38.785 [main] DEBUG org.dbunit.dataset.DefaultTable - getValue(row=1, column=product_sku_number) - start
23:04:38.785 [main] DEBUG org.dbunit.dataset.AbstractTable - assertValidRowIndex(row=1) - start
23:04:38.787 [main] DEBUG org.dbunit.dataset.AbstractTable - assertValidRowIndex(row=1, rowCount=8) - start
23:04:38.787 [main] DEBUG org.dbunit.dataset.AbstractTable - getColumnIndex(columnName=product_sku_number) - start
23:04:38.787 [main] DEBUG o.d.dataset.AbstractTableMetaData - getColumnIndex(columnName=product_sku_number) - start
23:04:38.787 [main] DEBUG org.dbunit.dataset.DefaultTable - getValue(row=1, column=quantity) - start
23:04:38.787 [main] DEBUG org.dbunit.dataset.AbstractTable - assertValidRowIndex(row=1) - start
23:04:38.788 [main] DEBUG org.dbunit.dataset.AbstractTable - assertValidRowIndex(row=1, rowCount=8) - start
23:04:38.788 [main] DEBUG org.dbunit.dataset.AbstractTable - getColumnIndex(columnName=quantity) - start
23:04:38.788 [main] DEBUG o.d.dataset.AbstractTableMetaData - getColumnIndex(columnName=quantity) - start
23:04:38.788 [main] DEBUG org.dbunit.dataset.DefaultTable - getValue(row=1, column=id) - start
23:04:38.788 [main] DEBUG org.dbunit.dataset.AbstractTable - assertValidRowIndex(row=1) - start
23:04:38.790 [main] DEBUG org.dbunit.dataset.AbstractTable - assertValidRowIndex(row=1, rowCount=8) - start
23:04:38.790 [main] DEBUG org.dbunit.dataset.AbstractTable - getColumnIndex(columnName=id) - start
23:04:38.790 [main] DEBUG o.d.dataset.AbstractTableMetaData - getColumnIndex(columnName=id) - start
23:04:38.790 [main] DEBUG o.d.d.s.AutomaticPreparedBatchStatement - addValue(value=2, dataType=INTEGER) - start
23:04:38.790 [main] DEBUG o.d.d.s.SimplePreparedStatement - addValue(value=2, dataType=INTEGER) - start
23:04:38.791 [main] DEBUG o.d.dataset.datatype.IntegerDataType - setSqlValue(value=2, column=1, statement=com.mysql.jdbc.JDBC4PreparedStatement@18c74: insert into order_items (id, order_order_number, product_sku_number, quantity) values (1, 1, 1, 10)) - start
23:04:38.791 [main] DEBUG o.d.dataset.datatype.IntegerDataType - typeCast(value=2) - start
23:04:38.791 [main] DEBUG o.d.dataset.datatype.IntegerDataType - typeCast(value=2) - start
23:04:38.791 [main] DEBUG org.dbunit.dataset.DefaultTable - getValue(row=1, column=order_order_number) - start
23:04:38.793 [main] DEBUG org.dbunit.dataset.AbstractTable - assertValidRowIndex(row=1) - start
23:04:38.793 [main] DEBUG org.dbunit.dataset.AbstractTable - assertValidRowIndex(row=1, rowCount=8) - start
23:04:38.793 [main] DEBUG org.dbunit.dataset.AbstractTable - getColumnIndex(columnName=order_order_number) - start
23:04:38.793 [main] DEBUG o.d.dataset.AbstractTableMetaData - getColumnIndex(columnName=order_order_number) - start
23:04:38.793 [main] DEBUG o.d.d.s.AutomaticPreparedBatchStatement - addValue(value=2, dataType=INTEGER) - start
23:04:38.794 [main] DEBUG o.d.d.s.SimplePreparedStatement - addValue(value=2, dataType=INTEGER) - start
23:04:38.794 [main] DEBUG o.d.dataset.datatype.IntegerDataType - setSqlValue(value=2, column=2, statement=com.mysql.jdbc.JDBC4PreparedStatement@18c74: insert into order_items (id, order_order_number, product_sku_number, quantity) values (2, 1, 1, 10)) - start
23:04:38.794 [main] DEBUG o.d.dataset.datatype.IntegerDataType - typeCast(value=2) - start
23:04:38.794 [main] DEBUG o.d.dataset.datatype.IntegerDataType - typeCast(value=2) - start
23:04:38.796 [main] DEBUG org.dbunit.dataset.DefaultTable - getValue(row=1, column=product_sku_number) - start
23:04:38.796 [main] DEBUG org.dbunit.dataset.AbstractTable - assertValidRowIndex(row=1) - start
23:04:38.796 [main] DEBUG org.dbunit.dataset.AbstractTable - assertValidRowIndex(row=1, rowCount=8) - start
23:04:38.796 [main] DEBUG org.dbunit.dataset.AbstractTable - getColumnIndex(columnName=product_sku_number) - start
23:04:38.796 [main] DEBUG o.d.dataset.AbstractTableMetaData - getColumnIndex(columnName=product_sku_number) - start
23:04:38.798 [main] DEBUG o.d.d.s.AutomaticPreparedBatchStatement - addValue(value=2, dataType=INTEGER) - start
23:04:38.798 [main] DEBUG o.d.d.s.SimplePreparedStatement - addValue(value=2, dataType=INTEGER) - start
23:04:38.798 [main] DEBUG o.d.dataset.datatype.IntegerDataType - setSqlValue(value=2, column=3, statement=com.mysql.jdbc.JDBC4PreparedStatement@18c74: insert into order_items (id, order_order_number, product_sku_number, quantity) values (2, 2, 1, 10)) - start
23:04:38.798 [main] DEBUG o.d.dataset.datatype.IntegerDataType - typeCast(value=2) - start
23:04:38.799 [main] DEBUG o.d.dataset.datatype.IntegerDataType - typeCast(value=2) - start
23:04:38.799 [main] DEBUG org.dbunit.dataset.DefaultTable - getValue(row=1, column=quantity) - start
23:04:38.799 [main] DEBUG org.dbunit.dataset.AbstractTable - assertValidRowIndex(row=1) - start
23:04:38.799 [main] DEBUG org.dbunit.dataset.AbstractTable - assertValidRowIndex(row=1, rowCount=8) - start
23:04:38.799 [main] DEBUG org.dbunit.dataset.AbstractTable - getColumnIndex(columnName=quantity) - start
23:04:38.799 [main] DEBUG o.d.dataset.AbstractTableMetaData - getColumnIndex(columnName=quantity) - start
23:04:38.801 [main] DEBUG o.d.d.s.AutomaticPreparedBatchStatement - addValue(value=196, dataType=INTEGER) - start
23:04:38.801 [main] DEBUG o.d.d.s.SimplePreparedStatement - addValue(value=196, dataType=INTEGER) - start
23:04:38.801 [main] DEBUG o.d.dataset.datatype.IntegerDataType - setSqlValue(value=196, column=4, statement=com.mysql.jdbc.JDBC4PreparedStatement@18c74: insert into order_items (id, order_order_number, product_sku_number, quantity) values (2, 2, 2, 10)) - start
23:04:38.801 [main] DEBUG o.d.dataset.datatype.IntegerDataType - typeCast(value=196) - start
23:04:38.803 [main] DEBUG o.d.dataset.datatype.IntegerDataType - typeCast(value=196) - start
23:04:38.803 [main] DEBUG o.d.d.s.AutomaticPreparedBatchStatement - addBatch() - start
23:04:38.803 [main] DEBUG o.d.d.s.SimplePreparedStatement - addBatch() - start
23:04:38.826 [main] DEBUG org.dbunit.operation.InsertOperation - equalsIgnoreMapping(ignoreMapping={}, table=org.dbunit.dataset.DefaultTable[_metaData=tableName=order_items, columns=[(id, UNKNOWN, nullableUnknown), (order_order_number, UNKNOWN, nullableUnknown), (product_sku_number, UNKNOWN, nullableUnknown), (quantity, UNKNOWN, nullableUnknown)], keys=[], _rowList.size()=8], row=2) - start
23:04:38.826 [main] DEBUG org.dbunit.dataset.DefaultTable - getValue(row=2, column=id) - start
23:04:38.827 [main] DEBUG org.dbunit.dataset.AbstractTable - assertValidRowIndex(row=2) - start
23:04:38.905 [main] DEBUG org.dbunit.dataset.AbstractTable - assertValidRowIndex(row=2, rowCount=8) - start
23:04:38.905 [main] DEBUG org.dbunit.dataset.AbstractTable - getColumnIndex(columnName=id) - start
23:04:38.905 [main] DEBUG o.d.dataset.AbstractTableMetaData - getColumnIndex(columnName=id) - start
23:04:38.905 [main] DEBUG org.dbunit.dataset.DefaultTable - getValue(row=2, column=order_order_number) - start
23:04:38.905 [main] DEBUG org.dbunit.dataset.AbstractTable - assertValidRowIndex(row=2) - start
23:04:38.906 [main] DEBUG org.dbunit.dataset.AbstractTable - assertValidRowIndex(row=2, rowCount=8) - start
23:04:38.906 [main] DEBUG org.dbunit.dataset.AbstractTable - getColumnIndex(columnName=order_order_number) - start
23:04:38.906 [main] DEBUG o.d.dataset.AbstractTableMetaData - getColumnIndex(columnName=order_order_number) - start
23:04:38.906 [main] DEBUG org.dbunit.dataset.DefaultTable - getValue(row=2, column=product_sku_number) - start
23:04:38.906 [main] DEBUG org.dbunit.dataset.AbstractTable - assertValidRowIndex(row=2) - start
23:04:38.907 [main] DEBUG org.dbunit.dataset.AbstractTable - assertValidRowIndex(row=2, rowCount=8) - start
23:04:38.908 [main] DEBUG org.dbunit.dataset.AbstractTable - getColumnIndex(columnName=product_sku_number) - start
23:04:38.908 [main] DEBUG o.d.dataset.AbstractTableMetaData - getColumnIndex(columnName=product_sku_number) - start
23:04:38.908 [main] DEBUG org.dbunit.dataset.DefaultTable - getValue(row=2, column=quantity) - start
23:04:38.908 [main] DEBUG org.dbunit.dataset.AbstractTable - assertValidRowIndex(row=2) - start
23:04:38.909 [main] DEBUG org.dbunit.dataset.AbstractTable - assertValidRowIndex(row=2, rowCount=8) - start
23:04:38.909 [main] DEBUG org.dbunit.dataset.AbstractTable - getColumnIndex(columnName=quantity) - start
23:04:38.909 [main] DEBUG o.d.dataset.AbstractTableMetaData - getColumnIndex(columnName=quantity) - start
23:04:38.909 [main] DEBUG org.dbunit.dataset.DefaultTable - getValue(row=2, column=id) - start
23:04:38.909 [main] DEBUG org.dbunit.dataset.AbstractTable - assertValidRowIndex(row=2) - start
23:04:38.911 [main] DEBUG org.dbunit.dataset.AbstractTable - assertValidRowIndex(row=2, rowCount=8) - start
23:04:38.911 [main] DEBUG org.dbunit.dataset.AbstractTable - getColumnIndex(columnName=id) - start
23:04:38.911 [main] DEBUG o.d.dataset.AbstractTableMetaData - getColumnIndex(columnName=id) - start
23:04:38.911 [main] DEBUG o.d.d.s.AutomaticPreparedBatchStatement - addValue(value=3, dataType=INTEGER) - start
23:04:38.911 [main] DEBUG o.d.d.s.SimplePreparedStatement - addValue(value=3, dataType=INTEGER) - start
23:04:38.912 [main] DEBUG o.d.dataset.datatype.IntegerDataType - setSqlValue(value=3, column=1, statement=com.mysql.jdbc.JDBC4PreparedStatement@18c74: insert into order_items (id, order_order_number, product_sku_number, quantity) values (2, 2, 2, 196)) - start
23:04:38.912 [main] DEBUG o.d.dataset.datatype.IntegerDataType - typeCast(value=3) - start
23:04:38.912 [main] DEBUG o.d.dataset.datatype.IntegerDataType - typeCast(value=3) - start
23:04:38.912 [main] DEBUG org.dbunit.dataset.DefaultTable - getValue(row=2, column=order_order_number) - start
23:04:38.914 [main] DEBUG org.dbunit.dataset.AbstractTable - assertValidRowIndex(row=2) - start
23:04:38.914 [main] DEBUG org.dbunit.dataset.AbstractTable - assertValidRowIndex(row=2, rowCount=8) - start
23:04:38.914 [main] DEBUG org.dbunit.dataset.AbstractTable - getColumnIndex(columnName=order_order_number) - start
23:04:38.914 [main] DEBUG o.d.dataset.AbstractTableMetaData - getColumnIndex(columnName=order_order_number) - start
23:04:38.914 [main] DEBUG o.d.d.s.AutomaticPreparedBatchStatement - addValue(value=2, dataType=INTEGER) - start
23:04:38.915 [main] DEBUG o.d.d.s.SimplePreparedStatement - addValue(value=2, dataType=INTEGER) - start
23:04:38.915 [main] DEBUG o.d.dataset.datatype.IntegerDataType - setSqlValue(value=2, column=2, statement=com.mysql.jdbc.JDBC4PreparedStatement@18c74: insert into order_items (id, order_order_number, product_sku_number, quantity) values (3, 2, 2, 196)) - start
23:04:38.915 [main] DEBUG o.d.dataset.datatype.IntegerDataType - typeCast(value=2) - start
23:04:38.915 [main] DEBUG o.d.dataset.datatype.IntegerDataType - typeCast(value=2) - start
23:04:38.917 [main] DEBUG org.dbunit.dataset.DefaultTable - getValue(row=2, column=product_sku_number) - start
23:04:38.917 [main] DEBUG org.dbunit.dataset.AbstractTable - assertValidRowIndex(row=2) - start
23:04:38.917 [main] DEBUG org.dbunit.dataset.AbstractTable - assertValidRowIndex(row=2, rowCount=8) - start
23:04:38.917 [main] DEBUG org.dbunit.dataset.AbstractTable - getColumnIndex(columnName=product_sku_number) - start
23:04:38.917 [main] DEBUG o.d.dataset.AbstractTableMetaData - getColumnIndex(columnName=product_sku_number) - start
23:04:38.918 [main] DEBUG o.d.d.s.AutomaticPreparedBatchStatement - addValue(value=4, dataType=INTEGER) - start
23:04:38.919 [main] DEBUG o.d.d.s.SimplePreparedStatement - addValue(value=4, dataType=INTEGER) - start
23:04:38.919 [main] DEBUG o.d.dataset.datatype.IntegerDataType - setSqlValue(value=4, column=3, statement=com.mysql.jdbc.JDBC4PreparedStatement@18c74: insert into order_items (id, order_order_number, product_sku_number, quantity) values (3, 2, 2, 196)) - start
23:04:38.919 [main] DEBUG o.d.dataset.datatype.IntegerDataType - typeCast(value=4) - start
23:04:38.920 [main] DEBUG o.d.dataset.datatype.IntegerDataType - typeCast(value=4) - start
23:04:38.920 [main] DEBUG org.dbunit.dataset.DefaultTable - getValue(row=2, column=quantity) - start
23:04:38.920 [main] DEBUG org.dbunit.dataset.AbstractTable - assertValidRowIndex(row=2) - start
23:04:38.920 [main] DEBUG org.dbunit.dataset.AbstractTable - assertValidRowIndex(row=2, rowCount=8) - start
23:04:38.920 [main] DEBUG org.dbunit.dataset.AbstractTable - getColumnIndex(columnName=quantity) - start
23:04:38.920 [main] DEBUG o.d.dataset.AbstractTableMetaData - getColumnIndex(columnName=quantity) - start
23:04:38.922 [main] DEBUG o.d.d.s.AutomaticPreparedBatchStatement - addValue(value=1, dataType=INTEGER) - start
23:04:38.922 [main] DEBUG o.d.d.s.SimplePreparedStatement - addValue(value=1, dataType=INTEGER) - start
23:04:38.922 [main] DEBUG o.d.dataset.datatype.IntegerDataType - setSqlValue(value=1, column=4, statement=com.mysql.jdbc.JDBC4PreparedStatement@18c74: insert into order_items (id, order_order_number, product_sku_number, quantity) values (3, 2, 4, 196)) - start
23:04:38.922 [main] DEBUG o.d.dataset.datatype.IntegerDataType - typeCast(value=1) - start
23:04:38.923 [main] DEBUG o.d.dataset.datatype.IntegerDataType - typeCast(value=1) - start
23:04:38.923 [main] DEBUG o.d.d.s.AutomaticPreparedBatchStatement - addBatch() - start
23:04:38.923 [main] DEBUG o.d.d.s.SimplePreparedStatement - addBatch() - start
23:04:38.944 [main] DEBUG org.dbunit.operation.InsertOperation - equalsIgnoreMapping(ignoreMapping={}, table=org.dbunit.dataset.DefaultTable[_metaData=tableName=order_items, columns=[(id, UNKNOWN, nullableUnknown), (order_order_number, UNKNOWN, nullableUnknown), (product_sku_number, UNKNOWN, nullableUnknown), (quantity, UNKNOWN, nullableUnknown)], keys=[], _rowList.size()=8], row=3) - start
23:04:38.944 [main] DEBUG org.dbunit.dataset.DefaultTable - getValue(row=3, column=id) - start
23:04:38.944 [main] DEBUG org.dbunit.dataset.AbstractTable - assertValidRowIndex(row=3) - start
23:04:39.026 [main] DEBUG org.dbunit.dataset.AbstractTable - assertValidRowIndex(row=3, rowCount=8) - start
23:04:39.026 [main] DEBUG org.dbunit.dataset.AbstractTable - getColumnIndex(columnName=id) - start
23:04:39.026 [main] DEBUG o.d.dataset.AbstractTableMetaData - getColumnIndex(columnName=id) - start
23:04:39.026 [main] DEBUG org.dbunit.dataset.DefaultTable - getValue(row=3, column=order_order_number) - start
23:04:39.026 [main] DEBUG org.dbunit.dataset.AbstractTable - assertValidRowIndex(row=3) - start
23:04:39.027 [main] DEBUG org.dbunit.dataset.AbstractTable - assertValidRowIndex(row=3, rowCount=8) - start
23:04:39.027 [main] DEBUG org.dbunit.dataset.AbstractTable - getColumnIndex(columnName=order_order_number) - start
23:04:39.027 [main] DEBUG o.d.dataset.AbstractTableMetaData - getColumnIndex(columnName=order_order_number) - start
23:04:39.027 [main] DEBUG org.dbunit.dataset.DefaultTable - getValue(row=3, column=product_sku_number) - start
23:04:39.027 [main] DEBUG org.dbunit.dataset.AbstractTable - assertValidRowIndex(row=3) - start
23:04:39.028 [main] DEBUG org.dbunit.dataset.AbstractTable - assertValidRowIndex(row=3, rowCount=8) - start
23:04:39.029 [main] DEBUG org.dbunit.dataset.AbstractTable - getColumnIndex(columnName=product_sku_number) - start
23:04:39.029 [main] DEBUG o.d.dataset.AbstractTableMetaData - getColumnIndex(columnName=product_sku_number) - start
23:04:39.029 [main] DEBUG org.dbunit.dataset.DefaultTable - getValue(row=3, column=quantity) - start
23:04:39.029 [main] DEBUG org.dbunit.dataset.AbstractTable - assertValidRowIndex(row=3) - start
23:04:39.030 [main] DEBUG org.dbunit.dataset.AbstractTable - assertValidRowIndex(row=3, rowCount=8) - start
23:04:39.030 [main] DEBUG org.dbunit.dataset.AbstractTable - getColumnIndex(columnName=quantity) - start
23:04:39.030 [main] DEBUG o.d.dataset.AbstractTableMetaData - getColumnIndex(columnName=quantity) - start
23:04:39.030 [main] DEBUG org.dbunit.dataset.DefaultTable - getValue(row=3, column=id) - start
23:04:39.030 [main] DEBUG org.dbunit.dataset.AbstractTable - assertValidRowIndex(row=3) - start
23:04:39.032 [main] DEBUG org.dbunit.dataset.AbstractTable - assertValidRowIndex(row=3, rowCount=8) - start
23:04:39.032 [main] DEBUG org.dbunit.dataset.AbstractTable - getColumnIndex(columnName=id) - start
23:04:39.032 [main] DEBUG o.d.dataset.AbstractTableMetaData - getColumnIndex(columnName=id) - start
23:04:39.032 [main] DEBUG o.d.d.s.AutomaticPreparedBatchStatement - addValue(value=4, dataType=INTEGER) - start
23:04:39.032 [main] DEBUG o.d.d.s.SimplePreparedStatement - addValue(value=4, dataType=INTEGER) - start
23:04:39.033 [main] DEBUG o.d.dataset.datatype.IntegerDataType - setSqlValue(value=4, column=1, statement=com.mysql.jdbc.JDBC4PreparedStatement@18c74: insert into order_items (id, order_order_number, product_sku_number, quantity) values (3, 2, 4, 1)) - start
23:04:39.033 [main] DEBUG o.d.dataset.datatype.IntegerDataType - typeCast(value=4) - start
23:04:39.033 [main] DEBUG o.d.dataset.datatype.IntegerDataType - typeCast(value=4) - start
23:04:39.033 [main] DEBUG org.dbunit.dataset.DefaultTable - getValue(row=3, column=order_order_number) - start
23:04:39.035 [main] DEBUG org.dbunit.dataset.AbstractTable - assertValidRowIndex(row=3) - start
23:04:39.035 [main] DEBUG org.dbunit.dataset.AbstractTable - assertValidRowIndex(row=3, rowCount=8) - start
23:04:39.035 [main] DEBUG org.dbunit.dataset.AbstractTable - getColumnIndex(columnName=order_order_number) - start
23:04:39.035 [main] DEBUG o.d.dataset.AbstractTableMetaData - getColumnIndex(columnName=order_order_number) - start
23:04:39.035 [main] DEBUG o.d.d.s.AutomaticPreparedBatchStatement - addValue(value=3, dataType=INTEGER) - start
23:04:39.036 [main] DEBUG o.d.d.s.SimplePreparedStatement - addValue(value=3, dataType=INTEGER) - start
23:04:39.036 [main] DEBUG o.d.dataset.datatype.IntegerDataType - setSqlValue(value=3, column=2, statement=com.mysql.jdbc.JDBC4PreparedStatement@18c74: insert into order_items (id, order_order_number, product_sku_number, quantity) values (4, 2, 4, 1)) - start
23:04:39.036 [main] DEBUG o.d.dataset.datatype.IntegerDataType - typeCast(value=3) - start
23:04:39.036 [main] DEBUG o.d.dataset.datatype.IntegerDataType - typeCast(value=3) - start
23:04:39.038 [main] DEBUG org.dbunit.dataset.DefaultTable - getValue(row=3, column=product_sku_number) - start
23:04:39.038 [main] DEBUG org.dbunit.dataset.AbstractTable - assertValidRowIndex(row=3) - start
23:04:39.038 [main] DEBUG org.dbunit.dataset.AbstractTable - assertValidRowIndex(row=3, rowCount=8) - start
23:04:39.038 [main] DEBUG org.dbunit.dataset.AbstractTable - getColumnIndex(columnName=product_sku_number) - start
23:04:39.038 [main] DEBUG o.d.dataset.AbstractTableMetaData - getColumnIndex(columnName=product_sku_number) - start
23:04:39.039 [main] DEBUG o.d.d.s.AutomaticPreparedBatchStatement - addValue(value=2, dataType=INTEGER) - start
23:04:39.039 [main] DEBUG o.d.d.s.SimplePreparedStatement - addValue(value=2, dataType=INTEGER) - start
23:04:39.040 [main] DEBUG o.d.dataset.datatype.IntegerDataType - setSqlValue(value=2, column=3, statement=com.mysql.jdbc.JDBC4PreparedStatement@18c74: insert into order_items (id, order_order_number, product_sku_number, quantity) values (4, 3, 4, 1)) - start
23:04:39.040 [main] DEBUG o.d.dataset.datatype.IntegerDataType - typeCast(value=2) - start
23:04:39.041 [main] DEBUG o.d.dataset.datatype.IntegerDataType - typeCast(value=2) - start
23:04:39.041 [main] DEBUG org.dbunit.dataset.DefaultTable - getValue(row=3, column=quantity) - start
23:04:39.041 [main] DEBUG org.dbunit.dataset.AbstractTable - assertValidRowIndex(row=3) - start
23:04:39.041 [main] DEBUG org.dbunit.dataset.AbstractTable - assertValidRowIndex(row=3, rowCount=8) - start
23:04:39.041 [main] DEBUG org.dbunit.dataset.AbstractTable - getColumnIndex(columnName=quantity) - start
23:04:39.041 [main] DEBUG o.d.dataset.AbstractTableMetaData - getColumnIndex(columnName=quantity) - start
23:04:39.043 [main] DEBUG o.d.d.s.AutomaticPreparedBatchStatement - addValue(value=196, dataType=INTEGER) - start
23:04:39.046 [main] DEBUG o.d.d.s.SimplePreparedStatement - addValue(value=196, dataType=INTEGER) - start
23:04:39.046 [main] DEBUG o.d.dataset.datatype.IntegerDataType - setSqlValue(value=196, column=4, statement=com.mysql.jdbc.JDBC4PreparedStatement@18c74: insert into order_items (id, order_order_number, product_sku_number, quantity) values (4, 3, 2, 1)) - start
23:04:39.046 [main] DEBUG o.d.dataset.datatype.IntegerDataType - typeCast(value=196) - start
23:04:39.048 [main] DEBUG o.d.dataset.datatype.IntegerDataType - typeCast(value=196) - start
23:04:39.048 [main] DEBUG o.d.d.s.AutomaticPreparedBatchStatement - addBatch() - start
23:04:39.048 [main] DEBUG o.d.d.s.SimplePreparedStatement - addBatch() - start
23:04:39.076 [main] DEBUG org.dbunit.operation.InsertOperation - equalsIgnoreMapping(ignoreMapping={}, table=org.dbunit.dataset.DefaultTable[_metaData=tableName=order_items, columns=[(id, UNKNOWN, nullableUnknown), (order_order_number, UNKNOWN, nullableUnknown), (product_sku_number, UNKNOWN, nullableUnknown), (quantity, UNKNOWN, nullableUnknown)], keys=[], _rowList.size()=8], row=4) - start
23:04:39.076 [main] DEBUG org.dbunit.dataset.DefaultTable - getValue(row=4, column=id) - start
23:04:39.076 [main] DEBUG org.dbunit.dataset.AbstractTable - assertValidRowIndex(row=4) - start
23:04:39.151 [main] DEBUG org.dbunit.dataset.AbstractTable - assertValidRowIndex(row=4, rowCount=8) - start
23:04:39.151 [main] DEBUG org.dbunit.dataset.AbstractTable - getColumnIndex(columnName=id) - start
23:04:39.151 [main] DEBUG o.d.dataset.AbstractTableMetaData - getColumnIndex(columnName=id) - start
23:04:39.151 [main] DEBUG org.dbunit.dataset.DefaultTable - getValue(row=4, column=order_order_number) - start
23:04:39.151 [main] DEBUG org.dbunit.dataset.AbstractTable - assertValidRowIndex(row=4) - start
23:04:39.152 [main] DEBUG org.dbunit.dataset.AbstractTable - assertValidRowIndex(row=4, rowCount=8) - start
23:04:39.152 [main] DEBUG org.dbunit.dataset.AbstractTable - getColumnIndex(columnName=order_order_number) - start
23:04:39.152 [main] DEBUG o.d.dataset.AbstractTableMetaData - getColumnIndex(columnName=order_order_number) - start
23:04:39.152 [main] DEBUG org.dbunit.dataset.DefaultTable - getValue(row=4, column=product_sku_number) - start
23:04:39.152 [main] DEBUG org.dbunit.dataset.AbstractTable - assertValidRowIndex(row=4) - start
23:04:39.154 [main] DEBUG org.dbunit.dataset.AbstractTable - assertValidRowIndex(row=4, rowCount=8) - start
23:04:39.154 [main] DEBUG org.dbunit.dataset.AbstractTable - getColumnIndex(columnName=product_sku_number) - start
23:04:39.154 [main] DEBUG o.d.dataset.AbstractTableMetaData - getColumnIndex(columnName=product_sku_number) - start
23:04:39.154 [main] DEBUG org.dbunit.dataset.DefaultTable - getValue(row=4, column=quantity) - start
23:04:39.154 [main] DEBUG org.dbunit.dataset.AbstractTable - assertValidRowIndex(row=4) - start
23:04:39.155 [main] DEBUG org.dbunit.dataset.AbstractTable - assertValidRowIndex(row=4, rowCount=8) - start
23:04:39.155 [main] DEBUG org.dbunit.dataset.AbstractTable - getColumnIndex(columnName=quantity) - start
23:04:39.155 [main] DEBUG o.d.dataset.AbstractTableMetaData - getColumnIndex(columnName=quantity) - start
23:04:39.155 [main] DEBUG org.dbunit.dataset.DefaultTable - getValue(row=4, column=id) - start
23:04:39.155 [main] DEBUG org.dbunit.dataset.AbstractTable - assertValidRowIndex(row=4) - start
23:04:39.157 [main] DEBUG org.dbunit.dataset.AbstractTable - assertValidRowIndex(row=4, rowCount=8) - start
23:04:39.157 [main] DEBUG org.dbunit.dataset.AbstractTable - getColumnIndex(columnName=id) - start
23:04:39.157 [main] DEBUG o.d.dataset.AbstractTableMetaData - getColumnIndex(columnName=id) - start
23:04:39.157 [main] DEBUG o.d.d.s.AutomaticPreparedBatchStatement - addValue(value=5, dataType=INTEGER) - start
23:04:39.157 [main] DEBUG o.d.d.s.SimplePreparedStatement - addValue(value=5, dataType=INTEGER) - start
23:04:39.158 [main] DEBUG o.d.dataset.datatype.IntegerDataType - setSqlValue(value=5, column=1, statement=com.mysql.jdbc.JDBC4PreparedStatement@18c74: insert into order_items (id, order_order_number, product_sku_number, quantity) values (4, 3, 2, 196)) - start
23:04:39.158 [main] DEBUG o.d.dataset.datatype.IntegerDataType - typeCast(value=5) - start
23:04:39.159 [main] DEBUG o.d.dataset.datatype.IntegerDataType - typeCast(value=5) - start
23:04:39.159 [main] DEBUG org.dbunit.dataset.DefaultTable - getValue(row=4, column=order_order_number) - start
23:04:39.160 [main] DEBUG org.dbunit.dataset.AbstractTable - assertValidRowIndex(row=4) - start
23:04:39.160 [main] DEBUG org.dbunit.dataset.AbstractTable - assertValidRowIndex(row=4, rowCount=8) - start
23:04:39.160 [main] DEBUG org.dbunit.dataset.AbstractTable - getColumnIndex(columnName=order_order_number) - start
23:04:39.160 [main] DEBUG o.d.dataset.AbstractTableMetaData - getColumnIndex(columnName=order_order_number) - start
23:04:39.160 [main] DEBUG o.d.d.s.AutomaticPreparedBatchStatement - addValue(value=4, dataType=INTEGER) - start
23:04:39.162 [main] DEBUG o.d.d.s.SimplePreparedStatement - addValue(value=4, dataType=INTEGER) - start
23:04:39.162 [main] DEBUG o.d.dataset.datatype.IntegerDataType - setSqlValue(value=4, column=2, statement=com.mysql.jdbc.JDBC4PreparedStatement@18c74: insert into order_items (id, order_order_number, product_sku_number, quantity) values (5, 3, 2, 196)) - start
23:04:39.162 [main] DEBUG o.d.dataset.datatype.IntegerDataType - typeCast(value=4) - start
23:04:39.162 [main] DEBUG o.d.dataset.datatype.IntegerDataType - typeCast(value=4) - start
23:04:39.163 [main] DEBUG org.dbunit.dataset.DefaultTable - getValue(row=4, column=product_sku_number) - start
23:04:39.163 [main] DEBUG org.dbunit.dataset.AbstractTable - assertValidRowIndex(row=4) - start
23:04:39.163 [main] DEBUG org.dbunit.dataset.AbstractTable - assertValidRowIndex(row=4, rowCount=8) - start
23:04:39.163 [main] DEBUG org.dbunit.dataset.AbstractTable - getColumnIndex(columnName=product_sku_number) - start
23:04:39.163 [main] DEBUG o.d.dataset.AbstractTableMetaData - getColumnIndex(columnName=product_sku_number) - start
23:04:39.165 [main] DEBUG o.d.d.s.AutomaticPreparedBatchStatement - addValue(value=2, dataType=INTEGER) - start
23:04:39.165 [main] DEBUG o.d.d.s.SimplePreparedStatement - addValue(value=2, dataType=INTEGER) - start
23:04:39.165 [main] DEBUG o.d.dataset.datatype.IntegerDataType - setSqlValue(value=2, column=3, statement=com.mysql.jdbc.JDBC4PreparedStatement@18c74: insert into order_items (id, order_order_number, product_sku_number, quantity) values (5, 4, 2, 196)) - start
23:04:39.165 [main] DEBUG o.d.dataset.datatype.IntegerDataType - typeCast(value=2) - start
23:04:39.166 [main] DEBUG o.d.dataset.datatype.IntegerDataType - typeCast(value=2) - start
23:04:39.166 [main] DEBUG org.dbunit.dataset.DefaultTable - getValue(row=4, column=quantity) - start
23:04:39.166 [main] DEBUG org.dbunit.dataset.AbstractTable - assertValidRowIndex(row=4) - start
23:04:39.166 [main] DEBUG org.dbunit.dataset.AbstractTable - assertValidRowIndex(row=4, rowCount=8) - start
23:04:39.166 [main] DEBUG org.dbunit.dataset.AbstractTable - getColumnIndex(columnName=quantity) - start
23:04:39.166 [main] DEBUG o.d.dataset.AbstractTableMetaData - getColumnIndex(columnName=quantity) - start
23:04:39.168 [main] DEBUG o.d.d.s.AutomaticPreparedBatchStatement - addValue(value=196, dataType=INTEGER) - start
23:04:39.168 [main] DEBUG o.d.d.s.SimplePreparedStatement - addValue(value=196, dataType=INTEGER) - start
23:04:39.168 [main] DEBUG o.d.dataset.datatype.IntegerDataType - setSqlValue(value=196, column=4, statement=com.mysql.jdbc.JDBC4PreparedStatement@18c74: insert into order_items (id, order_order_number, product_sku_number, quantity) values (5, 4, 2, 196)) - start
23:04:39.168 [main] DEBUG o.d.dataset.datatype.IntegerDataType - typeCast(value=196) - start
23:04:39.169 [main] DEBUG o.d.dataset.datatype.IntegerDataType - typeCast(value=196) - start
23:04:39.169 [main] DEBUG o.d.d.s.AutomaticPreparedBatchStatement - addBatch() - start
23:04:39.169 [main] DEBUG o.d.d.s.SimplePreparedStatement - addBatch() - start
23:04:39.201 [main] DEBUG org.dbunit.operation.InsertOperation - equalsIgnoreMapping(ignoreMapping={}, table=org.dbunit.dataset.DefaultTable[_metaData=tableName=order_items, columns=[(id, UNKNOWN, nullableUnknown), (order_order_number, UNKNOWN, nullableUnknown), (product_sku_number, UNKNOWN, nullableUnknown), (quantity, UNKNOWN, nullableUnknown)], keys=[], _rowList.size()=8], row=5) - start
23:04:39.201 [main] DEBUG org.dbunit.dataset.DefaultTable - getValue(row=5, column=id) - start
23:04:39.201 [main] DEBUG org.dbunit.dataset.AbstractTable - assertValidRowIndex(row=5) - start
23:04:39.273 [main] DEBUG org.dbunit.dataset.AbstractTable - assertValidRowIndex(row=5, rowCount=8) - start
23:04:39.273 [main] DEBUG org.dbunit.dataset.AbstractTable - getColumnIndex(columnName=id) - start
23:04:39.273 [main] DEBUG o.d.dataset.AbstractTableMetaData - getColumnIndex(columnName=id) - start
23:04:39.273 [main] DEBUG org.dbunit.dataset.DefaultTable - getValue(row=5, column=order_order_number) - start
23:04:39.273 [main] DEBUG org.dbunit.dataset.AbstractTable - assertValidRowIndex(row=5) - start
23:04:39.274 [main] DEBUG org.dbunit.dataset.AbstractTable - assertValidRowIndex(row=5, rowCount=8) - start
23:04:39.274 [main] DEBUG org.dbunit.dataset.AbstractTable - getColumnIndex(columnName=order_order_number) - start
23:04:39.274 [main] DEBUG o.d.dataset.AbstractTableMetaData - getColumnIndex(columnName=order_order_number) - start
23:04:39.274 [main] DEBUG org.dbunit.dataset.DefaultTable - getValue(row=5, column=product_sku_number) - start
23:04:39.274 [main] DEBUG org.dbunit.dataset.AbstractTable - assertValidRowIndex(row=5) - start
23:04:39.275 [main] DEBUG org.dbunit.dataset.AbstractTable - assertValidRowIndex(row=5, rowCount=8) - start
23:04:39.275 [main] DEBUG org.dbunit.dataset.AbstractTable - getColumnIndex(columnName=product_sku_number) - start
23:04:39.275 [main] DEBUG o.d.dataset.AbstractTableMetaData - getColumnIndex(columnName=product_sku_number) - start
23:04:39.275 [main] DEBUG org.dbunit.dataset.DefaultTable - getValue(row=5, column=quantity) - start
23:04:39.275 [main] DEBUG org.dbunit.dataset.AbstractTable - assertValidRowIndex(row=5) - start
23:04:39.277 [main] DEBUG org.dbunit.dataset.AbstractTable - assertValidRowIndex(row=5, rowCount=8) - start
23:04:39.277 [main] DEBUG org.dbunit.dataset.AbstractTable - getColumnIndex(columnName=quantity) - start
23:04:39.277 [main] DEBUG o.d.dataset.AbstractTableMetaData - getColumnIndex(columnName=quantity) - start
23:04:39.277 [main] DEBUG org.dbunit.dataset.DefaultTable - getValue(row=5, column=id) - start
23:04:39.277 [main] DEBUG org.dbunit.dataset.AbstractTable - assertValidRowIndex(row=5) - start
23:04:39.279 [main] DEBUG org.dbunit.dataset.AbstractTable - assertValidRowIndex(row=5, rowCount=8) - start
23:04:39.279 [main] DEBUG org.dbunit.dataset.AbstractTable - getColumnIndex(columnName=id) - start
23:04:39.279 [main] DEBUG o.d.dataset.AbstractTableMetaData - getColumnIndex(columnName=id) - start
23:04:39.279 [main] DEBUG o.d.d.s.AutomaticPreparedBatchStatement - addValue(value=6, dataType=INTEGER) - start
23:04:39.279 [main] DEBUG o.d.d.s.SimplePreparedStatement - addValue(value=6, dataType=INTEGER) - start
23:04:39.280 [main] DEBUG o.d.dataset.datatype.IntegerDataType - setSqlValue(value=6, column=1, statement=com.mysql.jdbc.JDBC4PreparedStatement@18c74: insert into order_items (id, order_order_number, product_sku_number, quantity) values (5, 4, 2, 196)) - start
23:04:39.281 [main] DEBUG o.d.dataset.datatype.IntegerDataType - typeCast(value=6) - start
23:04:39.281 [main] DEBUG o.d.dataset.datatype.IntegerDataType - typeCast(value=6) - start
23:04:39.281 [main] DEBUG org.dbunit.dataset.DefaultTable - getValue(row=5, column=order_order_number) - start
23:04:39.282 [main] DEBUG org.dbunit.dataset.AbstractTable - assertValidRowIndex(row=5) - start
23:04:39.282 [main] DEBUG org.dbunit.dataset.AbstractTable - assertValidRowIndex(row=5, rowCount=8) - start
23:04:39.282 [main] DEBUG org.dbunit.dataset.AbstractTable - getColumnIndex(columnName=order_order_number) - start
23:04:39.282 [main] DEBUG o.d.dataset.AbstractTableMetaData - getColumnIndex(columnName=order_order_number) - start
23:04:39.282 [main] DEBUG o.d.d.s.AutomaticPreparedBatchStatement - addValue(value=5, dataType=INTEGER) - start
23:04:39.283 [main] DEBUG o.d.d.s.SimplePreparedStatement - addValue(value=5, dataType=INTEGER) - start
23:04:39.283 [main] DEBUG o.d.dataset.datatype.IntegerDataType - setSqlValue(value=5, column=2, statement=com.mysql.jdbc.JDBC4PreparedStatement@18c74: insert into order_items (id, order_order_number, product_sku_number, quantity) values (6, 4, 2, 196)) - start
23:04:39.283 [main] DEBUG o.d.dataset.datatype.IntegerDataType - typeCast(value=5) - start
23:04:39.284 [main] DEBUG o.d.dataset.datatype.IntegerDataType - typeCast(value=5) - start
23:04:39.285 [main] DEBUG org.dbunit.dataset.DefaultTable - getValue(row=5, column=product_sku_number) - start
23:04:39.285 [main] DEBUG org.dbunit.dataset.AbstractTable - assertValidRowIndex(row=5) - start
23:04:39.285 [main] DEBUG org.dbunit.dataset.AbstractTable - assertValidRowIndex(row=5, rowCount=8) - start
23:04:39.285 [main] DEBUG org.dbunit.dataset.AbstractTable - getColumnIndex(columnName=product_sku_number) - start
23:04:39.285 [main] DEBUG o.d.dataset.AbstractTableMetaData - getColumnIndex(columnName=product_sku_number) - start
23:04:39.287 [main] DEBUG o.d.d.s.AutomaticPreparedBatchStatement - addValue(value=3, dataType=INTEGER) - start
23:04:39.287 [main] DEBUG o.d.d.s.SimplePreparedStatement - addValue(value=3, dataType=INTEGER) - start
23:04:39.287 [main] DEBUG o.d.dataset.datatype.IntegerDataType - setSqlValue(value=3, column=3, statement=com.mysql.jdbc.JDBC4PreparedStatement@18c74: insert into order_items (id, order_order_number, product_sku_number, quantity) values (6, 5, 2, 196)) - start
23:04:39.287 [main] DEBUG o.d.dataset.datatype.IntegerDataType - typeCast(value=3) - start
23:04:39.288 [main] DEBUG o.d.dataset.datatype.IntegerDataType - typeCast(value=3) - start
23:04:39.288 [main] DEBUG org.dbunit.dataset.DefaultTable - getValue(row=5, column=quantity) - start
23:04:39.288 [main] DEBUG org.dbunit.dataset.AbstractTable - assertValidRowIndex(row=5) - start
23:04:39.288 [main] DEBUG org.dbunit.dataset.AbstractTable - assertValidRowIndex(row=5, rowCount=8) - start
23:04:39.288 [main] DEBUG org.dbunit.dataset.AbstractTable - getColumnIndex(columnName=quantity) - start
23:04:39.288 [main] DEBUG o.d.dataset.AbstractTableMetaData - getColumnIndex(columnName=quantity) - start
23:04:39.290 [main] DEBUG o.d.d.s.AutomaticPreparedBatchStatement - addValue(value=3, dataType=INTEGER) - start
23:04:39.290 [main] DEBUG o.d.d.s.SimplePreparedStatement - addValue(value=3, dataType=INTEGER) - start
23:04:39.290 [main] DEBUG o.d.dataset.datatype.IntegerDataType - setSqlValue(value=3, column=4, statement=com.mysql.jdbc.JDBC4PreparedStatement@18c74: insert into order_items (id, order_order_number, product_sku_number, quantity) values (6, 5, 3, 196)) - start
23:04:39.290 [main] DEBUG o.d.dataset.datatype.IntegerDataType - typeCast(value=3) - start
23:04:39.291 [main] DEBUG o.d.dataset.datatype.IntegerDataType - typeCast(value=3) - start
23:04:39.291 [main] DEBUG o.d.d.s.AutomaticPreparedBatchStatement - addBatch() - start
23:04:39.291 [main] DEBUG o.d.d.s.SimplePreparedStatement - addBatch() - start
23:04:39.307 [main] DEBUG org.dbunit.operation.InsertOperation - equalsIgnoreMapping(ignoreMapping={}, table=org.dbunit.dataset.DefaultTable[_metaData=tableName=order_items, columns=[(id, UNKNOWN, nullableUnknown), (order_order_number, UNKNOWN, nullableUnknown), (product_sku_number, UNKNOWN, nullableUnknown), (quantity, UNKNOWN, nullableUnknown)], keys=[], _rowList.size()=8], row=6) - start
23:04:39.307 [main] DEBUG org.dbunit.dataset.DefaultTable - getValue(row=6, column=id) - start
23:04:39.307 [main] DEBUG org.dbunit.dataset.AbstractTable - assertValidRowIndex(row=6) - start
23:04:39.394 [main] DEBUG org.dbunit.dataset.AbstractTable - assertValidRowIndex(row=6, rowCount=8) - start
23:04:39.394 [main] DEBUG org.dbunit.dataset.AbstractTable - getColumnIndex(columnName=id) - start
23:04:39.394 [main] DEBUG o.d.dataset.AbstractTableMetaData - getColumnIndex(columnName=id) - start
23:04:39.394 [main] DEBUG org.dbunit.dataset.DefaultTable - getValue(row=6, column=order_order_number) - start
23:04:39.394 [main] DEBUG org.dbunit.dataset.AbstractTable - assertValidRowIndex(row=6) - start
23:04:39.395 [main] DEBUG org.dbunit.dataset.AbstractTable - assertValidRowIndex(row=6, rowCount=8) - start
23:04:39.395 [main] DEBUG org.dbunit.dataset.AbstractTable - getColumnIndex(columnName=order_order_number) - start
23:04:39.395 [main] DEBUG o.d.dataset.AbstractTableMetaData - getColumnIndex(columnName=order_order_number) - start
23:04:39.395 [main] DEBUG org.dbunit.dataset.DefaultTable - getValue(row=6, column=product_sku_number) - start
23:04:39.395 [main] DEBUG org.dbunit.dataset.AbstractTable - assertValidRowIndex(row=6) - start
23:04:39.397 [main] DEBUG org.dbunit.dataset.AbstractTable - assertValidRowIndex(row=6, rowCount=8) - start
23:04:39.397 [main] DEBUG org.dbunit.dataset.AbstractTable - getColumnIndex(columnName=product_sku_number) - start
23:04:39.397 [main] DEBUG o.d.dataset.AbstractTableMetaData - getColumnIndex(columnName=product_sku_number) - start
23:04:39.397 [main] DEBUG org.dbunit.dataset.DefaultTable - getValue(row=6, column=quantity) - start
23:04:39.397 [main] DEBUG org.dbunit.dataset.AbstractTable - assertValidRowIndex(row=6) - start
23:04:39.398 [main] DEBUG org.dbunit.dataset.AbstractTable - assertValidRowIndex(row=6, rowCount=8) - start
23:04:39.398 [main] DEBUG org.dbunit.dataset.AbstractTable - getColumnIndex(columnName=quantity) - start
23:04:39.398 [main] DEBUG o.d.dataset.AbstractTableMetaData - getColumnIndex(columnName=quantity) - start
23:04:39.398 [main] DEBUG org.dbunit.dataset.DefaultTable - getValue(row=6, column=id) - start
23:04:39.398 [main] DEBUG org.dbunit.dataset.AbstractTable - assertValidRowIndex(row=6) - start
23:04:39.400 [main] DEBUG org.dbunit.dataset.AbstractTable - assertValidRowIndex(row=6, rowCount=8) - start
23:04:39.400 [main] DEBUG org.dbunit.dataset.AbstractTable - getColumnIndex(columnName=id) - start
23:04:39.400 [main] DEBUG o.d.dataset.AbstractTableMetaData - getColumnIndex(columnName=id) - start
23:04:39.400 [main] DEBUG o.d.d.s.AutomaticPreparedBatchStatement - addValue(value=7, dataType=INTEGER) - start
23:04:39.400 [main] DEBUG o.d.d.s.SimplePreparedStatement - addValue(value=7, dataType=INTEGER) - start
23:04:39.401 [main] DEBUG o.d.dataset.datatype.IntegerDataType - setSqlValue(value=7, column=1, statement=com.mysql.jdbc.JDBC4PreparedStatement@18c74: insert into order_items (id, order_order_number, product_sku_number, quantity) values (6, 5, 3, 3)) - start
23:04:39.401 [main] DEBUG o.d.dataset.datatype.IntegerDataType - typeCast(value=7) - start
23:04:39.401 [main] DEBUG o.d.dataset.datatype.IntegerDataType - typeCast(value=7) - start
23:04:39.401 [main] DEBUG org.dbunit.dataset.DefaultTable - getValue(row=6, column=order_order_number) - start
23:04:39.403 [main] DEBUG org.dbunit.dataset.AbstractTable - assertValidRowIndex(row=6) - start
23:04:39.403 [main] DEBUG org.dbunit.dataset.AbstractTable - assertValidRowIndex(row=6, rowCount=8) - start
23:04:39.403 [main] DEBUG org.dbunit.dataset.AbstractTable - getColumnIndex(columnName=order_order_number) - start
23:04:39.403 [main] DEBUG o.d.dataset.AbstractTableMetaData - getColumnIndex(columnName=order_order_number) - start
23:04:39.403 [main] DEBUG o.d.d.s.AutomaticPreparedBatchStatement - addValue(value=5, dataType=INTEGER) - start
23:04:39.404 [main] DEBUG o.d.d.s.SimplePreparedStatement - addValue(value=5, dataType=INTEGER) - start
23:04:39.405 [main] DEBUG o.d.dataset.datatype.IntegerDataType - setSqlValue(value=5, column=2, statement=com.mysql.jdbc.JDBC4PreparedStatement@18c74: insert into order_items (id, order_order_number, product_sku_number, quantity) values (7, 5, 3, 3)) - start
23:04:39.405 [main] DEBUG o.d.dataset.datatype.IntegerDataType - typeCast(value=5) - start
23:04:39.405 [main] DEBUG o.d.dataset.datatype.IntegerDataType - typeCast(value=5) - start
23:04:39.406 [main] DEBUG org.dbunit.dataset.DefaultTable - getValue(row=6, column=product_sku_number) - start
23:04:39.406 [main] DEBUG org.dbunit.dataset.AbstractTable - assertValidRowIndex(row=6) - start
23:04:39.406 [main] DEBUG org.dbunit.dataset.AbstractTable - assertValidRowIndex(row=6, rowCount=8) - start
23:04:39.406 [main] DEBUG org.dbunit.dataset.AbstractTable - getColumnIndex(columnName=product_sku_number) - start
23:04:39.406 [main] DEBUG o.d.dataset.AbstractTableMetaData - getColumnIndex(columnName=product_sku_number) - start
23:04:39.408 [main] DEBUG o.d.d.s.AutomaticPreparedBatchStatement - addValue(value=4, dataType=INTEGER) - start
23:04:39.408 [main] DEBUG o.d.d.s.SimplePreparedStatement - addValue(value=4, dataType=INTEGER) - start
23:04:39.408 [main] DEBUG o.d.dataset.datatype.IntegerDataType - setSqlValue(value=4, column=3, statement=com.mysql.jdbc.JDBC4PreparedStatement@18c74: insert into order_items (id, order_order_number, product_sku_number, quantity) values (7, 5, 3, 3)) - start
23:04:39.408 [main] DEBUG o.d.dataset.datatype.IntegerDataType - typeCast(value=4) - start
23:04:39.409 [main] DEBUG o.d.dataset.datatype.IntegerDataType - typeCast(value=4) - start
23:04:39.409 [main] DEBUG org.dbunit.dataset.DefaultTable - getValue(row=6, column=quantity) - start
23:04:39.409 [main] DEBUG org.dbunit.dataset.AbstractTable - assertValidRowIndex(row=6) - start
23:04:39.409 [main] DEBUG org.dbunit.dataset.AbstractTable - assertValidRowIndex(row=6, rowCount=8) - start
23:04:39.409 [main] DEBUG org.dbunit.dataset.AbstractTable - getColumnIndex(columnName=quantity) - start
23:04:39.409 [main] DEBUG o.d.dataset.AbstractTableMetaData - getColumnIndex(columnName=quantity) - start
23:04:39.411 [main] DEBUG o.d.d.s.AutomaticPreparedBatchStatement - addValue(value=10, dataType=INTEGER) - start
23:04:39.411 [main] DEBUG o.d.d.s.SimplePreparedStatement - addValue(value=10, dataType=INTEGER) - start
23:04:39.411 [main] DEBUG o.d.dataset.datatype.IntegerDataType - setSqlValue(value=10, column=4, statement=com.mysql.jdbc.JDBC4PreparedStatement@18c74: insert into order_items (id, order_order_number, product_sku_number, quantity) values (7, 5, 4, 3)) - start
23:04:39.411 [main] DEBUG o.d.dataset.datatype.IntegerDataType - typeCast(value=10) - start
23:04:39.413 [main] DEBUG o.d.dataset.datatype.IntegerDataType - typeCast(value=10) - start
23:04:39.413 [main] DEBUG o.d.d.s.AutomaticPreparedBatchStatement - addBatch() - start
23:04:39.413 [main] DEBUG o.d.d.s.SimplePreparedStatement - addBatch() - start
23:04:39.472 [main] DEBUG org.dbunit.operation.InsertOperation - equalsIgnoreMapping(ignoreMapping={}, table=org.dbunit.dataset.DefaultTable[_metaData=tableName=order_items, columns=[(id, UNKNOWN, nullableUnknown), (order_order_number, UNKNOWN, nullableUnknown), (product_sku_number, UNKNOWN, nullableUnknown), (quantity, UNKNOWN, nullableUnknown)], keys=[], _rowList.size()=8], row=7) - start
23:04:39.472 [main] DEBUG org.dbunit.dataset.DefaultTable - getValue(row=7, column=id) - start
23:04:39.472 [main] DEBUG org.dbunit.dataset.AbstractTable - assertValidRowIndex(row=7) - start
23:04:39.515 [main] DEBUG org.dbunit.dataset.AbstractTable - assertValidRowIndex(row=7, rowCount=8) - start
23:04:39.515 [main] DEBUG org.dbunit.dataset.AbstractTable - getColumnIndex(columnName=id) - start
23:04:39.515 [main] DEBUG o.d.dataset.AbstractTableMetaData - getColumnIndex(columnName=id) - start
23:04:39.515 [main] DEBUG org.dbunit.dataset.DefaultTable - getValue(row=7, column=order_order_number) - start
23:04:39.515 [main] DEBUG org.dbunit.dataset.AbstractTable - assertValidRowIndex(row=7) - start
23:04:39.516 [main] DEBUG org.dbunit.dataset.AbstractTable - assertValidRowIndex(row=7, rowCount=8) - start
23:04:39.516 [main] DEBUG org.dbunit.dataset.AbstractTable - getColumnIndex(columnName=order_order_number) - start
23:04:39.516 [main] DEBUG o.d.dataset.AbstractTableMetaData - getColumnIndex(columnName=order_order_number) - start
23:04:39.516 [main] DEBUG org.dbunit.dataset.DefaultTable - getValue(row=7, column=product_sku_number) - start
23:04:39.516 [main] DEBUG org.dbunit.dataset.AbstractTable - assertValidRowIndex(row=7) - start
23:04:39.517 [main] DEBUG org.dbunit.dataset.AbstractTable - assertValidRowIndex(row=7, rowCount=8) - start
23:04:39.517 [main] DEBUG org.dbunit.dataset.AbstractTable - getColumnIndex(columnName=product_sku_number) - start
23:04:39.518 [main] DEBUG o.d.dataset.AbstractTableMetaData - getColumnIndex(columnName=product_sku_number) - start
23:04:39.518 [main] DEBUG org.dbunit.dataset.DefaultTable - getValue(row=7, column=quantity) - start
23:04:39.518 [main] DEBUG org.dbunit.dataset.AbstractTable - assertValidRowIndex(row=7) - start
23:04:39.519 [main] DEBUG org.dbunit.dataset.AbstractTable - assertValidRowIndex(row=7, rowCount=8) - start
23:04:39.519 [main] DEBUG org.dbunit.dataset.AbstractTable - getColumnIndex(columnName=quantity) - start
23:04:39.519 [main] DEBUG o.d.dataset.AbstractTableMetaData - getColumnIndex(columnName=quantity) - start
23:04:39.519 [main] DEBUG org.dbunit.dataset.DefaultTable - getValue(row=7, column=id) - start
23:04:39.519 [main] DEBUG org.dbunit.dataset.AbstractTable - assertValidRowIndex(row=7) - start
23:04:39.521 [main] DEBUG org.dbunit.dataset.AbstractTable - assertValidRowIndex(row=7, rowCount=8) - start
23:04:39.521 [main] DEBUG org.dbunit.dataset.AbstractTable - getColumnIndex(columnName=id) - start
23:04:39.521 [main] DEBUG o.d.dataset.AbstractTableMetaData - getColumnIndex(columnName=id) - start
23:04:39.521 [main] DEBUG o.d.d.s.AutomaticPreparedBatchStatement - addValue(value=8, dataType=INTEGER) - start
23:04:39.521 [main] DEBUG o.d.d.s.SimplePreparedStatement - addValue(value=8, dataType=INTEGER) - start
23:04:39.522 [main] DEBUG o.d.dataset.datatype.IntegerDataType - setSqlValue(value=8, column=1, statement=com.mysql.jdbc.JDBC4PreparedStatement@18c74: insert into order_items (id, order_order_number, product_sku_number, quantity) values (7, 5, 4, 10)) - start
23:04:39.522 [main] DEBUG o.d.dataset.datatype.IntegerDataType - typeCast(value=8) - start
23:04:39.522 [main] DEBUG o.d.dataset.datatype.IntegerDataType - typeCast(value=8) - start
23:04:39.522 [main] DEBUG org.dbunit.dataset.DefaultTable - getValue(row=7, column=order_order_number) - start
23:04:39.524 [main] DEBUG org.dbunit.dataset.AbstractTable - assertValidRowIndex(row=7) - start
23:04:39.524 [main] DEBUG org.dbunit.dataset.AbstractTable - assertValidRowIndex(row=7, rowCount=8) - start
23:04:39.524 [main] DEBUG org.dbunit.dataset.AbstractTable - getColumnIndex(columnName=order_order_number) - start
23:04:39.524 [main] DEBUG o.d.dataset.AbstractTableMetaData - getColumnIndex(columnName=order_order_number) - start
23:04:39.524 [main] DEBUG o.d.d.s.AutomaticPreparedBatchStatement - addValue(value=6, dataType=INTEGER) - start
23:04:39.526 [main] DEBUG o.d.d.s.SimplePreparedStatement - addValue(value=6, dataType=INTEGER) - start
23:04:39.526 [main] DEBUG o.d.dataset.datatype.IntegerDataType - setSqlValue(value=6, column=2, statement=com.mysql.jdbc.JDBC4PreparedStatement@18c74: insert into order_items (id, order_order_number, product_sku_number, quantity) values (8, 5, 4, 10)) - start
23:04:39.526 [main] DEBUG o.d.dataset.datatype.IntegerDataType - typeCast(value=6) - start
23:04:39.526 [main] DEBUG o.d.dataset.datatype.IntegerDataType - typeCast(value=6) - start
23:04:39.527 [main] DEBUG org.dbunit.dataset.DefaultTable - getValue(row=7, column=product_sku_number) - start
23:04:39.527 [main] DEBUG org.dbunit.dataset.AbstractTable - assertValidRowIndex(row=7) - start
23:04:39.527 [main] DEBUG org.dbunit.dataset.AbstractTable - assertValidRowIndex(row=7, rowCount=8) - start
23:04:39.527 [main] DEBUG org.dbunit.dataset.AbstractTable - getColumnIndex(columnName=product_sku_number) - start
23:04:39.527 [main] DEBUG o.d.dataset.AbstractTableMetaData - getColumnIndex(columnName=product_sku_number) - start
23:04:39.529 [main] DEBUG o.d.d.s.AutomaticPreparedBatchStatement - addValue(value=3, dataType=INTEGER) - start
23:04:39.529 [main] DEBUG o.d.d.s.SimplePreparedStatement - addValue(value=3, dataType=INTEGER) - start
23:04:39.529 [main] DEBUG o.d.dataset.datatype.IntegerDataType - setSqlValue(value=3, column=3, statement=com.mysql.jdbc.JDBC4PreparedStatement@18c74: insert into order_items (id, order_order_number, product_sku_number, quantity) values (8, 6, 4, 10)) - start
23:04:39.529 [main] DEBUG o.d.dataset.datatype.IntegerDataType - typeCast(value=3) - start
23:04:39.530 [main] DEBUG o.d.dataset.datatype.IntegerDataType - typeCast(value=3) - start
23:04:39.530 [main] DEBUG org.dbunit.dataset.DefaultTable - getValue(row=7, column=quantity) - start
23:04:39.530 [main] DEBUG org.dbunit.dataset.AbstractTable - assertValidRowIndex(row=7) - start
23:04:39.530 [main] DEBUG org.dbunit.dataset.AbstractTable - assertValidRowIndex(row=7, rowCount=8) - start
23:04:39.530 [main] DEBUG org.dbunit.dataset.AbstractTable - getColumnIndex(columnName=quantity) - start
23:04:39.530 [main] DEBUG o.d.dataset.AbstractTableMetaData - getColumnIndex(columnName=quantity) - start
23:04:39.532 [main] DEBUG o.d.d.s.AutomaticPreparedBatchStatement - addValue(value=3, dataType=INTEGER) - start
23:04:39.532 [main] DEBUG o.d.d.s.SimplePreparedStatement - addValue(value=3, dataType=INTEGER) - start
23:04:39.532 [main] DEBUG o.d.dataset.datatype.IntegerDataType - setSqlValue(value=3, column=4, statement=com.mysql.jdbc.JDBC4PreparedStatement@18c74: insert into order_items (id, order_order_number, product_sku_number, quantity) values (8, 6, 3, 10)) - start
23:04:39.532 [main] DEBUG o.d.dataset.datatype.IntegerDataType - typeCast(value=3) - start
23:04:39.534 [main] DEBUG o.d.dataset.datatype.IntegerDataType - typeCast(value=3) - start
23:04:39.534 [main] DEBUG o.d.d.s.AutomaticPreparedBatchStatement - addBatch() - start
23:04:39.534 [main] DEBUG o.d.d.s.SimplePreparedStatement - addBatch() - start
23:04:39.582 [main] DEBUG org.dbunit.operation.InsertOperation - equalsIgnoreMapping(ignoreMapping={}, table=org.dbunit.dataset.DefaultTable[_metaData=tableName=order_items, columns=[(id, UNKNOWN, nullableUnknown), (order_order_number, UNKNOWN, nullableUnknown), (product_sku_number, UNKNOWN, nullableUnknown), (quantity, UNKNOWN, nullableUnknown)], keys=[], _rowList.size()=8], row=8) - start
23:04:39.582 [main] DEBUG org.dbunit.dataset.DefaultTable - getValue(row=8, column=id) - start
23:04:39.582 [main] DEBUG org.dbunit.dataset.AbstractTable - assertValidRowIndex(row=8) - start
23:04:39.636 [main] DEBUG org.dbunit.dataset.AbstractTable - assertValidRowIndex(row=8, rowCount=8) - start
23:04:39.636 [main] DEBUG o.d.d.s.AutomaticPreparedBatchStatement - executeBatch() - start
23:04:39.636 [main] DEBUG o.d.d.s.SimplePreparedStatement - executeBatch() - start
23:04:39.636 [main] DEBUG o.d.d.s.SimplePreparedStatement - clearBatch() - start
23:04:39.636 [main] DEBUG o.d.d.s.AutomaticPreparedBatchStatement - clearBatch() - start
23:04:39.636 [main] DEBUG o.d.d.s.SimplePreparedStatement - clearBatch() - start
23:04:39.637 [main] DEBUG o.d.d.s.AutomaticPreparedBatchStatement - close() - start
23:04:39.637 [main] DEBUG o.d.d.s.AbstractPreparedBatchStatement - close() - start
23:04:39.637 [main] DEBUG org.dbunit.DefaultOperationListener - operationSetUpFinished(connection=org.dbunit.database.DatabaseConnection[schema=, connection=com.mysql.jdbc.JDBC4Connection@941db6, super=_databaseConfig=org.dbunit.database.DatabaseConfig[, _propertyMap={http://www.dbunit.org/properties/statementFactory=org.dbunit.database.statement.PreparedStatementFactory@16c9867, http://www.dbunit.org/features/caseSensitiveTableNames=false, http://www.dbunit.org/properties/fetchSize=100, http://www.dbunit.org/features/batchedStatements=false, http://www.dbunit.org/properties/metadataHandler=org.dbunit.database.DefaultMetadataHandler@2acc57, http://www.dbunit.org/properties/datatypeFactory=org.dbunit.dataset.datatype.DefaultDataTypeFactory[_toleratedDeltaMap=org.dbunit.dataset.datatype.ToleratedDeltaMap@c837cd], http://www.dbunit.org/properties/escapePattern=null, http://www.dbunit.org/properties/batchSize=100, http://www.dbunit.org/features/qualifiedTableNames=false, http://www.dbunit.org/properties/tableType=[Ljava.lang.String;@c79809, http://www.dbunit.org/properties/resultSetTableFactory=org.dbunit.database.CachedResultSetTableFactory@1ce784b, http://www.dbunit.org/features/datatypeWarning=true}], _dataSet=AbstractDataSet[_orderedTableNameMap=null]]) - start
23:04:39.638 [main] DEBUG org.dbunit.DefaultOperationListener - closeConnection(connection=org.dbunit.database.DatabaseConnection[schema=, connection=com.mysql.jdbc.JDBC4Connection@941db6, super=_databaseConfig=org.dbunit.database.DatabaseConfig[, _propertyMap={http://www.dbunit.org/properties/statementFactory=org.dbunit.database.statement.PreparedStatementFactory@16c9867, http://www.dbunit.org/features/caseSensitiveTableNames=false, http://www.dbunit.org/properties/fetchSize=100, http://www.dbunit.org/features/batchedStatements=false, http://www.dbunit.org/properties/metadataHandler=org.dbunit.database.DefaultMetadataHandler@2acc57, http://www.dbunit.org/properties/datatypeFactory=org.dbunit.dataset.datatype.DefaultDataTypeFactory[_toleratedDeltaMap=org.dbunit.dataset.datatype.ToleratedDeltaMap@c837cd], http://www.dbunit.org/properties/escapePattern=null, http://www.dbunit.org/properties/batchSize=100, http://www.dbunit.org/features/qualifiedTableNames=false, http://www.dbunit.org/properties/tableType=[Ljava.lang.String;@c79809, http://www.dbunit.org/properties/resultSetTableFactory=org.dbunit.database.CachedResultSetTableFactory@1ce784b, http://www.dbunit.org/features/datatypeWarning=true}], _dataSet=AbstractDataSet[_orderedTableNameMap=null]]) - start
23:04:39.639 [main] DEBUG o.dbunit.database.DatabaseConnection - close() - start
200.00
10000.00
15000.00
2180.00
23:04:39.648 [main] DEBUG org.dbunit.DatabaseTestCase - tearDown() - start
23:04:39.648 [main] DEBUG org.dbunit.AbstractDatabaseTester - setTearDownOperation(tearDownOperation=org.dbunit.operation.DeleteAllOperation@19b1de) - start
23:04:39.648 [main] DEBUG o.d.d.xml.FlatXmlDataSetBuilder - Creating FlatXmlDataSet with builder parameters: org.dbunit.dataset.xml.FlatXmlDataSetBuilder[dtdMetadata=true, columnSensing=false, caseSensitiveTableNames=false, metaDataSet=null]
23:04:39.649 [main] DEBUG o.d.d.xml.FlatXmlDataSetBuilder - Creating FlatXmlProducer using the properties of this builder: org.dbunit.dataset.xml.FlatXmlDataSetBuilder[dtdMetadata=true, columnSensing=false, caseSensitiveTableNames=false, metaDataSet=null]
23:04:39.649 [main] DEBUG o.dbunit.dataset.xml.FlatXmlProducer - setConsumer(consumer) - start
23:04:39.649 [main] DEBUG o.dbunit.dataset.xml.FlatXmlProducer - produce() - start
23:04:39.650 [main] DEBUG o.dbunit.dataset.xml.FlatDtdProducer - setLexicalHandler(xmlReader=org.apache.xerces.parsers.SAXParser@1dc0e7a, handler=org.dbunit.dataset.xml.FlatXmlProducer$FlatDtdHandler@3a9bba) - start
23:04:39.650 [main] DEBUG o.dbunit.dataset.xml.FlatDtdProducer - setDeclHandler(xmlReader=org.apache.xerces.parsers.SAXParser@1dc0e7a, handler=org.dbunit.dataset.xml.FlatXmlProducer$FlatDtdHandler@3a9bba) - start
23:04:39.650 [main] DEBUG o.dbunit.dataset.xml.FlatXmlProducer - startElement(uri=, localName=, qName=dataset, attributes=org.apache.xerces.parsers.AbstractSAXParser$AttributesProxy@1c5ddc9) - start
23:04:39.651 [main] DEBUG org.dbunit.dataset.CachedDataSet - startDataSet() - start
23:04:39.651 [main] DEBUG o.dbunit.dataset.xml.FlatXmlProducer - startElement(uri=, localName=, qName=customers, attributes=org.apache.xerces.parsers.AbstractSAXParser$AttributesProxy@1c5ddc9) - start
23:04:39.651 [main] DEBUG o.dbunit.dataset.OrderedTableNameMap - getLastTableName() - start
23:04:39.651 [main] DEBUG o.dbunit.dataset.OrderedTableNameMap - isLastTable(tableName=customers) - start
23:04:39.651 [main] DEBUG o.dbunit.dataset.OrderedTableNameMap - getTableName(tableName=customers) - start
23:04:39.653 [main] DEBUG o.dbunit.dataset.OrderedTableNameMap - getTableName(tableName=customers) - end - result=CUSTOMERS
23:04:39.653 [main] DEBUG o.dbunit.dataset.xml.FlatXmlProducer - createTableMetaData(tableName=customers, attributes=org.apache.xerces.parsers.AbstractSAXParser$AttributesProxy@1c5ddc9) - start
23:04:39.653 [main] DEBUG org.dbunit.dataset.Columns - getColumns(columnNames=[], columns=[(id, UNKNOWN, nullableUnknown), (name, UNKNOWN, nullableUnknown)]) - start
23:04:39.653 [main] DEBUG o.dbunit.dataset.OrderedTableNameMap - add(tableName=customers, object=tableName=customers, columns=[(id, UNKNOWN, nullableUnknown), (name, UNKNOWN, nullableUnknown)], keys=[]) - start
23:04:39.656 [main] DEBUG o.dbunit.dataset.OrderedTableNameMap - getTableName(tableName=customers) - start
23:04:39.656 [main] DEBUG o.dbunit.dataset.OrderedTableNameMap - getTableName(tableName=customers) - end - result=CUSTOMERS
23:04:39.656 [main] DEBUG o.dbunit.dataset.OrderedTableNameMap - getTableName(tableName=CUSTOMERS) - start
23:04:39.656 [main] DEBUG o.dbunit.dataset.OrderedTableNameMap - getTableName(tableName=CUSTOMERS) - end - result=CUSTOMERS
23:04:39.656 [main] DEBUG org.dbunit.dataset.CachedDataSet - startTable(metaData=tableName=customers, columns=[(id, UNKNOWN, nullableUnknown), (name, UNKNOWN, nullableUnknown)], keys=[]) - start
23:04:39.658 [main] DEBUG o.dbunit.dataset.OrderedTableNameMap - getLastTableName() - start
23:04:39.658 [main] DEBUG o.dbunit.dataset.OrderedTableNameMap - getTableName(tableName=customers) - start
23:04:39.658 [main] DEBUG o.dbunit.dataset.OrderedTableNameMap - getTableName(tableName=customers) - end - result=CUSTOMERS
23:04:39.658 [main] DEBUG o.d.dataset.AbstractTableMetaData - getColumnIndex(columnName=id) - start
23:04:39.658 [main] DEBUG o.d.dataset.AbstractTableMetaData - getColumnIndex(columnName=name) - start
23:04:39.660 [main] DEBUG o.dbunit.dataset.OrderedTableNameMap - getLastTableName() - start
23:04:39.660 [main] DEBUG o.dbunit.dataset.OrderedTableNameMap - getTableName(tableName=customers) - start
23:04:39.660 [main] DEBUG o.dbunit.dataset.OrderedTableNameMap - getTableName(tableName=customers) - end - result=CUSTOMERS
23:04:39.660 [main] DEBUG org.dbunit.dataset.CachedDataSet - row(values=1) - start
23:04:39.660 [main] DEBUG org.dbunit.dataset.DefaultTable - addRow(values=1) - start
23:04:39.660 [main] DEBUG o.dbunit.dataset.xml.FlatXmlProducer - endElement(uri=, localName=, qName=customers) - start
23:04:39.661 [main] DEBUG o.dbunit.dataset.xml.FlatXmlProducer - startElement(uri=, localName=, qName=customers, attributes=org.apache.xerces.parsers.AbstractSAXParser$AttributesProxy@1c5ddc9) - start
23:04:39.662 [main] DEBUG o.dbunit.dataset.OrderedTableNameMap - getLastTableName() - start
23:04:39.662 [main] DEBUG o.dbunit.dataset.OrderedTableNameMap - getTableName(tableName=customers) - start
23:04:39.662 [main] DEBUG o.dbunit.dataset.OrderedTableNameMap - getTableName(tableName=customers) - end - result=CUSTOMERS
23:04:39.663 [main] DEBUG o.dbunit.dataset.OrderedTableNameMap - isLastTable(tableName=customers) - start
23:04:39.664 [main] DEBUG o.dbunit.dataset.OrderedTableNameMap - getLastTableName() - start
23:04:39.664 [main] DEBUG o.dbunit.dataset.OrderedTableNameMap - getTableName(tableName=customers) - start
23:04:39.664 [main] DEBUG o.dbunit.dataset.OrderedTableNameMap - getTableName(tableName=customers) - end - result=CUSTOMERS
23:04:39.664 [main] DEBUG o.dbunit.dataset.OrderedTableNameMap - getTableName(tableName=customers) - start
23:04:39.665 [main] DEBUG o.dbunit.dataset.OrderedTableNameMap - getTableName(tableName=customers) - end - result=CUSTOMERS
23:04:39.665 [main] DEBUG o.dbunit.dataset.OrderedTableNameMap - getLastTableName() - start
23:04:39.665 [main] DEBUG o.dbunit.dataset.OrderedTableNameMap - getTableName(tableName=customers) - start
23:04:39.665 [main] DEBUG o.dbunit.dataset.OrderedTableNameMap - getTableName(tableName=customers) - end - result=CUSTOMERS
23:04:39.665 [main] DEBUG o.d.dataset.AbstractTableMetaData - getColumnIndex(columnName=id) - start
23:04:39.666 [main] DEBUG o.d.dataset.AbstractTableMetaData - getColumnIndex(columnName=name) - start
23:04:39.667 [main] DEBUG o.dbunit.dataset.OrderedTableNameMap - getLastTableName() - start
23:04:39.667 [main] DEBUG o.dbunit.dataset.OrderedTableNameMap - getTableName(tableName=customers) - start
23:04:39.667 [main] DEBUG o.dbunit.dataset.OrderedTableNameMap - getTableName(tableName=customers) - end - result=CUSTOMERS
23:04:39.667 [main] DEBUG org.dbunit.dataset.CachedDataSet - row(values=2) - start
23:04:39.668 [main] DEBUG org.dbunit.dataset.DefaultTable - addRow(values=2) - start
23:04:39.668 [main] DEBUG o.dbunit.dataset.xml.FlatXmlProducer - endElement(uri=, localName=, qName=customers) - start
23:04:39.668 [main] DEBUG o.dbunit.dataset.xml.FlatXmlProducer - startElement(uri=, localName=, qName=customers, attributes=org.apache.xerces.parsers.AbstractSAXParser$AttributesProxy@1c5ddc9) - start
23:04:39.668 [main] DEBUG o.dbunit.dataset.OrderedTableNameMap - getLastTableName() - start
23:04:39.668 [main] DEBUG o.dbunit.dataset.OrderedTableNameMap - getTableName(tableName=customers) - start
23:04:39.670 [main] DEBUG o.dbunit.dataset.OrderedTableNameMap - getTableName(tableName=customers) - end - result=CUSTOMERS
23:04:39.670 [main] DEBUG o.dbunit.dataset.OrderedTableNameMap - isLastTable(tableName=customers) - start
23:04:39.670 [main] DEBUG o.dbunit.dataset.OrderedTableNameMap - getLastTableName() - start
23:04:39.670 [main] DEBUG o.dbunit.dataset.OrderedTableNameMap - getTableName(tableName=customers) - start
23:04:39.670 [main] DEBUG o.dbunit.dataset.OrderedTableNameMap - getTableName(tableName=customers) - end - result=CUSTOMERS
23:04:39.672 [main] DEBUG o.dbunit.dataset.OrderedTableNameMap - getTableName(tableName=customers) - start
23:04:39.672 [main] DEBUG o.dbunit.dataset.OrderedTableNameMap - getTableName(tableName=customers) - end - result=CUSTOMERS
23:04:39.672 [main] DEBUG o.dbunit.dataset.OrderedTableNameMap - getLastTableName() - start
23:04:39.672 [main] DEBUG o.dbunit.dataset.OrderedTableNameMap - getTableName(tableName=customers) - start
23:04:39.672 [main] DEBUG o.dbunit.dataset.OrderedTableNameMap - getTableName(tableName=customers) - end - result=CUSTOMERS
23:04:39.674 [main] DEBUG o.d.dataset.AbstractTableMetaData - getColumnIndex(columnName=id) - start
23:04:39.674 [main] DEBUG o.d.dataset.AbstractTableMetaData - getColumnIndex(columnName=name) - start
23:04:39.674 [main] DEBUG o.dbunit.dataset.OrderedTableNameMap - getLastTableName() - start
23:04:39.674 [main] DEBUG o.dbunit.dataset.OrderedTableNameMap - getTableName(tableName=customers) - start
23:04:39.674 [main] DEBUG o.dbunit.dataset.OrderedTableNameMap - getTableName(tableName=customers) - end - result=CUSTOMERS
23:04:39.675 [main] DEBUG org.dbunit.dataset.CachedDataSet - row(values=3) - start
23:04:39.675 [main] DEBUG org.dbunit.dataset.DefaultTable - addRow(values=3) - start
23:04:39.675 [main] DEBUG o.dbunit.dataset.xml.FlatXmlProducer - endElement(uri=, localName=, qName=customers) - start
23:04:39.675 [main] DEBUG o.dbunit.dataset.xml.FlatXmlProducer - startElement(uri=, localName=, qName=customers, attributes=org.apache.xerces.parsers.AbstractSAXParser$AttributesProxy@1c5ddc9) - start
23:04:39.675 [main] DEBUG o.dbunit.dataset.OrderedTableNameMap - getLastTableName() - start
23:04:39.677 [main] DEBUG o.dbunit.dataset.OrderedTableNameMap - getTableName(tableName=customers) - start
23:04:39.677 [main] DEBUG o.dbunit.dataset.OrderedTableNameMap - getTableName(tableName=customers) - end - result=CUSTOMERS
23:04:39.677 [main] DEBUG o.dbunit.dataset.OrderedTableNameMap - isLastTable(tableName=customers) - start
23:04:39.677 [main] DEBUG o.dbunit.dataset.OrderedTableNameMap - getLastTableName() - start
23:04:39.677 [main] DEBUG o.dbunit.dataset.OrderedTableNameMap - getTableName(tableName=customers) - start
23:04:39.679 [main] DEBUG o.dbunit.dataset.OrderedTableNameMap - getTableName(tableName=customers) - end - result=CUSTOMERS
23:04:39.679 [main] DEBUG o.dbunit.dataset.OrderedTableNameMap - getTableName(tableName=customers) - start
23:04:39.679 [main] DEBUG o.dbunit.dataset.OrderedTableNameMap - getTableName(tableName=customers) - end - result=CUSTOMERS
23:04:39.679 [main] DEBUG o.dbunit.dataset.OrderedTableNameMap - getLastTableName() - start
23:04:39.679 [main] DEBUG o.dbunit.dataset.OrderedTableNameMap - getTableName(tableName=customers) - start
23:04:39.680 [main] DEBUG o.dbunit.dataset.OrderedTableNameMap - getTableName(tableName=customers) - end - result=CUSTOMERS
23:04:39.681 [main] DEBUG o.d.dataset.AbstractTableMetaData - getColumnIndex(columnName=id) - start
23:04:39.681 [main] DEBUG o.d.dataset.AbstractTableMetaData - getColumnIndex(columnName=name) - start
23:04:39.681 [main] DEBUG o.dbunit.dataset.OrderedTableNameMap - getLastTableName() - start
23:04:39.681 [main] DEBUG o.dbunit.dataset.OrderedTableNameMap - getTableName(tableName=customers) - start
23:04:39.682 [main] DEBUG o.dbunit.dataset.OrderedTableNameMap - getTableName(tableName=customers) - end - result=CUSTOMERS
23:04:39.682 [main] DEBUG org.dbunit.dataset.CachedDataSet - row(values=4) - start
23:04:39.682 [main] DEBUG org.dbunit.dataset.DefaultTable - addRow(values=4) - start
23:04:39.682 [main] DEBUG o.dbunit.dataset.xml.FlatXmlProducer - endElement(uri=, localName=, qName=customers) - start
23:04:39.684 [main] DEBUG o.dbunit.dataset.xml.FlatXmlProducer - startElement(uri=, localName=, qName=customers, attributes=org.apache.xerces.parsers.AbstractSAXParser$AttributesProxy@1c5ddc9) - start
23:04:39.684 [main] DEBUG o.dbunit.dataset.OrderedTableNameMap - getLastTableName() - start
23:04:39.685 [main] DEBUG o.dbunit.dataset.OrderedTableNameMap - getTableName(tableName=customers) - start
23:04:39.685 [main] DEBUG o.dbunit.dataset.OrderedTableNameMap - getTableName(tableName=customers) - end - result=CUSTOMERS
23:04:39.685 [main] DEBUG o.dbunit.dataset.OrderedTableNameMap - isLastTable(tableName=customers) - start
23:04:39.685 [main] DEBUG o.dbunit.dataset.OrderedTableNameMap - getLastTableName() - start
23:04:39.685 [main] DEBUG o.dbunit.dataset.OrderedTableNameMap - getTableName(tableName=customers) - start
23:04:39.685 [main] DEBUG o.dbunit.dataset.OrderedTableNameMap - getTableName(tableName=customers) - end - result=CUSTOMERS
23:04:39.685 [main] DEBUG o.dbunit.dataset.OrderedTableNameMap - getTableName(tableName=customers) - start
23:04:39.687 [main] DEBUG o.dbunit.dataset.OrderedTableNameMap - getTableName(tableName=customers) - end - result=CUSTOMERS
23:04:39.687 [main] DEBUG o.dbunit.dataset.OrderedTableNameMap - getLastTableName() - start
23:04:39.687 [main] DEBUG o.dbunit.dataset.OrderedTableNameMap - getTableName(tableName=customers) - start
23:04:39.687 [main] DEBUG o.dbunit.dataset.OrderedTableNameMap - getTableName(tableName=customers) - end - result=CUSTOMERS
23:04:39.687 [main] DEBUG o.d.dataset.AbstractTableMetaData - getColumnIndex(columnName=id) - start
23:04:39.689 [main] DEBUG o.d.dataset.AbstractTableMetaData - getColumnIndex(columnName=name) - start
23:04:39.689 [main] DEBUG o.dbunit.dataset.OrderedTableNameMap - getLastTableName() - start
23:04:39.689 [main] DEBUG o.dbunit.dataset.OrderedTableNameMap - getTableName(tableName=customers) - start
23:04:39.689 [main] DEBUG o.dbunit.dataset.OrderedTableNameMap - getTableName(tableName=customers) - end - result=CUSTOMERS
23:04:39.689 [main] DEBUG org.dbunit.dataset.CachedDataSet - row(values=5) - start
23:04:39.690 [main] DEBUG org.dbunit.dataset.DefaultTable - addRow(values=5) - start
23:04:39.690 [main] DEBUG o.dbunit.dataset.xml.FlatXmlProducer - endElement(uri=, localName=, qName=customers) - start
23:04:39.691 [main] DEBUG o.dbunit.dataset.xml.FlatXmlProducer - startElement(uri=, localName=, qName=customers, attributes=org.apache.xerces.parsers.AbstractSAXParser$AttributesProxy@1c5ddc9) - start
23:04:39.691 [main] DEBUG o.dbunit.dataset.OrderedTableNameMap - getLastTableName() - start
23:04:39.691 [main] DEBUG o.dbunit.dataset.OrderedTableNameMap - getTableName(tableName=customers) - start
23:04:39.692 [main] DEBUG o.dbunit.dataset.OrderedTableNameMap - getTableName(tableName=customers) - end - result=CUSTOMERS
23:04:39.692 [main] DEBUG o.dbunit.dataset.OrderedTableNameMap - isLastTable(tableName=customers) - start
23:04:39.692 [main] DEBUG o.dbunit.dataset.OrderedTableNameMap - getLastTableName() - start
23:04:39.692 [main] DEBUG o.dbunit.dataset.OrderedTableNameMap - getTableName(tableName=customers) - start
23:04:39.692 [main] DEBUG o.dbunit.dataset.OrderedTableNameMap - getTableName(tableName=customers) - end - result=CUSTOMERS
23:04:39.693 [main] DEBUG o.dbunit.dataset.OrderedTableNameMap - getTableName(tableName=customers) - start
23:04:39.693 [main] DEBUG o.dbunit.dataset.OrderedTableNameMap - getTableName(tableName=customers) - end - result=CUSTOMERS
23:04:39.693 [main] DEBUG o.dbunit.dataset.OrderedTableNameMap - getLastTableName() - start
23:04:39.694 [main] DEBUG o.dbunit.dataset.OrderedTableNameMap - getTableName(tableName=customers) - start
23:04:39.694 [main] DEBUG o.dbunit.dataset.OrderedTableNameMap - getTableName(tableName=customers) - end - result=CUSTOMERS
23:04:39.695 [main] DEBUG o.d.dataset.AbstractTableMetaData - getColumnIndex(columnName=id) - start
23:04:39.695 [main] DEBUG o.d.dataset.AbstractTableMetaData - getColumnIndex(columnName=name) - start
23:04:39.695 [main] DEBUG o.dbunit.dataset.OrderedTableNameMap - getLastTableName() - start
23:04:39.695 [main] DEBUG o.dbunit.dataset.OrderedTableNameMap - getTableName(tableName=customers) - start
23:04:39.695 [main] DEBUG o.dbunit.dataset.OrderedTableNameMap - getTableName(tableName=customers) - end - result=CUSTOMERS
23:04:39.697 [main] DEBUG org.dbunit.dataset.CachedDataSet - row(values=6) - start
23:04:39.697 [main] DEBUG org.dbunit.dataset.DefaultTable - addRow(values=6) - start
23:04:39.697 [main] DEBUG o.dbunit.dataset.xml.FlatXmlProducer - endElement(uri=, localName=, qName=customers) - start
23:04:39.697 [main] DEBUG o.dbunit.dataset.xml.FlatXmlProducer - startElement(uri=, localName=, qName=products, attributes=org.apache.xerces.parsers.AbstractSAXParser$AttributesProxy@1c5ddc9) - start
23:04:39.697 [main] DEBUG o.dbunit.dataset.OrderedTableNameMap - getLastTableName() - start
23:04:39.699 [main] DEBUG o.dbunit.dataset.OrderedTableNameMap - getTableName(tableName=customers) - start
23:04:39.699 [main] DEBUG o.dbunit.dataset.OrderedTableNameMap - getTableName(tableName=customers) - end - result=CUSTOMERS
23:04:39.699 [main] DEBUG o.dbunit.dataset.OrderedTableNameMap - isLastTable(tableName=products) - start
23:04:39.699 [main] DEBUG o.dbunit.dataset.OrderedTableNameMap - getLastTableName() - start
23:04:39.699 [main] DEBUG o.dbunit.dataset.OrderedTableNameMap - getTableName(tableName=customers) - start
23:04:39.701 [main] DEBUG o.dbunit.dataset.OrderedTableNameMap - getTableName(tableName=customers) - end - result=CUSTOMERS
23:04:39.701 [main] DEBUG o.dbunit.dataset.OrderedTableNameMap - getTableName(tableName=products) - start
23:04:39.701 [main] DEBUG o.dbunit.dataset.OrderedTableNameMap - getTableName(tableName=products) - end - result=PRODUCTS
23:04:39.701 [main] DEBUG org.dbunit.dataset.CachedDataSet - endTable() - start
23:04:39.701 [main] DEBUG o.dbunit.dataset.OrderedTableNameMap - getTableName(tableName=customers) - start
23:04:39.702 [main] DEBUG o.dbunit.dataset.OrderedTableNameMap - getTableName(tableName=customers) - end - result=CUSTOMERS
23:04:39.702 [main] DEBUG o.dbunit.dataset.OrderedTableNameMap - add(tableName=customers, object=org.dbunit.dataset.DefaultTable[_metaData=tableName=customers, columns=[(id, UNKNOWN, nullableUnknown), (name, UNKNOWN, nullableUnknown)], keys=[], _rowList.size()=6]) - start
23:04:39.702 [main] DEBUG o.dbunit.dataset.OrderedTableNameMap - getTableName(tableName=customers) - start
23:04:39.702 [main] DEBUG o.dbunit.dataset.OrderedTableNameMap - getTableName(tableName=customers) - end - result=CUSTOMERS
23:04:39.704 [main] DEBUG o.dbunit.dataset.OrderedTableNameMap - getTableName(tableName=CUSTOMERS) - start
23:04:39.704 [main] DEBUG o.dbunit.dataset.OrderedTableNameMap - getTableName(tableName=CUSTOMERS) - end - result=CUSTOMERS
23:04:39.704 [main] DEBUG o.dbunit.dataset.OrderedTableNameMap - getTableName(tableName=products) - start
23:04:39.704 [main] DEBUG o.dbunit.dataset.OrderedTableNameMap - getTableName(tableName=products) - end - result=PRODUCTS
23:04:39.704 [main] DEBUG o.dbunit.dataset.xml.FlatXmlProducer - createTableMetaData(tableName=products, attributes=org.apache.xerces.parsers.AbstractSAXParser$AttributesProxy@1c5ddc9) - start
23:04:39.706 [main] DEBUG org.dbunit.dataset.Columns - getColumns(columnNames=[], columns=[(sku_number, UNKNOWN, nullableUnknown), (name, UNKNOWN, nullableUnknown), (amount, UNKNOWN, nullableUnknown)]) - start
23:04:39.706 [main] DEBUG o.dbunit.dataset.OrderedTableNameMap - add(tableName=products, object=tableName=products, columns=[(sku_number, UNKNOWN, nullableUnknown), (name, UNKNOWN, nullableUnknown), (amount, UNKNOWN, nullableUnknown)], keys=[]) - start
23:04:39.706 [main] DEBUG o.dbunit.dataset.OrderedTableNameMap - getTableName(tableName=products) - start
23:04:39.708 [main] DEBUG o.dbunit.dataset.OrderedTableNameMap - getTableName(tableName=products) - end - result=PRODUCTS
23:04:39.708 [main] DEBUG o.dbunit.dataset.OrderedTableNameMap - getTableName(tableName=PRODUCTS) - start
23:04:39.708 [main] DEBUG o.dbunit.dataset.OrderedTableNameMap - getTableName(tableName=PRODUCTS) - end - result=PRODUCTS
23:04:39.708 [main] DEBUG org.dbunit.dataset.CachedDataSet - startTable(metaData=tableName=products, columns=[(sku_number, UNKNOWN, nullableUnknown), (name, UNKNOWN, nullableUnknown), (amount, UNKNOWN, nullableUnknown)], keys=[]) - start
23:04:39.709 [main] DEBUG o.dbunit.dataset.OrderedTableNameMap - getLastTableName() - start
23:04:39.709 [main] DEBUG o.dbunit.dataset.OrderedTableNameMap - getTableName(tableName=products) - start
23:04:39.709 [main] DEBUG o.dbunit.dataset.OrderedTableNameMap - getTableName(tableName=products) - end - result=PRODUCTS
23:04:39.709 [main] DEBUG o.d.dataset.AbstractTableMetaData - getColumnIndex(columnName=sku_number) - start
23:04:39.709 [main] DEBUG o.d.dataset.AbstractTableMetaData - getColumnIndex(columnName=name) - start
23:04:39.711 [main] DEBUG o.d.dataset.AbstractTableMetaData - getColumnIndex(columnName=amount) - start
23:04:39.711 [main] DEBUG o.dbunit.dataset.OrderedTableNameMap - getLastTableName() - start
23:04:39.711 [main] DEBUG o.dbunit.dataset.OrderedTableNameMap - getTableName(tableName=products) - start
23:04:39.711 [main] DEBUG o.dbunit.dataset.OrderedTableNameMap - getTableName(tableName=products) - end - result=PRODUCTS
23:04:39.711 [main] DEBUG org.dbunit.dataset.CachedDataSet - row(values=1) - start
23:04:39.711 [main] DEBUG org.dbunit.dataset.DefaultTable - addRow(values=1) - start
23:04:39.712 [main] DEBUG o.dbunit.dataset.xml.FlatXmlProducer - endElement(uri=, localName=, qName=products) - start
23:04:39.713 [main] DEBUG o.dbunit.dataset.xml.FlatXmlProducer - startElement(uri=, localName=, qName=products, attributes=org.apache.xerces.parsers.AbstractSAXParser$AttributesProxy@1c5ddc9) - start
23:04:39.713 [main] DEBUG o.dbunit.dataset.OrderedTableNameMap - getLastTableName() - start
23:04:39.713 [main] DEBUG o.dbunit.dataset.OrderedTableNameMap - getTableName(tableName=products) - start
23:04:39.714 [main] DEBUG o.dbunit.dataset.OrderedTableNameMap - getTableName(tableName=products) - end - result=PRODUCTS
23:04:39.714 [main] DEBUG o.dbunit.dataset.OrderedTableNameMap - isLastTable(tableName=products) - start
23:04:39.714 [main] DEBUG o.dbunit.dataset.OrderedTableNameMap - getLastTableName() - start
23:04:39.714 [main] DEBUG o.dbunit.dataset.OrderedTableNameMap - getTableName(tableName=products) - start
23:04:39.714 [main] DEBUG o.dbunit.dataset.OrderedTableNameMap - getTableName(tableName=products) - end - result=PRODUCTS
23:04:39.716 [main] DEBUG o.dbunit.dataset.OrderedTableNameMap - getTableName(tableName=products) - start
23:04:39.716 [main] DEBUG o.dbunit.dataset.OrderedTableNameMap - getTableName(tableName=products) - end - result=PRODUCTS
23:04:39.716 [main] DEBUG o.dbunit.dataset.OrderedTableNameMap - getLastTableName() - start
23:04:39.716 [main] DEBUG o.dbunit.dataset.OrderedTableNameMap - getTableName(tableName=products) - start
23:04:39.716 [main] DEBUG o.dbunit.dataset.OrderedTableNameMap - getTableName(tableName=products) - end - result=PRODUCTS
23:04:39.718 [main] DEBUG o.d.dataset.AbstractTableMetaData - getColumnIndex(columnName=sku_number) - start
23:04:39.718 [main] DEBUG o.d.dataset.AbstractTableMetaData - getColumnIndex(columnName=name) - start
23:04:39.718 [main] DEBUG o.d.dataset.AbstractTableMetaData - getColumnIndex(columnName=amount) - start
23:04:39.718 [main] DEBUG o.dbunit.dataset.OrderedTableNameMap - getLastTableName() - start
23:04:39.718 [main] DEBUG o.dbunit.dataset.OrderedTableNameMap - getTableName(tableName=products) - start
23:04:39.719 [main] DEBUG o.dbunit.dataset.OrderedTableNameMap - getTableName(tableName=products) - end - result=PRODUCTS
23:04:39.719 [main] DEBUG org.dbunit.dataset.CachedDataSet - row(values=2) - start
23:04:39.719 [main] DEBUG org.dbunit.dataset.DefaultTable - addRow(values=2) - start
23:04:39.719 [main] DEBUG o.dbunit.dataset.xml.FlatXmlProducer - endElement(uri=, localName=, qName=products) - start
23:04:39.720 [main] DEBUG o.dbunit.dataset.xml.FlatXmlProducer - startElement(uri=, localName=, qName=products, attributes=org.apache.xerces.parsers.AbstractSAXParser$AttributesProxy@1c5ddc9) - start
23:04:39.721 [main] DEBUG o.dbunit.dataset.OrderedTableNameMap - getLastTableName() - start
23:04:39.721 [main] DEBUG o.dbunit.dataset.OrderedTableNameMap - getTableName(tableName=products) - start
23:04:39.721 [main] DEBUG o.dbunit.dataset.OrderedTableNameMap - getTableName(tableName=products) - end - result=PRODUCTS
23:04:39.721 [main] DEBUG o.dbunit.dataset.OrderedTableNameMap - isLastTable(tableName=products) - start
23:04:39.721 [main] DEBUG o.dbunit.dataset.OrderedTableNameMap - getLastTableName() - start
23:04:39.723 [main] DEBUG o.dbunit.dataset.OrderedTableNameMap - getTableName(tableName=products) - start
23:04:39.723 [main] DEBUG o.dbunit.dataset.OrderedTableNameMap - getTableName(tableName=products) - end - result=PRODUCTS
23:04:39.723 [main] DEBUG o.dbunit.dataset.OrderedTableNameMap - getTableName(tableName=products) - start
23:04:39.723 [main] DEBUG o.dbunit.dataset.OrderedTableNameMap - getTableName(tableName=products) - end - result=PRODUCTS
23:04:39.723 [main] DEBUG o.dbunit.dataset.OrderedTableNameMap - getLastTableName() - start
23:04:39.725 [main] DEBUG o.dbunit.dataset.OrderedTableNameMap - getTableName(tableName=products) - start
23:04:39.725 [main] DEBUG o.dbunit.dataset.OrderedTableNameMap - getTableName(tableName=products) - end - result=PRODUCTS
23:04:39.725 [main] DEBUG o.d.dataset.AbstractTableMetaData - getColumnIndex(columnName=sku_number) - start
23:04:39.725 [main] DEBUG o.d.dataset.AbstractTableMetaData - getColumnIndex(columnName=name) - start
23:04:39.725 [main] DEBUG o.d.dataset.AbstractTableMetaData - getColumnIndex(columnName=amount) - start
23:04:39.726 [main] DEBUG o.dbunit.dataset.OrderedTableNameMap - getLastTableName() - start
23:04:39.726 [main] DEBUG o.dbunit.dataset.OrderedTableNameMap - getTableName(tableName=products) - start
23:04:39.727 [main] DEBUG o.dbunit.dataset.OrderedTableNameMap - getTableName(tableName=products) - end - result=PRODUCTS
23:04:39.727 [main] DEBUG org.dbunit.dataset.CachedDataSet - row(values=3) - start
23:04:39.727 [main] DEBUG org.dbunit.dataset.DefaultTable - addRow(values=3) - start
23:04:39.727 [main] DEBUG o.dbunit.dataset.xml.FlatXmlProducer - endElement(uri=, localName=, qName=products) - start
23:04:39.728 [main] DEBUG o.dbunit.dataset.xml.FlatXmlProducer - startElement(uri=, localName=, qName=products, attributes=org.apache.xerces.parsers.AbstractSAXParser$AttributesProxy@1c5ddc9) - start
23:04:39.728 [main] DEBUG o.dbunit.dataset.OrderedTableNameMap - getLastTableName() - start
23:04:39.728 [main] DEBUG o.dbunit.dataset.OrderedTableNameMap - getTableName(tableName=products) - start
23:04:39.728 [main] DEBUG o.dbunit.dataset.OrderedTableNameMap - getTableName(tableName=products) - end - result=PRODUCTS
23:04:39.730 [main] DEBUG o.dbunit.dataset.OrderedTableNameMap - isLastTable(tableName=products) - start
23:04:39.730 [main] DEBUG o.dbunit.dataset.OrderedTableNameMap - getLastTableName() - start
23:04:39.730 [main] DEBUG o.dbunit.dataset.OrderedTableNameMap - getTableName(tableName=products) - start
23:04:39.730 [main] DEBUG o.dbunit.dataset.OrderedTableNameMap - getTableName(tableName=products) - end - result=PRODUCTS
23:04:39.730 [main] DEBUG o.dbunit.dataset.OrderedTableNameMap - getTableName(tableName=products) - start
23:04:39.732 [main] DEBUG o.dbunit.dataset.OrderedTableNameMap - getTableName(tableName=products) - end - result=PRODUCTS
23:04:39.732 [main] DEBUG o.dbunit.dataset.OrderedTableNameMap - getLastTableName() - start
23:04:39.732 [main] DEBUG o.dbunit.dataset.OrderedTableNameMap - getTableName(tableName=products) - start
23:04:39.732 [main] DEBUG o.dbunit.dataset.OrderedTableNameMap - getTableName(tableName=products) - end - result=PRODUCTS
23:04:39.732 [main] DEBUG o.d.dataset.AbstractTableMetaData - getColumnIndex(columnName=sku_number) - start
23:04:39.733 [main] DEBUG o.d.dataset.AbstractTableMetaData - getColumnIndex(columnName=name) - start
23:04:39.733 [main] DEBUG o.d.dataset.AbstractTableMetaData - getColumnIndex(columnName=amount) - start
23:04:39.733 [main] DEBUG o.dbunit.dataset.OrderedTableNameMap - getLastTableName() - start
23:04:39.733 [main] DEBUG o.dbunit.dataset.OrderedTableNameMap - getTableName(tableName=products) - start
23:04:39.733 [main] DEBUG o.dbunit.dataset.OrderedTableNameMap - getTableName(tableName=products) - end - result=PRODUCTS
23:04:39.735 [main] DEBUG org.dbunit.dataset.CachedDataSet - row(values=4) - start
23:04:39.735 [main] DEBUG org.dbunit.dataset.DefaultTable - addRow(values=4) - start
23:04:39.735 [main] DEBUG o.dbunit.dataset.xml.FlatXmlProducer - endElement(uri=, localName=, qName=products) - start
23:04:39.735 [main] DEBUG o.dbunit.dataset.xml.FlatXmlProducer - startElement(uri=, localName=, qName=orders, attributes=org.apache.xerces.parsers.AbstractSAXParser$AttributesProxy@1c5ddc9) - start
23:04:39.735 [main] DEBUG o.dbunit.dataset.OrderedTableNameMap - getLastTableName() - start
23:04:39.737 [main] DEBUG o.dbunit.dataset.OrderedTableNameMap - getTableName(tableName=products) - start
23:04:39.737 [main] DEBUG o.dbunit.dataset.OrderedTableNameMap - getTableName(tableName=products) - end - result=PRODUCTS
23:04:39.737 [main] DEBUG o.dbunit.dataset.OrderedTableNameMap - isLastTable(tableName=orders) - start
23:04:39.737 [main] DEBUG o.dbunit.dataset.OrderedTableNameMap - getLastTableName() - start
23:04:39.737 [main] DEBUG o.dbunit.dataset.OrderedTableNameMap - getTableName(tableName=products) - start
23:04:39.739 [main] DEBUG o.dbunit.dataset.OrderedTableNameMap - getTableName(tableName=products) - end - result=PRODUCTS
23:04:39.739 [main] DEBUG o.dbunit.dataset.OrderedTableNameMap - getTableName(tableName=orders) - start
23:04:39.739 [main] DEBUG o.dbunit.dataset.OrderedTableNameMap - getTableName(tableName=orders) - end - result=ORDERS
23:04:39.739 [main] DEBUG org.dbunit.dataset.CachedDataSet - endTable() - start
23:04:39.739 [main] DEBUG o.dbunit.dataset.OrderedTableNameMap - getTableName(tableName=products) - start
23:04:39.740 [main] DEBUG o.dbunit.dataset.OrderedTableNameMap - getTableName(tableName=products) - end - result=PRODUCTS
23:04:39.740 [main] DEBUG o.dbunit.dataset.OrderedTableNameMap - add(tableName=products, object=org.dbunit.dataset.DefaultTable[_metaData=tableName=products, columns=[(sku_number, UNKNOWN, nullableUnknown), (name, UNKNOWN, nullableUnknown), (amount, UNKNOWN, nullableUnknown)], keys=[], _rowList.size()=4]) - start
23:04:39.740 [main] DEBUG o.dbunit.dataset.OrderedTableNameMap - getTableName(tableName=products) - start
23:04:39.742 [main] DEBUG o.dbunit.dataset.OrderedTableNameMap - getTableName(tableName=products) - end - result=PRODUCTS
23:04:39.742 [main] DEBUG o.dbunit.dataset.OrderedTableNameMap - getTableName(tableName=PRODUCTS) - start
23:04:39.742 [main] DEBUG o.dbunit.dataset.OrderedTableNameMap - getTableName(tableName=PRODUCTS) - end - result=PRODUCTS
23:04:39.742 [main] DEBUG o.dbunit.dataset.OrderedTableNameMap - getTableName(tableName=orders) - start
23:04:39.742 [main] DEBUG o.dbunit.dataset.OrderedTableNameMap - getTableName(tableName=orders) - end - result=ORDERS
23:04:39.743 [main] DEBUG o.dbunit.dataset.xml.FlatXmlProducer - createTableMetaData(tableName=orders, attributes=org.apache.xerces.parsers.AbstractSAXParser$AttributesProxy@1c5ddc9) - start
23:04:39.743 [main] DEBUG org.dbunit.dataset.Columns - getColumns(columnNames=[], columns=[(order_number, UNKNOWN, nullableUnknown), (customer_id, UNKNOWN, nullableUnknown), (date, UNKNOWN, nullableUnknown), (amount, UNKNOWN, nullableUnknown), (order_status, UNKNOWN, nullableUnknown), (discount_status, UNKNOWN, nullableUnknown)]) - start
23:04:39.745 [main] DEBUG o.dbunit.dataset.OrderedTableNameMap - add(tableName=orders, object=tableName=orders, columns=[(order_number, UNKNOWN, nullableUnknown), (customer_id, UNKNOWN, nullableUnknown), (date, UNKNOWN, nullableUnknown), (amount, UNKNOWN, nullableUnknown), (order_status, UNKNOWN, nullableUnknown), (discount_status, UNKNOWN, nullableUnknown)], keys=[]) - start
23:04:39.745 [main] DEBUG o.dbunit.dataset.OrderedTableNameMap - getTableName(tableName=orders) - start
23:04:39.745 [main] DEBUG o.dbunit.dataset.OrderedTableNameMap - getTableName(tableName=orders) - end - result=ORDERS
23:04:39.746 [main] DEBUG o.dbunit.dataset.OrderedTableNameMap - getTableName(tableName=ORDERS) - start
23:04:39.746 [main] DEBUG o.dbunit.dataset.OrderedTableNameMap - getTableName(tableName=ORDERS) - end - result=ORDERS
23:04:39.746 [main] DEBUG org.dbunit.dataset.CachedDataSet - startTable(metaData=tableName=orders, columns=[(order_number, UNKNOWN, nullableUnknown), (customer_id, UNKNOWN, nullableUnknown), (date, UNKNOWN, nullableUnknown), (amount, UNKNOWN, nullableUnknown), (order_status, UNKNOWN, nullableUnknown), (discount_status, UNKNOWN, nullableUnknown)], keys=[]) - start
23:04:39.748 [main] DEBUG o.dbunit.dataset.OrderedTableNameMap - getLastTableName() - start
23:04:39.748 [main] DEBUG o.dbunit.dataset.OrderedTableNameMap - getTableName(tableName=orders) - start
23:04:39.748 [main] DEBUG o.dbunit.dataset.OrderedTableNameMap - getTableName(tableName=orders) - end - result=ORDERS
23:04:39.748 [main] DEBUG o.d.dataset.AbstractTableMetaData - getColumnIndex(columnName=order_number) - start
23:04:39.748 [main] DEBUG o.d.dataset.AbstractTableMetaData - getColumnIndex(columnName=customer_id) - start
23:04:39.749 [main] DEBUG o.d.dataset.AbstractTableMetaData - getColumnIndex(columnName=date) - start
23:04:39.749 [main] DEBUG o.d.dataset.AbstractTableMetaData - getColumnIndex(columnName=amount) - start
23:04:39.749 [main] DEBUG o.d.dataset.AbstractTableMetaData - getColumnIndex(columnName=order_status) - start
23:04:39.749 [main] DEBUG o.d.dataset.AbstractTableMetaData - getColumnIndex(columnName=discount_status) - start
23:04:39.749 [main] DEBUG o.dbunit.dataset.OrderedTableNameMap - getLastTableName() - start
23:04:39.751 [main] DEBUG o.dbunit.dataset.OrderedTableNameMap - getTableName(tableName=orders) - start
23:04:39.751 [main] DEBUG o.dbunit.dataset.OrderedTableNameMap - getTableName(tableName=orders) - end - result=ORDERS
23:04:39.751 [main] DEBUG org.dbunit.dataset.CachedDataSet - row(values=1) - start
23:04:39.751 [main] DEBUG org.dbunit.dataset.DefaultTable - addRow(values=1) - start
23:04:39.751 [main] DEBUG o.dbunit.dataset.xml.FlatXmlProducer - endElement(uri=, localName=, qName=orders) - start
23:04:39.751 [main] DEBUG o.dbunit.dataset.xml.FlatXmlProducer - startElement(uri=, localName=, qName=order_items, attributes=org.apache.xerces.parsers.AbstractSAXParser$AttributesProxy@1c5ddc9) - start
23:04:39.753 [main] DEBUG o.dbunit.dataset.OrderedTableNameMap - getLastTableName() - start
23:04:39.753 [main] DEBUG o.dbunit.dataset.OrderedTableNameMap - getTableName(tableName=orders) - start
23:04:39.753 [main] DEBUG o.dbunit.dataset.OrderedTableNameMap - getTableName(tableName=orders) - end - result=ORDERS
23:04:39.753 [main] DEBUG o.dbunit.dataset.OrderedTableNameMap - isLastTable(tableName=order_items) - start
23:04:39.753 [main] DEBUG o.dbunit.dataset.OrderedTableNameMap - getLastTableName() - start
23:04:39.755 [main] DEBUG o.dbunit.dataset.OrderedTableNameMap - getTableName(tableName=orders) - start
23:04:39.755 [main] DEBUG o.dbunit.dataset.OrderedTableNameMap - getTableName(tableName=orders) - end - result=ORDERS
23:04:39.755 [main] DEBUG o.dbunit.dataset.OrderedTableNameMap - getTableName(tableName=order_items) - start
23:04:39.755 [main] DEBUG o.dbunit.dataset.OrderedTableNameMap - getTableName(tableName=order_items) - end - result=ORDER_ITEMS
23:04:39.755 [main] DEBUG org.dbunit.dataset.CachedDataSet - endTable() - start
23:04:39.757 [main] DEBUG o.dbunit.dataset.OrderedTableNameMap - getTableName(tableName=orders) - start
23:04:39.757 [main] DEBUG o.dbunit.dataset.OrderedTableNameMap - getTableName(tableName=orders) - end - result=ORDERS
23:04:39.757 [main] DEBUG o.dbunit.dataset.OrderedTableNameMap - add(tableName=orders, object=org.dbunit.dataset.DefaultTable[_metaData=tableName=orders, columns=[(order_number, UNKNOWN, nullableUnknown), (customer_id, UNKNOWN, nullableUnknown), (date, UNKNOWN, nullableUnknown), (amount, UNKNOWN, nullableUnknown), (order_status, UNKNOWN, nullableUnknown), (discount_status, UNKNOWN, nullableUnknown)], keys=[], _rowList.size()=1]) - start
23:04:39.758 [main] DEBUG o.dbunit.dataset.OrderedTableNameMap - getTableName(tableName=orders) - start
23:04:39.758 [main] DEBUG o.dbunit.dataset.OrderedTableNameMap - getTableName(tableName=orders) - end - result=ORDERS
23:04:39.758 [main] DEBUG o.dbunit.dataset.OrderedTableNameMap - getTableName(tableName=ORDERS) - start
23:04:39.758 [main] DEBUG o.dbunit.dataset.OrderedTableNameMap - getTableName(tableName=ORDERS) - end - result=ORDERS
23:04:39.758 [main] DEBUG o.dbunit.dataset.OrderedTableNameMap - getTableName(tableName=order_items) - start
23:04:39.759 [main] DEBUG o.dbunit.dataset.OrderedTableNameMap - getTableName(tableName=order_items) - end - result=ORDER_ITEMS
23:04:39.759 [main] DEBUG o.dbunit.dataset.xml.FlatXmlProducer - createTableMetaData(tableName=order_items, attributes=org.apache.xerces.parsers.AbstractSAXParser$AttributesProxy@1c5ddc9) - start
23:04:39.759 [main] DEBUG org.dbunit.dataset.Columns - getColumns(columnNames=[], columns=[(id, UNKNOWN, nullableUnknown), (order_order_number, UNKNOWN, nullableUnknown), (product_sku_number, UNKNOWN, nullableUnknown), (quantity, UNKNOWN, nullableUnknown)]) - start
23:04:39.762 [main] DEBUG o.dbunit.dataset.OrderedTableNameMap - add(tableName=order_items, object=tableName=order_items, columns=[(id, UNKNOWN, nullableUnknown), (order_order_number, UNKNOWN, nullableUnknown), (product_sku_number, UNKNOWN, nullableUnknown), (quantity, UNKNOWN, nullableUnknown)], keys=[]) - start
23:04:39.762 [main] DEBUG o.dbunit.dataset.OrderedTableNameMap - getTableName(tableName=order_items) - start
23:04:39.762 [main] DEBUG o.dbunit.dataset.OrderedTableNameMap - getTableName(tableName=order_items) - end - result=ORDER_ITEMS
23:04:39.763 [main] DEBUG o.dbunit.dataset.OrderedTableNameMap - getTableName(tableName=ORDER_ITEMS) - start
23:04:39.763 [main] DEBUG o.dbunit.dataset.OrderedTableNameMap - getTableName(tableName=ORDER_ITEMS) - end - result=ORDER_ITEMS
23:04:39.763 [main] DEBUG org.dbunit.dataset.CachedDataSet - startTable(metaData=tableName=order_items, columns=[(id, UNKNOWN, nullableUnknown), (order_order_number, UNKNOWN, nullableUnknown), (product_sku_number, UNKNOWN, nullableUnknown), (quantity, UNKNOWN, nullableUnknown)], keys=[]) - start
23:04:39.765 [main] DEBUG o.dbunit.dataset.OrderedTableNameMap - getLastTableName() - start
23:04:39.765 [main] DEBUG o.dbunit.dataset.OrderedTableNameMap - getTableName(tableName=order_items) - start
23:04:39.765 [main] DEBUG o.dbunit.dataset.OrderedTableNameMap - getTableName(tableName=order_items) - end - result=ORDER_ITEMS
23:04:39.765 [main] DEBUG o.d.dataset.AbstractTableMetaData - getColumnIndex(columnName=id) - start
23:04:39.765 [main] DEBUG o.d.dataset.AbstractTableMetaData - getColumnIndex(columnName=order_order_number) - start
23:04:39.766 [main] DEBUG o.d.dataset.AbstractTableMetaData - getColumnIndex(columnName=product_sku_number) - start
23:04:39.766 [main] DEBUG o.d.dataset.AbstractTableMetaData - getColumnIndex(columnName=quantity) - start
23:04:39.766 [main] DEBUG o.dbunit.dataset.OrderedTableNameMap - getLastTableName() - start
23:04:39.766 [main] DEBUG o.dbunit.dataset.OrderedTableNameMap - getTableName(tableName=order_items) - start
23:04:39.766 [main] DEBUG o.dbunit.dataset.OrderedTableNameMap - getTableName(tableName=order_items) - end - result=ORDER_ITEMS
23:04:39.768 [main] DEBUG org.dbunit.dataset.CachedDataSet - row(values=1) - start
23:04:39.768 [main] DEBUG org.dbunit.dataset.DefaultTable - addRow(values=1) - start
23:04:39.768 [main] DEBUG o.dbunit.dataset.xml.FlatXmlProducer - endElement(uri=, localName=, qName=order_items) - start
23:04:39.768 [main] DEBUG o.dbunit.dataset.xml.FlatXmlProducer - startElement(uri=, localName=, qName=orders, attributes=org.apache.xerces.parsers.AbstractSAXParser$AttributesProxy@1c5ddc9) - start
23:04:39.768 [main] DEBUG o.dbunit.dataset.OrderedTableNameMap - getLastTableName() - start
23:04:39.769 [main] DEBUG o.dbunit.dataset.OrderedTableNameMap - getTableName(tableName=order_items) - start
23:04:39.769 [main] DEBUG o.dbunit.dataset.OrderedTableNameMap - getTableName(tableName=order_items) - end - result=ORDER_ITEMS
23:04:39.769 [main] DEBUG o.dbunit.dataset.OrderedTableNameMap - isLastTable(tableName=orders) - start
23:04:39.769 [main] DEBUG o.dbunit.dataset.OrderedTableNameMap - getLastTableName() - start
23:04:39.769 [main] DEBUG o.dbunit.dataset.OrderedTableNameMap - getTableName(tableName=order_items) - start
23:04:39.771 [main] DEBUG o.dbunit.dataset.OrderedTableNameMap - getTableName(tableName=order_items) - end - result=ORDER_ITEMS
23:04:39.771 [main] DEBUG o.dbunit.dataset.OrderedTableNameMap - getTableName(tableName=orders) - start
23:04:39.771 [main] DEBUG o.dbunit.dataset.OrderedTableNameMap - getTableName(tableName=orders) - end - result=ORDERS
23:04:39.771 [main] DEBUG org.dbunit.dataset.CachedDataSet - endTable() - start
23:04:39.771 [main] DEBUG o.dbunit.dataset.OrderedTableNameMap - getTableName(tableName=order_items) - start
23:04:39.773 [main] DEBUG o.dbunit.dataset.OrderedTableNameMap - getTableName(tableName=order_items) - end - result=ORDER_ITEMS
23:04:39.773 [main] DEBUG o.dbunit.dataset.OrderedTableNameMap - add(tableName=order_items, object=org.dbunit.dataset.DefaultTable[_metaData=tableName=order_items, columns=[(id, UNKNOWN, nullableUnknown), (order_order_number, UNKNOWN, nullableUnknown), (product_sku_number, UNKNOWN, nullableUnknown), (quantity, UNKNOWN, nullableUnknown)], keys=[], _rowList.size()=1]) - start
23:04:39.773 [main] DEBUG o.dbunit.dataset.OrderedTableNameMap - getTableName(tableName=order_items) - start
23:04:39.775 [main] DEBUG o.dbunit.dataset.OrderedTableNameMap - getTableName(tableName=order_items) - end - result=ORDER_ITEMS
23:04:39.775 [main] DEBUG o.dbunit.dataset.OrderedTableNameMap - getTableName(tableName=ORDER_ITEMS) - start
23:04:39.775 [main] DEBUG o.dbunit.dataset.OrderedTableNameMap - getTableName(tableName=ORDER_ITEMS) - end - result=ORDER_ITEMS
23:04:39.775 [main] DEBUG o.dbunit.dataset.OrderedTableNameMap - getTableName(tableName=orders) - start
23:04:39.775 [main] DEBUG o.dbunit.dataset.OrderedTableNameMap - getTableName(tableName=orders) - end - result=ORDERS
23:04:39.776 [main] DEBUG o.dbunit.dataset.OrderedTableNameMap - getTableName(tableName=orders) - start
23:04:39.776 [main] DEBUG o.dbunit.dataset.OrderedTableNameMap - getTableName(tableName=orders) - end - result=ORDERS
23:04:39.776 [main] DEBUG o.dbunit.dataset.OrderedTableNameMap - setLastTable(nameorders) - start
23:04:39.776 [main] DEBUG o.dbunit.dataset.OrderedTableNameMap - getTableName(tableName=orders) - start
23:04:39.776 [main] DEBUG o.dbunit.dataset.OrderedTableNameMap - getTableName(tableName=orders) - end - result=ORDERS
23:04:39.778 [main] DEBUG org.dbunit.dataset.CachedDataSet - startTable(metaData=tableName=orders, columns=[(order_number, UNKNOWN, nullableUnknown), (customer_id, UNKNOWN, nullableUnknown), (date, UNKNOWN, nullableUnknown), (amount, UNKNOWN, nullableUnknown), (order_status, UNKNOWN, nullableUnknown), (discount_status, UNKNOWN, nullableUnknown)], keys=[]) - start
23:04:39.778 [main] DEBUG o.dbunit.dataset.OrderedTableNameMap - getLastTableName() - start
23:04:39.778 [main] DEBUG o.dbunit.dataset.OrderedTableNameMap - getTableName(tableName=orders) - start
23:04:39.780 [main] DEBUG o.dbunit.dataset.OrderedTableNameMap - getTableName(tableName=orders) - end - result=ORDERS
23:04:39.780 [main] DEBUG o.d.dataset.AbstractTableMetaData - getColumnIndex(columnName=order_number) - start
23:04:39.780 [main] DEBUG o.d.dataset.AbstractTableMetaData - getColumnIndex(columnName=customer_id) - start
23:04:39.780 [main] DEBUG o.d.dataset.AbstractTableMetaData - getColumnIndex(columnName=date) - start
23:04:39.781 [main] DEBUG o.d.dataset.AbstractTableMetaData - getColumnIndex(columnName=amount) - start
23:04:39.781 [main] DEBUG o.d.dataset.AbstractTableMetaData - getColumnIndex(columnName=order_status) - start
23:04:39.781 [main] DEBUG o.d.dataset.AbstractTableMetaData - getColumnIndex(columnName=discount_status) - start
23:04:39.781 [main] DEBUG o.dbunit.dataset.OrderedTableNameMap - getLastTableName() - start
23:04:39.781 [main] DEBUG o.dbunit.dataset.OrderedTableNameMap - getTableName(tableName=orders) - start
23:04:39.781 [main] DEBUG o.dbunit.dataset.OrderedTableNameMap - getTableName(tableName=orders) - end - result=ORDERS
23:04:39.783 [main] DEBUG org.dbunit.dataset.CachedDataSet - row(values=2) - start
23:04:39.783 [main] DEBUG org.dbunit.dataset.DefaultTable - addRow(values=2) - start
23:04:39.783 [main] DEBUG o.dbunit.dataset.xml.FlatXmlProducer - endElement(uri=, localName=, qName=orders) - start
23:04:39.783 [main] DEBUG o.dbunit.dataset.xml.FlatXmlProducer - startElement(uri=, localName=, qName=order_items, attributes=org.apache.xerces.parsers.AbstractSAXParser$AttributesProxy@1c5ddc9) - start
23:04:39.783 [main] DEBUG o.dbunit.dataset.OrderedTableNameMap - getLastTableName() - start
23:04:39.784 [main] DEBUG o.dbunit.dataset.OrderedTableNameMap - getTableName(tableName=orders) - start
23:04:39.784 [main] DEBUG o.dbunit.dataset.OrderedTableNameMap - getTableName(tableName=orders) - end - result=ORDERS
23:04:39.784 [main] DEBUG o.dbunit.dataset.OrderedTableNameMap - isLastTable(tableName=order_items) - start
23:04:39.784 [main] DEBUG o.dbunit.dataset.OrderedTableNameMap - getLastTableName() - start
23:04:39.784 [main] DEBUG o.dbunit.dataset.OrderedTableNameMap - getTableName(tableName=orders) - start
23:04:39.786 [main] DEBUG o.dbunit.dataset.OrderedTableNameMap - getTableName(tableName=orders) - end - result=ORDERS
23:04:39.786 [main] DEBUG o.dbunit.dataset.OrderedTableNameMap - getTableName(tableName=order_items) - start
23:04:39.786 [main] DEBUG o.dbunit.dataset.OrderedTableNameMap - getTableName(tableName=order_items) - end - result=ORDER_ITEMS
23:04:39.786 [main] DEBUG org.dbunit.dataset.CachedDataSet - endTable() - start
23:04:39.786 [main] DEBUG o.dbunit.dataset.OrderedTableNameMap - getTableName(tableName=orders) - start
23:04:39.788 [main] DEBUG o.dbunit.dataset.OrderedTableNameMap - getTableName(tableName=orders) - end - result=ORDERS
23:04:39.788 [main] DEBUG o.dbunit.dataset.OrderedTableNameMap - getTableName(tableName=orders) - start
23:04:39.788 [main] DEBUG o.dbunit.dataset.OrderedTableNameMap - getTableName(tableName=orders) - end - result=ORDERS
23:04:39.788 [main] DEBUG org.dbunit.dataset.DefaultTable - addTableRows(table=org.dbunit.dataset.DefaultTable[_metaData=tableName=orders, columns=[(order_number, UNKNOWN, nullableUnknown), (customer_id, UNKNOWN, nullableUnknown), (date, UNKNOWN, nullableUnknown), (amount, UNKNOWN, nullableUnknown), (order_status, UNKNOWN, nullableUnknown), (discount_status, UNKNOWN, nullableUnknown)], keys=[], _rowList.size()=1]) - start
23:04:39.789 [main] DEBUG org.dbunit.dataset.DefaultTable - getValue(row=0, column=order_number) - start
23:04:39.789 [main] DEBUG org.dbunit.dataset.AbstractTable - assertValidRowIndex(row=0) - start
23:04:39.789 [main] DEBUG org.dbunit.dataset.AbstractTable - assertValidRowIndex(row=0, rowCount=1) - start
23:04:39.789 [main] DEBUG org.dbunit.dataset.AbstractTable - getColumnIndex(columnName=order_number) - start
23:04:39.789 [main] DEBUG o.d.dataset.AbstractTableMetaData - getColumnIndex(columnName=order_number) - start
23:04:39.791 [main] DEBUG org.dbunit.dataset.DefaultTable - getValue(row=0, column=customer_id) - start
23:04:39.791 [main] DEBUG org.dbunit.dataset.AbstractTable - assertValidRowIndex(row=0) - start
23:04:39.791 [main] DEBUG org.dbunit.dataset.AbstractTable - assertValidRowIndex(row=0, rowCount=1) - start
23:04:39.791 [main] DEBUG org.dbunit.dataset.AbstractTable - getColumnIndex(columnName=customer_id) - start
23:04:39.791 [main] DEBUG o.d.dataset.AbstractTableMetaData - getColumnIndex(columnName=customer_id) - start
23:04:39.793 [main] DEBUG org.dbunit.dataset.DefaultTable - getValue(row=0, column=date) - start
23:04:39.793 [main] DEBUG org.dbunit.dataset.AbstractTable - assertValidRowIndex(row=0) - start
23:04:39.793 [main] DEBUG org.dbunit.dataset.AbstractTable - assertValidRowIndex(row=0, rowCount=1) - start
23:04:39.793 [main] DEBUG org.dbunit.dataset.AbstractTable - getColumnIndex(columnName=date) - start
23:04:39.793 [main] DEBUG o.d.dataset.AbstractTableMetaData - getColumnIndex(columnName=date) - start
23:04:39.793 [main] DEBUG org.dbunit.dataset.DefaultTable - getValue(row=0, column=amount) - start
23:04:39.795 [main] DEBUG org.dbunit.dataset.AbstractTable - assertValidRowIndex(row=0) - start
23:04:39.795 [main] DEBUG org.dbunit.dataset.AbstractTable - assertValidRowIndex(row=0, rowCount=1) - start
23:04:39.795 [main] DEBUG org.dbunit.dataset.AbstractTable - getColumnIndex(columnName=amount) - start
23:04:39.795 [main] DEBUG o.d.dataset.AbstractTableMetaData - getColumnIndex(columnName=amount) - start
23:04:39.795 [main] DEBUG org.dbunit.dataset.DefaultTable - getValue(row=0, column=order_status) - start
23:04:39.797 [main] DEBUG org.dbunit.dataset.AbstractTable - assertValidRowIndex(row=0) - start
23:04:39.797 [main] DEBUG org.dbunit.dataset.AbstractTable - assertValidRowIndex(row=0, rowCount=1) - start
23:04:39.797 [main] DEBUG org.dbunit.dataset.AbstractTable - getColumnIndex(columnName=order_status) - start
23:04:39.797 [main] DEBUG o.d.dataset.AbstractTableMetaData - getColumnIndex(columnName=order_status) - start
23:04:39.797 [main] DEBUG org.dbunit.dataset.DefaultTable - getValue(row=0, column=discount_status) - start
23:04:39.798 [main] DEBUG org.dbunit.dataset.AbstractTable - assertValidRowIndex(row=0) - start
23:04:39.798 [main] DEBUG org.dbunit.dataset.AbstractTable - assertValidRowIndex(row=0, rowCount=1) - start
23:04:39.798 [main] DEBUG org.dbunit.dataset.AbstractTable - getColumnIndex(columnName=discount_status) - start
23:04:39.798 [main] DEBUG o.d.dataset.AbstractTableMetaData - getColumnIndex(columnName=discount_status) - start
23:04:39.798 [main] DEBUG org.dbunit.dataset.DefaultTable - getValue(row=1, column=order_number) - start
23:04:39.800 [main] DEBUG org.dbunit.dataset.AbstractTable - assertValidRowIndex(row=1) - start
23:04:39.800 [main] DEBUG org.dbunit.dataset.AbstractTable - assertValidRowIndex(row=1, rowCount=1) - start
23:04:39.800 [main] DEBUG o.dbunit.dataset.OrderedTableNameMap - getTableName(tableName=order_items) - start
23:04:39.800 [main] DEBUG o.dbunit.dataset.OrderedTableNameMap - getTableName(tableName=order_items) - end - result=ORDER_ITEMS
23:04:39.800 [main] DEBUG o.dbunit.dataset.OrderedTableNameMap - getTableName(tableName=order_items) - start
23:04:39.801 [main] DEBUG o.dbunit.dataset.OrderedTableNameMap - getTableName(tableName=order_items) - end - result=ORDER_ITEMS
23:04:39.801 [main] DEBUG o.dbunit.dataset.OrderedTableNameMap - setLastTable(nameorder_items) - start
23:04:39.801 [main] DEBUG o.dbunit.dataset.OrderedTableNameMap - getTableName(tableName=order_items) - start
23:04:39.801 [main] DEBUG o.dbunit.dataset.OrderedTableNameMap - getTableName(tableName=order_items) - end - result=ORDER_ITEMS
23:04:39.801 [main] DEBUG org.dbunit.dataset.CachedDataSet - startTable(metaData=tableName=order_items, columns=[(id, UNKNOWN, nullableUnknown), (order_order_number, UNKNOWN, nullableUnknown), (product_sku_number, UNKNOWN, nullableUnknown), (quantity, UNKNOWN, nullableUnknown)], keys=[]) - start
23:04:39.803 [main] DEBUG o.dbunit.dataset.OrderedTableNameMap - getLastTableName() - start
23:04:39.803 [main] DEBUG o.dbunit.dataset.OrderedTableNameMap - getTableName(tableName=order_items) - start
23:04:39.803 [main] DEBUG o.dbunit.dataset.OrderedTableNameMap - getTableName(tableName=order_items) - end - result=ORDER_ITEMS
23:04:39.803 [main] DEBUG o.d.dataset.AbstractTableMetaData - getColumnIndex(columnName=id) - start
23:04:39.803 [main] DEBUG o.d.dataset.AbstractTableMetaData - getColumnIndex(columnName=order_order_number) - start
23:04:39.805 [main] DEBUG o.d.dataset.AbstractTableMetaData - getColumnIndex(columnName=product_sku_number) - start
23:04:39.805 [main] DEBUG o.d.dataset.AbstractTableMetaData - getColumnIndex(columnName=quantity) - start
23:04:39.805 [main] DEBUG o.dbunit.dataset.OrderedTableNameMap - getLastTableName() - start
23:04:39.805 [main] DEBUG o.dbunit.dataset.OrderedTableNameMap - getTableName(tableName=order_items) - start
23:04:39.805 [main] DEBUG o.dbunit.dataset.OrderedTableNameMap - getTableName(tableName=order_items) - end - result=ORDER_ITEMS
23:04:39.807 [main] DEBUG org.dbunit.dataset.CachedDataSet - row(values=2) - start
23:04:39.807 [main] DEBUG org.dbunit.dataset.DefaultTable - addRow(values=2) - start
23:04:39.807 [main] DEBUG o.dbunit.dataset.xml.FlatXmlProducer - endElement(uri=, localName=, qName=order_items) - start
23:04:39.807 [main] DEBUG o.dbunit.dataset.xml.FlatXmlProducer - startElement(uri=, localName=, qName=order_items, attributes=org.apache.xerces.parsers.AbstractSAXParser$AttributesProxy@1c5ddc9) - start
23:04:39.807 [main] DEBUG o.dbunit.dataset.OrderedTableNameMap - getLastTableName() - start
23:04:39.808 [main] DEBUG o.dbunit.dataset.OrderedTableNameMap - getTableName(tableName=order_items) - start
23:04:39.808 [main] DEBUG o.dbunit.dataset.OrderedTableNameMap - getTableName(tableName=order_items) - end - result=ORDER_ITEMS
23:04:39.808 [main] DEBUG o.dbunit.dataset.OrderedTableNameMap - isLastTable(tableName=order_items) - start
23:04:39.808 [main] DEBUG o.dbunit.dataset.OrderedTableNameMap - getLastTableName() - start
23:04:39.808 [main] DEBUG o.dbunit.dataset.OrderedTableNameMap - getTableName(tableName=order_items) - start
23:04:39.810 [main] DEBUG o.dbunit.dataset.OrderedTableNameMap - getTableName(tableName=order_items) - end - result=ORDER_ITEMS
23:04:39.810 [main] DEBUG o.dbunit.dataset.OrderedTableNameMap - getTableName(tableName=order_items) - start
23:04:39.810 [main] DEBUG o.dbunit.dataset.OrderedTableNameMap - getTableName(tableName=order_items) - end - result=ORDER_ITEMS
23:04:39.810 [main] DEBUG o.dbunit.dataset.OrderedTableNameMap - getLastTableName() - start
23:04:39.810 [main] DEBUG o.dbunit.dataset.OrderedTableNameMap - getTableName(tableName=order_items) - start
23:04:39.812 [main] DEBUG o.dbunit.dataset.OrderedTableNameMap - getTableName(tableName=order_items) - end - result=ORDER_ITEMS
23:04:39.812 [main] DEBUG o.d.dataset.AbstractTableMetaData - getColumnIndex(columnName=id) - start
23:04:39.812 [main] DEBUG o.d.dataset.AbstractTableMetaData - getColumnIndex(columnName=order_order_number) - start
23:04:39.812 [main] DEBUG o.d.dataset.AbstractTableMetaData - getColumnIndex(columnName=product_sku_number) - start
23:04:39.812 [main] DEBUG o.d.dataset.AbstractTableMetaData - getColumnIndex(columnName=quantity) - start
23:04:39.814 [main] DEBUG o.dbunit.dataset.OrderedTableNameMap - getLastTableName() - start
23:04:39.814 [main] DEBUG o.dbunit.dataset.OrderedTableNameMap - getTableName(tableName=order_items) - start
23:04:39.814 [main] DEBUG o.dbunit.dataset.OrderedTableNameMap - getTableName(tableName=order_items) - end - result=ORDER_ITEMS
23:04:39.814 [main] DEBUG org.dbunit.dataset.CachedDataSet - row(values=3) - start
23:04:39.814 [main] DEBUG org.dbunit.dataset.DefaultTable - addRow(values=3) - start
23:04:39.814 [main] DEBUG o.dbunit.dataset.xml.FlatXmlProducer - endElement(uri=, localName=, qName=order_items) - start
23:04:39.815 [main] DEBUG o.dbunit.dataset.xml.FlatXmlProducer - startElement(uri=, localName=, qName=orders, attributes=org.apache.xerces.parsers.AbstractSAXParser$AttributesProxy@1c5ddc9) - start
23:04:39.815 [main] DEBUG o.dbunit.dataset.OrderedTableNameMap - getLastTableName() - start
23:04:39.815 [main] DEBUG o.dbunit.dataset.OrderedTableNameMap - getTableName(tableName=order_items) - start
23:04:39.816 [main] DEBUG o.dbunit.dataset.OrderedTableNameMap - getTableName(tableName=order_items) - end - result=ORDER_ITEMS
23:04:39.817 [main] DEBUG o.dbunit.dataset.OrderedTableNameMap - isLastTable(tableName=orders) - start
23:04:39.817 [main] DEBUG o.dbunit.dataset.OrderedTableNameMap - getLastTableName() - start
23:04:39.817 [main] DEBUG o.dbunit.dataset.OrderedTableNameMap - getTableName(tableName=order_items) - start
23:04:39.817 [main] DEBUG o.dbunit.dataset.OrderedTableNameMap - getTableName(tableName=order_items) - end - result=ORDER_ITEMS
23:04:39.817 [main] DEBUG o.dbunit.dataset.OrderedTableNameMap - getTableName(tableName=orders) - start
23:04:39.819 [main] DEBUG o.dbunit.dataset.OrderedTableNameMap - getTableName(tableName=orders) - end - result=ORDERS
23:04:39.819 [main] DEBUG org.dbunit.dataset.CachedDataSet - endTable() - start
23:04:39.819 [main] DEBUG o.dbunit.dataset.OrderedTableNameMap - getTableName(tableName=order_items) - start
23:04:39.819 [main] DEBUG o.dbunit.dataset.OrderedTableNameMap - getTableName(tableName=order_items) - end - result=ORDER_ITEMS
23:04:39.819 [main] DEBUG o.dbunit.dataset.OrderedTableNameMap - getTableName(tableName=order_items) - start
23:04:39.821 [main] DEBUG o.dbunit.dataset.OrderedTableNameMap - getTableName(tableName=order_items) - end - result=ORDER_ITEMS
23:04:39.821 [main] DEBUG org.dbunit.dataset.DefaultTable - addTableRows(table=org.dbunit.dataset.DefaultTable[_metaData=tableName=order_items, columns=[(id, UNKNOWN, nullableUnknown), (order_order_number, UNKNOWN, nullableUnknown), (product_sku_number, UNKNOWN, nullableUnknown), (quantity, UNKNOWN, nullableUnknown)], keys=[], _rowList.size()=2]) - start
23:04:39.821 [main] DEBUG org.dbunit.dataset.DefaultTable - getValue(row=0, column=id) - start
23:04:39.822 [main] DEBUG org.dbunit.dataset.AbstractTable - assertValidRowIndex(row=0) - start
23:04:39.822 [main] DEBUG org.dbunit.dataset.AbstractTable - assertValidRowIndex(row=0, rowCount=2) - start
23:04:39.822 [main] DEBUG org.dbunit.dataset.AbstractTable - getColumnIndex(columnName=id) - start
23:04:39.822 [main] DEBUG o.d.dataset.AbstractTableMetaData - getColumnIndex(columnName=id) - start
23:04:39.822 [main] DEBUG org.dbunit.dataset.DefaultTable - getValue(row=0, column=order_order_number) - start
23:04:39.824 [main] DEBUG org.dbunit.dataset.AbstractTable - assertValidRowIndex(row=0) - start
23:04:39.824 [main] DEBUG org.dbunit.dataset.AbstractTable - assertValidRowIndex(row=0, rowCount=2) - start
23:04:39.824 [main] DEBUG org.dbunit.dataset.AbstractTable - getColumnIndex(columnName=order_order_number) - start
23:04:39.824 [main] DEBUG o.d.dataset.AbstractTableMetaData - getColumnIndex(columnName=order_order_number) - start
23:04:39.824 [main] DEBUG org.dbunit.dataset.DefaultTable - getValue(row=0, column=product_sku_number) - start
23:04:39.825 [main] DEBUG org.dbunit.dataset.AbstractTable - assertValidRowIndex(row=0) - start
23:04:39.825 [main] DEBUG org.dbunit.dataset.AbstractTable - assertValidRowIndex(row=0, rowCount=2) - start
23:04:39.825 [main] DEBUG org.dbunit.dataset.AbstractTable - getColumnIndex(columnName=product_sku_number) - start
23:04:39.825 [main] DEBUG o.d.dataset.AbstractTableMetaData - getColumnIndex(columnName=product_sku_number) - start
23:04:39.825 [main] DEBUG org.dbunit.dataset.DefaultTable - getValue(row=0, column=quantity) - start
23:04:39.827 [main] DEBUG org.dbunit.dataset.AbstractTable - assertValidRowIndex(row=0) - start
23:04:39.827 [main] DEBUG org.dbunit.dataset.AbstractTable - assertValidRowIndex(row=0, rowCount=2) - start
23:04:39.827 [main] DEBUG org.dbunit.dataset.AbstractTable - getColumnIndex(columnName=quantity) - start
23:04:39.827 [main] DEBUG o.d.dataset.AbstractTableMetaData - getColumnIndex(columnName=quantity) - start
23:04:39.827 [main] DEBUG org.dbunit.dataset.DefaultTable - getValue(row=1, column=id) - start
23:04:39.828 [main] DEBUG org.dbunit.dataset.AbstractTable - assertValidRowIndex(row=1) - start
23:04:39.828 [main] DEBUG org.dbunit.dataset.AbstractTable - assertValidRowIndex(row=1, rowCount=2) - start
23:04:39.828 [main] DEBUG org.dbunit.dataset.AbstractTable - getColumnIndex(columnName=id) - start
23:04:39.828 [main] DEBUG o.d.dataset.AbstractTableMetaData - getColumnIndex(columnName=id) - start
23:04:39.828 [main] DEBUG org.dbunit.dataset.DefaultTable - getValue(row=1, column=order_order_number) - start
23:04:39.830 [main] DEBUG org.dbunit.dataset.AbstractTable - assertValidRowIndex(row=1) - start
23:04:39.830 [main] DEBUG org.dbunit.dataset.AbstractTable - assertValidRowIndex(row=1, rowCount=2) - start
23:04:39.830 [main] DEBUG org.dbunit.dataset.AbstractTable - getColumnIndex(columnName=order_order_number) - start
23:04:39.830 [main] DEBUG o.d.dataset.AbstractTableMetaData - getColumnIndex(columnName=order_order_number) - start
23:04:39.830 [main] DEBUG org.dbunit.dataset.DefaultTable - getValue(row=1, column=product_sku_number) - start
23:04:39.832 [main] DEBUG org.dbunit.dataset.AbstractTable - assertValidRowIndex(row=1) - start
23:04:39.832 [main] DEBUG org.dbunit.dataset.AbstractTable - assertValidRowIndex(row=1, rowCount=2) - start
23:04:39.832 [main] DEBUG org.dbunit.dataset.AbstractTable - getColumnIndex(columnName=product_sku_number) - start
23:04:39.832 [main] DEBUG o.d.dataset.AbstractTableMetaData - getColumnIndex(columnName=product_sku_number) - start
23:04:39.832 [main] DEBUG org.dbunit.dataset.DefaultTable - getValue(row=1, column=quantity) - start
23:04:39.833 [main] DEBUG org.dbunit.dataset.AbstractTable - assertValidRowIndex(row=1) - start
23:04:39.833 [main] DEBUG org.dbunit.dataset.AbstractTable - assertValidRowIndex(row=1, rowCount=2) - start
23:04:39.833 [main] DEBUG org.dbunit.dataset.AbstractTable - getColumnIndex(columnName=quantity) - start
23:04:39.833 [main] DEBUG o.d.dataset.AbstractTableMetaData - getColumnIndex(columnName=quantity) - start
23:04:39.833 [main] DEBUG org.dbunit.dataset.DefaultTable - getValue(row=2, column=id) - start
23:04:39.835 [main] DEBUG org.dbunit.dataset.AbstractTable - assertValidRowIndex(row=2) - start
23:04:39.835 [main] DEBUG org.dbunit.dataset.AbstractTable - assertValidRowIndex(row=2, rowCount=2) - start
23:04:39.835 [main] DEBUG o.dbunit.dataset.OrderedTableNameMap - getTableName(tableName=orders) - start
23:04:39.835 [main] DEBUG o.dbunit.dataset.OrderedTableNameMap - getTableName(tableName=orders) - end - result=ORDERS
23:04:39.835 [main] DEBUG o.dbunit.dataset.OrderedTableNameMap - getTableName(tableName=orders) - start
23:04:39.836 [main] DEBUG o.dbunit.dataset.OrderedTableNameMap - getTableName(tableName=orders) - end - result=ORDERS
23:04:39.836 [main] DEBUG o.dbunit.dataset.OrderedTableNameMap - setLastTable(nameorders) - start
23:04:39.836 [main] DEBUG o.dbunit.dataset.OrderedTableNameMap - getTableName(tableName=orders) - start
23:04:39.836 [main] DEBUG o.dbunit.dataset.OrderedTableNameMap - getTableName(tableName=orders) - end - result=ORDERS
23:04:39.836 [main] DEBUG org.dbunit.dataset.CachedDataSet - startTable(metaData=tableName=orders, columns=[(order_number, UNKNOWN, nullableUnknown), (customer_id, UNKNOWN, nullableUnknown), (date, UNKNOWN, nullableUnknown), (amount, UNKNOWN, nullableUnknown), (order_status, UNKNOWN, nullableUnknown), (discount_status, UNKNOWN, nullableUnknown)], keys=[]) - start
23:04:39.839 [main] DEBUG o.dbunit.dataset.OrderedTableNameMap - getLastTableName() - start
23:04:39.839 [main] DEBUG o.dbunit.dataset.OrderedTableNameMap - getTableName(tableName=orders) - start
23:04:39.839 [main] DEBUG o.dbunit.dataset.OrderedTableNameMap - getTableName(tableName=orders) - end - result=ORDERS
23:04:39.840 [main] DEBUG o.d.dataset.AbstractTableMetaData - getColumnIndex(columnName=order_number) - start
23:04:39.842 [main] DEBUG o.d.dataset.AbstractTableMetaData - getColumnIndex(columnName=customer_id) - start
23:04:39.842 [main] DEBUG o.d.dataset.AbstractTableMetaData - getColumnIndex(columnName=date) - start
23:04:39.843 [main] DEBUG o.d.dataset.AbstractTableMetaData - getColumnIndex(columnName=amount) - start
23:04:39.843 [main] DEBUG o.d.dataset.AbstractTableMetaData - getColumnIndex(columnName=order_status) - start
23:04:39.843 [main] DEBUG o.d.dataset.AbstractTableMetaData - getColumnIndex(columnName=discount_status) - start
23:04:39.844 [main] DEBUG o.dbunit.dataset.OrderedTableNameMap - getLastTableName() - start
23:04:39.844 [main] DEBUG o.dbunit.dataset.OrderedTableNameMap - getTableName(tableName=orders) - start
23:04:39.844 [main] DEBUG o.dbunit.dataset.OrderedTableNameMap - getTableName(tableName=orders) - end - result=ORDERS
23:04:39.844 [main] DEBUG org.dbunit.dataset.CachedDataSet - row(values=3) - start
23:04:39.844 [main] DEBUG org.dbunit.dataset.DefaultTable - addRow(values=3) - start
23:04:39.844 [main] DEBUG o.dbunit.dataset.xml.FlatXmlProducer - endElement(uri=, localName=, qName=orders) - start
23:04:39.944 [main] DEBUG o.dbunit.dataset.xml.FlatXmlProducer - startElement(uri=, localName=, qName=order_items, attributes=org.apache.xerces.parsers.AbstractSAXParser$AttributesProxy@1c5ddc9) - start
23:04:39.944 [main] DEBUG o.dbunit.dataset.OrderedTableNameMap - getLastTableName() - start
23:04:39.944 [main] DEBUG o.dbunit.dataset.OrderedTableNameMap - getTableName(tableName=orders) - start
23:04:39.944 [main] DEBUG o.dbunit.dataset.OrderedTableNameMap - getTableName(tableName=orders) - end - result=ORDERS
23:04:39.945 [main] DEBUG o.dbunit.dataset.OrderedTableNameMap - isLastTable(tableName=order_items) - start
23:04:39.945 [main] DEBUG o.dbunit.dataset.OrderedTableNameMap - getLastTableName() - start
23:04:39.945 [main] DEBUG o.dbunit.dataset.OrderedTableNameMap - getTableName(tableName=orders) - start
23:04:39.945 [main] DEBUG o.dbunit.dataset.OrderedTableNameMap - getTableName(tableName=orders) - end - result=ORDERS
23:04:39.945 [main] DEBUG o.dbunit.dataset.OrderedTableNameMap - getTableName(tableName=order_items) - start
23:04:39.947 [main] DEBUG o.dbunit.dataset.OrderedTableNameMap - getTableName(tableName=order_items) - end - result=ORDER_ITEMS
23:04:39.947 [main] DEBUG org.dbunit.dataset.CachedDataSet - endTable() - start
23:04:39.947 [main] DEBUG o.dbunit.dataset.OrderedTableNameMap - getTableName(tableName=orders) - start
23:04:39.947 [main] DEBUG o.dbunit.dataset.OrderedTableNameMap - getTableName(tableName=orders) - end - result=ORDERS
23:04:39.947 [main] DEBUG o.dbunit.dataset.OrderedTableNameMap - getTableName(tableName=orders) - start
23:04:39.948 [main] DEBUG o.dbunit.dataset.OrderedTableNameMap - getTableName(tableName=orders) - end - result=ORDERS
23:04:39.949 [main] DEBUG org.dbunit.dataset.DefaultTable - addTableRows(table=org.dbunit.dataset.DefaultTable[_metaData=tableName=orders, columns=[(order_number, UNKNOWN, nullableUnknown), (customer_id, UNKNOWN, nullableUnknown), (date, UNKNOWN, nullableUnknown), (amount, UNKNOWN, nullableUnknown), (order_status, UNKNOWN, nullableUnknown), (discount_status, UNKNOWN, nullableUnknown)], keys=[], _rowList.size()=1]) - start
23:04:39.951 [main] DEBUG org.dbunit.dataset.DefaultTable - getValue(row=0, column=order_number) - start
23:04:39.951 [main] DEBUG org.dbunit.dataset.AbstractTable - assertValidRowIndex(row=0) - start
23:04:39.951 [main] DEBUG org.dbunit.dataset.AbstractTable - assertValidRowIndex(row=0, rowCount=1) - start
23:04:39.951 [main] DEBUG org.dbunit.dataset.AbstractTable - getColumnIndex(columnName=order_number) - start
23:04:39.951 [main] DEBUG o.d.dataset.AbstractTableMetaData - getColumnIndex(columnName=order_number) - start
23:04:39.952 [main] DEBUG org.dbunit.dataset.DefaultTable - getValue(row=0, column=customer_id) - start
23:04:39.952 [main] DEBUG org.dbunit.dataset.AbstractTable - assertValidRowIndex(row=0) - start
23:04:39.952 [main] DEBUG org.dbunit.dataset.AbstractTable - assertValidRowIndex(row=0, rowCount=1) - start
23:04:39.952 [main] DEBUG org.dbunit.dataset.AbstractTable - getColumnIndex(columnName=customer_id) - start
23:04:39.952 [main] DEBUG o.d.dataset.AbstractTableMetaData - getColumnIndex(columnName=customer_id) - start
23:04:39.954 [main] DEBUG org.dbunit.dataset.DefaultTable - getValue(row=0, column=date) - start
23:04:39.954 [main] DEBUG org.dbunit.dataset.AbstractTable - assertValidRowIndex(row=0) - start
23:04:39.954 [main] DEBUG org.dbunit.dataset.AbstractTable - assertValidRowIndex(row=0, rowCount=1) - start
23:04:39.954 [main] DEBUG org.dbunit.dataset.AbstractTable - getColumnIndex(columnName=date) - start
23:04:39.954 [main] DEBUG o.d.dataset.AbstractTableMetaData - getColumnIndex(columnName=date) - start
23:04:39.954 [main] DEBUG org.dbunit.dataset.DefaultTable - getValue(row=0, column=amount) - start
23:04:39.955 [main] DEBUG org.dbunit.dataset.AbstractTable - assertValidRowIndex(row=0) - start
23:04:39.955 [main] DEBUG org.dbunit.dataset.AbstractTable - assertValidRowIndex(row=0, rowCount=1) - start
23:04:39.955 [main] DEBUG org.dbunit.dataset.AbstractTable - getColumnIndex(columnName=amount) - start
23:04:39.955 [main] DEBUG o.d.dataset.AbstractTableMetaData - getColumnIndex(columnName=amount) - start
23:04:39.955 [main] DEBUG org.dbunit.dataset.DefaultTable - getValue(row=0, column=order_status) - start
23:04:39.957 [main] DEBUG org.dbunit.dataset.AbstractTable - assertValidRowIndex(row=0) - start
23:04:39.957 [main] DEBUG org.dbunit.dataset.AbstractTable - assertValidRowIndex(row=0, rowCount=1) - start
23:04:39.957 [main] DEBUG org.dbunit.dataset.AbstractTable - getColumnIndex(columnName=order_status) - start
23:04:39.957 [main] DEBUG o.d.dataset.AbstractTableMetaData - getColumnIndex(columnName=order_status) - start
23:04:39.957 [main] DEBUG org.dbunit.dataset.DefaultTable - getValue(row=0, column=discount_status) - start
23:04:39.959 [main] DEBUG org.dbunit.dataset.AbstractTable - assertValidRowIndex(row=0) - start
23:04:39.959 [main] DEBUG org.dbunit.dataset.AbstractTable - assertValidRowIndex(row=0, rowCount=1) - start
23:04:39.959 [main] DEBUG org.dbunit.dataset.AbstractTable - getColumnIndex(columnName=discount_status) - start
23:04:39.959 [main] DEBUG o.d.dataset.AbstractTableMetaData - getColumnIndex(columnName=discount_status) - start
23:04:39.959 [main] DEBUG org.dbunit.dataset.DefaultTable - getValue(row=1, column=order_number) - start
23:04:39.960 [main] DEBUG org.dbunit.dataset.AbstractTable - assertValidRowIndex(row=1) - start
23:04:39.960 [main] DEBUG org.dbunit.dataset.AbstractTable - assertValidRowIndex(row=1, rowCount=1) - start
23:04:39.960 [main] DEBUG o.dbunit.dataset.OrderedTableNameMap - getTableName(tableName=order_items) - start
23:04:39.960 [main] DEBUG o.dbunit.dataset.OrderedTableNameMap - getTableName(tableName=order_items) - end - result=ORDER_ITEMS
23:04:39.960 [main] DEBUG o.dbunit.dataset.OrderedTableNameMap - getTableName(tableName=order_items) - start
23:04:39.962 [main] DEBUG o.dbunit.dataset.OrderedTableNameMap - getTableName(tableName=order_items) - end - result=ORDER_ITEMS
23:04:39.962 [main] DEBUG o.dbunit.dataset.OrderedTableNameMap - setLastTable(nameorder_items) - start
23:04:39.962 [main] DEBUG o.dbunit.dataset.OrderedTableNameMap - getTableName(tableName=order_items) - start
23:04:39.962 [main] DEBUG o.dbunit.dataset.OrderedTableNameMap - getTableName(tableName=order_items) - end - result=ORDER_ITEMS
23:04:39.962 [main] DEBUG org.dbunit.dataset.CachedDataSet - startTable(metaData=tableName=order_items, columns=[(id, UNKNOWN, nullableUnknown), (order_order_number, UNKNOWN, nullableUnknown), (product_sku_number, UNKNOWN, nullableUnknown), (quantity, UNKNOWN, nullableUnknown)], keys=[]) - start
23:04:39.964 [main] DEBUG o.dbunit.dataset.OrderedTableNameMap - getLastTableName() - start
23:04:39.964 [main] DEBUG o.dbunit.dataset.OrderedTableNameMap - getTableName(tableName=order_items) - start
23:04:39.964 [main] DEBUG o.dbunit.dataset.OrderedTableNameMap - getTableName(tableName=order_items) - end - result=ORDER_ITEMS
23:04:39.964 [main] DEBUG o.d.dataset.AbstractTableMetaData - getColumnIndex(columnName=id) - start
23:04:39.964 [main] DEBUG o.d.dataset.AbstractTableMetaData - getColumnIndex(columnName=order_order_number) - start
23:04:39.965 [main] DEBUG o.d.dataset.AbstractTableMetaData - getColumnIndex(columnName=product_sku_number) - start
23:04:39.965 [main] DEBUG o.d.dataset.AbstractTableMetaData - getColumnIndex(columnName=quantity) - start
23:04:39.965 [main] DEBUG o.dbunit.dataset.OrderedTableNameMap - getLastTableName() - start
23:04:39.965 [main] DEBUG o.dbunit.dataset.OrderedTableNameMap - getTableName(tableName=order_items) - start
23:04:39.965 [main] DEBUG o.dbunit.dataset.OrderedTableNameMap - getTableName(tableName=order_items) - end - result=ORDER_ITEMS
23:04:39.967 [main] DEBUG org.dbunit.dataset.CachedDataSet - row(values=4) - start
23:04:39.967 [main] DEBUG org.dbunit.dataset.DefaultTable - addRow(values=4) - start
23:04:39.967 [main] DEBUG o.dbunit.dataset.xml.FlatXmlProducer - endElement(uri=, localName=, qName=order_items) - start
23:04:39.967 [main] DEBUG o.dbunit.dataset.xml.FlatXmlProducer - startElement(uri=, localName=, qName=orders, attributes=org.apache.xerces.parsers.AbstractSAXParser$AttributesProxy@1c5ddc9) - start
23:04:39.968 [main] DEBUG o.dbunit.dataset.OrderedTableNameMap - getLastTableName() - start
23:04:39.969 [main] DEBUG o.dbunit.dataset.OrderedTableNameMap - getTableName(tableName=order_items) - start
23:04:39.969 [main] DEBUG o.dbunit.dataset.OrderedTableNameMap - getTableName(tableName=order_items) - end - result=ORDER_ITEMS
23:04:39.969 [main] DEBUG o.dbunit.dataset.OrderedTableNameMap - isLastTable(tableName=orders) - start
23:04:39.969 [main] DEBUG o.dbunit.dataset.OrderedTableNameMap - getLastTableName() - start
23:04:39.969 [main] DEBUG o.dbunit.dataset.OrderedTableNameMap - getTableName(tableName=order_items) - start
23:04:39.971 [main] DEBUG o.dbunit.dataset.OrderedTableNameMap - getTableName(tableName=order_items) - end - result=ORDER_ITEMS
23:04:39.971 [main] DEBUG o.dbunit.dataset.OrderedTableNameMap - getTableName(tableName=orders) - start
23:04:39.971 [main] DEBUG o.dbunit.dataset.OrderedTableNameMap - getTableName(tableName=orders) - end - result=ORDERS
23:04:39.971 [main] DEBUG org.dbunit.dataset.CachedDataSet - endTable() - start
23:04:39.971 [main] DEBUG o.dbunit.dataset.OrderedTableNameMap - getTableName(tableName=order_items) - start
23:04:39.973 [main] DEBUG o.dbunit.dataset.OrderedTableNameMap - getTableName(tableName=order_items) - end - result=ORDER_ITEMS
23:04:39.973 [main] DEBUG o.dbunit.dataset.OrderedTableNameMap - getTableName(tableName=order_items) - start
23:04:39.973 [main] DEBUG o.dbunit.dataset.OrderedTableNameMap - getTableName(tableName=order_items) - end - result=ORDER_ITEMS
23:04:39.973 [main] DEBUG org.dbunit.dataset.DefaultTable - addTableRows(table=org.dbunit.dataset.DefaultTable[_metaData=tableName=order_items, columns=[(id, UNKNOWN, nullableUnknown), (order_order_number, UNKNOWN, nullableUnknown), (product_sku_number, UNKNOWN, nullableUnknown), (quantity, UNKNOWN, nullableUnknown)], keys=[], _rowList.size()=1]) - start
23:04:39.974 [main] DEBUG org.dbunit.dataset.DefaultTable - getValue(row=0, column=id) - start
23:04:39.974 [main] DEBUG org.dbunit.dataset.AbstractTable - assertValidRowIndex(row=0) - start
23:04:39.974 [main] DEBUG org.dbunit.dataset.AbstractTable - assertValidRowIndex(row=0, rowCount=1) - start
23:04:39.975 [main] DEBUG org.dbunit.dataset.AbstractTable - getColumnIndex(columnName=id) - start
23:04:39.975 [main] DEBUG o.d.dataset.AbstractTableMetaData - getColumnIndex(columnName=id) - start
23:04:39.975 [main] DEBUG org.dbunit.dataset.DefaultTable - getValue(row=0, column=order_order_number) - start
23:04:39.976 [main] DEBUG org.dbunit.dataset.AbstractTable - assertValidRowIndex(row=0) - start
23:04:39.976 [main] DEBUG org.dbunit.dataset.AbstractTable - assertValidRowIndex(row=0, rowCount=1) - start
23:04:39.976 [main] DEBUG org.dbunit.dataset.AbstractTable - getColumnIndex(columnName=order_order_number) - start
23:04:39.976 [main] DEBUG o.d.dataset.AbstractTableMetaData - getColumnIndex(columnName=order_order_number) - start
23:04:39.976 [main] DEBUG org.dbunit.dataset.DefaultTable - getValue(row=0, column=product_sku_number) - start
23:04:39.978 [main] DEBUG org.dbunit.dataset.AbstractTable - assertValidRowIndex(row=0) - start
23:04:39.978 [main] DEBUG org.dbunit.dataset.AbstractTable - assertValidRowIndex(row=0, rowCount=1) - start
23:04:39.978 [main] DEBUG org.dbunit.dataset.AbstractTable - getColumnIndex(columnName=product_sku_number) - start
23:04:39.978 [main] DEBUG o.d.dataset.AbstractTableMetaData - getColumnIndex(columnName=product_sku_number) - start
23:04:39.978 [main] DEBUG org.dbunit.dataset.DefaultTable - getValue(row=0, column=quantity) - start
23:04:39.980 [main] DEBUG org.dbunit.dataset.AbstractTable - assertValidRowIndex(row=0) - start
23:04:39.980 [main] DEBUG org.dbunit.dataset.AbstractTable - assertValidRowIndex(row=0, rowCount=1) - start
23:04:39.980 [main] DEBUG org.dbunit.dataset.AbstractTable - getColumnIndex(columnName=quantity) - start
23:04:39.980 [main] DEBUG o.d.dataset.AbstractTableMetaData - getColumnIndex(columnName=quantity) - start
23:04:39.980 [main] DEBUG org.dbunit.dataset.DefaultTable - getValue(row=1, column=id) - start
23:04:39.982 [main] DEBUG org.dbunit.dataset.AbstractTable - assertValidRowIndex(row=1) - start
23:04:39.982 [main] DEBUG org.dbunit.dataset.AbstractTable - assertValidRowIndex(row=1, rowCount=1) - start
23:04:39.982 [main] DEBUG o.dbunit.dataset.OrderedTableNameMap - getTableName(tableName=orders) - start
23:04:39.982 [main] DEBUG o.dbunit.dataset.OrderedTableNameMap - getTableName(tableName=orders) - end - result=ORDERS
23:04:39.982 [main] DEBUG o.dbunit.dataset.OrderedTableNameMap - getTableName(tableName=orders) - start
23:04:39.983 [main] DEBUG o.dbunit.dataset.OrderedTableNameMap - getTableName(tableName=orders) - end - result=ORDERS
23:04:39.983 [main] DEBUG o.dbunit.dataset.OrderedTableNameMap - setLastTable(nameorders) - start
23:04:39.983 [main] DEBUG o.dbunit.dataset.OrderedTableNameMap - getTableName(tableName=orders) - start
23:04:39.983 [main] DEBUG o.dbunit.dataset.OrderedTableNameMap - getTableName(tableName=orders) - end - result=ORDERS
23:04:39.983 [main] DEBUG org.dbunit.dataset.CachedDataSet - startTable(metaData=tableName=orders, columns=[(order_number, UNKNOWN, nullableUnknown), (customer_id, UNKNOWN, nullableUnknown), (date, UNKNOWN, nullableUnknown), (amount, UNKNOWN, nullableUnknown), (order_status, UNKNOWN, nullableUnknown), (discount_status, UNKNOWN, nullableUnknown)], keys=[]) - start
23:04:39.985 [main] DEBUG o.dbunit.dataset.OrderedTableNameMap - getLastTableName() - start
23:04:39.985 [main] DEBUG o.dbunit.dataset.OrderedTableNameMap - getTableName(tableName=orders) - start
23:04:39.985 [main] DEBUG o.dbunit.dataset.OrderedTableNameMap - getTableName(tableName=orders) - end - result=ORDERS
23:04:39.985 [main] DEBUG o.d.dataset.AbstractTableMetaData - getColumnIndex(columnName=order_number) - start
23:04:39.985 [main] DEBUG o.d.dataset.AbstractTableMetaData - getColumnIndex(columnName=customer_id) - start
23:04:39.986 [main] DEBUG o.d.dataset.AbstractTableMetaData - getColumnIndex(columnName=date) - start
23:04:39.987 [main] DEBUG o.d.dataset.AbstractTableMetaData - getColumnIndex(columnName=amount) - start
23:04:39.987 [main] DEBUG o.d.dataset.AbstractTableMetaData - getColumnIndex(columnName=order_status) - start
23:04:39.987 [main] DEBUG o.d.dataset.AbstractTableMetaData - getColumnIndex(columnName=discount_status) - start
23:04:39.987 [main] DEBUG o.dbunit.dataset.OrderedTableNameMap - getLastTableName() - start
23:04:39.989 [main] DEBUG o.dbunit.dataset.OrderedTableNameMap - getTableName(tableName=orders) - start
23:04:39.989 [main] DEBUG o.dbunit.dataset.OrderedTableNameMap - getTableName(tableName=orders) - end - result=ORDERS
23:04:39.989 [main] DEBUG org.dbunit.dataset.CachedDataSet - row(values=4) - start
23:04:39.989 [main] DEBUG org.dbunit.dataset.DefaultTable - addRow(values=4) - start
23:04:39.989 [main] DEBUG o.dbunit.dataset.xml.FlatXmlProducer - endElement(uri=, localName=, qName=orders) - start
23:04:39.989 [main] DEBUG o.dbunit.dataset.xml.FlatXmlProducer - startElement(uri=, localName=, qName=order_items, attributes=org.apache.xerces.parsers.AbstractSAXParser$AttributesProxy@1c5ddc9) - start
23:04:39.990 [main] DEBUG o.dbunit.dataset.OrderedTableNameMap - getLastTableName() - start
23:04:39.990 [main] DEBUG o.dbunit.dataset.OrderedTableNameMap - getTableName(tableName=orders) - start
23:04:39.990 [main] DEBUG o.dbunit.dataset.OrderedTableNameMap - getTableName(tableName=orders) - end - result=ORDERS
23:04:39.990 [main] DEBUG o.dbunit.dataset.OrderedTableNameMap - isLastTable(tableName=order_items) - start
23:04:39.990 [main] DEBUG o.dbunit.dataset.OrderedTableNameMap - getLastTableName() - start
23:04:39.992 [main] DEBUG o.dbunit.dataset.OrderedTableNameMap - getTableName(tableName=orders) - start
23:04:39.992 [main] DEBUG o.dbunit.dataset.OrderedTableNameMap - getTableName(tableName=orders) - end - result=ORDERS
23:04:39.992 [main] DEBUG o.dbunit.dataset.OrderedTableNameMap - getTableName(tableName=order_items) - start
23:04:39.992 [main] DEBUG o.dbunit.dataset.OrderedTableNameMap - getTableName(tableName=order_items) - end - result=ORDER_ITEMS
23:04:39.992 [main] DEBUG org.dbunit.dataset.CachedDataSet - endTable() - start
23:04:39.994 [main] DEBUG o.dbunit.dataset.OrderedTableNameMap - getTableName(tableName=orders) - start
23:04:39.994 [main] DEBUG o.dbunit.dataset.OrderedTableNameMap - getTableName(tableName=orders) - end - result=ORDERS
23:04:39.994 [main] DEBUG o.dbunit.dataset.OrderedTableNameMap - getTableName(tableName=orders) - start
23:04:39.994 [main] DEBUG o.dbunit.dataset.OrderedTableNameMap - getTableName(tableName=orders) - end - result=ORDERS
23:04:39.994 [main] DEBUG org.dbunit.dataset.DefaultTable - addTableRows(table=org.dbunit.dataset.DefaultTable[_metaData=tableName=orders, columns=[(order_number, UNKNOWN, nullableUnknown), (customer_id, UNKNOWN, nullableUnknown), (date, UNKNOWN, nullableUnknown), (amount, UNKNOWN, nullableUnknown), (order_status, UNKNOWN, nullableUnknown), (discount_status, UNKNOWN, nullableUnknown)], keys=[], _rowList.size()=1]) - start
23:04:39.995 [main] DEBUG org.dbunit.dataset.DefaultTable - getValue(row=0, column=order_number) - start
23:04:39.996 [main] DEBUG org.dbunit.dataset.AbstractTable - assertValidRowIndex(row=0) - start
23:04:39.996 [main] DEBUG org.dbunit.dataset.AbstractTable - assertValidRowIndex(row=0, rowCount=1) - start
23:04:39.996 [main] DEBUG org.dbunit.dataset.AbstractTable - getColumnIndex(columnName=order_number) - start
23:04:39.996 [main] DEBUG o.d.dataset.AbstractTableMetaData - getColumnIndex(columnName=order_number) - start
23:04:39.997 [main] DEBUG org.dbunit.dataset.DefaultTable - getValue(row=0, column=customer_id) - start
23:04:39.998 [main] DEBUG org.dbunit.dataset.AbstractTable - assertValidRowIndex(row=0) - start
23:04:39.998 [main] DEBUG org.dbunit.dataset.AbstractTable - assertValidRowIndex(row=0, rowCount=1) - start
23:04:39.998 [main] DEBUG org.dbunit.dataset.AbstractTable - getColumnIndex(columnName=customer_id) - start
23:04:39.998 [main] DEBUG o.d.dataset.AbstractTableMetaData - getColumnIndex(columnName=customer_id) - start
23:04:40.000 [main] DEBUG org.dbunit.dataset.DefaultTable - getValue(row=0, column=date) - start
23:04:40.000 [main] DEBUG org.dbunit.dataset.AbstractTable - assertValidRowIndex(row=0) - start
23:04:40.000 [main] DEBUG org.dbunit.dataset.AbstractTable - assertValidRowIndex(row=0, rowCount=1) - start
23:04:40.000 [main] DEBUG org.dbunit.dataset.AbstractTable - getColumnIndex(columnName=date) - start
23:04:40.000 [main] DEBUG o.d.dataset.AbstractTableMetaData - getColumnIndex(columnName=date) - start
23:04:40.000 [main] DEBUG org.dbunit.dataset.DefaultTable - getValue(row=0, column=amount) - start
23:04:40.001 [main] DEBUG org.dbunit.dataset.AbstractTable - assertValidRowIndex(row=0) - start
23:04:40.001 [main] DEBUG org.dbunit.dataset.AbstractTable - assertValidRowIndex(row=0, rowCount=1) - start
23:04:40.001 [main] DEBUG org.dbunit.dataset.AbstractTable - getColumnIndex(columnName=amount) - start
23:04:40.001 [main] DEBUG o.d.dataset.AbstractTableMetaData - getColumnIndex(columnName=amount) - start
23:04:40.001 [main] DEBUG org.dbunit.dataset.DefaultTable - getValue(row=0, column=order_status) - start
23:04:40.003 [main] DEBUG org.dbunit.dataset.AbstractTable - assertValidRowIndex(row=0) - start
23:04:40.003 [main] DEBUG org.dbunit.dataset.AbstractTable - assertValidRowIndex(row=0, rowCount=1) - start
23:04:40.003 [main] DEBUG org.dbunit.dataset.AbstractTable - getColumnIndex(columnName=order_status) - start
23:04:40.003 [main] DEBUG o.d.dataset.AbstractTableMetaData - getColumnIndex(columnName=order_status) - start
23:04:40.003 [main] DEBUG org.dbunit.dataset.DefaultTable - getValue(row=0, column=discount_status) - start
23:04:40.005 [main] DEBUG org.dbunit.dataset.AbstractTable - assertValidRowIndex(row=0) - start
23:04:40.005 [main] DEBUG org.dbunit.dataset.AbstractTable - assertValidRowIndex(row=0, rowCount=1) - start
23:04:40.005 [main] DEBUG org.dbunit.dataset.AbstractTable - getColumnIndex(columnName=discount_status) - start
23:04:40.005 [main] DEBUG o.d.dataset.AbstractTableMetaData - getColumnIndex(columnName=discount_status) - start
23:04:40.005 [main] DEBUG org.dbunit.dataset.DefaultTable - getValue(row=1, column=order_number) - start
23:04:40.006 [main] DEBUG org.dbunit.dataset.AbstractTable - assertValidRowIndex(row=1) - start
23:04:40.006 [main] DEBUG org.dbunit.dataset.AbstractTable - assertValidRowIndex(row=1, rowCount=1) - start
23:04:40.006 [main] DEBUG o.dbunit.dataset.OrderedTableNameMap - getTableName(tableName=order_items) - start
23:04:40.006 [main] DEBUG o.dbunit.dataset.OrderedTableNameMap - getTableName(tableName=order_items) - end - result=ORDER_ITEMS
23:04:40.006 [main] DEBUG o.dbunit.dataset.OrderedTableNameMap - getTableName(tableName=order_items) - start
23:04:40.008 [main] DEBUG o.dbunit.dataset.OrderedTableNameMap - getTableName(tableName=order_items) - end - result=ORDER_ITEMS
23:04:40.008 [main] DEBUG o.dbunit.dataset.OrderedTableNameMap - setLastTable(nameorder_items) - start
23:04:40.008 [main] DEBUG o.dbunit.dataset.OrderedTableNameMap - getTableName(tableName=order_items) - start
23:04:40.008 [main] DEBUG o.dbunit.dataset.OrderedTableNameMap - getTableName(tableName=order_items) - end - result=ORDER_ITEMS
23:04:40.008 [main] DEBUG org.dbunit.dataset.CachedDataSet - startTable(metaData=tableName=order_items, columns=[(id, UNKNOWN, nullableUnknown), (order_order_number, UNKNOWN, nullableUnknown), (product_sku_number, UNKNOWN, nullableUnknown), (quantity, UNKNOWN, nullableUnknown)], keys=[]) - start
23:04:40.010 [main] DEBUG o.dbunit.dataset.OrderedTableNameMap - getLastTableName() - start
23:04:40.010 [main] DEBUG o.dbunit.dataset.OrderedTableNameMap - getTableName(tableName=order_items) - start
23:04:40.010 [main] DEBUG o.dbunit.dataset.OrderedTableNameMap - getTableName(tableName=order_items) - end - result=ORDER_ITEMS
23:04:40.010 [main] DEBUG o.d.dataset.AbstractTableMetaData - getColumnIndex(columnName=id) - start
23:04:40.010 [main] DEBUG o.d.dataset.AbstractTableMetaData - getColumnIndex(columnName=order_order_number) - start
23:04:40.011 [main] DEBUG o.d.dataset.AbstractTableMetaData - getColumnIndex(columnName=product_sku_number) - start
23:04:40.012 [main] DEBUG o.d.dataset.AbstractTableMetaData - getColumnIndex(columnName=quantity) - start
23:04:40.012 [main] DEBUG o.dbunit.dataset.OrderedTableNameMap - getLastTableName() - start
23:04:40.012 [main] DEBUG o.dbunit.dataset.OrderedTableNameMap - getTableName(tableName=order_items) - start
23:04:40.012 [main] DEBUG o.dbunit.dataset.OrderedTableNameMap - getTableName(tableName=order_items) - end - result=ORDER_ITEMS
23:04:40.013 [main] DEBUG org.dbunit.dataset.CachedDataSet - row(values=5) - start
23:04:40.014 [main] DEBUG org.dbunit.dataset.DefaultTable - addRow(values=5) - start
23:04:40.014 [main] DEBUG o.dbunit.dataset.xml.FlatXmlProducer - endElement(uri=, localName=, qName=order_items) - start
23:04:40.014 [main] DEBUG o.dbunit.dataset.xml.FlatXmlProducer - startElement(uri=, localName=, qName=orders, attributes=org.apache.xerces.parsers.AbstractSAXParser$AttributesProxy@1c5ddc9) - start
23:04:40.014 [main] DEBUG o.dbunit.dataset.OrderedTableNameMap - getLastTableName() - start
23:04:40.015 [main] DEBUG o.dbunit.dataset.OrderedTableNameMap - getTableName(tableName=order_items) - start
23:04:40.015 [main] DEBUG o.dbunit.dataset.OrderedTableNameMap - getTableName(tableName=order_items) - end - result=ORDER_ITEMS
23:04:40.015 [main] DEBUG o.dbunit.dataset.OrderedTableNameMap - isLastTable(tableName=orders) - start
23:04:40.015 [main] DEBUG o.dbunit.dataset.OrderedTableNameMap - getLastTableName() - start
23:04:40.015 [main] DEBUG o.dbunit.dataset.OrderedTableNameMap - getTableName(tableName=order_items) - start
23:04:40.017 [main] DEBUG o.dbunit.dataset.OrderedTableNameMap - getTableName(tableName=order_items) - end - result=ORDER_ITEMS
23:04:40.017 [main] DEBUG o.dbunit.dataset.OrderedTableNameMap - getTableName(tableName=orders) - start
23:04:40.017 [main] DEBUG o.dbunit.dataset.OrderedTableNameMap - getTableName(tableName=orders) - end - result=ORDERS
23:04:40.017 [main] DEBUG org.dbunit.dataset.CachedDataSet - endTable() - start
23:04:40.017 [main] DEBUG o.dbunit.dataset.OrderedTableNameMap - getTableName(tableName=order_items) - start
23:04:40.019 [main] DEBUG o.dbunit.dataset.OrderedTableNameMap - getTableName(tableName=order_items) - end - result=ORDER_ITEMS
23:04:40.019 [main] DEBUG o.dbunit.dataset.OrderedTableNameMap - getTableName(tableName=order_items) - start
23:04:40.019 [main] DEBUG o.dbunit.dataset.OrderedTableNameMap - getTableName(tableName=order_items) - end - result=ORDER_ITEMS
23:04:40.019 [main] DEBUG org.dbunit.dataset.DefaultTable - addTableRows(table=org.dbunit.dataset.DefaultTable[_metaData=tableName=order_items, columns=[(id, UNKNOWN, nullableUnknown), (order_order_number, UNKNOWN, nullableUnknown), (product_sku_number, UNKNOWN, nullableUnknown), (quantity, UNKNOWN, nullableUnknown)], keys=[], _rowList.size()=1]) - start
23:04:40.021 [main] DEBUG org.dbunit.dataset.DefaultTable - getValue(row=0, column=id) - start
23:04:40.021 [main] DEBUG org.dbunit.dataset.AbstractTable - assertValidRowIndex(row=0) - start
23:04:40.021 [main] DEBUG org.dbunit.dataset.AbstractTable - assertValidRowIndex(row=0, rowCount=1) - start
23:04:40.021 [main] DEBUG org.dbunit.dataset.AbstractTable - getColumnIndex(columnName=id) - start
23:04:40.021 [main] DEBUG o.d.dataset.AbstractTableMetaData - getColumnIndex(columnName=id) - start
23:04:40.021 [main] DEBUG org.dbunit.dataset.DefaultTable - getValue(row=0, column=order_order_number) - start
23:04:40.022 [main] DEBUG org.dbunit.dataset.AbstractTable - assertValidRowIndex(row=0) - start
23:04:40.022 [main] DEBUG org.dbunit.dataset.AbstractTable - assertValidRowIndex(row=0, rowCount=1) - start
23:04:40.022 [main] DEBUG org.dbunit.dataset.AbstractTable - getColumnIndex(columnName=order_order_number) - start
23:04:40.022 [main] DEBUG o.d.dataset.AbstractTableMetaData - getColumnIndex(columnName=order_order_number) - start
23:04:40.022 [main] DEBUG org.dbunit.dataset.DefaultTable - getValue(row=0, column=product_sku_number) - start
23:04:40.024 [main] DEBUG org.dbunit.dataset.AbstractTable - assertValidRowIndex(row=0) - start
23:04:40.024 [main] DEBUG org.dbunit.dataset.AbstractTable - assertValidRowIndex(row=0, rowCount=1) - start
23:04:40.024 [main] DEBUG org.dbunit.dataset.AbstractTable - getColumnIndex(columnName=product_sku_number) - start
23:04:40.024 [main] DEBUG o.d.dataset.AbstractTableMetaData - getColumnIndex(columnName=product_sku_number) - start
23:04:40.024 [main] DEBUG org.dbunit.dataset.DefaultTable - getValue(row=0, column=quantity) - start
23:04:40.026 [main] DEBUG org.dbunit.dataset.AbstractTable - assertValidRowIndex(row=0) - start
23:04:40.026 [main] DEBUG org.dbunit.dataset.AbstractTable - assertValidRowIndex(row=0, rowCount=1) - start
23:04:40.026 [main] DEBUG org.dbunit.dataset.AbstractTable - getColumnIndex(columnName=quantity) - start
23:04:40.026 [main] DEBUG o.d.dataset.AbstractTableMetaData - getColumnIndex(columnName=quantity) - start
23:04:40.026 [main] DEBUG org.dbunit.dataset.DefaultTable - getValue(row=1, column=id) - start
23:04:40.028 [main] DEBUG org.dbunit.dataset.AbstractTable - assertValidRowIndex(row=1) - start
23:04:40.028 [main] DEBUG org.dbunit.dataset.AbstractTable - assertValidRowIndex(row=1, rowCount=1) - start
23:04:40.028 [main] DEBUG o.dbunit.dataset.OrderedTableNameMap - getTableName(tableName=orders) - start
23:04:40.028 [main] DEBUG o.dbunit.dataset.OrderedTableNameMap - getTableName(tableName=orders) - end - result=ORDERS
23:04:40.028 [main] DEBUG o.dbunit.dataset.OrderedTableNameMap - getTableName(tableName=orders) - start
23:04:40.029 [main] DEBUG o.dbunit.dataset.OrderedTableNameMap - getTableName(tableName=orders) - end - result=ORDERS
23:04:40.029 [main] DEBUG o.dbunit.dataset.OrderedTableNameMap - setLastTable(nameorders) - start
23:04:40.029 [main] DEBUG o.dbunit.dataset.OrderedTableNameMap - getTableName(tableName=orders) - start
23:04:40.029 [main] DEBUG o.dbunit.dataset.OrderedTableNameMap - getTableName(tableName=orders) - end - result=ORDERS
23:04:40.029 [main] DEBUG org.dbunit.dataset.CachedDataSet - startTable(metaData=tableName=orders, columns=[(order_number, UNKNOWN, nullableUnknown), (customer_id, UNKNOWN, nullableUnknown), (date, UNKNOWN, nullableUnknown), (amount, UNKNOWN, nullableUnknown), (order_status, UNKNOWN, nullableUnknown), (discount_status, UNKNOWN, nullableUnknown)], keys=[]) - start
23:04:40.031 [main] DEBUG o.dbunit.dataset.OrderedTableNameMap - getLastTableName() - start
23:04:40.031 [main] DEBUG o.dbunit.dataset.OrderedTableNameMap - getTableName(tableName=orders) - start
23:04:40.031 [main] DEBUG o.dbunit.dataset.OrderedTableNameMap - getTableName(tableName=orders) - end - result=ORDERS
23:04:40.031 [main] DEBUG o.d.dataset.AbstractTableMetaData - getColumnIndex(columnName=order_number) - start
23:04:40.031 [main] DEBUG o.d.dataset.AbstractTableMetaData - getColumnIndex(columnName=customer_id) - start
23:04:40.033 [main] DEBUG o.d.dataset.AbstractTableMetaData - getColumnIndex(columnName=date) - start
23:04:40.033 [main] DEBUG o.d.dataset.AbstractTableMetaData - getColumnIndex(columnName=amount) - start
23:04:40.033 [main] DEBUG o.d.dataset.AbstractTableMetaData - getColumnIndex(columnName=order_status) - start
23:04:40.033 [main] DEBUG o.d.dataset.AbstractTableMetaData - getColumnIndex(columnName=discount_status) - start
23:04:40.033 [main] DEBUG o.dbunit.dataset.OrderedTableNameMap - getLastTableName() - start
23:04:40.034 [main] DEBUG o.dbunit.dataset.OrderedTableNameMap - getTableName(tableName=orders) - start
23:04:40.034 [main] DEBUG o.dbunit.dataset.OrderedTableNameMap - getTableName(tableName=orders) - end - result=ORDERS
23:04:40.034 [main] DEBUG org.dbunit.dataset.CachedDataSet - row(values=5) - start
23:04:40.034 [main] DEBUG org.dbunit.dataset.DefaultTable - addRow(values=5) - start
23:04:40.034 [main] DEBUG o.dbunit.dataset.xml.FlatXmlProducer - endElement(uri=, localName=, qName=orders) - start
23:04:40.034 [main] DEBUG o.dbunit.dataset.xml.FlatXmlProducer - startElement(uri=, localName=, qName=order_items, attributes=org.apache.xerces.parsers.AbstractSAXParser$AttributesProxy@1c5ddc9) - start
23:04:40.037 [main] DEBUG o.dbunit.dataset.OrderedTableNameMap - getLastTableName() - start
23:04:40.038 [main] DEBUG o.dbunit.dataset.OrderedTableNameMap - getTableName(tableName=orders) - start
23:04:40.038 [main] DEBUG o.dbunit.dataset.OrderedTableNameMap - getTableName(tableName=orders) - end - result=ORDERS
23:04:40.038 [main] DEBUG o.dbunit.dataset.OrderedTableNameMap - isLastTable(tableName=order_items) - start
23:04:40.038 [main] DEBUG o.dbunit.dataset.OrderedTableNameMap - getLastTableName() - start
23:04:40.039 [main] DEBUG o.dbunit.dataset.OrderedTableNameMap - getTableName(tableName=orders) - start
23:04:40.040 [main] DEBUG o.dbunit.dataset.OrderedTableNameMap - getTableName(tableName=orders) - end - result=ORDERS
23:04:40.041 [main] DEBUG o.dbunit.dataset.OrderedTableNameMap - getTableName(tableName=order_items) - start
23:04:40.042 [main] DEBUG o.dbunit.dataset.OrderedTableNameMap - getTableName(tableName=order_items) - end - result=ORDER_ITEMS
23:04:40.042 [main] DEBUG org.dbunit.dataset.CachedDataSet - endTable() - start
23:04:40.042 [main] DEBUG o.dbunit.dataset.OrderedTableNameMap - getTableName(tableName=orders) - start
23:04:40.042 [main] DEBUG o.dbunit.dataset.OrderedTableNameMap - getTableName(tableName=orders) - end - result=ORDERS
23:04:40.042 [main] DEBUG o.dbunit.dataset.OrderedTableNameMap - getTableName(tableName=orders) - start
23:04:40.142 [main] DEBUG o.dbunit.dataset.OrderedTableNameMap - getTableName(tableName=orders) - end - result=ORDERS
23:04:40.142 [main] DEBUG org.dbunit.dataset.DefaultTable - addTableRows(table=org.dbunit.dataset.DefaultTable[_metaData=tableName=orders, columns=[(order_number, UNKNOWN, nullableUnknown), (customer_id, UNKNOWN, nullableUnknown), (date, UNKNOWN, nullableUnknown), (amount, UNKNOWN, nullableUnknown), (order_status, UNKNOWN, nullableUnknown), (discount_status, UNKNOWN, nullableUnknown)], keys=[], _rowList.size()=1]) - start
23:04:40.143 [main] DEBUG org.dbunit.dataset.DefaultTable - getValue(row=0, column=order_number) - start
23:04:40.143 [main] DEBUG org.dbunit.dataset.AbstractTable - assertValidRowIndex(row=0) - start
23:04:40.143 [main] DEBUG org.dbunit.dataset.AbstractTable - assertValidRowIndex(row=0, rowCount=1) - start
23:04:40.143 [main] DEBUG org.dbunit.dataset.AbstractTable - getColumnIndex(columnName=order_number) - start
23:04:40.143 [main] DEBUG o.d.dataset.AbstractTableMetaData - getColumnIndex(columnName=order_number) - start
23:04:40.144 [main] DEBUG org.dbunit.dataset.DefaultTable - getValue(row=0, column=customer_id) - start
23:04:40.144 [main] DEBUG org.dbunit.dataset.AbstractTable - assertValidRowIndex(row=0) - start
23:04:40.144 [main] DEBUG org.dbunit.dataset.AbstractTable - assertValidRowIndex(row=0, rowCount=1) - start
23:04:40.144 [main] DEBUG org.dbunit.dataset.AbstractTable - getColumnIndex(columnName=customer_id) - start
23:04:40.144 [main] DEBUG o.d.dataset.AbstractTableMetaData - getColumnIndex(columnName=customer_id) - start
23:04:40.146 [main] DEBUG org.dbunit.dataset.DefaultTable - getValue(row=0, column=date) - start
23:04:40.146 [main] DEBUG org.dbunit.dataset.AbstractTable - assertValidRowIndex(row=0) - start
23:04:40.146 [main] DEBUG org.dbunit.dataset.AbstractTable - assertValidRowIndex(row=0, rowCount=1) - start
23:04:40.146 [main] DEBUG org.dbunit.dataset.AbstractTable - getColumnIndex(columnName=date) - start
23:04:40.146 [main] DEBUG o.d.dataset.AbstractTableMetaData - getColumnIndex(columnName=date) - start
23:04:40.146 [main] DEBUG org.dbunit.dataset.DefaultTable - getValue(row=0, column=amount) - start
23:04:40.148 [main] DEBUG org.dbunit.dataset.AbstractTable - assertValidRowIndex(row=0) - start
23:04:40.148 [main] DEBUG org.dbunit.dataset.AbstractTable - assertValidRowIndex(row=0, rowCount=1) - start
23:04:40.148 [main] DEBUG org.dbunit.dataset.AbstractTable - getColumnIndex(columnName=amount) - start
23:04:40.148 [main] DEBUG o.d.dataset.AbstractTableMetaData - getColumnIndex(columnName=amount) - start
23:04:40.148 [main] DEBUG org.dbunit.dataset.DefaultTable - getValue(row=0, column=order_status) - start
23:04:40.149 [main] DEBUG org.dbunit.dataset.AbstractTable - assertValidRowIndex(row=0) - start
23:04:40.149 [main] DEBUG org.dbunit.dataset.AbstractTable - assertValidRowIndex(row=0, rowCount=1) - start
23:04:40.149 [main] DEBUG org.dbunit.dataset.AbstractTable - getColumnIndex(columnName=order_status) - start
23:04:40.150 [main] DEBUG o.d.dataset.AbstractTableMetaData - getColumnIndex(columnName=order_status) - start
23:04:40.150 [main] DEBUG org.dbunit.dataset.DefaultTable - getValue(row=0, column=discount_status) - start
23:04:40.151 [main] DEBUG org.dbunit.dataset.AbstractTable - assertValidRowIndex(row=0) - start
23:04:40.151 [main] DEBUG org.dbunit.dataset.AbstractTable - assertValidRowIndex(row=0, rowCount=1) - start
23:04:40.151 [main] DEBUG org.dbunit.dataset.AbstractTable - getColumnIndex(columnName=discount_status) - start
23:04:40.151 [main] DEBUG o.d.dataset.AbstractTableMetaData - getColumnIndex(columnName=discount_status) - start
23:04:40.151 [main] DEBUG org.dbunit.dataset.DefaultTable - getValue(row=1, column=order_number) - start
23:04:40.153 [main] DEBUG org.dbunit.dataset.AbstractTable - assertValidRowIndex(row=1) - start
23:04:40.153 [main] DEBUG org.dbunit.dataset.AbstractTable - assertValidRowIndex(row=1, rowCount=1) - start
23:04:40.153 [main] DEBUG o.dbunit.dataset.OrderedTableNameMap - getTableName(tableName=order_items) - start
23:04:40.153 [main] DEBUG o.dbunit.dataset.OrderedTableNameMap - getTableName(tableName=order_items) - end - result=ORDER_ITEMS
23:04:40.153 [main] DEBUG o.dbunit.dataset.OrderedTableNameMap - getTableName(tableName=order_items) - start
23:04:40.155 [main] DEBUG o.dbunit.dataset.OrderedTableNameMap - getTableName(tableName=order_items) - end - result=ORDER_ITEMS
23:04:40.155 [main] DEBUG o.dbunit.dataset.OrderedTableNameMap - setLastTable(nameorder_items) - start
23:04:40.155 [main] DEBUG o.dbunit.dataset.OrderedTableNameMap - getTableName(tableName=order_items) - start
23:04:40.155 [main] DEBUG o.dbunit.dataset.OrderedTableNameMap - getTableName(tableName=order_items) - end - result=ORDER_ITEMS
23:04:40.155 [main] DEBUG org.dbunit.dataset.CachedDataSet - startTable(metaData=tableName=order_items, columns=[(id, UNKNOWN, nullableUnknown), (order_order_number, UNKNOWN, nullableUnknown), (product_sku_number, UNKNOWN, nullableUnknown), (quantity, UNKNOWN, nullableUnknown)], keys=[]) - start
23:04:40.156 [main] DEBUG o.dbunit.dataset.OrderedTableNameMap - getLastTableName() - start
23:04:40.156 [main] DEBUG o.dbunit.dataset.OrderedTableNameMap - getTableName(tableName=order_items) - start
23:04:40.156 [main] DEBUG o.dbunit.dataset.OrderedTableNameMap - getTableName(tableName=order_items) - end - result=ORDER_ITEMS
23:04:40.156 [main] DEBUG o.d.dataset.AbstractTableMetaData - getColumnIndex(columnName=id) - start
23:04:40.156 [main] DEBUG o.d.dataset.AbstractTableMetaData - getColumnIndex(columnName=order_order_number) - start
23:04:40.158 [main] DEBUG o.d.dataset.AbstractTableMetaData - getColumnIndex(columnName=product_sku_number) - start
23:04:40.158 [main] DEBUG o.d.dataset.AbstractTableMetaData - getColumnIndex(columnName=quantity) - start
23:04:40.158 [main] DEBUG o.dbunit.dataset.OrderedTableNameMap - getLastTableName() - start
23:04:40.158 [main] DEBUG o.dbunit.dataset.OrderedTableNameMap - getTableName(tableName=order_items) - start
23:04:40.158 [main] DEBUG o.dbunit.dataset.OrderedTableNameMap - getTableName(tableName=order_items) - end - result=ORDER_ITEMS
23:04:40.160 [main] DEBUG org.dbunit.dataset.CachedDataSet - row(values=6) - start
23:04:40.160 [main] DEBUG org.dbunit.dataset.DefaultTable - addRow(values=6) - start
23:04:40.160 [main] DEBUG o.dbunit.dataset.xml.FlatXmlProducer - endElement(uri=, localName=, qName=order_items) - start
23:04:40.160 [main] DEBUG o.dbunit.dataset.xml.FlatXmlProducer - startElement(uri=, localName=, qName=order_items, attributes=org.apache.xerces.parsers.AbstractSAXParser$AttributesProxy@1c5ddc9) - start
23:04:40.160 [main] DEBUG o.dbunit.dataset.OrderedTableNameMap - getLastTableName() - start
23:04:40.162 [main] DEBUG o.dbunit.dataset.OrderedTableNameMap - getTableName(tableName=order_items) - start
23:04:40.162 [main] DEBUG o.dbunit.dataset.OrderedTableNameMap - getTableName(tableName=order_items) - end - result=ORDER_ITEMS
23:04:40.162 [main] DEBUG o.dbunit.dataset.OrderedTableNameMap - isLastTable(tableName=order_items) - start
23:04:40.162 [main] DEBUG o.dbunit.dataset.OrderedTableNameMap - getLastTableName() - start
23:04:40.162 [main] DEBUG o.dbunit.dataset.OrderedTableNameMap - getTableName(tableName=order_items) - start
23:04:40.163 [main] DEBUG o.dbunit.dataset.OrderedTableNameMap - getTableName(tableName=order_items) - end - result=ORDER_ITEMS
23:04:40.163 [main] DEBUG o.dbunit.dataset.OrderedTableNameMap - getTableName(tableName=order_items) - start
23:04:40.164 [main] DEBUG o.dbunit.dataset.OrderedTableNameMap - getTableName(tableName=order_items) - end - result=ORDER_ITEMS
23:04:40.164 [main] DEBUG o.dbunit.dataset.OrderedTableNameMap - getLastTableName() - start
23:04:40.164 [main] DEBUG o.dbunit.dataset.OrderedTableNameMap - getTableName(tableName=order_items) - start
23:04:40.165 [main] DEBUG o.dbunit.dataset.OrderedTableNameMap - getTableName(tableName=order_items) - end - result=ORDER_ITEMS
23:04:40.165 [main] DEBUG o.d.dataset.AbstractTableMetaData - getColumnIndex(columnName=id) - start
23:04:40.165 [main] DEBUG o.d.dataset.AbstractTableMetaData - getColumnIndex(columnName=order_order_number) - start
23:04:40.165 [main] DEBUG o.d.dataset.AbstractTableMetaData - getColumnIndex(columnName=product_sku_number) - start
23:04:40.165 [main] DEBUG o.d.dataset.AbstractTableMetaData - getColumnIndex(columnName=quantity) - start
23:04:40.167 [main] DEBUG o.dbunit.dataset.OrderedTableNameMap - getLastTableName() - start
23:04:40.167 [main] DEBUG o.dbunit.dataset.OrderedTableNameMap - getTableName(tableName=order_items) - start
23:04:40.167 [main] DEBUG o.dbunit.dataset.OrderedTableNameMap - getTableName(tableName=order_items) - end - result=ORDER_ITEMS
23:04:40.167 [main] DEBUG org.dbunit.dataset.CachedDataSet - row(values=7) - start
23:04:40.167 [main] DEBUG org.dbunit.dataset.DefaultTable - addRow(values=7) - start
23:04:40.167 [main] DEBUG o.dbunit.dataset.xml.FlatXmlProducer - endElement(uri=, localName=, qName=order_items) - start
23:04:40.169 [main] DEBUG o.dbunit.dataset.xml.FlatXmlProducer - startElement(uri=, localName=, qName=orders, attributes=org.apache.xerces.parsers.AbstractSAXParser$AttributesProxy@1c5ddc9) - start
23:04:40.169 [main] DEBUG o.dbunit.dataset.OrderedTableNameMap - getLastTableName() - start
23:04:40.169 [main] DEBUG o.dbunit.dataset.OrderedTableNameMap - getTableName(tableName=order_items) - start
23:04:40.169 [main] DEBUG o.dbunit.dataset.OrderedTableNameMap - getTableName(tableName=order_items) - end - result=ORDER_ITEMS
23:04:40.170 [main] DEBUG o.dbunit.dataset.OrderedTableNameMap - isLastTable(tableName=orders) - start
23:04:40.170 [main] DEBUG o.dbunit.dataset.OrderedTableNameMap - getLastTableName() - start
23:04:40.170 [main] DEBUG o.dbunit.dataset.OrderedTableNameMap - getTableName(tableName=order_items) - start
23:04:40.170 [main] DEBUG o.dbunit.dataset.OrderedTableNameMap - getTableName(tableName=order_items) - end - result=ORDER_ITEMS
23:04:40.170 [main] DEBUG o.dbunit.dataset.OrderedTableNameMap - getTableName(tableName=orders) - start
23:04:40.172 [main] DEBUG o.dbunit.dataset.OrderedTableNameMap - getTableName(tableName=orders) - end - result=ORDERS
23:04:40.172 [main] DEBUG org.dbunit.dataset.CachedDataSet - endTable() - start
23:04:40.172 [main] DEBUG o.dbunit.dataset.OrderedTableNameMap - getTableName(tableName=order_items) - start
23:04:40.172 [main] DEBUG o.dbunit.dataset.OrderedTableNameMap - getTableName(tableName=order_items) - end - result=ORDER_ITEMS
23:04:40.172 [main] DEBUG o.dbunit.dataset.OrderedTableNameMap - getTableName(tableName=order_items) - start
23:04:40.174 [main] DEBUG o.dbunit.dataset.OrderedTableNameMap - getTableName(tableName=order_items) - end - result=ORDER_ITEMS
23:04:40.174 [main] DEBUG org.dbunit.dataset.DefaultTable - addTableRows(table=org.dbunit.dataset.DefaultTable[_metaData=tableName=order_items, columns=[(id, UNKNOWN, nullableUnknown), (order_order_number, UNKNOWN, nullableUnknown), (product_sku_number, UNKNOWN, nullableUnknown), (quantity, UNKNOWN, nullableUnknown)], keys=[], _rowList.size()=2]) - start
23:04:40.174 [main] DEBUG org.dbunit.dataset.DefaultTable - getValue(row=0, column=id) - start
23:04:40.176 [main] DEBUG org.dbunit.dataset.AbstractTable - assertValidRowIndex(row=0) - start
23:04:40.176 [main] DEBUG org.dbunit.dataset.AbstractTable - assertValidRowIndex(row=0, rowCount=2) - start
23:04:40.176 [main] DEBUG org.dbunit.dataset.AbstractTable - getColumnIndex(columnName=id) - start
23:04:40.176 [main] DEBUG o.d.dataset.AbstractTableMetaData - getColumnIndex(columnName=id) - start
23:04:40.176 [main] DEBUG org.dbunit.dataset.DefaultTable - getValue(row=0, column=order_order_number) - start
23:04:40.176 [main] DEBUG org.dbunit.dataset.AbstractTable - assertValidRowIndex(row=0) - start
23:04:40.176 [main] DEBUG org.dbunit.dataset.AbstractTable - assertValidRowIndex(row=0, rowCount=2) - start
23:04:40.176 [main] DEBUG org.dbunit.dataset.AbstractTable - getColumnIndex(columnName=order_order_number) - start
23:04:40.176 [main] DEBUG o.d.dataset.AbstractTableMetaData - getColumnIndex(columnName=order_order_number) - start
23:04:40.176 [main] DEBUG org.dbunit.dataset.DefaultTable - getValue(row=0, column=product_sku_number) - start
23:04:40.179 [main] DEBUG org.dbunit.dataset.AbstractTable - assertValidRowIndex(row=0) - start
23:04:40.179 [main] DEBUG org.dbunit.dataset.AbstractTable - assertValidRowIndex(row=0, rowCount=2) - start
23:04:40.179 [main] DEBUG org.dbunit.dataset.AbstractTable - getColumnIndex(columnName=product_sku_number) - start
23:04:40.179 [main] DEBUG o.d.dataset.AbstractTableMetaData - getColumnIndex(columnName=product_sku_number) - start
23:04:40.179 [main] DEBUG org.dbunit.dataset.DefaultTable - getValue(row=0, column=quantity) - start
23:04:40.181 [main] DEBUG org.dbunit.dataset.AbstractTable - assertValidRowIndex(row=0) - start
23:04:40.181 [main] DEBUG org.dbunit.dataset.AbstractTable - assertValidRowIndex(row=0, rowCount=2) - start
23:04:40.181 [main] DEBUG org.dbunit.dataset.AbstractTable - getColumnIndex(columnName=quantity) - start
23:04:40.181 [main] DEBUG o.d.dataset.AbstractTableMetaData - getColumnIndex(columnName=quantity) - start
23:04:40.181 [main] DEBUG org.dbunit.dataset.DefaultTable - getValue(row=1, column=id) - start
23:04:40.182 [main] DEBUG org.dbunit.dataset.AbstractTable - assertValidRowIndex(row=1) - start
23:04:40.182 [main] DEBUG org.dbunit.dataset.AbstractTable - assertValidRowIndex(row=1, rowCount=2) - start
23:04:40.182 [main] DEBUG org.dbunit.dataset.AbstractTable - getColumnIndex(columnName=id) - start
23:04:40.182 [main] DEBUG o.d.dataset.AbstractTableMetaData - getColumnIndex(columnName=id) - start
23:04:40.182 [main] DEBUG org.dbunit.dataset.DefaultTable - getValue(row=1, column=order_order_number) - start
23:04:40.184 [main] DEBUG org.dbunit.dataset.AbstractTable - assertValidRowIndex(row=1) - start
23:04:40.184 [main] DEBUG org.dbunit.dataset.AbstractTable - assertValidRowIndex(row=1, rowCount=2) - start
23:04:40.184 [main] DEBUG org.dbunit.dataset.AbstractTable - getColumnIndex(columnName=order_order_number) - start
23:04:40.184 [main] DEBUG o.d.dataset.AbstractTableMetaData - getColumnIndex(columnName=order_order_number) - start
23:04:40.184 [main] DEBUG org.dbunit.dataset.DefaultTable - getValue(row=1, column=product_sku_number) - start
23:04:40.185 [main] DEBUG org.dbunit.dataset.AbstractTable - assertValidRowIndex(row=1) - start
23:04:40.185 [main] DEBUG org.dbunit.dataset.AbstractTable - assertValidRowIndex(row=1, rowCount=2) - start
23:04:40.185 [main] DEBUG org.dbunit.dataset.AbstractTable - getColumnIndex(columnName=product_sku_number) - start
23:04:40.185 [main] DEBUG o.d.dataset.AbstractTableMetaData - getColumnIndex(columnName=product_sku_number) - start
23:04:40.185 [main] DEBUG org.dbunit.dataset.DefaultTable - getValue(row=1, column=quantity) - start
23:04:40.187 [main] DEBUG org.dbunit.dataset.AbstractTable - assertValidRowIndex(row=1) - start
23:04:40.187 [main] DEBUG org.dbunit.dataset.AbstractTable - assertValidRowIndex(row=1, rowCount=2) - start
23:04:40.187 [main] DEBUG org.dbunit.dataset.AbstractTable - getColumnIndex(columnName=quantity) - start
23:04:40.187 [main] DEBUG o.d.dataset.AbstractTableMetaData - getColumnIndex(columnName=quantity) - start
23:04:40.187 [main] DEBUG org.dbunit.dataset.DefaultTable - getValue(row=2, column=id) - start
23:04:40.189 [main] DEBUG org.dbunit.dataset.AbstractTable - assertValidRowIndex(row=2) - start
23:04:40.189 [main] DEBUG org.dbunit.dataset.AbstractTable - assertValidRowIndex(row=2, rowCount=2) - start
23:04:40.189 [main] DEBUG o.dbunit.dataset.OrderedTableNameMap - getTableName(tableName=orders) - start
23:04:40.189 [main] DEBUG o.dbunit.dataset.OrderedTableNameMap - getTableName(tableName=orders) - end - result=ORDERS
23:04:40.189 [main] DEBUG o.dbunit.dataset.OrderedTableNameMap - getTableName(tableName=orders) - start
23:04:40.190 [main] DEBUG o.dbunit.dataset.OrderedTableNameMap - getTableName(tableName=orders) - end - result=ORDERS
23:04:40.190 [main] DEBUG o.dbunit.dataset.OrderedTableNameMap - setLastTable(nameorders) - start
23:04:40.190 [main] DEBUG o.dbunit.dataset.OrderedTableNameMap - getTableName(tableName=orders) - start
23:04:40.190 [main] DEBUG o.dbunit.dataset.OrderedTableNameMap - getTableName(tableName=orders) - end - result=ORDERS
23:04:40.190 [main] DEBUG org.dbunit.dataset.CachedDataSet - startTable(metaData=tableName=orders, columns=[(order_number, UNKNOWN, nullableUnknown), (customer_id, UNKNOWN, nullableUnknown), (date, UNKNOWN, nullableUnknown), (amount, UNKNOWN, nullableUnknown), (order_status, UNKNOWN, nullableUnknown), (discount_status, UNKNOWN, nullableUnknown)], keys=[]) - start
23:04:40.192 [main] DEBUG o.dbunit.dataset.OrderedTableNameMap - getLastTableName() - start
23:04:40.192 [main] DEBUG o.dbunit.dataset.OrderedTableNameMap - getTableName(tableName=orders) - start
23:04:40.192 [main] DEBUG o.dbunit.dataset.OrderedTableNameMap - getTableName(tableName=orders) - end - result=ORDERS
23:04:40.192 [main] DEBUG o.d.dataset.AbstractTableMetaData - getColumnIndex(columnName=order_number) - start
23:04:40.192 [main] DEBUG o.d.dataset.AbstractTableMetaData - getColumnIndex(columnName=customer_id) - start
23:04:40.193 [main] DEBUG o.d.dataset.AbstractTableMetaData - getColumnIndex(columnName=date) - start
23:04:40.193 [main] DEBUG o.d.dataset.AbstractTableMetaData - getColumnIndex(columnName=amount) - start
23:04:40.193 [main] DEBUG o.d.dataset.AbstractTableMetaData - getColumnIndex(columnName=order_status) - start
23:04:40.193 [main] DEBUG o.d.dataset.AbstractTableMetaData - getColumnIndex(columnName=discount_status) - start
23:04:40.193 [main] DEBUG o.dbunit.dataset.OrderedTableNameMap - getLastTableName() - start
23:04:40.195 [main] DEBUG o.dbunit.dataset.OrderedTableNameMap - getTableName(tableName=orders) - start
23:04:40.195 [main] DEBUG o.dbunit.dataset.OrderedTableNameMap - getTableName(tableName=orders) - end - result=ORDERS
23:04:40.196 [main] DEBUG org.dbunit.dataset.CachedDataSet - row(values=6) - start
23:04:40.196 [main] DEBUG org.dbunit.dataset.DefaultTable - addRow(values=6) - start
23:04:40.196 [main] DEBUG o.dbunit.dataset.xml.FlatXmlProducer - endElement(uri=, localName=, qName=orders) - start
23:04:40.196 [main] DEBUG o.dbunit.dataset.xml.FlatXmlProducer - startElement(uri=, localName=, qName=order_items, attributes=org.apache.xerces.parsers.AbstractSAXParser$AttributesProxy@1c5ddc9) - start
23:04:40.197 [main] DEBUG o.dbunit.dataset.OrderedTableNameMap - getLastTableName() - start
23:04:40.197 [main] DEBUG o.dbunit.dataset.OrderedTableNameMap - getTableName(tableName=orders) - start
23:04:40.197 [main] DEBUG o.dbunit.dataset.OrderedTableNameMap - getTableName(tableName=orders) - end - result=ORDERS
23:04:40.197 [main] DEBUG o.dbunit.dataset.OrderedTableNameMap - isLastTable(tableName=order_items) - start
23:04:40.197 [main] DEBUG o.dbunit.dataset.OrderedTableNameMap - getLastTableName() - start
23:04:40.199 [main] DEBUG o.dbunit.dataset.OrderedTableNameMap - getTableName(tableName=orders) - start
23:04:40.199 [main] DEBUG o.dbunit.dataset.OrderedTableNameMap - getTableName(tableName=orders) - end - result=ORDERS
23:04:40.199 [main] DEBUG o.dbunit.dataset.OrderedTableNameMap - getTableName(tableName=order_items) - start
23:04:40.199 [main] DEBUG o.dbunit.dataset.OrderedTableNameMap - getTableName(tableName=order_items) - end - result=ORDER_ITEMS
23:04:40.199 [main] DEBUG org.dbunit.dataset.CachedDataSet - endTable() - start
23:04:40.201 [main] DEBUG o.dbunit.dataset.OrderedTableNameMap - getTableName(tableName=orders) - start
23:04:40.201 [main] DEBUG o.dbunit.dataset.OrderedTableNameMap - getTableName(tableName=orders) - end - result=ORDERS
23:04:40.201 [main] DEBUG o.dbunit.dataset.OrderedTableNameMap - getTableName(tableName=orders) - start
23:04:40.201 [main] DEBUG o.dbunit.dataset.OrderedTableNameMap - getTableName(tableName=orders) - end - result=ORDERS
23:04:40.201 [main] DEBUG org.dbunit.dataset.DefaultTable - addTableRows(table=org.dbunit.dataset.DefaultTable[_metaData=tableName=orders, columns=[(order_number, UNKNOWN, nullableUnknown), (customer_id, UNKNOWN, nullableUnknown), (date, UNKNOWN, nullableUnknown), (amount, UNKNOWN, nullableUnknown), (order_status, UNKNOWN, nullableUnknown), (discount_status, UNKNOWN, nullableUnknown)], keys=[], _rowList.size()=1]) - start
23:04:40.203 [main] DEBUG org.dbunit.dataset.DefaultTable - getValue(row=0, column=order_number) - start
23:04:40.203 [main] DEBUG org.dbunit.dataset.AbstractTable - assertValidRowIndex(row=0) - start
23:04:40.203 [main] DEBUG org.dbunit.dataset.AbstractTable - assertValidRowIndex(row=0, rowCount=1) - start
23:04:40.203 [main] DEBUG org.dbunit.dataset.AbstractTable - getColumnIndex(columnName=order_number) - start
23:04:40.203 [main] DEBUG o.d.dataset.AbstractTableMetaData - getColumnIndex(columnName=order_number) - start
23:04:40.205 [main] DEBUG org.dbunit.dataset.DefaultTable - getValue(row=0, column=customer_id) - start
23:04:40.205 [main] DEBUG org.dbunit.dataset.AbstractTable - assertValidRowIndex(row=0) - start
23:04:40.205 [main] DEBUG org.dbunit.dataset.AbstractTable - assertValidRowIndex(row=0, rowCount=1) - start
23:04:40.205 [main] DEBUG org.dbunit.dataset.AbstractTable - getColumnIndex(columnName=customer_id) - start
23:04:40.205 [main] DEBUG o.d.dataset.AbstractTableMetaData - getColumnIndex(columnName=customer_id) - start
23:04:40.207 [main] DEBUG org.dbunit.dataset.DefaultTable - getValue(row=0, column=date) - start
23:04:40.207 [main] DEBUG org.dbunit.dataset.AbstractTable - assertValidRowIndex(row=0) - start
23:04:40.207 [main] DEBUG org.dbunit.dataset.AbstractTable - assertValidRowIndex(row=0, rowCount=1) - start
23:04:40.207 [main] DEBUG org.dbunit.dataset.AbstractTable - getColumnIndex(columnName=date) - start
23:04:40.207 [main] DEBUG o.d.dataset.AbstractTableMetaData - getColumnIndex(columnName=date) - start
23:04:40.207 [main] DEBUG org.dbunit.dataset.DefaultTable - getValue(row=0, column=amount) - start
23:04:40.208 [main] DEBUG org.dbunit.dataset.AbstractTable - assertValidRowIndex(row=0) - start
23:04:40.208 [main] DEBUG org.dbunit.dataset.AbstractTable - assertValidRowIndex(row=0, rowCount=1) - start
23:04:40.208 [main] DEBUG org.dbunit.dataset.AbstractTable - getColumnIndex(columnName=amount) - start
23:04:40.208 [main] DEBUG o.d.dataset.AbstractTableMetaData - getColumnIndex(columnName=amount) - start
23:04:40.209 [main] DEBUG org.dbunit.dataset.DefaultTable - getValue(row=0, column=order_status) - start
23:04:40.210 [main] DEBUG org.dbunit.dataset.AbstractTable - assertValidRowIndex(row=0) - start
23:04:40.210 [main] DEBUG org.dbunit.dataset.AbstractTable - assertValidRowIndex(row=0, rowCount=1) - start
23:04:40.210 [main] DEBUG org.dbunit.dataset.AbstractTable - getColumnIndex(columnName=order_status) - start
23:04:40.210 [main] DEBUG o.d.dataset.AbstractTableMetaData - getColumnIndex(columnName=order_status) - start
23:04:40.210 [main] DEBUG org.dbunit.dataset.DefaultTable - getValue(row=0, column=discount_status) - start
23:04:40.212 [main] DEBUG org.dbunit.dataset.AbstractTable - assertValidRowIndex(row=0) - start
23:04:40.212 [main] DEBUG org.dbunit.dataset.AbstractTable - assertValidRowIndex(row=0, rowCount=1) - start
23:04:40.212 [main] DEBUG org.dbunit.dataset.AbstractTable - getColumnIndex(columnName=discount_status) - start
23:04:40.212 [main] DEBUG o.d.dataset.AbstractTableMetaData - getColumnIndex(columnName=discount_status) - start
23:04:40.212 [main] DEBUG org.dbunit.dataset.DefaultTable - getValue(row=1, column=order_number) - start
23:04:40.214 [main] DEBUG org.dbunit.dataset.AbstractTable - assertValidRowIndex(row=1) - start
23:04:40.214 [main] DEBUG org.dbunit.dataset.AbstractTable - assertValidRowIndex(row=1, rowCount=1) - start
23:04:40.214 [main] DEBUG o.dbunit.dataset.OrderedTableNameMap - getTableName(tableName=order_items) - start
23:04:40.214 [main] DEBUG o.dbunit.dataset.OrderedTableNameMap - getTableName(tableName=order_items) - end - result=ORDER_ITEMS
23:04:40.214 [main] DEBUG o.dbunit.dataset.OrderedTableNameMap - getTableName(tableName=order_items) - start
23:04:40.215 [main] DEBUG o.dbunit.dataset.OrderedTableNameMap - getTableName(tableName=order_items) - end - result=ORDER_ITEMS
23:04:40.215 [main] DEBUG o.dbunit.dataset.OrderedTableNameMap - setLastTable(nameorder_items) - start
23:04:40.215 [main] DEBUG o.dbunit.dataset.OrderedTableNameMap - getTableName(tableName=order_items) - start
23:04:40.215 [main] DEBUG o.dbunit.dataset.OrderedTableNameMap - getTableName(tableName=order_items) - end - result=ORDER_ITEMS
23:04:40.215 [main] DEBUG org.dbunit.dataset.CachedDataSet - startTable(metaData=tableName=order_items, columns=[(id, UNKNOWN, nullableUnknown), (order_order_number, UNKNOWN, nullableUnknown), (product_sku_number, UNKNOWN, nullableUnknown), (quantity, UNKNOWN, nullableUnknown)], keys=[]) - start
23:04:40.217 [main] DEBUG o.dbunit.dataset.OrderedTableNameMap - getLastTableName() - start
23:04:40.217 [main] DEBUG o.dbunit.dataset.OrderedTableNameMap - getTableName(tableName=order_items) - start
23:04:40.217 [main] DEBUG o.dbunit.dataset.OrderedTableNameMap - getTableName(tableName=order_items) - end - result=ORDER_ITEMS
23:04:40.217 [main] DEBUG o.d.dataset.AbstractTableMetaData - getColumnIndex(columnName=id) - start
23:04:40.217 [main] DEBUG o.d.dataset.AbstractTableMetaData - getColumnIndex(columnName=order_order_number) - start
23:04:40.218 [main] DEBUG o.d.dataset.AbstractTableMetaData - getColumnIndex(columnName=product_sku_number) - start
23:04:40.218 [main] DEBUG o.d.dataset.AbstractTableMetaData - getColumnIndex(columnName=quantity) - start
23:04:40.218 [main] DEBUG o.dbunit.dataset.OrderedTableNameMap - getLastTableName() - start
23:04:40.218 [main] DEBUG o.dbunit.dataset.OrderedTableNameMap - getTableName(tableName=order_items) - start
23:04:40.218 [main] DEBUG o.dbunit.dataset.OrderedTableNameMap - getTableName(tableName=order_items) - end - result=ORDER_ITEMS
23:04:40.220 [main] DEBUG org.dbunit.dataset.CachedDataSet - row(values=8) - start
23:04:40.220 [main] DEBUG org.dbunit.dataset.DefaultTable - addRow(values=8) - start
23:04:40.220 [main] DEBUG o.dbunit.dataset.xml.FlatXmlProducer - endElement(uri=, localName=, qName=order_items) - start
23:04:40.220 [main] DEBUG o.dbunit.dataset.xml.FlatXmlProducer - endElement(uri=, localName=, qName=dataset) - start
23:04:40.220 [main] DEBUG o.dbunit.dataset.OrderedTableNameMap - getLastTableName() - start
23:04:40.220 [main] DEBUG o.dbunit.dataset.OrderedTableNameMap - getTableName(tableName=order_items) - start
23:04:40.222 [main] DEBUG o.dbunit.dataset.OrderedTableNameMap - getTableName(tableName=order_items) - end - result=ORDER_ITEMS
23:04:40.222 [main] DEBUG org.dbunit.dataset.CachedDataSet - endTable() - start
23:04:40.222 [main] DEBUG o.dbunit.dataset.OrderedTableNameMap - getTableName(tableName=order_items) - start
23:04:40.222 [main] DEBUG o.dbunit.dataset.OrderedTableNameMap - getTableName(tableName=order_items) - end - result=ORDER_ITEMS
23:04:40.222 [main] DEBUG o.dbunit.dataset.OrderedTableNameMap - getTableName(tableName=order_items) - start
23:04:40.224 [main] DEBUG o.dbunit.dataset.OrderedTableNameMap - getTableName(tableName=order_items) - end - result=ORDER_ITEMS
23:04:40.224 [main] DEBUG org.dbunit.dataset.DefaultTable - addTableRows(table=org.dbunit.dataset.DefaultTable[_metaData=tableName=order_items, columns=[(id, UNKNOWN, nullableUnknown), (order_order_number, UNKNOWN, nullableUnknown), (product_sku_number, UNKNOWN, nullableUnknown), (quantity, UNKNOWN, nullableUnknown)], keys=[], _rowList.size()=1]) - start
23:04:40.224 [main] DEBUG org.dbunit.dataset.DefaultTable - getValue(row=0, column=id) - start
23:04:40.226 [main] DEBUG org.dbunit.dataset.AbstractTable - assertValidRowIndex(row=0) - start
23:04:40.226 [main] DEBUG org.dbunit.dataset.AbstractTable - assertValidRowIndex(row=0, rowCount=1) - start
23:04:40.226 [main] DEBUG org.dbunit.dataset.AbstractTable - getColumnIndex(columnName=id) - start
23:04:40.226 [main] DEBUG o.d.dataset.AbstractTableMetaData - getColumnIndex(columnName=id) - start
23:04:40.226 [main] DEBUG org.dbunit.dataset.DefaultTable - getValue(row=0, column=order_order_number) - start
23:04:40.226 [main] DEBUG org.dbunit.dataset.AbstractTable - assertValidRowIndex(row=0) - start
23:04:40.226 [main] DEBUG org.dbunit.dataset.AbstractTable - assertValidRowIndex(row=0, rowCount=1) - start
23:04:40.226 [main] DEBUG org.dbunit.dataset.AbstractTable - getColumnIndex(columnName=order_order_number) - start
23:04:40.226 [main] DEBUG o.d.dataset.AbstractTableMetaData - getColumnIndex(columnName=order_order_number) - start
23:04:40.226 [main] DEBUG org.dbunit.dataset.DefaultTable - getValue(row=0, column=product_sku_number) - start
23:04:40.228 [main] DEBUG org.dbunit.dataset.AbstractTable - assertValidRowIndex(row=0) - start
23:04:40.228 [main] DEBUG org.dbunit.dataset.AbstractTable - assertValidRowIndex(row=0, rowCount=1) - start
23:04:40.228 [main] DEBUG org.dbunit.dataset.AbstractTable - getColumnIndex(columnName=product_sku_number) - start
23:04:40.228 [main] DEBUG o.d.dataset.AbstractTableMetaData - getColumnIndex(columnName=product_sku_number) - start
23:04:40.228 [main] DEBUG org.dbunit.dataset.DefaultTable - getValue(row=0, column=quantity) - start
23:04:40.230 [main] DEBUG org.dbunit.dataset.AbstractTable - assertValidRowIndex(row=0) - start
23:04:40.230 [main] DEBUG org.dbunit.dataset.AbstractTable - assertValidRowIndex(row=0, rowCount=1) - start
23:04:40.230 [main] DEBUG org.dbunit.dataset.AbstractTable - getColumnIndex(columnName=quantity) - start
23:04:40.230 [main] DEBUG o.d.dataset.AbstractTableMetaData - getColumnIndex(columnName=quantity) - start
23:04:40.230 [main] DEBUG org.dbunit.dataset.DefaultTable - getValue(row=1, column=id) - start
23:04:40.232 [main] DEBUG org.dbunit.dataset.AbstractTable - assertValidRowIndex(row=1) - start
23:04:40.232 [main] DEBUG org.dbunit.dataset.AbstractTable - assertValidRowIndex(row=1, rowCount=1) - start
23:04:40.232 [main] DEBUG org.dbunit.dataset.CachedDataSet - endDataSet() - start
23:04:40.232 [main] DEBUG org.dbunit.dataset.CachedDataSet - endDataSet() - the final tableMap is: org.dbunit.dataset.OrderedTableNameMap[_tableNames=[customers, products, orders, order_items], _tableMap={ORDER_ITEMS=org.dbunit.dataset.DefaultTable[_metaData=tableName=order_items, columns=[(id, UNKNOWN, nullableUnknown), (order_order_number, UNKNOWN, nullableUnknown), (product_sku_number, UNKNOWN, nullableUnknown), (quantity, UNKNOWN, nullableUnknown)], keys=[], _rowList.size()=8], CUSTOMERS=org.dbunit.dataset.DefaultTable[_metaData=tableName=customers, columns=[(id, UNKNOWN, nullableUnknown), (name, UNKNOWN, nullableUnknown)], keys=[], _rowList.size()=6], ORDERS=org.dbunit.dataset.DefaultTable[_metaData=tableName=orders, columns=[(order_number, UNKNOWN, nullableUnknown), (customer_id, UNKNOWN, nullableUnknown), (date, UNKNOWN, nullableUnknown), (amount, UNKNOWN, nullableUnknown), (order_status, UNKNOWN, nullableUnknown), (discount_status, UNKNOWN, nullableUnknown)], keys=[], _rowList.size()=6], PRODUCTS=org.dbunit.dataset.DefaultTable[_metaData=tableName=products, columns=[(sku_number, UNKNOWN, nullableUnknown), (name, UNKNOWN, nullableUnknown), (amount, UNKNOWN, nullableUnknown)], keys=[], _rowList.size()=4]}, _caseSensitiveTableNames=false]
23:04:40.234 [main] DEBUG org.dbunit.AbstractDatabaseTester - setDataSet(dataSet=AbstractDataSet[_orderedTableNameMap=null]) - start
23:04:40.234 [main] DEBUG org.dbunit.DatabaseTestCase - getOperationListener() - start
23:04:40.234 [main] DEBUG org.dbunit.AbstractDatabaseTester - setOperationListener(operationListener=org.dbunit.DatabaseTestCase$1@14acfcd) - start
23:04:40.234 [main] DEBUG org.dbunit.AbstractDatabaseTester - onTearDown() - start
23:04:40.234 [main] DEBUG org.dbunit.AbstractDatabaseTester - executeOperation(operation=org.dbunit.operation.DeleteAllOperation@19b1de) - start
23:04:40.235 [main] DEBUG org.dbunit.JdbcDatabaseTester - getConnection() - start
23:04:40.235 [main] DEBUG org.dbunit.assertion.SimpleAssert - assertNotNullNorEmpty(propertyName=connectionUrl, property=jdbc:mysql://127.0.0.1/orderingsystem_test) - start
23:04:40.248 [main] DEBUG org.dbunit.util.SQLHelper - isEscaped returns 'false' for tableName= (dbIdentifierQuoteString=`)
23:04:40.248 [main] DEBUG o.dbunit.database.DatabaseConnection - Database connection info: 
	database product name=MySQL
	database version=5.5.2-m2-community
	database major version=5
	database minor version=5
	jdbc driver name=MySQL-AB JDBC Driver
	jdbc driver version=mysql-connector-java-5.1.16 ( Revision: ${bzr.revision-id} )
	jdbc driver major version=5
	jdbc driver minor version=1

23:04:40.341 [main] DEBUG o.dbunit.database.DatabaseConnection - validateSchema(validateStrict=false) - start
23:04:40.343 [main] WARN  o.dbunit.database.DatabaseConnection - The given schema '' does not exist.
23:04:40.343 [main] DEBUG org.dbunit.DefaultOperationListener - connectionCreated(connection=org.dbunit.database.DatabaseConnection[schema=, connection=com.mysql.jdbc.JDBC4Connection@47a0d4, super=_databaseConfig=org.dbunit.database.DatabaseConfig[, _propertyMap={http://www.dbunit.org/properties/statementFactory=org.dbunit.database.statement.PreparedStatementFactory@16c9867, http://www.dbunit.org/features/caseSensitiveTableNames=false, http://www.dbunit.org/properties/fetchSize=100, http://www.dbunit.org/features/batchedStatements=false, http://www.dbunit.org/properties/metadataHandler=org.dbunit.database.DefaultMetadataHandler@8ff4cf, http://www.dbunit.org/properties/datatypeFactory=org.dbunit.dataset.datatype.DefaultDataTypeFactory[_toleratedDeltaMap=org.dbunit.dataset.datatype.ToleratedDeltaMap@c837cd], http://www.dbunit.org/properties/escapePattern=null, http://www.dbunit.org/properties/batchSize=100, http://www.dbunit.org/features/qualifiedTableNames=false, http://www.dbunit.org/properties/tableType=[Ljava.lang.String;@c79809, http://www.dbunit.org/properties/resultSetTableFactory=org.dbunit.database.CachedResultSetTableFactory@1ce784b, http://www.dbunit.org/features/datatypeWarning=true}], _dataSet=null]) - start
23:04:40.343 [main] DEBUG org.dbunit.AbstractDatabaseTester - getDataSet() - start
23:04:40.343 [main] DEBUG o.d.operation.DeleteAllOperation - execute(connection=org.dbunit.database.DatabaseConnection[schema=, connection=com.mysql.jdbc.JDBC4Connection@47a0d4, super=_databaseConfig=org.dbunit.database.DatabaseConfig[, _propertyMap={http://www.dbunit.org/properties/statementFactory=org.dbunit.database.statement.PreparedStatementFactory@16c9867, http://www.dbunit.org/features/caseSensitiveTableNames=false, http://www.dbunit.org/properties/fetchSize=100, http://www.dbunit.org/features/batchedStatements=false, http://www.dbunit.org/properties/metadataHandler=org.dbunit.database.DefaultMetadataHandler@8ff4cf, http://www.dbunit.org/properties/datatypeFactory=org.dbunit.dataset.datatype.DefaultDataTypeFactory[_toleratedDeltaMap=org.dbunit.dataset.datatype.ToleratedDeltaMap@c837cd], http://www.dbunit.org/properties/escapePattern=null, http://www.dbunit.org/properties/batchSize=100, http://www.dbunit.org/features/qualifiedTableNames=false, http://www.dbunit.org/properties/tableType=[Ljava.lang.String;@c79809, http://www.dbunit.org/properties/resultSetTableFactory=org.dbunit.database.CachedResultSetTableFactory@1ce784b, http://www.dbunit.org/features/datatypeWarning=true}], _dataSet=null], dataSet=AbstractDataSet[_orderedTableNameMap=null]) - start
23:04:40.343 [main] DEBUG o.d.d.AbstractDatabaseConnection - createDataSet() - start
23:04:40.343 [main] DEBUG o.d.d.s.PreparedStatementFactory - createBatchStatement(connection=org.dbunit.database.DatabaseConnection[schema=, connection=com.mysql.jdbc.JDBC4Connection@47a0d4, super=_databaseConfig=org.dbunit.database.DatabaseConfig[, _propertyMap={http://www.dbunit.org/properties/statementFactory=org.dbunit.database.statement.PreparedStatementFactory@16c9867, http://www.dbunit.org/features/caseSensitiveTableNames=false, http://www.dbunit.org/properties/fetchSize=100, http://www.dbunit.org/features/batchedStatements=false, http://www.dbunit.org/properties/metadataHandler=org.dbunit.database.DefaultMetadataHandler@8ff4cf, http://www.dbunit.org/properties/datatypeFactory=org.dbunit.dataset.datatype.DefaultDataTypeFactory[_toleratedDeltaMap=org.dbunit.dataset.datatype.ToleratedDeltaMap@c837cd], http://www.dbunit.org/properties/escapePattern=null, http://www.dbunit.org/properties/batchSize=100, http://www.dbunit.org/features/qualifiedTableNames=false, http://www.dbunit.org/properties/tableType=[Ljava.lang.String;@c79809, http://www.dbunit.org/properties/resultSetTableFactory=org.dbunit.database.CachedResultSetTableFactory@1ce784b, http://www.dbunit.org/features/datatypeWarning=true}], _dataSet=AbstractDataSet[_orderedTableNameMap=null]]) - start
23:04:40.347 [main] DEBUG o.d.d.s.AbstractStatementFactory - supportBatchStatement(connection=org.dbunit.database.DatabaseConnection[schema=, connection=com.mysql.jdbc.JDBC4Connection@47a0d4, super=_databaseConfig=org.dbunit.database.DatabaseConfig[, _propertyMap={http://www.dbunit.org/properties/statementFactory=org.dbunit.database.statement.PreparedStatementFactory@16c9867, http://www.dbunit.org/features/caseSensitiveTableNames=false, http://www.dbunit.org/properties/fetchSize=100, http://www.dbunit.org/features/batchedStatements=false, http://www.dbunit.org/properties/metadataHandler=org.dbunit.database.DefaultMetadataHandler@8ff4cf, http://www.dbunit.org/properties/datatypeFactory=org.dbunit.dataset.datatype.DefaultDataTypeFactory[_toleratedDeltaMap=org.dbunit.dataset.datatype.ToleratedDeltaMap@c837cd], http://www.dbunit.org/properties/escapePattern=null, http://www.dbunit.org/properties/batchSize=100, http://www.dbunit.org/features/qualifiedTableNames=false, http://www.dbunit.org/properties/tableType=[Ljava.lang.String;@c79809, http://www.dbunit.org/properties/resultSetTableFactory=org.dbunit.database.CachedResultSetTableFactory@1ce784b, http://www.dbunit.org/features/datatypeWarning=true}], _dataSet=AbstractDataSet[_orderedTableNameMap=null]]) - start
23:04:40.351 [main] DEBUG org.dbunit.dataset.AbstractDataSet - iterator() - start
23:04:40.352 [main] DEBUG org.dbunit.dataset.CachedDataSet - createIterator(reversed=false) - start
23:04:40.352 [main] DEBUG o.dbunit.dataset.OrderedTableNameMap - orderedValues() - start
23:04:40.352 [main] DEBUG o.dbunit.dataset.OrderedTableNameMap - getTableName(tableName=customers) - start
23:04:40.352 [main] DEBUG o.dbunit.dataset.OrderedTableNameMap - getTableName(tableName=customers) - end - result=CUSTOMERS
23:04:40.352 [main] DEBUG o.dbunit.dataset.OrderedTableNameMap - getTableName(tableName=products) - start
23:04:40.355 [main] DEBUG o.dbunit.dataset.OrderedTableNameMap - getTableName(tableName=products) - end - result=PRODUCTS
23:04:40.355 [main] DEBUG o.dbunit.dataset.OrderedTableNameMap - getTableName(tableName=orders) - start
23:04:40.355 [main] DEBUG o.dbunit.dataset.OrderedTableNameMap - getTableName(tableName=orders) - end - result=ORDERS
23:04:40.355 [main] DEBUG o.dbunit.dataset.OrderedTableNameMap - getTableName(tableName=order_items) - start
23:04:40.355 [main] DEBUG o.dbunit.dataset.OrderedTableNameMap - getTableName(tableName=order_items) - end - result=ORDER_ITEMS
23:04:40.361 [main] DEBUG o.d.dataset.DefaultTableIterator - getTableMetaData() - start
23:04:40.361 [main] DEBUG o.d.dataset.DefaultTableIterator - getTable() - start
23:04:40.361 [main] DEBUG o.d.dataset.DefaultTableIterator - getTableMetaData() - start
23:04:40.361 [main] DEBUG o.d.dataset.DefaultTableIterator - getTable() - start
23:04:40.361 [main] DEBUG o.d.dataset.DefaultTableIterator - getTableMetaData() - start
23:04:40.361 [main] DEBUG o.d.dataset.DefaultTableIterator - getTable() - start
23:04:40.361 [main] DEBUG o.d.dataset.DefaultTableIterator - getTableMetaData() - start
23:04:40.362 [main] DEBUG o.d.dataset.DefaultTableIterator - getTable() - start
23:04:40.362 [main] DEBUG org.dbunit.database.DatabaseDataSet - getTableMetaData(tableName=order_items) - start
23:04:40.362 [main] DEBUG org.dbunit.database.DatabaseDataSet - initialize() - start
23:04:40.362 [main] DEBUG org.dbunit.database.DatabaseDataSet - Initializing the data set from the database...
23:04:40.364 [main] DEBUG org.dbunit.database.DatabaseDataSet - 
	database product name=MySQL
	database version=5.5.2-m2-community
	database major version=5
	database minor version=5
	jdbc driver name=MySQL-AB JDBC Driver
	jdbc driver version=mysql-connector-java-5.1.16 ( Revision: ${bzr.revision-id} )
	jdbc driver major version=5
	jdbc driver minor version=1

23:04:40.364 [main] DEBUG org.dbunit.database.DatabaseDataSet - metadata resultset=com.mysql.jdbc.JDBC4ResultSet@18a8ce2
23:04:40.364 [main] DEBUG org.dbunit.util.QualifiedTableName - getQualifiedNameIfEnabled(config=org.dbunit.database.DatabaseConfig[, _propertyMap={http://www.dbunit.org/properties/statementFactory=org.dbunit.database.statement.PreparedStatementFactory@16c9867, http://www.dbunit.org/features/caseSensitiveTableNames=false, http://www.dbunit.org/properties/fetchSize=100, http://www.dbunit.org/features/batchedStatements=false, http://www.dbunit.org/properties/metadataHandler=org.dbunit.database.DefaultMetadataHandler@8ff4cf, http://www.dbunit.org/properties/datatypeFactory=org.dbunit.dataset.datatype.DefaultDataTypeFactory[_toleratedDeltaMap=org.dbunit.dataset.datatype.ToleratedDeltaMap@c837cd], http://www.dbunit.org/properties/escapePattern=null, http://www.dbunit.org/properties/batchSize=100, http://www.dbunit.org/features/qualifiedTableNames=false, http://www.dbunit.org/properties/tableType=[Ljava.lang.String;@c79809, http://www.dbunit.org/properties/resultSetTableFactory=org.dbunit.database.CachedResultSetTableFactory@1ce784b, http://www.dbunit.org/features/datatypeWarning=true}]) - start
23:04:40.365 [main] DEBUG org.dbunit.util.QualifiedTableName - Qualified table names feature is disabled. Returning plain table name
23:04:40.365 [main] DEBUG org.dbunit.util.QualifiedTableName - getQualifiedName(prefix=null, name=customers, escapePattern=null) - start
23:04:40.365 [main] DEBUG o.dbunit.dataset.OrderedTableNameMap - add(tableName=customers, object=null) - start
23:04:40.365 [main] DEBUG o.dbunit.dataset.OrderedTableNameMap - getTableName(tableName=customers) - start
23:04:40.365 [main] DEBUG o.dbunit.dataset.OrderedTableNameMap - getTableName(tableName=customers) - end - result=CUSTOMERS
23:04:40.368 [main] DEBUG o.dbunit.dataset.OrderedTableNameMap - getTableName(tableName=CUSTOMERS) - start
23:04:40.368 [main] DEBUG o.dbunit.dataset.OrderedTableNameMap - getTableName(tableName=CUSTOMERS) - end - result=CUSTOMERS
23:04:40.368 [main] DEBUG org.dbunit.util.QualifiedTableName - getQualifiedNameIfEnabled(config=org.dbunit.database.DatabaseConfig[, _propertyMap={http://www.dbunit.org/properties/statementFactory=org.dbunit.database.statement.PreparedStatementFactory@16c9867, http://www.dbunit.org/features/caseSensitiveTableNames=false, http://www.dbunit.org/properties/fetchSize=100, http://www.dbunit.org/features/batchedStatements=false, http://www.dbunit.org/properties/metadataHandler=org.dbunit.database.DefaultMetadataHandler@8ff4cf, http://www.dbunit.org/properties/datatypeFactory=org.dbunit.dataset.datatype.DefaultDataTypeFactory[_toleratedDeltaMap=org.dbunit.dataset.datatype.ToleratedDeltaMap@c837cd], http://www.dbunit.org/properties/escapePattern=null, http://www.dbunit.org/properties/batchSize=100, http://www.dbunit.org/features/qualifiedTableNames=false, http://www.dbunit.org/properties/tableType=[Ljava.lang.String;@c79809, http://www.dbunit.org/properties/resultSetTableFactory=org.dbunit.database.CachedResultSetTableFactory@1ce784b, http://www.dbunit.org/features/datatypeWarning=true}]) - start
23:04:40.372 [main] DEBUG org.dbunit.util.QualifiedTableName - Qualified table names feature is disabled. Returning plain table name
23:04:40.372 [main] DEBUG org.dbunit.util.QualifiedTableName - getQualifiedName(prefix=null, name=inventories, escapePattern=null) - start
23:04:40.372 [main] DEBUG o.dbunit.dataset.OrderedTableNameMap - add(tableName=inventories, object=null) - start
23:04:40.372 [main] DEBUG o.dbunit.dataset.OrderedTableNameMap - getTableName(tableName=inventories) - start
23:04:40.372 [main] DEBUG o.dbunit.dataset.OrderedTableNameMap - getTableName(tableName=inventories) - end - result=INVENTORIES
23:04:40.374 [main] DEBUG o.dbunit.dataset.OrderedTableNameMap - getTableName(tableName=INVENTORIES) - start
23:04:40.374 [main] DEBUG o.dbunit.dataset.OrderedTableNameMap - getTableName(tableName=INVENTORIES) - end - result=INVENTORIES
23:04:40.374 [main] DEBUG org.dbunit.util.QualifiedTableName - getQualifiedNameIfEnabled(config=org.dbunit.database.DatabaseConfig[, _propertyMap={http://www.dbunit.org/properties/statementFactory=org.dbunit.database.statement.PreparedStatementFactory@16c9867, http://www.dbunit.org/features/caseSensitiveTableNames=false, http://www.dbunit.org/properties/fetchSize=100, http://www.dbunit.org/features/batchedStatements=false, http://www.dbunit.org/properties/metadataHandler=org.dbunit.database.DefaultMetadataHandler@8ff4cf, http://www.dbunit.org/properties/datatypeFactory=org.dbunit.dataset.datatype.DefaultDataTypeFactory[_toleratedDeltaMap=org.dbunit.dataset.datatype.ToleratedDeltaMap@c837cd], http://www.dbunit.org/properties/escapePattern=null, http://www.dbunit.org/properties/batchSize=100, http://www.dbunit.org/features/qualifiedTableNames=false, http://www.dbunit.org/properties/tableType=[Ljava.lang.String;@c79809, http://www.dbunit.org/properties/resultSetTableFactory=org.dbunit.database.CachedResultSetTableFactory@1ce784b, http://www.dbunit.org/features/datatypeWarning=true}]) - start
23:04:40.378 [main] DEBUG org.dbunit.util.QualifiedTableName - Qualified table names feature is disabled. Returning plain table name
23:04:40.378 [main] DEBUG org.dbunit.util.QualifiedTableName - getQualifiedName(prefix=null, name=inventory_items, escapePattern=null) - start
23:04:40.378 [main] DEBUG o.dbunit.dataset.OrderedTableNameMap - add(tableName=inventory_items, object=null) - start
23:04:40.378 [main] DEBUG o.dbunit.dataset.OrderedTableNameMap - getTableName(tableName=inventory_items) - start
23:04:40.378 [main] DEBUG o.dbunit.dataset.OrderedTableNameMap - getTableName(tableName=inventory_items) - end - result=INVENTORY_ITEMS
23:04:40.379 [main] DEBUG o.dbunit.dataset.OrderedTableNameMap - getTableName(tableName=INVENTORY_ITEMS) - start
23:04:40.379 [main] DEBUG o.dbunit.dataset.OrderedTableNameMap - getTableName(tableName=INVENTORY_ITEMS) - end - result=INVENTORY_ITEMS
23:04:40.379 [main] DEBUG org.dbunit.util.QualifiedTableName - getQualifiedNameIfEnabled(config=org.dbunit.database.DatabaseConfig[, _propertyMap={http://www.dbunit.org/properties/statementFactory=org.dbunit.database.statement.PreparedStatementFactory@16c9867, http://www.dbunit.org/features/caseSensitiveTableNames=false, http://www.dbunit.org/properties/fetchSize=100, http://www.dbunit.org/features/batchedStatements=false, http://www.dbunit.org/properties/metadataHandler=org.dbunit.database.DefaultMetadataHandler@8ff4cf, http://www.dbunit.org/properties/datatypeFactory=org.dbunit.dataset.datatype.DefaultDataTypeFactory[_toleratedDeltaMap=org.dbunit.dataset.datatype.ToleratedDeltaMap@c837cd], http://www.dbunit.org/properties/escapePattern=null, http://www.dbunit.org/properties/batchSize=100, http://www.dbunit.org/features/qualifiedTableNames=false, http://www.dbunit.org/properties/tableType=[Ljava.lang.String;@c79809, http://www.dbunit.org/properties/resultSetTableFactory=org.dbunit.database.CachedResultSetTableFactory@1ce784b, http://www.dbunit.org/features/datatypeWarning=true}]) - start
23:04:40.384 [main] DEBUG org.dbunit.util.QualifiedTableName - Qualified table names feature is disabled. Returning plain table name
23:04:40.384 [main] DEBUG org.dbunit.util.QualifiedTableName - getQualifiedName(prefix=null, name=order_items, escapePattern=null) - start
23:04:40.384 [main] DEBUG o.dbunit.dataset.OrderedTableNameMap - add(tableName=order_items, object=null) - start
23:04:40.384 [main] DEBUG o.dbunit.dataset.OrderedTableNameMap - getTableName(tableName=order_items) - start
23:04:40.384 [main] DEBUG o.dbunit.dataset.OrderedTableNameMap - getTableName(tableName=order_items) - end - result=ORDER_ITEMS
23:04:40.385 [main] DEBUG o.dbunit.dataset.OrderedTableNameMap - getTableName(tableName=ORDER_ITEMS) - start
23:04:40.385 [main] DEBUG o.dbunit.dataset.OrderedTableNameMap - getTableName(tableName=ORDER_ITEMS) - end - result=ORDER_ITEMS
23:04:40.385 [main] DEBUG org.dbunit.util.QualifiedTableName - getQualifiedNameIfEnabled(config=org.dbunit.database.DatabaseConfig[, _propertyMap={http://www.dbunit.org/properties/statementFactory=org.dbunit.database.statement.PreparedStatementFactory@16c9867, http://www.dbunit.org/features/caseSensitiveTableNames=false, http://www.dbunit.org/properties/fetchSize=100, http://www.dbunit.org/features/batchedStatements=false, http://www.dbunit.org/properties/metadataHandler=org.dbunit.database.DefaultMetadataHandler@8ff4cf, http://www.dbunit.org/properties/datatypeFactory=org.dbunit.dataset.datatype.DefaultDataTypeFactory[_toleratedDeltaMap=org.dbunit.dataset.datatype.ToleratedDeltaMap@c837cd], http://www.dbunit.org/properties/escapePattern=null, http://www.dbunit.org/properties/batchSize=100, http://www.dbunit.org/features/qualifiedTableNames=false, http://www.dbunit.org/properties/tableType=[Ljava.lang.String;@c79809, http://www.dbunit.org/properties/resultSetTableFactory=org.dbunit.database.CachedResultSetTableFactory@1ce784b, http://www.dbunit.org/features/datatypeWarning=true}]) - start
23:04:40.390 [main] DEBUG org.dbunit.util.QualifiedTableName - Qualified table names feature is disabled. Returning plain table name
23:04:40.390 [main] DEBUG org.dbunit.util.QualifiedTableName - getQualifiedName(prefix=null, name=orders, escapePattern=null) - start
23:04:40.390 [main] DEBUG o.dbunit.dataset.OrderedTableNameMap - add(tableName=orders, object=null) - start
23:04:40.390 [main] DEBUG o.dbunit.dataset.OrderedTableNameMap - getTableName(tableName=orders) - start
23:04:40.390 [main] DEBUG o.dbunit.dataset.OrderedTableNameMap - getTableName(tableName=orders) - end - result=ORDERS
23:04:40.391 [main] DEBUG o.dbunit.dataset.OrderedTableNameMap - getTableName(tableName=ORDERS) - start
23:04:40.393 [main] DEBUG o.dbunit.dataset.OrderedTableNameMap - getTableName(tableName=ORDERS) - end - result=ORDERS
23:04:40.393 [main] DEBUG org.dbunit.util.QualifiedTableName - getQualifiedNameIfEnabled(config=org.dbunit.database.DatabaseConfig[, _propertyMap={http://www.dbunit.org/properties/statementFactory=org.dbunit.database.statement.PreparedStatementFactory@16c9867, http://www.dbunit.org/features/caseSensitiveTableNames=false, http://www.dbunit.org/properties/fetchSize=100, http://www.dbunit.org/features/batchedStatements=false, http://www.dbunit.org/properties/metadataHandler=org.dbunit.database.DefaultMetadataHandler@8ff4cf, http://www.dbunit.org/properties/datatypeFactory=org.dbunit.dataset.datatype.DefaultDataTypeFactory[_toleratedDeltaMap=org.dbunit.dataset.datatype.ToleratedDeltaMap@c837cd], http://www.dbunit.org/properties/escapePattern=null, http://www.dbunit.org/properties/batchSize=100, http://www.dbunit.org/features/qualifiedTableNames=false, http://www.dbunit.org/properties/tableType=[Ljava.lang.String;@c79809, http://www.dbunit.org/properties/resultSetTableFactory=org.dbunit.database.CachedResultSetTableFactory@1ce784b, http://www.dbunit.org/features/datatypeWarning=true}]) - start
23:04:40.396 [main] DEBUG org.dbunit.util.QualifiedTableName - Qualified table names feature is disabled. Returning plain table name
23:04:40.396 [main] DEBUG org.dbunit.util.QualifiedTableName - getQualifiedName(prefix=null, name=products, escapePattern=null) - start
23:04:40.396 [main] DEBUG o.dbunit.dataset.OrderedTableNameMap - add(tableName=products, object=null) - start
23:04:40.396 [main] DEBUG o.dbunit.dataset.OrderedTableNameMap - getTableName(tableName=products) - start
23:04:40.396 [main] DEBUG o.dbunit.dataset.OrderedTableNameMap - getTableName(tableName=products) - end - result=PRODUCTS
23:04:40.397 [main] DEBUG o.dbunit.dataset.OrderedTableNameMap - getTableName(tableName=PRODUCTS) - start
23:04:40.397 [main] DEBUG o.dbunit.dataset.OrderedTableNameMap - getTableName(tableName=PRODUCTS) - end - result=PRODUCTS
23:04:40.397 [main] DEBUG o.dbunit.dataset.OrderedTableNameMap - getTableName(tableName=order_items) - start
23:04:40.397 [main] DEBUG o.dbunit.dataset.OrderedTableNameMap - getTableName(tableName=order_items) - end - result=ORDER_ITEMS
23:04:40.397 [main] DEBUG o.dbunit.dataset.OrderedTableNameMap - getTableName(tableName=order_items) - start
23:04:40.402 [main] DEBUG o.dbunit.dataset.OrderedTableNameMap - getTableName(tableName=order_items) - end - result=ORDER_ITEMS
23:04:40.402 [main] DEBUG org.dbunit.util.SQLHelper - isEscaped returns 'false' for tableName=order_items (dbIdentifierQuoteString=`)
23:04:40.402 [main] DEBUG o.d.database.DatabaseTableMetaData - Validating if table 'order_items' exists in schema '' ...
23:04:40.403 [main] DEBUG org.dbunit.util.SQLHelper - close(resultSet=com.mysql.jdbc.JDBC4ResultSet@1cf7491) - start
23:04:40.403 [main] DEBUG o.dbunit.dataset.OrderedTableNameMap - update(tableName=order_items, object=table=order_items, cols=[(id, INTEGER, noNulls), (order_order_number, INTEGER, noNulls), (product_sku_number, INTEGER, noNulls), (quantity, INTEGER, noNulls)], pk=[(id, INTEGER, noNulls)]) - start
23:04:40.411 [main] DEBUG o.dbunit.dataset.OrderedTableNameMap - getTableName(tableName=order_items) - start
23:04:40.411 [main] DEBUG o.dbunit.dataset.OrderedTableNameMap - getTableName(tableName=order_items) - end - result=ORDER_ITEMS
23:04:40.506 [main] DEBUG o.dbunit.dataset.OrderedTableNameMap - getTableName(tableName=order_items) - start
23:04:40.506 [main] DEBUG o.dbunit.dataset.OrderedTableNameMap - getTableName(tableName=order_items) - end - result=ORDER_ITEMS
23:04:40.506 [main] DEBUG o.dbunit.operation.AbstractOperation - getQualifiedName(prefix=, name=order_items, connection=org.dbunit.database.DatabaseConnection[schema=, connection=com.mysql.jdbc.JDBC4Connection@47a0d4, super=_databaseConfig=org.dbunit.database.DatabaseConfig[, _propertyMap={http://www.dbunit.org/properties/statementFactory=org.dbunit.database.statement.PreparedStatementFactory@16c9867, http://www.dbunit.org/features/caseSensitiveTableNames=false, http://www.dbunit.org/properties/fetchSize=100, http://www.dbunit.org/features/batchedStatements=false, http://www.dbunit.org/properties/metadataHandler=org.dbunit.database.DefaultMetadataHandler@8ff4cf, http://www.dbunit.org/properties/datatypeFactory=org.dbunit.dataset.datatype.DefaultDataTypeFactory[_toleratedDeltaMap=org.dbunit.dataset.datatype.ToleratedDeltaMap@c837cd], http://www.dbunit.org/properties/escapePattern=null, http://www.dbunit.org/properties/batchSize=100, http://www.dbunit.org/features/qualifiedTableNames=false, http://www.dbunit.org/properties/tableType=[Ljava.lang.String;@c79809, http://www.dbunit.org/properties/resultSetTableFactory=org.dbunit.database.CachedResultSetTableFactory@1ce784b, http://www.dbunit.org/features/datatypeWarning=true}], _dataSet=AbstractDataSet[_orderedTableNameMap=null]]) - start
23:04:40.507 [main] DEBUG org.dbunit.util.QualifiedTableName - getQualifiedName() - start
23:04:40.507 [main] DEBUG org.dbunit.util.QualifiedTableName - getQualifiedName(prefix=, name=order_items, escapePattern=null) - start
23:04:40.507 [main] DEBUG o.d.d.statement.SimpleStatement - addBatch(sql=delete from order_items) - start
23:04:40.507 [main] DEBUG o.d.operation.DeleteAllOperation - Added SQL: delete from order_items
23:04:40.507 [main] DEBUG org.dbunit.database.DatabaseDataSet - getTableMetaData(tableName=orders) - start
23:04:40.508 [main] DEBUG org.dbunit.database.DatabaseDataSet - initialize() - start
23:04:40.508 [main] DEBUG o.dbunit.dataset.OrderedTableNameMap - getTableName(tableName=orders) - start
23:04:40.508 [main] DEBUG o.dbunit.dataset.OrderedTableNameMap - getTableName(tableName=orders) - end - result=ORDERS
23:04:40.508 [main] DEBUG o.dbunit.dataset.OrderedTableNameMap - getTableName(tableName=orders) - start
23:04:40.508 [main] DEBUG o.dbunit.dataset.OrderedTableNameMap - getTableName(tableName=orders) - end - result=ORDERS
23:04:40.513 [main] DEBUG org.dbunit.util.SQLHelper - isEscaped returns 'false' for tableName=orders (dbIdentifierQuoteString=`)
23:04:40.513 [main] DEBUG o.d.database.DatabaseTableMetaData - Validating if table 'orders' exists in schema '' ...
23:04:40.515 [main] DEBUG org.dbunit.util.SQLHelper - close(resultSet=com.mysql.jdbc.JDBC4ResultSet@1e2befa) - start
23:04:40.515 [main] DEBUG o.dbunit.dataset.OrderedTableNameMap - update(tableName=orders, object=table=orders, cols=[(order_number, INTEGER, noNulls), (customer_id, INTEGER, noNulls), (date, DATE, noNulls), (amount, DECIMAL, noNulls), (order_status, VARCHAR, noNulls), (discount_status, VARCHAR, noNulls)], pk=[(order_number, INTEGER, noNulls)]) - start
23:04:40.522 [main] DEBUG o.dbunit.dataset.OrderedTableNameMap - getTableName(tableName=orders) - start
23:04:40.522 [main] DEBUG o.dbunit.dataset.OrderedTableNameMap - getTableName(tableName=orders) - end - result=ORDERS
23:04:40.616 [main] DEBUG o.dbunit.dataset.OrderedTableNameMap - getTableName(tableName=orders) - start
23:04:40.616 [main] DEBUG o.dbunit.dataset.OrderedTableNameMap - getTableName(tableName=orders) - end - result=ORDERS
23:04:40.616 [main] DEBUG o.dbunit.operation.AbstractOperation - getQualifiedName(prefix=, name=orders, connection=org.dbunit.database.DatabaseConnection[schema=, connection=com.mysql.jdbc.JDBC4Connection@47a0d4, super=_databaseConfig=org.dbunit.database.DatabaseConfig[, _propertyMap={http://www.dbunit.org/properties/statementFactory=org.dbunit.database.statement.PreparedStatementFactory@16c9867, http://www.dbunit.org/features/caseSensitiveTableNames=false, http://www.dbunit.org/properties/fetchSize=100, http://www.dbunit.org/features/batchedStatements=false, http://www.dbunit.org/properties/metadataHandler=org.dbunit.database.DefaultMetadataHandler@8ff4cf, http://www.dbunit.org/properties/datatypeFactory=org.dbunit.dataset.datatype.DefaultDataTypeFactory[_toleratedDeltaMap=org.dbunit.dataset.datatype.ToleratedDeltaMap@c837cd], http://www.dbunit.org/properties/escapePattern=null, http://www.dbunit.org/properties/batchSize=100, http://www.dbunit.org/features/qualifiedTableNames=false, http://www.dbunit.org/properties/tableType=[Ljava.lang.String;@c79809, http://www.dbunit.org/properties/resultSetTableFactory=org.dbunit.database.CachedResultSetTableFactory@1ce784b, http://www.dbunit.org/features/datatypeWarning=true}], _dataSet=AbstractDataSet[_orderedTableNameMap=null]]) - start
23:04:40.617 [main] DEBUG org.dbunit.util.QualifiedTableName - getQualifiedName() - start
23:04:40.617 [main] DEBUG org.dbunit.util.QualifiedTableName - getQualifiedName(prefix=, name=orders, escapePattern=null) - start
23:04:40.617 [main] DEBUG o.d.d.statement.SimpleStatement - addBatch(sql=delete from orders) - start
23:04:40.617 [main] DEBUG o.d.operation.DeleteAllOperation - Added SQL: delete from orders
23:04:40.617 [main] DEBUG org.dbunit.database.DatabaseDataSet - getTableMetaData(tableName=products) - start
23:04:40.618 [main] DEBUG org.dbunit.database.DatabaseDataSet - initialize() - start
23:04:40.618 [main] DEBUG o.dbunit.dataset.OrderedTableNameMap - getTableName(tableName=products) - start
23:04:40.618 [main] DEBUG o.dbunit.dataset.OrderedTableNameMap - getTableName(tableName=products) - end - result=PRODUCTS
23:04:40.618 [main] DEBUG o.dbunit.dataset.OrderedTableNameMap - getTableName(tableName=products) - start
23:04:40.618 [main] DEBUG o.dbunit.dataset.OrderedTableNameMap - getTableName(tableName=products) - end - result=PRODUCTS
23:04:40.623 [main] DEBUG org.dbunit.util.SQLHelper - isEscaped returns 'false' for tableName=products (dbIdentifierQuoteString=`)
23:04:40.623 [main] DEBUG o.d.database.DatabaseTableMetaData - Validating if table 'products' exists in schema '' ...
23:04:40.624 [main] DEBUG org.dbunit.util.SQLHelper - close(resultSet=com.mysql.jdbc.JDBC4ResultSet@859a68) - start
23:04:40.624 [main] DEBUG o.dbunit.dataset.OrderedTableNameMap - update(tableName=products, object=table=products, cols=[(sku_number, INTEGER, noNulls), (name, VARCHAR, noNulls), (amount, DECIMAL, noNulls)], pk=[(sku_number, INTEGER, noNulls)]) - start
23:04:40.630 [main] DEBUG o.dbunit.dataset.OrderedTableNameMap - getTableName(tableName=products) - start
23:04:40.630 [main] DEBUG o.dbunit.dataset.OrderedTableNameMap - getTableName(tableName=products) - end - result=PRODUCTS
23:04:40.630 [main] DEBUG o.dbunit.dataset.OrderedTableNameMap - getTableName(tableName=products) - start
23:04:40.726 [main] DEBUG o.dbunit.dataset.OrderedTableNameMap - getTableName(tableName=products) - end - result=PRODUCTS
23:04:40.726 [main] DEBUG o.dbunit.operation.AbstractOperation - getQualifiedName(prefix=, name=products, connection=org.dbunit.database.DatabaseConnection[schema=, connection=com.mysql.jdbc.JDBC4Connection@47a0d4, super=_databaseConfig=org.dbunit.database.DatabaseConfig[, _propertyMap={http://www.dbunit.org/properties/statementFactory=org.dbunit.database.statement.PreparedStatementFactory@16c9867, http://www.dbunit.org/features/caseSensitiveTableNames=false, http://www.dbunit.org/properties/fetchSize=100, http://www.dbunit.org/features/batchedStatements=false, http://www.dbunit.org/properties/metadataHandler=org.dbunit.database.DefaultMetadataHandler@8ff4cf, http://www.dbunit.org/properties/datatypeFactory=org.dbunit.dataset.datatype.DefaultDataTypeFactory[_toleratedDeltaMap=org.dbunit.dataset.datatype.ToleratedDeltaMap@c837cd], http://www.dbunit.org/properties/escapePattern=null, http://www.dbunit.org/properties/batchSize=100, http://www.dbunit.org/features/qualifiedTableNames=false, http://www.dbunit.org/properties/tableType=[Ljava.lang.String;@c79809, http://www.dbunit.org/properties/resultSetTableFactory=org.dbunit.database.CachedResultSetTableFactory@1ce784b, http://www.dbunit.org/features/datatypeWarning=true}], _dataSet=AbstractDataSet[_orderedTableNameMap=null]]) - start
23:04:40.727 [main] DEBUG org.dbunit.util.QualifiedTableName - getQualifiedName() - start
23:04:40.727 [main] DEBUG org.dbunit.util.QualifiedTableName - getQualifiedName(prefix=, name=products, escapePattern=null) - start
23:04:40.727 [main] DEBUG o.d.d.statement.SimpleStatement - addBatch(sql=delete from products) - start
23:04:40.727 [main] DEBUG o.d.operation.DeleteAllOperation - Added SQL: delete from products
23:04:40.727 [main] DEBUG org.dbunit.database.DatabaseDataSet - getTableMetaData(tableName=customers) - start
23:04:40.728 [main] DEBUG org.dbunit.database.DatabaseDataSet - initialize() - start
23:04:40.728 [main] DEBUG o.dbunit.dataset.OrderedTableNameMap - getTableName(tableName=customers) - start
23:04:40.728 [main] DEBUG o.dbunit.dataset.OrderedTableNameMap - getTableName(tableName=customers) - end - result=CUSTOMERS
23:04:40.728 [main] DEBUG o.dbunit.dataset.OrderedTableNameMap - getTableName(tableName=customers) - start
23:04:40.728 [main] DEBUG o.dbunit.dataset.OrderedTableNameMap - getTableName(tableName=customers) - end - result=CUSTOMERS
23:04:40.732 [main] DEBUG org.dbunit.util.SQLHelper - isEscaped returns 'false' for tableName=customers (dbIdentifierQuoteString=`)
23:04:40.733 [main] DEBUG o.d.database.DatabaseTableMetaData - Validating if table 'customers' exists in schema '' ...
23:04:40.734 [main] DEBUG org.dbunit.util.SQLHelper - close(resultSet=com.mysql.jdbc.JDBC4ResultSet@faa550) - start
23:04:40.734 [main] DEBUG o.dbunit.dataset.OrderedTableNameMap - update(tableName=customers, object=table=customers, cols=[(id, INTEGER, noNulls), (name, VARCHAR, nullable)], pk=[(id, INTEGER, noNulls)]) - start
23:04:40.741 [main] DEBUG o.dbunit.dataset.OrderedTableNameMap - getTableName(tableName=customers) - start
23:04:40.741 [main] DEBUG o.dbunit.dataset.OrderedTableNameMap - getTableName(tableName=customers) - end - result=CUSTOMERS
23:04:40.741 [main] DEBUG o.dbunit.dataset.OrderedTableNameMap - getTableName(tableName=customers) - start
23:04:40.837 [main] DEBUG o.dbunit.dataset.OrderedTableNameMap - getTableName(tableName=customers) - end - result=CUSTOMERS
23:04:40.837 [main] DEBUG o.dbunit.operation.AbstractOperation - getQualifiedName(prefix=, name=customers, connection=org.dbunit.database.DatabaseConnection[schema=, connection=com.mysql.jdbc.JDBC4Connection@47a0d4, super=_databaseConfig=org.dbunit.database.DatabaseConfig[, _propertyMap={http://www.dbunit.org/properties/statementFactory=org.dbunit.database.statement.PreparedStatementFactory@16c9867, http://www.dbunit.org/features/caseSensitiveTableNames=false, http://www.dbunit.org/properties/fetchSize=100, http://www.dbunit.org/features/batchedStatements=false, http://www.dbunit.org/properties/metadataHandler=org.dbunit.database.DefaultMetadataHandler@8ff4cf, http://www.dbunit.org/properties/datatypeFactory=org.dbunit.dataset.datatype.DefaultDataTypeFactory[_toleratedDeltaMap=org.dbunit.dataset.datatype.ToleratedDeltaMap@c837cd], http://www.dbunit.org/properties/escapePattern=null, http://www.dbunit.org/properties/batchSize=100, http://www.dbunit.org/features/qualifiedTableNames=false, http://www.dbunit.org/properties/tableType=[Ljava.lang.String;@c79809, http://www.dbunit.org/properties/resultSetTableFactory=org.dbunit.database.CachedResultSetTableFactory@1ce784b, http://www.dbunit.org/features/datatypeWarning=true}], _dataSet=AbstractDataSet[_orderedTableNameMap=null]]) - start
23:04:40.838 [main] DEBUG org.dbunit.util.QualifiedTableName - getQualifiedName() - start
23:04:40.838 [main] DEBUG org.dbunit.util.QualifiedTableName - getQualifiedName(prefix=, name=customers, escapePattern=null) - start
23:04:40.838 [main] DEBUG o.d.d.statement.SimpleStatement - addBatch(sql=delete from customers) - start
23:04:40.838 [main] DEBUG o.d.operation.DeleteAllOperation - Added SQL: delete from customers
23:04:40.838 [main] DEBUG o.d.d.statement.SimpleStatement - executeBatch() - start
23:04:40.838 [main] DEBUG o.d.d.statement.SimpleStatement - DbUnit SQL: delete from order_items
23:04:40.918 [main] DEBUG o.d.d.statement.SimpleStatement - DbUnit SQL: delete from orders
23:04:40.936 [main] DEBUG o.d.d.statement.SimpleStatement - DbUnit SQL: delete from products
23:04:40.975 [main] DEBUG o.d.d.statement.SimpleStatement - DbUnit SQL: delete from customers
23:04:41.006 [main] DEBUG o.d.d.statement.SimpleStatement - clearBatch() - start
23:04:41.006 [main] DEBUG o.d.d.s.AbstractBatchStatement - close() - start
23:04:41.006 [main] DEBUG org.dbunit.DefaultOperationListener - operationTearDownFinished(connection=org.dbunit.database.DatabaseConnection[schema=, connection=com.mysql.jdbc.JDBC4Connection@47a0d4, super=_databaseConfig=org.dbunit.database.DatabaseConfig[, _propertyMap={http://www.dbunit.org/properties/statementFactory=org.dbunit.database.statement.PreparedStatementFactory@16c9867, http://www.dbunit.org/features/caseSensitiveTableNames=false, http://www.dbunit.org/properties/fetchSize=100, http://www.dbunit.org/features/batchedStatements=false, http://www.dbunit.org/properties/metadataHandler=org.dbunit.database.DefaultMetadataHandler@8ff4cf, http://www.dbunit.org/properties/datatypeFactory=org.dbunit.dataset.datatype.DefaultDataTypeFactory[_toleratedDeltaMap=org.dbunit.dataset.datatype.ToleratedDeltaMap@c837cd], http://www.dbunit.org/properties/escapePattern=null, http://www.dbunit.org/properties/batchSize=100, http://www.dbunit.org/features/qualifiedTableNames=false, http://www.dbunit.org/properties/tableType=[Ljava.lang.String;@c79809, http://www.dbunit.org/properties/resultSetTableFactory=org.dbunit.database.CachedResultSetTableFactory@1ce784b, http://www.dbunit.org/features/datatypeWarning=true}], _dataSet=AbstractDataSet[_orderedTableNameMap=null]]) - start
23:04:41.044 [main] DEBUG org.dbunit.DefaultOperationListener - closeConnection(connection=org.dbunit.database.DatabaseConnection[schema=, connection=com.mysql.jdbc.JDBC4Connection@47a0d4, super=_databaseConfig=org.dbunit.database.DatabaseConfig[, _propertyMap={http://www.dbunit.org/properties/statementFactory=org.dbunit.database.statement.PreparedStatementFactory@16c9867, http://www.dbunit.org/features/caseSensitiveTableNames=false, http://www.dbunit.org/properties/fetchSize=100, http://www.dbunit.org/features/batchedStatements=false, http://www.dbunit.org/properties/metadataHandler=org.dbunit.database.DefaultMetadataHandler@8ff4cf, http://www.dbunit.org/properties/datatypeFactory=org.dbunit.dataset.datatype.DefaultDataTypeFactory[_toleratedDeltaMap=org.dbunit.dataset.datatype.ToleratedDeltaMap@c837cd], http://www.dbunit.org/properties/escapePattern=null, http://www.dbunit.org/properties/batchSize=100, http://www.dbunit.org/features/qualifiedTableNames=false, http://www.dbunit.org/properties/tableType=[Ljava.lang.String;@c79809, http://www.dbunit.org/properties/resultSetTableFactory=org.dbunit.database.CachedResultSetTableFactory@1ce784b, http://www.dbunit.org/features/datatypeWarning=true}], _dataSet=AbstractDataSet[_orderedTableNameMap=null]]) - start
23:04:41.045 [main] DEBUG o.dbunit.database.DatabaseConnection - close() - start
]]></system-out>
  <system-err><![CDATA[]]></system-err>
</testsuite>
