<?xml version="1.0" encoding="UTF-8" ?>
<testsuite errors="0" failures="0" hostname="Blacklock" name="com.onb.orderingsystem.dao.jdbc.OrderDaoTest" tests="1" time="9.292" timestamp="2011-06-13T15:05:01">
  <properties>
    <property name="libs.jsp-compiler.javadoc" value="" />
    <property name="netbeans.autoupdate.country" value="US" />
    <property name="javac.test.classpath" value="..\Basurahan\mysql-connector-java-5.1.16\mysql-connector-java-5.1.16-bin.jar:..\Basurahan\dependencieslis\junit-3.8.2.jar:..\Basurahan\dependencieslis\junit-addons-1.4.jar:..\Basurahan\dependencieslis\junitperf-1.8.jar:..\Basurahan\dependencieslis\logback-classic-0.9.15.jar:..\Basurahan\dependencieslis\mmmockobjects-1.12.0.jar:..\Basurahan\dependencieslis\mockobjects-core-0.07.jar:..\Basurahan\dependencieslis\mockobjects-jdk1.3-0.07.jar:..\Basurahan\dependencieslis\poi-3.2-FINAL.jar:..\Basurahan\dependencieslis\slf4j-api-1.5.6.jar:..\Basurahan\dependencieslis\xercesImpl-2.6.2.jar:..\Basurahan\dependencieslis\xmlParserAPIs-2.6.2.jar:build/web/WEB-INF/classes:..\Basurahan\dependencieslis\slf4j-api-1.5.6.jar:../Basurahan/dbunit-2.4.8.jar:..\Basurahan\dependencieslis\junit-addons-1.4.jar:..\Basurahan\dependencieslis\junitperf-1.8.jar:..\Basurahan\dependencieslis\mmmockobjects-1.12.0.jar:..\Basurahan\dependencieslis\mockobjects-core-0.07.jar:..\Basurahan\dependencieslis\mockobjects-jdk1.3-0.07.jar:..\Basurahan\dependencieslis\poi-3.2-FINAL.jar:..\Basurahan\dependencieslis\xercesImpl-2.6.2.jar:..\Basurahan\dependencieslis\xmlParserAPIs-2.6.2.jar:..\Basurahan\dependencieslis\jcl-over-slf4j-1.5.6.jar:..\Basurahan\dependencieslis\logback-classic-0.9.15.jar:..\Basurahan\mysql-connector-java-5.1.16\mysql-connector-java-5.1.16-bin.jar:D:\Work Area\Projects\Git Repository\Group-IIT\Basurahan\dependencieslis\commons-collections-3.2.1.jar:D:\Work Area\Projects\Git Repository\Group-IIT\Basurahan\dependencieslis\commons-io-1.4.jar:D:\Work Area\Projects\Git Repository\Group-IIT\Basurahan\dependencieslis\logback-core-0.9.15.jar:C:\Users\The Architect\.netbeans\7.0\modules\ext\junit-4.8.2.jar" />
    <property name="libs.jsf20.maven-pom" value="" />
    <property name="libs.DataBindingME.src" value="C:\Program Files\NetBeans 7.0\mobility\sources\netbeans_databindingme-src.zip" />
    <property name="libs.j2me_ant_ext.javadoc" value="" />
    <property name="source.root" value="src" />
    <property name="do.display.browser" value="true" />
    <property name="libs.junit.javadoc" value="C:\Users\The Architect\.netbeans\7.0\docs\junit-3.8.2-api.zip" />
    <property name="libs.nsicom-ant-utils.src" value="" />
    <property name="libs.nokiaS80-ant-utils.javadoc" value="" />
    <property name="ant.core.lib" value="C:\Program Files\NetBeans 7.0\java\ant\lib\ant.jar" />
    <property name="libs.swing-app-framework.src" value="" />
    <property name="libs.jakarta_slide_ant_webdav.javadoc" value="" />
    <property name="javadoc.windowtitle" value="" />
    <property name="libs.toplink.classpath" value="C:\Program Files\NetBeans 7.0\java\modules\ext\toplink\toplink-essentials.jar;C:\Program Files\NetBeans 7.0\java\modules\ext\toplink\toplink-essentials-agent.jar" />
    <property name="libs.jsp-compilation.javadoc" value="" />
    <property name="user.dir" value="D:\Work Area\Projects\Git Repository\Group-IIT\OrderingSystem" />
    <property name="libs.hibernate-persistence.javadoc" value="" />
    <property name="libs.JMUnit4CLDC10.javadoc" value="C:\Program Files\NetBeans 7.0\mobility\modules\docs\jmunit-1.2.1-api.zip" />
    <property name="java.vm.version" value="16.3-b01" />
    <property name="libs.DataBindingME.classpath" value="C:\Program Files\NetBeans 7.0\mobility\modules\ext\netbeans_databindingme.jar" />
    <property name="libs.jstl11.maven-pom" value="" />
    <property name="libs.Java-EE-GlassFish-v3.wsimport" value="" />
    <property name="libs.nsicom-ant-utils.classpath" value="C:\Program Files\NetBeans 7.0\mobility\ant\nblib\org-netbeans-modules-j2me-cdc-project-nsicom.jar" />
    <property name="libs.MySQLDriver.classpath" value="C:\Program Files\NetBeans 7.0\ide\modules\ext\mysql-connector-java-5.1.13-bin.jar" />
    <property name="libs.eclipselinkmodelgen.src" value="" />
    <property name="libs.jstl11.src" value="" />
    <property name="javadoc.notree" value="false" />
    <property name="lib.dir" value="web/WEB-INF/lib" />
    <property name="netbeans.autoupdate.version" value="1.23" />
    <property name="libs.EclipseLink-GlassFish-v3.classpath" value="D:\Work Area\Servers\glassfish-3.1\glassfish\modules\org.eclipse.persistence.antlr.jar;D:\Work Area\Servers\glassfish-3.1\glassfish\modules\org.eclipse.persistence.asm.jar;D:\Work Area\Servers\glassfish-3.1\glassfish\modules\org.eclipse.persistence.core.jar;D:\Work Area\Servers\glassfish-3.1\glassfish\modules\org.eclipse.persistence.jpa.jar;D:\Work Area\Servers\glassfish-3.1\glassfish\modules\org.eclipse.persistence.jpa.modelgen.jar;D:\Work Area\Servers\glassfish-3.1\glassfish\modules\org.eclipse.persistence.oracle.jar;D:\Work Area\Servers\glassfish-3.1\glassfish\modules\javax.persistence.jar" />
    <property name="libs.javaee-web-api-6.0.classpath" value="C:\Program Files\NetBeans 7.0\enterprise\modules\ext\javaee-web-api-6.0.jar" />
    <property name="libs.DataBindingME-PIM.maven-pom" value="" />
    <property name="libs.hibernate-support.maven-pom" value="" />
    <property name="libs.hibernate-support.javadoc" value="" />
    <property name="libs.NetBeans MIDP Components.maven-pom" value="" />
    <property name="jdk.home" value="C:\Program Files\Java\jdk1.6.0_20" />
    <property name="libs.javac-api.src" value="" />
    <property name="javadoc.noindex" value="false" />
    <property name="sun.os.patch.level" value="" />
    <property name="do.tmp.war.package" value="true" />
    <property name="java.vm.specification.name" value="Java Virtual Machine Specification" />
    <property name="libs.semc-ant-utils.classpath" value="C:\Program Files\NetBeans 7.0\mobility\modules\ext\org-netbeans-modules-j2me-cdc-project-semc.jar" />
    <property name="nb.show.statistics.ui" value="usageStatisticsEnabled" />
    <property name="libs.nokiadeployment.classpath" value="C:\Program Files\NetBeans 7.0\mobility\modules\org-netbeans-modules-mobility-deployment-nokia.jar" />
    <property name="netbeans.autoupdate.variant" value="" />
    <property name="have.tests" value="true" />
    <property name="libs.nokiaS80-ant-utils.maven-pom" value="" />
    <property name="org.xml.sax.driver" value="com.sun.org.apache.xerces.internal.jaxp.SAXParserImpl$JAXPSAXParser" />
    <property name="libs.nb_svg_midp_components.src" value="C:\Program Files\NetBeans 7.0\mobility\sources\nb_svg_midp_components-src.zip" />
    <property name="j2ee.server.instance" value="tomcat70:home=D:\Work Area\Servers\Apache Tomcat 7.0.11:base=apache-tomcat-7.0.11_base" />
    <property name="ant.file.type.OrderingSystem" value="file" />
    <property name="libs.NetBeans MIDP Components WMA.src" value="C:\Program Files\NetBeans 7.0\mobility\sources\netbeans_midp_components_wma-src.zip" />
    <property name="libs.javac-api.javadoc" value="" />
    <property name="os.name" value="Windows 7" />
    <property name="libs.beans-binding.classpath" value="C:\Program Files\NetBeans 7.0\java\modules\ext\beansbinding-1.2.1.jar" />
    <property name="ap.proc.none.internal" value="" />
    <property name="file.reference.mmmockobjects-1.12.0.jar" value="..\Basurahan\dependencieslis\mmmockobjects-1.12.0.jar" />
    <property name="libs.DataBindingME-SVG.javadoc" value="C:\Program Files\NetBeans 7.0\mobility\modules\docs\netbeans_databindingme_svg-api.zip" />
    <property name="file.reference.logback-classic-0.9.15.jar" value="..\Basurahan\dependencieslis\logback-classic-0.9.15.jar" />
    <property name="libs.restapi.javadoc" value="C:\Program Files\NetBeans 7.0\enterprise\docs\jsr311-api-1.1.1-javadoc.zip" />
    <property name="libs.JWSAntTasks.maven-pom" value="" />
    <property name="libs.ojec-ant-utils.src" value="" />
    <property name="libs.spring-webmvc3.0.src" value="" />
    <property name="libs.restapi.classpath" value="C:\Program Files\NetBeans 7.0\enterprise\modules\ext\rest\jsr311-api-1.1.1.jar" />
    <property name="runmain.jvmargs" value="" />
    <property name="java.vendor.url.bug" value="http://java.sun.com/cgi-bin/bugreport.cgi" />
    <property name="libs.nsicom-ant-utils.javadoc" value="" />
    <property name="libs.jaxb.maven-pom" value="" />
    <property name="os.arch" value="x86" />
    <property name="libs.eclipselink.src" value="" />
    <property name="user.name" value="The Architect" />
    <property name="j2ee.compile.on.save" value="true" />
    <property name="libs.jsf12.javadoc" value="C:\Program Files\NetBeans 7.0\enterprise\docs\javaee6-doc-api.zip" />
    <property name="libs.Comet-GlassFish-v3.javadoc" value="" />
    <property name="libs.spring-webmvc3.0.maven-pom" value="" />
    <property name="libs.swing-layout.maven-pom" value="" />
    <property name="build.classes.dir" value="build/web/WEB-INF/classes" />
    <property name="netbeans.accept_license_class" value="org.netbeans.license.AcceptLicense" />
    <property name="file.reference.commons-collections-3.2.1.jar" value="D:\Work Area\Projects\Git Repository\Group-IIT\Basurahan\dependencieslis\commons-collections-3.2.1.jar" />
    <property name="libs.Java-EE-GlassFish-v3.wsjwsdp" value="" />
    <property name="ap.supported.internal" value="true" />
    <property name="libs.jaxws21.javadoc" value="C:\Program Files\NetBeans 7.0\java\docs\jaxws-api-doc.zip" />
    <property name="build.web.excludes" value="**/*.java,**/*.form" />
    <property name="includes" value="**" />
    <property name="file.reference.dbunit-2.4.8.jar" value="../Basurahan/dbunit-2.4.8.jar" />
    <property name="libs.ojec-ant-utils.maven-pom" value="" />
    <property name="user.country" value="US" />
    <property name="libs.jstl11.javadoc" value="C:\Program Files\NetBeans 7.0\enterprise\docs\javaee6-doc-api.zip" />
    <property name="libs.JMUnit4CLDC11.src" value="" />
    <property name="javadoc.encoding" value="UTF-8" />
    <property name="javac.classpath" value="..\Basurahan\mysql-connector-java-5.1.16\mysql-connector-java-5.1.16-bin.jar:..\Basurahan\dependencieslis\junit-3.8.2.jar:..\Basurahan\dependencieslis\junit-addons-1.4.jar:..\Basurahan\dependencieslis\junitperf-1.8.jar:..\Basurahan\dependencieslis\logback-classic-0.9.15.jar:..\Basurahan\dependencieslis\mmmockobjects-1.12.0.jar:..\Basurahan\dependencieslis\mockobjects-core-0.07.jar:..\Basurahan\dependencieslis\mockobjects-jdk1.3-0.07.jar:..\Basurahan\dependencieslis\poi-3.2-FINAL.jar:..\Basurahan\dependencieslis\slf4j-api-1.5.6.jar:..\Basurahan\dependencieslis\xercesImpl-2.6.2.jar:..\Basurahan\dependencieslis\xmlParserAPIs-2.6.2.jar" />
    <property name="libs.jsp-compilation-syscp.src" value="" />
    <property name="ant.file.type.OrderingSystem-impl" value="file" />
    <property name="do.debug.server" value="true" />
    <property name="debug-transport" value="dt_shmem" />
    <property name="file.reference.slf4j-api-1.5.6.jar" value="..\Basurahan\dependencieslis\slf4j-api-1.5.6.jar" />
    <property name="netbeans.home" value="C:\Program Files\NetBeans 7.0\platform" />
    <property name="build.compiler.emacs" value="true" />
    <property name="libs.javaee-web-api-6.0.src" value="" />
    <property name="libs.ejb3-persistence.src" value="" />
    <property name="libs.Java-EE-GlassFish-v3.javadoc" value="C:\Program Files\NetBeans 7.0\enterprise\docs\javaee6-doc-api.zip" />
    <property name="libs.jsp-compilation-syscp.classpath" value="C:\Program Files\NetBeans 7.0\java\ant\lib\ant.jar;C:\Program Files\NetBeans 7.0\enterprise\modules\ext\servlet3.0-jsp2.2-api.jar;C:\Program Files\NetBeans 7.0\enterprise\modules\ext\glassfish-jspparser-3.0.jar;C:\Program Files\NetBeans 7.0\enterprise\modules\ext\standard.jar;C:\Program Files\NetBeans 7.0\enterprise\modules\ext\jsf-2_0\jsf-impl.jar" />
    <property name="libs.nokiaS80-ant-utils.src" value="" />
    <property name="libs.cdc-pp-awt-layout.javadoc" value="" />
    <property name="libs.j2me_ant_ext.classpath" value="C:\Program Files\NetBeans 7.0\mobility\modules\org-netbeans-modules-mobility-antext.jar;C:\Program Files\NetBeans 7.0\java\modules\org-netbeans-modules-classfile.jar" />
    <property name="java.endorsed.dirs" value="C:\Program Files\Java\jdk1.6.0_20\jre\lib\endorsed" />
    <property name="libs.Comet-GlassFish-v3.maven-pom" value="" />
    <property name="libs.groovy-all.src" value="" />
    <property name="netbeans.dynamic.classpath" value="C:\Program Files\NetBeans 7.0\platform\core\core.jar;C:\Program Files\NetBeans 7.0\platform\core\org-openide-filesystems.jar;C:\Program Files\NetBeans 7.0\platform\core\locale\core_ja.jar;C:\Program Files\NetBeans 7.0\platform\core\locale\core_pt_BR.jar;C:\Program Files\NetBeans 7.0\platform\core\locale\core_ru.jar;C:\Program Files\NetBeans 7.0\platform\core\locale\core_zh_CN.jar;C:\Program Files\NetBeans 7.0\platform\core\locale\org-openide-filesystems_ja.jar;C:\Program Files\NetBeans 7.0\platform\core\locale\org-openide-filesystems_pt_BR.jar;C:\Program Files\NetBeans 7.0\platform\core\locale\org-openide-filesystems_ru.jar;C:\Program Files\NetBeans 7.0\platform\core\locale\org-openide-filesystems_zh_CN.jar;C:\Program Files\NetBeans 7.0\nb\core\org-netbeans-upgrader.jar;C:\Program Files\NetBeans 7.0\nb\core\locale\core_nb.jar;C:\Program Files\NetBeans 7.0\nb\core\locale\core_nb_ja.jar;C:\Program Files\NetBeans 7.0\nb\core\locale\core_nb_pt_BR.jar;C:\Program Files\NetBeans 7.0\nb\core\locale\core_nb_ru.jar;C:\Program Files\NetBeans 7.0\nb\core\locale\core_nb_zh_CN.jar;C:\Program Files\NetBeans 7.0\nb\core\locale\org-netbeans-upgrader_ja.jar;C:\Program Files\NetBeans 7.0\nb\core\locale\org-netbeans-upgrader_pt_BR.jar;C:\Program Files\NetBeans 7.0\nb\core\locale\org-netbeans-upgrader_ru.jar;C:\Program Files\NetBeans 7.0\nb\core\locale\org-netbeans-upgrader_zh_CN.jar" />
    <property name="libs.cdc-agui-swing-layout.maven-pom" value="" />
    <property name="libs.cdc-pp-awt-layout.src" value="C:\Program Files\NetBeans 7.0\mobility\sources\cdc-pp-awt-layout-src.zip" />
    <property name="java.vm.specification.version" value="1.0" />
    <property name="libs.jakarta_slide_ant_webdav.src" value="" />
    <property name="libs.primefaces.classpath" value="C:\Program Files\NetBeans 7.0\enterprise\modules\ext\primefaces\primefaces-2.2.1.jar" />
    <property name="libs.javaee-api-6.0.classpath" value="C:\Program Files\NetBeans 7.0\enterprise\modules\ext\javaee-api-6.0.jar" />
    <property name="libs.sjmc-ant-utils.maven-pom" value="" />
    <property name="libs.groovy-all.maven-pom" value="" />
    <property name="libs.JMUnit4CLDC10.maven-pom" value="" />
    <property name="libs.hibernate-persistence.classpath" value="C:\Program Files\NetBeans 7.0\java\modules\ext\hibernate\antlr-2.7.6.jar;C:\Program Files\NetBeans 7.0\java\modules\ext\hibernate\asm.jar;C:\Program Files\NetBeans 7.0\java\modules\ext\hibernate\asm-attrs.jar;C:\Program Files\NetBeans 7.0\java\modules\ext\hibernate\cglib-2.1.3.jar;C:\Program Files\NetBeans 7.0\java\modules\ext\hibernate\commons-collections-2.1.1.jar;C:\Program Files\NetBeans 7.0\ide\modules\ext\commons-logging-1.1.jar;C:\Program Files\NetBeans 7.0\java\modules\ext\hibernate\dom4j-1.6.1.jar;C:\Program Files\NetBeans 7.0\java\modules\ext\hibernate\ehcache-1.2.3.jar;C:\Program Files\NetBeans 7.0\java\modules\ext\hibernate\jdbc2_0-stdext.jar;C:\Program Files\NetBeans 7.0\java\modules\ext\hibernate\jta.jar;C:\Program Files\NetBeans 7.0\java\modules\ext\hibernate\hibernate3.jar;C:\Program Files\NetBeans 7.0\java\modules\ext\hibernate\hibernate-tools.jar;C:\Program Files\NetBeans 7.0\java\modules\ext\hibernate\hibernate-annotations.jar;C:\Program Files\NetBeans 7.0\java\modules\ext\hibernate\hibernate-commons-annotations.jar;C:\Program Files\NetBeans 7.0\java\modules\ext\hibernate\hibernate-entitymanager.jar;C:\Program Files\NetBeans 7.0\java\modules\ext\hibernate\javassist.jar;C:\Program Files\NetBeans 7.0\java\modules\ext\hibernate\ejb3-persistence.jar" />
    <property name="libs.jaxws21.src" value="" />
    <property name="do.war.package.with.custom.manifest" value="true" />
    <property name="libs.swing-app-framework.classpath" value="C:\Program Files\NetBeans 7.0\java\modules\ext\appframework-1.0.3.jar;C:\Program Files\NetBeans 7.0\java\modules\ext\swing-worker-1.1.jar" />
    <property name="netbeans.autoupdate.language" value="en" />
    <property name="libs.jakarta_slide_ant_webdav.classpath" value="C:\Program Files\NetBeans 7.0\mobility\modules\ext\commons-httpclient-3.0.1.jar;C:\Program Files\NetBeans 7.0\ide\modules\ext\commons-logging-1.1.jar;C:\Program Files\NetBeans 7.0\mobility\modules\ext\jdom-1.0.jar;C:\Program Files\NetBeans 7.0\mobility\modules\ext\jakarta-slide-webdavlib-2.1.jar;C:\Program Files\NetBeans 7.0\mobility\modules\ext\jakarta-slide-ant-webdav-2.1.jar" />
    <property name="java.vendor" value="Sun Microsystems Inc." />
    <property name="libs.JMUnit4CLDC10.src" value="" />
    <property name="libs.javaee-api-6.0.javadoc" value="C:\Program Files\NetBeans 7.0\enterprise\docs\javaee6-doc-api.zip" />
    <property name="file.reference.commons-io-1.4.jar" value="D:\Work Area\Projects\Git Repository\Group-IIT\Basurahan\dependencieslis\commons-io-1.4.jar" />
    <property name="javac.debug" value="true" />
    <property name="javadoc.splitindex" value="true" />
    <property name="file.separator" value="\" />
    <property name="libs.restlib_gfv3ee6.classpath" value="D:\Work Area\Servers\glassfish-3.1\glassfish\modules\jackson-core-asl.jar;D:\Work Area\Servers\glassfish-3.1\glassfish\modules\jackson-jaxrs.jar;D:\Work Area\Servers\glassfish-3.1\glassfish\modules\jackson-mapper-asl.jar;D:\Work Area\Servers\glassfish-3.1\glassfish\modules\jersey-client.jar;D:\Work Area\Servers\glassfish-3.1\glassfish\modules\jersey-core.jar;D:\Work Area\Servers\glassfish-3.1\glassfish\modules\jersey-gf-server.jar;D:\Work Area\Servers\glassfish-3.1\glassfish\modules\jersey-json.jar;D:\Work Area\Servers\glassfish-3.1\glassfish\modules\jersey-multipart.jar;D:\Work Area\Servers\glassfish-3.1\glassfish\modules\jettison.jar;D:\Work Area\Servers\glassfish-3.1\glassfish\modules\mimepull.jar" />
    <property name="libs.ActiveSync.classpath" value="C:\Program Files\NetBeans 7.0\mobility\modules\ext\nbactivesync-5.0.jar" />
    <property name="libs.junit_4.maven-pom" value="" />
    <property name="resource.dir" value="setup" />
    <property name="javac.test.processorpath" value="..\Basurahan\mysql-connector-java-5.1.16\mysql-connector-java-5.1.16-bin.jar:..\Basurahan\dependencieslis\junit-3.8.2.jar:..\Basurahan\dependencieslis\junit-addons-1.4.jar:..\Basurahan\dependencieslis\junitperf-1.8.jar:..\Basurahan\dependencieslis\logback-classic-0.9.15.jar:..\Basurahan\dependencieslis\mmmockobjects-1.12.0.jar:..\Basurahan\dependencieslis\mockobjects-core-0.07.jar:..\Basurahan\dependencieslis\mockobjects-jdk1.3-0.07.jar:..\Basurahan\dependencieslis\poi-3.2-FINAL.jar:..\Basurahan\dependencieslis\slf4j-api-1.5.6.jar:..\Basurahan\dependencieslis\xercesImpl-2.6.2.jar:..\Basurahan\dependencieslis\xmlParserAPIs-2.6.2.jar:build/web/WEB-INF/classes:..\Basurahan\dependencieslis\slf4j-api-1.5.6.jar:../Basurahan/dbunit-2.4.8.jar:..\Basurahan\dependencieslis\junit-addons-1.4.jar:..\Basurahan\dependencieslis\junitperf-1.8.jar:..\Basurahan\dependencieslis\mmmockobjects-1.12.0.jar:..\Basurahan\dependencieslis\mockobjects-core-0.07.jar:..\Basurahan\dependencieslis\mockobjects-jdk1.3-0.07.jar:..\Basurahan\dependencieslis\poi-3.2-FINAL.jar:..\Basurahan\dependencieslis\xercesImpl-2.6.2.jar:..\Basurahan\dependencieslis\xmlParserAPIs-2.6.2.jar:..\Basurahan\dependencieslis\jcl-over-slf4j-1.5.6.jar:..\Basurahan\dependencieslis\logback-classic-0.9.15.jar:..\Basurahan\mysql-connector-java-5.1.16\mysql-connector-java-5.1.16-bin.jar:D:\Work Area\Projects\Git Repository\Group-IIT\Basurahan\dependencieslis\commons-collections-3.2.1.jar:D:\Work Area\Projects\Git Repository\Group-IIT\Basurahan\dependencieslis\commons-io-1.4.jar:D:\Work Area\Projects\Git Repository\Group-IIT\Basurahan\dependencieslis\logback-core-0.9.15.jar:C:\Users\The Architect\.netbeans\7.0\modules\ext\junit-4.8.2.jar" />
    <property name="netbeans.buildnumber" value="201104080000" />
    <property name="libs.JWSAntTasks.javadoc" value="" />
    <property name="build.generated.sources.dir" value="build/generated-sources" />
    <property name="user.variant" value="" />
    <property name="libs.eclipselinkmodelgen.classpath" value="C:\Program Files\NetBeans 7.0\java\modules\ext\eclipselink\eclipselink-jpa-modelgen-2.2.0.jar" />
    <property name="libs.Java-EE-GlassFish-v3.wscompile" value="" />
    <property name="sun.java.launcher" value="SUN_STANDARD" />
    <property name="libs.junit.classpath" value="C:\Users\The Architect\.netbeans\7.0\modules\ext\junit-3.8.2.jar" />
    <property name="libs.jaxb.javadoc" value="C:\Program Files\NetBeans 7.0\ide\docs\jaxb-api-doc.zip" />
    <property name="libs.struts.classpath" value="C:\Program Files\NetBeans 7.0\enterprise\modules\ext\struts\antlr-2.7.2.jar;C:\Program Files\NetBeans 7.0\enterprise\modules\ext\struts\bsf-2.3.0.jar;C:\Program Files\NetBeans 7.0\enterprise\modules\ext\struts\commons-beanutils-1.7.0.jar;C:\Program Files\NetBeans 7.0\enterprise\modules\ext\struts\commons-chain-1.1.jar;C:\Program Files\NetBeans 7.0\enterprise\modules\ext\struts\commons-digester-1.8.jar;C:\Program Files\NetBeans 7.0\enterprise\modules\ext\struts\commons-fileupload-1.1.1.jar;C:\Program Files\NetBeans 7.0\enterprise\modules\ext\struts\commons-io-1.1.jar;C:\Program Files\NetBeans 7.0\enterprise\modules\ext\struts\commons-logging-1.0.4.jar;C:\Program Files\NetBeans 7.0\enterprise\modules\ext\struts\commons-validator-1.3.1.jar;C:\Program Files\NetBeans 7.0\enterprise\modules\ext\struts\jstl-1.0.2.jar;C:\Program Files\NetBeans 7.0\enterprise\modules\ext\struts\oro-2.0.8.jar;C:\Program Files\NetBeans 7.0\enterprise\modules\ext\struts\standard-1.0.2.jar;C:\Program Files\NetBeans 7.0\enterprise\modules\ext\struts\struts-core-1.3.8.jar;C:\Program Files\NetBeans 7.0\enterprise\modules\ext\struts\struts-el-1.3.8.jar;C:\Program Files\NetBeans 7.0\enterprise\modules\ext\struts\struts-extras-1.3.8.jar;C:\Program Files\NetBeans 7.0\enterprise\modules\ext\struts\struts-faces-1.3.8.jar;C:\Program Files\NetBeans 7.0\enterprise\modules\ext\struts\struts-mailreader-dao-1.3.8.jar;C:\Program Files\NetBeans 7.0\enterprise\modules\ext\struts\struts-scripting-1.3.8.jar;C:\Program Files\NetBeans 7.0\enterprise\modules\ext\struts\struts-taglib-1.3.8.jar;C:\Program Files\NetBeans 7.0\enterprise\modules\ext\struts\struts-tiles-1.3.8.jar" />
    <property name="application.args.param" value="" />
    <property name="ant.home" value="C:\Program Files\NetBeans 7.0\java\ant" />
    <property name="libs.junit_4.src" value="C:\Users\The Architect\.netbeans\7.0\docs\junit-4.8.2-src.jar" />
    <property name="libs.ricoh-ant-utils.maven-pom" value="" />
    <property name="conf.dir" value="src/conf" />
    <property name="webinf.dir" value="web/WEB-INF" />
    <property name="libs.absolutelayout.maven-pom" value="" />
    <property name="ant.java.version" value="1.6" />
    <property name="java.library.path" value="C:\Program Files\Java\jdk1.6.0_20\jre\bin;.;C:\Windows\Sun\Java\bin;C:\Windows\system32;C:\Windows;C:\Windows\system32;C:\Windows;C:\Windows\System32\Wbem;C:\Windows\System32\WindowsPowerShell\v1.0\;D:\Work Area\Servers\xampp\php;C:\grails-1.3.7\bin;C:\groovy-1.7.10\bin;C:\Program Files\Java\jdk1.6.0_20\bin;c:\Program Files\Microsoft SQL Server\100\Tools\Binn\;c:\Program Files\Microsoft SQL Server\100\DTS\Binn\;C:\Program Files\MySQL\MySQL Server 5.5\bin;D:\Work Area\Servers\glassfish-3.1\bin;D:\Work Area\Servers\glassfish-3.1\glassfish\bin;C:\Windows\system32\gs\gs8.71\bin" />
    <property name="javadoc.author" value="false" />
    <property name="libs.metro.maven-pom" value="" />
    <property name="libs.EclipseLink-GlassFish-v3.src" value="" />
    <property name="java.util.logging.config.class" value="org.netbeans.core.startup.TopLogging" />
    <property name="libs.PostgreSQLDriver.src" value="" />
    <property name="sun.arch.data.model" value="32" />
    <property name="basedir" value="D:\Work Area\Projects\Git Repository\Group-IIT\OrderingSystem" />
    <property name="libs.ActiveSync.src" value="" />
    <property name="jar.compress" value="false" />
    <property name="libs.NetBeans MIDP Components PDA.src" value="C:\Program Files\NetBeans 7.0\mobility\sources\netbeans_midp_components_pda-src.zip" />
    <property name="libs.jstl11.classpath" value="C:\Program Files\NetBeans 7.0\enterprise\modules\ext\standard.jar;C:\Program Files\NetBeans 7.0\enterprise\modules\ext\jstl.jar" />
    <property name="path.separator" value=";" />
    <property name="dist.war" value="dist/OrderingSystem.war" />
    <property name="libs.javaee-web-api-6.0.javadoc" value="C:\Program Files\NetBeans 7.0\enterprise\docs\javaee6-doc-api.zip" />
    <property name="ant.junit.enabletestlistenerevents" value="true" />
    <property name="sun.io.unicode.encoding" value="UnicodeLittle" />
    <property name="libs.semc-ant-utils.javadoc" value="" />
    <property name="libs.jaxws21.classpath" value="C:\Program Files\NetBeans 7.0\ide\modules\ext\jaxb\jaxb-impl.jar;C:\Program Files\NetBeans 7.0\ide\modules\ext\jaxb\jaxb-xjc.jar;C:\Program Files\NetBeans 7.0\java\modules\ext\jaxws22\FastInfoset.jar;C:\Program Files\NetBeans 7.0\java\modules\ext\jaxws22\gmbal-api-only.jar;C:\Program Files\NetBeans 7.0\java\modules\ext\jaxws22\http.jar;C:\Program Files\NetBeans 7.0\java\modules\ext\jaxws22\jaxws-rt.jar;C:\Program Files\NetBeans 7.0\java\modules\ext\jaxws22\jaxws-tools.jar;C:\Program Files\NetBeans 7.0\java\modules\ext\jaxws22\management-api.jar;C:\Program Files\NetBeans 7.0\java\modules\ext\jaxws22\mimepull.jar;C:\Program Files\NetBeans 7.0\java\modules\ext\jaxws22\policy.jar;C:\Program Files\NetBeans 7.0\java\modules\ext\jaxws22\saaj-impl.jar;C:\Program Files\NetBeans 7.0\java\modules\ext\jaxws22\stax-ex.jar;C:\Program Files\NetBeans 7.0\java\modules\ext\jaxws22\streambuffer.jar;C:\Program Files\NetBeans 7.0\java\modules\ext\jaxws22\woodstox.jar;C:\Program Files\NetBeans 7.0\java\modules\ext\jaxws22\api\jaxws-api.jar;C:\Program Files\NetBeans 7.0\java\modules\ext\jaxws22\api\jsr181-api.jar;C:\Program Files\NetBeans 7.0\java\modules\ext\jaxws22\api\jsr250-api.jar;C:\Program Files\NetBeans 7.0\java\modules\ext\jaxws22\api\saaj-api.jar;C:\Program Files\NetBeans 7.0\ide\modules\ext\jaxb\activation.jar;C:\Program Files\NetBeans 7.0\ide\modules\ext\jaxb\api\jaxb-api.jar;C:\Program Files\NetBeans 7.0\ide\modules\ext\jaxb\api\jsr173_api.jar" />
    <property name="libs.struts.src" value="" />
    <property name="apple.awt.graphics.UseQuartz" value="true" />
    <property name="user.language" value="en" />
    <property name="j2ee.platform.classpath" value="D:/Work Area/Servers/Apache Tomcat 7.0.11/lib/annotations-api.jar:D:/Work Area/Servers/Apache Tomcat 7.0.11/lib/catalina-ant.jar:D:/Work Area/Servers/Apache Tomcat 7.0.11/lib/catalina-ha.jar:D:/Work Area/Servers/Apache Tomcat 7.0.11/lib/catalina-tribes.jar:D:/Work Area/Servers/Apache Tomcat 7.0.11/lib/catalina.jar:D:/Work Area/Servers/Apache Tomcat 7.0.11/lib/ecj-3.6.jar:D:/Work Area/Servers/Apache Tomcat 7.0.11/lib/el-api.jar:D:/Work Area/Servers/Apache Tomcat 7.0.11/lib/jasper-el.jar:D:/Work Area/Servers/Apache Tomcat 7.0.11/lib/jasper.jar:D:/Work Area/Servers/Apache Tomcat 7.0.11/lib/jsp-api.jar:D:/Work Area/Servers/Apache Tomcat 7.0.11/lib/servlet-api.jar:D:/Work Area/Servers/Apache Tomcat 7.0.11/lib/tomcat-api.jar:D:/Work Area/Servers/Apache Tomcat 7.0.11/lib/tomcat-coyote.jar:D:/Work Area/Servers/Apache Tomcat 7.0.11/lib/tomcat-dbcp.jar:D:/Work Area/Servers/Apache Tomcat 7.0.11/lib/tomcat-i18n-es.jar:D:/Work Area/Servers/Apache Tomcat 7.0.11/lib/tomcat-i18n-fr.jar:D:/Work Area/Servers/Apache Tomcat 7.0.11/lib/tomcat-i18n-ja.jar:D:/Work Area/Servers/Apache Tomcat 7.0.11/lib/tomcat-util.jar" />
    <property name="libs.spring-framework.classpath" value="C:\Program Files\NetBeans 7.0\ide\modules\ext\commons-logging-1.1.jar;C:\Program Files\NetBeans 7.0\java\modules\ext\cglib-2.2.jar;C:\Program Files\NetBeans 7.0\java\modules\ext\spring\spring-2.5.6.SEC01.jar" />
    <property name="libs.eclipselink.maven-pom" value="" />
    <property name="build.meta.inf.dir" value="build/web/META-INF" />
    <property name="persistence.xml.dir" value="src/conf" />
    <property name="libs.primefaces.javadoc" value="" />
    <property name="libs.spring-framework300.maven-pom" value="" />
    <property name="run.test.classpath" value="..\Basurahan\mysql-connector-java-5.1.16\mysql-connector-java-5.1.16-bin.jar:..\Basurahan\dependencieslis\junit-3.8.2.jar:..\Basurahan\dependencieslis\junit-addons-1.4.jar:..\Basurahan\dependencieslis\junitperf-1.8.jar:..\Basurahan\dependencieslis\logback-classic-0.9.15.jar:..\Basurahan\dependencieslis\mmmockobjects-1.12.0.jar:..\Basurahan\dependencieslis\mockobjects-core-0.07.jar:..\Basurahan\dependencieslis\mockobjects-jdk1.3-0.07.jar:..\Basurahan\dependencieslis\poi-3.2-FINAL.jar:..\Basurahan\dependencieslis\slf4j-api-1.5.6.jar:..\Basurahan\dependencieslis\xercesImpl-2.6.2.jar:..\Basurahan\dependencieslis\xmlParserAPIs-2.6.2.jar:build/web/WEB-INF/classes:..\Basurahan\dependencieslis\slf4j-api-1.5.6.jar:../Basurahan/dbunit-2.4.8.jar:..\Basurahan\dependencieslis\junit-addons-1.4.jar:..\Basurahan\dependencieslis\junitperf-1.8.jar:..\Basurahan\dependencieslis\mmmockobjects-1.12.0.jar:..\Basurahan\dependencieslis\mockobjects-core-0.07.jar:..\Basurahan\dependencieslis\mockobjects-jdk1.3-0.07.jar:..\Basurahan\dependencieslis\poi-3.2-FINAL.jar:..\Basurahan\dependencieslis\xercesImpl-2.6.2.jar:..\Basurahan\dependencieslis\xmlParserAPIs-2.6.2.jar:..\Basurahan\dependencieslis\jcl-over-slf4j-1.5.6.jar:..\Basurahan\dependencieslis\logback-classic-0.9.15.jar:..\Basurahan\mysql-connector-java-5.1.16\mysql-connector-java-5.1.16-bin.jar:D:\Work Area\Projects\Git Repository\Group-IIT\Basurahan\dependencieslis\commons-collections-3.2.1.jar:D:\Work Area\Projects\Git Repository\Group-IIT\Basurahan\dependencieslis\commons-io-1.4.jar:D:\Work Area\Projects\Git Repository\Group-IIT\Basurahan\dependencieslis\logback-core-0.9.15.jar:C:\Users\The Architect\.netbeans\7.0\modules\ext\junit-4.8.2.jar:build/test/classes" />
    <property name="ant.project.invoked-targets" value="test" />
    <property name="useJavaUtilZip" value="true" />
    <property name="libs.swing-layout.javadoc" value="C:\Program Files\NetBeans 7.0\platform\docs\swing-layout-1.0.4-doc.zip" />
    <property name="libs.swing-app-framework.javadoc" value="C:\Program Files\NetBeans 7.0\java\docs\appframework-1.0.3-doc.zip" />
    <property name="libs.ejb3-persistence.maven-pom" value="" />
    <property name="jspc.schemas" value="/resources/schemas/" />
    <property name="libs.DataBindingME-SVG.classpath" value="C:\Program Files\NetBeans 7.0\mobility\modules\ext\netbeans_databindingme_svg.jar" />
    <property name="libs.PostgreSQLDriver.maven-pom" value="" />
    <property name="java.class.version" value="50.0" />
    <property name="libs.javaee-endorsed-api-6.0.src" value="" />
    <property name="libs.cdc-ant-utils.classpath" value="C:\Program Files\NetBeans 7.0\mobility\modules\ext\org-netbeans-modules-j2me-cdc-project.jar" />
    <property name="file.reference.xercesImpl-2.6.2.jar" value="..\Basurahan\dependencieslis\xercesImpl-2.6.2.jar" />
    <property name="netbeans.system_http_proxy" value="DIRECT" />
    <property name="libs.eclipselink.javadoc" value="" />
    <property name="libs.NetBeans MIDP Components WMA.maven-pom" value="" />
    <property name="libs.jsp-compilation.maven-pom" value="" />
    <property name="user.properties.file" value="C:\Users\The Architect\.netbeans\7.0\build.properties" />
    <property name="build.web.dir" value="build/web" />
    <property name="libs.spring-framework.src" value="" />
    <property name="libs.javac-api.maven-pom" value="" />
    <property name="file.encoding.pkg" value="sun.io" />
    <property name="sun.cpu.endian" value="little" />
    <property name="file.reference.logback-core-0.9.15.jar" value="D:\Work Area\Projects\Git Repository\Group-IIT\Basurahan\dependencieslis\logback-core-0.9.15.jar" />
    <property name="libs.JWSAntTasks.classpath" value="C:\Program Files\NetBeans 7.0\java\ant\extra\org-netbeans-modules-javawebstart-anttasks.jar" />
    <property name="libs.spring-framework300.src" value="" />
    <property name="file.reference.junit-3.8.2.jar" value="..\Basurahan\dependencieslis\junit-3.8.2.jar" />
    <property name="libs.ant-contrib.classpath" value="C:\Program Files\NetBeans 7.0\mobility\modules\ext\ant-contrib-1.0b3.jar" />
    <property name="empty.dir" value="D:\Work Area\Projects\Git Repository\Group-IIT\OrderingSystem\build\empty" />
    <property name="display.browser" value="true" />
    <property name="version-output" value="java version &quot;1.6" />
    <property name="javadoc.preview" value="true" />
    <property name="file.reference.xmlParserAPIs-2.6.2.jar" value="..\Basurahan\dependencieslis\xmlParserAPIs-2.6.2.jar" />
    <property name="java.home" value="C:\Program Files\Java\jdk1.6.0_20\jre" />
    <property name="libs.ojec-ant-utils.javadoc" value="" />
    <property name="libs.jsp-compilation.src" value="" />
    <property name="libs.ricoh-ant-utils.src" value="" />
    <property name="libs.spring-webmvc.src" value="" />
    <property name="libs.ant-contrib.javadoc" value="" />
    <property name="ant.file.OrderingSystem-impl" value="D:\Work Area\Projects\Git Repository\Group-IIT\OrderingSystem\nbproject\build-impl.xml" />
    <property name="debug.test.classpath" value="..\Basurahan\mysql-connector-java-5.1.16\mysql-connector-java-5.1.16-bin.jar:..\Basurahan\dependencieslis\junit-3.8.2.jar:..\Basurahan\dependencieslis\junit-addons-1.4.jar:..\Basurahan\dependencieslis\junitperf-1.8.jar:..\Basurahan\dependencieslis\logback-classic-0.9.15.jar:..\Basurahan\dependencieslis\mmmockobjects-1.12.0.jar:..\Basurahan\dependencieslis\mockobjects-core-0.07.jar:..\Basurahan\dependencieslis\mockobjects-jdk1.3-0.07.jar:..\Basurahan\dependencieslis\poi-3.2-FINAL.jar:..\Basurahan\dependencieslis\slf4j-api-1.5.6.jar:..\Basurahan\dependencieslis\xercesImpl-2.6.2.jar:..\Basurahan\dependencieslis\xmlParserAPIs-2.6.2.jar:build/web/WEB-INF/classes:..\Basurahan\dependencieslis\slf4j-api-1.5.6.jar:../Basurahan/dbunit-2.4.8.jar:..\Basurahan\dependencieslis\junit-addons-1.4.jar:..\Basurahan\dependencieslis\junitperf-1.8.jar:..\Basurahan\dependencieslis\mmmockobjects-1.12.0.jar:..\Basurahan\dependencieslis\mockobjects-core-0.07.jar:..\Basurahan\dependencieslis\mockobjects-jdk1.3-0.07.jar:..\Basurahan\dependencieslis\poi-3.2-FINAL.jar:..\Basurahan\dependencieslis\xercesImpl-2.6.2.jar:..\Basurahan\dependencieslis\xmlParserAPIs-2.6.2.jar:..\Basurahan\dependencieslis\jcl-over-slf4j-1.5.6.jar:..\Basurahan\dependencieslis\logback-classic-0.9.15.jar:..\Basurahan\mysql-connector-java-5.1.16\mysql-connector-java-5.1.16-bin.jar:D:\Work Area\Projects\Git Repository\Group-IIT\Basurahan\dependencieslis\commons-collections-3.2.1.jar:D:\Work Area\Projects\Git Repository\Group-IIT\Basurahan\dependencieslis\commons-io-1.4.jar:D:\Work Area\Projects\Git Repository\Group-IIT\Basurahan\dependencieslis\logback-core-0.9.15.jar:C:\Users\The Architect\.netbeans\7.0\modules\ext\junit-4.8.2.jar:build/test/classes" />
    <property name="libs.javaee-endorsed-api-6.0.classpath" value="C:\Program Files\NetBeans 7.0\enterprise\modules\ext\javaee6-endorsed\javax.annotation.jar;C:\Program Files\NetBeans 7.0\enterprise\modules\ext\javaee6-endorsed\jaxb-api-osgi.jar;C:\Program Files\NetBeans 7.0\enterprise\modules\ext\javaee6-endorsed\webservices-api-osgi.jar" />
    <property name="libs.javaee-api-6.0.src" value="" />
    <property name="netbeans.importclass" value="org.netbeans.upgrade.AutoUpgrade" />
    <property name="ant.project.default-target" value="default" />
    <property name="annotation.processing.run.all.processors" value="true" />
    <property name="libs.savaje-ant-utils.classpath" value="C:\Program Files\NetBeans 7.0\mobility\modules\ext\org-netbeans-modules-j2me-cdc-project-savaje.jar" />
    <property name="libs.toplink.maven-pom" value="" />
    <property name="libs.DataBindingME.maven-pom" value="" />
    <property name="libs.PostgreSQLDriver.javadoc" value="" />
    <property name="libs.restlib.classpath" value="C:\Program Files\NetBeans 7.0\enterprise\modules\ext\rest\asm-3.1.jar;C:\Program Files\NetBeans 7.0\enterprise\modules\ext\rest\jackson-core-asl-1.1.1.jar;C:\Program Files\NetBeans 7.0\enterprise\modules\ext\rest\jersey-client-1.3.jar;C:\Program Files\NetBeans 7.0\enterprise\modules\ext\rest\jersey-core-1.3.jar;C:\Program Files\NetBeans 7.0\enterprise\modules\ext\rest\jersey-json-1.3.jar;C:\Program Files\NetBeans 7.0\enterprise\modules\ext\rest\jersey-multipart-1.3.jar;C:\Program Files\NetBeans 7.0\enterprise\modules\ext\rest\jersey-server-1.3.jar;C:\Program Files\NetBeans 7.0\enterprise\modules\ext\rest\jersey-spring-1.3.jar;C:\Program Files\NetBeans 7.0\enterprise\modules\ext\rest\jettison-1.1.jar;C:\Program Files\NetBeans 7.0\enterprise\modules\ext\rest\mimepull-1.4.jar;C:\Program Files\NetBeans 7.0\enterprise\modules\ext\rest\oauth-client-1.3.jar;C:\Program Files\NetBeans 7.0\enterprise\modules\ext\rest\oauth-signature-1.3.jar;C:\Program Files\NetBeans 7.0\ide\modules\ext\jaxb\activation.jar;C:\Program Files\NetBeans 7.0\ide\modules\ext\jaxb\api\jaxb-api.jar;C:\Program Files\NetBeans 7.0\ide\modules\ext\jaxb\api\jsr173_api.jar" />
    <property name="libs.JMUnit4CLDC11.javadoc" value="C:\Program Files\NetBeans 7.0\mobility\modules\docs\jmunit-1.2.1-api.zip" />
    <property name="libs.nsicom-ant-utils.maven-pom" value="" />
    <property name="libs.MySQLDriver.maven-pom" value="" />
    <property name="libs.savaje-ant-utils.src" value="" />
    <property name="libs.junit_4.javadoc" value="C:\Users\The Architect\.netbeans\7.0\docs\junit-4.8.2-api.zip" />
    <property name="libs.spring-webmvc.javadoc" value="" />
    <property name="libs.toplink.src" value="" />
    <property name="libs.EclipseLink-GlassFish-v3.maven-pom" value="" />
    <property name="libs.javaee-web-api-6.0.maven-pom" value="" />
    <property name="libs.cdc-pp-awt-layout.classpath" value="C:\Program Files\NetBeans 7.0\mobility\modules\ext\cdc-pp-awt-layout.jar" />
    <property name="j2ee.deploy.on.save" value="true" />
    <property name="libs.cdc-agui-swing-layout.src" value="C:\Program Files\NetBeans 7.0\mobility\sources\cdc-agui-swing-layout-src.zip" />
    <property name="libs.hibernate-support.src" value="" />
    <property name="libs.javaee-endorsed-api-6.0.javadoc" value="C:\Program Files\NetBeans 7.0\enterprise\docs\javaee6-doc-api.zip" />
    <property name="libs.JMUnit4CLDC11.classpath" value="C:\Program Files\NetBeans 7.0\mobility\modules\ext\jmunit4cldc11-1.2.1.jar" />
    <property name="libs.nb_svg_midp_components.classpath" value="C:\Program Files\NetBeans 7.0\mobility\modules\ext\nb_svg_midp_components.jar" />
    <property name="libs.spring-webmvc3.0.javadoc" value="" />
    <property name="annotation.processing.enabled.in.editor" value="true" />
    <property name="libs.NetBeans MIDP Components PDA.classpath" value="C:\Program Files\NetBeans 7.0\mobility\modules\ext\netbeans_midp_components_pda.jar" />
    <property name="libs.semc-ant-utils.maven-pom" value="" />
    <property name="file.reference.mockobjects-jdk1.3-0.07.jar" value="..\Basurahan\dependencieslis\mockobjects-jdk1.3-0.07.jar" />
    <property name="libs.nokiadeployment.maven-pom" value="" />
    <property name="libs.restapi.src" value="" />
    <property name="libs.NetBeans MIDP Components.javadoc" value="C:\Program Files\NetBeans 7.0\mobility\modules\docs\netbeans_midp_components_basic-api.zip" />
    <property name="sun.management.compiler" value="HotSpot Client Compiler" />
    <property name="javac.deprecation" value="false" />
    <property name="javadoc.use" value="true" />
    <property name="client.urlPart" value="" />
    <property name="sun.java2d.noddraw" value="true" />
    <property name="libs.jsp-compiler.classpath" value="C:\Program Files\NetBeans 7.0\enterprise\ant\extra\jspcompile.jar" />
    <property name="dist.ear.war" value="dist/OrderingSystem.war" />
    <property name="javac.processorpath" value="..\Basurahan\mysql-connector-java-5.1.16\mysql-connector-java-5.1.16-bin.jar:..\Basurahan\dependencieslis\junit-3.8.2.jar:..\Basurahan\dependencieslis\junit-addons-1.4.jar:..\Basurahan\dependencieslis\junitperf-1.8.jar:..\Basurahan\dependencieslis\logback-classic-0.9.15.jar:..\Basurahan\dependencieslis\mmmockobjects-1.12.0.jar:..\Basurahan\dependencieslis\mockobjects-core-0.07.jar:..\Basurahan\dependencieslis\mockobjects-jdk1.3-0.07.jar:..\Basurahan\dependencieslis\poi-3.2-FINAL.jar:..\Basurahan\dependencieslis\slf4j-api-1.5.6.jar:..\Basurahan\dependencieslis\xercesImpl-2.6.2.jar:..\Basurahan\dependencieslis\xmlParserAPIs-2.6.2.jar" />
    <property name="libs.spring-webmvc.classpath" value="C:\Program Files\NetBeans 7.0\enterprise\modules\ext\spring\spring-webmvc-2.5.6.SEC01.jar" />
    <property name="javac.compilerargs" value="" />
    <property name="ant.file" value="D:\Work Area\Projects\Git Repository\Group-IIT\OrderingSystem\build.xml" />
    <property name="libs.beans-binding.maven-pom" value="" />
    <property name="file.reference.mockobjects-core-0.07.jar" value="..\Basurahan\dependencieslis\mockobjects-core-0.07.jar" />
    <property name="libs.jsf12.classpath" value="C:\Program Files\NetBeans 7.0\enterprise\modules\ext\jsf-1_2\commons-beanutils.jar;C:\Program Files\NetBeans 7.0\enterprise\modules\ext\jsf-1_2\commons-collections.jar;C:\Program Files\NetBeans 7.0\enterprise\modules\ext\jsf-1_2\commons-digester.jar;C:\Program Files\NetBeans 7.0\enterprise\modules\ext\jsf-1_2\commons-logging.jar;C:\Program Files\NetBeans 7.0\enterprise\modules\ext\jsf-1_2\jsf-api.jar;C:\Program Files\NetBeans 7.0\enterprise\modules\ext\jsf-1_2\jsf-impl.jar" />
    <property name="sun.awt.exception.handler" value="org.netbeans.core.startup.TopLogging$AWTHandler" />
    <property name="has.custom.manifest" value="true" />
    <property name="libs.restapi.maven-pom" value="" />
    <property name="libs.beans-binding.src" value="" />
    <property name="libs.NetBeans MIDP Components PDA.javadoc" value="C:\Program Files\NetBeans 7.0\mobility\modules\docs\netbeans_midp_components_pda-api.zip" />
    <property name="java.vm.specification.vendor" value="Sun Microsystems Inc." />
    <property name="libs.DataBindingME-PIM.javadoc" value="C:\Program Files\NetBeans 7.0\mobility\modules\docs\netbeans_databindingme_pim-api.zip" />
    <property name="libs.swing-layout.src" value="C:\Program Files\NetBeans 7.0\platform\docs\swing-layout-1.0.4-src.zip" />
    <property name="libs.Java-EE-GlassFish-v3.embedabbleejb" value="" />
    <property name="libs.j2me_ant_ext.src" value="" />
    <property name="org.openide.major.version" value="IDE/1" />
    <property name="java.vm.name" value="Java HotSpot(TM) Client VM" />
    <property name="do.display.browser.debug" value="true" />
    <property name="netbeans.user" value="C:\Users\The Architect\.netbeans\7.0" />
    <property name="javadoc.additionalparam" value="" />
    <property name="libs.ricoh-ant-utils.classpath" value="C:\Program Files\NetBeans 7.0\mobility\modules\ext\org-netbeans-modules-j2me-cdc-project-ricoh.jar;C:\Program Files\NetBeans 7.0\mobility\modules\ext\RicohAntTasks-2.0.jar;C:\Program Files\NetBeans 7.0\mobility\modules\ext\commons-httpclient-3.0.jar;C:\Program Files\NetBeans 7.0\ide\modules\ext\commons-logging-1.1.jar;C:\Program Files\NetBeans 7.0\mobility\modules\ext\commons-codec-1.3.jar" />
    <property name="java.vendor.url" value="http://java.sun.com/" />
    <property name="java.io.tmpdir" value="C:\Users\THEARC~1\AppData\Local\Temp\" />
    <property name="endorsed.classpath.cmd.line.arg" value="-Xbootclasspath/p:&apos;C:\Program Files\NetBeans 7.0\enterprise\modules\ext\javaee6-endorsed\javax.annotation.jar;C:\Program Files\NetBeans 7.0\enterprise\modules\ext\javaee6-endorsed\jaxb-api-osgi.jar;C:\Program Files\NetBeans 7.0\enterprise\modules\ext\javaee6-endorsed\webservices-api-osgi.jar&apos;" />
    <property name="compile.jsps" value="false" />
    <property name="libs.jsp-compiler.src" value="" />
    <property name="file.reference.poi-3.2-FINAL.jar" value="..\Basurahan\dependencieslis\poi-3.2-FINAL.jar" />
    <property name="deploy.ant.properties.file" value="C:\Users\The Architect\.netbeans\7.0\tomcat70_1.properties" />
    <property name="file.reference.jcl-over-slf4j-1.5.6.jar" value="..\Basurahan\dependencieslis\jcl-over-slf4j-1.5.6.jar" />
    <property name="sun.boot.library.path" value="C:\Program Files\Java\jdk1.6.0_20\jre\bin" />
    <property name="have.sources" value="true" />
    <property name="war.name" value="OrderingSystem.war" />
    <property name="debug.classpath" value="build/web/WEB-INF/classes:..\Basurahan\mysql-connector-java-5.1.16\mysql-connector-java-5.1.16-bin.jar:..\Basurahan\dependencieslis\junit-3.8.2.jar:..\Basurahan\dependencieslis\junit-addons-1.4.jar:..\Basurahan\dependencieslis\junitperf-1.8.jar:..\Basurahan\dependencieslis\logback-classic-0.9.15.jar:..\Basurahan\dependencieslis\mmmockobjects-1.12.0.jar:..\Basurahan\dependencieslis\mockobjects-core-0.07.jar:..\Basurahan\dependencieslis\mockobjects-jdk1.3-0.07.jar:..\Basurahan\dependencieslis\poi-3.2-FINAL.jar:..\Basurahan\dependencieslis\slf4j-api-1.5.6.jar:..\Basurahan\dependencieslis\xercesImpl-2.6.2.jar:..\Basurahan\dependencieslis\xmlParserAPIs-2.6.2.jar" />
    <property name="javadoc.private" value="false" />
    <property name="test.src.dir" value="test" />
    <property name="libs.jsf20.classpath" value="C:\Program Files\NetBeans 7.0\enterprise\modules\ext\jsf-2_0\jsf-api.jar;C:\Program Files\NetBeans 7.0\enterprise\modules\ext\jsf-2_0\jsf-impl.jar" />
    <property name="ap.processors.internal" value="" />
    <property name="javadoc.encoding.used" value="UTF-8" />
    <property name="libs.DataBindingME-SVG.src" value="C:\Program Files\NetBeans 7.0\mobility\sources\netbeans_databindingme_svg-src.zip" />
    <property name="java.runtime.name" value="Java(TM) SE Runtime Environment" />
    <property name="ant.project.name" value="OrderingSystem" />
    <property name="netbeans.hash.code" value="unique=NB_GFMOD_GROOVY_JAVA_JC_MOB_TOMCAT_WEBEE045a3657f-0608-46f4-b376-f01797437efc_54fe8de4-7bc4-4845-9d2e-640b52646caf" />
    <property name="libs.jsp-compilation-syscp.maven-pom" value="" />
    <property name="libs.j2me_ant_ext.maven-pom" value="" />
    <property name="sun.cpu.isalist" value="pentium_pro+mmx pentium_pro pentium+mmx pentium i486 i386 i86" />
    <property name="libs.CopyLibs.javadoc" value="" />
    <property name="j2ee.server.domain" value="C:/Users/The Architect/.netbeans/7.0/apache-tomcat-7.0.11_base" />
    <property name="libs.ActiveSync.javadoc" value="" />
    <property name="org.openide.specification.version" value="6.2" />
    <property name="j2ee.server.home" value="D:/Work Area/Servers/Apache Tomcat 7.0.11" />
    <property name="libs.hibernate-support.classpath" value="C:\Program Files\NetBeans 7.0\java\modules\ext\hibernate\antlr-2.7.6.jar;C:\Program Files\NetBeans 7.0\java\modules\ext\hibernate\asm.jar;C:\Program Files\NetBeans 7.0\java\modules\ext\hibernate\asm-attrs.jar;C:\Program Files\NetBeans 7.0\java\modules\ext\hibernate\cglib-2.1.3.jar;C:\Program Files\NetBeans 7.0\java\modules\ext\hibernate\commons-collections-2.1.1.jar;C:\Program Files\NetBeans 7.0\ide\modules\ext\commons-logging-1.1.jar;C:\Program Files\NetBeans 7.0\java\modules\ext\hibernate\dom4j-1.6.1.jar;C:\Program Files\NetBeans 7.0\java\modules\ext\hibernate\ehcache-1.2.3.jar;C:\Program Files\NetBeans 7.0\java\modules\ext\hibernate\jdbc2_0-stdext.jar;C:\Program Files\NetBeans 7.0\java\modules\ext\hibernate\jta.jar;C:\Program Files\NetBeans 7.0\java\modules\ext\hibernate\hibernate3.jar;C:\Program Files\NetBeans 7.0\java\modules\ext\hibernate\hibernate-tools.jar;C:\Program Files\NetBeans 7.0\java\modules\ext\hibernate\hibernate-annotations.jar;C:\Program Files\NetBeans 7.0\java\modules\ext\hibernate\hibernate-commons-annotations.jar;C:\Program Files\NetBeans 7.0\java\modules\ext\hibernate\hibernate-entitymanager.jar;C:\Program Files\NetBeans 7.0\java\modules\ext\hibernate\javassist.jar" />
    <property name="libs.DataBindingME-PIM.classpath" value="C:\Program Files\NetBeans 7.0\mobility\modules\ext\netbeans_databindingme_pim.jar" />
    <property name="user.home" value="C:\Users\The Architect" />
    <property name="annotation.processing.processors.list" value="" />
    <property name="debug-args-line" value="-Xdebug" />
    <property name="libs.primefaces.maven-pom" value="" />
    <property name="libs.NetBeans MIDP Components.classpath" value="C:\Program Files\NetBeans 7.0\mobility\modules\ext\netbeans_midp_components_basic.jar" />
    <property name="libs.javaee-api-6.0.maven-pom" value="" />
    <property name="libs.JWSAntTasks.src" value="" />
    <property name="libs.CopyLibs.maven-pom" value="" />
    <property name="libs.absolutelayout.javadoc" value="" />
    <property name="libs.hibernate-persistence.maven-pom" value="" />
    <property name="libs.spring-framework300.javadoc" value="" />
    <property name="java.specification.name" value="Java Platform API Specification" />
    <property name="file.reference.junit-addons-1.4.jar" value="..\Basurahan\dependencieslis\junit-addons-1.4.jar" />
    <property name="libs.swing-app-framework.maven-pom" value="" />
    <property name="no.dist.ear.dir" value="true" />
    <property name="libs.NetBeans MIDP Components WMA.classpath" value="C:\Program Files\NetBeans 7.0\mobility\modules\ext\netbeans_midp_components_wma.jar" />
    <property name="libs.jakarta_slide_ant_webdav.maven-pom" value="" />
    <property name="libs.sjmc-ant-utils.src" value="" />
    <property name="libs.cdc-agui-swing-layout.javadoc" value="" />
    <property name="java.specification.vendor" value="Sun Microsystems Inc." />
    <property name="libs.javac-api.classpath" value="C:\Program Files\NetBeans 7.0\java\modules\ext\javac-api-nb-7.0-b07.jar" />
    <property name="java.version" value="1.6.0_20" />
    <property name="libs.nokiaS80-ant-utils.classpath" value="C:\Program Files\NetBeans 7.0\mobility\modules\ext\org-netbeans-modules-j2me-cdc-project-nokiaS80.jar" />
    <property name="javadoc.version" value="false" />
    <property name="libs.NetBeans MIDP Components WMA.javadoc" value="C:\Program Files\NetBeans 7.0\mobility\modules\docs\netbeans_midp_components_wma-api.zip" />
    <property name="libs.MySQLDriver.javadoc" value="" />
    <property name="org.openide.version" value="deprecated" />
    <property name="libs.restlib_gfv3ee6.maven-pom" value="" />
    <property name="source.encoding" value="UTF-8" />
    <property name="libs.ActiveSync.maven-pom" value="" />
    <property name="ap.cmd.line.internal" value="" />
    <property name="libs.eclipselinkmodelgen.maven-pom" value="" />
    <property name="file.reference.junitperf-1.8.jar" value="..\Basurahan\dependencieslis\junitperf-1.8.jar" />
    <property name="libs.jsp-compilation-syscp.javadoc" value="" />
    <property name="libs.junit.maven-pom" value="" />
    <property name="libs.eclipselinkmodelgen.javadoc" value="" />
    <property name="libs.metro.javadoc" value="C:\Program Files\NetBeans 7.0\enterprise\docs\metro-1.4-doc.zip" />
    <property name="libs.struts.maven-pom" value="" />
    <property name="ant.file.OrderingSystem" value="D:\Work Area\Projects\Git Repository\Group-IIT\OrderingSystem\build.xml" />
    <property name="netbeans.home+have.tests" value="true" />
    <property name="libs.jaxb.src" value="" />
    <property name="libs.Java-EE-GlassFish-v3.wsgenerate" value="" />
    <property name="libs.cdc-ant-utils.src" value="" />
    <property name="libs.jaxb.classpath" value="C:\Program Files\NetBeans 7.0\ide\modules\ext\jaxb\jaxb-impl.jar;C:\Program Files\NetBeans 7.0\ide\modules\ext\jaxb\jaxb-xjc.jar;C:\Program Files\NetBeans 7.0\ide\modules\ext\jaxb\jaxb1-impl.jar;C:\Program Files\NetBeans 7.0\ide\modules\ext\jaxb\activation.jar;C:\Program Files\NetBeans 7.0\ide\modules\ext\jaxb\api\jaxb-api.jar;C:\Program Files\NetBeans 7.0\ide\modules\ext\jaxb\api\jsr173_api.jar" />
    <property name="dist.javadoc.dir" value="dist/javadoc" />
    <property name="libs.spring-webmvc3.0.classpath" value="C:\Program Files\NetBeans 7.0\java\modules\ext\spring-3.0\spring-webmvc-3.0.2.RELEASE.jar" />
    <property name="libs.swing-layout.classpath" value="C:\Program Files\NetBeans 7.0\platform\modules\ext\swing-layout-1.0.4.jar" />
    <property name="jspc.dtds" value="/resources/dtds/" />
    <property name="libs.restlib.src" value="" />
    <property name="javac.source" value="1.6" />
    <property name="build.generated.dir" value="build/generated" />
    <property name="line.separator" value="&#xd;&#xa;" />
    <property name="libs.hibernate-persistence.src" value="" />
    <property name="libs.nb_svg_midp_components.javadoc" value="C:\Program Files\NetBeans 7.0\mobility\modules\docs\nb_svg_midp_components-api.zip" />
    <property name="java.specification.version" value="1.6" />
    <property name="libs.jaxws21.maven-pom" value="" />
    <property name="java.vm.info" value="mixed mode" />
    <property name="libs.cdc-ant-utils.javadoc" value="" />
    <property name="libs.ojec-ant-utils.classpath" value="C:\Program Files\NetBeans 7.0\mobility\modules\ext\org-netbeans-modules-j2me-cdc-project-ojec.jar" />
    <property name="libs.spring-framework.maven-pom" value="" />
    <property name="sun.boot.class.path" value="C:\Program Files\NetBeans 7.0\enterprise\modules\ext\javaee6-endorsed\javax.annotation.jar;C:\Program Files\NetBeans 7.0\enterprise\modules\ext\javaee6-endorsed\jaxb-api-osgi.jar;C:\Program Files\NetBeans 7.0\enterprise\modules\ext\javaee6-endorsed\webservices-api-osgi.jar;C:\Program Files\Java\jdk1.6.0_20\jre\lib\resources.jar;C:\Program Files\Java\jdk1.6.0_20\jre\lib\rt.jar;C:\Program Files\Java\jdk1.6.0_20\jre\lib\sunrsasign.jar;C:\Program Files\Java\jdk1.6.0_20\jre\lib\jsse.jar;C:\Program Files\Java\jdk1.6.0_20\jre\lib\jce.jar;C:\Program Files\Java\jdk1.6.0_20\jre\lib\charsets.jar;C:\Program Files\Java\jdk1.6.0_20\jre\classes" />
    <property name="javac.target" value="1.6" />
    <property name="build.test.classes.dir" value="build/test/classes" />
    <property name="src.dir" value="src/java" />
    <property name="annotation.processing.enabled" value="true" />
    <property name="sun.awt.keepWorkingSetOnMinimize" value="true" />
    <property name="libs.jsf20.src" value="" />
    <property name="libs.jsf12.src" value="" />
    <property name="libs.DataBindingME-SVG.maven-pom" value="" />
    <property name="j2ee.platform" value="1.6-web" />
    <property name="libs.nokiadeployment.src" value="" />
    <property name="libs.savaje-ant-utils.javadoc" value="" />
    <property name="libs.struts.javadoc" value="C:\Program Files\NetBeans 7.0\enterprise\docs\struts-1.3.8-javadoc.zip" />
    <property name="ignore.failing.tests" value="true" />
    <property name="libs.cdc-ant-utils.maven-pom" value="" />
    <property name="libs.Comet-GlassFish-v3.classpath" value="D:\Work Area\Servers\glassfish-3.1\glassfish\modules\grizzly-comet.jar" />
    <property name="web.docbase.dir" value="web" />
    <property name="libs.restlib_gfv3ee6.javadoc" value="C:\Program Files\NetBeans 7.0\enterprise\docs\jsr311-api-1.1.1-javadoc.zip;C:\Program Files\NetBeans 7.0\enterprise\docs\jersey-client-1.3-javadoc.zip;C:\Program Files\NetBeans 7.0\enterprise\docs\jersey-json-1.3-javadoc.zip;C:\Program Files\NetBeans 7.0\enterprise\docs\jersey-multipart-1.3-javadoc.zip" />
    <property name="libs.primefaces.src" value="" />
    <property name="libs.cdc-agui-swing-layout.classpath" value="C:\Program Files\NetBeans 7.0\mobility\modules\ext\cdc-agui-swing-layout.jar" />
    <property name="file.reference.mysql-connector-java-5.1.16-bin.jar" value="..\Basurahan\mysql-connector-java-5.1.16\mysql-connector-java-5.1.16-bin.jar" />
    <property name="dist.dir" value="dist" />
    <property name="libs.groovy-all.javadoc" value="" />
    <property name="javac.fork" value="true" />
    <property name="libs.sjmc-ant-utils.classpath" value="C:\Program Files\NetBeans 7.0\mobility\modules\ext\org-netbeans-modules-j2me-cdc-project-sjmc.jar" />
    <property name="libs.groovy-all.classpath" value="C:\Program Files\NetBeans 7.0\groovy\modules\ext\groovy-all.jar" />
    <property name="libs.JMUnit4CLDC10.classpath" value="C:\Program Files\NetBeans 7.0\mobility\modules\ext\jmunit4cldc10-1.2.1.jar" />
    <property name="java.awt.printerjob" value="sun.awt.windows.WPrinterJob" />
    <property name="default.javac.source" value="1.6" />
    <property name="debug-transport-by-os" value="dt_shmem" />
    <property name="libs.MySQLDriver.src" value="" />
    <property name="sun.jnu.encoding" value="Cp1252" />
    <property name="libs.ant-contrib.maven-pom" value="" />
    <property name="libs.nokiadeployment.javadoc" value="" />
    <property name="build.test.results.dir" value="build/test/results" />
    <property name="java.runtime.version" value="1.6.0_20-b02" />
    <property name="libs.ejb3-persistence.javadoc" value="" />
    <property name="libs.NetBeans MIDP Components.src" value="C:\Program Files\NetBeans 7.0\mobility\sources\netbeans_midp_components_basic-src.zip" />
    <property name="libs.sjmc-ant-utils.javadoc" value="" />
    <property name="do.tmp.war.package.with.custom.manifest" value="true" />
    <property name="default.javac.target" value="1.6" />
    <property name="libs.Java-EE-GlassFish-v3.src" value="" />
    <property name="libs.junit_4.classpath" value="C:\Users\The Architect\.netbeans\7.0\modules\ext\junit-4.8.2.jar" />
    <property name="user.timezone" value="" />
    <property name="libs.ant-contrib.src" value="" />
    <property name="libs.javaee-endorsed-api-6.0.maven-pom" value="" />
    <property name="netbeans.dirs" value="C:\Program Files\NetBeans 7.0\nb;C:\Program Files\NetBeans 7.0\ergonomics;C:\Program Files\NetBeans 7.0\ide;C:\Program Files\NetBeans 7.0\java;C:\Program Files\NetBeans 7.0\xml;C:\Program Files\NetBeans 7.0\apisupport;C:\Program Files\NetBeans 7.0\webcommon;C:\Program Files\NetBeans 7.0\websvccommon;C:\Program Files\NetBeans 7.0\enterprise;C:\Program Files\NetBeans 7.0\mobility;C:\Program Files\NetBeans 7.0\profiler;C:\Program Files\NetBeans 7.0\ruby;C:\Program Files\NetBeans 7.0\python;C:\Program Files\NetBeans 7.0\php;C:\Program Files\NetBeans 7.0\visualweb;C:\Program Files\NetBeans 7.0\soa;C:\Program Files\NetBeans 7.0\identity;C:\Program Files\NetBeans 7.0\uml;C:\Program Files\NetBeans 7.0\harness;C:\Program Files\NetBeans 7.0\cnd;C:\Program Files\NetBeans 7.0\dlight;C:\Program Files\NetBeans 7.0\groovy;C:\Program Files\NetBeans 7.0\extra;C:\Program Files\NetBeans 7.0\javafx;C:\Program Files\NetBeans 7.0\javacard" />
    <property name="libs.jsf20.javadoc" value="C:\Program Files\NetBeans 7.0\enterprise\docs\javaee6-doc-api.zip" />
    <property name="java.ext.dirs" value="C:\Program Files\Java\jdk1.6.0_20\jre\lib\ext;C:\Windows\Sun\Java\lib\ext" />
    <property name="libs.restlib_gfv3ee6.src" value="" />
    <property name="libs.metro.src" value="" />
    <property name="endorsed.classpath" value="C:\Program Files\NetBeans 7.0\enterprise\modules\ext\javaee6-endorsed\javax.annotation.jar;C:\Program Files\NetBeans 7.0\enterprise\modules\ext\javaee6-endorsed\jaxb-api-osgi.jar;C:\Program Files\NetBeans 7.0\enterprise\modules\ext\javaee6-endorsed\webservices-api-osgi.jar" />
    <property name="libs.semc-ant-utils.src" value="" />
    <property name="libs.savaje-ant-utils.maven-pom" value="" />
    <property name="libs.absolutelayout.classpath" value="C:\Program Files\NetBeans 7.0\java\modules\ext\AbsoluteLayout.jar" />
    <property name="excludes" value="" />
    <property name="libs.metro.classpath" value="C:\Program Files\NetBeans 7.0\ide\modules\ext\jaxb\activation.jar;C:\Program Files\NetBeans 7.0\enterprise\modules\ext\metro\webservices-api.jar;C:\Program Files\NetBeans 7.0\enterprise\modules\ext\metro\webservices-extra-api.jar;C:\Program Files\NetBeans 7.0\enterprise\modules\ext\metro\webservices-extra.jar;C:\Program Files\NetBeans 7.0\enterprise\modules\ext\metro\webservices-rt.jar;C:\Program Files\NetBeans 7.0\enterprise\modules\ext\metro\webservices-tools.jar" />
    <property name="libs.restlib.maven-pom" value="" />
    <property name="libs.DataBindingME.javadoc" value="C:\Program Files\NetBeans 7.0\mobility\modules\docs\netbeans_databindingme-api.zip" />
    <property name="java.class.path" value="D:\Work Area\Projects\Git Repository\Group-IIT\Basurahan\mysql-connector-java-5.1.16\mysql-connector-java-5.1.16-bin.jar;D:\Work Area\Projects\Git Repository\Group-IIT\Basurahan\dependencieslis\junit-3.8.2.jar;D:\Work Area\Projects\Git Repository\Group-IIT\Basurahan\dependencieslis\junit-addons-1.4.jar;D:\Work Area\Projects\Git Repository\Group-IIT\Basurahan\dependencieslis\junitperf-1.8.jar;D:\Work Area\Projects\Git Repository\Group-IIT\Basurahan\dependencieslis\logback-classic-0.9.15.jar;D:\Work Area\Projects\Git Repository\Group-IIT\Basurahan\dependencieslis\mmmockobjects-1.12.0.jar;D:\Work Area\Projects\Git Repository\Group-IIT\Basurahan\dependencieslis\mockobjects-core-0.07.jar;D:\Work Area\Projects\Git Repository\Group-IIT\Basurahan\dependencieslis\mockobjects-jdk1.3-0.07.jar;D:\Work Area\Projects\Git Repository\Group-IIT\Basurahan\dependencieslis\poi-3.2-FINAL.jar;D:\Work Area\Projects\Git Repository\Group-IIT\Basurahan\dependencieslis\slf4j-api-1.5.6.jar;D:\Work Area\Projects\Git Repository\Group-IIT\Basurahan\dependencieslis\xercesImpl-2.6.2.jar;D:\Work Area\Projects\Git Repository\Group-IIT\Basurahan\dependencieslis\xmlParserAPIs-2.6.2.jar;D:\Work Area\Projects\Git Repository\Group-IIT\OrderingSystem\build\web\WEB-INF\classes;D:\Work Area\Projects\Git Repository\Group-IIT\Basurahan\dbunit-2.4.8.jar;D:\Work Area\Projects\Git Repository\Group-IIT\Basurahan\dependencieslis\jcl-over-slf4j-1.5.6.jar;D:\Work Area\Projects\Git Repository\Group-IIT\Basurahan\dependencieslis\commons-collections-3.2.1.jar;D:\Work Area\Projects\Git Repository\Group-IIT\Basurahan\dependencieslis\commons-io-1.4.jar;D:\Work Area\Projects\Git Repository\Group-IIT\Basurahan\dependencieslis\logback-core-0.9.15.jar;C:\Users\The Architect\.netbeans\7.0\modules\ext\junit-4.8.2.jar;D:\Work Area\Projects\Git Repository\Group-IIT\OrderingSystem\build\test\classes;D:\Work Area\Servers\Apache Tomcat 7.0.11\lib\annotations-api.jar;D:\Work Area\Servers\Apache Tomcat 7.0.11\lib\catalina-ant.jar;D:\Work Area\Servers\Apache Tomcat 7.0.11\lib\catalina-ha.jar;D:\Work Area\Servers\Apache Tomcat 7.0.11\lib\catalina-tribes.jar;D:\Work Area\Servers\Apache Tomcat 7.0.11\lib\catalina.jar;D:\Work Area\Servers\Apache Tomcat 7.0.11\lib\ecj-3.6.jar;D:\Work Area\Servers\Apache Tomcat 7.0.11\lib\el-api.jar;D:\Work Area\Servers\Apache Tomcat 7.0.11\lib\jasper-el.jar;D:\Work Area\Servers\Apache Tomcat 7.0.11\lib\jasper.jar;D:\Work Area\Servers\Apache Tomcat 7.0.11\lib\jsp-api.jar;D:\Work Area\Servers\Apache Tomcat 7.0.11\lib\servlet-api.jar;D:\Work Area\Servers\Apache Tomcat 7.0.11\lib\tomcat-api.jar;D:\Work Area\Servers\Apache Tomcat 7.0.11\lib\tomcat-coyote.jar;D:\Work Area\Servers\Apache Tomcat 7.0.11\lib\tomcat-dbcp.jar;D:\Work Area\Servers\Apache Tomcat 7.0.11\lib\tomcat-i18n-es.jar;D:\Work Area\Servers\Apache Tomcat 7.0.11\lib\tomcat-i18n-fr.jar;D:\Work Area\Servers\Apache Tomcat 7.0.11\lib\tomcat-i18n-ja.jar;D:\Work Area\Servers\Apache Tomcat 7.0.11\lib\tomcat-util.jar;C:\Program Files\NetBeans 7.0\java\ant\lib\ant-launcher.jar;C:\Program Files\NetBeans 7.0\java\ant\lib\ant.jar;C:\Program Files\NetBeans 7.0\java\ant\lib\ant-junit.jar;C:\Program Files\NetBeans 7.0\java\ant\lib\ant-junit4.jar" />
    <property name="apple.laf.useScreenMenuBar" value="true" />
    <property name="libs.absolutelayout.src" value="" />
    <property name="j2ee.server.type" value="Tomcat70" />
    <property name="libs.cdc-pp-awt-layout.maven-pom" value="" />
    <property name="os.version" value="6.1" />
    <property name="libs.EclipseLink-GlassFish-v3.javadoc" value="C:\Program Files\NetBeans 7.0\enterprise\docs\javaee6-doc-api.zip" />
    <property name="libs.JMUnit4CLDC11.maven-pom" value="" />
    <property name="libs.toplink.javadoc" value="" />
    <property name="sun.desktop" value="windows" />
    <property name="libs.nb_svg_midp_components.maven-pom" value="" />
    <property name="libs.ricoh-ant-utils.javadoc" value="" />
    <property name="libs.Comet-GlassFish-v3.src" value="" />
    <property name="libs.restlib.javadoc" value="C:\Program Files\NetBeans 7.0\enterprise\docs\jersey-client-1.3-javadoc.zip;C:\Program Files\NetBeans 7.0\enterprise\docs\jersey-core-1.1.5.1-javadoc.zip;C:\Program Files\NetBeans 7.0\enterprise\docs\jersey-json-1.3-javadoc.zip;C:\Program Files\NetBeans 7.0\enterprise\docs\jersey-multipart-1.3-javadoc.zip;C:\Program Files\NetBeans 7.0\enterprise\docs\jersey-spring-1.3-javadoc.zip;C:\Program Files\NetBeans 7.0\enterprise\docs\oauth-client-1.3-javadoc.zip;C:\Program Files\NetBeans 7.0\enterprise\docs\oauth-signature-1.3-javadoc.zip" />
    <property name="war.content.additional" value="" />
    <property name="libs.NetBeans MIDP Components PDA.maven-pom" value="" />
    <property name="j2ee.platform.embeddableejb.classpath" value="" />
    <property name="forceRedeploy" value="false" />
    <property name="libs.eclipselink.classpath" value="C:\Program Files\NetBeans 7.0\java\modules\ext\eclipselink\eclipselink-2.2.0.jar;C:\Program Files\NetBeans 7.0\java\modules\ext\eclipselink\eclipselink-javax.persistence-2.0.jar" />
    <property name="java.awt.graphicsenv" value="sun.awt.Win32GraphicsEnvironment" />
    <property name="libs.beans-binding.javadoc" value="C:\Program Files\NetBeans 7.0\java\docs\beansbinding-1.2.1-doc.zip" />
    <property name="libs.Java-EE-GlassFish-v3.classpath" value="D:\Work Area\Servers\glassfish-3.1\glassfish\modules\javax.security.auth.message.jar;D:\Work Area\Servers\glassfish-3.1\glassfish\modules\jaxrpc-api-osgi.jar;D:\Work Area\Servers\glassfish-3.1\glassfish\modules\javax.mail.jar;D:\Work Area\Servers\glassfish-3.1\glassfish\modules\javax.resource.jar;D:\Work Area\Servers\glassfish-3.1\glassfish\modules\jsf-api.jar;D:\Work Area\Servers\glassfish-3.1\glassfish\modules\javax.transaction.jar;D:\Work Area\Servers\glassfish-3.1\glassfish\modules\jsf-impl.jar;D:\Work Area\Servers\glassfish-3.1\glassfish\modules\jersey-core.jar;D:\Work Area\Servers\glassfish-3.1\glassfish\modules\weld-osgi-bundle.jar;D:\Work Area\Servers\glassfish-3.1\glassfish\modules\javax.enterprise.deploy.jar;D:\Work Area\Servers\glassfish-3.1\glassfish\modules\endorsed\jaxb-api-osgi.jar;D:\Work Area\Servers\glassfish-3.1\glassfish\modules\javax.servlet.jsp.jar;D:\Work Area\Servers\glassfish-3.1\glassfish\modules\javax.servlet.jsp.jstl.jar;D:\Work Area\Servers\glassfish-3.1\glassfish\modules\javax.management.j2ee.jar;D:\Work Area\Servers\glassfish-3.1\glassfish\modules\endorsed\webservices-api-osgi.jar;D:\Work Area\Servers\glassfish-3.1\glassfish\modules\javax.jms.jar;D:\Work Area\Servers\glassfish-3.1\glassfish\modules\endorsed\javax.annotation.jar;D:\Work Area\Servers\glassfish-3.1\glassfish\modules\javax.persistence.jar;D:\Work Area\Servers\glassfish-3.1\glassfish\modules\javax.security.jacc.jar;D:\Work Area\Servers\glassfish-3.1\glassfish\modules\bean-validator.jar;D:\Work Area\Servers\glassfish-3.1\glassfish\modules\javax.ejb.jar;D:\Work Area\Servers\glassfish-3.1\glassfish\modules\jstl-impl.jar;D:\Work Area\Servers\glassfish-3.1\glassfish\modules\javax.servlet.jar;D:\Work Area\Servers\glassfish-3.1\glassfish\modules\web-core.jar;D:\Work Area\Servers\glassfish-3.1\glassfish\modules\jackson-core-asl.jar;D:\Work Area\Servers\glassfish-3.1\glassfish\modules\jackson-jaxrs.jar;D:\Work Area\Servers\glassfish-3.1\glassfish\modules\jackson-mapper-asl.jar;D:\Work Area\Servers\glassfish-3.1\glassfish\modules\jersey-client.jar;D:\Work Area\Servers\glassfish-3.1\glassfish\modules\jersey-core.jar;D:\Work Area\Servers\glassfish-3.1\glassfish\modules\jersey-gf-server.jar;D:\Work Area\Servers\glassfish-3.1\glassfish\modules\jersey-json.jar;D:\Work Area\Servers\glassfish-3.1\glassfish\modules\jersey-multipart.jar;D:\Work Area\Servers\glassfish-3.1\glassfish\modules\jettison.jar;D:\Work Area\Servers\glassfish-3.1\glassfish\modules\mimepull.jar" />
    <property name="java.vm.vendor" value="Sun Microsystems Inc." />
    <property name="libs.CopyLibs.classpath" value="C:\Program Files\NetBeans 7.0\java\ant\extra\org-netbeans-modules-java-j2seproject-copylibstask.jar" />
    <property name="libs.spring-framework300.classpath" value="C:\Program Files\NetBeans 7.0\ide\modules\ext\commons-logging-1.1.jar;C:\Program Files\NetBeans 7.0\java\modules\ext\cglib-2.2.jar;C:\Program Files\NetBeans 7.0\java\modules\ext\spring-3.0\spring-aop-3.0.2.RELEASE.jar;C:\Program Files\NetBeans 7.0\java\modules\ext\spring-3.0\spring-asm-3.0.2.RELEASE.jar;C:\Program Files\NetBeans 7.0\java\modules\ext\spring-3.0\spring-aspects-3.0.2.RELEASE.jar;C:\Program Files\NetBeans 7.0\java\modules\ext\spring-3.0\spring-beans-3.0.2.RELEASE.jar;C:\Program Files\NetBeans 7.0\java\modules\ext\spring-3.0\spring-context-3.0.2.RELEASE.jar;C:\Program Files\NetBeans 7.0\java\modules\ext\spring-3.0\spring-context-support-3.0.2.RELEASE.jar;C:\Program Files\NetBeans 7.0\java\modules\ext\spring-3.0\spring-core-3.0.2.RELEASE.jar;C:\Program Files\NetBeans 7.0\java\modules\ext\spring-3.0\spring-expression-3.0.2.RELEASE.jar;C:\Program Files\NetBeans 7.0\java\modules\ext\spring-3.0\spring-instrument-3.0.2.RELEASE.jar;C:\Program Files\NetBeans 7.0\java\modules\ext\spring-3.0\spring-instrument-tomcat-3.0.2.RELEASE.jar;C:\Program Files\NetBeans 7.0\java\modules\ext\spring-3.0\spring-jdbc-3.0.2.RELEASE.jar;C:\Program Files\NetBeans 7.0\java\modules\ext\spring-3.0\spring-jms-3.0.2.RELEASE.jar;C:\Program Files\NetBeans 7.0\java\modules\ext\spring-3.0\spring-orm-3.0.2.RELEASE.jar;C:\Program Files\NetBeans 7.0\java\modules\ext\spring-3.0\spring-oxm-3.0.2.RELEASE.jar;C:\Program Files\NetBeans 7.0\java\modules\ext\spring-3.0\spring-test-3.0.2.RELEASE.jar;C:\Program Files\NetBeans 7.0\java\modules\ext\spring-3.0\spring-tx-3.0.2.RELEASE.jar;C:\Program Files\NetBeans 7.0\java\modules\ext\spring-3.0\spring-web-3.0.2.RELEASE.jar;C:\Program Files\NetBeans 7.0\java\modules\ext\spring-3.0\spring-webmvc-portlet-3.0.2.RELEASE.jar;C:\Program Files\NetBeans 7.0\java\modules\ext\spring-3.0\spring-webmvc-3.0.2.RELEASE.jar;C:\Program Files\NetBeans 7.0\java\modules\ext\spring-3.0\spring-struts-3.0.2.RELEASE.jar" />
    <property name="libs.jsp-compiler.maven-pom" value="" />
    <property name="libs.spring-webmvc.maven-pom" value="" />
    <property name="libs.Java-EE-GlassFish-v3.wsinterop" value="" />
    <property name="libs.ejb3-persistence.classpath" value="C:\Program Files\NetBeans 7.0\java\modules\ext\hibernate\ejb3-persistence.jar" />
    <property name="libs.spring-framework.javadoc" value="" />
    <property name="libs.DataBindingME-PIM.src" value="C:\Program Files\NetBeans 7.0\mobility\sources\netbeans_databindingme_pim-src.zip" />
    <property name="libs.PostgreSQLDriver.classpath" value="C:\Program Files\NetBeans 7.0\ide\modules\ext\postgresql-8.3-603.jdbc3.jar" />
    <property name="libs.jsf12.maven-pom" value="" />
    <property name="libs.junit.src" value="" />
    <property name="annotation.processing.source.output" value="build/generated-sources/ap-source-output" />
    <property name="libs.CopyLibs.src" value="" />
    <property name="build.dir" value="build" />
    <property name="libs.jsp-compilation.classpath" value="C:\Program Files\NetBeans 7.0\java\ant\lib\ant.jar;C:\Program Files\NetBeans 7.0\enterprise\modules\ext\servlet3.0-jsp2.2-api.jar;C:\Program Files\NetBeans 7.0\enterprise\modules\ext\glassfish-jspparser-3.0.jar;C:\Program Files\NetBeans 7.0\enterprise\modules\ext\jsf-2_0\jsf-api.jar;C:\Program Files\NetBeans 7.0\enterprise\modules\ext\jstl.jar;C:\Program Files\NetBeans 7.0\java\ant\lib\ant-launcher.jar" />
    <property name="ant.version" value="Apache Ant(TM) version 1.8.2 compiled on December 20 2010" />
    <property name="file.encoding" value="Cp1252" />
    <property name="build.classes.excludes" value="**/*.java,**/*.form" />
    <property name="jdkBug6558476" value="true" />
    <property name="javadoc.nonavbar" value="false" />
    <property name="platform.active" value="default_platform" />
    <property name="awt.toolkit" value="sun.awt.windows.WToolkit" />
    <property name="war.ear.name" value="OrderingSystem.war" />
  </properties>
  <testcase classname="com.onb.orderingsystem.dao.jdbc.OrderDaoTest" name="testUpdateOrder" time="9.096" />
  <system-out><![CDATA[23:05:01.071 [main] DEBUG org.dbunit.DBTestCase - getConnection() - start
23:05:01.094 [main] DEBUG org.dbunit.assertion.SimpleAssert - assertNotNullNorEmpty(propertyName=driverClass, property=com.mysql.jdbc.Driver) - start
23:05:01.105 [main] DEBUG org.dbunit.JdbcDatabaseTester - getConnection() - start
23:05:01.106 [main] DEBUG org.dbunit.assertion.SimpleAssert - assertNotNullNorEmpty(propertyName=connectionUrl, property=jdbc:mysql://127.0.0.1/orderingsystem_test) - start
23:05:01.370 [main] DEBUG org.dbunit.util.SQLHelper - isEscaped returns 'false' for tableName= (dbIdentifierQuoteString=`)
23:05:01.374 [main] DEBUG o.dbunit.database.DatabaseConnection - Database connection info: 
	database product name=MySQL
	database version=5.5.2-m2-community
	database major version=5
	database minor version=5
	jdbc driver name=MySQL-AB JDBC Driver
	jdbc driver version=mysql-connector-java-5.1.16 ( Revision: ${bzr.revision-id} )
	jdbc driver major version=5
	jdbc driver minor version=1

23:05:01.455 [main] DEBUG o.dbunit.database.DatabaseConnection - validateSchema(validateStrict=false) - start
23:05:01.458 [main] WARN  o.dbunit.database.DatabaseConnection - The given schema '' does not exist.
23:05:01.656 [main] DEBUG org.dbunit.DatabaseTestCase - setUp() - start
23:05:01.656 [main] DEBUG org.dbunit.AbstractDatabaseTester - setSetUpOperation(setUpOperation=org.dbunit.operation.CompositeOperation[_actions=[org.dbunit.operation.DeleteAllOperation@4ecfdd, org.dbunit.operation.InsertOperation[_reverseRowOrder=false, super=org.dbunit.operation.InsertOperation@30d82d]]]) - start
23:05:01.658 [main] DEBUG o.d.d.xml.FlatXmlDataSetBuilder - Creating FlatXmlDataSet with builder parameters: org.dbunit.dataset.xml.FlatXmlDataSetBuilder[dtdMetadata=true, columnSensing=false, caseSensitiveTableNames=false, metaDataSet=null]
23:05:01.738 [main] DEBUG o.d.d.xml.FlatXmlDataSetBuilder - Creating FlatXmlProducer using the properties of this builder: org.dbunit.dataset.xml.FlatXmlDataSetBuilder[dtdMetadata=true, columnSensing=false, caseSensitiveTableNames=false, metaDataSet=null]
23:05:01.752 [main] DEBUG o.dbunit.dataset.xml.FlatXmlProducer - setConsumer(consumer) - start
23:05:01.753 [main] DEBUG o.dbunit.dataset.xml.FlatXmlProducer - produce() - start
23:05:01.761 [main] DEBUG o.dbunit.dataset.xml.FlatDtdProducer - setLexicalHandler(xmlReader=org.apache.xerces.parsers.SAXParser@b4e29b, handler=org.dbunit.dataset.xml.FlatXmlProducer$FlatDtdHandler@18941f7) - start
23:05:01.761 [main] DEBUG o.dbunit.dataset.xml.FlatDtdProducer - setDeclHandler(xmlReader=org.apache.xerces.parsers.SAXParser@b4e29b, handler=org.dbunit.dataset.xml.FlatXmlProducer$FlatDtdHandler@18941f7) - start
23:05:01.848 [main] DEBUG o.dbunit.dataset.xml.FlatXmlProducer - startElement(uri=, localName=, qName=dataset, attributes=org.apache.xerces.parsers.AbstractSAXParser$AttributesProxy@6c585a) - start
23:05:01.848 [main] DEBUG org.dbunit.dataset.CachedDataSet - startDataSet() - start
23:05:01.848 [main] DEBUG o.dbunit.dataset.xml.FlatXmlProducer - startElement(uri=, localName=, qName=customers, attributes=org.apache.xerces.parsers.AbstractSAXParser$AttributesProxy@6c585a) - start
23:05:01.848 [main] DEBUG o.dbunit.dataset.OrderedTableNameMap - getLastTableName() - start
23:05:01.943 [main] DEBUG o.dbunit.dataset.OrderedTableNameMap - isLastTable(tableName=customers) - start
23:05:01.943 [main] DEBUG o.dbunit.dataset.OrderedTableNameMap - getTableName(tableName=customers) - start
23:05:01.943 [main] DEBUG o.dbunit.dataset.OrderedTableNameMap - getTableName(tableName=customers) - end - result=CUSTOMERS
23:05:01.943 [main] DEBUG o.dbunit.dataset.xml.FlatXmlProducer - createTableMetaData(tableName=customers, attributes=org.apache.xerces.parsers.AbstractSAXParser$AttributesProxy@6c585a) - start
23:05:01.963 [main] DEBUG org.dbunit.dataset.Columns - getColumns(columnNames=[], columns=[(id, UNKNOWN, nullableUnknown), (name, UNKNOWN, nullableUnknown)]) - start
23:05:01.963 [main] DEBUG o.dbunit.dataset.OrderedTableNameMap - add(tableName=customers, object=tableName=customers, columns=[(id, UNKNOWN, nullableUnknown), (name, UNKNOWN, nullableUnknown)], keys=[]) - start
23:05:01.963 [main] DEBUG o.dbunit.dataset.OrderedTableNameMap - getTableName(tableName=customers) - start
23:05:01.964 [main] DEBUG o.dbunit.dataset.OrderedTableNameMap - getTableName(tableName=customers) - end - result=CUSTOMERS
23:05:02.048 [main] DEBUG o.dbunit.dataset.OrderedTableNameMap - getTableName(tableName=CUSTOMERS) - start
23:05:02.048 [main] DEBUG o.dbunit.dataset.OrderedTableNameMap - getTableName(tableName=CUSTOMERS) - end - result=CUSTOMERS
23:05:02.048 [main] DEBUG org.dbunit.dataset.CachedDataSet - startTable(metaData=tableName=customers, columns=[(id, UNKNOWN, nullableUnknown), (name, UNKNOWN, nullableUnknown)], keys=[]) - start
23:05:02.053 [main] DEBUG o.dbunit.dataset.OrderedTableNameMap - getLastTableName() - start
23:05:02.054 [main] DEBUG o.dbunit.dataset.OrderedTableNameMap - getTableName(tableName=customers) - start
23:05:02.054 [main] DEBUG o.dbunit.dataset.OrderedTableNameMap - getTableName(tableName=customers) - end - result=CUSTOMERS
23:05:02.054 [main] DEBUG o.d.dataset.AbstractTableMetaData - getColumnIndex(columnName=id) - start
23:05:02.054 [main] DEBUG o.d.dataset.AbstractTableMetaData - getColumnIndex(columnName=name) - start
23:05:02.151 [main] DEBUG o.dbunit.dataset.OrderedTableNameMap - getLastTableName() - start
23:05:02.151 [main] DEBUG o.dbunit.dataset.OrderedTableNameMap - getTableName(tableName=customers) - start
23:05:02.151 [main] DEBUG o.dbunit.dataset.OrderedTableNameMap - getTableName(tableName=customers) - end - result=CUSTOMERS
23:05:02.151 [main] DEBUG org.dbunit.dataset.CachedDataSet - row(values=1) - start
23:05:02.151 [main] DEBUG org.dbunit.dataset.DefaultTable - addRow(values=1) - start
23:05:02.152 [main] DEBUG o.dbunit.dataset.xml.FlatXmlProducer - endElement(uri=, localName=, qName=customers) - start
23:05:02.153 [main] DEBUG o.dbunit.dataset.xml.FlatXmlProducer - startElement(uri=, localName=, qName=customers, attributes=org.apache.xerces.parsers.AbstractSAXParser$AttributesProxy@6c585a) - start
23:05:02.153 [main] DEBUG o.dbunit.dataset.OrderedTableNameMap - getLastTableName() - start
23:05:02.153 [main] DEBUG o.dbunit.dataset.OrderedTableNameMap - getTableName(tableName=customers) - start
23:05:02.153 [main] DEBUG o.dbunit.dataset.OrderedTableNameMap - getTableName(tableName=customers) - end - result=CUSTOMERS
23:05:02.154 [main] DEBUG o.dbunit.dataset.OrderedTableNameMap - isLastTable(tableName=customers) - start
23:05:02.155 [main] DEBUG o.dbunit.dataset.OrderedTableNameMap - getLastTableName() - start
23:05:02.155 [main] DEBUG o.dbunit.dataset.OrderedTableNameMap - getTableName(tableName=customers) - start
23:05:02.155 [main] DEBUG o.dbunit.dataset.OrderedTableNameMap - getTableName(tableName=customers) - end - result=CUSTOMERS
23:05:02.155 [main] DEBUG o.dbunit.dataset.OrderedTableNameMap - getTableName(tableName=customers) - start
23:05:02.156 [main] DEBUG o.dbunit.dataset.OrderedTableNameMap - getTableName(tableName=customers) - end - result=CUSTOMERS
23:05:02.157 [main] DEBUG o.dbunit.dataset.OrderedTableNameMap - getLastTableName() - start
23:05:02.157 [main] DEBUG o.dbunit.dataset.OrderedTableNameMap - getTableName(tableName=customers) - start
23:05:02.157 [main] DEBUG o.dbunit.dataset.OrderedTableNameMap - getTableName(tableName=customers) - end - result=CUSTOMERS
23:05:02.157 [main] DEBUG o.d.dataset.AbstractTableMetaData - getColumnIndex(columnName=id) - start
23:05:02.158 [main] DEBUG o.d.dataset.AbstractTableMetaData - getColumnIndex(columnName=name) - start
23:05:02.158 [main] DEBUG o.dbunit.dataset.OrderedTableNameMap - getLastTableName() - start
23:05:02.158 [main] DEBUG o.dbunit.dataset.OrderedTableNameMap - getTableName(tableName=customers) - start
23:05:02.158 [main] DEBUG o.dbunit.dataset.OrderedTableNameMap - getTableName(tableName=customers) - end - result=CUSTOMERS
23:05:02.158 [main] DEBUG org.dbunit.dataset.CachedDataSet - row(values=2) - start
23:05:02.160 [main] DEBUG org.dbunit.dataset.DefaultTable - addRow(values=2) - start
23:05:02.160 [main] DEBUG o.dbunit.dataset.xml.FlatXmlProducer - endElement(uri=, localName=, qName=customers) - start
23:05:02.160 [main] DEBUG o.dbunit.dataset.xml.FlatXmlProducer - startElement(uri=, localName=, qName=customers, attributes=org.apache.xerces.parsers.AbstractSAXParser$AttributesProxy@6c585a) - start
23:05:02.160 [main] DEBUG o.dbunit.dataset.OrderedTableNameMap - getLastTableName() - start
23:05:02.160 [main] DEBUG o.dbunit.dataset.OrderedTableNameMap - getTableName(tableName=customers) - start
23:05:02.161 [main] DEBUG o.dbunit.dataset.OrderedTableNameMap - getTableName(tableName=customers) - end - result=CUSTOMERS
23:05:02.161 [main] DEBUG o.dbunit.dataset.OrderedTableNameMap - isLastTable(tableName=customers) - start
23:05:02.161 [main] DEBUG o.dbunit.dataset.OrderedTableNameMap - getLastTableName() - start
23:05:02.161 [main] DEBUG o.dbunit.dataset.OrderedTableNameMap - getTableName(tableName=customers) - start
23:05:02.162 [main] DEBUG o.dbunit.dataset.OrderedTableNameMap - getTableName(tableName=customers) - end - result=CUSTOMERS
23:05:02.163 [main] DEBUG o.dbunit.dataset.OrderedTableNameMap - getTableName(tableName=customers) - start
23:05:02.163 [main] DEBUG o.dbunit.dataset.OrderedTableNameMap - getTableName(tableName=customers) - end - result=CUSTOMERS
23:05:02.163 [main] DEBUG o.dbunit.dataset.OrderedTableNameMap - getLastTableName() - start
23:05:02.163 [main] DEBUG o.dbunit.dataset.OrderedTableNameMap - getTableName(tableName=customers) - start
23:05:02.163 [main] DEBUG o.dbunit.dataset.OrderedTableNameMap - getTableName(tableName=customers) - end - result=CUSTOMERS
23:05:02.165 [main] DEBUG o.d.dataset.AbstractTableMetaData - getColumnIndex(columnName=id) - start
23:05:02.165 [main] DEBUG o.d.dataset.AbstractTableMetaData - getColumnIndex(columnName=name) - start
23:05:02.165 [main] DEBUG o.dbunit.dataset.OrderedTableNameMap - getLastTableName() - start
23:05:02.165 [main] DEBUG o.dbunit.dataset.OrderedTableNameMap - getTableName(tableName=customers) - start
23:05:02.165 [main] DEBUG o.dbunit.dataset.OrderedTableNameMap - getTableName(tableName=customers) - end - result=CUSTOMERS
23:05:02.167 [main] DEBUG org.dbunit.dataset.CachedDataSet - row(values=3) - start
23:05:02.167 [main] DEBUG org.dbunit.dataset.DefaultTable - addRow(values=3) - start
23:05:02.167 [main] DEBUG o.dbunit.dataset.xml.FlatXmlProducer - endElement(uri=, localName=, qName=customers) - start
23:05:02.167 [main] DEBUG o.dbunit.dataset.xml.FlatXmlProducer - startElement(uri=, localName=, qName=customers, attributes=org.apache.xerces.parsers.AbstractSAXParser$AttributesProxy@6c585a) - start
23:05:02.167 [main] DEBUG o.dbunit.dataset.OrderedTableNameMap - getLastTableName() - start
23:05:02.168 [main] DEBUG o.dbunit.dataset.OrderedTableNameMap - getTableName(tableName=customers) - start
23:05:02.168 [main] DEBUG o.dbunit.dataset.OrderedTableNameMap - getTableName(tableName=customers) - end - result=CUSTOMERS
23:05:02.168 [main] DEBUG o.dbunit.dataset.OrderedTableNameMap - isLastTable(tableName=customers) - start
23:05:02.168 [main] DEBUG o.dbunit.dataset.OrderedTableNameMap - getLastTableName() - start
23:05:02.168 [main] DEBUG o.dbunit.dataset.OrderedTableNameMap - getTableName(tableName=customers) - start
23:05:02.169 [main] DEBUG o.dbunit.dataset.OrderedTableNameMap - getTableName(tableName=customers) - end - result=CUSTOMERS
23:05:02.169 [main] DEBUG o.dbunit.dataset.OrderedTableNameMap - getTableName(tableName=customers) - start
23:05:02.170 [main] DEBUG o.dbunit.dataset.OrderedTableNameMap - getTableName(tableName=customers) - end - result=CUSTOMERS
23:05:02.170 [main] DEBUG o.dbunit.dataset.OrderedTableNameMap - getLastTableName() - start
23:05:02.170 [main] DEBUG o.dbunit.dataset.OrderedTableNameMap - getTableName(tableName=customers) - start
23:05:02.172 [main] DEBUG o.dbunit.dataset.OrderedTableNameMap - getTableName(tableName=customers) - end - result=CUSTOMERS
23:05:02.172 [main] DEBUG o.d.dataset.AbstractTableMetaData - getColumnIndex(columnName=id) - start
23:05:02.172 [main] DEBUG o.d.dataset.AbstractTableMetaData - getColumnIndex(columnName=name) - start
23:05:02.172 [main] DEBUG o.dbunit.dataset.OrderedTableNameMap - getLastTableName() - start
23:05:02.172 [main] DEBUG o.dbunit.dataset.OrderedTableNameMap - getTableName(tableName=customers) - start
23:05:02.173 [main] DEBUG o.dbunit.dataset.OrderedTableNameMap - getTableName(tableName=customers) - end - result=CUSTOMERS
23:05:02.174 [main] DEBUG org.dbunit.dataset.CachedDataSet - row(values=4) - start
23:05:02.174 [main] DEBUG org.dbunit.dataset.DefaultTable - addRow(values=4) - start
23:05:02.174 [main] DEBUG o.dbunit.dataset.xml.FlatXmlProducer - endElement(uri=, localName=, qName=customers) - start
23:05:02.174 [main] DEBUG o.dbunit.dataset.xml.FlatXmlProducer - startElement(uri=, localName=, qName=customers, attributes=org.apache.xerces.parsers.AbstractSAXParser$AttributesProxy@6c585a) - start
23:05:02.175 [main] DEBUG o.dbunit.dataset.OrderedTableNameMap - getLastTableName() - start
23:05:02.175 [main] DEBUG o.dbunit.dataset.OrderedTableNameMap - getTableName(tableName=customers) - start
23:05:02.175 [main] DEBUG o.dbunit.dataset.OrderedTableNameMap - getTableName(tableName=customers) - end - result=CUSTOMERS
23:05:02.175 [main] DEBUG o.dbunit.dataset.OrderedTableNameMap - isLastTable(tableName=customers) - start
23:05:02.175 [main] DEBUG o.dbunit.dataset.OrderedTableNameMap - getLastTableName() - start
23:05:02.177 [main] DEBUG o.dbunit.dataset.OrderedTableNameMap - getTableName(tableName=customers) - start
23:05:02.177 [main] DEBUG o.dbunit.dataset.OrderedTableNameMap - getTableName(tableName=customers) - end - result=CUSTOMERS
23:05:02.177 [main] DEBUG o.dbunit.dataset.OrderedTableNameMap - getTableName(tableName=customers) - start
23:05:02.177 [main] DEBUG o.dbunit.dataset.OrderedTableNameMap - getTableName(tableName=customers) - end - result=CUSTOMERS
23:05:02.177 [main] DEBUG o.dbunit.dataset.OrderedTableNameMap - getLastTableName() - start
23:05:02.179 [main] DEBUG o.dbunit.dataset.OrderedTableNameMap - getTableName(tableName=customers) - start
23:05:02.179 [main] DEBUG o.dbunit.dataset.OrderedTableNameMap - getTableName(tableName=customers) - end - result=CUSTOMERS
23:05:02.179 [main] DEBUG o.d.dataset.AbstractTableMetaData - getColumnIndex(columnName=id) - start
23:05:02.179 [main] DEBUG o.d.dataset.AbstractTableMetaData - getColumnIndex(columnName=name) - start
23:05:02.179 [main] DEBUG o.dbunit.dataset.OrderedTableNameMap - getLastTableName() - start
23:05:02.180 [main] DEBUG o.dbunit.dataset.OrderedTableNameMap - getTableName(tableName=customers) - start
23:05:02.180 [main] DEBUG o.dbunit.dataset.OrderedTableNameMap - getTableName(tableName=customers) - end - result=CUSTOMERS
23:05:02.180 [main] DEBUG org.dbunit.dataset.CachedDataSet - row(values=5) - start
23:05:02.180 [main] DEBUG org.dbunit.dataset.DefaultTable - addRow(values=5) - start
23:05:02.180 [main] DEBUG o.dbunit.dataset.xml.FlatXmlProducer - endElement(uri=, localName=, qName=customers) - start
23:05:02.182 [main] DEBUG o.dbunit.dataset.xml.FlatXmlProducer - startElement(uri=, localName=, qName=customers, attributes=org.apache.xerces.parsers.AbstractSAXParser$AttributesProxy@6c585a) - start
23:05:02.182 [main] DEBUG o.dbunit.dataset.OrderedTableNameMap - getLastTableName() - start
23:05:02.182 [main] DEBUG o.dbunit.dataset.OrderedTableNameMap - getTableName(tableName=customers) - start
23:05:02.182 [main] DEBUG o.dbunit.dataset.OrderedTableNameMap - getTableName(tableName=customers) - end - result=CUSTOMERS
23:05:02.183 [main] DEBUG o.dbunit.dataset.OrderedTableNameMap - isLastTable(tableName=customers) - start
23:05:02.184 [main] DEBUG o.dbunit.dataset.OrderedTableNameMap - getLastTableName() - start
23:05:02.184 [main] DEBUG o.dbunit.dataset.OrderedTableNameMap - getTableName(tableName=customers) - start
23:05:02.184 [main] DEBUG o.dbunit.dataset.OrderedTableNameMap - getTableName(tableName=customers) - end - result=CUSTOMERS
23:05:02.184 [main] DEBUG o.dbunit.dataset.OrderedTableNameMap - getTableName(tableName=customers) - start
23:05:02.185 [main] DEBUG o.dbunit.dataset.OrderedTableNameMap - getTableName(tableName=customers) - end - result=CUSTOMERS
23:05:02.185 [main] DEBUG o.dbunit.dataset.OrderedTableNameMap - getLastTableName() - start
23:05:02.185 [main] DEBUG o.dbunit.dataset.OrderedTableNameMap - getTableName(tableName=customers) - start
23:05:02.185 [main] DEBUG o.dbunit.dataset.OrderedTableNameMap - getTableName(tableName=customers) - end - result=CUSTOMERS
23:05:02.186 [main] DEBUG o.d.dataset.AbstractTableMetaData - getColumnIndex(columnName=id) - start
23:05:02.187 [main] DEBUG o.d.dataset.AbstractTableMetaData - getColumnIndex(columnName=name) - start
23:05:02.187 [main] DEBUG o.dbunit.dataset.OrderedTableNameMap - getLastTableName() - start
23:05:02.187 [main] DEBUG o.dbunit.dataset.OrderedTableNameMap - getTableName(tableName=customers) - start
23:05:02.187 [main] DEBUG o.dbunit.dataset.OrderedTableNameMap - getTableName(tableName=customers) - end - result=CUSTOMERS
23:05:02.187 [main] DEBUG org.dbunit.dataset.CachedDataSet - row(values=6) - start
23:05:02.189 [main] DEBUG org.dbunit.dataset.DefaultTable - addRow(values=6) - start
23:05:02.189 [main] DEBUG o.dbunit.dataset.xml.FlatXmlProducer - endElement(uri=, localName=, qName=customers) - start
23:05:02.189 [main] DEBUG o.dbunit.dataset.xml.FlatXmlProducer - startElement(uri=, localName=, qName=products, attributes=org.apache.xerces.parsers.AbstractSAXParser$AttributesProxy@6c585a) - start
23:05:02.189 [main] DEBUG o.dbunit.dataset.OrderedTableNameMap - getLastTableName() - start
23:05:02.189 [main] DEBUG o.dbunit.dataset.OrderedTableNameMap - getTableName(tableName=customers) - start
23:05:02.190 [main] DEBUG o.dbunit.dataset.OrderedTableNameMap - getTableName(tableName=customers) - end - result=CUSTOMERS
23:05:02.190 [main] DEBUG o.dbunit.dataset.OrderedTableNameMap - isLastTable(tableName=products) - start
23:05:02.190 [main] DEBUG o.dbunit.dataset.OrderedTableNameMap - getLastTableName() - start
23:05:02.190 [main] DEBUG o.dbunit.dataset.OrderedTableNameMap - getTableName(tableName=customers) - start
23:05:02.190 [main] DEBUG o.dbunit.dataset.OrderedTableNameMap - getTableName(tableName=customers) - end - result=CUSTOMERS
23:05:02.192 [main] DEBUG o.dbunit.dataset.OrderedTableNameMap - getTableName(tableName=products) - start
23:05:02.193 [main] DEBUG o.dbunit.dataset.OrderedTableNameMap - getTableName(tableName=products) - end - result=PRODUCTS
23:05:02.193 [main] DEBUG org.dbunit.dataset.CachedDataSet - endTable() - start
23:05:02.193 [main] DEBUG o.dbunit.dataset.OrderedTableNameMap - getTableName(tableName=customers) - start
23:05:02.193 [main] DEBUG o.dbunit.dataset.OrderedTableNameMap - getTableName(tableName=customers) - end - result=CUSTOMERS
23:05:02.194 [main] DEBUG o.dbunit.dataset.OrderedTableNameMap - add(tableName=customers, object=org.dbunit.dataset.DefaultTable[_metaData=tableName=customers, columns=[(id, UNKNOWN, nullableUnknown), (name, UNKNOWN, nullableUnknown)], keys=[], _rowList.size()=6]) - start
23:05:02.194 [main] DEBUG o.dbunit.dataset.OrderedTableNameMap - getTableName(tableName=customers) - start
23:05:02.194 [main] DEBUG o.dbunit.dataset.OrderedTableNameMap - getTableName(tableName=customers) - end - result=CUSTOMERS
23:05:02.194 [main] DEBUG o.dbunit.dataset.OrderedTableNameMap - getTableName(tableName=CUSTOMERS) - start
23:05:02.196 [main] DEBUG o.dbunit.dataset.OrderedTableNameMap - getTableName(tableName=CUSTOMERS) - end - result=CUSTOMERS
23:05:02.196 [main] DEBUG o.dbunit.dataset.OrderedTableNameMap - getTableName(tableName=products) - start
23:05:02.196 [main] DEBUG o.dbunit.dataset.OrderedTableNameMap - getTableName(tableName=products) - end - result=PRODUCTS
23:05:02.196 [main] DEBUG o.dbunit.dataset.xml.FlatXmlProducer - createTableMetaData(tableName=products, attributes=org.apache.xerces.parsers.AbstractSAXParser$AttributesProxy@6c585a) - start
23:05:02.197 [main] DEBUG org.dbunit.dataset.Columns - getColumns(columnNames=[], columns=[(sku_number, UNKNOWN, nullableUnknown), (name, UNKNOWN, nullableUnknown), (amount, UNKNOWN, nullableUnknown)]) - start
23:05:02.197 [main] DEBUG o.dbunit.dataset.OrderedTableNameMap - add(tableName=products, object=tableName=products, columns=[(sku_number, UNKNOWN, nullableUnknown), (name, UNKNOWN, nullableUnknown), (amount, UNKNOWN, nullableUnknown)], keys=[]) - start
23:05:02.197 [main] DEBUG o.dbunit.dataset.OrderedTableNameMap - getTableName(tableName=products) - start
23:05:02.199 [main] DEBUG o.dbunit.dataset.OrderedTableNameMap - getTableName(tableName=products) - end - result=PRODUCTS
23:05:02.199 [main] DEBUG o.dbunit.dataset.OrderedTableNameMap - getTableName(tableName=PRODUCTS) - start
23:05:02.199 [main] DEBUG o.dbunit.dataset.OrderedTableNameMap - getTableName(tableName=PRODUCTS) - end - result=PRODUCTS
23:05:02.199 [main] DEBUG org.dbunit.dataset.CachedDataSet - startTable(metaData=tableName=products, columns=[(sku_number, UNKNOWN, nullableUnknown), (name, UNKNOWN, nullableUnknown), (amount, UNKNOWN, nullableUnknown)], keys=[]) - start
23:05:02.200 [main] DEBUG o.dbunit.dataset.OrderedTableNameMap - getLastTableName() - start
23:05:02.201 [main] DEBUG o.dbunit.dataset.OrderedTableNameMap - getTableName(tableName=products) - start
23:05:02.201 [main] DEBUG o.dbunit.dataset.OrderedTableNameMap - getTableName(tableName=products) - end - result=PRODUCTS
23:05:02.201 [main] DEBUG o.d.dataset.AbstractTableMetaData - getColumnIndex(columnName=sku_number) - start
23:05:02.201 [main] DEBUG o.d.dataset.AbstractTableMetaData - getColumnIndex(columnName=name) - start
23:05:02.202 [main] DEBUG o.d.dataset.AbstractTableMetaData - getColumnIndex(columnName=amount) - start
23:05:02.202 [main] DEBUG o.dbunit.dataset.OrderedTableNameMap - getLastTableName() - start
23:05:02.202 [main] DEBUG o.dbunit.dataset.OrderedTableNameMap - getTableName(tableName=products) - start
23:05:02.202 [main] DEBUG o.dbunit.dataset.OrderedTableNameMap - getTableName(tableName=products) - end - result=PRODUCTS
23:05:02.202 [main] DEBUG org.dbunit.dataset.CachedDataSet - row(values=1) - start
23:05:02.202 [main] DEBUG org.dbunit.dataset.DefaultTable - addRow(values=1) - start
23:05:02.204 [main] DEBUG o.dbunit.dataset.xml.FlatXmlProducer - endElement(uri=, localName=, qName=products) - start
23:05:02.204 [main] DEBUG o.dbunit.dataset.xml.FlatXmlProducer - startElement(uri=, localName=, qName=products, attributes=org.apache.xerces.parsers.AbstractSAXParser$AttributesProxy@6c585a) - start
23:05:02.204 [main] DEBUG o.dbunit.dataset.OrderedTableNameMap - getLastTableName() - start
23:05:02.204 [main] DEBUG o.dbunit.dataset.OrderedTableNameMap - getTableName(tableName=products) - start
23:05:02.206 [main] DEBUG o.dbunit.dataset.OrderedTableNameMap - getTableName(tableName=products) - end - result=PRODUCTS
23:05:02.206 [main] DEBUG o.dbunit.dataset.OrderedTableNameMap - isLastTable(tableName=products) - start
23:05:02.206 [main] DEBUG o.dbunit.dataset.OrderedTableNameMap - getLastTableName() - start
23:05:02.206 [main] DEBUG o.dbunit.dataset.OrderedTableNameMap - getTableName(tableName=products) - start
23:05:02.206 [main] DEBUG o.dbunit.dataset.OrderedTableNameMap - getTableName(tableName=products) - end - result=PRODUCTS
23:05:02.207 [main] DEBUG o.dbunit.dataset.OrderedTableNameMap - getTableName(tableName=products) - start
23:05:02.207 [main] DEBUG o.dbunit.dataset.OrderedTableNameMap - getTableName(tableName=products) - end - result=PRODUCTS
23:05:02.208 [main] DEBUG o.dbunit.dataset.OrderedTableNameMap - getLastTableName() - start
23:05:02.208 [main] DEBUG o.dbunit.dataset.OrderedTableNameMap - getTableName(tableName=products) - start
23:05:02.208 [main] DEBUG o.dbunit.dataset.OrderedTableNameMap - getTableName(tableName=products) - end - result=PRODUCTS
23:05:02.209 [main] DEBUG o.d.dataset.AbstractTableMetaData - getColumnIndex(columnName=sku_number) - start
23:05:02.209 [main] DEBUG o.d.dataset.AbstractTableMetaData - getColumnIndex(columnName=name) - start
23:05:02.209 [main] DEBUG o.d.dataset.AbstractTableMetaData - getColumnIndex(columnName=amount) - start
23:05:02.209 [main] DEBUG o.dbunit.dataset.OrderedTableNameMap - getLastTableName() - start
23:05:02.209 [main] DEBUG o.dbunit.dataset.OrderedTableNameMap - getTableName(tableName=products) - start
23:05:02.211 [main] DEBUG o.dbunit.dataset.OrderedTableNameMap - getTableName(tableName=products) - end - result=PRODUCTS
23:05:02.211 [main] DEBUG org.dbunit.dataset.CachedDataSet - row(values=2) - start
23:05:02.211 [main] DEBUG org.dbunit.dataset.DefaultTable - addRow(values=2) - start
23:05:02.211 [main] DEBUG o.dbunit.dataset.xml.FlatXmlProducer - endElement(uri=, localName=, qName=products) - start
23:05:02.211 [main] DEBUG o.dbunit.dataset.xml.FlatXmlProducer - startElement(uri=, localName=, qName=products, attributes=org.apache.xerces.parsers.AbstractSAXParser$AttributesProxy@6c585a) - start
23:05:02.212 [main] DEBUG o.dbunit.dataset.OrderedTableNameMap - getLastTableName() - start
23:05:02.212 [main] DEBUG o.dbunit.dataset.OrderedTableNameMap - getTableName(tableName=products) - start
23:05:02.212 [main] DEBUG o.dbunit.dataset.OrderedTableNameMap - getTableName(tableName=products) - end - result=PRODUCTS
23:05:02.213 [main] DEBUG o.dbunit.dataset.OrderedTableNameMap - isLastTable(tableName=products) - start
23:05:02.213 [main] DEBUG o.dbunit.dataset.OrderedTableNameMap - getLastTableName() - start
23:05:02.214 [main] DEBUG o.dbunit.dataset.OrderedTableNameMap - getTableName(tableName=products) - start
23:05:02.214 [main] DEBUG o.dbunit.dataset.OrderedTableNameMap - getTableName(tableName=products) - end - result=PRODUCTS
23:05:02.214 [main] DEBUG o.dbunit.dataset.OrderedTableNameMap - getTableName(tableName=products) - start
23:05:02.214 [main] DEBUG o.dbunit.dataset.OrderedTableNameMap - getTableName(tableName=products) - end - result=PRODUCTS
23:05:02.214 [main] DEBUG o.dbunit.dataset.OrderedTableNameMap - getLastTableName() - start
23:05:02.216 [main] DEBUG o.dbunit.dataset.OrderedTableNameMap - getTableName(tableName=products) - start
23:05:02.216 [main] DEBUG o.dbunit.dataset.OrderedTableNameMap - getTableName(tableName=products) - end - result=PRODUCTS
23:05:02.216 [main] DEBUG o.d.dataset.AbstractTableMetaData - getColumnIndex(columnName=sku_number) - start
23:05:02.216 [main] DEBUG o.d.dataset.AbstractTableMetaData - getColumnIndex(columnName=name) - start
23:05:02.216 [main] DEBUG o.d.dataset.AbstractTableMetaData - getColumnIndex(columnName=amount) - start
23:05:02.217 [main] DEBUG o.dbunit.dataset.OrderedTableNameMap - getLastTableName() - start
23:05:02.217 [main] DEBUG o.dbunit.dataset.OrderedTableNameMap - getTableName(tableName=products) - start
23:05:02.217 [main] DEBUG o.dbunit.dataset.OrderedTableNameMap - getTableName(tableName=products) - end - result=PRODUCTS
23:05:02.217 [main] DEBUG org.dbunit.dataset.CachedDataSet - row(values=3) - start
23:05:02.217 [main] DEBUG org.dbunit.dataset.DefaultTable - addRow(values=3) - start
23:05:02.217 [main] DEBUG o.dbunit.dataset.xml.FlatXmlProducer - endElement(uri=, localName=, qName=products) - start
23:05:02.219 [main] DEBUG o.dbunit.dataset.xml.FlatXmlProducer - startElement(uri=, localName=, qName=products, attributes=org.apache.xerces.parsers.AbstractSAXParser$AttributesProxy@6c585a) - start
23:05:02.219 [main] DEBUG o.dbunit.dataset.OrderedTableNameMap - getLastTableName() - start
23:05:02.219 [main] DEBUG o.dbunit.dataset.OrderedTableNameMap - getTableName(tableName=products) - start
23:05:02.219 [main] DEBUG o.dbunit.dataset.OrderedTableNameMap - getTableName(tableName=products) - end - result=PRODUCTS
23:05:02.221 [main] DEBUG o.dbunit.dataset.OrderedTableNameMap - isLastTable(tableName=products) - start
23:05:02.221 [main] DEBUG o.dbunit.dataset.OrderedTableNameMap - getLastTableName() - start
23:05:02.221 [main] DEBUG o.dbunit.dataset.OrderedTableNameMap - getTableName(tableName=products) - start
23:05:02.221 [main] DEBUG o.dbunit.dataset.OrderedTableNameMap - getTableName(tableName=products) - end - result=PRODUCTS
23:05:02.221 [main] DEBUG o.dbunit.dataset.OrderedTableNameMap - getTableName(tableName=products) - start
23:05:02.223 [main] DEBUG o.dbunit.dataset.OrderedTableNameMap - getTableName(tableName=products) - end - result=PRODUCTS
23:05:02.223 [main] DEBUG o.dbunit.dataset.OrderedTableNameMap - getLastTableName() - start
23:05:02.223 [main] DEBUG o.dbunit.dataset.OrderedTableNameMap - getTableName(tableName=products) - start
23:05:02.223 [main] DEBUG o.dbunit.dataset.OrderedTableNameMap - getTableName(tableName=products) - end - result=PRODUCTS
23:05:02.223 [main] DEBUG o.d.dataset.AbstractTableMetaData - getColumnIndex(columnName=sku_number) - start
23:05:02.224 [main] DEBUG o.d.dataset.AbstractTableMetaData - getColumnIndex(columnName=name) - start
23:05:02.224 [main] DEBUG o.d.dataset.AbstractTableMetaData - getColumnIndex(columnName=amount) - start
23:05:02.224 [main] DEBUG o.dbunit.dataset.OrderedTableNameMap - getLastTableName() - start
23:05:02.225 [main] DEBUG o.dbunit.dataset.OrderedTableNameMap - getTableName(tableName=products) - start
23:05:02.225 [main] DEBUG o.dbunit.dataset.OrderedTableNameMap - getTableName(tableName=products) - end - result=PRODUCTS
23:05:02.226 [main] DEBUG org.dbunit.dataset.CachedDataSet - row(values=4) - start
23:05:02.226 [main] DEBUG org.dbunit.dataset.DefaultTable - addRow(values=4) - start
23:05:02.226 [main] DEBUG o.dbunit.dataset.xml.FlatXmlProducer - endElement(uri=, localName=, qName=products) - start
23:05:02.227 [main] DEBUG o.dbunit.dataset.xml.FlatXmlProducer - startElement(uri=, localName=, qName=orders, attributes=org.apache.xerces.parsers.AbstractSAXParser$AttributesProxy@6c585a) - start
23:05:02.227 [main] DEBUG o.dbunit.dataset.OrderedTableNameMap - getLastTableName() - start
23:05:02.228 [main] DEBUG o.dbunit.dataset.OrderedTableNameMap - getTableName(tableName=products) - start
23:05:02.228 [main] DEBUG o.dbunit.dataset.OrderedTableNameMap - getTableName(tableName=products) - end - result=PRODUCTS
23:05:02.228 [main] DEBUG o.dbunit.dataset.OrderedTableNameMap - isLastTable(tableName=orders) - start
23:05:02.228 [main] DEBUG o.dbunit.dataset.OrderedTableNameMap - getLastTableName() - start
23:05:02.228 [main] DEBUG o.dbunit.dataset.OrderedTableNameMap - getTableName(tableName=products) - start
23:05:02.230 [main] DEBUG o.dbunit.dataset.OrderedTableNameMap - getTableName(tableName=products) - end - result=PRODUCTS
23:05:02.230 [main] DEBUG o.dbunit.dataset.OrderedTableNameMap - getTableName(tableName=orders) - start
23:05:02.230 [main] DEBUG o.dbunit.dataset.OrderedTableNameMap - getTableName(tableName=orders) - end - result=ORDERS
23:05:02.230 [main] DEBUG org.dbunit.dataset.CachedDataSet - endTable() - start
23:05:02.230 [main] DEBUG o.dbunit.dataset.OrderedTableNameMap - getTableName(tableName=products) - start
23:05:02.232 [main] DEBUG o.dbunit.dataset.OrderedTableNameMap - getTableName(tableName=products) - end - result=PRODUCTS
23:05:02.232 [main] DEBUG o.dbunit.dataset.OrderedTableNameMap - add(tableName=products, object=org.dbunit.dataset.DefaultTable[_metaData=tableName=products, columns=[(sku_number, UNKNOWN, nullableUnknown), (name, UNKNOWN, nullableUnknown), (amount, UNKNOWN, nullableUnknown)], keys=[], _rowList.size()=4]) - start
23:05:02.232 [main] DEBUG o.dbunit.dataset.OrderedTableNameMap - getTableName(tableName=products) - start
23:05:02.233 [main] DEBUG o.dbunit.dataset.OrderedTableNameMap - getTableName(tableName=products) - end - result=PRODUCTS
23:05:02.234 [main] DEBUG o.dbunit.dataset.OrderedTableNameMap - getTableName(tableName=PRODUCTS) - start
23:05:02.234 [main] DEBUG o.dbunit.dataset.OrderedTableNameMap - getTableName(tableName=PRODUCTS) - end - result=PRODUCTS
23:05:02.234 [main] DEBUG o.dbunit.dataset.OrderedTableNameMap - getTableName(tableName=orders) - start
23:05:02.234 [main] DEBUG o.dbunit.dataset.OrderedTableNameMap - getTableName(tableName=orders) - end - result=ORDERS
23:05:02.234 [main] DEBUG o.dbunit.dataset.xml.FlatXmlProducer - createTableMetaData(tableName=orders, attributes=org.apache.xerces.parsers.AbstractSAXParser$AttributesProxy@6c585a) - start
23:05:02.235 [main] DEBUG org.dbunit.dataset.Columns - getColumns(columnNames=[], columns=[(order_number, UNKNOWN, nullableUnknown), (customer_id, UNKNOWN, nullableUnknown), (date, UNKNOWN, nullableUnknown), (amount, UNKNOWN, nullableUnknown), (order_status, UNKNOWN, nullableUnknown), (discount_status, UNKNOWN, nullableUnknown)]) - start
23:05:02.237 [main] DEBUG o.dbunit.dataset.OrderedTableNameMap - add(tableName=orders, object=tableName=orders, columns=[(order_number, UNKNOWN, nullableUnknown), (customer_id, UNKNOWN, nullableUnknown), (date, UNKNOWN, nullableUnknown), (amount, UNKNOWN, nullableUnknown), (order_status, UNKNOWN, nullableUnknown), (discount_status, UNKNOWN, nullableUnknown)], keys=[]) - start
23:05:02.237 [main] DEBUG o.dbunit.dataset.OrderedTableNameMap - getTableName(tableName=orders) - start
23:05:02.237 [main] DEBUG o.dbunit.dataset.OrderedTableNameMap - getTableName(tableName=orders) - end - result=ORDERS
23:05:02.239 [main] DEBUG o.dbunit.dataset.OrderedTableNameMap - getTableName(tableName=ORDERS) - start
23:05:02.239 [main] DEBUG o.dbunit.dataset.OrderedTableNameMap - getTableName(tableName=ORDERS) - end - result=ORDERS
23:05:02.239 [main] DEBUG org.dbunit.dataset.CachedDataSet - startTable(metaData=tableName=orders, columns=[(order_number, UNKNOWN, nullableUnknown), (customer_id, UNKNOWN, nullableUnknown), (date, UNKNOWN, nullableUnknown), (amount, UNKNOWN, nullableUnknown), (order_status, UNKNOWN, nullableUnknown), (discount_status, UNKNOWN, nullableUnknown)], keys=[]) - start
23:05:02.241 [main] DEBUG o.dbunit.dataset.OrderedTableNameMap - getLastTableName() - start
23:05:02.241 [main] DEBUG o.dbunit.dataset.OrderedTableNameMap - getTableName(tableName=orders) - start
23:05:02.241 [main] DEBUG o.dbunit.dataset.OrderedTableNameMap - getTableName(tableName=orders) - end - result=ORDERS
23:05:02.241 [main] DEBUG o.d.dataset.AbstractTableMetaData - getColumnIndex(columnName=order_number) - start
23:05:02.241 [main] DEBUG o.d.dataset.AbstractTableMetaData - getColumnIndex(columnName=customer_id) - start
23:05:02.242 [main] DEBUG o.d.dataset.AbstractTableMetaData - getColumnIndex(columnName=date) - start
23:05:02.242 [main] DEBUG o.d.dataset.AbstractTableMetaData - getColumnIndex(columnName=amount) - start
23:05:02.242 [main] DEBUG o.d.dataset.AbstractTableMetaData - getColumnIndex(columnName=order_status) - start
23:05:02.242 [main] DEBUG o.d.dataset.AbstractTableMetaData - getColumnIndex(columnName=discount_status) - start
23:05:02.242 [main] DEBUG o.dbunit.dataset.OrderedTableNameMap - getLastTableName() - start
23:05:02.244 [main] DEBUG o.dbunit.dataset.OrderedTableNameMap - getTableName(tableName=orders) - start
23:05:02.244 [main] DEBUG o.dbunit.dataset.OrderedTableNameMap - getTableName(tableName=orders) - end - result=ORDERS
23:05:02.244 [main] DEBUG org.dbunit.dataset.CachedDataSet - row(values=1) - start
23:05:02.245 [main] DEBUG org.dbunit.dataset.DefaultTable - addRow(values=1) - start
23:05:02.245 [main] DEBUG o.dbunit.dataset.xml.FlatXmlProducer - endElement(uri=, localName=, qName=orders) - start
23:05:02.245 [main] DEBUG o.dbunit.dataset.xml.FlatXmlProducer - startElement(uri=, localName=, qName=order_items, attributes=org.apache.xerces.parsers.AbstractSAXParser$AttributesProxy@6c585a) - start
23:05:02.246 [main] DEBUG o.dbunit.dataset.OrderedTableNameMap - getLastTableName() - start
23:05:02.247 [main] DEBUG o.dbunit.dataset.OrderedTableNameMap - getTableName(tableName=orders) - start
23:05:02.247 [main] DEBUG o.dbunit.dataset.OrderedTableNameMap - getTableName(tableName=orders) - end - result=ORDERS
23:05:02.247 [main] DEBUG o.dbunit.dataset.OrderedTableNameMap - isLastTable(tableName=order_items) - start
23:05:02.247 [main] DEBUG o.dbunit.dataset.OrderedTableNameMap - getLastTableName() - start
23:05:02.249 [main] DEBUG o.dbunit.dataset.OrderedTableNameMap - getTableName(tableName=orders) - start
23:05:02.249 [main] DEBUG o.dbunit.dataset.OrderedTableNameMap - getTableName(tableName=orders) - end - result=ORDERS
23:05:02.249 [main] DEBUG o.dbunit.dataset.OrderedTableNameMap - getTableName(tableName=order_items) - start
23:05:02.249 [main] DEBUG o.dbunit.dataset.OrderedTableNameMap - getTableName(tableName=order_items) - end - result=ORDER_ITEMS
23:05:02.249 [main] DEBUG org.dbunit.dataset.CachedDataSet - endTable() - start
23:05:02.251 [main] DEBUG o.dbunit.dataset.OrderedTableNameMap - getTableName(tableName=orders) - start
23:05:02.251 [main] DEBUG o.dbunit.dataset.OrderedTableNameMap - getTableName(tableName=orders) - end - result=ORDERS
23:05:02.251 [main] DEBUG o.dbunit.dataset.OrderedTableNameMap - add(tableName=orders, object=org.dbunit.dataset.DefaultTable[_metaData=tableName=orders, columns=[(order_number, UNKNOWN, nullableUnknown), (customer_id, UNKNOWN, nullableUnknown), (date, UNKNOWN, nullableUnknown), (amount, UNKNOWN, nullableUnknown), (order_status, UNKNOWN, nullableUnknown), (discount_status, UNKNOWN, nullableUnknown)], keys=[], _rowList.size()=1]) - start
23:05:02.253 [main] DEBUG o.dbunit.dataset.OrderedTableNameMap - getTableName(tableName=orders) - start
23:05:02.254 [main] DEBUG o.dbunit.dataset.OrderedTableNameMap - getTableName(tableName=orders) - end - result=ORDERS
23:05:02.254 [main] DEBUG o.dbunit.dataset.OrderedTableNameMap - getTableName(tableName=ORDERS) - start
23:05:02.254 [main] DEBUG o.dbunit.dataset.OrderedTableNameMap - getTableName(tableName=ORDERS) - end - result=ORDERS
23:05:02.254 [main] DEBUG o.dbunit.dataset.OrderedTableNameMap - getTableName(tableName=order_items) - start
23:05:02.255 [main] DEBUG o.dbunit.dataset.OrderedTableNameMap - getTableName(tableName=order_items) - end - result=ORDER_ITEMS
23:05:02.255 [main] DEBUG o.dbunit.dataset.xml.FlatXmlProducer - createTableMetaData(tableName=order_items, attributes=org.apache.xerces.parsers.AbstractSAXParser$AttributesProxy@6c585a) - start
23:05:02.255 [main] DEBUG org.dbunit.dataset.Columns - getColumns(columnNames=[], columns=[(id, UNKNOWN, nullableUnknown), (order_order_number, UNKNOWN, nullableUnknown), (product_sku_number, UNKNOWN, nullableUnknown), (quantity, UNKNOWN, nullableUnknown)]) - start
23:05:02.257 [main] DEBUG o.dbunit.dataset.OrderedTableNameMap - add(tableName=order_items, object=tableName=order_items, columns=[(id, UNKNOWN, nullableUnknown), (order_order_number, UNKNOWN, nullableUnknown), (product_sku_number, UNKNOWN, nullableUnknown), (quantity, UNKNOWN, nullableUnknown)], keys=[]) - start
23:05:02.257 [main] DEBUG o.dbunit.dataset.OrderedTableNameMap - getTableName(tableName=order_items) - start
23:05:02.257 [main] DEBUG o.dbunit.dataset.OrderedTableNameMap - getTableName(tableName=order_items) - end - result=ORDER_ITEMS
23:05:02.258 [main] DEBUG o.dbunit.dataset.OrderedTableNameMap - getTableName(tableName=ORDER_ITEMS) - start
23:05:02.259 [main] DEBUG o.dbunit.dataset.OrderedTableNameMap - getTableName(tableName=ORDER_ITEMS) - end - result=ORDER_ITEMS
23:05:02.259 [main] DEBUG org.dbunit.dataset.CachedDataSet - startTable(metaData=tableName=order_items, columns=[(id, UNKNOWN, nullableUnknown), (order_order_number, UNKNOWN, nullableUnknown), (product_sku_number, UNKNOWN, nullableUnknown), (quantity, UNKNOWN, nullableUnknown)], keys=[]) - start
23:05:02.260 [main] DEBUG o.dbunit.dataset.OrderedTableNameMap - getLastTableName() - start
23:05:02.260 [main] DEBUG o.dbunit.dataset.OrderedTableNameMap - getTableName(tableName=order_items) - start
23:05:02.260 [main] DEBUG o.dbunit.dataset.OrderedTableNameMap - getTableName(tableName=order_items) - end - result=ORDER_ITEMS
23:05:02.261 [main] DEBUG o.d.dataset.AbstractTableMetaData - getColumnIndex(columnName=id) - start
23:05:02.261 [main] DEBUG o.d.dataset.AbstractTableMetaData - getColumnIndex(columnName=order_order_number) - start
23:05:02.262 [main] DEBUG o.d.dataset.AbstractTableMetaData - getColumnIndex(columnName=product_sku_number) - start
23:05:02.262 [main] DEBUG o.d.dataset.AbstractTableMetaData - getColumnIndex(columnName=quantity) - start
23:05:02.262 [main] DEBUG o.dbunit.dataset.OrderedTableNameMap - getLastTableName() - start
23:05:02.262 [main] DEBUG o.dbunit.dataset.OrderedTableNameMap - getTableName(tableName=order_items) - start
23:05:02.262 [main] DEBUG o.dbunit.dataset.OrderedTableNameMap - getTableName(tableName=order_items) - end - result=ORDER_ITEMS
23:05:02.262 [main] DEBUG org.dbunit.dataset.CachedDataSet - row(values=1) - start
23:05:02.262 [main] DEBUG org.dbunit.dataset.DefaultTable - addRow(values=1) - start
23:05:02.262 [main] DEBUG o.dbunit.dataset.xml.FlatXmlProducer - endElement(uri=, localName=, qName=order_items) - start
23:05:02.264 [main] DEBUG o.dbunit.dataset.xml.FlatXmlProducer - startElement(uri=, localName=, qName=orders, attributes=org.apache.xerces.parsers.AbstractSAXParser$AttributesProxy@6c585a) - start
23:05:02.264 [main] DEBUG o.dbunit.dataset.OrderedTableNameMap - getLastTableName() - start
23:05:02.264 [main] DEBUG o.dbunit.dataset.OrderedTableNameMap - getTableName(tableName=order_items) - start
23:05:02.264 [main] DEBUG o.dbunit.dataset.OrderedTableNameMap - getTableName(tableName=order_items) - end - result=ORDER_ITEMS
23:05:02.266 [main] DEBUG o.dbunit.dataset.OrderedTableNameMap - isLastTable(tableName=orders) - start
23:05:02.266 [main] DEBUG o.dbunit.dataset.OrderedTableNameMap - getLastTableName() - start
23:05:02.266 [main] DEBUG o.dbunit.dataset.OrderedTableNameMap - getTableName(tableName=order_items) - start
23:05:02.266 [main] DEBUG o.dbunit.dataset.OrderedTableNameMap - getTableName(tableName=order_items) - end - result=ORDER_ITEMS
23:05:02.266 [main] DEBUG o.dbunit.dataset.OrderedTableNameMap - getTableName(tableName=orders) - start
23:05:02.267 [main] DEBUG o.dbunit.dataset.OrderedTableNameMap - getTableName(tableName=orders) - end - result=ORDERS
23:05:02.268 [main] DEBUG org.dbunit.dataset.CachedDataSet - endTable() - start
23:05:02.268 [main] DEBUG o.dbunit.dataset.OrderedTableNameMap - getTableName(tableName=order_items) - start
23:05:02.268 [main] DEBUG o.dbunit.dataset.OrderedTableNameMap - getTableName(tableName=order_items) - end - result=ORDER_ITEMS
23:05:02.268 [main] DEBUG o.dbunit.dataset.OrderedTableNameMap - add(tableName=order_items, object=org.dbunit.dataset.DefaultTable[_metaData=tableName=order_items, columns=[(id, UNKNOWN, nullableUnknown), (order_order_number, UNKNOWN, nullableUnknown), (product_sku_number, UNKNOWN, nullableUnknown), (quantity, UNKNOWN, nullableUnknown)], keys=[], _rowList.size()=1]) - start
23:05:02.269 [main] DEBUG o.dbunit.dataset.OrderedTableNameMap - getTableName(tableName=order_items) - start
23:05:02.269 [main] DEBUG o.dbunit.dataset.OrderedTableNameMap - getTableName(tableName=order_items) - end - result=ORDER_ITEMS
23:05:02.269 [main] DEBUG o.dbunit.dataset.OrderedTableNameMap - getTableName(tableName=ORDER_ITEMS) - start
23:05:02.269 [main] DEBUG o.dbunit.dataset.OrderedTableNameMap - getTableName(tableName=ORDER_ITEMS) - end - result=ORDER_ITEMS
23:05:02.269 [main] DEBUG o.dbunit.dataset.OrderedTableNameMap - getTableName(tableName=orders) - start
23:05:02.271 [main] DEBUG o.dbunit.dataset.OrderedTableNameMap - getTableName(tableName=orders) - end - result=ORDERS
23:05:02.271 [main] DEBUG o.dbunit.dataset.OrderedTableNameMap - getTableName(tableName=orders) - start
23:05:02.271 [main] DEBUG o.dbunit.dataset.OrderedTableNameMap - getTableName(tableName=orders) - end - result=ORDERS
23:05:02.271 [main] DEBUG o.dbunit.dataset.OrderedTableNameMap - setLastTable(nameorders) - start
23:05:02.271 [main] DEBUG o.dbunit.dataset.OrderedTableNameMap - getTableName(tableName=orders) - start
23:05:02.273 [main] DEBUG o.dbunit.dataset.OrderedTableNameMap - getTableName(tableName=orders) - end - result=ORDERS
23:05:02.273 [main] DEBUG org.dbunit.dataset.CachedDataSet - startTable(metaData=tableName=orders, columns=[(order_number, UNKNOWN, nullableUnknown), (customer_id, UNKNOWN, nullableUnknown), (date, UNKNOWN, nullableUnknown), (amount, UNKNOWN, nullableUnknown), (order_status, UNKNOWN, nullableUnknown), (discount_status, UNKNOWN, nullableUnknown)], keys=[]) - start
23:05:02.273 [main] DEBUG o.dbunit.dataset.OrderedTableNameMap - getLastTableName() - start
23:05:02.275 [main] DEBUG o.dbunit.dataset.OrderedTableNameMap - getTableName(tableName=orders) - start
23:05:02.275 [main] DEBUG o.dbunit.dataset.OrderedTableNameMap - getTableName(tableName=orders) - end - result=ORDERS
23:05:02.275 [main] DEBUG o.d.dataset.AbstractTableMetaData - getColumnIndex(columnName=order_number) - start
23:05:02.275 [main] DEBUG o.d.dataset.AbstractTableMetaData - getColumnIndex(columnName=customer_id) - start
23:05:02.275 [main] DEBUG o.d.dataset.AbstractTableMetaData - getColumnIndex(columnName=date) - start
23:05:02.276 [main] DEBUG o.d.dataset.AbstractTableMetaData - getColumnIndex(columnName=amount) - start
23:05:02.276 [main] DEBUG o.d.dataset.AbstractTableMetaData - getColumnIndex(columnName=order_status) - start
23:05:02.276 [main] DEBUG o.d.dataset.AbstractTableMetaData - getColumnIndex(columnName=discount_status) - start
23:05:02.276 [main] DEBUG o.dbunit.dataset.OrderedTableNameMap - getLastTableName() - start
23:05:02.276 [main] DEBUG o.dbunit.dataset.OrderedTableNameMap - getTableName(tableName=orders) - start
23:05:02.278 [main] DEBUG o.dbunit.dataset.OrderedTableNameMap - getTableName(tableName=orders) - end - result=ORDERS
23:05:02.278 [main] DEBUG org.dbunit.dataset.CachedDataSet - row(values=2) - start
23:05:02.278 [main] DEBUG org.dbunit.dataset.DefaultTable - addRow(values=2) - start
23:05:02.279 [main] DEBUG o.dbunit.dataset.xml.FlatXmlProducer - endElement(uri=, localName=, qName=orders) - start
23:05:02.279 [main] DEBUG o.dbunit.dataset.xml.FlatXmlProducer - startElement(uri=, localName=, qName=order_items, attributes=org.apache.xerces.parsers.AbstractSAXParser$AttributesProxy@6c585a) - start
23:05:02.280 [main] DEBUG o.dbunit.dataset.OrderedTableNameMap - getLastTableName() - start
23:05:02.280 [main] DEBUG o.dbunit.dataset.OrderedTableNameMap - getTableName(tableName=orders) - start
23:05:02.280 [main] DEBUG o.dbunit.dataset.OrderedTableNameMap - getTableName(tableName=orders) - end - result=ORDERS
23:05:02.280 [main] DEBUG o.dbunit.dataset.OrderedTableNameMap - isLastTable(tableName=order_items) - start
23:05:02.280 [main] DEBUG o.dbunit.dataset.OrderedTableNameMap - getLastTableName() - start
23:05:02.281 [main] DEBUG o.dbunit.dataset.OrderedTableNameMap - getTableName(tableName=orders) - start
23:05:02.281 [main] DEBUG o.dbunit.dataset.OrderedTableNameMap - getTableName(tableName=orders) - end - result=ORDERS
23:05:02.281 [main] DEBUG o.dbunit.dataset.OrderedTableNameMap - getTableName(tableName=order_items) - start
23:05:02.281 [main] DEBUG o.dbunit.dataset.OrderedTableNameMap - getTableName(tableName=order_items) - end - result=ORDER_ITEMS
23:05:02.281 [main] DEBUG org.dbunit.dataset.CachedDataSet - endTable() - start
23:05:02.283 [main] DEBUG o.dbunit.dataset.OrderedTableNameMap - getTableName(tableName=orders) - start
23:05:02.284 [main] DEBUG o.dbunit.dataset.OrderedTableNameMap - getTableName(tableName=orders) - end - result=ORDERS
23:05:02.284 [main] DEBUG o.dbunit.dataset.OrderedTableNameMap - getTableName(tableName=orders) - start
23:05:02.284 [main] DEBUG o.dbunit.dataset.OrderedTableNameMap - getTableName(tableName=orders) - end - result=ORDERS
23:05:02.284 [main] DEBUG org.dbunit.dataset.DefaultTable - addTableRows(table=org.dbunit.dataset.DefaultTable[_metaData=tableName=orders, columns=[(order_number, UNKNOWN, nullableUnknown), (customer_id, UNKNOWN, nullableUnknown), (date, UNKNOWN, nullableUnknown), (amount, UNKNOWN, nullableUnknown), (order_status, UNKNOWN, nullableUnknown), (discount_status, UNKNOWN, nullableUnknown)], keys=[], _rowList.size()=1]) - start
23:05:02.285 [main] DEBUG org.dbunit.dataset.DefaultTable - getValue(row=0, column=order_number) - start
23:05:02.285 [main] DEBUG org.dbunit.dataset.AbstractTable - assertValidRowIndex(row=0) - start
23:05:02.285 [main] DEBUG org.dbunit.dataset.AbstractTable - assertValidRowIndex(row=0, rowCount=1) - start
23:05:02.285 [main] DEBUG org.dbunit.dataset.AbstractTable - getColumnIndex(columnName=order_number) - start
23:05:02.285 [main] DEBUG o.d.dataset.AbstractTableMetaData - getColumnIndex(columnName=order_number) - start
23:05:02.287 [main] DEBUG org.dbunit.dataset.DefaultTable - getValue(row=0, column=customer_id) - start
23:05:02.287 [main] DEBUG org.dbunit.dataset.AbstractTable - assertValidRowIndex(row=0) - start
23:05:02.287 [main] DEBUG org.dbunit.dataset.AbstractTable - assertValidRowIndex(row=0, rowCount=1) - start
23:05:02.287 [main] DEBUG org.dbunit.dataset.AbstractTable - getColumnIndex(columnName=customer_id) - start
23:05:02.287 [main] DEBUG o.d.dataset.AbstractTableMetaData - getColumnIndex(columnName=customer_id) - start
23:05:02.289 [main] DEBUG org.dbunit.dataset.DefaultTable - getValue(row=0, column=date) - start
23:05:02.289 [main] DEBUG org.dbunit.dataset.AbstractTable - assertValidRowIndex(row=0) - start
23:05:02.289 [main] DEBUG org.dbunit.dataset.AbstractTable - assertValidRowIndex(row=0, rowCount=1) - start
23:05:02.289 [main] DEBUG org.dbunit.dataset.AbstractTable - getColumnIndex(columnName=date) - start
23:05:02.289 [main] DEBUG o.d.dataset.AbstractTableMetaData - getColumnIndex(columnName=date) - start
23:05:02.289 [main] DEBUG org.dbunit.dataset.DefaultTable - getValue(row=0, column=amount) - start
23:05:02.290 [main] DEBUG org.dbunit.dataset.AbstractTable - assertValidRowIndex(row=0) - start
23:05:02.290 [main] DEBUG org.dbunit.dataset.AbstractTable - assertValidRowIndex(row=0, rowCount=1) - start
23:05:02.290 [main] DEBUG org.dbunit.dataset.AbstractTable - getColumnIndex(columnName=amount) - start
23:05:02.291 [main] DEBUG o.d.dataset.AbstractTableMetaData - getColumnIndex(columnName=amount) - start
23:05:02.291 [main] DEBUG org.dbunit.dataset.DefaultTable - getValue(row=0, column=order_status) - start
23:05:02.292 [main] DEBUG org.dbunit.dataset.AbstractTable - assertValidRowIndex(row=0) - start
23:05:02.293 [main] DEBUG org.dbunit.dataset.AbstractTable - assertValidRowIndex(row=0, rowCount=1) - start
23:05:02.293 [main] DEBUG org.dbunit.dataset.AbstractTable - getColumnIndex(columnName=order_status) - start
23:05:02.293 [main] DEBUG o.d.dataset.AbstractTableMetaData - getColumnIndex(columnName=order_status) - start
23:05:02.293 [main] DEBUG org.dbunit.dataset.DefaultTable - getValue(row=0, column=discount_status) - start
23:05:02.294 [main] DEBUG org.dbunit.dataset.AbstractTable - assertValidRowIndex(row=0) - start
23:05:02.294 [main] DEBUG org.dbunit.dataset.AbstractTable - assertValidRowIndex(row=0, rowCount=1) - start
23:05:02.294 [main] DEBUG org.dbunit.dataset.AbstractTable - getColumnIndex(columnName=discount_status) - start
23:05:02.294 [main] DEBUG o.d.dataset.AbstractTableMetaData - getColumnIndex(columnName=discount_status) - start
23:05:02.294 [main] DEBUG org.dbunit.dataset.DefaultTable - getValue(row=1, column=order_number) - start
23:05:02.295 [main] DEBUG org.dbunit.dataset.AbstractTable - assertValidRowIndex(row=1) - start
23:05:02.295 [main] DEBUG org.dbunit.dataset.AbstractTable - assertValidRowIndex(row=1, rowCount=1) - start
23:05:02.296 [main] DEBUG o.dbunit.dataset.OrderedTableNameMap - getTableName(tableName=order_items) - start
23:05:02.296 [main] DEBUG o.dbunit.dataset.OrderedTableNameMap - getTableName(tableName=order_items) - end - result=ORDER_ITEMS
23:05:02.296 [main] DEBUG o.dbunit.dataset.OrderedTableNameMap - getTableName(tableName=order_items) - start
23:05:02.297 [main] DEBUG o.dbunit.dataset.OrderedTableNameMap - getTableName(tableName=order_items) - end - result=ORDER_ITEMS
23:05:02.297 [main] DEBUG o.dbunit.dataset.OrderedTableNameMap - setLastTable(nameorder_items) - start
23:05:02.297 [main] DEBUG o.dbunit.dataset.OrderedTableNameMap - getTableName(tableName=order_items) - start
23:05:02.297 [main] DEBUG o.dbunit.dataset.OrderedTableNameMap - getTableName(tableName=order_items) - end - result=ORDER_ITEMS
23:05:02.297 [main] DEBUG org.dbunit.dataset.CachedDataSet - startTable(metaData=tableName=order_items, columns=[(id, UNKNOWN, nullableUnknown), (order_order_number, UNKNOWN, nullableUnknown), (product_sku_number, UNKNOWN, nullableUnknown), (quantity, UNKNOWN, nullableUnknown)], keys=[]) - start
23:05:02.299 [main] DEBUG o.dbunit.dataset.OrderedTableNameMap - getLastTableName() - start
23:05:02.299 [main] DEBUG o.dbunit.dataset.OrderedTableNameMap - getTableName(tableName=order_items) - start
23:05:02.299 [main] DEBUG o.dbunit.dataset.OrderedTableNameMap - getTableName(tableName=order_items) - end - result=ORDER_ITEMS
23:05:02.299 [main] DEBUG o.d.dataset.AbstractTableMetaData - getColumnIndex(columnName=id) - start
23:05:02.299 [main] DEBUG o.d.dataset.AbstractTableMetaData - getColumnIndex(columnName=order_order_number) - start
23:05:02.300 [main] DEBUG o.d.dataset.AbstractTableMetaData - getColumnIndex(columnName=product_sku_number) - start
23:05:02.301 [main] DEBUG o.d.dataset.AbstractTableMetaData - getColumnIndex(columnName=quantity) - start
23:05:02.301 [main] DEBUG o.dbunit.dataset.OrderedTableNameMap - getLastTableName() - start
23:05:02.301 [main] DEBUG o.dbunit.dataset.OrderedTableNameMap - getTableName(tableName=order_items) - start
23:05:02.302 [main] DEBUG o.dbunit.dataset.OrderedTableNameMap - getTableName(tableName=order_items) - end - result=ORDER_ITEMS
23:05:02.303 [main] DEBUG org.dbunit.dataset.CachedDataSet - row(values=2) - start
23:05:02.303 [main] DEBUG org.dbunit.dataset.DefaultTable - addRow(values=2) - start
23:05:02.303 [main] DEBUG o.dbunit.dataset.xml.FlatXmlProducer - endElement(uri=, localName=, qName=order_items) - start
23:05:02.303 [main] DEBUG o.dbunit.dataset.xml.FlatXmlProducer - startElement(uri=, localName=, qName=order_items, attributes=org.apache.xerces.parsers.AbstractSAXParser$AttributesProxy@6c585a) - start
23:05:02.303 [main] DEBUG o.dbunit.dataset.OrderedTableNameMap - getLastTableName() - start
23:05:02.304 [main] DEBUG o.dbunit.dataset.OrderedTableNameMap - getTableName(tableName=order_items) - start
23:05:02.304 [main] DEBUG o.dbunit.dataset.OrderedTableNameMap - getTableName(tableName=order_items) - end - result=ORDER_ITEMS
23:05:02.305 [main] DEBUG o.dbunit.dataset.OrderedTableNameMap - isLastTable(tableName=order_items) - start
23:05:02.305 [main] DEBUG o.dbunit.dataset.OrderedTableNameMap - getLastTableName() - start
23:05:02.305 [main] DEBUG o.dbunit.dataset.OrderedTableNameMap - getTableName(tableName=order_items) - start
23:05:02.307 [main] DEBUG o.dbunit.dataset.OrderedTableNameMap - getTableName(tableName=order_items) - end - result=ORDER_ITEMS
23:05:02.307 [main] DEBUG o.dbunit.dataset.OrderedTableNameMap - getTableName(tableName=order_items) - start
23:05:02.307 [main] DEBUG o.dbunit.dataset.OrderedTableNameMap - getTableName(tableName=order_items) - end - result=ORDER_ITEMS
23:05:02.307 [main] DEBUG o.dbunit.dataset.OrderedTableNameMap - getLastTableName() - start
23:05:02.307 [main] DEBUG o.dbunit.dataset.OrderedTableNameMap - getTableName(tableName=order_items) - start
23:05:02.308 [main] DEBUG o.dbunit.dataset.OrderedTableNameMap - getTableName(tableName=order_items) - end - result=ORDER_ITEMS
23:05:02.308 [main] DEBUG o.d.dataset.AbstractTableMetaData - getColumnIndex(columnName=id) - start
23:05:02.308 [main] DEBUG o.d.dataset.AbstractTableMetaData - getColumnIndex(columnName=order_order_number) - start
23:05:02.308 [main] DEBUG o.d.dataset.AbstractTableMetaData - getColumnIndex(columnName=product_sku_number) - start
23:05:02.308 [main] DEBUG o.d.dataset.AbstractTableMetaData - getColumnIndex(columnName=quantity) - start
23:05:02.310 [main] DEBUG o.dbunit.dataset.OrderedTableNameMap - getLastTableName() - start
23:05:02.310 [main] DEBUG o.dbunit.dataset.OrderedTableNameMap - getTableName(tableName=order_items) - start
23:05:02.310 [main] DEBUG o.dbunit.dataset.OrderedTableNameMap - getTableName(tableName=order_items) - end - result=ORDER_ITEMS
23:05:02.310 [main] DEBUG org.dbunit.dataset.CachedDataSet - row(values=3) - start
23:05:02.310 [main] DEBUG org.dbunit.dataset.DefaultTable - addRow(values=3) - start
23:05:02.310 [main] DEBUG o.dbunit.dataset.xml.FlatXmlProducer - endElement(uri=, localName=, qName=order_items) - start
23:05:02.312 [main] DEBUG o.dbunit.dataset.xml.FlatXmlProducer - startElement(uri=, localName=, qName=orders, attributes=org.apache.xerces.parsers.AbstractSAXParser$AttributesProxy@6c585a) - start
23:05:02.312 [main] DEBUG o.dbunit.dataset.OrderedTableNameMap - getLastTableName() - start
23:05:02.312 [main] DEBUG o.dbunit.dataset.OrderedTableNameMap - getTableName(tableName=order_items) - start
23:05:02.312 [main] DEBUG o.dbunit.dataset.OrderedTableNameMap - getTableName(tableName=order_items) - end - result=ORDER_ITEMS
23:05:02.314 [main] DEBUG o.dbunit.dataset.OrderedTableNameMap - isLastTable(tableName=orders) - start
23:05:02.314 [main] DEBUG o.dbunit.dataset.OrderedTableNameMap - getLastTableName() - start
23:05:02.314 [main] DEBUG o.dbunit.dataset.OrderedTableNameMap - getTableName(tableName=order_items) - start
23:05:02.314 [main] DEBUG o.dbunit.dataset.OrderedTableNameMap - getTableName(tableName=order_items) - end - result=ORDER_ITEMS
23:05:02.314 [main] DEBUG o.dbunit.dataset.OrderedTableNameMap - getTableName(tableName=orders) - start
23:05:02.315 [main] DEBUG o.dbunit.dataset.OrderedTableNameMap - getTableName(tableName=orders) - end - result=ORDERS
23:05:02.315 [main] DEBUG org.dbunit.dataset.CachedDataSet - endTable() - start
23:05:02.315 [main] DEBUG o.dbunit.dataset.OrderedTableNameMap - getTableName(tableName=order_items) - start
23:05:02.315 [main] DEBUG o.dbunit.dataset.OrderedTableNameMap - getTableName(tableName=order_items) - end - result=ORDER_ITEMS
23:05:02.315 [main] DEBUG o.dbunit.dataset.OrderedTableNameMap - getTableName(tableName=order_items) - start
23:05:02.317 [main] DEBUG o.dbunit.dataset.OrderedTableNameMap - getTableName(tableName=order_items) - end - result=ORDER_ITEMS
23:05:02.317 [main] DEBUG org.dbunit.dataset.DefaultTable - addTableRows(table=org.dbunit.dataset.DefaultTable[_metaData=tableName=order_items, columns=[(id, UNKNOWN, nullableUnknown), (order_order_number, UNKNOWN, nullableUnknown), (product_sku_number, UNKNOWN, nullableUnknown), (quantity, UNKNOWN, nullableUnknown)], keys=[], _rowList.size()=2]) - start
23:05:02.317 [main] DEBUG org.dbunit.dataset.DefaultTable - getValue(row=0, column=id) - start
23:05:02.319 [main] DEBUG org.dbunit.dataset.AbstractTable - assertValidRowIndex(row=0) - start
23:05:02.319 [main] DEBUG org.dbunit.dataset.AbstractTable - assertValidRowIndex(row=0, rowCount=2) - start
23:05:02.319 [main] DEBUG org.dbunit.dataset.AbstractTable - getColumnIndex(columnName=id) - start
23:05:02.319 [main] DEBUG o.d.dataset.AbstractTableMetaData - getColumnIndex(columnName=id) - start
23:05:02.319 [main] DEBUG org.dbunit.dataset.DefaultTable - getValue(row=0, column=order_order_number) - start
23:05:02.320 [main] DEBUG org.dbunit.dataset.AbstractTable - assertValidRowIndex(row=0) - start
23:05:02.320 [main] DEBUG org.dbunit.dataset.AbstractTable - assertValidRowIndex(row=0, rowCount=2) - start
23:05:02.320 [main] DEBUG org.dbunit.dataset.AbstractTable - getColumnIndex(columnName=order_order_number) - start
23:05:02.320 [main] DEBUG o.d.dataset.AbstractTableMetaData - getColumnIndex(columnName=order_order_number) - start
23:05:02.320 [main] DEBUG org.dbunit.dataset.DefaultTable - getValue(row=0, column=product_sku_number) - start
23:05:02.322 [main] DEBUG org.dbunit.dataset.AbstractTable - assertValidRowIndex(row=0) - start
23:05:02.322 [main] DEBUG org.dbunit.dataset.AbstractTable - assertValidRowIndex(row=0, rowCount=2) - start
23:05:02.323 [main] DEBUG org.dbunit.dataset.AbstractTable - getColumnIndex(columnName=product_sku_number) - start
23:05:02.323 [main] DEBUG o.d.dataset.AbstractTableMetaData - getColumnIndex(columnName=product_sku_number) - start
23:05:02.323 [main] DEBUG org.dbunit.dataset.DefaultTable - getValue(row=0, column=quantity) - start
23:05:02.323 [main] DEBUG org.dbunit.dataset.AbstractTable - assertValidRowIndex(row=0) - start
23:05:02.323 [main] DEBUG org.dbunit.dataset.AbstractTable - assertValidRowIndex(row=0, rowCount=2) - start
23:05:02.323 [main] DEBUG org.dbunit.dataset.AbstractTable - getColumnIndex(columnName=quantity) - start
23:05:02.323 [main] DEBUG o.d.dataset.AbstractTableMetaData - getColumnIndex(columnName=quantity) - start
23:05:02.323 [main] DEBUG org.dbunit.dataset.DefaultTable - getValue(row=1, column=id) - start
23:05:02.325 [main] DEBUG org.dbunit.dataset.AbstractTable - assertValidRowIndex(row=1) - start
23:05:02.325 [main] DEBUG org.dbunit.dataset.AbstractTable - assertValidRowIndex(row=1, rowCount=2) - start
23:05:02.325 [main] DEBUG org.dbunit.dataset.AbstractTable - getColumnIndex(columnName=id) - start
23:05:02.325 [main] DEBUG o.d.dataset.AbstractTableMetaData - getColumnIndex(columnName=id) - start
23:05:02.325 [main] DEBUG org.dbunit.dataset.DefaultTable - getValue(row=1, column=order_order_number) - start
23:05:02.326 [main] DEBUG org.dbunit.dataset.AbstractTable - assertValidRowIndex(row=1) - start
23:05:02.326 [main] DEBUG org.dbunit.dataset.AbstractTable - assertValidRowIndex(row=1, rowCount=2) - start
23:05:02.326 [main] DEBUG org.dbunit.dataset.AbstractTable - getColumnIndex(columnName=order_order_number) - start
23:05:02.326 [main] DEBUG o.d.dataset.AbstractTableMetaData - getColumnIndex(columnName=order_order_number) - start
23:05:02.327 [main] DEBUG org.dbunit.dataset.DefaultTable - getValue(row=1, column=product_sku_number) - start
23:05:02.328 [main] DEBUG org.dbunit.dataset.AbstractTable - assertValidRowIndex(row=1) - start
23:05:02.328 [main] DEBUG org.dbunit.dataset.AbstractTable - assertValidRowIndex(row=1, rowCount=2) - start
23:05:02.328 [main] DEBUG org.dbunit.dataset.AbstractTable - getColumnIndex(columnName=product_sku_number) - start
23:05:02.328 [main] DEBUG o.d.dataset.AbstractTableMetaData - getColumnIndex(columnName=product_sku_number) - start
23:05:02.328 [main] DEBUG org.dbunit.dataset.DefaultTable - getValue(row=1, column=quantity) - start
23:05:02.329 [main] DEBUG org.dbunit.dataset.AbstractTable - assertValidRowIndex(row=1) - start
23:05:02.329 [main] DEBUG org.dbunit.dataset.AbstractTable - assertValidRowIndex(row=1, rowCount=2) - start
23:05:02.330 [main] DEBUG org.dbunit.dataset.AbstractTable - getColumnIndex(columnName=quantity) - start
23:05:02.330 [main] DEBUG o.d.dataset.AbstractTableMetaData - getColumnIndex(columnName=quantity) - start
23:05:02.330 [main] DEBUG org.dbunit.dataset.DefaultTable - getValue(row=2, column=id) - start
23:05:02.331 [main] DEBUG org.dbunit.dataset.AbstractTable - assertValidRowIndex(row=2) - start
23:05:02.331 [main] DEBUG org.dbunit.dataset.AbstractTable - assertValidRowIndex(row=2, rowCount=2) - start
23:05:02.331 [main] DEBUG o.dbunit.dataset.OrderedTableNameMap - getTableName(tableName=orders) - start
23:05:02.331 [main] DEBUG o.dbunit.dataset.OrderedTableNameMap - getTableName(tableName=orders) - end - result=ORDERS
23:05:02.331 [main] DEBUG o.dbunit.dataset.OrderedTableNameMap - getTableName(tableName=orders) - start
23:05:02.332 [main] DEBUG o.dbunit.dataset.OrderedTableNameMap - getTableName(tableName=orders) - end - result=ORDERS
23:05:02.332 [main] DEBUG o.dbunit.dataset.OrderedTableNameMap - setLastTable(nameorders) - start
23:05:02.333 [main] DEBUG o.dbunit.dataset.OrderedTableNameMap - getTableName(tableName=orders) - start
23:05:02.333 [main] DEBUG o.dbunit.dataset.OrderedTableNameMap - getTableName(tableName=orders) - end - result=ORDERS
23:05:02.333 [main] DEBUG org.dbunit.dataset.CachedDataSet - startTable(metaData=tableName=orders, columns=[(order_number, UNKNOWN, nullableUnknown), (customer_id, UNKNOWN, nullableUnknown), (date, UNKNOWN, nullableUnknown), (amount, UNKNOWN, nullableUnknown), (order_status, UNKNOWN, nullableUnknown), (discount_status, UNKNOWN, nullableUnknown)], keys=[]) - start
23:05:02.334 [main] DEBUG o.dbunit.dataset.OrderedTableNameMap - getLastTableName() - start
23:05:02.334 [main] DEBUG o.dbunit.dataset.OrderedTableNameMap - getTableName(tableName=orders) - start
23:05:02.334 [main] DEBUG o.dbunit.dataset.OrderedTableNameMap - getTableName(tableName=orders) - end - result=ORDERS
23:05:02.334 [main] DEBUG o.d.dataset.AbstractTableMetaData - getColumnIndex(columnName=order_number) - start
23:05:02.334 [main] DEBUG o.d.dataset.AbstractTableMetaData - getColumnIndex(columnName=customer_id) - start
23:05:02.336 [main] DEBUG o.d.dataset.AbstractTableMetaData - getColumnIndex(columnName=date) - start
23:05:02.336 [main] DEBUG o.d.dataset.AbstractTableMetaData - getColumnIndex(columnName=amount) - start
23:05:02.336 [main] DEBUG o.d.dataset.AbstractTableMetaData - getColumnIndex(columnName=order_status) - start
23:05:02.336 [main] DEBUG o.d.dataset.AbstractTableMetaData - getColumnIndex(columnName=discount_status) - start
23:05:02.336 [main] DEBUG o.dbunit.dataset.OrderedTableNameMap - getLastTableName() - start
23:05:02.338 [main] DEBUG o.dbunit.dataset.OrderedTableNameMap - getTableName(tableName=orders) - start
23:05:02.338 [main] DEBUG o.dbunit.dataset.OrderedTableNameMap - getTableName(tableName=orders) - end - result=ORDERS
23:05:02.338 [main] DEBUG org.dbunit.dataset.CachedDataSet - row(values=3) - start
23:05:02.338 [main] DEBUG org.dbunit.dataset.DefaultTable - addRow(values=3) - start
23:05:02.338 [main] DEBUG o.dbunit.dataset.xml.FlatXmlProducer - endElement(uri=, localName=, qName=orders) - start
23:05:02.338 [main] DEBUG o.dbunit.dataset.xml.FlatXmlProducer - startElement(uri=, localName=, qName=order_items, attributes=org.apache.xerces.parsers.AbstractSAXParser$AttributesProxy@6c585a) - start
23:05:02.339 [main] DEBUG o.dbunit.dataset.OrderedTableNameMap - getLastTableName() - start
23:05:02.340 [main] DEBUG o.dbunit.dataset.OrderedTableNameMap - getTableName(tableName=orders) - start
23:05:02.340 [main] DEBUG o.dbunit.dataset.OrderedTableNameMap - getTableName(tableName=orders) - end - result=ORDERS
23:05:02.340 [main] DEBUG o.dbunit.dataset.OrderedTableNameMap - isLastTable(tableName=order_items) - start
23:05:02.340 [main] DEBUG o.dbunit.dataset.OrderedTableNameMap - getLastTableName() - start
23:05:02.341 [main] DEBUG o.dbunit.dataset.OrderedTableNameMap - getTableName(tableName=orders) - start
23:05:02.341 [main] DEBUG o.dbunit.dataset.OrderedTableNameMap - getTableName(tableName=orders) - end - result=ORDERS
23:05:02.341 [main] DEBUG o.dbunit.dataset.OrderedTableNameMap - getTableName(tableName=order_items) - start
23:05:02.341 [main] DEBUG o.dbunit.dataset.OrderedTableNameMap - getTableName(tableName=order_items) - end - result=ORDER_ITEMS
23:05:02.341 [main] DEBUG org.dbunit.dataset.CachedDataSet - endTable() - start
23:05:02.343 [main] DEBUG o.dbunit.dataset.OrderedTableNameMap - getTableName(tableName=orders) - start
23:05:02.343 [main] DEBUG o.dbunit.dataset.OrderedTableNameMap - getTableName(tableName=orders) - end - result=ORDERS
23:05:02.343 [main] DEBUG o.dbunit.dataset.OrderedTableNameMap - getTableName(tableName=orders) - start
23:05:02.343 [main] DEBUG o.dbunit.dataset.OrderedTableNameMap - getTableName(tableName=orders) - end - result=ORDERS
23:05:02.344 [main] DEBUG org.dbunit.dataset.DefaultTable - addTableRows(table=org.dbunit.dataset.DefaultTable[_metaData=tableName=orders, columns=[(order_number, UNKNOWN, nullableUnknown), (customer_id, UNKNOWN, nullableUnknown), (date, UNKNOWN, nullableUnknown), (amount, UNKNOWN, nullableUnknown), (order_status, UNKNOWN, nullableUnknown), (discount_status, UNKNOWN, nullableUnknown)], keys=[], _rowList.size()=1]) - start
23:05:02.345 [main] DEBUG org.dbunit.dataset.DefaultTable - getValue(row=0, column=order_number) - start
23:05:02.345 [main] DEBUG org.dbunit.dataset.AbstractTable - assertValidRowIndex(row=0) - start
23:05:02.345 [main] DEBUG org.dbunit.dataset.AbstractTable - assertValidRowIndex(row=0, rowCount=1) - start
23:05:02.345 [main] DEBUG org.dbunit.dataset.AbstractTable - getColumnIndex(columnName=order_number) - start
23:05:02.345 [main] DEBUG o.d.dataset.AbstractTableMetaData - getColumnIndex(columnName=order_number) - start
23:05:02.347 [main] DEBUG org.dbunit.dataset.DefaultTable - getValue(row=0, column=customer_id) - start
23:05:02.347 [main] DEBUG org.dbunit.dataset.AbstractTable - assertValidRowIndex(row=0) - start
23:05:02.347 [main] DEBUG org.dbunit.dataset.AbstractTable - assertValidRowIndex(row=0, rowCount=1) - start
23:05:02.347 [main] DEBUG org.dbunit.dataset.AbstractTable - getColumnIndex(columnName=customer_id) - start
23:05:02.347 [main] DEBUG o.d.dataset.AbstractTableMetaData - getColumnIndex(columnName=customer_id) - start
23:05:02.349 [main] DEBUG org.dbunit.dataset.DefaultTable - getValue(row=0, column=date) - start
23:05:02.349 [main] DEBUG org.dbunit.dataset.AbstractTable - assertValidRowIndex(row=0) - start
23:05:02.349 [main] DEBUG org.dbunit.dataset.AbstractTable - assertValidRowIndex(row=0, rowCount=1) - start
23:05:02.349 [main] DEBUG org.dbunit.dataset.AbstractTable - getColumnIndex(columnName=date) - start
23:05:02.349 [main] DEBUG o.d.dataset.AbstractTableMetaData - getColumnIndex(columnName=date) - start
23:05:02.349 [main] DEBUG org.dbunit.dataset.DefaultTable - getValue(row=0, column=amount) - start
23:05:02.350 [main] DEBUG org.dbunit.dataset.AbstractTable - assertValidRowIndex(row=0) - start
23:05:02.350 [main] DEBUG org.dbunit.dataset.AbstractTable - assertValidRowIndex(row=0, rowCount=1) - start
23:05:02.350 [main] DEBUG org.dbunit.dataset.AbstractTable - getColumnIndex(columnName=amount) - start
23:05:02.350 [main] DEBUG o.d.dataset.AbstractTableMetaData - getColumnIndex(columnName=amount) - start
23:05:02.350 [main] DEBUG org.dbunit.dataset.DefaultTable - getValue(row=0, column=order_status) - start
23:05:02.353 [main] DEBUG org.dbunit.dataset.AbstractTable - assertValidRowIndex(row=0) - start
23:05:02.354 [main] DEBUG org.dbunit.dataset.AbstractTable - assertValidRowIndex(row=0, rowCount=1) - start
23:05:02.354 [main] DEBUG org.dbunit.dataset.AbstractTable - getColumnIndex(columnName=order_status) - start
23:05:02.354 [main] DEBUG o.d.dataset.AbstractTableMetaData - getColumnIndex(columnName=order_status) - start
23:05:02.354 [main] DEBUG org.dbunit.dataset.DefaultTable - getValue(row=0, column=discount_status) - start
23:05:02.354 [main] DEBUG org.dbunit.dataset.AbstractTable - assertValidRowIndex(row=0) - start
23:05:02.454 [main] DEBUG org.dbunit.dataset.AbstractTable - assertValidRowIndex(row=0, rowCount=1) - start
23:05:02.454 [main] DEBUG org.dbunit.dataset.AbstractTable - getColumnIndex(columnName=discount_status) - start
23:05:02.454 [main] DEBUG o.d.dataset.AbstractTableMetaData - getColumnIndex(columnName=discount_status) - start
23:05:02.454 [main] DEBUG org.dbunit.dataset.DefaultTable - getValue(row=1, column=order_number) - start
23:05:02.454 [main] DEBUG org.dbunit.dataset.AbstractTable - assertValidRowIndex(row=1) - start
23:05:02.455 [main] DEBUG org.dbunit.dataset.AbstractTable - assertValidRowIndex(row=1, rowCount=1) - start
23:05:02.455 [main] DEBUG o.dbunit.dataset.OrderedTableNameMap - getTableName(tableName=order_items) - start
23:05:02.455 [main] DEBUG o.dbunit.dataset.OrderedTableNameMap - getTableName(tableName=order_items) - end - result=ORDER_ITEMS
23:05:02.455 [main] DEBUG o.dbunit.dataset.OrderedTableNameMap - getTableName(tableName=order_items) - start
23:05:02.455 [main] DEBUG o.dbunit.dataset.OrderedTableNameMap - getTableName(tableName=order_items) - end - result=ORDER_ITEMS
23:05:02.457 [main] DEBUG o.dbunit.dataset.OrderedTableNameMap - setLastTable(nameorder_items) - start
23:05:02.457 [main] DEBUG o.dbunit.dataset.OrderedTableNameMap - getTableName(tableName=order_items) - start
23:05:02.457 [main] DEBUG o.dbunit.dataset.OrderedTableNameMap - getTableName(tableName=order_items) - end - result=ORDER_ITEMS
23:05:02.457 [main] DEBUG org.dbunit.dataset.CachedDataSet - startTable(metaData=tableName=order_items, columns=[(id, UNKNOWN, nullableUnknown), (order_order_number, UNKNOWN, nullableUnknown), (product_sku_number, UNKNOWN, nullableUnknown), (quantity, UNKNOWN, nullableUnknown)], keys=[]) - start
23:05:02.459 [main] DEBUG o.dbunit.dataset.OrderedTableNameMap - getLastTableName() - start
23:05:02.459 [main] DEBUG o.dbunit.dataset.OrderedTableNameMap - getTableName(tableName=order_items) - start
23:05:02.459 [main] DEBUG o.dbunit.dataset.OrderedTableNameMap - getTableName(tableName=order_items) - end - result=ORDER_ITEMS
23:05:02.459 [main] DEBUG o.d.dataset.AbstractTableMetaData - getColumnIndex(columnName=id) - start
23:05:02.459 [main] DEBUG o.d.dataset.AbstractTableMetaData - getColumnIndex(columnName=order_order_number) - start
23:05:02.460 [main] DEBUG o.d.dataset.AbstractTableMetaData - getColumnIndex(columnName=product_sku_number) - start
23:05:02.460 [main] DEBUG o.d.dataset.AbstractTableMetaData - getColumnIndex(columnName=quantity) - start
23:05:02.460 [main] DEBUG o.dbunit.dataset.OrderedTableNameMap - getLastTableName() - start
23:05:02.460 [main] DEBUG o.dbunit.dataset.OrderedTableNameMap - getTableName(tableName=order_items) - start
23:05:02.460 [main] DEBUG o.dbunit.dataset.OrderedTableNameMap - getTableName(tableName=order_items) - end - result=ORDER_ITEMS
23:05:02.462 [main] DEBUG org.dbunit.dataset.CachedDataSet - row(values=4) - start
23:05:02.462 [main] DEBUG org.dbunit.dataset.DefaultTable - addRow(values=4) - start
23:05:02.462 [main] DEBUG o.dbunit.dataset.xml.FlatXmlProducer - endElement(uri=, localName=, qName=order_items) - start
23:05:02.462 [main] DEBUG o.dbunit.dataset.xml.FlatXmlProducer - startElement(uri=, localName=, qName=orders, attributes=org.apache.xerces.parsers.AbstractSAXParser$AttributesProxy@6c585a) - start
23:05:02.462 [main] DEBUG o.dbunit.dataset.OrderedTableNameMap - getLastTableName() - start
23:05:02.464 [main] DEBUG o.dbunit.dataset.OrderedTableNameMap - getTableName(tableName=order_items) - start
23:05:02.464 [main] DEBUG o.dbunit.dataset.OrderedTableNameMap - getTableName(tableName=order_items) - end - result=ORDER_ITEMS
23:05:02.464 [main] DEBUG o.dbunit.dataset.OrderedTableNameMap - isLastTable(tableName=orders) - start
23:05:02.464 [main] DEBUG o.dbunit.dataset.OrderedTableNameMap - getLastTableName() - start
23:05:02.464 [main] DEBUG o.dbunit.dataset.OrderedTableNameMap - getTableName(tableName=order_items) - start
23:05:02.466 [main] DEBUG o.dbunit.dataset.OrderedTableNameMap - getTableName(tableName=order_items) - end - result=ORDER_ITEMS
23:05:02.466 [main] DEBUG o.dbunit.dataset.OrderedTableNameMap - getTableName(tableName=orders) - start
23:05:02.466 [main] DEBUG o.dbunit.dataset.OrderedTableNameMap - getTableName(tableName=orders) - end - result=ORDERS
23:05:02.466 [main] DEBUG org.dbunit.dataset.CachedDataSet - endTable() - start
23:05:02.466 [main] DEBUG o.dbunit.dataset.OrderedTableNameMap - getTableName(tableName=order_items) - start
23:05:02.467 [main] DEBUG o.dbunit.dataset.OrderedTableNameMap - getTableName(tableName=order_items) - end - result=ORDER_ITEMS
23:05:02.467 [main] DEBUG o.dbunit.dataset.OrderedTableNameMap - getTableName(tableName=order_items) - start
23:05:02.467 [main] DEBUG o.dbunit.dataset.OrderedTableNameMap - getTableName(tableName=order_items) - end - result=ORDER_ITEMS
23:05:02.467 [main] DEBUG org.dbunit.dataset.DefaultTable - addTableRows(table=org.dbunit.dataset.DefaultTable[_metaData=tableName=order_items, columns=[(id, UNKNOWN, nullableUnknown), (order_order_number, UNKNOWN, nullableUnknown), (product_sku_number, UNKNOWN, nullableUnknown), (quantity, UNKNOWN, nullableUnknown)], keys=[], _rowList.size()=1]) - start
23:05:02.469 [main] DEBUG org.dbunit.dataset.DefaultTable - getValue(row=0, column=id) - start
23:05:02.469 [main] DEBUG org.dbunit.dataset.AbstractTable - assertValidRowIndex(row=0) - start
23:05:02.469 [main] DEBUG org.dbunit.dataset.AbstractTable - assertValidRowIndex(row=0, rowCount=1) - start
23:05:02.469 [main] DEBUG org.dbunit.dataset.AbstractTable - getColumnIndex(columnName=id) - start
23:05:02.469 [main] DEBUG o.d.dataset.AbstractTableMetaData - getColumnIndex(columnName=id) - start
23:05:02.469 [main] DEBUG org.dbunit.dataset.DefaultTable - getValue(row=0, column=order_order_number) - start
23:05:02.470 [main] DEBUG org.dbunit.dataset.AbstractTable - assertValidRowIndex(row=0) - start
23:05:02.470 [main] DEBUG org.dbunit.dataset.AbstractTable - assertValidRowIndex(row=0, rowCount=1) - start
23:05:02.471 [main] DEBUG org.dbunit.dataset.AbstractTable - getColumnIndex(columnName=order_order_number) - start
23:05:02.471 [main] DEBUG o.d.dataset.AbstractTableMetaData - getColumnIndex(columnName=order_order_number) - start
23:05:02.471 [main] DEBUG org.dbunit.dataset.DefaultTable - getValue(row=0, column=product_sku_number) - start
23:05:02.473 [main] DEBUG org.dbunit.dataset.AbstractTable - assertValidRowIndex(row=0) - start
23:05:02.473 [main] DEBUG org.dbunit.dataset.AbstractTable - assertValidRowIndex(row=0, rowCount=1) - start
23:05:02.473 [main] DEBUG org.dbunit.dataset.AbstractTable - getColumnIndex(columnName=product_sku_number) - start
23:05:02.473 [main] DEBUG o.d.dataset.AbstractTableMetaData - getColumnIndex(columnName=product_sku_number) - start
23:05:02.473 [main] DEBUG org.dbunit.dataset.DefaultTable - getValue(row=0, column=quantity) - start
23:05:02.474 [main] DEBUG org.dbunit.dataset.AbstractTable - assertValidRowIndex(row=0) - start
23:05:02.475 [main] DEBUG org.dbunit.dataset.AbstractTable - assertValidRowIndex(row=0, rowCount=1) - start
23:05:02.475 [main] DEBUG org.dbunit.dataset.AbstractTable - getColumnIndex(columnName=quantity) - start
23:05:02.476 [main] DEBUG o.d.dataset.AbstractTableMetaData - getColumnIndex(columnName=quantity) - start
23:05:02.476 [main] DEBUG org.dbunit.dataset.DefaultTable - getValue(row=1, column=id) - start
23:05:02.476 [main] DEBUG org.dbunit.dataset.AbstractTable - assertValidRowIndex(row=1) - start
23:05:02.476 [main] DEBUG org.dbunit.dataset.AbstractTable - assertValidRowIndex(row=1, rowCount=1) - start
23:05:02.476 [main] DEBUG o.dbunit.dataset.OrderedTableNameMap - getTableName(tableName=orders) - start
23:05:02.476 [main] DEBUG o.dbunit.dataset.OrderedTableNameMap - getTableName(tableName=orders) - end - result=ORDERS
23:05:02.476 [main] DEBUG o.dbunit.dataset.OrderedTableNameMap - getTableName(tableName=orders) - start
23:05:02.478 [main] DEBUG o.dbunit.dataset.OrderedTableNameMap - getTableName(tableName=orders) - end - result=ORDERS
23:05:02.478 [main] DEBUG o.dbunit.dataset.OrderedTableNameMap - setLastTable(nameorders) - start
23:05:02.478 [main] DEBUG o.dbunit.dataset.OrderedTableNameMap - getTableName(tableName=orders) - start
23:05:02.478 [main] DEBUG o.dbunit.dataset.OrderedTableNameMap - getTableName(tableName=orders) - end - result=ORDERS
23:05:02.478 [main] DEBUG org.dbunit.dataset.CachedDataSet - startTable(metaData=tableName=orders, columns=[(order_number, UNKNOWN, nullableUnknown), (customer_id, UNKNOWN, nullableUnknown), (date, UNKNOWN, nullableUnknown), (amount, UNKNOWN, nullableUnknown), (order_status, UNKNOWN, nullableUnknown), (discount_status, UNKNOWN, nullableUnknown)], keys=[]) - start
23:05:02.479 [main] DEBUG o.dbunit.dataset.OrderedTableNameMap - getLastTableName() - start
23:05:02.479 [main] DEBUG o.dbunit.dataset.OrderedTableNameMap - getTableName(tableName=orders) - start
23:05:02.479 [main] DEBUG o.dbunit.dataset.OrderedTableNameMap - getTableName(tableName=orders) - end - result=ORDERS
23:05:02.479 [main] DEBUG o.d.dataset.AbstractTableMetaData - getColumnIndex(columnName=order_number) - start
23:05:02.479 [main] DEBUG o.d.dataset.AbstractTableMetaData - getColumnIndex(columnName=customer_id) - start
23:05:02.481 [main] DEBUG o.d.dataset.AbstractTableMetaData - getColumnIndex(columnName=date) - start
23:05:02.481 [main] DEBUG o.d.dataset.AbstractTableMetaData - getColumnIndex(columnName=amount) - start
23:05:02.481 [main] DEBUG o.d.dataset.AbstractTableMetaData - getColumnIndex(columnName=order_status) - start
23:05:02.481 [main] DEBUG o.d.dataset.AbstractTableMetaData - getColumnIndex(columnName=discount_status) - start
23:05:02.481 [main] DEBUG o.dbunit.dataset.OrderedTableNameMap - getLastTableName() - start
23:05:02.483 [main] DEBUG o.dbunit.dataset.OrderedTableNameMap - getTableName(tableName=orders) - start
23:05:02.483 [main] DEBUG o.dbunit.dataset.OrderedTableNameMap - getTableName(tableName=orders) - end - result=ORDERS
23:05:02.483 [main] DEBUG org.dbunit.dataset.CachedDataSet - row(values=4) - start
23:05:02.483 [main] DEBUG org.dbunit.dataset.DefaultTable - addRow(values=4) - start
23:05:02.483 [main] DEBUG o.dbunit.dataset.xml.FlatXmlProducer - endElement(uri=, localName=, qName=orders) - start
23:05:02.483 [main] DEBUG o.dbunit.dataset.xml.FlatXmlProducer - startElement(uri=, localName=, qName=order_items, attributes=org.apache.xerces.parsers.AbstractSAXParser$AttributesProxy@6c585a) - start
23:05:02.485 [main] DEBUG o.dbunit.dataset.OrderedTableNameMap - getLastTableName() - start
23:05:02.485 [main] DEBUG o.dbunit.dataset.OrderedTableNameMap - getTableName(tableName=orders) - start
23:05:02.485 [main] DEBUG o.dbunit.dataset.OrderedTableNameMap - getTableName(tableName=orders) - end - result=ORDERS
23:05:02.486 [main] DEBUG o.dbunit.dataset.OrderedTableNameMap - isLastTable(tableName=order_items) - start
23:05:02.486 [main] DEBUG o.dbunit.dataset.OrderedTableNameMap - getLastTableName() - start
23:05:02.486 [main] DEBUG o.dbunit.dataset.OrderedTableNameMap - getTableName(tableName=orders) - start
23:05:02.486 [main] DEBUG o.dbunit.dataset.OrderedTableNameMap - getTableName(tableName=orders) - end - result=ORDERS
23:05:02.486 [main] DEBUG o.dbunit.dataset.OrderedTableNameMap - getTableName(tableName=order_items) - start
23:05:02.488 [main] DEBUG o.dbunit.dataset.OrderedTableNameMap - getTableName(tableName=order_items) - end - result=ORDER_ITEMS
23:05:02.489 [main] DEBUG org.dbunit.dataset.CachedDataSet - endTable() - start
23:05:02.489 [main] DEBUG o.dbunit.dataset.OrderedTableNameMap - getTableName(tableName=orders) - start
23:05:02.489 [main] DEBUG o.dbunit.dataset.OrderedTableNameMap - getTableName(tableName=orders) - end - result=ORDERS
23:05:02.489 [main] DEBUG o.dbunit.dataset.OrderedTableNameMap - getTableName(tableName=orders) - start
23:05:02.490 [main] DEBUG o.dbunit.dataset.OrderedTableNameMap - getTableName(tableName=orders) - end - result=ORDERS
23:05:02.490 [main] DEBUG org.dbunit.dataset.DefaultTable - addTableRows(table=org.dbunit.dataset.DefaultTable[_metaData=tableName=orders, columns=[(order_number, UNKNOWN, nullableUnknown), (customer_id, UNKNOWN, nullableUnknown), (date, UNKNOWN, nullableUnknown), (amount, UNKNOWN, nullableUnknown), (order_status, UNKNOWN, nullableUnknown), (discount_status, UNKNOWN, nullableUnknown)], keys=[], _rowList.size()=1]) - start
23:05:02.492 [main] DEBUG org.dbunit.dataset.DefaultTable - getValue(row=0, column=order_number) - start
23:05:02.492 [main] DEBUG org.dbunit.dataset.AbstractTable - assertValidRowIndex(row=0) - start
23:05:02.492 [main] DEBUG org.dbunit.dataset.AbstractTable - assertValidRowIndex(row=0, rowCount=1) - start
23:05:02.492 [main] DEBUG org.dbunit.dataset.AbstractTable - getColumnIndex(columnName=order_number) - start
23:05:02.492 [main] DEBUG o.d.dataset.AbstractTableMetaData - getColumnIndex(columnName=order_number) - start
23:05:02.492 [main] DEBUG org.dbunit.dataset.DefaultTable - getValue(row=0, column=customer_id) - start
23:05:02.492 [main] DEBUG org.dbunit.dataset.AbstractTable - assertValidRowIndex(row=0) - start
23:05:02.492 [main] DEBUG org.dbunit.dataset.AbstractTable - assertValidRowIndex(row=0, rowCount=1) - start
23:05:02.492 [main] DEBUG org.dbunit.dataset.AbstractTable - getColumnIndex(columnName=customer_id) - start
23:05:02.492 [main] DEBUG o.d.dataset.AbstractTableMetaData - getColumnIndex(columnName=customer_id) - start
23:05:02.494 [main] DEBUG org.dbunit.dataset.DefaultTable - getValue(row=0, column=date) - start
23:05:02.494 [main] DEBUG org.dbunit.dataset.AbstractTable - assertValidRowIndex(row=0) - start
23:05:02.494 [main] DEBUG org.dbunit.dataset.AbstractTable - assertValidRowIndex(row=0, rowCount=1) - start
23:05:02.495 [main] DEBUG org.dbunit.dataset.AbstractTable - getColumnIndex(columnName=date) - start
23:05:02.495 [main] DEBUG o.d.dataset.AbstractTableMetaData - getColumnIndex(columnName=date) - start
23:05:02.495 [main] DEBUG org.dbunit.dataset.DefaultTable - getValue(row=0, column=amount) - start
23:05:02.496 [main] DEBUG org.dbunit.dataset.AbstractTable - assertValidRowIndex(row=0) - start
23:05:02.496 [main] DEBUG org.dbunit.dataset.AbstractTable - assertValidRowIndex(row=0, rowCount=1) - start
23:05:02.496 [main] DEBUG org.dbunit.dataset.AbstractTable - getColumnIndex(columnName=amount) - start
23:05:02.496 [main] DEBUG o.d.dataset.AbstractTableMetaData - getColumnIndex(columnName=amount) - start
23:05:02.496 [main] DEBUG org.dbunit.dataset.DefaultTable - getValue(row=0, column=order_status) - start
23:05:02.498 [main] DEBUG org.dbunit.dataset.AbstractTable - assertValidRowIndex(row=0) - start
23:05:02.498 [main] DEBUG org.dbunit.dataset.AbstractTable - assertValidRowIndex(row=0, rowCount=1) - start
23:05:02.498 [main] DEBUG org.dbunit.dataset.AbstractTable - getColumnIndex(columnName=order_status) - start
23:05:02.498 [main] DEBUG o.d.dataset.AbstractTableMetaData - getColumnIndex(columnName=order_status) - start
23:05:02.498 [main] DEBUG org.dbunit.dataset.DefaultTable - getValue(row=0, column=discount_status) - start
23:05:02.499 [main] DEBUG org.dbunit.dataset.AbstractTable - assertValidRowIndex(row=0) - start
23:05:02.499 [main] DEBUG org.dbunit.dataset.AbstractTable - assertValidRowIndex(row=0, rowCount=1) - start
23:05:02.499 [main] DEBUG org.dbunit.dataset.AbstractTable - getColumnIndex(columnName=discount_status) - start
23:05:02.500 [main] DEBUG o.d.dataset.AbstractTableMetaData - getColumnIndex(columnName=discount_status) - start
23:05:02.500 [main] DEBUG org.dbunit.dataset.DefaultTable - getValue(row=1, column=order_number) - start
23:05:02.501 [main] DEBUG org.dbunit.dataset.AbstractTable - assertValidRowIndex(row=1) - start
23:05:02.501 [main] DEBUG org.dbunit.dataset.AbstractTable - assertValidRowIndex(row=1, rowCount=1) - start
23:05:02.501 [main] DEBUG o.dbunit.dataset.OrderedTableNameMap - getTableName(tableName=order_items) - start
23:05:02.501 [main] DEBUG o.dbunit.dataset.OrderedTableNameMap - getTableName(tableName=order_items) - end - result=ORDER_ITEMS
23:05:02.501 [main] DEBUG o.dbunit.dataset.OrderedTableNameMap - getTableName(tableName=order_items) - start
23:05:02.503 [main] DEBUG o.dbunit.dataset.OrderedTableNameMap - getTableName(tableName=order_items) - end - result=ORDER_ITEMS
23:05:02.503 [main] DEBUG o.dbunit.dataset.OrderedTableNameMap - setLastTable(nameorder_items) - start
23:05:02.503 [main] DEBUG o.dbunit.dataset.OrderedTableNameMap - getTableName(tableName=order_items) - start
23:05:02.503 [main] DEBUG o.dbunit.dataset.OrderedTableNameMap - getTableName(tableName=order_items) - end - result=ORDER_ITEMS
23:05:02.503 [main] DEBUG org.dbunit.dataset.CachedDataSet - startTable(metaData=tableName=order_items, columns=[(id, UNKNOWN, nullableUnknown), (order_order_number, UNKNOWN, nullableUnknown), (product_sku_number, UNKNOWN, nullableUnknown), (quantity, UNKNOWN, nullableUnknown)], keys=[]) - start
23:05:02.504 [main] DEBUG o.dbunit.dataset.OrderedTableNameMap - getLastTableName() - start
23:05:02.505 [main] DEBUG o.dbunit.dataset.OrderedTableNameMap - getTableName(tableName=order_items) - start
23:05:02.505 [main] DEBUG o.dbunit.dataset.OrderedTableNameMap - getTableName(tableName=order_items) - end - result=ORDER_ITEMS
23:05:02.505 [main] DEBUG o.d.dataset.AbstractTableMetaData - getColumnIndex(columnName=id) - start
23:05:02.505 [main] DEBUG o.d.dataset.AbstractTableMetaData - getColumnIndex(columnName=order_order_number) - start
23:05:02.506 [main] DEBUG o.d.dataset.AbstractTableMetaData - getColumnIndex(columnName=product_sku_number) - start
23:05:02.506 [main] DEBUG o.d.dataset.AbstractTableMetaData - getColumnIndex(columnName=quantity) - start
23:05:02.506 [main] DEBUG o.dbunit.dataset.OrderedTableNameMap - getLastTableName() - start
23:05:02.506 [main] DEBUG o.dbunit.dataset.OrderedTableNameMap - getTableName(tableName=order_items) - start
23:05:02.507 [main] DEBUG o.dbunit.dataset.OrderedTableNameMap - getTableName(tableName=order_items) - end - result=ORDER_ITEMS
23:05:02.508 [main] DEBUG org.dbunit.dataset.CachedDataSet - row(values=5) - start
23:05:02.509 [main] DEBUG org.dbunit.dataset.DefaultTable - addRow(values=5) - start
23:05:02.509 [main] DEBUG o.dbunit.dataset.xml.FlatXmlProducer - endElement(uri=, localName=, qName=order_items) - start
23:05:02.511 [main] DEBUG o.dbunit.dataset.xml.FlatXmlProducer - startElement(uri=, localName=, qName=orders, attributes=org.apache.xerces.parsers.AbstractSAXParser$AttributesProxy@6c585a) - start
23:05:02.511 [main] DEBUG o.dbunit.dataset.OrderedTableNameMap - getLastTableName() - start
23:05:02.511 [main] DEBUG o.dbunit.dataset.OrderedTableNameMap - getTableName(tableName=order_items) - start
23:05:02.511 [main] DEBUG o.dbunit.dataset.OrderedTableNameMap - getTableName(tableName=order_items) - end - result=ORDER_ITEMS
23:05:02.611 [main] DEBUG o.dbunit.dataset.OrderedTableNameMap - isLastTable(tableName=orders) - start
23:05:02.611 [main] DEBUG o.dbunit.dataset.OrderedTableNameMap - getLastTableName() - start
23:05:02.611 [main] DEBUG o.dbunit.dataset.OrderedTableNameMap - getTableName(tableName=order_items) - start
23:05:02.611 [main] DEBUG o.dbunit.dataset.OrderedTableNameMap - getTableName(tableName=order_items) - end - result=ORDER_ITEMS
23:05:02.611 [main] DEBUG o.dbunit.dataset.OrderedTableNameMap - getTableName(tableName=orders) - start
23:05:02.612 [main] DEBUG o.dbunit.dataset.OrderedTableNameMap - getTableName(tableName=orders) - end - result=ORDERS
23:05:02.612 [main] DEBUG org.dbunit.dataset.CachedDataSet - endTable() - start
23:05:02.612 [main] DEBUG o.dbunit.dataset.OrderedTableNameMap - getTableName(tableName=order_items) - start
23:05:02.612 [main] DEBUG o.dbunit.dataset.OrderedTableNameMap - getTableName(tableName=order_items) - end - result=ORDER_ITEMS
23:05:02.612 [main] DEBUG o.dbunit.dataset.OrderedTableNameMap - getTableName(tableName=order_items) - start
23:05:02.614 [main] DEBUG o.dbunit.dataset.OrderedTableNameMap - getTableName(tableName=order_items) - end - result=ORDER_ITEMS
23:05:02.614 [main] DEBUG org.dbunit.dataset.DefaultTable - addTableRows(table=org.dbunit.dataset.DefaultTable[_metaData=tableName=order_items, columns=[(id, UNKNOWN, nullableUnknown), (order_order_number, UNKNOWN, nullableUnknown), (product_sku_number, UNKNOWN, nullableUnknown), (quantity, UNKNOWN, nullableUnknown)], keys=[], _rowList.size()=1]) - start
23:05:02.614 [main] DEBUG org.dbunit.dataset.DefaultTable - getValue(row=0, column=id) - start
23:05:02.615 [main] DEBUG org.dbunit.dataset.AbstractTable - assertValidRowIndex(row=0) - start
23:05:02.615 [main] DEBUG org.dbunit.dataset.AbstractTable - assertValidRowIndex(row=0, rowCount=1) - start
23:05:02.616 [main] DEBUG org.dbunit.dataset.AbstractTable - getColumnIndex(columnName=id) - start
23:05:02.616 [main] DEBUG o.d.dataset.AbstractTableMetaData - getColumnIndex(columnName=id) - start
23:05:02.616 [main] DEBUG org.dbunit.dataset.DefaultTable - getValue(row=0, column=order_order_number) - start
23:05:02.617 [main] DEBUG org.dbunit.dataset.AbstractTable - assertValidRowIndex(row=0) - start
23:05:02.617 [main] DEBUG org.dbunit.dataset.AbstractTable - assertValidRowIndex(row=0, rowCount=1) - start
23:05:02.617 [main] DEBUG org.dbunit.dataset.AbstractTable - getColumnIndex(columnName=order_order_number) - start
23:05:02.617 [main] DEBUG o.d.dataset.AbstractTableMetaData - getColumnIndex(columnName=order_order_number) - start
23:05:02.617 [main] DEBUG org.dbunit.dataset.DefaultTable - getValue(row=0, column=product_sku_number) - start
23:05:02.618 [main] DEBUG org.dbunit.dataset.AbstractTable - assertValidRowIndex(row=0) - start
23:05:02.619 [main] DEBUG org.dbunit.dataset.AbstractTable - assertValidRowIndex(row=0, rowCount=1) - start
23:05:02.619 [main] DEBUG org.dbunit.dataset.AbstractTable - getColumnIndex(columnName=product_sku_number) - start
23:05:02.619 [main] DEBUG o.d.dataset.AbstractTableMetaData - getColumnIndex(columnName=product_sku_number) - start
23:05:02.619 [main] DEBUG org.dbunit.dataset.DefaultTable - getValue(row=0, column=quantity) - start
23:05:02.620 [main] DEBUG org.dbunit.dataset.AbstractTable - assertValidRowIndex(row=0) - start
23:05:02.620 [main] DEBUG org.dbunit.dataset.AbstractTable - assertValidRowIndex(row=0, rowCount=1) - start
23:05:02.620 [main] DEBUG org.dbunit.dataset.AbstractTable - getColumnIndex(columnName=quantity) - start
23:05:02.620 [main] DEBUG o.d.dataset.AbstractTableMetaData - getColumnIndex(columnName=quantity) - start
23:05:02.620 [main] DEBUG org.dbunit.dataset.DefaultTable - getValue(row=1, column=id) - start
23:05:02.622 [main] DEBUG org.dbunit.dataset.AbstractTable - assertValidRowIndex(row=1) - start
23:05:02.622 [main] DEBUG org.dbunit.dataset.AbstractTable - assertValidRowIndex(row=1, rowCount=1) - start
23:05:02.622 [main] DEBUG o.dbunit.dataset.OrderedTableNameMap - getTableName(tableName=orders) - start
23:05:02.622 [main] DEBUG o.dbunit.dataset.OrderedTableNameMap - getTableName(tableName=orders) - end - result=ORDERS
23:05:02.622 [main] DEBUG o.dbunit.dataset.OrderedTableNameMap - getTableName(tableName=orders) - start
23:05:02.623 [main] DEBUG o.dbunit.dataset.OrderedTableNameMap - getTableName(tableName=orders) - end - result=ORDERS
23:05:02.623 [main] DEBUG o.dbunit.dataset.OrderedTableNameMap - setLastTable(nameorders) - start
23:05:02.623 [main] DEBUG o.dbunit.dataset.OrderedTableNameMap - getTableName(tableName=orders) - start
23:05:02.623 [main] DEBUG o.dbunit.dataset.OrderedTableNameMap - getTableName(tableName=orders) - end - result=ORDERS
23:05:02.623 [main] DEBUG org.dbunit.dataset.CachedDataSet - startTable(metaData=tableName=orders, columns=[(order_number, UNKNOWN, nullableUnknown), (customer_id, UNKNOWN, nullableUnknown), (date, UNKNOWN, nullableUnknown), (amount, UNKNOWN, nullableUnknown), (order_status, UNKNOWN, nullableUnknown), (discount_status, UNKNOWN, nullableUnknown)], keys=[]) - start
23:05:02.625 [main] DEBUG o.dbunit.dataset.OrderedTableNameMap - getLastTableName() - start
23:05:02.625 [main] DEBUG o.dbunit.dataset.OrderedTableNameMap - getTableName(tableName=orders) - start
23:05:02.625 [main] DEBUG o.dbunit.dataset.OrderedTableNameMap - getTableName(tableName=orders) - end - result=ORDERS
23:05:02.625 [main] DEBUG o.d.dataset.AbstractTableMetaData - getColumnIndex(columnName=order_number) - start
23:05:02.625 [main] DEBUG o.d.dataset.AbstractTableMetaData - getColumnIndex(columnName=customer_id) - start
23:05:02.626 [main] DEBUG o.d.dataset.AbstractTableMetaData - getColumnIndex(columnName=date) - start
23:05:02.627 [main] DEBUG o.d.dataset.AbstractTableMetaData - getColumnIndex(columnName=amount) - start
23:05:02.627 [main] DEBUG o.d.dataset.AbstractTableMetaData - getColumnIndex(columnName=order_status) - start
23:05:02.627 [main] DEBUG o.d.dataset.AbstractTableMetaData - getColumnIndex(columnName=discount_status) - start
23:05:02.627 [main] DEBUG o.dbunit.dataset.OrderedTableNameMap - getLastTableName() - start
23:05:02.628 [main] DEBUG o.dbunit.dataset.OrderedTableNameMap - getTableName(tableName=orders) - start
23:05:02.629 [main] DEBUG o.dbunit.dataset.OrderedTableNameMap - getTableName(tableName=orders) - end - result=ORDERS
23:05:02.629 [main] DEBUG org.dbunit.dataset.CachedDataSet - row(values=5) - start
23:05:02.629 [main] DEBUG org.dbunit.dataset.DefaultTable - addRow(values=5) - start
23:05:02.629 [main] DEBUG o.dbunit.dataset.xml.FlatXmlProducer - endElement(uri=, localName=, qName=orders) - start
23:05:02.629 [main] DEBUG o.dbunit.dataset.xml.FlatXmlProducer - startElement(uri=, localName=, qName=order_items, attributes=org.apache.xerces.parsers.AbstractSAXParser$AttributesProxy@6c585a) - start
23:05:02.630 [main] DEBUG o.dbunit.dataset.OrderedTableNameMap - getLastTableName() - start
23:05:02.630 [main] DEBUG o.dbunit.dataset.OrderedTableNameMap - getTableName(tableName=orders) - start
23:05:02.630 [main] DEBUG o.dbunit.dataset.OrderedTableNameMap - getTableName(tableName=orders) - end - result=ORDERS
23:05:02.630 [main] DEBUG o.dbunit.dataset.OrderedTableNameMap - isLastTable(tableName=order_items) - start
23:05:02.630 [main] DEBUG o.dbunit.dataset.OrderedTableNameMap - getLastTableName() - start
23:05:02.632 [main] DEBUG o.dbunit.dataset.OrderedTableNameMap - getTableName(tableName=orders) - start
23:05:02.632 [main] DEBUG o.dbunit.dataset.OrderedTableNameMap - getTableName(tableName=orders) - end - result=ORDERS
23:05:02.632 [main] DEBUG o.dbunit.dataset.OrderedTableNameMap - getTableName(tableName=order_items) - start
23:05:02.632 [main] DEBUG o.dbunit.dataset.OrderedTableNameMap - getTableName(tableName=order_items) - end - result=ORDER_ITEMS
23:05:02.632 [main] DEBUG org.dbunit.dataset.CachedDataSet - endTable() - start
23:05:02.634 [main] DEBUG o.dbunit.dataset.OrderedTableNameMap - getTableName(tableName=orders) - start
23:05:02.634 [main] DEBUG o.dbunit.dataset.OrderedTableNameMap - getTableName(tableName=orders) - end - result=ORDERS
23:05:02.634 [main] DEBUG o.dbunit.dataset.OrderedTableNameMap - getTableName(tableName=orders) - start
23:05:02.634 [main] DEBUG o.dbunit.dataset.OrderedTableNameMap - getTableName(tableName=orders) - end - result=ORDERS
23:05:02.634 [main] DEBUG org.dbunit.dataset.DefaultTable - addTableRows(table=org.dbunit.dataset.DefaultTable[_metaData=tableName=orders, columns=[(order_number, UNKNOWN, nullableUnknown), (customer_id, UNKNOWN, nullableUnknown), (date, UNKNOWN, nullableUnknown), (amount, UNKNOWN, nullableUnknown), (order_status, UNKNOWN, nullableUnknown), (discount_status, UNKNOWN, nullableUnknown)], keys=[], _rowList.size()=1]) - start
23:05:02.636 [main] DEBUG org.dbunit.dataset.DefaultTable - getValue(row=0, column=order_number) - start
23:05:02.636 [main] DEBUG org.dbunit.dataset.AbstractTable - assertValidRowIndex(row=0) - start
23:05:02.636 [main] DEBUG org.dbunit.dataset.AbstractTable - assertValidRowIndex(row=0, rowCount=1) - start
23:05:02.636 [main] DEBUG org.dbunit.dataset.AbstractTable - getColumnIndex(columnName=order_number) - start
23:05:02.636 [main] DEBUG o.d.dataset.AbstractTableMetaData - getColumnIndex(columnName=order_number) - start
23:05:02.638 [main] DEBUG org.dbunit.dataset.DefaultTable - getValue(row=0, column=customer_id) - start
23:05:02.638 [main] DEBUG org.dbunit.dataset.AbstractTable - assertValidRowIndex(row=0) - start
23:05:02.638 [main] DEBUG org.dbunit.dataset.AbstractTable - assertValidRowIndex(row=0, rowCount=1) - start
23:05:02.638 [main] DEBUG org.dbunit.dataset.AbstractTable - getColumnIndex(columnName=customer_id) - start
23:05:02.638 [main] DEBUG o.d.dataset.AbstractTableMetaData - getColumnIndex(columnName=customer_id) - start
23:05:02.640 [main] DEBUG org.dbunit.dataset.DefaultTable - getValue(row=0, column=date) - start
23:05:02.640 [main] DEBUG org.dbunit.dataset.AbstractTable - assertValidRowIndex(row=0) - start
23:05:02.640 [main] DEBUG org.dbunit.dataset.AbstractTable - assertValidRowIndex(row=0, rowCount=1) - start
23:05:02.640 [main] DEBUG org.dbunit.dataset.AbstractTable - getColumnIndex(columnName=date) - start
23:05:02.640 [main] DEBUG o.d.dataset.AbstractTableMetaData - getColumnIndex(columnName=date) - start
23:05:02.640 [main] DEBUG org.dbunit.dataset.DefaultTable - getValue(row=0, column=amount) - start
23:05:02.641 [main] DEBUG org.dbunit.dataset.AbstractTable - assertValidRowIndex(row=0) - start
23:05:02.641 [main] DEBUG org.dbunit.dataset.AbstractTable - assertValidRowIndex(row=0, rowCount=1) - start
23:05:02.641 [main] DEBUG org.dbunit.dataset.AbstractTable - getColumnIndex(columnName=amount) - start
23:05:02.642 [main] DEBUG o.d.dataset.AbstractTableMetaData - getColumnIndex(columnName=amount) - start
23:05:02.642 [main] DEBUG org.dbunit.dataset.DefaultTable - getValue(row=0, column=order_status) - start
23:05:02.643 [main] DEBUG org.dbunit.dataset.AbstractTable - assertValidRowIndex(row=0) - start
23:05:02.643 [main] DEBUG org.dbunit.dataset.AbstractTable - assertValidRowIndex(row=0, rowCount=1) - start
23:05:02.643 [main] DEBUG org.dbunit.dataset.AbstractTable - getColumnIndex(columnName=order_status) - start
23:05:02.643 [main] DEBUG o.d.dataset.AbstractTableMetaData - getColumnIndex(columnName=order_status) - start
23:05:02.643 [main] DEBUG org.dbunit.dataset.DefaultTable - getValue(row=0, column=discount_status) - start
23:05:02.645 [main] DEBUG org.dbunit.dataset.AbstractTable - assertValidRowIndex(row=0) - start
23:05:02.645 [main] DEBUG org.dbunit.dataset.AbstractTable - assertValidRowIndex(row=0, rowCount=1) - start
23:05:02.645 [main] DEBUG org.dbunit.dataset.AbstractTable - getColumnIndex(columnName=discount_status) - start
23:05:02.645 [main] DEBUG o.d.dataset.AbstractTableMetaData - getColumnIndex(columnName=discount_status) - start
23:05:02.645 [main] DEBUG org.dbunit.dataset.DefaultTable - getValue(row=1, column=order_number) - start
23:05:02.646 [main] DEBUG org.dbunit.dataset.AbstractTable - assertValidRowIndex(row=1) - start
23:05:02.646 [main] DEBUG org.dbunit.dataset.AbstractTable - assertValidRowIndex(row=1, rowCount=1) - start
23:05:02.646 [main] DEBUG o.dbunit.dataset.OrderedTableNameMap - getTableName(tableName=order_items) - start
23:05:02.646 [main] DEBUG o.dbunit.dataset.OrderedTableNameMap - getTableName(tableName=order_items) - end - result=ORDER_ITEMS
23:05:02.646 [main] DEBUG o.dbunit.dataset.OrderedTableNameMap - getTableName(tableName=order_items) - start
23:05:02.648 [main] DEBUG o.dbunit.dataset.OrderedTableNameMap - getTableName(tableName=order_items) - end - result=ORDER_ITEMS
23:05:02.648 [main] DEBUG o.dbunit.dataset.OrderedTableNameMap - setLastTable(nameorder_items) - start
23:05:02.648 [main] DEBUG o.dbunit.dataset.OrderedTableNameMap - getTableName(tableName=order_items) - start
23:05:02.648 [main] DEBUG o.dbunit.dataset.OrderedTableNameMap - getTableName(tableName=order_items) - end - result=ORDER_ITEMS
23:05:02.648 [main] DEBUG org.dbunit.dataset.CachedDataSet - startTable(metaData=tableName=order_items, columns=[(id, UNKNOWN, nullableUnknown), (order_order_number, UNKNOWN, nullableUnknown), (product_sku_number, UNKNOWN, nullableUnknown), (quantity, UNKNOWN, nullableUnknown)], keys=[]) - start
23:05:02.649 [main] DEBUG o.dbunit.dataset.OrderedTableNameMap - getLastTableName() - start
23:05:02.650 [main] DEBUG o.dbunit.dataset.OrderedTableNameMap - getTableName(tableName=order_items) - start
23:05:02.650 [main] DEBUG o.dbunit.dataset.OrderedTableNameMap - getTableName(tableName=order_items) - end - result=ORDER_ITEMS
23:05:02.650 [main] DEBUG o.d.dataset.AbstractTableMetaData - getColumnIndex(columnName=id) - start
23:05:02.650 [main] DEBUG o.d.dataset.AbstractTableMetaData - getColumnIndex(columnName=order_order_number) - start
23:05:02.651 [main] DEBUG o.d.dataset.AbstractTableMetaData - getColumnIndex(columnName=product_sku_number) - start
23:05:02.651 [main] DEBUG o.d.dataset.AbstractTableMetaData - getColumnIndex(columnName=quantity) - start
23:05:02.652 [main] DEBUG o.dbunit.dataset.OrderedTableNameMap - getLastTableName() - start
23:05:02.652 [main] DEBUG o.dbunit.dataset.OrderedTableNameMap - getTableName(tableName=order_items) - start
23:05:02.652 [main] DEBUG o.dbunit.dataset.OrderedTableNameMap - getTableName(tableName=order_items) - end - result=ORDER_ITEMS
23:05:02.653 [main] DEBUG org.dbunit.dataset.CachedDataSet - row(values=6) - start
23:05:02.653 [main] DEBUG org.dbunit.dataset.DefaultTable - addRow(values=6) - start
23:05:02.653 [main] DEBUG o.dbunit.dataset.xml.FlatXmlProducer - endElement(uri=, localName=, qName=order_items) - start
23:05:02.655 [main] DEBUG o.dbunit.dataset.xml.FlatXmlProducer - startElement(uri=, localName=, qName=order_items, attributes=org.apache.xerces.parsers.AbstractSAXParser$AttributesProxy@6c585a) - start
23:05:02.657 [main] DEBUG o.dbunit.dataset.OrderedTableNameMap - getLastTableName() - start
23:05:02.657 [main] DEBUG o.dbunit.dataset.OrderedTableNameMap - getTableName(tableName=order_items) - start
23:05:02.657 [main] DEBUG o.dbunit.dataset.OrderedTableNameMap - getTableName(tableName=order_items) - end - result=ORDER_ITEMS
23:05:02.756 [main] DEBUG o.dbunit.dataset.OrderedTableNameMap - isLastTable(tableName=order_items) - start
23:05:02.756 [main] DEBUG o.dbunit.dataset.OrderedTableNameMap - getLastTableName() - start
23:05:02.756 [main] DEBUG o.dbunit.dataset.OrderedTableNameMap - getTableName(tableName=order_items) - start
23:05:02.756 [main] DEBUG o.dbunit.dataset.OrderedTableNameMap - getTableName(tableName=order_items) - end - result=ORDER_ITEMS
23:05:02.756 [main] DEBUG o.dbunit.dataset.OrderedTableNameMap - getTableName(tableName=order_items) - start
23:05:02.757 [main] DEBUG o.dbunit.dataset.OrderedTableNameMap - getTableName(tableName=order_items) - end - result=ORDER_ITEMS
23:05:02.757 [main] DEBUG o.dbunit.dataset.OrderedTableNameMap - getLastTableName() - start
23:05:02.757 [main] DEBUG o.dbunit.dataset.OrderedTableNameMap - getTableName(tableName=order_items) - start
23:05:02.757 [main] DEBUG o.dbunit.dataset.OrderedTableNameMap - getTableName(tableName=order_items) - end - result=ORDER_ITEMS
23:05:02.757 [main] DEBUG o.d.dataset.AbstractTableMetaData - getColumnIndex(columnName=id) - start
23:05:02.759 [main] DEBUG o.d.dataset.AbstractTableMetaData - getColumnIndex(columnName=order_order_number) - start
23:05:02.759 [main] DEBUG o.d.dataset.AbstractTableMetaData - getColumnIndex(columnName=product_sku_number) - start
23:05:02.759 [main] DEBUG o.d.dataset.AbstractTableMetaData - getColumnIndex(columnName=quantity) - start
23:05:02.759 [main] DEBUG o.dbunit.dataset.OrderedTableNameMap - getLastTableName() - start
23:05:02.759 [main] DEBUG o.dbunit.dataset.OrderedTableNameMap - getTableName(tableName=order_items) - start
23:05:02.760 [main] DEBUG o.dbunit.dataset.OrderedTableNameMap - getTableName(tableName=order_items) - end - result=ORDER_ITEMS
23:05:02.760 [main] DEBUG org.dbunit.dataset.CachedDataSet - row(values=7) - start
23:05:02.760 [main] DEBUG org.dbunit.dataset.DefaultTable - addRow(values=7) - start
23:05:02.760 [main] DEBUG o.dbunit.dataset.xml.FlatXmlProducer - endElement(uri=, localName=, qName=order_items) - start
23:05:02.761 [main] DEBUG o.dbunit.dataset.xml.FlatXmlProducer - startElement(uri=, localName=, qName=orders, attributes=org.apache.xerces.parsers.AbstractSAXParser$AttributesProxy@6c585a) - start
23:05:02.762 [main] DEBUG o.dbunit.dataset.OrderedTableNameMap - getLastTableName() - start
23:05:02.762 [main] DEBUG o.dbunit.dataset.OrderedTableNameMap - getTableName(tableName=order_items) - start
23:05:02.762 [main] DEBUG o.dbunit.dataset.OrderedTableNameMap - getTableName(tableName=order_items) - end - result=ORDER_ITEMS
23:05:02.762 [main] DEBUG o.dbunit.dataset.OrderedTableNameMap - isLastTable(tableName=orders) - start
23:05:02.763 [main] DEBUG o.dbunit.dataset.OrderedTableNameMap - getLastTableName() - start
23:05:02.764 [main] DEBUG o.dbunit.dataset.OrderedTableNameMap - getTableName(tableName=order_items) - start
23:05:02.764 [main] DEBUG o.dbunit.dataset.OrderedTableNameMap - getTableName(tableName=order_items) - end - result=ORDER_ITEMS
23:05:02.764 [main] DEBUG o.dbunit.dataset.OrderedTableNameMap - getTableName(tableName=orders) - start
23:05:02.764 [main] DEBUG o.dbunit.dataset.OrderedTableNameMap - getTableName(tableName=orders) - end - result=ORDERS
23:05:02.764 [main] DEBUG org.dbunit.dataset.CachedDataSet - endTable() - start
23:05:02.766 [main] DEBUG o.dbunit.dataset.OrderedTableNameMap - getTableName(tableName=order_items) - start
23:05:02.766 [main] DEBUG o.dbunit.dataset.OrderedTableNameMap - getTableName(tableName=order_items) - end - result=ORDER_ITEMS
23:05:02.766 [main] DEBUG o.dbunit.dataset.OrderedTableNameMap - getTableName(tableName=order_items) - start
23:05:02.766 [main] DEBUG o.dbunit.dataset.OrderedTableNameMap - getTableName(tableName=order_items) - end - result=ORDER_ITEMS
23:05:02.766 [main] DEBUG org.dbunit.dataset.DefaultTable - addTableRows(table=org.dbunit.dataset.DefaultTable[_metaData=tableName=order_items, columns=[(id, UNKNOWN, nullableUnknown), (order_order_number, UNKNOWN, nullableUnknown), (product_sku_number, UNKNOWN, nullableUnknown), (quantity, UNKNOWN, nullableUnknown)], keys=[], _rowList.size()=2]) - start
23:05:02.768 [main] DEBUG org.dbunit.dataset.DefaultTable - getValue(row=0, column=id) - start
23:05:02.768 [main] DEBUG org.dbunit.dataset.AbstractTable - assertValidRowIndex(row=0) - start
23:05:02.768 [main] DEBUG org.dbunit.dataset.AbstractTable - assertValidRowIndex(row=0, rowCount=2) - start
23:05:02.768 [main] DEBUG org.dbunit.dataset.AbstractTable - getColumnIndex(columnName=id) - start
23:05:02.768 [main] DEBUG o.d.dataset.AbstractTableMetaData - getColumnIndex(columnName=id) - start
23:05:02.768 [main] DEBUG org.dbunit.dataset.DefaultTable - getValue(row=0, column=order_order_number) - start
23:05:02.769 [main] DEBUG org.dbunit.dataset.AbstractTable - assertValidRowIndex(row=0) - start
23:05:02.769 [main] DEBUG org.dbunit.dataset.AbstractTable - assertValidRowIndex(row=0, rowCount=2) - start
23:05:02.769 [main] DEBUG org.dbunit.dataset.AbstractTable - getColumnIndex(columnName=order_order_number) - start
23:05:02.769 [main] DEBUG o.d.dataset.AbstractTableMetaData - getColumnIndex(columnName=order_order_number) - start
23:05:02.770 [main] DEBUG org.dbunit.dataset.DefaultTable - getValue(row=0, column=product_sku_number) - start
23:05:02.772 [main] DEBUG org.dbunit.dataset.AbstractTable - assertValidRowIndex(row=0) - start
23:05:02.772 [main] DEBUG org.dbunit.dataset.AbstractTable - assertValidRowIndex(row=0, rowCount=2) - start
23:05:02.772 [main] DEBUG org.dbunit.dataset.AbstractTable - getColumnIndex(columnName=product_sku_number) - start
23:05:02.772 [main] DEBUG o.d.dataset.AbstractTableMetaData - getColumnIndex(columnName=product_sku_number) - start
23:05:02.772 [main] DEBUG org.dbunit.dataset.DefaultTable - getValue(row=0, column=quantity) - start
23:05:02.773 [main] DEBUG org.dbunit.dataset.AbstractTable - assertValidRowIndex(row=0) - start
23:05:02.773 [main] DEBUG org.dbunit.dataset.AbstractTable - assertValidRowIndex(row=0, rowCount=2) - start
23:05:02.773 [main] DEBUG org.dbunit.dataset.AbstractTable - getColumnIndex(columnName=quantity) - start
23:05:02.773 [main] DEBUG o.d.dataset.AbstractTableMetaData - getColumnIndex(columnName=quantity) - start
23:05:02.773 [main] DEBUG org.dbunit.dataset.DefaultTable - getValue(row=1, column=id) - start
23:05:02.775 [main] DEBUG org.dbunit.dataset.AbstractTable - assertValidRowIndex(row=1) - start
23:05:02.775 [main] DEBUG org.dbunit.dataset.AbstractTable - assertValidRowIndex(row=1, rowCount=2) - start
23:05:02.775 [main] DEBUG org.dbunit.dataset.AbstractTable - getColumnIndex(columnName=id) - start
23:05:02.775 [main] DEBUG o.d.dataset.AbstractTableMetaData - getColumnIndex(columnName=id) - start
23:05:02.775 [main] DEBUG org.dbunit.dataset.DefaultTable - getValue(row=1, column=order_order_number) - start
23:05:02.776 [main] DEBUG org.dbunit.dataset.AbstractTable - assertValidRowIndex(row=1) - start
23:05:02.777 [main] DEBUG org.dbunit.dataset.AbstractTable - assertValidRowIndex(row=1, rowCount=2) - start
23:05:02.777 [main] DEBUG org.dbunit.dataset.AbstractTable - getColumnIndex(columnName=order_order_number) - start
23:05:02.777 [main] DEBUG o.d.dataset.AbstractTableMetaData - getColumnIndex(columnName=order_order_number) - start
23:05:02.777 [main] DEBUG org.dbunit.dataset.DefaultTable - getValue(row=1, column=product_sku_number) - start
23:05:02.778 [main] DEBUG org.dbunit.dataset.AbstractTable - assertValidRowIndex(row=1) - start
23:05:02.778 [main] DEBUG org.dbunit.dataset.AbstractTable - assertValidRowIndex(row=1, rowCount=2) - start
23:05:02.778 [main] DEBUG org.dbunit.dataset.AbstractTable - getColumnIndex(columnName=product_sku_number) - start
23:05:02.778 [main] DEBUG o.d.dataset.AbstractTableMetaData - getColumnIndex(columnName=product_sku_number) - start
23:05:02.778 [main] DEBUG org.dbunit.dataset.DefaultTable - getValue(row=1, column=quantity) - start
23:05:02.780 [main] DEBUG org.dbunit.dataset.AbstractTable - assertValidRowIndex(row=1) - start
23:05:02.780 [main] DEBUG org.dbunit.dataset.AbstractTable - assertValidRowIndex(row=1, rowCount=2) - start
23:05:02.780 [main] DEBUG org.dbunit.dataset.AbstractTable - getColumnIndex(columnName=quantity) - start
23:05:02.780 [main] DEBUG o.d.dataset.AbstractTableMetaData - getColumnIndex(columnName=quantity) - start
23:05:02.780 [main] DEBUG org.dbunit.dataset.DefaultTable - getValue(row=2, column=id) - start
23:05:02.781 [main] DEBUG org.dbunit.dataset.AbstractTable - assertValidRowIndex(row=2) - start
23:05:02.781 [main] DEBUG org.dbunit.dataset.AbstractTable - assertValidRowIndex(row=2, rowCount=2) - start
23:05:02.781 [main] DEBUG o.dbunit.dataset.OrderedTableNameMap - getTableName(tableName=orders) - start
23:05:02.781 [main] DEBUG o.dbunit.dataset.OrderedTableNameMap - getTableName(tableName=orders) - end - result=ORDERS
23:05:02.781 [main] DEBUG o.dbunit.dataset.OrderedTableNameMap - getTableName(tableName=orders) - start
23:05:02.783 [main] DEBUG o.dbunit.dataset.OrderedTableNameMap - getTableName(tableName=orders) - end - result=ORDERS
23:05:02.783 [main] DEBUG o.dbunit.dataset.OrderedTableNameMap - setLastTable(nameorders) - start
23:05:02.783 [main] DEBUG o.dbunit.dataset.OrderedTableNameMap - getTableName(tableName=orders) - start
23:05:02.783 [main] DEBUG o.dbunit.dataset.OrderedTableNameMap - getTableName(tableName=orders) - end - result=ORDERS
23:05:02.783 [main] DEBUG org.dbunit.dataset.CachedDataSet - startTable(metaData=tableName=orders, columns=[(order_number, UNKNOWN, nullableUnknown), (customer_id, UNKNOWN, nullableUnknown), (date, UNKNOWN, nullableUnknown), (amount, UNKNOWN, nullableUnknown), (order_status, UNKNOWN, nullableUnknown), (discount_status, UNKNOWN, nullableUnknown)], keys=[]) - start
23:05:02.785 [main] DEBUG o.dbunit.dataset.OrderedTableNameMap - getLastTableName() - start
23:05:02.785 [main] DEBUG o.dbunit.dataset.OrderedTableNameMap - getTableName(tableName=orders) - start
23:05:02.785 [main] DEBUG o.dbunit.dataset.OrderedTableNameMap - getTableName(tableName=orders) - end - result=ORDERS
23:05:02.785 [main] DEBUG o.d.dataset.AbstractTableMetaData - getColumnIndex(columnName=order_number) - start
23:05:02.785 [main] DEBUG o.d.dataset.AbstractTableMetaData - getColumnIndex(columnName=customer_id) - start
23:05:02.786 [main] DEBUG o.d.dataset.AbstractTableMetaData - getColumnIndex(columnName=date) - start
23:05:02.786 [main] DEBUG o.d.dataset.AbstractTableMetaData - getColumnIndex(columnName=amount) - start
23:05:02.786 [main] DEBUG o.d.dataset.AbstractTableMetaData - getColumnIndex(columnName=order_status) - start
23:05:02.786 [main] DEBUG o.d.dataset.AbstractTableMetaData - getColumnIndex(columnName=discount_status) - start
23:05:02.786 [main] DEBUG o.dbunit.dataset.OrderedTableNameMap - getLastTableName() - start
23:05:02.788 [main] DEBUG o.dbunit.dataset.OrderedTableNameMap - getTableName(tableName=orders) - start
23:05:02.788 [main] DEBUG o.dbunit.dataset.OrderedTableNameMap - getTableName(tableName=orders) - end - result=ORDERS
23:05:02.788 [main] DEBUG org.dbunit.dataset.CachedDataSet - row(values=6) - start
23:05:02.788 [main] DEBUG org.dbunit.dataset.DefaultTable - addRow(values=6) - start
23:05:02.788 [main] DEBUG o.dbunit.dataset.xml.FlatXmlProducer - endElement(uri=, localName=, qName=orders) - start
23:05:02.788 [main] DEBUG o.dbunit.dataset.xml.FlatXmlProducer - startElement(uri=, localName=, qName=order_items, attributes=org.apache.xerces.parsers.AbstractSAXParser$AttributesProxy@6c585a) - start
23:05:02.790 [main] DEBUG o.dbunit.dataset.OrderedTableNameMap - getLastTableName() - start
23:05:02.790 [main] DEBUG o.dbunit.dataset.OrderedTableNameMap - getTableName(tableName=orders) - start
23:05:02.790 [main] DEBUG o.dbunit.dataset.OrderedTableNameMap - getTableName(tableName=orders) - end - result=ORDERS
23:05:02.790 [main] DEBUG o.dbunit.dataset.OrderedTableNameMap - isLastTable(tableName=order_items) - start
23:05:02.790 [main] DEBUG o.dbunit.dataset.OrderedTableNameMap - getLastTableName() - start
23:05:02.791 [main] DEBUG o.dbunit.dataset.OrderedTableNameMap - getTableName(tableName=orders) - start
23:05:02.792 [main] DEBUG o.dbunit.dataset.OrderedTableNameMap - getTableName(tableName=orders) - end - result=ORDERS
23:05:02.792 [main] DEBUG o.dbunit.dataset.OrderedTableNameMap - getTableName(tableName=order_items) - start
23:05:02.792 [main] DEBUG o.dbunit.dataset.OrderedTableNameMap - getTableName(tableName=order_items) - end - result=ORDER_ITEMS
23:05:02.792 [main] DEBUG org.dbunit.dataset.CachedDataSet - endTable() - start
23:05:02.794 [main] DEBUG o.dbunit.dataset.OrderedTableNameMap - getTableName(tableName=orders) - start
23:05:02.794 [main] DEBUG o.dbunit.dataset.OrderedTableNameMap - getTableName(tableName=orders) - end - result=ORDERS
23:05:02.794 [main] DEBUG o.dbunit.dataset.OrderedTableNameMap - getTableName(tableName=orders) - start
23:05:02.794 [main] DEBUG o.dbunit.dataset.OrderedTableNameMap - getTableName(tableName=orders) - end - result=ORDERS
23:05:02.794 [main] DEBUG org.dbunit.dataset.DefaultTable - addTableRows(table=org.dbunit.dataset.DefaultTable[_metaData=tableName=orders, columns=[(order_number, UNKNOWN, nullableUnknown), (customer_id, UNKNOWN, nullableUnknown), (date, UNKNOWN, nullableUnknown), (amount, UNKNOWN, nullableUnknown), (order_status, UNKNOWN, nullableUnknown), (discount_status, UNKNOWN, nullableUnknown)], keys=[], _rowList.size()=1]) - start
23:05:02.795 [main] DEBUG org.dbunit.dataset.DefaultTable - getValue(row=0, column=order_number) - start
23:05:02.795 [main] DEBUG org.dbunit.dataset.AbstractTable - assertValidRowIndex(row=0) - start
23:05:02.795 [main] DEBUG org.dbunit.dataset.AbstractTable - assertValidRowIndex(row=0, rowCount=1) - start
23:05:02.795 [main] DEBUG org.dbunit.dataset.AbstractTable - getColumnIndex(columnName=order_number) - start
23:05:02.795 [main] DEBUG o.d.dataset.AbstractTableMetaData - getColumnIndex(columnName=order_number) - start
23:05:02.797 [main] DEBUG org.dbunit.dataset.DefaultTable - getValue(row=0, column=customer_id) - start
23:05:02.797 [main] DEBUG org.dbunit.dataset.AbstractTable - assertValidRowIndex(row=0) - start
23:05:02.797 [main] DEBUG org.dbunit.dataset.AbstractTable - assertValidRowIndex(row=0, rowCount=1) - start
23:05:02.797 [main] DEBUG org.dbunit.dataset.AbstractTable - getColumnIndex(columnName=customer_id) - start
23:05:02.797 [main] DEBUG o.d.dataset.AbstractTableMetaData - getColumnIndex(columnName=customer_id) - start
23:05:02.799 [main] DEBUG org.dbunit.dataset.DefaultTable - getValue(row=0, column=date) - start
23:05:02.799 [main] DEBUG org.dbunit.dataset.AbstractTable - assertValidRowIndex(row=0) - start
23:05:02.799 [main] DEBUG org.dbunit.dataset.AbstractTable - assertValidRowIndex(row=0, rowCount=1) - start
23:05:02.799 [main] DEBUG org.dbunit.dataset.AbstractTable - getColumnIndex(columnName=date) - start
23:05:02.799 [main] DEBUG o.d.dataset.AbstractTableMetaData - getColumnIndex(columnName=date) - start
23:05:02.799 [main] DEBUG org.dbunit.dataset.DefaultTable - getValue(row=0, column=amount) - start
23:05:02.801 [main] DEBUG org.dbunit.dataset.AbstractTable - assertValidRowIndex(row=0) - start
23:05:02.801 [main] DEBUG org.dbunit.dataset.AbstractTable - assertValidRowIndex(row=0, rowCount=1) - start
23:05:02.801 [main] DEBUG org.dbunit.dataset.AbstractTable - getColumnIndex(columnName=amount) - start
23:05:02.801 [main] DEBUG o.d.dataset.AbstractTableMetaData - getColumnIndex(columnName=amount) - start
23:05:02.801 [main] DEBUG org.dbunit.dataset.DefaultTable - getValue(row=0, column=order_status) - start
23:05:02.803 [main] DEBUG org.dbunit.dataset.AbstractTable - assertValidRowIndex(row=0) - start
23:05:02.803 [main] DEBUG org.dbunit.dataset.AbstractTable - assertValidRowIndex(row=0, rowCount=1) - start
23:05:02.803 [main] DEBUG org.dbunit.dataset.AbstractTable - getColumnIndex(columnName=order_status) - start
23:05:02.803 [main] DEBUG o.d.dataset.AbstractTableMetaData - getColumnIndex(columnName=order_status) - start
23:05:02.803 [main] DEBUG org.dbunit.dataset.DefaultTable - getValue(row=0, column=discount_status) - start
23:05:02.804 [main] DEBUG org.dbunit.dataset.AbstractTable - assertValidRowIndex(row=0) - start
23:05:02.804 [main] DEBUG org.dbunit.dataset.AbstractTable - assertValidRowIndex(row=0, rowCount=1) - start
23:05:02.804 [main] DEBUG org.dbunit.dataset.AbstractTable - getColumnIndex(columnName=discount_status) - start
23:05:02.805 [main] DEBUG o.d.dataset.AbstractTableMetaData - getColumnIndex(columnName=discount_status) - start
23:05:02.805 [main] DEBUG org.dbunit.dataset.DefaultTable - getValue(row=1, column=order_number) - start
23:05:02.806 [main] DEBUG org.dbunit.dataset.AbstractTable - assertValidRowIndex(row=1) - start
23:05:02.806 [main] DEBUG org.dbunit.dataset.AbstractTable - assertValidRowIndex(row=1, rowCount=1) - start
23:05:02.806 [main] DEBUG o.dbunit.dataset.OrderedTableNameMap - getTableName(tableName=order_items) - start
23:05:02.806 [main] DEBUG o.dbunit.dataset.OrderedTableNameMap - getTableName(tableName=order_items) - end - result=ORDER_ITEMS
23:05:02.806 [main] DEBUG o.dbunit.dataset.OrderedTableNameMap - getTableName(tableName=order_items) - start
23:05:02.807 [main] DEBUG o.dbunit.dataset.OrderedTableNameMap - getTableName(tableName=order_items) - end - result=ORDER_ITEMS
23:05:02.808 [main] DEBUG o.dbunit.dataset.OrderedTableNameMap - setLastTable(nameorder_items) - start
23:05:02.808 [main] DEBUG o.dbunit.dataset.OrderedTableNameMap - getTableName(tableName=order_items) - start
23:05:02.808 [main] DEBUG o.dbunit.dataset.OrderedTableNameMap - getTableName(tableName=order_items) - end - result=ORDER_ITEMS
23:05:02.808 [main] DEBUG org.dbunit.dataset.CachedDataSet - startTable(metaData=tableName=order_items, columns=[(id, UNKNOWN, nullableUnknown), (order_order_number, UNKNOWN, nullableUnknown), (product_sku_number, UNKNOWN, nullableUnknown), (quantity, UNKNOWN, nullableUnknown)], keys=[]) - start
23:05:02.809 [main] DEBUG o.dbunit.dataset.OrderedTableNameMap - getLastTableName() - start
23:05:02.809 [main] DEBUG o.dbunit.dataset.OrderedTableNameMap - getTableName(tableName=order_items) - start
23:05:02.810 [main] DEBUG o.dbunit.dataset.OrderedTableNameMap - getTableName(tableName=order_items) - end - result=ORDER_ITEMS
23:05:02.810 [main] DEBUG o.d.dataset.AbstractTableMetaData - getColumnIndex(columnName=id) - start
23:05:02.810 [main] DEBUG o.d.dataset.AbstractTableMetaData - getColumnIndex(columnName=order_order_number) - start
23:05:02.812 [main] DEBUG o.d.dataset.AbstractTableMetaData - getColumnIndex(columnName=product_sku_number) - start
23:05:02.813 [main] DEBUG o.d.dataset.AbstractTableMetaData - getColumnIndex(columnName=quantity) - start
23:05:02.813 [main] DEBUG o.dbunit.dataset.OrderedTableNameMap - getLastTableName() - start
23:05:02.813 [main] DEBUG o.dbunit.dataset.OrderedTableNameMap - getTableName(tableName=order_items) - start
23:05:02.813 [main] DEBUG o.dbunit.dataset.OrderedTableNameMap - getTableName(tableName=order_items) - end - result=ORDER_ITEMS
23:05:02.814 [main] DEBUG org.dbunit.dataset.CachedDataSet - row(values=8) - start
23:05:02.814 [main] DEBUG org.dbunit.dataset.DefaultTable - addRow(values=8) - start
23:05:02.814 [main] DEBUG o.dbunit.dataset.xml.FlatXmlProducer - endElement(uri=, localName=, qName=order_items) - start
23:05:02.814 [main] DEBUG o.dbunit.dataset.xml.FlatXmlProducer - endElement(uri=, localName=, qName=dataset) - start
23:05:02.814 [main] DEBUG o.dbunit.dataset.OrderedTableNameMap - getLastTableName() - start
23:05:02.814 [main] DEBUG o.dbunit.dataset.OrderedTableNameMap - getTableName(tableName=order_items) - start
23:05:02.815 [main] DEBUG o.dbunit.dataset.OrderedTableNameMap - getTableName(tableName=order_items) - end - result=ORDER_ITEMS
23:05:02.815 [main] DEBUG org.dbunit.dataset.CachedDataSet - endTable() - start
23:05:02.815 [main] DEBUG o.dbunit.dataset.OrderedTableNameMap - getTableName(tableName=order_items) - start
23:05:02.815 [main] DEBUG o.dbunit.dataset.OrderedTableNameMap - getTableName(tableName=order_items) - end - result=ORDER_ITEMS
23:05:02.815 [main] DEBUG o.dbunit.dataset.OrderedTableNameMap - getTableName(tableName=order_items) - start
23:05:02.817 [main] DEBUG o.dbunit.dataset.OrderedTableNameMap - getTableName(tableName=order_items) - end - result=ORDER_ITEMS
23:05:02.817 [main] DEBUG org.dbunit.dataset.DefaultTable - addTableRows(table=org.dbunit.dataset.DefaultTable[_metaData=tableName=order_items, columns=[(id, UNKNOWN, nullableUnknown), (order_order_number, UNKNOWN, nullableUnknown), (product_sku_number, UNKNOWN, nullableUnknown), (quantity, UNKNOWN, nullableUnknown)], keys=[], _rowList.size()=1]) - start
23:05:02.817 [main] DEBUG org.dbunit.dataset.DefaultTable - getValue(row=0, column=id) - start
23:05:02.819 [main] DEBUG org.dbunit.dataset.AbstractTable - assertValidRowIndex(row=0) - start
23:05:02.819 [main] DEBUG org.dbunit.dataset.AbstractTable - assertValidRowIndex(row=0, rowCount=1) - start
23:05:02.819 [main] DEBUG org.dbunit.dataset.AbstractTable - getColumnIndex(columnName=id) - start
23:05:02.819 [main] DEBUG o.d.dataset.AbstractTableMetaData - getColumnIndex(columnName=id) - start
23:05:02.819 [main] DEBUG org.dbunit.dataset.DefaultTable - getValue(row=0, column=order_order_number) - start
23:05:02.820 [main] DEBUG org.dbunit.dataset.AbstractTable - assertValidRowIndex(row=0) - start
23:05:02.820 [main] DEBUG org.dbunit.dataset.AbstractTable - assertValidRowIndex(row=0, rowCount=1) - start
23:05:02.820 [main] DEBUG org.dbunit.dataset.AbstractTable - getColumnIndex(columnName=order_order_number) - start
23:05:02.820 [main] DEBUG o.d.dataset.AbstractTableMetaData - getColumnIndex(columnName=order_order_number) - start
23:05:02.820 [main] DEBUG org.dbunit.dataset.DefaultTable - getValue(row=0, column=product_sku_number) - start
23:05:02.822 [main] DEBUG org.dbunit.dataset.AbstractTable - assertValidRowIndex(row=0) - start
23:05:02.822 [main] DEBUG org.dbunit.dataset.AbstractTable - assertValidRowIndex(row=0, rowCount=1) - start
23:05:02.822 [main] DEBUG org.dbunit.dataset.AbstractTable - getColumnIndex(columnName=product_sku_number) - start
23:05:02.822 [main] DEBUG o.d.dataset.AbstractTableMetaData - getColumnIndex(columnName=product_sku_number) - start
23:05:02.822 [main] DEBUG org.dbunit.dataset.DefaultTable - getValue(row=0, column=quantity) - start
23:05:02.824 [main] DEBUG org.dbunit.dataset.AbstractTable - assertValidRowIndex(row=0) - start
23:05:02.824 [main] DEBUG org.dbunit.dataset.AbstractTable - assertValidRowIndex(row=0, rowCount=1) - start
23:05:02.824 [main] DEBUG org.dbunit.dataset.AbstractTable - getColumnIndex(columnName=quantity) - start
23:05:02.824 [main] DEBUG o.d.dataset.AbstractTableMetaData - getColumnIndex(columnName=quantity) - start
23:05:02.824 [main] DEBUG org.dbunit.dataset.DefaultTable - getValue(row=1, column=id) - start
23:05:02.825 [main] DEBUG org.dbunit.dataset.AbstractTable - assertValidRowIndex(row=1) - start
23:05:02.825 [main] DEBUG org.dbunit.dataset.AbstractTable - assertValidRowIndex(row=1, rowCount=1) - start
23:05:02.825 [main] DEBUG org.dbunit.dataset.CachedDataSet - endDataSet() - start
23:05:02.826 [main] DEBUG org.dbunit.dataset.CachedDataSet - endDataSet() - the final tableMap is: org.dbunit.dataset.OrderedTableNameMap[_tableNames=[customers, products, orders, order_items], _tableMap={ORDER_ITEMS=org.dbunit.dataset.DefaultTable[_metaData=tableName=order_items, columns=[(id, UNKNOWN, nullableUnknown), (order_order_number, UNKNOWN, nullableUnknown), (product_sku_number, UNKNOWN, nullableUnknown), (quantity, UNKNOWN, nullableUnknown)], keys=[], _rowList.size()=8], CUSTOMERS=org.dbunit.dataset.DefaultTable[_metaData=tableName=customers, columns=[(id, UNKNOWN, nullableUnknown), (name, UNKNOWN, nullableUnknown)], keys=[], _rowList.size()=6], ORDERS=org.dbunit.dataset.DefaultTable[_metaData=tableName=orders, columns=[(order_number, UNKNOWN, nullableUnknown), (customer_id, UNKNOWN, nullableUnknown), (date, UNKNOWN, nullableUnknown), (amount, UNKNOWN, nullableUnknown), (order_status, UNKNOWN, nullableUnknown), (discount_status, UNKNOWN, nullableUnknown)], keys=[], _rowList.size()=6], PRODUCTS=org.dbunit.dataset.DefaultTable[_metaData=tableName=products, columns=[(sku_number, UNKNOWN, nullableUnknown), (name, UNKNOWN, nullableUnknown), (amount, UNKNOWN, nullableUnknown)], keys=[], _rowList.size()=4]}, _caseSensitiveTableNames=false]
23:05:02.827 [main] DEBUG org.dbunit.AbstractDatabaseTester - setDataSet(dataSet=AbstractDataSet[_orderedTableNameMap=null]) - start
23:05:02.827 [main] DEBUG org.dbunit.DatabaseTestCase - getOperationListener() - start
23:05:02.828 [main] DEBUG org.dbunit.AbstractDatabaseTester - setOperationListener(operationListener=org.dbunit.DatabaseTestCase$1@b9e45a) - start
23:05:02.828 [main] DEBUG org.dbunit.AbstractDatabaseTester - onSetup() - start
23:05:02.829 [main] DEBUG org.dbunit.AbstractDatabaseTester - executeOperation(operation=org.dbunit.operation.CompositeOperation[_actions=[org.dbunit.operation.DeleteAllOperation@4ecfdd, org.dbunit.operation.InsertOperation[_reverseRowOrder=false, super=org.dbunit.operation.InsertOperation@30d82d]]]) - start
23:05:02.831 [main] DEBUG org.dbunit.JdbcDatabaseTester - getConnection() - start
23:05:02.831 [main] DEBUG org.dbunit.assertion.SimpleAssert - assertNotNullNorEmpty(propertyName=connectionUrl, property=jdbc:mysql://127.0.0.1/orderingsystem_test) - start
23:05:02.842 [main] DEBUG org.dbunit.util.SQLHelper - isEscaped returns 'false' for tableName= (dbIdentifierQuoteString=`)
23:05:02.842 [main] DEBUG o.dbunit.database.DatabaseConnection - Database connection info: 
	database product name=MySQL
	database version=5.5.2-m2-community
	database major version=5
	database minor version=5
	jdbc driver name=MySQL-AB JDBC Driver
	jdbc driver version=mysql-connector-java-5.1.16 ( Revision: ${bzr.revision-id} )
	jdbc driver major version=5
	jdbc driver minor version=1

23:05:02.934 [main] DEBUG o.dbunit.database.DatabaseConnection - validateSchema(validateStrict=false) - start
23:05:02.935 [main] WARN  o.dbunit.database.DatabaseConnection - The given schema '' does not exist.
23:05:02.935 [main] DEBUG org.dbunit.DefaultOperationListener - connectionCreated(connection=org.dbunit.database.DatabaseConnection[schema=, connection=com.mysql.jdbc.JDBC4Connection@53fb57, super=_databaseConfig=org.dbunit.database.DatabaseConfig[, _propertyMap={http://www.dbunit.org/properties/statementFactory=org.dbunit.database.statement.PreparedStatementFactory@19a32e0, http://www.dbunit.org/features/caseSensitiveTableNames=false, http://www.dbunit.org/properties/fetchSize=100, http://www.dbunit.org/features/batchedStatements=false, http://www.dbunit.org/properties/metadataHandler=org.dbunit.database.DefaultMetadataHandler@8238f4, http://www.dbunit.org/properties/datatypeFactory=org.dbunit.dataset.datatype.DefaultDataTypeFactory[_toleratedDeltaMap=org.dbunit.dataset.datatype.ToleratedDeltaMap@16925b0], http://www.dbunit.org/properties/escapePattern=null, http://www.dbunit.org/properties/batchSize=100, http://www.dbunit.org/features/qualifiedTableNames=false, http://www.dbunit.org/properties/tableType=[Ljava.lang.String;@297ffb, http://www.dbunit.org/properties/resultSetTableFactory=org.dbunit.database.CachedResultSetTableFactory@914f6a, http://www.dbunit.org/features/datatypeWarning=true}], _dataSet=null]) - start
23:05:02.936 [main] DEBUG org.dbunit.AbstractDatabaseTester - getDataSet() - start
23:05:02.936 [main] DEBUG o.d.operation.CompositeOperation - execute(connection=org.dbunit.database.DatabaseConnection[schema=, connection=com.mysql.jdbc.JDBC4Connection@53fb57, super=_databaseConfig=org.dbunit.database.DatabaseConfig[, _propertyMap={http://www.dbunit.org/properties/statementFactory=org.dbunit.database.statement.PreparedStatementFactory@19a32e0, http://www.dbunit.org/features/caseSensitiveTableNames=false, http://www.dbunit.org/properties/fetchSize=100, http://www.dbunit.org/features/batchedStatements=false, http://www.dbunit.org/properties/metadataHandler=org.dbunit.database.DefaultMetadataHandler@8238f4, http://www.dbunit.org/properties/datatypeFactory=org.dbunit.dataset.datatype.DefaultDataTypeFactory[_toleratedDeltaMap=org.dbunit.dataset.datatype.ToleratedDeltaMap@16925b0], http://www.dbunit.org/properties/escapePattern=null, http://www.dbunit.org/properties/batchSize=100, http://www.dbunit.org/features/qualifiedTableNames=false, http://www.dbunit.org/properties/tableType=[Ljava.lang.String;@297ffb, http://www.dbunit.org/properties/resultSetTableFactory=org.dbunit.database.CachedResultSetTableFactory@914f6a, http://www.dbunit.org/features/datatypeWarning=true}], _dataSet=null], , dataSet=AbstractDataSet[_orderedTableNameMap=null]) - start
23:05:02.936 [main] DEBUG o.d.operation.DeleteAllOperation - execute(connection=org.dbunit.database.DatabaseConnection[schema=, connection=com.mysql.jdbc.JDBC4Connection@53fb57, super=_databaseConfig=org.dbunit.database.DatabaseConfig[, _propertyMap={http://www.dbunit.org/properties/statementFactory=org.dbunit.database.statement.PreparedStatementFactory@19a32e0, http://www.dbunit.org/features/caseSensitiveTableNames=false, http://www.dbunit.org/properties/fetchSize=100, http://www.dbunit.org/features/batchedStatements=false, http://www.dbunit.org/properties/metadataHandler=org.dbunit.database.DefaultMetadataHandler@8238f4, http://www.dbunit.org/properties/datatypeFactory=org.dbunit.dataset.datatype.DefaultDataTypeFactory[_toleratedDeltaMap=org.dbunit.dataset.datatype.ToleratedDeltaMap@16925b0], http://www.dbunit.org/properties/escapePattern=null, http://www.dbunit.org/properties/batchSize=100, http://www.dbunit.org/features/qualifiedTableNames=false, http://www.dbunit.org/properties/tableType=[Ljava.lang.String;@297ffb, http://www.dbunit.org/properties/resultSetTableFactory=org.dbunit.database.CachedResultSetTableFactory@914f6a, http://www.dbunit.org/features/datatypeWarning=true}], _dataSet=null], dataSet=AbstractDataSet[_orderedTableNameMap=null]) - start
23:05:02.940 [main] DEBUG o.d.d.AbstractDatabaseConnection - createDataSet() - start
23:05:02.943 [main] DEBUG o.d.d.s.PreparedStatementFactory - createBatchStatement(connection=org.dbunit.database.DatabaseConnection[schema=, connection=com.mysql.jdbc.JDBC4Connection@53fb57, super=_databaseConfig=org.dbunit.database.DatabaseConfig[, _propertyMap={http://www.dbunit.org/properties/statementFactory=org.dbunit.database.statement.PreparedStatementFactory@19a32e0, http://www.dbunit.org/features/caseSensitiveTableNames=false, http://www.dbunit.org/properties/fetchSize=100, http://www.dbunit.org/features/batchedStatements=false, http://www.dbunit.org/properties/metadataHandler=org.dbunit.database.DefaultMetadataHandler@8238f4, http://www.dbunit.org/properties/datatypeFactory=org.dbunit.dataset.datatype.DefaultDataTypeFactory[_toleratedDeltaMap=org.dbunit.dataset.datatype.ToleratedDeltaMap@16925b0], http://www.dbunit.org/properties/escapePattern=null, http://www.dbunit.org/properties/batchSize=100, http://www.dbunit.org/features/qualifiedTableNames=false, http://www.dbunit.org/properties/tableType=[Ljava.lang.String;@297ffb, http://www.dbunit.org/properties/resultSetTableFactory=org.dbunit.database.CachedResultSetTableFactory@914f6a, http://www.dbunit.org/features/datatypeWarning=true}], _dataSet=AbstractDataSet[_orderedTableNameMap=null]]) - start
23:05:02.944 [main] DEBUG o.d.d.s.AbstractStatementFactory - supportBatchStatement(connection=org.dbunit.database.DatabaseConnection[schema=, connection=com.mysql.jdbc.JDBC4Connection@53fb57, super=_databaseConfig=org.dbunit.database.DatabaseConfig[, _propertyMap={http://www.dbunit.org/properties/statementFactory=org.dbunit.database.statement.PreparedStatementFactory@19a32e0, http://www.dbunit.org/features/caseSensitiveTableNames=false, http://www.dbunit.org/properties/fetchSize=100, http://www.dbunit.org/features/batchedStatements=false, http://www.dbunit.org/properties/metadataHandler=org.dbunit.database.DefaultMetadataHandler@8238f4, http://www.dbunit.org/properties/datatypeFactory=org.dbunit.dataset.datatype.DefaultDataTypeFactory[_toleratedDeltaMap=org.dbunit.dataset.datatype.ToleratedDeltaMap@16925b0], http://www.dbunit.org/properties/escapePattern=null, http://www.dbunit.org/properties/batchSize=100, http://www.dbunit.org/features/qualifiedTableNames=false, http://www.dbunit.org/properties/tableType=[Ljava.lang.String;@297ffb, http://www.dbunit.org/properties/resultSetTableFactory=org.dbunit.database.CachedResultSetTableFactory@914f6a, http://www.dbunit.org/features/datatypeWarning=true}], _dataSet=AbstractDataSet[_orderedTableNameMap=null]]) - start
23:05:02.950 [main] DEBUG org.dbunit.dataset.AbstractDataSet - iterator() - start
23:05:02.950 [main] DEBUG org.dbunit.dataset.CachedDataSet - createIterator(reversed=false) - start
23:05:02.950 [main] DEBUG o.dbunit.dataset.OrderedTableNameMap - orderedValues() - start
23:05:02.950 [main] DEBUG o.dbunit.dataset.OrderedTableNameMap - getTableName(tableName=customers) - start
23:05:02.950 [main] DEBUG o.dbunit.dataset.OrderedTableNameMap - getTableName(tableName=customers) - end - result=CUSTOMERS
23:05:02.950 [main] DEBUG o.dbunit.dataset.OrderedTableNameMap - getTableName(tableName=products) - start
23:05:02.952 [main] DEBUG o.dbunit.dataset.OrderedTableNameMap - getTableName(tableName=products) - end - result=PRODUCTS
23:05:02.952 [main] DEBUG o.dbunit.dataset.OrderedTableNameMap - getTableName(tableName=orders) - start
23:05:02.952 [main] DEBUG o.dbunit.dataset.OrderedTableNameMap - getTableName(tableName=orders) - end - result=ORDERS
23:05:02.952 [main] DEBUG o.dbunit.dataset.OrderedTableNameMap - getTableName(tableName=order_items) - start
23:05:02.952 [main] DEBUG o.dbunit.dataset.OrderedTableNameMap - getTableName(tableName=order_items) - end - result=ORDER_ITEMS
23:05:02.958 [main] DEBUG o.d.dataset.DefaultTableIterator - getTableMetaData() - start
23:05:02.958 [main] DEBUG o.d.dataset.DefaultTableIterator - getTable() - start
23:05:02.958 [main] DEBUG o.d.dataset.DefaultTableIterator - getTableMetaData() - start
23:05:02.958 [main] DEBUG o.d.dataset.DefaultTableIterator - getTable() - start
23:05:02.958 [main] DEBUG o.d.dataset.DefaultTableIterator - getTableMetaData() - start
23:05:02.959 [main] DEBUG o.d.dataset.DefaultTableIterator - getTable() - start
23:05:02.959 [main] DEBUG o.d.dataset.DefaultTableIterator - getTableMetaData() - start
23:05:02.959 [main] DEBUG o.d.dataset.DefaultTableIterator - getTable() - start
23:05:02.959 [main] DEBUG org.dbunit.database.DatabaseDataSet - getTableMetaData(tableName=order_items) - start
23:05:02.959 [main] DEBUG org.dbunit.database.DatabaseDataSet - initialize() - start
23:05:02.959 [main] DEBUG org.dbunit.database.DatabaseDataSet - Initializing the data set from the database...
23:05:02.964 [main] DEBUG org.dbunit.database.DatabaseDataSet - 
	database product name=MySQL
	database version=5.5.2-m2-community
	database major version=5
	database minor version=5
	jdbc driver name=MySQL-AB JDBC Driver
	jdbc driver version=mysql-connector-java-5.1.16 ( Revision: ${bzr.revision-id} )
	jdbc driver major version=5
	jdbc driver minor version=1

23:05:02.964 [main] DEBUG org.dbunit.database.DatabaseDataSet - metadata resultset=com.mysql.jdbc.JDBC4ResultSet@14520eb
23:05:02.966 [main] DEBUG org.dbunit.util.QualifiedTableName - getQualifiedNameIfEnabled(config=org.dbunit.database.DatabaseConfig[, _propertyMap={http://www.dbunit.org/properties/statementFactory=org.dbunit.database.statement.PreparedStatementFactory@19a32e0, http://www.dbunit.org/features/caseSensitiveTableNames=false, http://www.dbunit.org/properties/fetchSize=100, http://www.dbunit.org/features/batchedStatements=false, http://www.dbunit.org/properties/metadataHandler=org.dbunit.database.DefaultMetadataHandler@8238f4, http://www.dbunit.org/properties/datatypeFactory=org.dbunit.dataset.datatype.DefaultDataTypeFactory[_toleratedDeltaMap=org.dbunit.dataset.datatype.ToleratedDeltaMap@16925b0], http://www.dbunit.org/properties/escapePattern=null, http://www.dbunit.org/properties/batchSize=100, http://www.dbunit.org/features/qualifiedTableNames=false, http://www.dbunit.org/properties/tableType=[Ljava.lang.String;@297ffb, http://www.dbunit.org/properties/resultSetTableFactory=org.dbunit.database.CachedResultSetTableFactory@914f6a, http://www.dbunit.org/features/datatypeWarning=true}]) - start
23:05:03.063 [main] DEBUG org.dbunit.util.QualifiedTableName - Qualified table names feature is disabled. Returning plain table name
23:05:03.063 [main] DEBUG org.dbunit.util.QualifiedTableName - getQualifiedName(prefix=null, name=customers, escapePattern=null) - start
23:05:03.064 [main] DEBUG o.dbunit.dataset.OrderedTableNameMap - add(tableName=customers, object=null) - start
23:05:03.064 [main] DEBUG o.dbunit.dataset.OrderedTableNameMap - getTableName(tableName=customers) - start
23:05:03.064 [main] DEBUG o.dbunit.dataset.OrderedTableNameMap - getTableName(tableName=customers) - end - result=CUSTOMERS
23:05:03.065 [main] DEBUG o.dbunit.dataset.OrderedTableNameMap - getTableName(tableName=CUSTOMERS) - start
23:05:03.065 [main] DEBUG o.dbunit.dataset.OrderedTableNameMap - getTableName(tableName=CUSTOMERS) - end - result=CUSTOMERS
23:05:03.065 [main] DEBUG org.dbunit.util.QualifiedTableName - getQualifiedNameIfEnabled(config=org.dbunit.database.DatabaseConfig[, _propertyMap={http://www.dbunit.org/properties/statementFactory=org.dbunit.database.statement.PreparedStatementFactory@19a32e0, http://www.dbunit.org/features/caseSensitiveTableNames=false, http://www.dbunit.org/properties/fetchSize=100, http://www.dbunit.org/features/batchedStatements=false, http://www.dbunit.org/properties/metadataHandler=org.dbunit.database.DefaultMetadataHandler@8238f4, http://www.dbunit.org/properties/datatypeFactory=org.dbunit.dataset.datatype.DefaultDataTypeFactory[_toleratedDeltaMap=org.dbunit.dataset.datatype.ToleratedDeltaMap@16925b0], http://www.dbunit.org/properties/escapePattern=null, http://www.dbunit.org/properties/batchSize=100, http://www.dbunit.org/features/qualifiedTableNames=false, http://www.dbunit.org/properties/tableType=[Ljava.lang.String;@297ffb, http://www.dbunit.org/properties/resultSetTableFactory=org.dbunit.database.CachedResultSetTableFactory@914f6a, http://www.dbunit.org/features/datatypeWarning=true}]) - start
23:05:03.069 [main] DEBUG org.dbunit.util.QualifiedTableName - Qualified table names feature is disabled. Returning plain table name
23:05:03.069 [main] DEBUG org.dbunit.util.QualifiedTableName - getQualifiedName(prefix=null, name=inventories, escapePattern=null) - start
23:05:03.069 [main] DEBUG o.dbunit.dataset.OrderedTableNameMap - add(tableName=inventories, object=null) - start
23:05:03.069 [main] DEBUG o.dbunit.dataset.OrderedTableNameMap - getTableName(tableName=inventories) - start
23:05:03.069 [main] DEBUG o.dbunit.dataset.OrderedTableNameMap - getTableName(tableName=inventories) - end - result=INVENTORIES
23:05:03.070 [main] DEBUG o.dbunit.dataset.OrderedTableNameMap - getTableName(tableName=INVENTORIES) - start
23:05:03.070 [main] DEBUG o.dbunit.dataset.OrderedTableNameMap - getTableName(tableName=INVENTORIES) - end - result=INVENTORIES
23:05:03.070 [main] DEBUG org.dbunit.util.QualifiedTableName - getQualifiedNameIfEnabled(config=org.dbunit.database.DatabaseConfig[, _propertyMap={http://www.dbunit.org/properties/statementFactory=org.dbunit.database.statement.PreparedStatementFactory@19a32e0, http://www.dbunit.org/features/caseSensitiveTableNames=false, http://www.dbunit.org/properties/fetchSize=100, http://www.dbunit.org/features/batchedStatements=false, http://www.dbunit.org/properties/metadataHandler=org.dbunit.database.DefaultMetadataHandler@8238f4, http://www.dbunit.org/properties/datatypeFactory=org.dbunit.dataset.datatype.DefaultDataTypeFactory[_toleratedDeltaMap=org.dbunit.dataset.datatype.ToleratedDeltaMap@16925b0], http://www.dbunit.org/properties/escapePattern=null, http://www.dbunit.org/properties/batchSize=100, http://www.dbunit.org/features/qualifiedTableNames=false, http://www.dbunit.org/properties/tableType=[Ljava.lang.String;@297ffb, http://www.dbunit.org/properties/resultSetTableFactory=org.dbunit.database.CachedResultSetTableFactory@914f6a, http://www.dbunit.org/features/datatypeWarning=true}]) - start
23:05:03.075 [main] DEBUG org.dbunit.util.QualifiedTableName - Qualified table names feature is disabled. Returning plain table name
23:05:03.075 [main] DEBUG org.dbunit.util.QualifiedTableName - getQualifiedName(prefix=null, name=inventory_items, escapePattern=null) - start
23:05:03.075 [main] DEBUG o.dbunit.dataset.OrderedTableNameMap - add(tableName=inventory_items, object=null) - start
23:05:03.075 [main] DEBUG o.dbunit.dataset.OrderedTableNameMap - getTableName(tableName=inventory_items) - start
23:05:03.075 [main] DEBUG o.dbunit.dataset.OrderedTableNameMap - getTableName(tableName=inventory_items) - end - result=INVENTORY_ITEMS
23:05:03.076 [main] DEBUG o.dbunit.dataset.OrderedTableNameMap - getTableName(tableName=INVENTORY_ITEMS) - start
23:05:03.076 [main] DEBUG o.dbunit.dataset.OrderedTableNameMap - getTableName(tableName=INVENTORY_ITEMS) - end - result=INVENTORY_ITEMS
23:05:03.076 [main] DEBUG org.dbunit.util.QualifiedTableName - getQualifiedNameIfEnabled(config=org.dbunit.database.DatabaseConfig[, _propertyMap={http://www.dbunit.org/properties/statementFactory=org.dbunit.database.statement.PreparedStatementFactory@19a32e0, http://www.dbunit.org/features/caseSensitiveTableNames=false, http://www.dbunit.org/properties/fetchSize=100, http://www.dbunit.org/features/batchedStatements=false, http://www.dbunit.org/properties/metadataHandler=org.dbunit.database.DefaultMetadataHandler@8238f4, http://www.dbunit.org/properties/datatypeFactory=org.dbunit.dataset.datatype.DefaultDataTypeFactory[_toleratedDeltaMap=org.dbunit.dataset.datatype.ToleratedDeltaMap@16925b0], http://www.dbunit.org/properties/escapePattern=null, http://www.dbunit.org/properties/batchSize=100, http://www.dbunit.org/features/qualifiedTableNames=false, http://www.dbunit.org/properties/tableType=[Ljava.lang.String;@297ffb, http://www.dbunit.org/properties/resultSetTableFactory=org.dbunit.database.CachedResultSetTableFactory@914f6a, http://www.dbunit.org/features/datatypeWarning=true}]) - start
23:05:03.081 [main] DEBUG org.dbunit.util.QualifiedTableName - Qualified table names feature is disabled. Returning plain table name
23:05:03.081 [main] DEBUG org.dbunit.util.QualifiedTableName - getQualifiedName(prefix=null, name=order_items, escapePattern=null) - start
23:05:03.081 [main] DEBUG o.dbunit.dataset.OrderedTableNameMap - add(tableName=order_items, object=null) - start
23:05:03.081 [main] DEBUG o.dbunit.dataset.OrderedTableNameMap - getTableName(tableName=order_items) - start
23:05:03.081 [main] DEBUG o.dbunit.dataset.OrderedTableNameMap - getTableName(tableName=order_items) - end - result=ORDER_ITEMS
23:05:03.082 [main] DEBUG o.dbunit.dataset.OrderedTableNameMap - getTableName(tableName=ORDER_ITEMS) - start
23:05:03.082 [main] DEBUG o.dbunit.dataset.OrderedTableNameMap - getTableName(tableName=ORDER_ITEMS) - end - result=ORDER_ITEMS
23:05:03.082 [main] DEBUG org.dbunit.util.QualifiedTableName - getQualifiedNameIfEnabled(config=org.dbunit.database.DatabaseConfig[, _propertyMap={http://www.dbunit.org/properties/statementFactory=org.dbunit.database.statement.PreparedStatementFactory@19a32e0, http://www.dbunit.org/features/caseSensitiveTableNames=false, http://www.dbunit.org/properties/fetchSize=100, http://www.dbunit.org/features/batchedStatements=false, http://www.dbunit.org/properties/metadataHandler=org.dbunit.database.DefaultMetadataHandler@8238f4, http://www.dbunit.org/properties/datatypeFactory=org.dbunit.dataset.datatype.DefaultDataTypeFactory[_toleratedDeltaMap=org.dbunit.dataset.datatype.ToleratedDeltaMap@16925b0], http://www.dbunit.org/properties/escapePattern=null, http://www.dbunit.org/properties/batchSize=100, http://www.dbunit.org/features/qualifiedTableNames=false, http://www.dbunit.org/properties/tableType=[Ljava.lang.String;@297ffb, http://www.dbunit.org/properties/resultSetTableFactory=org.dbunit.database.CachedResultSetTableFactory@914f6a, http://www.dbunit.org/features/datatypeWarning=true}]) - start
23:05:03.086 [main] DEBUG org.dbunit.util.QualifiedTableName - Qualified table names feature is disabled. Returning plain table name
23:05:03.086 [main] DEBUG org.dbunit.util.QualifiedTableName - getQualifiedName(prefix=null, name=orders, escapePattern=null) - start
23:05:03.086 [main] DEBUG o.dbunit.dataset.OrderedTableNameMap - add(tableName=orders, object=null) - start
23:05:03.086 [main] DEBUG o.dbunit.dataset.OrderedTableNameMap - getTableName(tableName=orders) - start
23:05:03.086 [main] DEBUG o.dbunit.dataset.OrderedTableNameMap - getTableName(tableName=orders) - end - result=ORDERS
23:05:03.087 [main] DEBUG o.dbunit.dataset.OrderedTableNameMap - getTableName(tableName=ORDERS) - start
23:05:03.087 [main] DEBUG o.dbunit.dataset.OrderedTableNameMap - getTableName(tableName=ORDERS) - end - result=ORDERS
23:05:03.087 [main] DEBUG org.dbunit.util.QualifiedTableName - getQualifiedNameIfEnabled(config=org.dbunit.database.DatabaseConfig[, _propertyMap={http://www.dbunit.org/properties/statementFactory=org.dbunit.database.statement.PreparedStatementFactory@19a32e0, http://www.dbunit.org/features/caseSensitiveTableNames=false, http://www.dbunit.org/properties/fetchSize=100, http://www.dbunit.org/features/batchedStatements=false, http://www.dbunit.org/properties/metadataHandler=org.dbunit.database.DefaultMetadataHandler@8238f4, http://www.dbunit.org/properties/datatypeFactory=org.dbunit.dataset.datatype.DefaultDataTypeFactory[_toleratedDeltaMap=org.dbunit.dataset.datatype.ToleratedDeltaMap@16925b0], http://www.dbunit.org/properties/escapePattern=null, http://www.dbunit.org/properties/batchSize=100, http://www.dbunit.org/features/qualifiedTableNames=false, http://www.dbunit.org/properties/tableType=[Ljava.lang.String;@297ffb, http://www.dbunit.org/properties/resultSetTableFactory=org.dbunit.database.CachedResultSetTableFactory@914f6a, http://www.dbunit.org/features/datatypeWarning=true}]) - start
23:05:03.092 [main] DEBUG org.dbunit.util.QualifiedTableName - Qualified table names feature is disabled. Returning plain table name
23:05:03.092 [main] DEBUG org.dbunit.util.QualifiedTableName - getQualifiedName(prefix=null, name=products, escapePattern=null) - start
23:05:03.092 [main] DEBUG o.dbunit.dataset.OrderedTableNameMap - add(tableName=products, object=null) - start
23:05:03.092 [main] DEBUG o.dbunit.dataset.OrderedTableNameMap - getTableName(tableName=products) - start
23:05:03.092 [main] DEBUG o.dbunit.dataset.OrderedTableNameMap - getTableName(tableName=products) - end - result=PRODUCTS
23:05:03.093 [main] DEBUG o.dbunit.dataset.OrderedTableNameMap - getTableName(tableName=PRODUCTS) - start
23:05:03.093 [main] DEBUG o.dbunit.dataset.OrderedTableNameMap - getTableName(tableName=PRODUCTS) - end - result=PRODUCTS
23:05:03.094 [main] DEBUG o.dbunit.dataset.OrderedTableNameMap - getTableName(tableName=order_items) - start
23:05:03.094 [main] DEBUG o.dbunit.dataset.OrderedTableNameMap - getTableName(tableName=order_items) - end - result=ORDER_ITEMS
23:05:03.094 [main] DEBUG o.dbunit.dataset.OrderedTableNameMap - getTableName(tableName=order_items) - start
23:05:03.098 [main] DEBUG o.dbunit.dataset.OrderedTableNameMap - getTableName(tableName=order_items) - end - result=ORDER_ITEMS
23:05:03.099 [main] DEBUG org.dbunit.util.SQLHelper - isEscaped returns 'false' for tableName=order_items (dbIdentifierQuoteString=`)
23:05:03.100 [main] DEBUG o.d.database.DatabaseTableMetaData - Validating if table 'order_items' exists in schema '' ...
23:05:03.104 [main] DEBUG org.dbunit.util.SQLHelper - close(resultSet=com.mysql.jdbc.JDBC4ResultSet@16c163f) - start
23:05:03.105 [main] DEBUG o.dbunit.dataset.OrderedTableNameMap - update(tableName=order_items, object=table=order_items, cols=[(id, INTEGER, noNulls), (order_order_number, INTEGER, noNulls), (product_sku_number, INTEGER, noNulls), (quantity, INTEGER, noNulls)], pk=[(id, INTEGER, noNulls)]) - start
23:05:03.121 [main] DEBUG o.dbunit.dataset.OrderedTableNameMap - getTableName(tableName=order_items) - start
23:05:03.201 [main] DEBUG o.dbunit.dataset.OrderedTableNameMap - getTableName(tableName=order_items) - end - result=ORDER_ITEMS
23:05:03.201 [main] DEBUG o.dbunit.dataset.OrderedTableNameMap - getTableName(tableName=order_items) - start
23:05:03.201 [main] DEBUG o.dbunit.dataset.OrderedTableNameMap - getTableName(tableName=order_items) - end - result=ORDER_ITEMS
23:05:03.201 [main] DEBUG o.dbunit.operation.AbstractOperation - getQualifiedName(prefix=, name=order_items, connection=org.dbunit.database.DatabaseConnection[schema=, connection=com.mysql.jdbc.JDBC4Connection@53fb57, super=_databaseConfig=org.dbunit.database.DatabaseConfig[, _propertyMap={http://www.dbunit.org/properties/statementFactory=org.dbunit.database.statement.PreparedStatementFactory@19a32e0, http://www.dbunit.org/features/caseSensitiveTableNames=false, http://www.dbunit.org/properties/fetchSize=100, http://www.dbunit.org/features/batchedStatements=false, http://www.dbunit.org/properties/metadataHandler=org.dbunit.database.DefaultMetadataHandler@8238f4, http://www.dbunit.org/properties/datatypeFactory=org.dbunit.dataset.datatype.DefaultDataTypeFactory[_toleratedDeltaMap=org.dbunit.dataset.datatype.ToleratedDeltaMap@16925b0], http://www.dbunit.org/properties/escapePattern=null, http://www.dbunit.org/properties/batchSize=100, http://www.dbunit.org/features/qualifiedTableNames=false, http://www.dbunit.org/properties/tableType=[Ljava.lang.String;@297ffb, http://www.dbunit.org/properties/resultSetTableFactory=org.dbunit.database.CachedResultSetTableFactory@914f6a, http://www.dbunit.org/features/datatypeWarning=true}], _dataSet=AbstractDataSet[_orderedTableNameMap=null]]) - start
23:05:03.202 [main] DEBUG org.dbunit.util.QualifiedTableName - getQualifiedName() - start
23:05:03.202 [main] DEBUG org.dbunit.util.QualifiedTableName - getQualifiedName(prefix=, name=order_items, escapePattern=null) - start
23:05:03.202 [main] DEBUG o.d.d.statement.SimpleStatement - addBatch(sql=delete from order_items) - start
23:05:03.202 [main] DEBUG o.d.operation.DeleteAllOperation - Added SQL: delete from order_items
23:05:03.202 [main] DEBUG org.dbunit.database.DatabaseDataSet - getTableMetaData(tableName=orders) - start
23:05:03.203 [main] DEBUG org.dbunit.database.DatabaseDataSet - initialize() - start
23:05:03.203 [main] DEBUG o.dbunit.dataset.OrderedTableNameMap - getTableName(tableName=orders) - start
23:05:03.203 [main] DEBUG o.dbunit.dataset.OrderedTableNameMap - getTableName(tableName=orders) - end - result=ORDERS
23:05:03.203 [main] DEBUG o.dbunit.dataset.OrderedTableNameMap - getTableName(tableName=orders) - start
23:05:03.203 [main] DEBUG o.dbunit.dataset.OrderedTableNameMap - getTableName(tableName=orders) - end - result=ORDERS
23:05:03.208 [main] DEBUG org.dbunit.util.SQLHelper - isEscaped returns 'false' for tableName=orders (dbIdentifierQuoteString=`)
23:05:03.208 [main] DEBUG o.d.database.DatabaseTableMetaData - Validating if table 'orders' exists in schema '' ...
23:05:03.210 [main] DEBUG org.dbunit.util.SQLHelper - close(resultSet=com.mysql.jdbc.JDBC4ResultSet@165a3c2) - start
23:05:03.210 [main] DEBUG o.dbunit.dataset.OrderedTableNameMap - update(tableName=orders, object=table=orders, cols=[(order_number, INTEGER, noNulls), (customer_id, INTEGER, noNulls), (date, DATE, noNulls), (amount, DECIMAL, noNulls), (order_status, VARCHAR, noNulls), (discount_status, VARCHAR, noNulls)], pk=[(order_number, INTEGER, noNulls)]) - start
23:05:03.220 [main] DEBUG o.dbunit.dataset.OrderedTableNameMap - getTableName(tableName=orders) - start
23:05:03.220 [main] DEBUG o.dbunit.dataset.OrderedTableNameMap - getTableName(tableName=orders) - end - result=ORDERS
23:05:03.311 [main] DEBUG o.dbunit.dataset.OrderedTableNameMap - getTableName(tableName=orders) - start
23:05:03.311 [main] DEBUG o.dbunit.dataset.OrderedTableNameMap - getTableName(tableName=orders) - end - result=ORDERS
23:05:03.311 [main] DEBUG o.dbunit.operation.AbstractOperation - getQualifiedName(prefix=, name=orders, connection=org.dbunit.database.DatabaseConnection[schema=, connection=com.mysql.jdbc.JDBC4Connection@53fb57, super=_databaseConfig=org.dbunit.database.DatabaseConfig[, _propertyMap={http://www.dbunit.org/properties/statementFactory=org.dbunit.database.statement.PreparedStatementFactory@19a32e0, http://www.dbunit.org/features/caseSensitiveTableNames=false, http://www.dbunit.org/properties/fetchSize=100, http://www.dbunit.org/features/batchedStatements=false, http://www.dbunit.org/properties/metadataHandler=org.dbunit.database.DefaultMetadataHandler@8238f4, http://www.dbunit.org/properties/datatypeFactory=org.dbunit.dataset.datatype.DefaultDataTypeFactory[_toleratedDeltaMap=org.dbunit.dataset.datatype.ToleratedDeltaMap@16925b0], http://www.dbunit.org/properties/escapePattern=null, http://www.dbunit.org/properties/batchSize=100, http://www.dbunit.org/features/qualifiedTableNames=false, http://www.dbunit.org/properties/tableType=[Ljava.lang.String;@297ffb, http://www.dbunit.org/properties/resultSetTableFactory=org.dbunit.database.CachedResultSetTableFactory@914f6a, http://www.dbunit.org/features/datatypeWarning=true}], _dataSet=AbstractDataSet[_orderedTableNameMap=null]]) - start
23:05:03.312 [main] DEBUG org.dbunit.util.QualifiedTableName - getQualifiedName() - start
23:05:03.312 [main] DEBUG org.dbunit.util.QualifiedTableName - getQualifiedName(prefix=, name=orders, escapePattern=null) - start
23:05:03.312 [main] DEBUG o.d.d.statement.SimpleStatement - addBatch(sql=delete from orders) - start
23:05:03.312 [main] DEBUG o.d.operation.DeleteAllOperation - Added SQL: delete from orders
23:05:03.312 [main] DEBUG org.dbunit.database.DatabaseDataSet - getTableMetaData(tableName=products) - start
23:05:03.313 [main] DEBUG org.dbunit.database.DatabaseDataSet - initialize() - start
23:05:03.314 [main] DEBUG o.dbunit.dataset.OrderedTableNameMap - getTableName(tableName=products) - start
23:05:03.314 [main] DEBUG o.dbunit.dataset.OrderedTableNameMap - getTableName(tableName=products) - end - result=PRODUCTS
23:05:03.314 [main] DEBUG o.dbunit.dataset.OrderedTableNameMap - getTableName(tableName=products) - start
23:05:03.314 [main] DEBUG o.dbunit.dataset.OrderedTableNameMap - getTableName(tableName=products) - end - result=PRODUCTS
23:05:03.319 [main] DEBUG org.dbunit.util.SQLHelper - isEscaped returns 'false' for tableName=products (dbIdentifierQuoteString=`)
23:05:03.319 [main] DEBUG o.d.database.DatabaseTableMetaData - Validating if table 'products' exists in schema '' ...
23:05:03.321 [main] DEBUG org.dbunit.util.SQLHelper - close(resultSet=com.mysql.jdbc.JDBC4ResultSet@15db314) - start
23:05:03.321 [main] DEBUG o.dbunit.dataset.OrderedTableNameMap - update(tableName=products, object=table=products, cols=[(sku_number, INTEGER, noNulls), (name, VARCHAR, noNulls), (amount, DECIMAL, noNulls)], pk=[(sku_number, INTEGER, noNulls)]) - start
23:05:03.332 [main] DEBUG o.dbunit.dataset.OrderedTableNameMap - getTableName(tableName=products) - start
23:05:03.332 [main] DEBUG o.dbunit.dataset.OrderedTableNameMap - getTableName(tableName=products) - end - result=PRODUCTS
23:05:03.333 [main] DEBUG o.dbunit.dataset.OrderedTableNameMap - getTableName(tableName=products) - start
23:05:03.333 [main] DEBUG o.dbunit.dataset.OrderedTableNameMap - getTableName(tableName=products) - end - result=PRODUCTS
23:05:03.333 [main] DEBUG o.dbunit.operation.AbstractOperation - getQualifiedName(prefix=, name=products, connection=org.dbunit.database.DatabaseConnection[schema=, connection=com.mysql.jdbc.JDBC4Connection@53fb57, super=_databaseConfig=org.dbunit.database.DatabaseConfig[, _propertyMap={http://www.dbunit.org/properties/statementFactory=org.dbunit.database.statement.PreparedStatementFactory@19a32e0, http://www.dbunit.org/features/caseSensitiveTableNames=false, http://www.dbunit.org/properties/fetchSize=100, http://www.dbunit.org/features/batchedStatements=false, http://www.dbunit.org/properties/metadataHandler=org.dbunit.database.DefaultMetadataHandler@8238f4, http://www.dbunit.org/properties/datatypeFactory=org.dbunit.dataset.datatype.DefaultDataTypeFactory[_toleratedDeltaMap=org.dbunit.dataset.datatype.ToleratedDeltaMap@16925b0], http://www.dbunit.org/properties/escapePattern=null, http://www.dbunit.org/properties/batchSize=100, http://www.dbunit.org/features/qualifiedTableNames=false, http://www.dbunit.org/properties/tableType=[Ljava.lang.String;@297ffb, http://www.dbunit.org/properties/resultSetTableFactory=org.dbunit.database.CachedResultSetTableFactory@914f6a, http://www.dbunit.org/features/datatypeWarning=true}], _dataSet=AbstractDataSet[_orderedTableNameMap=null]]) - start
23:05:03.336 [main] DEBUG org.dbunit.util.QualifiedTableName - getQualifiedName() - start
23:05:03.336 [main] DEBUG org.dbunit.util.QualifiedTableName - getQualifiedName(prefix=, name=products, escapePattern=null) - start
23:05:03.336 [main] DEBUG o.d.d.statement.SimpleStatement - addBatch(sql=delete from products) - start
23:05:03.336 [main] DEBUG o.d.operation.DeleteAllOperation - Added SQL: delete from products
23:05:03.336 [main] DEBUG org.dbunit.database.DatabaseDataSet - getTableMetaData(tableName=customers) - start
23:05:03.338 [main] DEBUG org.dbunit.database.DatabaseDataSet - initialize() - start
23:05:03.339 [main] DEBUG o.dbunit.dataset.OrderedTableNameMap - getTableName(tableName=customers) - start
23:05:03.339 [main] DEBUG o.dbunit.dataset.OrderedTableNameMap - getTableName(tableName=customers) - end - result=CUSTOMERS
23:05:03.339 [main] DEBUG o.dbunit.dataset.OrderedTableNameMap - getTableName(tableName=customers) - start
23:05:03.339 [main] DEBUG o.dbunit.dataset.OrderedTableNameMap - getTableName(tableName=customers) - end - result=CUSTOMERS
23:05:03.344 [main] DEBUG org.dbunit.util.SQLHelper - isEscaped returns 'false' for tableName=customers (dbIdentifierQuoteString=`)
23:05:03.344 [main] DEBUG o.d.database.DatabaseTableMetaData - Validating if table 'customers' exists in schema '' ...
23:05:03.346 [main] DEBUG org.dbunit.util.SQLHelper - close(resultSet=com.mysql.jdbc.JDBC4ResultSet@1d2b01b) - start
23:05:03.346 [main] DEBUG o.dbunit.dataset.OrderedTableNameMap - update(tableName=customers, object=table=customers, cols=[(id, INTEGER, noNulls), (name, VARCHAR, nullable)], pk=[(id, INTEGER, noNulls)]) - start
23:05:03.497 [main] DEBUG o.dbunit.dataset.OrderedTableNameMap - getTableName(tableName=customers) - start
23:05:03.497 [main] DEBUG o.dbunit.dataset.OrderedTableNameMap - getTableName(tableName=customers) - end - result=CUSTOMERS
23:05:03.497 [main] DEBUG o.dbunit.dataset.OrderedTableNameMap - getTableName(tableName=customers) - start
23:05:03.548 [main] DEBUG o.dbunit.dataset.OrderedTableNameMap - getTableName(tableName=customers) - end - result=CUSTOMERS
23:05:03.548 [main] DEBUG o.dbunit.operation.AbstractOperation - getQualifiedName(prefix=, name=customers, connection=org.dbunit.database.DatabaseConnection[schema=, connection=com.mysql.jdbc.JDBC4Connection@53fb57, super=_databaseConfig=org.dbunit.database.DatabaseConfig[, _propertyMap={http://www.dbunit.org/properties/statementFactory=org.dbunit.database.statement.PreparedStatementFactory@19a32e0, http://www.dbunit.org/features/caseSensitiveTableNames=false, http://www.dbunit.org/properties/fetchSize=100, http://www.dbunit.org/features/batchedStatements=false, http://www.dbunit.org/properties/metadataHandler=org.dbunit.database.DefaultMetadataHandler@8238f4, http://www.dbunit.org/properties/datatypeFactory=org.dbunit.dataset.datatype.DefaultDataTypeFactory[_toleratedDeltaMap=org.dbunit.dataset.datatype.ToleratedDeltaMap@16925b0], http://www.dbunit.org/properties/escapePattern=null, http://www.dbunit.org/properties/batchSize=100, http://www.dbunit.org/features/qualifiedTableNames=false, http://www.dbunit.org/properties/tableType=[Ljava.lang.String;@297ffb, http://www.dbunit.org/properties/resultSetTableFactory=org.dbunit.database.CachedResultSetTableFactory@914f6a, http://www.dbunit.org/features/datatypeWarning=true}], _dataSet=AbstractDataSet[_orderedTableNameMap=null]]) - start
23:05:03.549 [main] DEBUG org.dbunit.util.QualifiedTableName - getQualifiedName() - start
23:05:03.549 [main] DEBUG org.dbunit.util.QualifiedTableName - getQualifiedName(prefix=, name=customers, escapePattern=null) - start
23:05:03.549 [main] DEBUG o.d.d.statement.SimpleStatement - addBatch(sql=delete from customers) - start
23:05:03.549 [main] DEBUG o.d.operation.DeleteAllOperation - Added SQL: delete from customers
23:05:03.549 [main] DEBUG o.d.d.statement.SimpleStatement - executeBatch() - start
23:05:03.549 [main] DEBUG o.d.d.statement.SimpleStatement - DbUnit SQL: delete from order_items
23:05:03.554 [main] DEBUG o.d.d.statement.SimpleStatement - DbUnit SQL: delete from orders
23:05:03.554 [main] DEBUG o.d.d.statement.SimpleStatement - DbUnit SQL: delete from products
23:05:03.555 [main] DEBUG o.d.d.statement.SimpleStatement - DbUnit SQL: delete from customers
23:05:03.555 [main] DEBUG o.d.d.statement.SimpleStatement - clearBatch() - start
23:05:03.555 [main] DEBUG o.d.d.s.AbstractBatchStatement - close() - start
23:05:03.555 [main] DEBUG o.d.operation.AbstractBatchOperation - execute(connection=org.dbunit.database.DatabaseConnection[schema=, connection=com.mysql.jdbc.JDBC4Connection@53fb57, super=_databaseConfig=org.dbunit.database.DatabaseConfig[, _propertyMap={http://www.dbunit.org/properties/statementFactory=org.dbunit.database.statement.PreparedStatementFactory@19a32e0, http://www.dbunit.org/features/caseSensitiveTableNames=false, http://www.dbunit.org/properties/fetchSize=100, http://www.dbunit.org/features/batchedStatements=false, http://www.dbunit.org/properties/metadataHandler=org.dbunit.database.DefaultMetadataHandler@8238f4, http://www.dbunit.org/properties/datatypeFactory=org.dbunit.dataset.datatype.DefaultDataTypeFactory[_toleratedDeltaMap=org.dbunit.dataset.datatype.ToleratedDeltaMap@16925b0], http://www.dbunit.org/properties/escapePattern=null, http://www.dbunit.org/properties/batchSize=100, http://www.dbunit.org/features/qualifiedTableNames=false, http://www.dbunit.org/properties/tableType=[Ljava.lang.String;@297ffb, http://www.dbunit.org/properties/resultSetTableFactory=org.dbunit.database.CachedResultSetTableFactory@914f6a, http://www.dbunit.org/features/datatypeWarning=true}], _dataSet=AbstractDataSet[_orderedTableNameMap=null]], dataSet=AbstractDataSet[_orderedTableNameMap=null]) - start
23:05:03.556 [main] DEBUG org.dbunit.dataset.AbstractDataSet - iterator() - start
23:05:03.556 [main] DEBUG org.dbunit.dataset.CachedDataSet - createIterator(reversed=false) - start
23:05:03.556 [main] DEBUG o.dbunit.dataset.OrderedTableNameMap - orderedValues() - start
23:05:03.557 [main] DEBUG o.dbunit.dataset.OrderedTableNameMap - getTableName(tableName=customers) - start
23:05:03.557 [main] DEBUG o.dbunit.dataset.OrderedTableNameMap - getTableName(tableName=customers) - end - result=CUSTOMERS
23:05:03.557 [main] DEBUG o.dbunit.dataset.OrderedTableNameMap - getTableName(tableName=products) - start
23:05:03.557 [main] DEBUG o.dbunit.dataset.OrderedTableNameMap - getTableName(tableName=products) - end - result=PRODUCTS
23:05:03.557 [main] DEBUG o.dbunit.dataset.OrderedTableNameMap - getTableName(tableName=orders) - start
23:05:03.557 [main] DEBUG o.dbunit.dataset.OrderedTableNameMap - getTableName(tableName=orders) - end - result=ORDERS
23:05:03.557 [main] DEBUG o.dbunit.dataset.OrderedTableNameMap - getTableName(tableName=order_items) - start
23:05:03.557 [main] DEBUG o.dbunit.dataset.OrderedTableNameMap - getTableName(tableName=order_items) - end - result=ORDER_ITEMS
23:05:03.562 [main] DEBUG o.d.dataset.DefaultTableIterator - getTable() - start
23:05:03.562 [main] DEBUG o.d.operation.AbstractBatchOperation - isEmpty(table=org.dbunit.dataset.DefaultTable[_metaData=tableName=customers, columns=[(id, UNKNOWN, nullableUnknown), (name, UNKNOWN, nullableUnknown)], keys=[], _rowList.size()=6]) - start
23:05:03.562 [main] DEBUG org.dbunit.dataset.DefaultTable - getValue(row=0, column=id) - start
23:05:03.562 [main] DEBUG org.dbunit.dataset.AbstractTable - assertValidRowIndex(row=0) - start
23:05:03.564 [main] DEBUG org.dbunit.dataset.AbstractTable - assertValidRowIndex(row=0, rowCount=6) - start
23:05:03.564 [main] DEBUG org.dbunit.dataset.AbstractTable - getColumnIndex(columnName=id) - start
23:05:03.564 [main] DEBUG o.d.dataset.AbstractTableMetaData - getColumnIndex(columnName=id) - start
23:05:03.564 [main] DEBUG o.dbunit.operation.AbstractOperation - getOperationMetaData(connection=org.dbunit.database.DatabaseConnection[schema=, connection=com.mysql.jdbc.JDBC4Connection@53fb57, super=_databaseConfig=org.dbunit.database.DatabaseConfig[, _propertyMap={http://www.dbunit.org/properties/statementFactory=org.dbunit.database.statement.PreparedStatementFactory@19a32e0, http://www.dbunit.org/features/caseSensitiveTableNames=false, http://www.dbunit.org/properties/fetchSize=100, http://www.dbunit.org/features/batchedStatements=false, http://www.dbunit.org/properties/metadataHandler=org.dbunit.database.DefaultMetadataHandler@8238f4, http://www.dbunit.org/properties/datatypeFactory=org.dbunit.dataset.datatype.DefaultDataTypeFactory[_toleratedDeltaMap=org.dbunit.dataset.datatype.ToleratedDeltaMap@16925b0], http://www.dbunit.org/properties/escapePattern=null, http://www.dbunit.org/properties/batchSize=100, http://www.dbunit.org/features/qualifiedTableNames=false, http://www.dbunit.org/properties/tableType=[Ljava.lang.String;@297ffb, http://www.dbunit.org/properties/resultSetTableFactory=org.dbunit.database.CachedResultSetTableFactory@914f6a, http://www.dbunit.org/features/datatypeWarning=true}], _dataSet=AbstractDataSet[_orderedTableNameMap=null]], metaData=tableName=customers, columns=[(id, UNKNOWN, nullableUnknown), (name, UNKNOWN, nullableUnknown)], keys=[]) - start
23:05:03.565 [main] DEBUG o.d.d.AbstractDatabaseConnection - createDataSet() - start
23:05:03.565 [main] DEBUG org.dbunit.database.DatabaseDataSet - getTableMetaData(tableName=customers) - start
23:05:03.565 [main] DEBUG org.dbunit.database.DatabaseDataSet - initialize() - start
23:05:03.566 [main] DEBUG o.dbunit.dataset.OrderedTableNameMap - getTableName(tableName=customers) - start
23:05:03.566 [main] DEBUG o.dbunit.dataset.OrderedTableNameMap - getTableName(tableName=customers) - end - result=CUSTOMERS
23:05:03.567 [main] DEBUG o.dbunit.dataset.OrderedTableNameMap - getTableName(tableName=customers) - start
23:05:03.567 [main] DEBUG o.dbunit.dataset.OrderedTableNameMap - getTableName(tableName=customers) - end - result=CUSTOMERS
23:05:03.567 [main] DEBUG o.d.dataset.AbstractTableMetaData - getColumnIndex(columnName=id) - start
23:05:03.567 [main] DEBUG o.d.database.DatabaseTableMetaData - getColumns() - start
23:05:03.567 [main] DEBUG o.d.database.DatabaseTableMetaData - getColumns() - start
23:05:03.567 [main] DEBUG o.d.dataset.AbstractTableMetaData - getColumnIndex(columnName=name) - start
23:05:03.572 [main] DEBUG o.d.database.DatabaseTableMetaData - getColumns() - start
23:05:03.572 [main] DEBUG o.d.database.DatabaseTableMetaData - getPrimaryKeys() - start
23:05:03.572 [main] DEBUG org.dbunit.operation.InsertOperation - getIgnoreMapping(table=org.dbunit.dataset.DefaultTable[_metaData=tableName=customers, columns=[(id, UNKNOWN, nullableUnknown), (name, UNKNOWN, nullableUnknown)], keys=[], _rowList.size()=6], row=0) - start
23:05:03.572 [main] DEBUG org.dbunit.dataset.DefaultTable - getValue(row=0, column=id) - start
23:05:03.574 [main] DEBUG org.dbunit.dataset.AbstractTable - assertValidRowIndex(row=0) - start
23:05:03.574 [main] DEBUG org.dbunit.dataset.AbstractTable - assertValidRowIndex(row=0, rowCount=6) - start
23:05:03.574 [main] DEBUG org.dbunit.dataset.AbstractTable - getColumnIndex(columnName=id) - start
23:05:03.574 [main] DEBUG o.d.dataset.AbstractTableMetaData - getColumnIndex(columnName=id) - start
23:05:03.574 [main] DEBUG org.dbunit.dataset.DefaultTable - getValue(row=0, column=name) - start
23:05:03.574 [main] DEBUG org.dbunit.dataset.AbstractTable - assertValidRowIndex(row=0) - start
23:05:03.574 [main] DEBUG org.dbunit.dataset.AbstractTable - assertValidRowIndex(row=0, rowCount=6) - start
23:05:03.574 [main] DEBUG org.dbunit.dataset.AbstractTable - getColumnIndex(columnName=name) - start
23:05:03.575 [main] DEBUG o.d.dataset.AbstractTableMetaData - getColumnIndex(columnName=name) - start
23:05:03.575 [main] DEBUG org.dbunit.operation.InsertOperation - getOperationData(metaData=tableName=customers, columns=[(id, INTEGER, noNulls), (name, VARCHAR, nullable)], keys=[(id, INTEGER, noNulls)], ignoreMapping={}, connection=org.dbunit.database.DatabaseConnection[schema=, connection=com.mysql.jdbc.JDBC4Connection@53fb57, super=_databaseConfig=org.dbunit.database.DatabaseConfig[, _propertyMap={http://www.dbunit.org/properties/statementFactory=org.dbunit.database.statement.PreparedStatementFactory@19a32e0, http://www.dbunit.org/features/caseSensitiveTableNames=false, http://www.dbunit.org/properties/fetchSize=100, http://www.dbunit.org/features/batchedStatements=false, http://www.dbunit.org/properties/metadataHandler=org.dbunit.database.DefaultMetadataHandler@8238f4, http://www.dbunit.org/properties/datatypeFactory=org.dbunit.dataset.datatype.DefaultDataTypeFactory[_toleratedDeltaMap=org.dbunit.dataset.datatype.ToleratedDeltaMap@16925b0], http://www.dbunit.org/properties/escapePattern=null, http://www.dbunit.org/properties/batchSize=100, http://www.dbunit.org/features/qualifiedTableNames=false, http://www.dbunit.org/properties/tableType=[Ljava.lang.String;@297ffb, http://www.dbunit.org/properties/resultSetTableFactory=org.dbunit.database.CachedResultSetTableFactory@914f6a, http://www.dbunit.org/features/datatypeWarning=true}], _dataSet=AbstractDataSet[_orderedTableNameMap=null]]) - start
23:05:03.577 [main] DEBUG o.dbunit.operation.AbstractOperation - getQualifiedName(prefix=, name=customers, connection=org.dbunit.database.DatabaseConnection[schema=, connection=com.mysql.jdbc.JDBC4Connection@53fb57, super=_databaseConfig=org.dbunit.database.DatabaseConfig[, _propertyMap={http://www.dbunit.org/properties/statementFactory=org.dbunit.database.statement.PreparedStatementFactory@19a32e0, http://www.dbunit.org/features/caseSensitiveTableNames=false, http://www.dbunit.org/properties/fetchSize=100, http://www.dbunit.org/features/batchedStatements=false, http://www.dbunit.org/properties/metadataHandler=org.dbunit.database.DefaultMetadataHandler@8238f4, http://www.dbunit.org/properties/datatypeFactory=org.dbunit.dataset.datatype.DefaultDataTypeFactory[_toleratedDeltaMap=org.dbunit.dataset.datatype.ToleratedDeltaMap@16925b0], http://www.dbunit.org/properties/escapePattern=null, http://www.dbunit.org/properties/batchSize=100, http://www.dbunit.org/features/qualifiedTableNames=false, http://www.dbunit.org/properties/tableType=[Ljava.lang.String;@297ffb, http://www.dbunit.org/properties/resultSetTableFactory=org.dbunit.database.CachedResultSetTableFactory@914f6a, http://www.dbunit.org/features/datatypeWarning=true}], _dataSet=AbstractDataSet[_orderedTableNameMap=null]]) - start
23:05:03.578 [main] DEBUG org.dbunit.util.QualifiedTableName - getQualifiedName() - start
23:05:03.578 [main] DEBUG org.dbunit.util.QualifiedTableName - getQualifiedName(prefix=, name=customers, escapePattern=null) - start
23:05:03.578 [main] DEBUG o.dbunit.operation.AbstractOperation - getQualifiedName(prefix=null, name=id, connection=org.dbunit.database.DatabaseConnection[schema=, connection=com.mysql.jdbc.JDBC4Connection@53fb57, super=_databaseConfig=org.dbunit.database.DatabaseConfig[, _propertyMap={http://www.dbunit.org/properties/statementFactory=org.dbunit.database.statement.PreparedStatementFactory@19a32e0, http://www.dbunit.org/features/caseSensitiveTableNames=false, http://www.dbunit.org/properties/fetchSize=100, http://www.dbunit.org/features/batchedStatements=false, http://www.dbunit.org/properties/metadataHandler=org.dbunit.database.DefaultMetadataHandler@8238f4, http://www.dbunit.org/properties/datatypeFactory=org.dbunit.dataset.datatype.DefaultDataTypeFactory[_toleratedDeltaMap=org.dbunit.dataset.datatype.ToleratedDeltaMap@16925b0], http://www.dbunit.org/properties/escapePattern=null, http://www.dbunit.org/properties/batchSize=100, http://www.dbunit.org/features/qualifiedTableNames=false, http://www.dbunit.org/properties/tableType=[Ljava.lang.String;@297ffb, http://www.dbunit.org/properties/resultSetTableFactory=org.dbunit.database.CachedResultSetTableFactory@914f6a, http://www.dbunit.org/features/datatypeWarning=true}], _dataSet=AbstractDataSet[_orderedTableNameMap=null]]) - start
23:05:03.582 [main] DEBUG org.dbunit.util.QualifiedTableName - getQualifiedName() - start
23:05:03.582 [main] DEBUG org.dbunit.util.QualifiedTableName - getQualifiedName(prefix=null, name=id, escapePattern=null) - start
23:05:03.582 [main] DEBUG o.dbunit.operation.AbstractOperation - getQualifiedName(prefix=null, name=name, connection=org.dbunit.database.DatabaseConnection[schema=, connection=com.mysql.jdbc.JDBC4Connection@53fb57, super=_databaseConfig=org.dbunit.database.DatabaseConfig[, _propertyMap={http://www.dbunit.org/properties/statementFactory=org.dbunit.database.statement.PreparedStatementFactory@19a32e0, http://www.dbunit.org/features/caseSensitiveTableNames=false, http://www.dbunit.org/properties/fetchSize=100, http://www.dbunit.org/features/batchedStatements=false, http://www.dbunit.org/properties/metadataHandler=org.dbunit.database.DefaultMetadataHandler@8238f4, http://www.dbunit.org/properties/datatypeFactory=org.dbunit.dataset.datatype.DefaultDataTypeFactory[_toleratedDeltaMap=org.dbunit.dataset.datatype.ToleratedDeltaMap@16925b0], http://www.dbunit.org/properties/escapePattern=null, http://www.dbunit.org/properties/batchSize=100, http://www.dbunit.org/features/qualifiedTableNames=false, http://www.dbunit.org/properties/tableType=[Ljava.lang.String;@297ffb, http://www.dbunit.org/properties/resultSetTableFactory=org.dbunit.database.CachedResultSetTableFactory@914f6a, http://www.dbunit.org/features/datatypeWarning=true}], _dataSet=AbstractDataSet[_orderedTableNameMap=null]]) - start
23:05:03.587 [main] DEBUG org.dbunit.util.QualifiedTableName - getQualifiedName() - start
23:05:03.592 [main] DEBUG org.dbunit.util.QualifiedTableName - getQualifiedName(prefix=null, name=name, escapePattern=null) - start
23:05:03.594 [main] DEBUG o.d.d.s.PreparedStatementFactory - createPreparedBatchStatement(sql=insert into customers (id, name) values (?, ?), connection=org.dbunit.database.DatabaseConnection[schema=, connection=com.mysql.jdbc.JDBC4Connection@53fb57, super=_databaseConfig=org.dbunit.database.DatabaseConfig[, _propertyMap={http://www.dbunit.org/properties/statementFactory=org.dbunit.database.statement.PreparedStatementFactory@19a32e0, http://www.dbunit.org/features/caseSensitiveTableNames=false, http://www.dbunit.org/properties/fetchSize=100, http://www.dbunit.org/features/batchedStatements=false, http://www.dbunit.org/properties/metadataHandler=org.dbunit.database.DefaultMetadataHandler@8238f4, http://www.dbunit.org/properties/datatypeFactory=org.dbunit.dataset.datatype.DefaultDataTypeFactory[_toleratedDeltaMap=org.dbunit.dataset.datatype.ToleratedDeltaMap@16925b0], http://www.dbunit.org/properties/escapePattern=null, http://www.dbunit.org/properties/batchSize=100, http://www.dbunit.org/features/qualifiedTableNames=false, http://www.dbunit.org/properties/tableType=[Ljava.lang.String;@297ffb, http://www.dbunit.org/properties/resultSetTableFactory=org.dbunit.database.CachedResultSetTableFactory@914f6a, http://www.dbunit.org/features/datatypeWarning=true}], _dataSet=AbstractDataSet[_orderedTableNameMap=null]]) - start
23:05:03.696 [main] DEBUG o.d.d.s.AbstractStatementFactory - supportBatchStatement(connection=org.dbunit.database.DatabaseConnection[schema=, connection=com.mysql.jdbc.JDBC4Connection@53fb57, super=_databaseConfig=org.dbunit.database.DatabaseConfig[, _propertyMap={http://www.dbunit.org/properties/statementFactory=org.dbunit.database.statement.PreparedStatementFactory@19a32e0, http://www.dbunit.org/features/caseSensitiveTableNames=false, http://www.dbunit.org/properties/fetchSize=100, http://www.dbunit.org/features/batchedStatements=false, http://www.dbunit.org/properties/metadataHandler=org.dbunit.database.DefaultMetadataHandler@8238f4, http://www.dbunit.org/properties/datatypeFactory=org.dbunit.dataset.datatype.DefaultDataTypeFactory[_toleratedDeltaMap=org.dbunit.dataset.datatype.ToleratedDeltaMap@16925b0], http://www.dbunit.org/properties/escapePattern=null, http://www.dbunit.org/properties/batchSize=100, http://www.dbunit.org/features/qualifiedTableNames=false, http://www.dbunit.org/properties/tableType=[Ljava.lang.String;@297ffb, http://www.dbunit.org/properties/resultSetTableFactory=org.dbunit.database.CachedResultSetTableFactory@914f6a, http://www.dbunit.org/features/datatypeWarning=true}], _dataSet=AbstractDataSet[_orderedTableNameMap=null]]) - start
23:05:03.714 [main] DEBUG org.dbunit.dataset.DefaultTable - getValue(row=0, column=id) - start
23:05:03.714 [main] DEBUG org.dbunit.dataset.AbstractTable - assertValidRowIndex(row=0) - start
23:05:03.714 [main] DEBUG org.dbunit.dataset.AbstractTable - assertValidRowIndex(row=0, rowCount=6) - start
23:05:03.714 [main] DEBUG org.dbunit.dataset.AbstractTable - getColumnIndex(columnName=id) - start
23:05:03.714 [main] DEBUG o.d.dataset.AbstractTableMetaData - getColumnIndex(columnName=id) - start
23:05:03.714 [main] DEBUG o.d.d.s.AutomaticPreparedBatchStatement - addValue(value=1, dataType=INTEGER) - start
23:05:03.803 [main] DEBUG o.d.d.s.SimplePreparedStatement - addValue(value=1, dataType=INTEGER) - start
23:05:03.803 [main] DEBUG o.d.dataset.datatype.IntegerDataType - setSqlValue(value=1, column=1, statement=com.mysql.jdbc.JDBC4PreparedStatement@340101: insert into customers (id, name) values (** NOT SPECIFIED **, ** NOT SPECIFIED **)) - start
23:05:03.803 [main] DEBUG o.d.dataset.datatype.IntegerDataType - typeCast(value=1) - start
23:05:03.803 [main] DEBUG o.d.dataset.datatype.IntegerDataType - typeCast(value=1) - start
23:05:03.804 [main] DEBUG org.dbunit.dataset.DefaultTable - getValue(row=0, column=name) - start
23:05:03.804 [main] DEBUG org.dbunit.dataset.AbstractTable - assertValidRowIndex(row=0) - start
23:05:03.805 [main] DEBUG org.dbunit.dataset.AbstractTable - assertValidRowIndex(row=0, rowCount=6) - start
23:05:03.805 [main] DEBUG org.dbunit.dataset.AbstractTable - getColumnIndex(columnName=name) - start
23:05:03.805 [main] DEBUG o.d.dataset.AbstractTableMetaData - getColumnIndex(columnName=name) - start
23:05:03.805 [main] DEBUG o.d.d.s.AutomaticPreparedBatchStatement - addValue(value=Customer 1, dataType=VARCHAR) - start
23:05:03.806 [main] DEBUG o.d.d.s.SimplePreparedStatement - addValue(value=Customer 1, dataType=VARCHAR) - start
23:05:03.806 [main] DEBUG o.d.dataset.datatype.StringDataType - setSqlValue(value=Customer 1, column=2, statement=com.mysql.jdbc.JDBC4PreparedStatement@340101: insert into customers (id, name) values (1, ** NOT SPECIFIED **)) - start
23:05:03.806 [main] DEBUG org.dbunit.dataset.datatype.DataType - asString(value=Customer 1) - start
23:05:03.806 [main] DEBUG o.d.dataset.datatype.StringDataType - typeCast(value=Customer 1) - start
23:05:03.808 [main] DEBUG o.d.d.s.AutomaticPreparedBatchStatement - addBatch() - start
23:05:03.808 [main] DEBUG o.d.d.s.SimplePreparedStatement - addBatch() - start
23:05:03.957 [main] DEBUG org.dbunit.operation.InsertOperation - equalsIgnoreMapping(ignoreMapping={}, table=org.dbunit.dataset.DefaultTable[_metaData=tableName=customers, columns=[(id, UNKNOWN, nullableUnknown), (name, UNKNOWN, nullableUnknown)], keys=[], _rowList.size()=6], row=1) - start
23:05:03.957 [main] DEBUG org.dbunit.dataset.DefaultTable - getValue(row=1, column=id) - start
23:05:03.957 [main] DEBUG org.dbunit.dataset.AbstractTable - assertValidRowIndex(row=1) - start
23:05:03.957 [main] DEBUG org.dbunit.dataset.AbstractTable - assertValidRowIndex(row=1, rowCount=6) - start
23:05:04.010 [main] DEBUG org.dbunit.dataset.AbstractTable - getColumnIndex(columnName=id) - start
23:05:04.010 [main] DEBUG o.d.dataset.AbstractTableMetaData - getColumnIndex(columnName=id) - start
23:05:04.010 [main] DEBUG org.dbunit.dataset.DefaultTable - getValue(row=1, column=name) - start
23:05:04.010 [main] DEBUG org.dbunit.dataset.AbstractTable - assertValidRowIndex(row=1) - start
23:05:04.010 [main] DEBUG org.dbunit.dataset.AbstractTable - assertValidRowIndex(row=1, rowCount=6) - start
23:05:04.010 [main] DEBUG org.dbunit.dataset.AbstractTable - getColumnIndex(columnName=name) - start
23:05:04.011 [main] DEBUG o.d.dataset.AbstractTableMetaData - getColumnIndex(columnName=name) - start
23:05:04.011 [main] DEBUG org.dbunit.dataset.DefaultTable - getValue(row=1, column=id) - start
23:05:04.011 [main] DEBUG org.dbunit.dataset.AbstractTable - assertValidRowIndex(row=1) - start
23:05:04.011 [main] DEBUG org.dbunit.dataset.AbstractTable - assertValidRowIndex(row=1, rowCount=6) - start
23:05:04.011 [main] DEBUG org.dbunit.dataset.AbstractTable - getColumnIndex(columnName=id) - start
23:05:04.011 [main] DEBUG o.d.dataset.AbstractTableMetaData - getColumnIndex(columnName=id) - start
23:05:04.013 [main] DEBUG o.d.d.s.AutomaticPreparedBatchStatement - addValue(value=2, dataType=INTEGER) - start
23:05:04.013 [main] DEBUG o.d.d.s.SimplePreparedStatement - addValue(value=2, dataType=INTEGER) - start
23:05:04.013 [main] DEBUG o.d.dataset.datatype.IntegerDataType - setSqlValue(value=2, column=1, statement=com.mysql.jdbc.JDBC4PreparedStatement@340101: insert into customers (id, name) values (1, 'Customer 1')) - start
23:05:04.013 [main] DEBUG o.d.dataset.datatype.IntegerDataType - typeCast(value=2) - start
23:05:04.015 [main] DEBUG o.d.dataset.datatype.IntegerDataType - typeCast(value=2) - start
23:05:04.015 [main] DEBUG org.dbunit.dataset.DefaultTable - getValue(row=1, column=name) - start
23:05:04.015 [main] DEBUG org.dbunit.dataset.AbstractTable - assertValidRowIndex(row=1) - start
23:05:04.015 [main] DEBUG org.dbunit.dataset.AbstractTable - assertValidRowIndex(row=1, rowCount=6) - start
23:05:04.015 [main] DEBUG org.dbunit.dataset.AbstractTable - getColumnIndex(columnName=name) - start
23:05:04.015 [main] DEBUG o.d.dataset.AbstractTableMetaData - getColumnIndex(columnName=name) - start
23:05:04.016 [main] DEBUG o.d.d.s.AutomaticPreparedBatchStatement - addValue(value=Customer 2, dataType=VARCHAR) - start
23:05:04.016 [main] DEBUG o.d.d.s.SimplePreparedStatement - addValue(value=Customer 2, dataType=VARCHAR) - start
23:05:04.017 [main] DEBUG o.d.dataset.datatype.StringDataType - setSqlValue(value=Customer 2, column=2, statement=com.mysql.jdbc.JDBC4PreparedStatement@340101: insert into customers (id, name) values (2, 'Customer 1')) - start
23:05:04.017 [main] DEBUG org.dbunit.dataset.datatype.DataType - asString(value=Customer 2) - start
23:05:04.018 [main] DEBUG o.d.dataset.datatype.StringDataType - typeCast(value=Customer 2) - start
23:05:04.018 [main] DEBUG o.d.d.s.AutomaticPreparedBatchStatement - addBatch() - start
23:05:04.018 [main] DEBUG o.d.d.s.SimplePreparedStatement - addBatch() - start
23:05:04.044 [main] DEBUG org.dbunit.operation.InsertOperation - equalsIgnoreMapping(ignoreMapping={}, table=org.dbunit.dataset.DefaultTable[_metaData=tableName=customers, columns=[(id, UNKNOWN, nullableUnknown), (name, UNKNOWN, nullableUnknown)], keys=[], _rowList.size()=6], row=2) - start
23:05:04.045 [main] DEBUG org.dbunit.dataset.DefaultTable - getValue(row=2, column=id) - start
23:05:04.045 [main] DEBUG org.dbunit.dataset.AbstractTable - assertValidRowIndex(row=2) - start
23:05:04.045 [main] DEBUG org.dbunit.dataset.AbstractTable - assertValidRowIndex(row=2, rowCount=6) - start
23:05:04.121 [main] DEBUG org.dbunit.dataset.AbstractTable - getColumnIndex(columnName=id) - start
23:05:04.121 [main] DEBUG o.d.dataset.AbstractTableMetaData - getColumnIndex(columnName=id) - start
23:05:04.121 [main] DEBUG org.dbunit.dataset.DefaultTable - getValue(row=2, column=name) - start
23:05:04.121 [main] DEBUG org.dbunit.dataset.AbstractTable - assertValidRowIndex(row=2) - start
23:05:04.121 [main] DEBUG org.dbunit.dataset.AbstractTable - assertValidRowIndex(row=2, rowCount=6) - start
23:05:04.121 [main] DEBUG org.dbunit.dataset.AbstractTable - getColumnIndex(columnName=name) - start
23:05:04.122 [main] DEBUG o.d.dataset.AbstractTableMetaData - getColumnIndex(columnName=name) - start
23:05:04.122 [main] DEBUG org.dbunit.dataset.DefaultTable - getValue(row=2, column=id) - start
23:05:04.122 [main] DEBUG org.dbunit.dataset.AbstractTable - assertValidRowIndex(row=2) - start
23:05:04.122 [main] DEBUG org.dbunit.dataset.AbstractTable - assertValidRowIndex(row=2, rowCount=6) - start
23:05:04.122 [main] DEBUG org.dbunit.dataset.AbstractTable - getColumnIndex(columnName=id) - start
23:05:04.122 [main] DEBUG o.d.dataset.AbstractTableMetaData - getColumnIndex(columnName=id) - start
23:05:04.124 [main] DEBUG o.d.d.s.AutomaticPreparedBatchStatement - addValue(value=3, dataType=INTEGER) - start
23:05:04.124 [main] DEBUG o.d.d.s.SimplePreparedStatement - addValue(value=3, dataType=INTEGER) - start
23:05:04.124 [main] DEBUG o.d.dataset.datatype.IntegerDataType - setSqlValue(value=3, column=1, statement=com.mysql.jdbc.JDBC4PreparedStatement@340101: insert into customers (id, name) values (2, 'Customer 2')) - start
23:05:04.124 [main] DEBUG o.d.dataset.datatype.IntegerDataType - typeCast(value=3) - start
23:05:04.126 [main] DEBUG o.d.dataset.datatype.IntegerDataType - typeCast(value=3) - start
23:05:04.126 [main] DEBUG org.dbunit.dataset.DefaultTable - getValue(row=2, column=name) - start
23:05:04.126 [main] DEBUG org.dbunit.dataset.AbstractTable - assertValidRowIndex(row=2) - start
23:05:04.126 [main] DEBUG org.dbunit.dataset.AbstractTable - assertValidRowIndex(row=2, rowCount=6) - start
23:05:04.126 [main] DEBUG org.dbunit.dataset.AbstractTable - getColumnIndex(columnName=name) - start
23:05:04.126 [main] DEBUG o.d.dataset.AbstractTableMetaData - getColumnIndex(columnName=name) - start
23:05:04.127 [main] DEBUG o.d.d.s.AutomaticPreparedBatchStatement - addValue(value=Customer 3, dataType=VARCHAR) - start
23:05:04.127 [main] DEBUG o.d.d.s.SimplePreparedStatement - addValue(value=Customer 3, dataType=VARCHAR) - start
23:05:04.127 [main] DEBUG o.d.dataset.datatype.StringDataType - setSqlValue(value=Customer 3, column=2, statement=com.mysql.jdbc.JDBC4PreparedStatement@340101: insert into customers (id, name) values (3, 'Customer 2')) - start
23:05:04.128 [main] DEBUG org.dbunit.dataset.datatype.DataType - asString(value=Customer 3) - start
23:05:04.129 [main] DEBUG o.d.dataset.datatype.StringDataType - typeCast(value=Customer 3) - start
23:05:04.129 [main] DEBUG o.d.d.s.AutomaticPreparedBatchStatement - addBatch() - start
23:05:04.129 [main] DEBUG o.d.d.s.SimplePreparedStatement - addBatch() - start
23:05:04.155 [main] DEBUG org.dbunit.operation.InsertOperation - equalsIgnoreMapping(ignoreMapping={}, table=org.dbunit.dataset.DefaultTable[_metaData=tableName=customers, columns=[(id, UNKNOWN, nullableUnknown), (name, UNKNOWN, nullableUnknown)], keys=[], _rowList.size()=6], row=3) - start
23:05:04.155 [main] DEBUG org.dbunit.dataset.DefaultTable - getValue(row=3, column=id) - start
23:05:04.155 [main] DEBUG org.dbunit.dataset.AbstractTable - assertValidRowIndex(row=3) - start
23:05:04.155 [main] DEBUG org.dbunit.dataset.AbstractTable - assertValidRowIndex(row=3, rowCount=6) - start
23:05:04.232 [main] DEBUG org.dbunit.dataset.AbstractTable - getColumnIndex(columnName=id) - start
23:05:04.232 [main] DEBUG o.d.dataset.AbstractTableMetaData - getColumnIndex(columnName=id) - start
23:05:04.232 [main] DEBUG org.dbunit.dataset.DefaultTable - getValue(row=3, column=name) - start
23:05:04.232 [main] DEBUG org.dbunit.dataset.AbstractTable - assertValidRowIndex(row=3) - start
23:05:04.232 [main] DEBUG org.dbunit.dataset.AbstractTable - assertValidRowIndex(row=3, rowCount=6) - start
23:05:04.232 [main] DEBUG org.dbunit.dataset.AbstractTable - getColumnIndex(columnName=name) - start
23:05:04.233 [main] DEBUG o.d.dataset.AbstractTableMetaData - getColumnIndex(columnName=name) - start
23:05:04.233 [main] DEBUG org.dbunit.dataset.DefaultTable - getValue(row=3, column=id) - start
23:05:04.233 [main] DEBUG org.dbunit.dataset.AbstractTable - assertValidRowIndex(row=3) - start
23:05:04.233 [main] DEBUG org.dbunit.dataset.AbstractTable - assertValidRowIndex(row=3, rowCount=6) - start
23:05:04.233 [main] DEBUG org.dbunit.dataset.AbstractTable - getColumnIndex(columnName=id) - start
23:05:04.233 [main] DEBUG o.d.dataset.AbstractTableMetaData - getColumnIndex(columnName=id) - start
23:05:04.235 [main] DEBUG o.d.d.s.AutomaticPreparedBatchStatement - addValue(value=4, dataType=INTEGER) - start
23:05:04.235 [main] DEBUG o.d.d.s.SimplePreparedStatement - addValue(value=4, dataType=INTEGER) - start
23:05:04.235 [main] DEBUG o.d.dataset.datatype.IntegerDataType - setSqlValue(value=4, column=1, statement=com.mysql.jdbc.JDBC4PreparedStatement@340101: insert into customers (id, name) values (3, 'Customer 3')) - start
23:05:04.235 [main] DEBUG o.d.dataset.datatype.IntegerDataType - typeCast(value=4) - start
23:05:04.237 [main] DEBUG o.d.dataset.datatype.IntegerDataType - typeCast(value=4) - start
23:05:04.237 [main] DEBUG org.dbunit.dataset.DefaultTable - getValue(row=3, column=name) - start
23:05:04.237 [main] DEBUG org.dbunit.dataset.AbstractTable - assertValidRowIndex(row=3) - start
23:05:04.237 [main] DEBUG org.dbunit.dataset.AbstractTable - assertValidRowIndex(row=3, rowCount=6) - start
23:05:04.237 [main] DEBUG org.dbunit.dataset.AbstractTable - getColumnIndex(columnName=name) - start
23:05:04.237 [main] DEBUG o.d.dataset.AbstractTableMetaData - getColumnIndex(columnName=name) - start
23:05:04.238 [main] DEBUG o.d.d.s.AutomaticPreparedBatchStatement - addValue(value=Customer 4, dataType=VARCHAR) - start
23:05:04.238 [main] DEBUG o.d.d.s.SimplePreparedStatement - addValue(value=Customer 4, dataType=VARCHAR) - start
23:05:04.238 [main] DEBUG o.d.dataset.datatype.StringDataType - setSqlValue(value=Customer 4, column=2, statement=com.mysql.jdbc.JDBC4PreparedStatement@340101: insert into customers (id, name) values (4, 'Customer 3')) - start
23:05:04.239 [main] DEBUG org.dbunit.dataset.datatype.DataType - asString(value=Customer 4) - start
23:05:04.240 [main] DEBUG o.d.dataset.datatype.StringDataType - typeCast(value=Customer 4) - start
23:05:04.240 [main] DEBUG o.d.d.s.AutomaticPreparedBatchStatement - addBatch() - start
23:05:04.240 [main] DEBUG o.d.d.s.SimplePreparedStatement - addBatch() - start
23:05:04.283 [main] DEBUG org.dbunit.operation.InsertOperation - equalsIgnoreMapping(ignoreMapping={}, table=org.dbunit.dataset.DefaultTable[_metaData=tableName=customers, columns=[(id, UNKNOWN, nullableUnknown), (name, UNKNOWN, nullableUnknown)], keys=[], _rowList.size()=6], row=4) - start
23:05:04.283 [main] DEBUG org.dbunit.dataset.DefaultTable - getValue(row=4, column=id) - start
23:05:04.283 [main] DEBUG org.dbunit.dataset.AbstractTable - assertValidRowIndex(row=4) - start
23:05:04.283 [main] DEBUG org.dbunit.dataset.AbstractTable - assertValidRowIndex(row=4, rowCount=6) - start
23:05:04.343 [main] DEBUG org.dbunit.dataset.AbstractTable - getColumnIndex(columnName=id) - start
23:05:04.343 [main] DEBUG o.d.dataset.AbstractTableMetaData - getColumnIndex(columnName=id) - start
23:05:04.343 [main] DEBUG org.dbunit.dataset.DefaultTable - getValue(row=4, column=name) - start
23:05:04.343 [main] DEBUG org.dbunit.dataset.AbstractTable - assertValidRowIndex(row=4) - start
23:05:04.343 [main] DEBUG org.dbunit.dataset.AbstractTable - assertValidRowIndex(row=4, rowCount=6) - start
23:05:04.343 [main] DEBUG org.dbunit.dataset.AbstractTable - getColumnIndex(columnName=name) - start
23:05:04.344 [main] DEBUG o.d.dataset.AbstractTableMetaData - getColumnIndex(columnName=name) - start
23:05:04.344 [main] DEBUG org.dbunit.dataset.DefaultTable - getValue(row=4, column=id) - start
23:05:04.344 [main] DEBUG org.dbunit.dataset.AbstractTable - assertValidRowIndex(row=4) - start
23:05:04.344 [main] DEBUG org.dbunit.dataset.AbstractTable - assertValidRowIndex(row=4, rowCount=6) - start
23:05:04.344 [main] DEBUG org.dbunit.dataset.AbstractTable - getColumnIndex(columnName=id) - start
23:05:04.344 [main] DEBUG o.d.dataset.AbstractTableMetaData - getColumnIndex(columnName=id) - start
23:05:04.346 [main] DEBUG o.d.d.s.AutomaticPreparedBatchStatement - addValue(value=5, dataType=INTEGER) - start
23:05:04.346 [main] DEBUG o.d.d.s.SimplePreparedStatement - addValue(value=5, dataType=INTEGER) - start
23:05:04.346 [main] DEBUG o.d.dataset.datatype.IntegerDataType - setSqlValue(value=5, column=1, statement=com.mysql.jdbc.JDBC4PreparedStatement@340101: insert into customers (id, name) values (4, 'Customer 4')) - start
23:05:04.346 [main] DEBUG o.d.dataset.datatype.IntegerDataType - typeCast(value=5) - start
23:05:04.348 [main] DEBUG o.d.dataset.datatype.IntegerDataType - typeCast(value=5) - start
23:05:04.348 [main] DEBUG org.dbunit.dataset.DefaultTable - getValue(row=4, column=name) - start
23:05:04.348 [main] DEBUG org.dbunit.dataset.AbstractTable - assertValidRowIndex(row=4) - start
23:05:04.348 [main] DEBUG org.dbunit.dataset.AbstractTable - assertValidRowIndex(row=4, rowCount=6) - start
23:05:04.348 [main] DEBUG org.dbunit.dataset.AbstractTable - getColumnIndex(columnName=name) - start
23:05:04.348 [main] DEBUG o.d.dataset.AbstractTableMetaData - getColumnIndex(columnName=name) - start
23:05:04.349 [main] DEBUG o.d.d.s.AutomaticPreparedBatchStatement - addValue(value=Customer 5, dataType=VARCHAR) - start
23:05:04.349 [main] DEBUG o.d.d.s.SimplePreparedStatement - addValue(value=Customer 5, dataType=VARCHAR) - start
23:05:04.349 [main] DEBUG o.d.dataset.datatype.StringDataType - setSqlValue(value=Customer 5, column=2, statement=com.mysql.jdbc.JDBC4PreparedStatement@340101: insert into customers (id, name) values (5, 'Customer 4')) - start
23:05:04.349 [main] DEBUG org.dbunit.dataset.datatype.DataType - asString(value=Customer 5) - start
23:05:04.351 [main] DEBUG o.d.dataset.datatype.StringDataType - typeCast(value=Customer 5) - start
23:05:04.351 [main] DEBUG o.d.d.s.AutomaticPreparedBatchStatement - addBatch() - start
23:05:04.351 [main] DEBUG o.d.d.s.SimplePreparedStatement - addBatch() - start
23:05:04.375 [main] DEBUG org.dbunit.operation.InsertOperation - equalsIgnoreMapping(ignoreMapping={}, table=org.dbunit.dataset.DefaultTable[_metaData=tableName=customers, columns=[(id, UNKNOWN, nullableUnknown), (name, UNKNOWN, nullableUnknown)], keys=[], _rowList.size()=6], row=5) - start
23:05:04.375 [main] DEBUG org.dbunit.dataset.DefaultTable - getValue(row=5, column=id) - start
23:05:04.375 [main] DEBUG org.dbunit.dataset.AbstractTable - assertValidRowIndex(row=5) - start
23:05:04.375 [main] DEBUG org.dbunit.dataset.AbstractTable - assertValidRowIndex(row=5, rowCount=6) - start
23:05:04.454 [main] DEBUG org.dbunit.dataset.AbstractTable - getColumnIndex(columnName=id) - start
23:05:04.454 [main] DEBUG o.d.dataset.AbstractTableMetaData - getColumnIndex(columnName=id) - start
23:05:04.454 [main] DEBUG org.dbunit.dataset.DefaultTable - getValue(row=5, column=name) - start
23:05:04.454 [main] DEBUG org.dbunit.dataset.AbstractTable - assertValidRowIndex(row=5) - start
23:05:04.454 [main] DEBUG org.dbunit.dataset.AbstractTable - assertValidRowIndex(row=5, rowCount=6) - start
23:05:04.454 [main] DEBUG org.dbunit.dataset.AbstractTable - getColumnIndex(columnName=name) - start
23:05:04.455 [main] DEBUG o.d.dataset.AbstractTableMetaData - getColumnIndex(columnName=name) - start
23:05:04.455 [main] DEBUG org.dbunit.dataset.DefaultTable - getValue(row=5, column=id) - start
23:05:04.455 [main] DEBUG org.dbunit.dataset.AbstractTable - assertValidRowIndex(row=5) - start
23:05:04.455 [main] DEBUG org.dbunit.dataset.AbstractTable - assertValidRowIndex(row=5, rowCount=6) - start
23:05:04.455 [main] DEBUG org.dbunit.dataset.AbstractTable - getColumnIndex(columnName=id) - start
23:05:04.457 [main] DEBUG o.d.dataset.AbstractTableMetaData - getColumnIndex(columnName=id) - start
23:05:04.458 [main] DEBUG o.d.d.s.AutomaticPreparedBatchStatement - addValue(value=6, dataType=INTEGER) - start
23:05:04.458 [main] DEBUG o.d.d.s.SimplePreparedStatement - addValue(value=6, dataType=INTEGER) - start
23:05:04.458 [main] DEBUG o.d.dataset.datatype.IntegerDataType - setSqlValue(value=6, column=1, statement=com.mysql.jdbc.JDBC4PreparedStatement@340101: insert into customers (id, name) values (5, 'Customer 5')) - start
23:05:04.459 [main] DEBUG o.d.dataset.datatype.IntegerDataType - typeCast(value=6) - start
23:05:04.459 [main] DEBUG o.d.dataset.datatype.IntegerDataType - typeCast(value=6) - start
23:05:04.459 [main] DEBUG org.dbunit.dataset.DefaultTable - getValue(row=5, column=name) - start
23:05:04.461 [main] DEBUG org.dbunit.dataset.AbstractTable - assertValidRowIndex(row=5) - start
23:05:04.461 [main] DEBUG org.dbunit.dataset.AbstractTable - assertValidRowIndex(row=5, rowCount=6) - start
23:05:04.461 [main] DEBUG org.dbunit.dataset.AbstractTable - getColumnIndex(columnName=name) - start
23:05:04.461 [main] DEBUG o.d.dataset.AbstractTableMetaData - getColumnIndex(columnName=name) - start
23:05:04.461 [main] DEBUG o.d.d.s.AutomaticPreparedBatchStatement - addValue(value=Customer 6, dataType=VARCHAR) - start
23:05:04.561 [main] DEBUG o.d.d.s.SimplePreparedStatement - addValue(value=Customer 6, dataType=VARCHAR) - start
23:05:04.561 [main] DEBUG o.d.dataset.datatype.StringDataType - setSqlValue(value=Customer 6, column=2, statement=com.mysql.jdbc.JDBC4PreparedStatement@340101: insert into customers (id, name) values (6, 'Customer 5')) - start
23:05:04.561 [main] DEBUG org.dbunit.dataset.datatype.DataType - asString(value=Customer 6) - start
23:05:04.561 [main] DEBUG o.d.dataset.datatype.StringDataType - typeCast(value=Customer 6) - start
23:05:04.562 [main] DEBUG o.d.d.s.AutomaticPreparedBatchStatement - addBatch() - start
23:05:04.563 [main] DEBUG o.d.d.s.SimplePreparedStatement - addBatch() - start
23:05:04.581 [main] DEBUG org.dbunit.operation.InsertOperation - equalsIgnoreMapping(ignoreMapping={}, table=org.dbunit.dataset.DefaultTable[_metaData=tableName=customers, columns=[(id, UNKNOWN, nullableUnknown), (name, UNKNOWN, nullableUnknown)], keys=[], _rowList.size()=6], row=6) - start
23:05:04.581 [main] DEBUG org.dbunit.dataset.DefaultTable - getValue(row=6, column=id) - start
23:05:04.581 [main] DEBUG org.dbunit.dataset.AbstractTable - assertValidRowIndex(row=6) - start
23:05:04.581 [main] DEBUG org.dbunit.dataset.AbstractTable - assertValidRowIndex(row=6, rowCount=6) - start
23:05:04.665 [main] DEBUG o.d.d.s.AutomaticPreparedBatchStatement - executeBatch() - start
23:05:04.665 [main] DEBUG o.d.d.s.SimplePreparedStatement - executeBatch() - start
23:05:04.665 [main] DEBUG o.d.d.s.SimplePreparedStatement - clearBatch() - start
23:05:04.665 [main] DEBUG o.d.d.s.AutomaticPreparedBatchStatement - clearBatch() - start
23:05:04.665 [main] DEBUG o.d.d.s.SimplePreparedStatement - clearBatch() - start
23:05:04.665 [main] DEBUG o.d.d.s.AutomaticPreparedBatchStatement - close() - start
23:05:04.666 [main] DEBUG o.d.d.s.AbstractPreparedBatchStatement - close() - start
23:05:04.666 [main] DEBUG o.d.dataset.DefaultTableIterator - getTable() - start
23:05:04.666 [main] DEBUG o.d.operation.AbstractBatchOperation - isEmpty(table=org.dbunit.dataset.DefaultTable[_metaData=tableName=products, columns=[(sku_number, UNKNOWN, nullableUnknown), (name, UNKNOWN, nullableUnknown), (amount, UNKNOWN, nullableUnknown)], keys=[], _rowList.size()=4]) - start
23:05:04.666 [main] DEBUG org.dbunit.dataset.DefaultTable - getValue(row=0, column=sku_number) - start
23:05:04.668 [main] DEBUG org.dbunit.dataset.AbstractTable - assertValidRowIndex(row=0) - start
23:05:04.668 [main] DEBUG org.dbunit.dataset.AbstractTable - assertValidRowIndex(row=0, rowCount=4) - start
23:05:04.668 [main] DEBUG org.dbunit.dataset.AbstractTable - getColumnIndex(columnName=sku_number) - start
23:05:04.668 [main] DEBUG o.d.dataset.AbstractTableMetaData - getColumnIndex(columnName=sku_number) - start
23:05:04.668 [main] DEBUG o.dbunit.operation.AbstractOperation - getOperationMetaData(connection=org.dbunit.database.DatabaseConnection[schema=, connection=com.mysql.jdbc.JDBC4Connection@53fb57, super=_databaseConfig=org.dbunit.database.DatabaseConfig[, _propertyMap={http://www.dbunit.org/properties/statementFactory=org.dbunit.database.statement.PreparedStatementFactory@19a32e0, http://www.dbunit.org/features/caseSensitiveTableNames=false, http://www.dbunit.org/properties/fetchSize=100, http://www.dbunit.org/features/batchedStatements=false, http://www.dbunit.org/properties/metadataHandler=org.dbunit.database.DefaultMetadataHandler@8238f4, http://www.dbunit.org/properties/datatypeFactory=org.dbunit.dataset.datatype.DefaultDataTypeFactory[_toleratedDeltaMap=org.dbunit.dataset.datatype.ToleratedDeltaMap@16925b0], http://www.dbunit.org/properties/escapePattern=null, http://www.dbunit.org/properties/batchSize=100, http://www.dbunit.org/features/qualifiedTableNames=false, http://www.dbunit.org/properties/tableType=[Ljava.lang.String;@297ffb, http://www.dbunit.org/properties/resultSetTableFactory=org.dbunit.database.CachedResultSetTableFactory@914f6a, http://www.dbunit.org/features/datatypeWarning=true}], _dataSet=AbstractDataSet[_orderedTableNameMap=null]], metaData=tableName=products, columns=[(sku_number, UNKNOWN, nullableUnknown), (name, UNKNOWN, nullableUnknown), (amount, UNKNOWN, nullableUnknown)], keys=[]) - start
23:05:04.669 [main] DEBUG o.d.d.AbstractDatabaseConnection - createDataSet() - start
23:05:04.670 [main] DEBUG org.dbunit.database.DatabaseDataSet - getTableMetaData(tableName=products) - start
23:05:04.670 [main] DEBUG org.dbunit.database.DatabaseDataSet - initialize() - start
23:05:04.670 [main] DEBUG o.dbunit.dataset.OrderedTableNameMap - getTableName(tableName=products) - start
23:05:04.670 [main] DEBUG o.dbunit.dataset.OrderedTableNameMap - getTableName(tableName=products) - end - result=PRODUCTS
23:05:04.670 [main] DEBUG o.dbunit.dataset.OrderedTableNameMap - getTableName(tableName=products) - start
23:05:04.671 [main] DEBUG o.dbunit.dataset.OrderedTableNameMap - getTableName(tableName=products) - end - result=PRODUCTS
23:05:04.671 [main] DEBUG o.d.dataset.AbstractTableMetaData - getColumnIndex(columnName=sku_number) - start
23:05:04.671 [main] DEBUG o.d.database.DatabaseTableMetaData - getColumns() - start
23:05:04.671 [main] DEBUG o.d.database.DatabaseTableMetaData - getColumns() - start
23:05:04.671 [main] DEBUG o.d.dataset.AbstractTableMetaData - getColumnIndex(columnName=name) - start
23:05:04.671 [main] DEBUG o.d.database.DatabaseTableMetaData - getColumns() - start
23:05:04.677 [main] DEBUG o.d.dataset.AbstractTableMetaData - getColumnIndex(columnName=amount) - start
23:05:04.677 [main] DEBUG o.d.database.DatabaseTableMetaData - getColumns() - start
23:05:04.677 [main] DEBUG o.d.database.DatabaseTableMetaData - getPrimaryKeys() - start
23:05:04.677 [main] DEBUG org.dbunit.operation.InsertOperation - getIgnoreMapping(table=org.dbunit.dataset.DefaultTable[_metaData=tableName=products, columns=[(sku_number, UNKNOWN, nullableUnknown), (name, UNKNOWN, nullableUnknown), (amount, UNKNOWN, nullableUnknown)], keys=[], _rowList.size()=4], row=0) - start
23:05:04.678 [main] DEBUG org.dbunit.dataset.DefaultTable - getValue(row=0, column=sku_number) - start
23:05:04.678 [main] DEBUG org.dbunit.dataset.AbstractTable - assertValidRowIndex(row=0) - start
23:05:04.679 [main] DEBUG org.dbunit.dataset.AbstractTable - assertValidRowIndex(row=0, rowCount=4) - start
23:05:04.679 [main] DEBUG org.dbunit.dataset.AbstractTable - getColumnIndex(columnName=sku_number) - start
23:05:04.679 [main] DEBUG o.d.dataset.AbstractTableMetaData - getColumnIndex(columnName=sku_number) - start
23:05:04.680 [main] DEBUG org.dbunit.dataset.DefaultTable - getValue(row=0, column=name) - start
23:05:04.680 [main] DEBUG org.dbunit.dataset.AbstractTable - assertValidRowIndex(row=0) - start
23:05:04.680 [main] DEBUG org.dbunit.dataset.AbstractTable - assertValidRowIndex(row=0, rowCount=4) - start
23:05:04.680 [main] DEBUG org.dbunit.dataset.AbstractTable - getColumnIndex(columnName=name) - start
23:05:04.680 [main] DEBUG o.d.dataset.AbstractTableMetaData - getColumnIndex(columnName=name) - start
23:05:04.680 [main] DEBUG org.dbunit.dataset.DefaultTable - getValue(row=0, column=amount) - start
23:05:04.681 [main] DEBUG org.dbunit.dataset.AbstractTable - assertValidRowIndex(row=0) - start
23:05:04.681 [main] DEBUG org.dbunit.dataset.AbstractTable - assertValidRowIndex(row=0, rowCount=4) - start
23:05:04.681 [main] DEBUG org.dbunit.dataset.AbstractTable - getColumnIndex(columnName=amount) - start
23:05:04.681 [main] DEBUG o.d.dataset.AbstractTableMetaData - getColumnIndex(columnName=amount) - start
23:05:04.681 [main] DEBUG org.dbunit.operation.InsertOperation - getOperationData(metaData=tableName=products, columns=[(sku_number, INTEGER, noNulls), (name, VARCHAR, noNulls), (amount, DECIMAL, noNulls)], keys=[(sku_number, INTEGER, noNulls)], ignoreMapping={}, connection=org.dbunit.database.DatabaseConnection[schema=, connection=com.mysql.jdbc.JDBC4Connection@53fb57, super=_databaseConfig=org.dbunit.database.DatabaseConfig[, _propertyMap={http://www.dbunit.org/properties/statementFactory=org.dbunit.database.statement.PreparedStatementFactory@19a32e0, http://www.dbunit.org/features/caseSensitiveTableNames=false, http://www.dbunit.org/properties/fetchSize=100, http://www.dbunit.org/features/batchedStatements=false, http://www.dbunit.org/properties/metadataHandler=org.dbunit.database.DefaultMetadataHandler@8238f4, http://www.dbunit.org/properties/datatypeFactory=org.dbunit.dataset.datatype.DefaultDataTypeFactory[_toleratedDeltaMap=org.dbunit.dataset.datatype.ToleratedDeltaMap@16925b0], http://www.dbunit.org/properties/escapePattern=null, http://www.dbunit.org/properties/batchSize=100, http://www.dbunit.org/features/qualifiedTableNames=false, http://www.dbunit.org/properties/tableType=[Ljava.lang.String;@297ffb, http://www.dbunit.org/properties/resultSetTableFactory=org.dbunit.database.CachedResultSetTableFactory@914f6a, http://www.dbunit.org/features/datatypeWarning=true}], _dataSet=AbstractDataSet[_orderedTableNameMap=null]]) - start
23:05:04.683 [main] DEBUG o.dbunit.operation.AbstractOperation - getQualifiedName(prefix=, name=products, connection=org.dbunit.database.DatabaseConnection[schema=, connection=com.mysql.jdbc.JDBC4Connection@53fb57, super=_databaseConfig=org.dbunit.database.DatabaseConfig[, _propertyMap={http://www.dbunit.org/properties/statementFactory=org.dbunit.database.statement.PreparedStatementFactory@19a32e0, http://www.dbunit.org/features/caseSensitiveTableNames=false, http://www.dbunit.org/properties/fetchSize=100, http://www.dbunit.org/features/batchedStatements=false, http://www.dbunit.org/properties/metadataHandler=org.dbunit.database.DefaultMetadataHandler@8238f4, http://www.dbunit.org/properties/datatypeFactory=org.dbunit.dataset.datatype.DefaultDataTypeFactory[_toleratedDeltaMap=org.dbunit.dataset.datatype.ToleratedDeltaMap@16925b0], http://www.dbunit.org/properties/escapePattern=null, http://www.dbunit.org/properties/batchSize=100, http://www.dbunit.org/features/qualifiedTableNames=false, http://www.dbunit.org/properties/tableType=[Ljava.lang.String;@297ffb, http://www.dbunit.org/properties/resultSetTableFactory=org.dbunit.database.CachedResultSetTableFactory@914f6a, http://www.dbunit.org/features/datatypeWarning=true}], _dataSet=AbstractDataSet[_orderedTableNameMap=null]]) - start
23:05:04.685 [main] DEBUG org.dbunit.util.QualifiedTableName - getQualifiedName() - start
23:05:04.685 [main] DEBUG org.dbunit.util.QualifiedTableName - getQualifiedName(prefix=, name=products, escapePattern=null) - start
23:05:04.685 [main] DEBUG o.dbunit.operation.AbstractOperation - getQualifiedName(prefix=null, name=sku_number, connection=org.dbunit.database.DatabaseConnection[schema=, connection=com.mysql.jdbc.JDBC4Connection@53fb57, super=_databaseConfig=org.dbunit.database.DatabaseConfig[, _propertyMap={http://www.dbunit.org/properties/statementFactory=org.dbunit.database.statement.PreparedStatementFactory@19a32e0, http://www.dbunit.org/features/caseSensitiveTableNames=false, http://www.dbunit.org/properties/fetchSize=100, http://www.dbunit.org/features/batchedStatements=false, http://www.dbunit.org/properties/metadataHandler=org.dbunit.database.DefaultMetadataHandler@8238f4, http://www.dbunit.org/properties/datatypeFactory=org.dbunit.dataset.datatype.DefaultDataTypeFactory[_toleratedDeltaMap=org.dbunit.dataset.datatype.ToleratedDeltaMap@16925b0], http://www.dbunit.org/properties/escapePattern=null, http://www.dbunit.org/properties/batchSize=100, http://www.dbunit.org/features/qualifiedTableNames=false, http://www.dbunit.org/properties/tableType=[Ljava.lang.String;@297ffb, http://www.dbunit.org/properties/resultSetTableFactory=org.dbunit.database.CachedResultSetTableFactory@914f6a, http://www.dbunit.org/features/datatypeWarning=true}], _dataSet=AbstractDataSet[_orderedTableNameMap=null]]) - start
23:05:04.689 [main] DEBUG org.dbunit.util.QualifiedTableName - getQualifiedName() - start
23:05:04.689 [main] DEBUG org.dbunit.util.QualifiedTableName - getQualifiedName(prefix=null, name=sku_number, escapePattern=null) - start
23:05:04.689 [main] DEBUG o.dbunit.operation.AbstractOperation - getQualifiedName(prefix=null, name=name, connection=org.dbunit.database.DatabaseConnection[schema=, connection=com.mysql.jdbc.JDBC4Connection@53fb57, super=_databaseConfig=org.dbunit.database.DatabaseConfig[, _propertyMap={http://www.dbunit.org/properties/statementFactory=org.dbunit.database.statement.PreparedStatementFactory@19a32e0, http://www.dbunit.org/features/caseSensitiveTableNames=false, http://www.dbunit.org/properties/fetchSize=100, http://www.dbunit.org/features/batchedStatements=false, http://www.dbunit.org/properties/metadataHandler=org.dbunit.database.DefaultMetadataHandler@8238f4, http://www.dbunit.org/properties/datatypeFactory=org.dbunit.dataset.datatype.DefaultDataTypeFactory[_toleratedDeltaMap=org.dbunit.dataset.datatype.ToleratedDeltaMap@16925b0], http://www.dbunit.org/properties/escapePattern=null, http://www.dbunit.org/properties/batchSize=100, http://www.dbunit.org/features/qualifiedTableNames=false, http://www.dbunit.org/properties/tableType=[Ljava.lang.String;@297ffb, http://www.dbunit.org/properties/resultSetTableFactory=org.dbunit.database.CachedResultSetTableFactory@914f6a, http://www.dbunit.org/features/datatypeWarning=true}], _dataSet=AbstractDataSet[_orderedTableNameMap=null]]) - start
23:05:04.694 [main] DEBUG org.dbunit.util.QualifiedTableName - getQualifiedName() - start
23:05:04.694 [main] DEBUG org.dbunit.util.QualifiedTableName - getQualifiedName(prefix=null, name=name, escapePattern=null) - start
23:05:04.694 [main] DEBUG o.dbunit.operation.AbstractOperation - getQualifiedName(prefix=null, name=amount, connection=org.dbunit.database.DatabaseConnection[schema=, connection=com.mysql.jdbc.JDBC4Connection@53fb57, super=_databaseConfig=org.dbunit.database.DatabaseConfig[, _propertyMap={http://www.dbunit.org/properties/statementFactory=org.dbunit.database.statement.PreparedStatementFactory@19a32e0, http://www.dbunit.org/features/caseSensitiveTableNames=false, http://www.dbunit.org/properties/fetchSize=100, http://www.dbunit.org/features/batchedStatements=false, http://www.dbunit.org/properties/metadataHandler=org.dbunit.database.DefaultMetadataHandler@8238f4, http://www.dbunit.org/properties/datatypeFactory=org.dbunit.dataset.datatype.DefaultDataTypeFactory[_toleratedDeltaMap=org.dbunit.dataset.datatype.ToleratedDeltaMap@16925b0], http://www.dbunit.org/properties/escapePattern=null, http://www.dbunit.org/properties/batchSize=100, http://www.dbunit.org/features/qualifiedTableNames=false, http://www.dbunit.org/properties/tableType=[Ljava.lang.String;@297ffb, http://www.dbunit.org/properties/resultSetTableFactory=org.dbunit.database.CachedResultSetTableFactory@914f6a, http://www.dbunit.org/features/datatypeWarning=true}], _dataSet=AbstractDataSet[_orderedTableNameMap=null]]) - start
23:05:04.698 [main] DEBUG org.dbunit.util.QualifiedTableName - getQualifiedName() - start
23:05:04.698 [main] DEBUG org.dbunit.util.QualifiedTableName - getQualifiedName(prefix=null, name=amount, escapePattern=null) - start
23:05:04.698 [main] DEBUG o.d.d.s.PreparedStatementFactory - createPreparedBatchStatement(sql=insert into products (sku_number, name, amount) values (?, ?, ?), connection=org.dbunit.database.DatabaseConnection[schema=, connection=com.mysql.jdbc.JDBC4Connection@53fb57, super=_databaseConfig=org.dbunit.database.DatabaseConfig[, _propertyMap={http://www.dbunit.org/properties/statementFactory=org.dbunit.database.statement.PreparedStatementFactory@19a32e0, http://www.dbunit.org/features/caseSensitiveTableNames=false, http://www.dbunit.org/properties/fetchSize=100, http://www.dbunit.org/features/batchedStatements=false, http://www.dbunit.org/properties/metadataHandler=org.dbunit.database.DefaultMetadataHandler@8238f4, http://www.dbunit.org/properties/datatypeFactory=org.dbunit.dataset.datatype.DefaultDataTypeFactory[_toleratedDeltaMap=org.dbunit.dataset.datatype.ToleratedDeltaMap@16925b0], http://www.dbunit.org/properties/escapePattern=null, http://www.dbunit.org/properties/batchSize=100, http://www.dbunit.org/features/qualifiedTableNames=false, http://www.dbunit.org/properties/tableType=[Ljava.lang.String;@297ffb, http://www.dbunit.org/properties/resultSetTableFactory=org.dbunit.database.CachedResultSetTableFactory@914f6a, http://www.dbunit.org/features/datatypeWarning=true}], _dataSet=AbstractDataSet[_orderedTableNameMap=null]]) - start
23:05:04.702 [main] DEBUG o.d.d.s.AbstractStatementFactory - supportBatchStatement(connection=org.dbunit.database.DatabaseConnection[schema=, connection=com.mysql.jdbc.JDBC4Connection@53fb57, super=_databaseConfig=org.dbunit.database.DatabaseConfig[, _propertyMap={http://www.dbunit.org/properties/statementFactory=org.dbunit.database.statement.PreparedStatementFactory@19a32e0, http://www.dbunit.org/features/caseSensitiveTableNames=false, http://www.dbunit.org/properties/fetchSize=100, http://www.dbunit.org/features/batchedStatements=false, http://www.dbunit.org/properties/metadataHandler=org.dbunit.database.DefaultMetadataHandler@8238f4, http://www.dbunit.org/properties/datatypeFactory=org.dbunit.dataset.datatype.DefaultDataTypeFactory[_toleratedDeltaMap=org.dbunit.dataset.datatype.ToleratedDeltaMap@16925b0], http://www.dbunit.org/properties/escapePattern=null, http://www.dbunit.org/properties/batchSize=100, http://www.dbunit.org/features/qualifiedTableNames=false, http://www.dbunit.org/properties/tableType=[Ljava.lang.String;@297ffb, http://www.dbunit.org/properties/resultSetTableFactory=org.dbunit.database.CachedResultSetTableFactory@914f6a, http://www.dbunit.org/features/datatypeWarning=true}], _dataSet=AbstractDataSet[_orderedTableNameMap=null]]) - start
23:05:04.707 [main] DEBUG org.dbunit.dataset.DefaultTable - getValue(row=0, column=sku_number) - start
23:05:04.707 [main] DEBUG org.dbunit.dataset.AbstractTable - assertValidRowIndex(row=0) - start
23:05:04.707 [main] DEBUG org.dbunit.dataset.AbstractTable - assertValidRowIndex(row=0, rowCount=4) - start
23:05:04.707 [main] DEBUG org.dbunit.dataset.AbstractTable - getColumnIndex(columnName=sku_number) - start
23:05:04.707 [main] DEBUG o.d.dataset.AbstractTableMetaData - getColumnIndex(columnName=sku_number) - start
23:05:04.711 [main] DEBUG o.d.d.s.AutomaticPreparedBatchStatement - addValue(value=1, dataType=INTEGER) - start
23:05:04.711 [main] DEBUG o.d.d.s.SimplePreparedStatement - addValue(value=1, dataType=INTEGER) - start
23:05:04.711 [main] DEBUG o.d.dataset.datatype.IntegerDataType - setSqlValue(value=1, column=1, statement=com.mysql.jdbc.JDBC4PreparedStatement@6fa9fc: insert into products (sku_number, name, amount) values (** NOT SPECIFIED **, ** NOT SPECIFIED **, ** NOT SPECIFIED **)) - start
23:05:04.711 [main] DEBUG o.d.dataset.datatype.IntegerDataType - typeCast(value=1) - start
23:05:04.716 [main] DEBUG o.d.dataset.datatype.IntegerDataType - typeCast(value=1) - start
23:05:04.716 [main] DEBUG org.dbunit.dataset.DefaultTable - getValue(row=0, column=name) - start
23:05:04.716 [main] DEBUG org.dbunit.dataset.AbstractTable - assertValidRowIndex(row=0) - start
23:05:04.716 [main] DEBUG org.dbunit.dataset.AbstractTable - assertValidRowIndex(row=0, rowCount=4) - start
23:05:04.716 [main] DEBUG org.dbunit.dataset.AbstractTable - getColumnIndex(columnName=name) - start
23:05:04.716 [main] DEBUG o.d.dataset.AbstractTableMetaData - getColumnIndex(columnName=name) - start
23:05:04.717 [main] DEBUG o.d.d.s.AutomaticPreparedBatchStatement - addValue(value=Product 1, dataType=VARCHAR) - start
23:05:04.717 [main] DEBUG o.d.d.s.SimplePreparedStatement - addValue(value=Product 1, dataType=VARCHAR) - start
23:05:04.717 [main] DEBUG o.d.dataset.datatype.StringDataType - setSqlValue(value=Product 1, column=2, statement=com.mysql.jdbc.JDBC4PreparedStatement@6fa9fc: insert into products (sku_number, name, amount) values (1, ** NOT SPECIFIED **, ** NOT SPECIFIED **)) - start
23:05:04.717 [main] DEBUG org.dbunit.dataset.datatype.DataType - asString(value=Product 1) - start
23:05:04.719 [main] DEBUG o.d.dataset.datatype.StringDataType - typeCast(value=Product 1) - start
23:05:04.719 [main] DEBUG org.dbunit.dataset.DefaultTable - getValue(row=0, column=amount) - start
23:05:04.719 [main] DEBUG org.dbunit.dataset.AbstractTable - assertValidRowIndex(row=0) - start
23:05:04.719 [main] DEBUG org.dbunit.dataset.AbstractTable - assertValidRowIndex(row=0, rowCount=4) - start
23:05:04.719 [main] DEBUG org.dbunit.dataset.AbstractTable - getColumnIndex(columnName=amount) - start
23:05:04.719 [main] DEBUG o.d.dataset.AbstractTableMetaData - getColumnIndex(columnName=amount) - start
23:05:04.720 [main] DEBUG o.d.d.s.AutomaticPreparedBatchStatement - addValue(value=20.00, dataType=DECIMAL) - start
23:05:04.720 [main] DEBUG o.d.d.s.SimplePreparedStatement - addValue(value=20.00, dataType=DECIMAL) - start
23:05:04.720 [main] DEBUG o.d.dataset.datatype.NumberDataType - setSqlValue(value=20.00, column=3, statement=com.mysql.jdbc.JDBC4PreparedStatement@6fa9fc: insert into products (sku_number, name, amount) values (1, 'Product 1', ** NOT SPECIFIED **)) - start
23:05:04.720 [main] DEBUG o.d.dataset.datatype.NumberDataType - typeCast(value=20.00) - start
23:05:04.723 [main] DEBUG o.d.d.s.AutomaticPreparedBatchStatement - addBatch() - start
23:05:04.723 [main] DEBUG o.d.d.s.SimplePreparedStatement - addBatch() - start
23:05:04.749 [main] DEBUG org.dbunit.operation.InsertOperation - equalsIgnoreMapping(ignoreMapping={}, table=org.dbunit.dataset.DefaultTable[_metaData=tableName=products, columns=[(sku_number, UNKNOWN, nullableUnknown), (name, UNKNOWN, nullableUnknown), (amount, UNKNOWN, nullableUnknown)], keys=[], _rowList.size()=4], row=1) - start
23:05:04.749 [main] DEBUG org.dbunit.dataset.DefaultTable - getValue(row=1, column=sku_number) - start
23:05:04.749 [main] DEBUG org.dbunit.dataset.AbstractTable - assertValidRowIndex(row=1) - start
23:05:04.825 [main] DEBUG org.dbunit.dataset.AbstractTable - assertValidRowIndex(row=1, rowCount=4) - start
23:05:04.825 [main] DEBUG org.dbunit.dataset.AbstractTable - getColumnIndex(columnName=sku_number) - start
23:05:04.825 [main] DEBUG o.d.dataset.AbstractTableMetaData - getColumnIndex(columnName=sku_number) - start
23:05:04.825 [main] DEBUG org.dbunit.dataset.DefaultTable - getValue(row=1, column=name) - start
23:05:04.825 [main] DEBUG org.dbunit.dataset.AbstractTable - assertValidRowIndex(row=1) - start
23:05:04.826 [main] DEBUG org.dbunit.dataset.AbstractTable - assertValidRowIndex(row=1, rowCount=4) - start
23:05:04.826 [main] DEBUG org.dbunit.dataset.AbstractTable - getColumnIndex(columnName=name) - start
23:05:04.826 [main] DEBUG o.d.dataset.AbstractTableMetaData - getColumnIndex(columnName=name) - start
23:05:04.826 [main] DEBUG org.dbunit.dataset.DefaultTable - getValue(row=1, column=amount) - start
23:05:04.826 [main] DEBUG org.dbunit.dataset.AbstractTable - assertValidRowIndex(row=1) - start
23:05:04.826 [main] DEBUG org.dbunit.dataset.AbstractTable - assertValidRowIndex(row=1, rowCount=4) - start
23:05:04.827 [main] DEBUG org.dbunit.dataset.AbstractTable - getColumnIndex(columnName=amount) - start
23:05:04.827 [main] DEBUG o.d.dataset.AbstractTableMetaData - getColumnIndex(columnName=amount) - start
23:05:04.827 [main] DEBUG org.dbunit.dataset.DefaultTable - getValue(row=1, column=sku_number) - start
23:05:04.827 [main] DEBUG org.dbunit.dataset.AbstractTable - assertValidRowIndex(row=1) - start
23:05:04.827 [main] DEBUG org.dbunit.dataset.AbstractTable - assertValidRowIndex(row=1, rowCount=4) - start
23:05:04.829 [main] DEBUG org.dbunit.dataset.AbstractTable - getColumnIndex(columnName=sku_number) - start
23:05:04.829 [main] DEBUG o.d.dataset.AbstractTableMetaData - getColumnIndex(columnName=sku_number) - start
23:05:04.829 [main] DEBUG o.d.d.s.AutomaticPreparedBatchStatement - addValue(value=2, dataType=INTEGER) - start
23:05:04.829 [main] DEBUG o.d.d.s.SimplePreparedStatement - addValue(value=2, dataType=INTEGER) - start
23:05:04.829 [main] DEBUG o.d.dataset.datatype.IntegerDataType - setSqlValue(value=2, column=1, statement=com.mysql.jdbc.JDBC4PreparedStatement@6fa9fc: insert into products (sku_number, name, amount) values (1, 'Product 1', 20.00)) - start
23:05:04.831 [main] DEBUG o.d.dataset.datatype.IntegerDataType - typeCast(value=2) - start
23:05:04.831 [main] DEBUG o.d.dataset.datatype.IntegerDataType - typeCast(value=2) - start
23:05:04.831 [main] DEBUG org.dbunit.dataset.DefaultTable - getValue(row=1, column=name) - start
23:05:04.831 [main] DEBUG org.dbunit.dataset.AbstractTable - assertValidRowIndex(row=1) - start
23:05:04.831 [main] DEBUG org.dbunit.dataset.AbstractTable - assertValidRowIndex(row=1, rowCount=4) - start
23:05:04.831 [main] DEBUG org.dbunit.dataset.AbstractTable - getColumnIndex(columnName=name) - start
23:05:04.833 [main] DEBUG o.d.dataset.AbstractTableMetaData - getColumnIndex(columnName=name) - start
23:05:04.833 [main] DEBUG o.d.d.s.AutomaticPreparedBatchStatement - addValue(value=Product 2, dataType=VARCHAR) - start
23:05:04.833 [main] DEBUG o.d.d.s.SimplePreparedStatement - addValue(value=Product 2, dataType=VARCHAR) - start
23:05:04.833 [main] DEBUG o.d.dataset.datatype.StringDataType - setSqlValue(value=Product 2, column=2, statement=com.mysql.jdbc.JDBC4PreparedStatement@6fa9fc: insert into products (sku_number, name, amount) values (2, 'Product 1', 20.00)) - start
23:05:04.835 [main] DEBUG org.dbunit.dataset.datatype.DataType - asString(value=Product 2) - start
23:05:04.835 [main] DEBUG o.d.dataset.datatype.StringDataType - typeCast(value=Product 2) - start
23:05:04.835 [main] DEBUG org.dbunit.dataset.DefaultTable - getValue(row=1, column=amount) - start
23:05:04.835 [main] DEBUG org.dbunit.dataset.AbstractTable - assertValidRowIndex(row=1) - start
23:05:04.835 [main] DEBUG org.dbunit.dataset.AbstractTable - assertValidRowIndex(row=1, rowCount=4) - start
23:05:04.835 [main] DEBUG org.dbunit.dataset.AbstractTable - getColumnIndex(columnName=amount) - start
23:05:04.836 [main] DEBUG o.d.dataset.AbstractTableMetaData - getColumnIndex(columnName=amount) - start
23:05:04.836 [main] DEBUG o.d.d.s.AutomaticPreparedBatchStatement - addValue(value=50.00, dataType=DECIMAL) - start
23:05:04.836 [main] DEBUG o.d.d.s.SimplePreparedStatement - addValue(value=50.00, dataType=DECIMAL) - start
23:05:04.836 [main] DEBUG o.d.dataset.datatype.NumberDataType - setSqlValue(value=50.00, column=3, statement=com.mysql.jdbc.JDBC4PreparedStatement@6fa9fc: insert into products (sku_number, name, amount) values (2, 'Product 2', 20.00)) - start
23:05:04.838 [main] DEBUG o.d.dataset.datatype.NumberDataType - typeCast(value=50.00) - start
23:05:04.838 [main] DEBUG o.d.d.s.AutomaticPreparedBatchStatement - addBatch() - start
23:05:04.838 [main] DEBUG o.d.d.s.SimplePreparedStatement - addBatch() - start
23:05:04.855 [main] DEBUG org.dbunit.operation.InsertOperation - equalsIgnoreMapping(ignoreMapping={}, table=org.dbunit.dataset.DefaultTable[_metaData=tableName=products, columns=[(sku_number, UNKNOWN, nullableUnknown), (name, UNKNOWN, nullableUnknown), (amount, UNKNOWN, nullableUnknown)], keys=[], _rowList.size()=4], row=2) - start
23:05:04.856 [main] DEBUG org.dbunit.dataset.DefaultTable - getValue(row=2, column=sku_number) - start
23:05:04.856 [main] DEBUG org.dbunit.dataset.AbstractTable - assertValidRowIndex(row=2) - start
23:05:04.941 [main] DEBUG org.dbunit.dataset.AbstractTable - assertValidRowIndex(row=2, rowCount=4) - start
23:05:04.941 [main] DEBUG org.dbunit.dataset.AbstractTable - getColumnIndex(columnName=sku_number) - start
23:05:04.941 [main] DEBUG o.d.dataset.AbstractTableMetaData - getColumnIndex(columnName=sku_number) - start
23:05:04.941 [main] DEBUG org.dbunit.dataset.DefaultTable - getValue(row=2, column=name) - start
23:05:04.941 [main] DEBUG org.dbunit.dataset.AbstractTable - assertValidRowIndex(row=2) - start
23:05:04.942 [main] DEBUG org.dbunit.dataset.AbstractTable - assertValidRowIndex(row=2, rowCount=4) - start
23:05:04.942 [main] DEBUG org.dbunit.dataset.AbstractTable - getColumnIndex(columnName=name) - start
23:05:04.942 [main] DEBUG o.d.dataset.AbstractTableMetaData - getColumnIndex(columnName=name) - start
23:05:04.942 [main] DEBUG org.dbunit.dataset.DefaultTable - getValue(row=2, column=amount) - start
23:05:04.942 [main] DEBUG org.dbunit.dataset.AbstractTable - assertValidRowIndex(row=2) - start
23:05:04.942 [main] DEBUG org.dbunit.dataset.AbstractTable - assertValidRowIndex(row=2, rowCount=4) - start
23:05:04.943 [main] DEBUG org.dbunit.dataset.AbstractTable - getColumnIndex(columnName=amount) - start
23:05:04.943 [main] DEBUG o.d.dataset.AbstractTableMetaData - getColumnIndex(columnName=amount) - start
23:05:04.943 [main] DEBUG org.dbunit.dataset.DefaultTable - getValue(row=2, column=sku_number) - start
23:05:04.943 [main] DEBUG org.dbunit.dataset.AbstractTable - assertValidRowIndex(row=2) - start
23:05:04.943 [main] DEBUG org.dbunit.dataset.AbstractTable - assertValidRowIndex(row=2, rowCount=4) - start
23:05:04.945 [main] DEBUG org.dbunit.dataset.AbstractTable - getColumnIndex(columnName=sku_number) - start
23:05:04.945 [main] DEBUG o.d.dataset.AbstractTableMetaData - getColumnIndex(columnName=sku_number) - start
23:05:04.945 [main] DEBUG o.d.d.s.AutomaticPreparedBatchStatement - addValue(value=3, dataType=INTEGER) - start
23:05:04.945 [main] DEBUG o.d.d.s.SimplePreparedStatement - addValue(value=3, dataType=INTEGER) - start
23:05:04.945 [main] DEBUG o.d.dataset.datatype.IntegerDataType - setSqlValue(value=3, column=1, statement=com.mysql.jdbc.JDBC4PreparedStatement@6fa9fc: insert into products (sku_number, name, amount) values (2, 'Product 2', 50.00)) - start
23:05:04.947 [main] DEBUG o.d.dataset.datatype.IntegerDataType - typeCast(value=3) - start
23:05:04.947 [main] DEBUG o.d.dataset.datatype.IntegerDataType - typeCast(value=3) - start
23:05:04.947 [main] DEBUG org.dbunit.dataset.DefaultTable - getValue(row=2, column=name) - start
23:05:04.947 [main] DEBUG org.dbunit.dataset.AbstractTable - assertValidRowIndex(row=2) - start
23:05:04.947 [main] DEBUG org.dbunit.dataset.AbstractTable - assertValidRowIndex(row=2, rowCount=4) - start
23:05:04.947 [main] DEBUG org.dbunit.dataset.AbstractTable - getColumnIndex(columnName=name) - start
23:05:04.948 [main] DEBUG o.d.dataset.AbstractTableMetaData - getColumnIndex(columnName=name) - start
23:05:04.949 [main] DEBUG o.d.d.s.AutomaticPreparedBatchStatement - addValue(value=Product 3, dataType=VARCHAR) - start
23:05:04.949 [main] DEBUG o.d.d.s.SimplePreparedStatement - addValue(value=Product 3, dataType=VARCHAR) - start
23:05:04.949 [main] DEBUG o.d.dataset.datatype.StringDataType - setSqlValue(value=Product 3, column=2, statement=com.mysql.jdbc.JDBC4PreparedStatement@6fa9fc: insert into products (sku_number, name, amount) values (3, 'Product 2', 50.00)) - start
23:05:04.951 [main] DEBUG org.dbunit.dataset.datatype.DataType - asString(value=Product 3) - start
23:05:04.951 [main] DEBUG o.d.dataset.datatype.StringDataType - typeCast(value=Product 3) - start
23:05:04.951 [main] DEBUG org.dbunit.dataset.DefaultTable - getValue(row=2, column=amount) - start
23:05:04.951 [main] DEBUG org.dbunit.dataset.AbstractTable - assertValidRowIndex(row=2) - start
23:05:04.951 [main] DEBUG org.dbunit.dataset.AbstractTable - assertValidRowIndex(row=2, rowCount=4) - start
23:05:04.951 [main] DEBUG org.dbunit.dataset.AbstractTable - getColumnIndex(columnName=amount) - start
23:05:04.952 [main] DEBUG o.d.dataset.AbstractTableMetaData - getColumnIndex(columnName=amount) - start
23:05:04.952 [main] DEBUG o.d.d.s.AutomaticPreparedBatchStatement - addValue(value=60.00, dataType=DECIMAL) - start
23:05:04.952 [main] DEBUG o.d.d.s.SimplePreparedStatement - addValue(value=60.00, dataType=DECIMAL) - start
23:05:04.952 [main] DEBUG o.d.dataset.datatype.NumberDataType - setSqlValue(value=60.00, column=3, statement=com.mysql.jdbc.JDBC4PreparedStatement@6fa9fc: insert into products (sku_number, name, amount) values (3, 'Product 3', 50.00)) - start
23:05:04.954 [main] DEBUG o.d.dataset.datatype.NumberDataType - typeCast(value=60.00) - start
23:05:04.954 [main] DEBUG o.d.d.s.AutomaticPreparedBatchStatement - addBatch() - start
23:05:04.954 [main] DEBUG o.d.d.s.SimplePreparedStatement - addBatch() - start
23:05:04.999 [main] DEBUG org.dbunit.operation.InsertOperation - equalsIgnoreMapping(ignoreMapping={}, table=org.dbunit.dataset.DefaultTable[_metaData=tableName=products, columns=[(sku_number, UNKNOWN, nullableUnknown), (name, UNKNOWN, nullableUnknown), (amount, UNKNOWN, nullableUnknown)], keys=[], _rowList.size()=4], row=3) - start
23:05:04.999 [main] DEBUG org.dbunit.dataset.DefaultTable - getValue(row=3, column=sku_number) - start
23:05:04.999 [main] DEBUG org.dbunit.dataset.AbstractTable - assertValidRowIndex(row=3) - start
23:05:05.057 [main] DEBUG org.dbunit.dataset.AbstractTable - assertValidRowIndex(row=3, rowCount=4) - start
23:05:05.057 [main] DEBUG org.dbunit.dataset.AbstractTable - getColumnIndex(columnName=sku_number) - start
23:05:05.057 [main] DEBUG o.d.dataset.AbstractTableMetaData - getColumnIndex(columnName=sku_number) - start
23:05:05.057 [main] DEBUG org.dbunit.dataset.DefaultTable - getValue(row=3, column=name) - start
23:05:05.057 [main] DEBUG org.dbunit.dataset.AbstractTable - assertValidRowIndex(row=3) - start
23:05:05.058 [main] DEBUG org.dbunit.dataset.AbstractTable - assertValidRowIndex(row=3, rowCount=4) - start
23:05:05.058 [main] DEBUG org.dbunit.dataset.AbstractTable - getColumnIndex(columnName=name) - start
23:05:05.058 [main] DEBUG o.d.dataset.AbstractTableMetaData - getColumnIndex(columnName=name) - start
23:05:05.058 [main] DEBUG org.dbunit.dataset.DefaultTable - getValue(row=3, column=amount) - start
23:05:05.058 [main] DEBUG org.dbunit.dataset.AbstractTable - assertValidRowIndex(row=3) - start
23:05:05.058 [main] DEBUG org.dbunit.dataset.AbstractTable - assertValidRowIndex(row=3, rowCount=4) - start
23:05:05.059 [main] DEBUG org.dbunit.dataset.AbstractTable - getColumnIndex(columnName=amount) - start
23:05:05.059 [main] DEBUG o.d.dataset.AbstractTableMetaData - getColumnIndex(columnName=amount) - start
23:05:05.059 [main] DEBUG org.dbunit.dataset.DefaultTable - getValue(row=3, column=sku_number) - start
23:05:05.059 [main] DEBUG org.dbunit.dataset.AbstractTable - assertValidRowIndex(row=3) - start
23:05:05.059 [main] DEBUG org.dbunit.dataset.AbstractTable - assertValidRowIndex(row=3, rowCount=4) - start
23:05:05.061 [main] DEBUG org.dbunit.dataset.AbstractTable - getColumnIndex(columnName=sku_number) - start
23:05:05.061 [main] DEBUG o.d.dataset.AbstractTableMetaData - getColumnIndex(columnName=sku_number) - start
23:05:05.061 [main] DEBUG o.d.d.s.AutomaticPreparedBatchStatement - addValue(value=4, dataType=INTEGER) - start
23:05:05.061 [main] DEBUG o.d.d.s.SimplePreparedStatement - addValue(value=4, dataType=INTEGER) - start
23:05:05.061 [main] DEBUG o.d.dataset.datatype.IntegerDataType - setSqlValue(value=4, column=1, statement=com.mysql.jdbc.JDBC4PreparedStatement@6fa9fc: insert into products (sku_number, name, amount) values (3, 'Product 3', 60.00)) - start
23:05:05.063 [main] DEBUG o.d.dataset.datatype.IntegerDataType - typeCast(value=4) - start
23:05:05.063 [main] DEBUG o.d.dataset.datatype.IntegerDataType - typeCast(value=4) - start
23:05:05.063 [main] DEBUG org.dbunit.dataset.DefaultTable - getValue(row=3, column=name) - start
23:05:05.063 [main] DEBUG org.dbunit.dataset.AbstractTable - assertValidRowIndex(row=3) - start
23:05:05.063 [main] DEBUG org.dbunit.dataset.AbstractTable - assertValidRowIndex(row=3, rowCount=4) - start
23:05:05.063 [main] DEBUG org.dbunit.dataset.AbstractTable - getColumnIndex(columnName=name) - start
23:05:05.064 [main] DEBUG o.d.dataset.AbstractTableMetaData - getColumnIndex(columnName=name) - start
23:05:05.064 [main] DEBUG o.d.d.s.AutomaticPreparedBatchStatement - addValue(value=Product 4, dataType=VARCHAR) - start
23:05:05.064 [main] DEBUG o.d.d.s.SimplePreparedStatement - addValue(value=Product 4, dataType=VARCHAR) - start
23:05:05.064 [main] DEBUG o.d.dataset.datatype.StringDataType - setSqlValue(value=Product 4, column=2, statement=com.mysql.jdbc.JDBC4PreparedStatement@6fa9fc: insert into products (sku_number, name, amount) values (4, 'Product 3', 60.00)) - start
23:05:05.067 [main] DEBUG org.dbunit.dataset.datatype.DataType - asString(value=Product 4) - start
23:05:05.067 [main] DEBUG o.d.dataset.datatype.StringDataType - typeCast(value=Product 4) - start
23:05:05.067 [main] DEBUG org.dbunit.dataset.DefaultTable - getValue(row=3, column=amount) - start
23:05:05.067 [main] DEBUG org.dbunit.dataset.AbstractTable - assertValidRowIndex(row=3) - start
23:05:05.067 [main] DEBUG org.dbunit.dataset.AbstractTable - assertValidRowIndex(row=3, rowCount=4) - start
23:05:05.067 [main] DEBUG org.dbunit.dataset.AbstractTable - getColumnIndex(columnName=amount) - start
23:05:05.068 [main] DEBUG o.d.dataset.AbstractTableMetaData - getColumnIndex(columnName=amount) - start
23:05:05.068 [main] DEBUG o.d.d.s.AutomaticPreparedBatchStatement - addValue(value=200.00, dataType=DECIMAL) - start
23:05:05.068 [main] DEBUG o.d.d.s.SimplePreparedStatement - addValue(value=200.00, dataType=DECIMAL) - start
23:05:05.068 [main] DEBUG o.d.dataset.datatype.NumberDataType - setSqlValue(value=200.00, column=3, statement=com.mysql.jdbc.JDBC4PreparedStatement@6fa9fc: insert into products (sku_number, name, amount) values (4, 'Product 4', 60.00)) - start
23:05:05.070 [main] DEBUG o.d.dataset.datatype.NumberDataType - typeCast(value=200.00) - start
23:05:05.070 [main] DEBUG o.d.d.s.AutomaticPreparedBatchStatement - addBatch() - start
23:05:05.070 [main] DEBUG o.d.d.s.SimplePreparedStatement - addBatch() - start
23:05:05.235 [main] DEBUG org.dbunit.operation.InsertOperation - equalsIgnoreMapping(ignoreMapping={}, table=org.dbunit.dataset.DefaultTable[_metaData=tableName=products, columns=[(sku_number, UNKNOWN, nullableUnknown), (name, UNKNOWN, nullableUnknown), (amount, UNKNOWN, nullableUnknown)], keys=[], _rowList.size()=4], row=4) - start
23:05:05.236 [main] DEBUG org.dbunit.dataset.DefaultTable - getValue(row=4, column=sku_number) - start
23:05:05.236 [main] DEBUG org.dbunit.dataset.AbstractTable - assertValidRowIndex(row=4) - start
23:05:05.273 [main] DEBUG org.dbunit.dataset.AbstractTable - assertValidRowIndex(row=4, rowCount=4) - start
23:05:05.273 [main] DEBUG o.d.d.s.AutomaticPreparedBatchStatement - executeBatch() - start
23:05:05.273 [main] DEBUG o.d.d.s.SimplePreparedStatement - executeBatch() - start
23:05:05.273 [main] DEBUG o.d.d.s.SimplePreparedStatement - clearBatch() - start
23:05:05.273 [main] DEBUG o.d.d.s.AutomaticPreparedBatchStatement - clearBatch() - start
23:05:05.273 [main] DEBUG o.d.d.s.SimplePreparedStatement - clearBatch() - start
23:05:05.274 [main] DEBUG o.d.d.s.AutomaticPreparedBatchStatement - close() - start
23:05:05.274 [main] DEBUG o.d.d.s.AbstractPreparedBatchStatement - close() - start
23:05:05.274 [main] DEBUG o.d.dataset.DefaultTableIterator - getTable() - start
23:05:05.274 [main] DEBUG o.d.operation.AbstractBatchOperation - isEmpty(table=org.dbunit.dataset.DefaultTable[_metaData=tableName=orders, columns=[(order_number, UNKNOWN, nullableUnknown), (customer_id, UNKNOWN, nullableUnknown), (date, UNKNOWN, nullableUnknown), (amount, UNKNOWN, nullableUnknown), (order_status, UNKNOWN, nullableUnknown), (discount_status, UNKNOWN, nullableUnknown)], keys=[], _rowList.size()=6]) - start
23:05:05.276 [main] DEBUG org.dbunit.dataset.DefaultTable - getValue(row=0, column=order_number) - start
23:05:05.276 [main] DEBUG org.dbunit.dataset.AbstractTable - assertValidRowIndex(row=0) - start
23:05:05.276 [main] DEBUG org.dbunit.dataset.AbstractTable - assertValidRowIndex(row=0, rowCount=6) - start
23:05:05.276 [main] DEBUG org.dbunit.dataset.AbstractTable - getColumnIndex(columnName=order_number) - start
23:05:05.276 [main] DEBUG o.d.dataset.AbstractTableMetaData - getColumnIndex(columnName=order_number) - start
23:05:05.277 [main] DEBUG o.dbunit.operation.AbstractOperation - getOperationMetaData(connection=org.dbunit.database.DatabaseConnection[schema=, connection=com.mysql.jdbc.JDBC4Connection@53fb57, super=_databaseConfig=org.dbunit.database.DatabaseConfig[, _propertyMap={http://www.dbunit.org/properties/statementFactory=org.dbunit.database.statement.PreparedStatementFactory@19a32e0, http://www.dbunit.org/features/caseSensitiveTableNames=false, http://www.dbunit.org/properties/fetchSize=100, http://www.dbunit.org/features/batchedStatements=false, http://www.dbunit.org/properties/metadataHandler=org.dbunit.database.DefaultMetadataHandler@8238f4, http://www.dbunit.org/properties/datatypeFactory=org.dbunit.dataset.datatype.DefaultDataTypeFactory[_toleratedDeltaMap=org.dbunit.dataset.datatype.ToleratedDeltaMap@16925b0], http://www.dbunit.org/properties/escapePattern=null, http://www.dbunit.org/properties/batchSize=100, http://www.dbunit.org/features/qualifiedTableNames=false, http://www.dbunit.org/properties/tableType=[Ljava.lang.String;@297ffb, http://www.dbunit.org/properties/resultSetTableFactory=org.dbunit.database.CachedResultSetTableFactory@914f6a, http://www.dbunit.org/features/datatypeWarning=true}], _dataSet=AbstractDataSet[_orderedTableNameMap=null]], metaData=tableName=orders, columns=[(order_number, UNKNOWN, nullableUnknown), (customer_id, UNKNOWN, nullableUnknown), (date, UNKNOWN, nullableUnknown), (amount, UNKNOWN, nullableUnknown), (order_status, UNKNOWN, nullableUnknown), (discount_status, UNKNOWN, nullableUnknown)], keys=[]) - start
23:05:05.279 [main] DEBUG o.d.d.AbstractDatabaseConnection - createDataSet() - start
23:05:05.279 [main] DEBUG org.dbunit.database.DatabaseDataSet - getTableMetaData(tableName=orders) - start
23:05:05.279 [main] DEBUG org.dbunit.database.DatabaseDataSet - initialize() - start
23:05:05.279 [main] DEBUG o.dbunit.dataset.OrderedTableNameMap - getTableName(tableName=orders) - start
23:05:05.279 [main] DEBUG o.dbunit.dataset.OrderedTableNameMap - getTableName(tableName=orders) - end - result=ORDERS
23:05:05.279 [main] DEBUG o.dbunit.dataset.OrderedTableNameMap - getTableName(tableName=orders) - start
23:05:05.279 [main] DEBUG o.dbunit.dataset.OrderedTableNameMap - getTableName(tableName=orders) - end - result=ORDERS
23:05:05.279 [main] DEBUG o.d.dataset.AbstractTableMetaData - getColumnIndex(columnName=order_number) - start
23:05:05.279 [main] DEBUG o.d.database.DatabaseTableMetaData - getColumns() - start
23:05:05.279 [main] DEBUG o.d.database.DatabaseTableMetaData - getColumns() - start
23:05:05.279 [main] DEBUG o.d.dataset.AbstractTableMetaData - getColumnIndex(columnName=customer_id) - start
23:05:05.279 [main] DEBUG o.d.database.DatabaseTableMetaData - getColumns() - start
23:05:05.284 [main] DEBUG o.d.dataset.AbstractTableMetaData - getColumnIndex(columnName=date) - start
23:05:05.285 [main] DEBUG o.d.database.DatabaseTableMetaData - getColumns() - start
23:05:05.285 [main] DEBUG o.d.dataset.AbstractTableMetaData - getColumnIndex(columnName=amount) - start
23:05:05.285 [main] DEBUG o.d.database.DatabaseTableMetaData - getColumns() - start
23:05:05.285 [main] DEBUG o.d.dataset.AbstractTableMetaData - getColumnIndex(columnName=order_status) - start
23:05:05.285 [main] DEBUG o.d.database.DatabaseTableMetaData - getColumns() - start
23:05:05.287 [main] DEBUG o.d.dataset.AbstractTableMetaData - getColumnIndex(columnName=discount_status) - start
23:05:05.287 [main] DEBUG o.d.database.DatabaseTableMetaData - getColumns() - start
23:05:05.287 [main] DEBUG o.d.database.DatabaseTableMetaData - getPrimaryKeys() - start
23:05:05.287 [main] DEBUG org.dbunit.operation.InsertOperation - getIgnoreMapping(table=org.dbunit.dataset.DefaultTable[_metaData=tableName=orders, columns=[(order_number, UNKNOWN, nullableUnknown), (customer_id, UNKNOWN, nullableUnknown), (date, UNKNOWN, nullableUnknown), (amount, UNKNOWN, nullableUnknown), (order_status, UNKNOWN, nullableUnknown), (discount_status, UNKNOWN, nullableUnknown)], keys=[], _rowList.size()=6], row=0) - start
23:05:05.289 [main] DEBUG org.dbunit.dataset.DefaultTable - getValue(row=0, column=order_number) - start
23:05:05.289 [main] DEBUG org.dbunit.dataset.AbstractTable - assertValidRowIndex(row=0) - start
23:05:05.289 [main] DEBUG org.dbunit.dataset.AbstractTable - assertValidRowIndex(row=0, rowCount=6) - start
23:05:05.289 [main] DEBUG org.dbunit.dataset.AbstractTable - getColumnIndex(columnName=order_number) - start
23:05:05.289 [main] DEBUG o.d.dataset.AbstractTableMetaData - getColumnIndex(columnName=order_number) - start
23:05:05.290 [main] DEBUG org.dbunit.dataset.DefaultTable - getValue(row=0, column=customer_id) - start
23:05:05.290 [main] DEBUG org.dbunit.dataset.AbstractTable - assertValidRowIndex(row=0) - start
23:05:05.290 [main] DEBUG org.dbunit.dataset.AbstractTable - assertValidRowIndex(row=0, rowCount=6) - start
23:05:05.290 [main] DEBUG org.dbunit.dataset.AbstractTable - getColumnIndex(columnName=customer_id) - start
23:05:05.290 [main] DEBUG o.d.dataset.AbstractTableMetaData - getColumnIndex(columnName=customer_id) - start
23:05:05.292 [main] DEBUG org.dbunit.dataset.DefaultTable - getValue(row=0, column=date) - start
23:05:05.292 [main] DEBUG org.dbunit.dataset.AbstractTable - assertValidRowIndex(row=0) - start
23:05:05.292 [main] DEBUG org.dbunit.dataset.AbstractTable - assertValidRowIndex(row=0, rowCount=6) - start
23:05:05.292 [main] DEBUG org.dbunit.dataset.AbstractTable - getColumnIndex(columnName=date) - start
23:05:05.292 [main] DEBUG o.d.dataset.AbstractTableMetaData - getColumnIndex(columnName=date) - start
23:05:05.292 [main] DEBUG org.dbunit.dataset.DefaultTable - getValue(row=0, column=amount) - start
23:05:05.293 [main] DEBUG org.dbunit.dataset.AbstractTable - assertValidRowIndex(row=0) - start
23:05:05.293 [main] DEBUG org.dbunit.dataset.AbstractTable - assertValidRowIndex(row=0, rowCount=6) - start
23:05:05.293 [main] DEBUG org.dbunit.dataset.AbstractTable - getColumnIndex(columnName=amount) - start
23:05:05.293 [main] DEBUG o.d.dataset.AbstractTableMetaData - getColumnIndex(columnName=amount) - start
23:05:05.294 [main] DEBUG org.dbunit.dataset.DefaultTable - getValue(row=0, column=order_status) - start
23:05:05.295 [main] DEBUG org.dbunit.dataset.AbstractTable - assertValidRowIndex(row=0) - start
23:05:05.295 [main] DEBUG org.dbunit.dataset.AbstractTable - assertValidRowIndex(row=0, rowCount=6) - start
23:05:05.295 [main] DEBUG org.dbunit.dataset.AbstractTable - getColumnIndex(columnName=order_status) - start
23:05:05.295 [main] DEBUG o.d.dataset.AbstractTableMetaData - getColumnIndex(columnName=order_status) - start
23:05:05.295 [main] DEBUG org.dbunit.dataset.DefaultTable - getValue(row=0, column=discount_status) - start
23:05:05.297 [main] DEBUG org.dbunit.dataset.AbstractTable - assertValidRowIndex(row=0) - start
23:05:05.299 [main] DEBUG org.dbunit.dataset.AbstractTable - assertValidRowIndex(row=0, rowCount=6) - start
23:05:05.299 [main] DEBUG org.dbunit.dataset.AbstractTable - getColumnIndex(columnName=discount_status) - start
23:05:05.299 [main] DEBUG o.d.dataset.AbstractTableMetaData - getColumnIndex(columnName=discount_status) - start
23:05:05.299 [main] DEBUG org.dbunit.operation.InsertOperation - getOperationData(metaData=tableName=orders, columns=[(order_number, INTEGER, noNulls), (customer_id, INTEGER, noNulls), (date, DATE, noNulls), (amount, DECIMAL, noNulls), (order_status, VARCHAR, noNulls), (discount_status, VARCHAR, noNulls)], keys=[(order_number, INTEGER, noNulls)], ignoreMapping={}, connection=org.dbunit.database.DatabaseConnection[schema=, connection=com.mysql.jdbc.JDBC4Connection@53fb57, super=_databaseConfig=org.dbunit.database.DatabaseConfig[, _propertyMap={http://www.dbunit.org/properties/statementFactory=org.dbunit.database.statement.PreparedStatementFactory@19a32e0, http://www.dbunit.org/features/caseSensitiveTableNames=false, http://www.dbunit.org/properties/fetchSize=100, http://www.dbunit.org/features/batchedStatements=false, http://www.dbunit.org/properties/metadataHandler=org.dbunit.database.DefaultMetadataHandler@8238f4, http://www.dbunit.org/properties/datatypeFactory=org.dbunit.dataset.datatype.DefaultDataTypeFactory[_toleratedDeltaMap=org.dbunit.dataset.datatype.ToleratedDeltaMap@16925b0], http://www.dbunit.org/properties/escapePattern=null, http://www.dbunit.org/properties/batchSize=100, http://www.dbunit.org/features/qualifiedTableNames=false, http://www.dbunit.org/properties/tableType=[Ljava.lang.String;@297ffb, http://www.dbunit.org/properties/resultSetTableFactory=org.dbunit.database.CachedResultSetTableFactory@914f6a, http://www.dbunit.org/features/datatypeWarning=true}], _dataSet=AbstractDataSet[_orderedTableNameMap=null]]) - start
23:05:05.300 [main] DEBUG o.dbunit.operation.AbstractOperation - getQualifiedName(prefix=, name=orders, connection=org.dbunit.database.DatabaseConnection[schema=, connection=com.mysql.jdbc.JDBC4Connection@53fb57, super=_databaseConfig=org.dbunit.database.DatabaseConfig[, _propertyMap={http://www.dbunit.org/properties/statementFactory=org.dbunit.database.statement.PreparedStatementFactory@19a32e0, http://www.dbunit.org/features/caseSensitiveTableNames=false, http://www.dbunit.org/properties/fetchSize=100, http://www.dbunit.org/features/batchedStatements=false, http://www.dbunit.org/properties/metadataHandler=org.dbunit.database.DefaultMetadataHandler@8238f4, http://www.dbunit.org/properties/datatypeFactory=org.dbunit.dataset.datatype.DefaultDataTypeFactory[_toleratedDeltaMap=org.dbunit.dataset.datatype.ToleratedDeltaMap@16925b0], http://www.dbunit.org/properties/escapePattern=null, http://www.dbunit.org/properties/batchSize=100, http://www.dbunit.org/features/qualifiedTableNames=false, http://www.dbunit.org/properties/tableType=[Ljava.lang.String;@297ffb, http://www.dbunit.org/properties/resultSetTableFactory=org.dbunit.database.CachedResultSetTableFactory@914f6a, http://www.dbunit.org/features/datatypeWarning=true}], _dataSet=AbstractDataSet[_orderedTableNameMap=null]]) - start
23:05:05.301 [main] DEBUG org.dbunit.util.QualifiedTableName - getQualifiedName() - start
23:05:05.301 [main] DEBUG org.dbunit.util.QualifiedTableName - getQualifiedName(prefix=, name=orders, escapePattern=null) - start
23:05:05.301 [main] DEBUG o.dbunit.operation.AbstractOperation - getQualifiedName(prefix=null, name=order_number, connection=org.dbunit.database.DatabaseConnection[schema=, connection=com.mysql.jdbc.JDBC4Connection@53fb57, super=_databaseConfig=org.dbunit.database.DatabaseConfig[, _propertyMap={http://www.dbunit.org/properties/statementFactory=org.dbunit.database.statement.PreparedStatementFactory@19a32e0, http://www.dbunit.org/features/caseSensitiveTableNames=false, http://www.dbunit.org/properties/fetchSize=100, http://www.dbunit.org/features/batchedStatements=false, http://www.dbunit.org/properties/metadataHandler=org.dbunit.database.DefaultMetadataHandler@8238f4, http://www.dbunit.org/properties/datatypeFactory=org.dbunit.dataset.datatype.DefaultDataTypeFactory[_toleratedDeltaMap=org.dbunit.dataset.datatype.ToleratedDeltaMap@16925b0], http://www.dbunit.org/properties/escapePattern=null, http://www.dbunit.org/properties/batchSize=100, http://www.dbunit.org/features/qualifiedTableNames=false, http://www.dbunit.org/properties/tableType=[Ljava.lang.String;@297ffb, http://www.dbunit.org/properties/resultSetTableFactory=org.dbunit.database.CachedResultSetTableFactory@914f6a, http://www.dbunit.org/features/datatypeWarning=true}], _dataSet=AbstractDataSet[_orderedTableNameMap=null]]) - start
23:05:05.305 [main] DEBUG org.dbunit.util.QualifiedTableName - getQualifiedName() - start
23:05:05.305 [main] DEBUG org.dbunit.util.QualifiedTableName - getQualifiedName(prefix=null, name=order_number, escapePattern=null) - start
23:05:05.305 [main] DEBUG o.dbunit.operation.AbstractOperation - getQualifiedName(prefix=null, name=customer_id, connection=org.dbunit.database.DatabaseConnection[schema=, connection=com.mysql.jdbc.JDBC4Connection@53fb57, super=_databaseConfig=org.dbunit.database.DatabaseConfig[, _propertyMap={http://www.dbunit.org/properties/statementFactory=org.dbunit.database.statement.PreparedStatementFactory@19a32e0, http://www.dbunit.org/features/caseSensitiveTableNames=false, http://www.dbunit.org/properties/fetchSize=100, http://www.dbunit.org/features/batchedStatements=false, http://www.dbunit.org/properties/metadataHandler=org.dbunit.database.DefaultMetadataHandler@8238f4, http://www.dbunit.org/properties/datatypeFactory=org.dbunit.dataset.datatype.DefaultDataTypeFactory[_toleratedDeltaMap=org.dbunit.dataset.datatype.ToleratedDeltaMap@16925b0], http://www.dbunit.org/properties/escapePattern=null, http://www.dbunit.org/properties/batchSize=100, http://www.dbunit.org/features/qualifiedTableNames=false, http://www.dbunit.org/properties/tableType=[Ljava.lang.String;@297ffb, http://www.dbunit.org/properties/resultSetTableFactory=org.dbunit.database.CachedResultSetTableFactory@914f6a, http://www.dbunit.org/features/datatypeWarning=true}], _dataSet=AbstractDataSet[_orderedTableNameMap=null]]) - start
23:05:05.309 [main] DEBUG org.dbunit.util.QualifiedTableName - getQualifiedName() - start
23:05:05.309 [main] DEBUG org.dbunit.util.QualifiedTableName - getQualifiedName(prefix=null, name=customer_id, escapePattern=null) - start
23:05:05.309 [main] DEBUG o.dbunit.operation.AbstractOperation - getQualifiedName(prefix=null, name=date, connection=org.dbunit.database.DatabaseConnection[schema=, connection=com.mysql.jdbc.JDBC4Connection@53fb57, super=_databaseConfig=org.dbunit.database.DatabaseConfig[, _propertyMap={http://www.dbunit.org/properties/statementFactory=org.dbunit.database.statement.PreparedStatementFactory@19a32e0, http://www.dbunit.org/features/caseSensitiveTableNames=false, http://www.dbunit.org/properties/fetchSize=100, http://www.dbunit.org/features/batchedStatements=false, http://www.dbunit.org/properties/metadataHandler=org.dbunit.database.DefaultMetadataHandler@8238f4, http://www.dbunit.org/properties/datatypeFactory=org.dbunit.dataset.datatype.DefaultDataTypeFactory[_toleratedDeltaMap=org.dbunit.dataset.datatype.ToleratedDeltaMap@16925b0], http://www.dbunit.org/properties/escapePattern=null, http://www.dbunit.org/properties/batchSize=100, http://www.dbunit.org/features/qualifiedTableNames=false, http://www.dbunit.org/properties/tableType=[Ljava.lang.String;@297ffb, http://www.dbunit.org/properties/resultSetTableFactory=org.dbunit.database.CachedResultSetTableFactory@914f6a, http://www.dbunit.org/features/datatypeWarning=true}], _dataSet=AbstractDataSet[_orderedTableNameMap=null]]) - start
23:05:05.314 [main] DEBUG org.dbunit.util.QualifiedTableName - getQualifiedName() - start
23:05:05.314 [main] DEBUG org.dbunit.util.QualifiedTableName - getQualifiedName(prefix=null, name=date, escapePattern=null) - start
23:05:05.314 [main] DEBUG o.dbunit.operation.AbstractOperation - getQualifiedName(prefix=null, name=amount, connection=org.dbunit.database.DatabaseConnection[schema=, connection=com.mysql.jdbc.JDBC4Connection@53fb57, super=_databaseConfig=org.dbunit.database.DatabaseConfig[, _propertyMap={http://www.dbunit.org/properties/statementFactory=org.dbunit.database.statement.PreparedStatementFactory@19a32e0, http://www.dbunit.org/features/caseSensitiveTableNames=false, http://www.dbunit.org/properties/fetchSize=100, http://www.dbunit.org/features/batchedStatements=false, http://www.dbunit.org/properties/metadataHandler=org.dbunit.database.DefaultMetadataHandler@8238f4, http://www.dbunit.org/properties/datatypeFactory=org.dbunit.dataset.datatype.DefaultDataTypeFactory[_toleratedDeltaMap=org.dbunit.dataset.datatype.ToleratedDeltaMap@16925b0], http://www.dbunit.org/properties/escapePattern=null, http://www.dbunit.org/properties/batchSize=100, http://www.dbunit.org/features/qualifiedTableNames=false, http://www.dbunit.org/properties/tableType=[Ljava.lang.String;@297ffb, http://www.dbunit.org/properties/resultSetTableFactory=org.dbunit.database.CachedResultSetTableFactory@914f6a, http://www.dbunit.org/features/datatypeWarning=true}], _dataSet=AbstractDataSet[_orderedTableNameMap=null]]) - start
23:05:05.318 [main] DEBUG org.dbunit.util.QualifiedTableName - getQualifiedName() - start
23:05:05.318 [main] DEBUG org.dbunit.util.QualifiedTableName - getQualifiedName(prefix=null, name=amount, escapePattern=null) - start
23:05:05.318 [main] DEBUG o.dbunit.operation.AbstractOperation - getQualifiedName(prefix=null, name=order_status, connection=org.dbunit.database.DatabaseConnection[schema=, connection=com.mysql.jdbc.JDBC4Connection@53fb57, super=_databaseConfig=org.dbunit.database.DatabaseConfig[, _propertyMap={http://www.dbunit.org/properties/statementFactory=org.dbunit.database.statement.PreparedStatementFactory@19a32e0, http://www.dbunit.org/features/caseSensitiveTableNames=false, http://www.dbunit.org/properties/fetchSize=100, http://www.dbunit.org/features/batchedStatements=false, http://www.dbunit.org/properties/metadataHandler=org.dbunit.database.DefaultMetadataHandler@8238f4, http://www.dbunit.org/properties/datatypeFactory=org.dbunit.dataset.datatype.DefaultDataTypeFactory[_toleratedDeltaMap=org.dbunit.dataset.datatype.ToleratedDeltaMap@16925b0], http://www.dbunit.org/properties/escapePattern=null, http://www.dbunit.org/properties/batchSize=100, http://www.dbunit.org/features/qualifiedTableNames=false, http://www.dbunit.org/properties/tableType=[Ljava.lang.String;@297ffb, http://www.dbunit.org/properties/resultSetTableFactory=org.dbunit.database.CachedResultSetTableFactory@914f6a, http://www.dbunit.org/features/datatypeWarning=true}], _dataSet=AbstractDataSet[_orderedTableNameMap=null]]) - start
23:05:05.322 [main] DEBUG org.dbunit.util.QualifiedTableName - getQualifiedName() - start
23:05:05.322 [main] DEBUG org.dbunit.util.QualifiedTableName - getQualifiedName(prefix=null, name=order_status, escapePattern=null) - start
23:05:05.323 [main] DEBUG o.dbunit.operation.AbstractOperation - getQualifiedName(prefix=null, name=discount_status, connection=org.dbunit.database.DatabaseConnection[schema=, connection=com.mysql.jdbc.JDBC4Connection@53fb57, super=_databaseConfig=org.dbunit.database.DatabaseConfig[, _propertyMap={http://www.dbunit.org/properties/statementFactory=org.dbunit.database.statement.PreparedStatementFactory@19a32e0, http://www.dbunit.org/features/caseSensitiveTableNames=false, http://www.dbunit.org/properties/fetchSize=100, http://www.dbunit.org/features/batchedStatements=false, http://www.dbunit.org/properties/metadataHandler=org.dbunit.database.DefaultMetadataHandler@8238f4, http://www.dbunit.org/properties/datatypeFactory=org.dbunit.dataset.datatype.DefaultDataTypeFactory[_toleratedDeltaMap=org.dbunit.dataset.datatype.ToleratedDeltaMap@16925b0], http://www.dbunit.org/properties/escapePattern=null, http://www.dbunit.org/properties/batchSize=100, http://www.dbunit.org/features/qualifiedTableNames=false, http://www.dbunit.org/properties/tableType=[Ljava.lang.String;@297ffb, http://www.dbunit.org/properties/resultSetTableFactory=org.dbunit.database.CachedResultSetTableFactory@914f6a, http://www.dbunit.org/features/datatypeWarning=true}], _dataSet=AbstractDataSet[_orderedTableNameMap=null]]) - start
23:05:05.327 [main] DEBUG org.dbunit.util.QualifiedTableName - getQualifiedName() - start
23:05:05.327 [main] DEBUG org.dbunit.util.QualifiedTableName - getQualifiedName(prefix=null, name=discount_status, escapePattern=null) - start
23:05:05.327 [main] DEBUG o.d.d.s.PreparedStatementFactory - createPreparedBatchStatement(sql=insert into orders (order_number, customer_id, date, amount, order_status, discount_status) values (?, ?, ?, ?, ?, ?), connection=org.dbunit.database.DatabaseConnection[schema=, connection=com.mysql.jdbc.JDBC4Connection@53fb57, super=_databaseConfig=org.dbunit.database.DatabaseConfig[, _propertyMap={http://www.dbunit.org/properties/statementFactory=org.dbunit.database.statement.PreparedStatementFactory@19a32e0, http://www.dbunit.org/features/caseSensitiveTableNames=false, http://www.dbunit.org/properties/fetchSize=100, http://www.dbunit.org/features/batchedStatements=false, http://www.dbunit.org/properties/metadataHandler=org.dbunit.database.DefaultMetadataHandler@8238f4, http://www.dbunit.org/properties/datatypeFactory=org.dbunit.dataset.datatype.DefaultDataTypeFactory[_toleratedDeltaMap=org.dbunit.dataset.datatype.ToleratedDeltaMap@16925b0], http://www.dbunit.org/properties/escapePattern=null, http://www.dbunit.org/properties/batchSize=100, http://www.dbunit.org/features/qualifiedTableNames=false, http://www.dbunit.org/properties/tableType=[Ljava.lang.String;@297ffb, http://www.dbunit.org/properties/resultSetTableFactory=org.dbunit.database.CachedResultSetTableFactory@914f6a, http://www.dbunit.org/features/datatypeWarning=true}], _dataSet=AbstractDataSet[_orderedTableNameMap=null]]) - start
23:05:05.331 [main] DEBUG o.d.d.s.AbstractStatementFactory - supportBatchStatement(connection=org.dbunit.database.DatabaseConnection[schema=, connection=com.mysql.jdbc.JDBC4Connection@53fb57, super=_databaseConfig=org.dbunit.database.DatabaseConfig[, _propertyMap={http://www.dbunit.org/properties/statementFactory=org.dbunit.database.statement.PreparedStatementFactory@19a32e0, http://www.dbunit.org/features/caseSensitiveTableNames=false, http://www.dbunit.org/properties/fetchSize=100, http://www.dbunit.org/features/batchedStatements=false, http://www.dbunit.org/properties/metadataHandler=org.dbunit.database.DefaultMetadataHandler@8238f4, http://www.dbunit.org/properties/datatypeFactory=org.dbunit.dataset.datatype.DefaultDataTypeFactory[_toleratedDeltaMap=org.dbunit.dataset.datatype.ToleratedDeltaMap@16925b0], http://www.dbunit.org/properties/escapePattern=null, http://www.dbunit.org/properties/batchSize=100, http://www.dbunit.org/features/qualifiedTableNames=false, http://www.dbunit.org/properties/tableType=[Ljava.lang.String;@297ffb, http://www.dbunit.org/properties/resultSetTableFactory=org.dbunit.database.CachedResultSetTableFactory@914f6a, http://www.dbunit.org/features/datatypeWarning=true}], _dataSet=AbstractDataSet[_orderedTableNameMap=null]]) - start
23:05:05.336 [main] DEBUG org.dbunit.dataset.DefaultTable - getValue(row=0, column=order_number) - start
23:05:05.336 [main] DEBUG org.dbunit.dataset.AbstractTable - assertValidRowIndex(row=0) - start
23:05:05.336 [main] DEBUG org.dbunit.dataset.AbstractTable - assertValidRowIndex(row=0, rowCount=6) - start
23:05:05.336 [main] DEBUG org.dbunit.dataset.AbstractTable - getColumnIndex(columnName=order_number) - start
23:05:05.336 [main] DEBUG o.d.dataset.AbstractTableMetaData - getColumnIndex(columnName=order_number) - start
23:05:05.340 [main] DEBUG o.d.d.s.AutomaticPreparedBatchStatement - addValue(value=1, dataType=INTEGER) - start
23:05:05.340 [main] DEBUG o.d.d.s.SimplePreparedStatement - addValue(value=1, dataType=INTEGER) - start
23:05:05.340 [main] DEBUG o.d.dataset.datatype.IntegerDataType - setSqlValue(value=1, column=1, statement=com.mysql.jdbc.JDBC4PreparedStatement@178460d: insert into orders (order_number, customer_id, date, amount, order_status, discount_status) values (** NOT SPECIFIED **, ** NOT SPECIFIED **, ** NOT SPECIFIED **, ** NOT SPECIFIED **, ** NOT SPECIFIED **, ** NOT SPECIFIED **)) - start
23:05:05.345 [main] DEBUG o.d.dataset.datatype.IntegerDataType - typeCast(value=1) - start
23:05:05.345 [main] DEBUG o.d.dataset.datatype.IntegerDataType - typeCast(value=1) - start
23:05:05.345 [main] DEBUG org.dbunit.dataset.DefaultTable - getValue(row=0, column=customer_id) - start
23:05:05.345 [main] DEBUG org.dbunit.dataset.AbstractTable - assertValidRowIndex(row=0) - start
23:05:05.345 [main] DEBUG org.dbunit.dataset.AbstractTable - assertValidRowIndex(row=0, rowCount=6) - start
23:05:05.345 [main] DEBUG org.dbunit.dataset.AbstractTable - getColumnIndex(columnName=customer_id) - start
23:05:05.345 [main] DEBUG o.d.dataset.AbstractTableMetaData - getColumnIndex(columnName=customer_id) - start
23:05:05.345 [main] DEBUG o.d.d.s.AutomaticPreparedBatchStatement - addValue(value=1, dataType=INTEGER) - start
23:05:05.346 [main] DEBUG o.d.d.s.SimplePreparedStatement - addValue(value=1, dataType=INTEGER) - start
23:05:05.346 [main] DEBUG o.d.dataset.datatype.IntegerDataType - setSqlValue(value=1, column=2, statement=com.mysql.jdbc.JDBC4PreparedStatement@178460d: insert into orders (order_number, customer_id, date, amount, order_status, discount_status) values (1, ** NOT SPECIFIED **, ** NOT SPECIFIED **, ** NOT SPECIFIED **, ** NOT SPECIFIED **, ** NOT SPECIFIED **)) - start
23:05:05.348 [main] DEBUG o.d.dataset.datatype.IntegerDataType - typeCast(value=1) - start
23:05:05.348 [main] DEBUG o.d.dataset.datatype.IntegerDataType - typeCast(value=1) - start
23:05:05.348 [main] DEBUG org.dbunit.dataset.DefaultTable - getValue(row=0, column=date) - start
23:05:05.348 [main] DEBUG org.dbunit.dataset.AbstractTable - assertValidRowIndex(row=0) - start
23:05:05.348 [main] DEBUG org.dbunit.dataset.AbstractTable - assertValidRowIndex(row=0, rowCount=6) - start
23:05:05.348 [main] DEBUG org.dbunit.dataset.AbstractTable - getColumnIndex(columnName=date) - start
23:05:05.349 [main] DEBUG o.d.dataset.AbstractTableMetaData - getColumnIndex(columnName=date) - start
23:05:05.349 [main] DEBUG o.d.d.s.AutomaticPreparedBatchStatement - addValue(value=2011-06-13, dataType=DATE) - start
23:05:05.349 [main] DEBUG o.d.d.s.SimplePreparedStatement - addValue(value=2011-06-13, dataType=DATE) - start
23:05:05.349 [main] DEBUG o.d.dataset.datatype.DateDataType - setSqlValue(value=2011-06-13, column=3, statement=com.mysql.jdbc.JDBC4PreparedStatement@178460d: insert into orders (order_number, customer_id, date, amount, order_status, discount_status) values (1, 1, ** NOT SPECIFIED **, ** NOT SPECIFIED **, ** NOT SPECIFIED **, ** NOT SPECIFIED **)) - start
23:05:05.351 [main] DEBUG o.d.dataset.datatype.DateDataType - typeCast(value=2011-06-13) - start
23:05:05.352 [main] DEBUG org.dbunit.dataset.DefaultTable - getValue(row=0, column=amount) - start
23:05:05.352 [main] DEBUG org.dbunit.dataset.AbstractTable - assertValidRowIndex(row=0) - start
23:05:05.352 [main] DEBUG org.dbunit.dataset.AbstractTable - assertValidRowIndex(row=0, rowCount=6) - start
23:05:05.352 [main] DEBUG org.dbunit.dataset.AbstractTable - getColumnIndex(columnName=amount) - start
23:05:05.352 [main] DEBUG o.d.dataset.AbstractTableMetaData - getColumnIndex(columnName=amount) - start
23:05:05.352 [main] DEBUG o.d.d.s.AutomaticPreparedBatchStatement - addValue(value=200.00, dataType=DECIMAL) - start
23:05:05.352 [main] DEBUG o.d.d.s.SimplePreparedStatement - addValue(value=200.00, dataType=DECIMAL) - start
23:05:05.353 [main] DEBUG o.d.dataset.datatype.NumberDataType - setSqlValue(value=200.00, column=4, statement=com.mysql.jdbc.JDBC4PreparedStatement@178460d: insert into orders (order_number, customer_id, date, amount, order_status, discount_status) values (1, 1, '2011-06-13', ** NOT SPECIFIED **, ** NOT SPECIFIED **, ** NOT SPECIFIED **)) - start
23:05:05.355 [main] DEBUG o.d.dataset.datatype.NumberDataType - typeCast(value=200.00) - start
23:05:05.355 [main] DEBUG org.dbunit.dataset.DefaultTable - getValue(row=0, column=order_status) - start
23:05:05.355 [main] DEBUG org.dbunit.dataset.AbstractTable - assertValidRowIndex(row=0) - start
23:05:05.355 [main] DEBUG org.dbunit.dataset.AbstractTable - assertValidRowIndex(row=0, rowCount=6) - start
23:05:05.355 [main] DEBUG org.dbunit.dataset.AbstractTable - getColumnIndex(columnName=order_status) - start
23:05:05.356 [main] DEBUG o.d.dataset.AbstractTableMetaData - getColumnIndex(columnName=order_status) - start
23:05:05.356 [main] DEBUG o.d.d.s.AutomaticPreparedBatchStatement - addValue(value=UNPAID, dataType=VARCHAR) - start
23:05:05.356 [main] DEBUG o.d.d.s.SimplePreparedStatement - addValue(value=UNPAID, dataType=VARCHAR) - start
23:05:05.356 [main] DEBUG o.d.dataset.datatype.StringDataType - setSqlValue(value=UNPAID, column=5, statement=com.mysql.jdbc.JDBC4PreparedStatement@178460d: insert into orders (order_number, customer_id, date, amount, order_status, discount_status) values (1, 1, '2011-06-13', 200.00, ** NOT SPECIFIED **, ** NOT SPECIFIED **)) - start
23:05:05.358 [main] DEBUG org.dbunit.dataset.datatype.DataType - asString(value=UNPAID) - start
23:05:05.358 [main] DEBUG o.d.dataset.datatype.StringDataType - typeCast(value=UNPAID) - start
23:05:05.358 [main] DEBUG org.dbunit.dataset.DefaultTable - getValue(row=0, column=discount_status) - start
23:05:05.358 [main] DEBUG org.dbunit.dataset.AbstractTable - assertValidRowIndex(row=0) - start
23:05:05.358 [main] DEBUG org.dbunit.dataset.AbstractTable - assertValidRowIndex(row=0, rowCount=6) - start
23:05:05.358 [main] DEBUG org.dbunit.dataset.AbstractTable - getColumnIndex(columnName=discount_status) - start
23:05:05.359 [main] DEBUG o.d.dataset.AbstractTableMetaData - getColumnIndex(columnName=discount_status) - start
23:05:05.359 [main] DEBUG o.d.d.s.AutomaticPreparedBatchStatement - addValue(value=NO_DISCOUNT, dataType=VARCHAR) - start
23:05:05.359 [main] DEBUG o.d.d.s.SimplePreparedStatement - addValue(value=NO_DISCOUNT, dataType=VARCHAR) - start
23:05:05.359 [main] DEBUG o.d.dataset.datatype.StringDataType - setSqlValue(value=NO_DISCOUNT, column=6, statement=com.mysql.jdbc.JDBC4PreparedStatement@178460d: insert into orders (order_number, customer_id, date, amount, order_status, discount_status) values (1, 1, '2011-06-13', 200.00, 'UNPAID', ** NOT SPECIFIED **)) - start
23:05:05.361 [main] DEBUG org.dbunit.dataset.datatype.DataType - asString(value=NO_DISCOUNT) - start
23:05:05.361 [main] DEBUG o.d.dataset.datatype.StringDataType - typeCast(value=NO_DISCOUNT) - start
23:05:05.361 [main] DEBUG o.d.d.s.AutomaticPreparedBatchStatement - addBatch() - start
23:05:05.361 [main] DEBUG o.d.d.s.SimplePreparedStatement - addBatch() - start
23:05:05.387 [main] DEBUG org.dbunit.operation.InsertOperation - equalsIgnoreMapping(ignoreMapping={}, table=org.dbunit.dataset.DefaultTable[_metaData=tableName=orders, columns=[(order_number, UNKNOWN, nullableUnknown), (customer_id, UNKNOWN, nullableUnknown), (date, UNKNOWN, nullableUnknown), (amount, UNKNOWN, nullableUnknown), (order_status, UNKNOWN, nullableUnknown), (discount_status, UNKNOWN, nullableUnknown)], keys=[], _rowList.size()=6], row=1) - start
23:05:05.387 [main] DEBUG org.dbunit.dataset.DefaultTable - getValue(row=1, column=order_number) - start
23:05:05.464 [main] DEBUG org.dbunit.dataset.AbstractTable - assertValidRowIndex(row=1) - start
23:05:05.464 [main] DEBUG org.dbunit.dataset.AbstractTable - assertValidRowIndex(row=1, rowCount=6) - start
23:05:05.464 [main] DEBUG org.dbunit.dataset.AbstractTable - getColumnIndex(columnName=order_number) - start
23:05:05.464 [main] DEBUG o.d.dataset.AbstractTableMetaData - getColumnIndex(columnName=order_number) - start
23:05:05.464 [main] DEBUG org.dbunit.dataset.DefaultTable - getValue(row=1, column=customer_id) - start
23:05:05.466 [main] DEBUG org.dbunit.dataset.AbstractTable - assertValidRowIndex(row=1) - start
23:05:05.466 [main] DEBUG org.dbunit.dataset.AbstractTable - assertValidRowIndex(row=1, rowCount=6) - start
23:05:05.466 [main] DEBUG org.dbunit.dataset.AbstractTable - getColumnIndex(columnName=customer_id) - start
23:05:05.466 [main] DEBUG o.d.dataset.AbstractTableMetaData - getColumnIndex(columnName=customer_id) - start
23:05:05.466 [main] DEBUG org.dbunit.dataset.DefaultTable - getValue(row=1, column=date) - start
23:05:05.467 [main] DEBUG org.dbunit.dataset.AbstractTable - assertValidRowIndex(row=1) - start
23:05:05.467 [main] DEBUG org.dbunit.dataset.AbstractTable - assertValidRowIndex(row=1, rowCount=6) - start
23:05:05.467 [main] DEBUG org.dbunit.dataset.AbstractTable - getColumnIndex(columnName=date) - start
23:05:05.467 [main] DEBUG o.d.dataset.AbstractTableMetaData - getColumnIndex(columnName=date) - start
23:05:05.467 [main] DEBUG org.dbunit.dataset.DefaultTable - getValue(row=1, column=amount) - start
23:05:05.467 [main] DEBUG org.dbunit.dataset.AbstractTable - assertValidRowIndex(row=1) - start
23:05:05.468 [main] DEBUG org.dbunit.dataset.AbstractTable - assertValidRowIndex(row=1, rowCount=6) - start
23:05:05.468 [main] DEBUG org.dbunit.dataset.AbstractTable - getColumnIndex(columnName=amount) - start
23:05:05.468 [main] DEBUG o.d.dataset.AbstractTableMetaData - getColumnIndex(columnName=amount) - start
23:05:05.468 [main] DEBUG org.dbunit.dataset.DefaultTable - getValue(row=1, column=order_status) - start
23:05:05.468 [main] DEBUG org.dbunit.dataset.AbstractTable - assertValidRowIndex(row=1) - start
23:05:05.470 [main] DEBUG org.dbunit.dataset.AbstractTable - assertValidRowIndex(row=1, rowCount=6) - start
23:05:05.470 [main] DEBUG org.dbunit.dataset.AbstractTable - getColumnIndex(columnName=order_status) - start
23:05:05.470 [main] DEBUG o.d.dataset.AbstractTableMetaData - getColumnIndex(columnName=order_status) - start
23:05:05.470 [main] DEBUG org.dbunit.dataset.DefaultTable - getValue(row=1, column=discount_status) - start
23:05:05.470 [main] DEBUG org.dbunit.dataset.AbstractTable - assertValidRowIndex(row=1) - start
23:05:05.472 [main] DEBUG org.dbunit.dataset.AbstractTable - assertValidRowIndex(row=1, rowCount=6) - start
23:05:05.472 [main] DEBUG org.dbunit.dataset.AbstractTable - getColumnIndex(columnName=discount_status) - start
23:05:05.472 [main] DEBUG o.d.dataset.AbstractTableMetaData - getColumnIndex(columnName=discount_status) - start
23:05:05.472 [main] DEBUG org.dbunit.dataset.DefaultTable - getValue(row=1, column=order_number) - start
23:05:05.472 [main] DEBUG org.dbunit.dataset.AbstractTable - assertValidRowIndex(row=1) - start
23:05:05.474 [main] DEBUG org.dbunit.dataset.AbstractTable - assertValidRowIndex(row=1, rowCount=6) - start
23:05:05.475 [main] DEBUG org.dbunit.dataset.AbstractTable - getColumnIndex(columnName=order_number) - start
23:05:05.476 [main] DEBUG o.d.dataset.AbstractTableMetaData - getColumnIndex(columnName=order_number) - start
23:05:05.476 [main] DEBUG o.d.d.s.AutomaticPreparedBatchStatement - addValue(value=2, dataType=INTEGER) - start
23:05:05.476 [main] DEBUG o.d.d.s.SimplePreparedStatement - addValue(value=2, dataType=INTEGER) - start
23:05:05.476 [main] DEBUG o.d.dataset.datatype.IntegerDataType - setSqlValue(value=2, column=1, statement=com.mysql.jdbc.JDBC4PreparedStatement@178460d: insert into orders (order_number, customer_id, date, amount, order_status, discount_status) values (1, 1, '2011-06-13', 200.00, 'UNPAID', 'NO_DISCOUNT')) - start
23:05:05.576 [main] DEBUG o.d.dataset.datatype.IntegerDataType - typeCast(value=2) - start
23:05:05.576 [main] DEBUG o.d.dataset.datatype.IntegerDataType - typeCast(value=2) - start
23:05:05.576 [main] DEBUG org.dbunit.dataset.DefaultTable - getValue(row=1, column=customer_id) - start
23:05:05.576 [main] DEBUG org.dbunit.dataset.AbstractTable - assertValidRowIndex(row=1) - start
23:05:05.578 [main] DEBUG org.dbunit.dataset.AbstractTable - assertValidRowIndex(row=1, rowCount=6) - start
23:05:05.578 [main] DEBUG org.dbunit.dataset.AbstractTable - getColumnIndex(columnName=customer_id) - start
23:05:05.578 [main] DEBUG o.d.dataset.AbstractTableMetaData - getColumnIndex(columnName=customer_id) - start
23:05:05.578 [main] DEBUG o.d.d.s.AutomaticPreparedBatchStatement - addValue(value=2, dataType=INTEGER) - start
23:05:05.578 [main] DEBUG o.d.d.s.SimplePreparedStatement - addValue(value=2, dataType=INTEGER) - start
23:05:05.578 [main] DEBUG o.d.dataset.datatype.IntegerDataType - setSqlValue(value=2, column=2, statement=com.mysql.jdbc.JDBC4PreparedStatement@178460d: insert into orders (order_number, customer_id, date, amount, order_status, discount_status) values (2, 1, '2011-06-13', 200.00, 'UNPAID', 'NO_DISCOUNT')) - start
23:05:05.579 [main] DEBUG o.d.dataset.datatype.IntegerDataType - typeCast(value=2) - start
23:05:05.580 [main] DEBUG o.d.dataset.datatype.IntegerDataType - typeCast(value=2) - start
23:05:05.580 [main] DEBUG org.dbunit.dataset.DefaultTable - getValue(row=1, column=date) - start
23:05:05.580 [main] DEBUG org.dbunit.dataset.AbstractTable - assertValidRowIndex(row=1) - start
23:05:05.580 [main] DEBUG org.dbunit.dataset.AbstractTable - assertValidRowIndex(row=1, rowCount=6) - start
23:05:05.580 [main] DEBUG org.dbunit.dataset.AbstractTable - getColumnIndex(columnName=date) - start
23:05:05.580 [main] DEBUG o.d.dataset.AbstractTableMetaData - getColumnIndex(columnName=date) - start
23:05:05.581 [main] DEBUG o.d.d.s.AutomaticPreparedBatchStatement - addValue(value=2011-06-13, dataType=DATE) - start
23:05:05.581 [main] DEBUG o.d.d.s.SimplePreparedStatement - addValue(value=2011-06-13, dataType=DATE) - start
23:05:05.581 [main] DEBUG o.d.dataset.datatype.DateDataType - setSqlValue(value=2011-06-13, column=3, statement=com.mysql.jdbc.JDBC4PreparedStatement@178460d: insert into orders (order_number, customer_id, date, amount, order_status, discount_status) values (2, 2, '2011-06-13', 200.00, 'UNPAID', 'NO_DISCOUNT')) - start
23:05:05.583 [main] DEBUG o.d.dataset.datatype.DateDataType - typeCast(value=2011-06-13) - start
23:05:05.583 [main] DEBUG org.dbunit.dataset.DefaultTable - getValue(row=1, column=amount) - start
23:05:05.583 [main] DEBUG org.dbunit.dataset.AbstractTable - assertValidRowIndex(row=1) - start
23:05:05.583 [main] DEBUG org.dbunit.dataset.AbstractTable - assertValidRowIndex(row=1, rowCount=6) - start
23:05:05.583 [main] DEBUG org.dbunit.dataset.AbstractTable - getColumnIndex(columnName=amount) - start
23:05:05.583 [main] DEBUG o.d.dataset.AbstractTableMetaData - getColumnIndex(columnName=amount) - start
23:05:05.584 [main] DEBUG o.d.d.s.AutomaticPreparedBatchStatement - addValue(value=10000.00, dataType=DECIMAL) - start
23:05:05.584 [main] DEBUG o.d.d.s.SimplePreparedStatement - addValue(value=10000.00, dataType=DECIMAL) - start
23:05:05.584 [main] DEBUG o.d.dataset.datatype.NumberDataType - setSqlValue(value=10000.00, column=4, statement=com.mysql.jdbc.JDBC4PreparedStatement@178460d: insert into orders (order_number, customer_id, date, amount, order_status, discount_status) values (2, 2, '2011-06-13', 200.00, 'UNPAID', 'NO_DISCOUNT')) - start
23:05:05.586 [main] DEBUG o.d.dataset.datatype.NumberDataType - typeCast(value=10000.00) - start
23:05:05.586 [main] DEBUG org.dbunit.dataset.DefaultTable - getValue(row=1, column=order_status) - start
23:05:05.586 [main] DEBUG org.dbunit.dataset.AbstractTable - assertValidRowIndex(row=1) - start
23:05:05.586 [main] DEBUG org.dbunit.dataset.AbstractTable - assertValidRowIndex(row=1, rowCount=6) - start
23:05:05.586 [main] DEBUG org.dbunit.dataset.AbstractTable - getColumnIndex(columnName=order_status) - start
23:05:05.587 [main] DEBUG o.d.dataset.AbstractTableMetaData - getColumnIndex(columnName=order_status) - start
23:05:05.587 [main] DEBUG o.d.d.s.AutomaticPreparedBatchStatement - addValue(value=UNPAID, dataType=VARCHAR) - start
23:05:05.587 [main] DEBUG o.d.d.s.SimplePreparedStatement - addValue(value=UNPAID, dataType=VARCHAR) - start
23:05:05.587 [main] DEBUG o.d.dataset.datatype.StringDataType - setSqlValue(value=UNPAID, column=5, statement=com.mysql.jdbc.JDBC4PreparedStatement@178460d: insert into orders (order_number, customer_id, date, amount, order_status, discount_status) values (2, 2, '2011-06-13', 10000.00, 'UNPAID', 'NO_DISCOUNT')) - start
23:05:05.589 [main] DEBUG org.dbunit.dataset.datatype.DataType - asString(value=UNPAID) - start
23:05:05.589 [main] DEBUG o.d.dataset.datatype.StringDataType - typeCast(value=UNPAID) - start
23:05:05.589 [main] DEBUG org.dbunit.dataset.DefaultTable - getValue(row=1, column=discount_status) - start
23:05:05.589 [main] DEBUG org.dbunit.dataset.AbstractTable - assertValidRowIndex(row=1) - start
23:05:05.589 [main] DEBUG org.dbunit.dataset.AbstractTable - assertValidRowIndex(row=1, rowCount=6) - start
23:05:05.589 [main] DEBUG org.dbunit.dataset.AbstractTable - getColumnIndex(columnName=discount_status) - start
23:05:05.590 [main] DEBUG o.d.dataset.AbstractTableMetaData - getColumnIndex(columnName=discount_status) - start
23:05:05.590 [main] DEBUG o.d.d.s.AutomaticPreparedBatchStatement - addValue(value=NO_DISCOUNT, dataType=VARCHAR) - start
23:05:05.590 [main] DEBUG o.d.d.s.SimplePreparedStatement - addValue(value=NO_DISCOUNT, dataType=VARCHAR) - start
23:05:05.590 [main] DEBUG o.d.dataset.datatype.StringDataType - setSqlValue(value=NO_DISCOUNT, column=6, statement=com.mysql.jdbc.JDBC4PreparedStatement@178460d: insert into orders (order_number, customer_id, date, amount, order_status, discount_status) values (2, 2, '2011-06-13', 10000.00, 'UNPAID', 'NO_DISCOUNT')) - start
23:05:05.593 [main] DEBUG org.dbunit.dataset.datatype.DataType - asString(value=NO_DISCOUNT) - start
23:05:05.593 [main] DEBUG o.d.dataset.datatype.StringDataType - typeCast(value=NO_DISCOUNT) - start
23:05:05.593 [main] DEBUG o.d.d.s.AutomaticPreparedBatchStatement - addBatch() - start
23:05:05.593 [main] DEBUG o.d.d.s.SimplePreparedStatement - addBatch() - start
23:05:05.618 [main] DEBUG org.dbunit.operation.InsertOperation - equalsIgnoreMapping(ignoreMapping={}, table=org.dbunit.dataset.DefaultTable[_metaData=tableName=orders, columns=[(order_number, UNKNOWN, nullableUnknown), (customer_id, UNKNOWN, nullableUnknown), (date, UNKNOWN, nullableUnknown), (amount, UNKNOWN, nullableUnknown), (order_status, UNKNOWN, nullableUnknown), (discount_status, UNKNOWN, nullableUnknown)], keys=[], _rowList.size()=6], row=2) - start
23:05:05.618 [main] DEBUG org.dbunit.dataset.DefaultTable - getValue(row=2, column=order_number) - start
23:05:05.697 [main] DEBUG org.dbunit.dataset.AbstractTable - assertValidRowIndex(row=2) - start
23:05:05.697 [main] DEBUG org.dbunit.dataset.AbstractTable - assertValidRowIndex(row=2, rowCount=6) - start
23:05:05.697 [main] DEBUG org.dbunit.dataset.AbstractTable - getColumnIndex(columnName=order_number) - start
23:05:05.697 [main] DEBUG o.d.dataset.AbstractTableMetaData - getColumnIndex(columnName=order_number) - start
23:05:05.697 [main] DEBUG org.dbunit.dataset.DefaultTable - getValue(row=2, column=customer_id) - start
23:05:05.698 [main] DEBUG org.dbunit.dataset.AbstractTable - assertValidRowIndex(row=2) - start
23:05:05.698 [main] DEBUG org.dbunit.dataset.AbstractTable - assertValidRowIndex(row=2, rowCount=6) - start
23:05:05.698 [main] DEBUG org.dbunit.dataset.AbstractTable - getColumnIndex(columnName=customer_id) - start
23:05:05.698 [main] DEBUG o.d.dataset.AbstractTableMetaData - getColumnIndex(columnName=customer_id) - start
23:05:05.698 [main] DEBUG org.dbunit.dataset.DefaultTable - getValue(row=2, column=date) - start
23:05:05.699 [main] DEBUG org.dbunit.dataset.AbstractTable - assertValidRowIndex(row=2) - start
23:05:05.700 [main] DEBUG org.dbunit.dataset.AbstractTable - assertValidRowIndex(row=2, rowCount=6) - start
23:05:05.700 [main] DEBUG org.dbunit.dataset.AbstractTable - getColumnIndex(columnName=date) - start
23:05:05.700 [main] DEBUG o.d.dataset.AbstractTableMetaData - getColumnIndex(columnName=date) - start
23:05:05.700 [main] DEBUG org.dbunit.dataset.DefaultTable - getValue(row=2, column=amount) - start
23:05:05.700 [main] DEBUG org.dbunit.dataset.AbstractTable - assertValidRowIndex(row=2) - start
23:05:05.701 [main] DEBUG org.dbunit.dataset.AbstractTable - assertValidRowIndex(row=2, rowCount=6) - start
23:05:05.701 [main] DEBUG org.dbunit.dataset.AbstractTable - getColumnIndex(columnName=amount) - start
23:05:05.701 [main] DEBUG o.d.dataset.AbstractTableMetaData - getColumnIndex(columnName=amount) - start
23:05:05.701 [main] DEBUG org.dbunit.dataset.DefaultTable - getValue(row=2, column=order_status) - start
23:05:05.702 [main] DEBUG org.dbunit.dataset.AbstractTable - assertValidRowIndex(row=2) - start
23:05:05.703 [main] DEBUG org.dbunit.dataset.AbstractTable - assertValidRowIndex(row=2, rowCount=6) - start
23:05:05.703 [main] DEBUG org.dbunit.dataset.AbstractTable - getColumnIndex(columnName=order_status) - start
23:05:05.703 [main] DEBUG o.d.dataset.AbstractTableMetaData - getColumnIndex(columnName=order_status) - start
23:05:05.703 [main] DEBUG org.dbunit.dataset.DefaultTable - getValue(row=2, column=discount_status) - start
23:05:05.703 [main] DEBUG org.dbunit.dataset.AbstractTable - assertValidRowIndex(row=2) - start
23:05:05.705 [main] DEBUG org.dbunit.dataset.AbstractTable - assertValidRowIndex(row=2, rowCount=6) - start
23:05:05.705 [main] DEBUG org.dbunit.dataset.AbstractTable - getColumnIndex(columnName=discount_status) - start
23:05:05.705 [main] DEBUG o.d.dataset.AbstractTableMetaData - getColumnIndex(columnName=discount_status) - start
23:05:05.705 [main] DEBUG org.dbunit.dataset.DefaultTable - getValue(row=2, column=order_number) - start
23:05:05.705 [main] DEBUG org.dbunit.dataset.AbstractTable - assertValidRowIndex(row=2) - start
23:05:05.706 [main] DEBUG org.dbunit.dataset.AbstractTable - assertValidRowIndex(row=2, rowCount=6) - start
23:05:05.706 [main] DEBUG org.dbunit.dataset.AbstractTable - getColumnIndex(columnName=order_number) - start
23:05:05.706 [main] DEBUG o.d.dataset.AbstractTableMetaData - getColumnIndex(columnName=order_number) - start
23:05:05.706 [main] DEBUG o.d.d.s.AutomaticPreparedBatchStatement - addValue(value=3, dataType=INTEGER) - start
23:05:05.706 [main] DEBUG o.d.d.s.SimplePreparedStatement - addValue(value=3, dataType=INTEGER) - start
23:05:05.707 [main] DEBUG o.d.dataset.datatype.IntegerDataType - setSqlValue(value=3, column=1, statement=com.mysql.jdbc.JDBC4PreparedStatement@178460d: insert into orders (order_number, customer_id, date, amount, order_status, discount_status) values (2, 2, '2011-06-13', 10000.00, 'UNPAID', 'NO_DISCOUNT')) - start
23:05:05.708 [main] DEBUG o.d.dataset.datatype.IntegerDataType - typeCast(value=3) - start
23:05:05.708 [main] DEBUG o.d.dataset.datatype.IntegerDataType - typeCast(value=3) - start
23:05:05.708 [main] DEBUG org.dbunit.dataset.DefaultTable - getValue(row=2, column=customer_id) - start
23:05:05.709 [main] DEBUG org.dbunit.dataset.AbstractTable - assertValidRowIndex(row=2) - start
23:05:05.709 [main] DEBUG org.dbunit.dataset.AbstractTable - assertValidRowIndex(row=2, rowCount=6) - start
23:05:05.709 [main] DEBUG org.dbunit.dataset.AbstractTable - getColumnIndex(columnName=customer_id) - start
23:05:05.709 [main] DEBUG o.d.dataset.AbstractTableMetaData - getColumnIndex(columnName=customer_id) - start
23:05:05.709 [main] DEBUG o.d.d.s.AutomaticPreparedBatchStatement - addValue(value=3, dataType=INTEGER) - start
23:05:05.711 [main] DEBUG o.d.d.s.SimplePreparedStatement - addValue(value=3, dataType=INTEGER) - start
23:05:05.711 [main] DEBUG o.d.dataset.datatype.IntegerDataType - setSqlValue(value=3, column=2, statement=com.mysql.jdbc.JDBC4PreparedStatement@178460d: insert into orders (order_number, customer_id, date, amount, order_status, discount_status) values (3, 2, '2011-06-13', 10000.00, 'UNPAID', 'NO_DISCOUNT')) - start
23:05:05.711 [main] DEBUG o.d.dataset.datatype.IntegerDataType - typeCast(value=3) - start
23:05:05.713 [main] DEBUG o.d.dataset.datatype.IntegerDataType - typeCast(value=3) - start
23:05:05.713 [main] DEBUG org.dbunit.dataset.DefaultTable - getValue(row=2, column=date) - start
23:05:05.713 [main] DEBUG org.dbunit.dataset.AbstractTable - assertValidRowIndex(row=2) - start
23:05:05.713 [main] DEBUG org.dbunit.dataset.AbstractTable - assertValidRowIndex(row=2, rowCount=6) - start
23:05:05.713 [main] DEBUG org.dbunit.dataset.AbstractTable - getColumnIndex(columnName=date) - start
23:05:05.713 [main] DEBUG o.d.dataset.AbstractTableMetaData - getColumnIndex(columnName=date) - start
23:05:05.714 [main] DEBUG o.d.d.s.AutomaticPreparedBatchStatement - addValue(value=2011-06-13, dataType=DATE) - start
23:05:05.714 [main] DEBUG o.d.d.s.SimplePreparedStatement - addValue(value=2011-06-13, dataType=DATE) - start
23:05:05.714 [main] DEBUG o.d.dataset.datatype.DateDataType - setSqlValue(value=2011-06-13, column=3, statement=com.mysql.jdbc.JDBC4PreparedStatement@178460d: insert into orders (order_number, customer_id, date, amount, order_status, discount_status) values (3, 3, '2011-06-13', 10000.00, 'UNPAID', 'NO_DISCOUNT')) - start
23:05:05.715 [main] DEBUG o.d.dataset.datatype.DateDataType - typeCast(value=2011-06-13) - start
23:05:05.716 [main] DEBUG org.dbunit.dataset.DefaultTable - getValue(row=2, column=amount) - start
23:05:05.716 [main] DEBUG org.dbunit.dataset.AbstractTable - assertValidRowIndex(row=2) - start
23:05:05.716 [main] DEBUG org.dbunit.dataset.AbstractTable - assertValidRowIndex(row=2, rowCount=6) - start
23:05:05.716 [main] DEBUG org.dbunit.dataset.AbstractTable - getColumnIndex(columnName=amount) - start
23:05:05.716 [main] DEBUG o.d.dataset.AbstractTableMetaData - getColumnIndex(columnName=amount) - start
23:05:05.717 [main] DEBUG o.d.d.s.AutomaticPreparedBatchStatement - addValue(value=15000.00, dataType=DECIMAL) - start
23:05:05.717 [main] DEBUG o.d.d.s.SimplePreparedStatement - addValue(value=15000.00, dataType=DECIMAL) - start
23:05:05.717 [main] DEBUG o.d.dataset.datatype.NumberDataType - setSqlValue(value=15000.00, column=4, statement=com.mysql.jdbc.JDBC4PreparedStatement@178460d: insert into orders (order_number, customer_id, date, amount, order_status, discount_status) values (3, 3, '2011-06-13', 10000.00, 'UNPAID', 'NO_DISCOUNT')) - start
23:05:05.718 [main] DEBUG o.d.dataset.datatype.NumberDataType - typeCast(value=15000.00) - start
23:05:05.718 [main] DEBUG org.dbunit.dataset.DefaultTable - getValue(row=2, column=order_status) - start
23:05:05.718 [main] DEBUG org.dbunit.dataset.AbstractTable - assertValidRowIndex(row=2) - start
23:05:05.719 [main] DEBUG org.dbunit.dataset.AbstractTable - assertValidRowIndex(row=2, rowCount=6) - start
23:05:05.719 [main] DEBUG org.dbunit.dataset.AbstractTable - getColumnIndex(columnName=order_status) - start
23:05:05.720 [main] DEBUG o.d.dataset.AbstractTableMetaData - getColumnIndex(columnName=order_status) - start
23:05:05.720 [main] DEBUG o.d.d.s.AutomaticPreparedBatchStatement - addValue(value=UNPAID, dataType=VARCHAR) - start
23:05:05.720 [main] DEBUG o.d.d.s.SimplePreparedStatement - addValue(value=UNPAID, dataType=VARCHAR) - start
23:05:05.720 [main] DEBUG o.d.dataset.datatype.StringDataType - setSqlValue(value=UNPAID, column=5, statement=com.mysql.jdbc.JDBC4PreparedStatement@178460d: insert into orders (order_number, customer_id, date, amount, order_status, discount_status) values (3, 3, '2011-06-13', 15000.00, 'UNPAID', 'NO_DISCOUNT')) - start
23:05:05.722 [main] DEBUG org.dbunit.dataset.datatype.DataType - asString(value=UNPAID) - start
23:05:05.722 [main] DEBUG o.d.dataset.datatype.StringDataType - typeCast(value=UNPAID) - start
23:05:05.722 [main] DEBUG org.dbunit.dataset.DefaultTable - getValue(row=2, column=discount_status) - start
23:05:05.722 [main] DEBUG org.dbunit.dataset.AbstractTable - assertValidRowIndex(row=2) - start
23:05:05.722 [main] DEBUG org.dbunit.dataset.AbstractTable - assertValidRowIndex(row=2, rowCount=6) - start
23:05:05.722 [main] DEBUG org.dbunit.dataset.AbstractTable - getColumnIndex(columnName=discount_status) - start
23:05:05.723 [main] DEBUG o.d.dataset.AbstractTableMetaData - getColumnIndex(columnName=discount_status) - start
23:05:05.723 [main] DEBUG o.d.d.s.AutomaticPreparedBatchStatement - addValue(value=NO_DISCOUNT, dataType=VARCHAR) - start
23:05:05.723 [main] DEBUG o.d.d.s.SimplePreparedStatement - addValue(value=NO_DISCOUNT, dataType=VARCHAR) - start
23:05:05.723 [main] DEBUG o.d.dataset.datatype.StringDataType - setSqlValue(value=NO_DISCOUNT, column=6, statement=com.mysql.jdbc.JDBC4PreparedStatement@178460d: insert into orders (order_number, customer_id, date, amount, order_status, discount_status) values (3, 3, '2011-06-13', 15000.00, 'UNPAID', 'NO_DISCOUNT')) - start
23:05:05.725 [main] DEBUG org.dbunit.dataset.datatype.DataType - asString(value=NO_DISCOUNT) - start
23:05:05.725 [main] DEBUG o.d.dataset.datatype.StringDataType - typeCast(value=NO_DISCOUNT) - start
23:05:05.725 [main] DEBUG o.d.d.s.AutomaticPreparedBatchStatement - addBatch() - start
23:05:05.725 [main] DEBUG o.d.d.s.SimplePreparedStatement - addBatch() - start
23:05:05.750 [main] DEBUG org.dbunit.operation.InsertOperation - equalsIgnoreMapping(ignoreMapping={}, table=org.dbunit.dataset.DefaultTable[_metaData=tableName=orders, columns=[(order_number, UNKNOWN, nullableUnknown), (customer_id, UNKNOWN, nullableUnknown), (date, UNKNOWN, nullableUnknown), (amount, UNKNOWN, nullableUnknown), (order_status, UNKNOWN, nullableUnknown), (discount_status, UNKNOWN, nullableUnknown)], keys=[], _rowList.size()=6], row=3) - start
23:05:05.750 [main] DEBUG org.dbunit.dataset.DefaultTable - getValue(row=3, column=order_number) - start
23:05:05.829 [main] DEBUG org.dbunit.dataset.AbstractTable - assertValidRowIndex(row=3) - start
23:05:05.829 [main] DEBUG org.dbunit.dataset.AbstractTable - assertValidRowIndex(row=3, rowCount=6) - start
23:05:05.829 [main] DEBUG org.dbunit.dataset.AbstractTable - getColumnIndex(columnName=order_number) - start
23:05:05.829 [main] DEBUG o.d.dataset.AbstractTableMetaData - getColumnIndex(columnName=order_number) - start
23:05:05.829 [main] DEBUG org.dbunit.dataset.DefaultTable - getValue(row=3, column=customer_id) - start
23:05:05.830 [main] DEBUG org.dbunit.dataset.AbstractTable - assertValidRowIndex(row=3) - start
23:05:05.830 [main] DEBUG org.dbunit.dataset.AbstractTable - assertValidRowIndex(row=3, rowCount=6) - start
23:05:05.830 [main] DEBUG org.dbunit.dataset.AbstractTable - getColumnIndex(columnName=customer_id) - start
23:05:05.830 [main] DEBUG o.d.dataset.AbstractTableMetaData - getColumnIndex(columnName=customer_id) - start
23:05:05.830 [main] DEBUG org.dbunit.dataset.DefaultTable - getValue(row=3, column=date) - start
23:05:05.831 [main] DEBUG org.dbunit.dataset.AbstractTable - assertValidRowIndex(row=3) - start
23:05:05.831 [main] DEBUG org.dbunit.dataset.AbstractTable - assertValidRowIndex(row=3, rowCount=6) - start
23:05:05.831 [main] DEBUG org.dbunit.dataset.AbstractTable - getColumnIndex(columnName=date) - start
23:05:05.831 [main] DEBUG o.d.dataset.AbstractTableMetaData - getColumnIndex(columnName=date) - start
23:05:05.831 [main] DEBUG org.dbunit.dataset.DefaultTable - getValue(row=3, column=amount) - start
23:05:05.832 [main] DEBUG org.dbunit.dataset.AbstractTable - assertValidRowIndex(row=3) - start
23:05:05.833 [main] DEBUG org.dbunit.dataset.AbstractTable - assertValidRowIndex(row=3, rowCount=6) - start
23:05:05.833 [main] DEBUG org.dbunit.dataset.AbstractTable - getColumnIndex(columnName=amount) - start
23:05:05.833 [main] DEBUG o.d.dataset.AbstractTableMetaData - getColumnIndex(columnName=amount) - start
23:05:05.833 [main] DEBUG org.dbunit.dataset.DefaultTable - getValue(row=3, column=order_status) - start
23:05:05.833 [main] DEBUG org.dbunit.dataset.AbstractTable - assertValidRowIndex(row=3) - start
23:05:05.835 [main] DEBUG org.dbunit.dataset.AbstractTable - assertValidRowIndex(row=3, rowCount=6) - start
23:05:05.835 [main] DEBUG org.dbunit.dataset.AbstractTable - getColumnIndex(columnName=order_status) - start
23:05:05.835 [main] DEBUG o.d.dataset.AbstractTableMetaData - getColumnIndex(columnName=order_status) - start
23:05:05.835 [main] DEBUG org.dbunit.dataset.DefaultTable - getValue(row=3, column=discount_status) - start
23:05:05.835 [main] DEBUG org.dbunit.dataset.AbstractTable - assertValidRowIndex(row=3) - start
23:05:05.836 [main] DEBUG org.dbunit.dataset.AbstractTable - assertValidRowIndex(row=3, rowCount=6) - start
23:05:05.836 [main] DEBUG org.dbunit.dataset.AbstractTable - getColumnIndex(columnName=discount_status) - start
23:05:05.836 [main] DEBUG o.d.dataset.AbstractTableMetaData - getColumnIndex(columnName=discount_status) - start
23:05:05.836 [main] DEBUG org.dbunit.dataset.DefaultTable - getValue(row=3, column=order_number) - start
23:05:05.836 [main] DEBUG org.dbunit.dataset.AbstractTable - assertValidRowIndex(row=3) - start
23:05:05.838 [main] DEBUG org.dbunit.dataset.AbstractTable - assertValidRowIndex(row=3, rowCount=6) - start
23:05:05.838 [main] DEBUG org.dbunit.dataset.AbstractTable - getColumnIndex(columnName=order_number) - start
23:05:05.838 [main] DEBUG o.d.dataset.AbstractTableMetaData - getColumnIndex(columnName=order_number) - start
23:05:05.838 [main] DEBUG o.d.d.s.AutomaticPreparedBatchStatement - addValue(value=4, dataType=INTEGER) - start
23:05:05.838 [main] DEBUG o.d.d.s.SimplePreparedStatement - addValue(value=4, dataType=INTEGER) - start
23:05:05.839 [main] DEBUG o.d.dataset.datatype.IntegerDataType - setSqlValue(value=4, column=1, statement=com.mysql.jdbc.JDBC4PreparedStatement@178460d: insert into orders (order_number, customer_id, date, amount, order_status, discount_status) values (3, 3, '2011-06-13', 15000.00, 'UNPAID', 'NO_DISCOUNT')) - start
23:05:05.841 [main] DEBUG o.d.dataset.datatype.IntegerDataType - typeCast(value=4) - start
23:05:05.841 [main] DEBUG o.d.dataset.datatype.IntegerDataType - typeCast(value=4) - start
23:05:05.841 [main] DEBUG org.dbunit.dataset.DefaultTable - getValue(row=3, column=customer_id) - start
23:05:05.841 [main] DEBUG org.dbunit.dataset.AbstractTable - assertValidRowIndex(row=3) - start
23:05:05.841 [main] DEBUG org.dbunit.dataset.AbstractTable - assertValidRowIndex(row=3, rowCount=6) - start
23:05:05.841 [main] DEBUG org.dbunit.dataset.AbstractTable - getColumnIndex(columnName=customer_id) - start
23:05:05.841 [main] DEBUG o.d.dataset.AbstractTableMetaData - getColumnIndex(columnName=customer_id) - start
23:05:05.841 [main] DEBUG o.d.d.s.AutomaticPreparedBatchStatement - addValue(value=3, dataType=INTEGER) - start
23:05:05.842 [main] DEBUG o.d.d.s.SimplePreparedStatement - addValue(value=3, dataType=INTEGER) - start
23:05:05.842 [main] DEBUG o.d.dataset.datatype.IntegerDataType - setSqlValue(value=3, column=2, statement=com.mysql.jdbc.JDBC4PreparedStatement@178460d: insert into orders (order_number, customer_id, date, amount, order_status, discount_status) values (4, 3, '2011-06-13', 15000.00, 'UNPAID', 'NO_DISCOUNT')) - start
23:05:05.843 [main] DEBUG o.d.dataset.datatype.IntegerDataType - typeCast(value=3) - start
23:05:05.844 [main] DEBUG o.d.dataset.datatype.IntegerDataType - typeCast(value=3) - start
23:05:05.844 [main] DEBUG org.dbunit.dataset.DefaultTable - getValue(row=3, column=date) - start
23:05:05.844 [main] DEBUG org.dbunit.dataset.AbstractTable - assertValidRowIndex(row=3) - start
23:05:05.844 [main] DEBUG org.dbunit.dataset.AbstractTable - assertValidRowIndex(row=3, rowCount=6) - start
23:05:05.844 [main] DEBUG org.dbunit.dataset.AbstractTable - getColumnIndex(columnName=date) - start
23:05:05.844 [main] DEBUG o.d.dataset.AbstractTableMetaData - getColumnIndex(columnName=date) - start
23:05:05.846 [main] DEBUG o.d.d.s.AutomaticPreparedBatchStatement - addValue(value=2011-06-13, dataType=DATE) - start
23:05:05.846 [main] DEBUG o.d.d.s.SimplePreparedStatement - addValue(value=2011-06-13, dataType=DATE) - start
23:05:05.846 [main] DEBUG o.d.dataset.datatype.DateDataType - setSqlValue(value=2011-06-13, column=3, statement=com.mysql.jdbc.JDBC4PreparedStatement@178460d: insert into orders (order_number, customer_id, date, amount, order_status, discount_status) values (4, 3, '2011-06-13', 15000.00, 'UNPAID', 'NO_DISCOUNT')) - start
23:05:05.847 [main] DEBUG o.d.dataset.datatype.DateDataType - typeCast(value=2011-06-13) - start
23:05:05.847 [main] DEBUG org.dbunit.dataset.DefaultTable - getValue(row=3, column=amount) - start
23:05:05.847 [main] DEBUG org.dbunit.dataset.AbstractTable - assertValidRowIndex(row=3) - start
23:05:05.847 [main] DEBUG org.dbunit.dataset.AbstractTable - assertValidRowIndex(row=3, rowCount=6) - start
23:05:05.847 [main] DEBUG org.dbunit.dataset.AbstractTable - getColumnIndex(columnName=amount) - start
23:05:05.847 [main] DEBUG o.d.dataset.AbstractTableMetaData - getColumnIndex(columnName=amount) - start
23:05:05.848 [main] DEBUG o.d.d.s.AutomaticPreparedBatchStatement - addValue(value=110000.00, dataType=DECIMAL) - start
23:05:05.848 [main] DEBUG o.d.d.s.SimplePreparedStatement - addValue(value=110000.00, dataType=DECIMAL) - start
23:05:05.848 [main] DEBUG o.d.dataset.datatype.NumberDataType - setSqlValue(value=110000.00, column=4, statement=com.mysql.jdbc.JDBC4PreparedStatement@178460d: insert into orders (order_number, customer_id, date, amount, order_status, discount_status) values (4, 3, '2011-06-13', 15000.00, 'UNPAID', 'NO_DISCOUNT')) - start
23:05:05.850 [main] DEBUG o.d.dataset.datatype.NumberDataType - typeCast(value=110000.00) - start
23:05:05.850 [main] DEBUG org.dbunit.dataset.DefaultTable - getValue(row=3, column=order_status) - start
23:05:05.850 [main] DEBUG org.dbunit.dataset.AbstractTable - assertValidRowIndex(row=3) - start
23:05:05.850 [main] DEBUG org.dbunit.dataset.AbstractTable - assertValidRowIndex(row=3, rowCount=6) - start
23:05:05.850 [main] DEBUG org.dbunit.dataset.AbstractTable - getColumnIndex(columnName=order_status) - start
23:05:05.851 [main] DEBUG o.d.dataset.AbstractTableMetaData - getColumnIndex(columnName=order_status) - start
23:05:05.852 [main] DEBUG o.d.d.s.AutomaticPreparedBatchStatement - addValue(value=PAID, dataType=VARCHAR) - start
23:05:05.852 [main] DEBUG o.d.d.s.SimplePreparedStatement - addValue(value=PAID, dataType=VARCHAR) - start
23:05:05.852 [main] DEBUG o.d.dataset.datatype.StringDataType - setSqlValue(value=PAID, column=5, statement=com.mysql.jdbc.JDBC4PreparedStatement@178460d: insert into orders (order_number, customer_id, date, amount, order_status, discount_status) values (4, 3, '2011-06-13', 110000.00, 'UNPAID', 'NO_DISCOUNT')) - start
23:05:05.853 [main] DEBUG org.dbunit.dataset.datatype.DataType - asString(value=PAID) - start
23:05:05.853 [main] DEBUG o.d.dataset.datatype.StringDataType - typeCast(value=PAID) - start
23:05:05.853 [main] DEBUG org.dbunit.dataset.DefaultTable - getValue(row=3, column=discount_status) - start
23:05:05.853 [main] DEBUG org.dbunit.dataset.AbstractTable - assertValidRowIndex(row=3) - start
23:05:05.854 [main] DEBUG org.dbunit.dataset.AbstractTable - assertValidRowIndex(row=3, rowCount=6) - start
23:05:05.854 [main] DEBUG org.dbunit.dataset.AbstractTable - getColumnIndex(columnName=discount_status) - start
23:05:05.855 [main] DEBUG o.d.dataset.AbstractTableMetaData - getColumnIndex(columnName=discount_status) - start
23:05:05.855 [main] DEBUG o.d.d.s.AutomaticPreparedBatchStatement - addValue(value=NO_DISCOUNT, dataType=VARCHAR) - start
23:05:05.855 [main] DEBUG o.d.d.s.SimplePreparedStatement - addValue(value=NO_DISCOUNT, dataType=VARCHAR) - start
23:05:05.855 [main] DEBUG o.d.dataset.datatype.StringDataType - setSqlValue(value=NO_DISCOUNT, column=6, statement=com.mysql.jdbc.JDBC4PreparedStatement@178460d: insert into orders (order_number, customer_id, date, amount, order_status, discount_status) values (4, 3, '2011-06-13', 110000.00, 'PAID', 'NO_DISCOUNT')) - start
23:05:05.857 [main] DEBUG org.dbunit.dataset.datatype.DataType - asString(value=NO_DISCOUNT) - start
23:05:05.857 [main] DEBUG o.d.dataset.datatype.StringDataType - typeCast(value=NO_DISCOUNT) - start
23:05:05.857 [main] DEBUG o.d.d.s.AutomaticPreparedBatchStatement - addBatch() - start
23:05:05.857 [main] DEBUG o.d.d.s.SimplePreparedStatement - addBatch() - start
23:05:05.928 [main] DEBUG org.dbunit.operation.InsertOperation - equalsIgnoreMapping(ignoreMapping={}, table=org.dbunit.dataset.DefaultTable[_metaData=tableName=orders, columns=[(order_number, UNKNOWN, nullableUnknown), (customer_id, UNKNOWN, nullableUnknown), (date, UNKNOWN, nullableUnknown), (amount, UNKNOWN, nullableUnknown), (order_status, UNKNOWN, nullableUnknown), (discount_status, UNKNOWN, nullableUnknown)], keys=[], _rowList.size()=6], row=4) - start
23:05:05.928 [main] DEBUG org.dbunit.dataset.DefaultTable - getValue(row=4, column=order_number) - start
23:05:05.960 [main] DEBUG org.dbunit.dataset.AbstractTable - assertValidRowIndex(row=4) - start
23:05:05.960 [main] DEBUG org.dbunit.dataset.AbstractTable - assertValidRowIndex(row=4, rowCount=6) - start
23:05:05.960 [main] DEBUG org.dbunit.dataset.AbstractTable - getColumnIndex(columnName=order_number) - start
23:05:05.960 [main] DEBUG o.d.dataset.AbstractTableMetaData - getColumnIndex(columnName=order_number) - start
23:05:05.960 [main] DEBUG org.dbunit.dataset.DefaultTable - getValue(row=4, column=customer_id) - start
23:05:05.961 [main] DEBUG org.dbunit.dataset.AbstractTable - assertValidRowIndex(row=4) - start
23:05:05.961 [main] DEBUG org.dbunit.dataset.AbstractTable - assertValidRowIndex(row=4, rowCount=6) - start
23:05:05.961 [main] DEBUG org.dbunit.dataset.AbstractTable - getColumnIndex(columnName=customer_id) - start
23:05:05.961 [main] DEBUG o.d.dataset.AbstractTableMetaData - getColumnIndex(columnName=customer_id) - start
23:05:05.961 [main] DEBUG org.dbunit.dataset.DefaultTable - getValue(row=4, column=date) - start
23:05:05.962 [main] DEBUG org.dbunit.dataset.AbstractTable - assertValidRowIndex(row=4) - start
23:05:05.962 [main] DEBUG org.dbunit.dataset.AbstractTable - assertValidRowIndex(row=4, rowCount=6) - start
23:05:05.962 [main] DEBUG org.dbunit.dataset.AbstractTable - getColumnIndex(columnName=date) - start
23:05:05.962 [main] DEBUG o.d.dataset.AbstractTableMetaData - getColumnIndex(columnName=date) - start
23:05:05.962 [main] DEBUG org.dbunit.dataset.DefaultTable - getValue(row=4, column=amount) - start
23:05:05.962 [main] DEBUG org.dbunit.dataset.AbstractTable - assertValidRowIndex(row=4) - start
23:05:05.964 [main] DEBUG org.dbunit.dataset.AbstractTable - assertValidRowIndex(row=4, rowCount=6) - start
23:05:05.964 [main] DEBUG org.dbunit.dataset.AbstractTable - getColumnIndex(columnName=amount) - start
23:05:05.964 [main] DEBUG o.d.dataset.AbstractTableMetaData - getColumnIndex(columnName=amount) - start
23:05:05.964 [main] DEBUG org.dbunit.dataset.DefaultTable - getValue(row=4, column=order_status) - start
23:05:05.964 [main] DEBUG org.dbunit.dataset.AbstractTable - assertValidRowIndex(row=4) - start
23:05:05.966 [main] DEBUG org.dbunit.dataset.AbstractTable - assertValidRowIndex(row=4, rowCount=6) - start
23:05:05.966 [main] DEBUG org.dbunit.dataset.AbstractTable - getColumnIndex(columnName=order_status) - start
23:05:05.966 [main] DEBUG o.d.dataset.AbstractTableMetaData - getColumnIndex(columnName=order_status) - start
23:05:05.966 [main] DEBUG org.dbunit.dataset.DefaultTable - getValue(row=4, column=discount_status) - start
23:05:05.966 [main] DEBUG org.dbunit.dataset.AbstractTable - assertValidRowIndex(row=4) - start
23:05:05.967 [main] DEBUG org.dbunit.dataset.AbstractTable - assertValidRowIndex(row=4, rowCount=6) - start
23:05:05.967 [main] DEBUG org.dbunit.dataset.AbstractTable - getColumnIndex(columnName=discount_status) - start
23:05:05.967 [main] DEBUG o.d.dataset.AbstractTableMetaData - getColumnIndex(columnName=discount_status) - start
23:05:05.967 [main] DEBUG org.dbunit.dataset.DefaultTable - getValue(row=4, column=order_number) - start
23:05:05.967 [main] DEBUG org.dbunit.dataset.AbstractTable - assertValidRowIndex(row=4) - start
23:05:05.969 [main] DEBUG org.dbunit.dataset.AbstractTable - assertValidRowIndex(row=4, rowCount=6) - start
23:05:05.969 [main] DEBUG org.dbunit.dataset.AbstractTable - getColumnIndex(columnName=order_number) - start
23:05:05.969 [main] DEBUG o.d.dataset.AbstractTableMetaData - getColumnIndex(columnName=order_number) - start
23:05:05.969 [main] DEBUG o.d.d.s.AutomaticPreparedBatchStatement - addValue(value=5, dataType=INTEGER) - start
23:05:05.969 [main] DEBUG o.d.d.s.SimplePreparedStatement - addValue(value=5, dataType=INTEGER) - start
23:05:05.970 [main] DEBUG o.d.dataset.datatype.IntegerDataType - setSqlValue(value=5, column=1, statement=com.mysql.jdbc.JDBC4PreparedStatement@178460d: insert into orders (order_number, customer_id, date, amount, order_status, discount_status) values (4, 3, '2011-06-13', 110000.00, 'PAID', 'NO_DISCOUNT')) - start
23:05:05.971 [main] DEBUG o.d.dataset.datatype.IntegerDataType - typeCast(value=5) - start
23:05:05.971 [main] DEBUG o.d.dataset.datatype.IntegerDataType - typeCast(value=5) - start
23:05:05.971 [main] DEBUG org.dbunit.dataset.DefaultTable - getValue(row=4, column=customer_id) - start
23:05:05.972 [main] DEBUG org.dbunit.dataset.AbstractTable - assertValidRowIndex(row=4) - start
23:05:05.972 [main] DEBUG org.dbunit.dataset.AbstractTable - assertValidRowIndex(row=4, rowCount=6) - start
23:05:05.972 [main] DEBUG org.dbunit.dataset.AbstractTable - getColumnIndex(columnName=customer_id) - start
23:05:05.972 [main] DEBUG o.d.dataset.AbstractTableMetaData - getColumnIndex(columnName=customer_id) - start
23:05:05.972 [main] DEBUG o.d.d.s.AutomaticPreparedBatchStatement - addValue(value=4, dataType=INTEGER) - start
23:05:05.973 [main] DEBUG o.d.d.s.SimplePreparedStatement - addValue(value=4, dataType=INTEGER) - start
23:05:05.973 [main] DEBUG o.d.dataset.datatype.IntegerDataType - setSqlValue(value=4, column=2, statement=com.mysql.jdbc.JDBC4PreparedStatement@178460d: insert into orders (order_number, customer_id, date, amount, order_status, discount_status) values (5, 3, '2011-06-13', 110000.00, 'PAID', 'NO_DISCOUNT')) - start
23:05:05.974 [main] DEBUG o.d.dataset.datatype.IntegerDataType - typeCast(value=4) - start
23:05:05.975 [main] DEBUG o.d.dataset.datatype.IntegerDataType - typeCast(value=4) - start
23:05:05.975 [main] DEBUG org.dbunit.dataset.DefaultTable - getValue(row=4, column=date) - start
23:05:05.975 [main] DEBUG org.dbunit.dataset.AbstractTable - assertValidRowIndex(row=4) - start
23:05:05.975 [main] DEBUG org.dbunit.dataset.AbstractTable - assertValidRowIndex(row=4, rowCount=6) - start
23:05:05.975 [main] DEBUG org.dbunit.dataset.AbstractTable - getColumnIndex(columnName=date) - start
23:05:05.975 [main] DEBUG o.d.dataset.AbstractTableMetaData - getColumnIndex(columnName=date) - start
23:05:05.977 [main] DEBUG o.d.d.s.AutomaticPreparedBatchStatement - addValue(value=2011-06-13, dataType=DATE) - start
23:05:05.977 [main] DEBUG o.d.d.s.SimplePreparedStatement - addValue(value=2011-06-13, dataType=DATE) - start
23:05:05.977 [main] DEBUG o.d.dataset.datatype.DateDataType - setSqlValue(value=2011-06-13, column=3, statement=com.mysql.jdbc.JDBC4PreparedStatement@178460d: insert into orders (order_number, customer_id, date, amount, order_status, discount_status) values (5, 4, '2011-06-13', 110000.00, 'PAID', 'NO_DISCOUNT')) - start
23:05:05.978 [main] DEBUG o.d.dataset.datatype.DateDataType - typeCast(value=2011-06-13) - start
23:05:05.978 [main] DEBUG org.dbunit.dataset.DefaultTable - getValue(row=4, column=amount) - start
23:05:05.978 [main] DEBUG org.dbunit.dataset.AbstractTable - assertValidRowIndex(row=4) - start
23:05:05.978 [main] DEBUG org.dbunit.dataset.AbstractTable - assertValidRowIndex(row=4, rowCount=6) - start
23:05:05.978 [main] DEBUG org.dbunit.dataset.AbstractTable - getColumnIndex(columnName=amount) - start
23:05:05.978 [main] DEBUG o.d.dataset.AbstractTableMetaData - getColumnIndex(columnName=amount) - start
23:05:05.979 [main] DEBUG o.d.d.s.AutomaticPreparedBatchStatement - addValue(value=2180.00, dataType=DECIMAL) - start
23:05:05.979 [main] DEBUG o.d.d.s.SimplePreparedStatement - addValue(value=2180.00, dataType=DECIMAL) - start
23:05:05.979 [main] DEBUG o.d.dataset.datatype.NumberDataType - setSqlValue(value=2180.00, column=4, statement=com.mysql.jdbc.JDBC4PreparedStatement@178460d: insert into orders (order_number, customer_id, date, amount, order_status, discount_status) values (5, 4, '2011-06-13', 110000.00, 'PAID', 'NO_DISCOUNT')) - start
23:05:05.981 [main] DEBUG o.d.dataset.datatype.NumberDataType - typeCast(value=2180.00) - start
23:05:05.981 [main] DEBUG org.dbunit.dataset.DefaultTable - getValue(row=4, column=order_status) - start
23:05:05.981 [main] DEBUG org.dbunit.dataset.AbstractTable - assertValidRowIndex(row=4) - start
23:05:05.981 [main] DEBUG org.dbunit.dataset.AbstractTable - assertValidRowIndex(row=4, rowCount=6) - start
23:05:05.981 [main] DEBUG org.dbunit.dataset.AbstractTable - getColumnIndex(columnName=order_status) - start
23:05:05.983 [main] DEBUG o.d.dataset.AbstractTableMetaData - getColumnIndex(columnName=order_status) - start
23:05:05.983 [main] DEBUG o.d.d.s.AutomaticPreparedBatchStatement - addValue(value=UNPAID, dataType=VARCHAR) - start
23:05:05.983 [main] DEBUG o.d.d.s.SimplePreparedStatement - addValue(value=UNPAID, dataType=VARCHAR) - start
23:05:05.983 [main] DEBUG o.d.dataset.datatype.StringDataType - setSqlValue(value=UNPAID, column=5, statement=com.mysql.jdbc.JDBC4PreparedStatement@178460d: insert into orders (order_number, customer_id, date, amount, order_status, discount_status) values (5, 4, '2011-06-13', 2180.00, 'PAID', 'NO_DISCOUNT')) - start
23:05:05.985 [main] DEBUG org.dbunit.dataset.datatype.DataType - asString(value=UNPAID) - start
23:05:05.985 [main] DEBUG o.d.dataset.datatype.StringDataType - typeCast(value=UNPAID) - start
23:05:05.985 [main] DEBUG org.dbunit.dataset.DefaultTable - getValue(row=4, column=discount_status) - start
23:05:05.985 [main] DEBUG org.dbunit.dataset.AbstractTable - assertValidRowIndex(row=4) - start
23:05:05.985 [main] DEBUG org.dbunit.dataset.AbstractTable - assertValidRowIndex(row=4, rowCount=6) - start
23:05:05.985 [main] DEBUG org.dbunit.dataset.AbstractTable - getColumnIndex(columnName=discount_status) - start
23:05:05.986 [main] DEBUG o.d.dataset.AbstractTableMetaData - getColumnIndex(columnName=discount_status) - start
23:05:05.986 [main] DEBUG o.d.d.s.AutomaticPreparedBatchStatement - addValue(value=NO_DISCOUNT, dataType=VARCHAR) - start
23:05:05.986 [main] DEBUG o.d.d.s.SimplePreparedStatement - addValue(value=NO_DISCOUNT, dataType=VARCHAR) - start
23:05:05.986 [main] DEBUG o.d.dataset.datatype.StringDataType - setSqlValue(value=NO_DISCOUNT, column=6, statement=com.mysql.jdbc.JDBC4PreparedStatement@178460d: insert into orders (order_number, customer_id, date, amount, order_status, discount_status) values (5, 4, '2011-06-13', 2180.00, 'UNPAID', 'NO_DISCOUNT')) - start
23:05:05.988 [main] DEBUG org.dbunit.dataset.datatype.DataType - asString(value=NO_DISCOUNT) - start
23:05:05.989 [main] DEBUG o.d.dataset.datatype.StringDataType - typeCast(value=NO_DISCOUNT) - start
23:05:05.989 [main] DEBUG o.d.d.s.AutomaticPreparedBatchStatement - addBatch() - start
23:05:05.989 [main] DEBUG o.d.d.s.SimplePreparedStatement - addBatch() - start
23:05:06.015 [main] DEBUG org.dbunit.operation.InsertOperation - equalsIgnoreMapping(ignoreMapping={}, table=org.dbunit.dataset.DefaultTable[_metaData=tableName=orders, columns=[(order_number, UNKNOWN, nullableUnknown), (customer_id, UNKNOWN, nullableUnknown), (date, UNKNOWN, nullableUnknown), (amount, UNKNOWN, nullableUnknown), (order_status, UNKNOWN, nullableUnknown), (discount_status, UNKNOWN, nullableUnknown)], keys=[], _rowList.size()=6], row=5) - start
23:05:06.015 [main] DEBUG org.dbunit.dataset.DefaultTable - getValue(row=5, column=order_number) - start
23:05:06.092 [main] DEBUG org.dbunit.dataset.AbstractTable - assertValidRowIndex(row=5) - start
23:05:06.092 [main] DEBUG org.dbunit.dataset.AbstractTable - assertValidRowIndex(row=5, rowCount=6) - start
23:05:06.092 [main] DEBUG org.dbunit.dataset.AbstractTable - getColumnIndex(columnName=order_number) - start
23:05:06.092 [main] DEBUG o.d.dataset.AbstractTableMetaData - getColumnIndex(columnName=order_number) - start
23:05:06.092 [main] DEBUG org.dbunit.dataset.DefaultTable - getValue(row=5, column=customer_id) - start
23:05:06.094 [main] DEBUG org.dbunit.dataset.AbstractTable - assertValidRowIndex(row=5) - start
23:05:06.094 [main] DEBUG org.dbunit.dataset.AbstractTable - assertValidRowIndex(row=5, rowCount=6) - start
23:05:06.094 [main] DEBUG org.dbunit.dataset.AbstractTable - getColumnIndex(columnName=customer_id) - start
23:05:06.094 [main] DEBUG o.d.dataset.AbstractTableMetaData - getColumnIndex(columnName=customer_id) - start
23:05:06.094 [main] DEBUG org.dbunit.dataset.DefaultTable - getValue(row=5, column=date) - start
23:05:06.095 [main] DEBUG org.dbunit.dataset.AbstractTable - assertValidRowIndex(row=5) - start
23:05:06.095 [main] DEBUG org.dbunit.dataset.AbstractTable - assertValidRowIndex(row=5, rowCount=6) - start
23:05:06.095 [main] DEBUG org.dbunit.dataset.AbstractTable - getColumnIndex(columnName=date) - start
23:05:06.095 [main] DEBUG o.d.dataset.AbstractTableMetaData - getColumnIndex(columnName=date) - start
23:05:06.095 [main] DEBUG org.dbunit.dataset.DefaultTable - getValue(row=5, column=amount) - start
23:05:06.095 [main] DEBUG org.dbunit.dataset.AbstractTable - assertValidRowIndex(row=5) - start
23:05:06.096 [main] DEBUG org.dbunit.dataset.AbstractTable - assertValidRowIndex(row=5, rowCount=6) - start
23:05:06.096 [main] DEBUG org.dbunit.dataset.AbstractTable - getColumnIndex(columnName=amount) - start
23:05:06.096 [main] DEBUG o.d.dataset.AbstractTableMetaData - getColumnIndex(columnName=amount) - start
23:05:06.096 [main] DEBUG org.dbunit.dataset.DefaultTable - getValue(row=5, column=order_status) - start
23:05:06.096 [main] DEBUG org.dbunit.dataset.AbstractTable - assertValidRowIndex(row=5) - start
23:05:06.098 [main] DEBUG org.dbunit.dataset.AbstractTable - assertValidRowIndex(row=5, rowCount=6) - start
23:05:06.098 [main] DEBUG org.dbunit.dataset.AbstractTable - getColumnIndex(columnName=order_status) - start
23:05:06.098 [main] DEBUG o.d.dataset.AbstractTableMetaData - getColumnIndex(columnName=order_status) - start
23:05:06.098 [main] DEBUG org.dbunit.dataset.DefaultTable - getValue(row=5, column=discount_status) - start
23:05:06.098 [main] DEBUG org.dbunit.dataset.AbstractTable - assertValidRowIndex(row=5) - start
23:05:06.100 [main] DEBUG org.dbunit.dataset.AbstractTable - assertValidRowIndex(row=5, rowCount=6) - start
23:05:06.100 [main] DEBUG org.dbunit.dataset.AbstractTable - getColumnIndex(columnName=discount_status) - start
23:05:06.100 [main] DEBUG o.d.dataset.AbstractTableMetaData - getColumnIndex(columnName=discount_status) - start
23:05:06.100 [main] DEBUG org.dbunit.dataset.DefaultTable - getValue(row=5, column=order_number) - start
23:05:06.100 [main] DEBUG org.dbunit.dataset.AbstractTable - assertValidRowIndex(row=5) - start
23:05:06.101 [main] DEBUG org.dbunit.dataset.AbstractTable - assertValidRowIndex(row=5, rowCount=6) - start
23:05:06.101 [main] DEBUG org.dbunit.dataset.AbstractTable - getColumnIndex(columnName=order_number) - start
23:05:06.101 [main] DEBUG o.d.dataset.AbstractTableMetaData - getColumnIndex(columnName=order_number) - start
23:05:06.101 [main] DEBUG o.d.d.s.AutomaticPreparedBatchStatement - addValue(value=6, dataType=INTEGER) - start
23:05:06.101 [main] DEBUG o.d.d.s.SimplePreparedStatement - addValue(value=6, dataType=INTEGER) - start
23:05:06.103 [main] DEBUG o.d.dataset.datatype.IntegerDataType - setSqlValue(value=6, column=1, statement=com.mysql.jdbc.JDBC4PreparedStatement@178460d: insert into orders (order_number, customer_id, date, amount, order_status, discount_status) values (5, 4, '2011-06-13', 2180.00, 'UNPAID', 'NO_DISCOUNT')) - start
23:05:06.103 [main] DEBUG o.d.dataset.datatype.IntegerDataType - typeCast(value=6) - start
23:05:06.103 [main] DEBUG o.d.dataset.datatype.IntegerDataType - typeCast(value=6) - start
23:05:06.103 [main] DEBUG org.dbunit.dataset.DefaultTable - getValue(row=5, column=customer_id) - start
23:05:06.105 [main] DEBUG org.dbunit.dataset.AbstractTable - assertValidRowIndex(row=5) - start
23:05:06.105 [main] DEBUG org.dbunit.dataset.AbstractTable - assertValidRowIndex(row=5, rowCount=6) - start
23:05:06.105 [main] DEBUG org.dbunit.dataset.AbstractTable - getColumnIndex(columnName=customer_id) - start
23:05:06.105 [main] DEBUG o.d.dataset.AbstractTableMetaData - getColumnIndex(columnName=customer_id) - start
23:05:06.105 [main] DEBUG o.d.d.s.AutomaticPreparedBatchStatement - addValue(value=5, dataType=INTEGER) - start
23:05:06.106 [main] DEBUG o.d.d.s.SimplePreparedStatement - addValue(value=5, dataType=INTEGER) - start
23:05:06.106 [main] DEBUG o.d.dataset.datatype.IntegerDataType - setSqlValue(value=5, column=2, statement=com.mysql.jdbc.JDBC4PreparedStatement@178460d: insert into orders (order_number, customer_id, date, amount, order_status, discount_status) values (6, 4, '2011-06-13', 2180.00, 'UNPAID', 'NO_DISCOUNT')) - start
23:05:06.106 [main] DEBUG o.d.dataset.datatype.IntegerDataType - typeCast(value=5) - start
23:05:06.108 [main] DEBUG o.d.dataset.datatype.IntegerDataType - typeCast(value=5) - start
23:05:06.108 [main] DEBUG org.dbunit.dataset.DefaultTable - getValue(row=5, column=date) - start
23:05:06.108 [main] DEBUG org.dbunit.dataset.AbstractTable - assertValidRowIndex(row=5) - start
23:05:06.108 [main] DEBUG org.dbunit.dataset.AbstractTable - assertValidRowIndex(row=5, rowCount=6) - start
23:05:06.108 [main] DEBUG org.dbunit.dataset.AbstractTable - getColumnIndex(columnName=date) - start
23:05:06.108 [main] DEBUG o.d.dataset.AbstractTableMetaData - getColumnIndex(columnName=date) - start
23:05:06.109 [main] DEBUG o.d.d.s.AutomaticPreparedBatchStatement - addValue(value=2011-06-13, dataType=DATE) - start
23:05:06.109 [main] DEBUG o.d.d.s.SimplePreparedStatement - addValue(value=2011-06-13, dataType=DATE) - start
23:05:06.109 [main] DEBUG o.d.dataset.datatype.DateDataType - setSqlValue(value=2011-06-13, column=3, statement=com.mysql.jdbc.JDBC4PreparedStatement@178460d: insert into orders (order_number, customer_id, date, amount, order_status, discount_status) values (6, 5, '2011-06-13', 2180.00, 'UNPAID', 'NO_DISCOUNT')) - start
23:05:06.110 [main] DEBUG o.d.dataset.datatype.DateDataType - typeCast(value=2011-06-13) - start
23:05:06.111 [main] DEBUG org.dbunit.dataset.DefaultTable - getValue(row=5, column=amount) - start
23:05:06.111 [main] DEBUG org.dbunit.dataset.AbstractTable - assertValidRowIndex(row=5) - start
23:05:06.111 [main] DEBUG org.dbunit.dataset.AbstractTable - assertValidRowIndex(row=5, rowCount=6) - start
23:05:06.111 [main] DEBUG org.dbunit.dataset.AbstractTable - getColumnIndex(columnName=amount) - start
23:05:06.111 [main] DEBUG o.d.dataset.AbstractTableMetaData - getColumnIndex(columnName=amount) - start
23:05:06.112 [main] DEBUG o.d.d.s.AutomaticPreparedBatchStatement - addValue(value=10000.00, dataType=DECIMAL) - start
23:05:06.112 [main] DEBUG o.d.d.s.SimplePreparedStatement - addValue(value=10000.00, dataType=DECIMAL) - start
23:05:06.112 [main] DEBUG o.d.dataset.datatype.NumberDataType - setSqlValue(value=10000.00, column=4, statement=com.mysql.jdbc.JDBC4PreparedStatement@178460d: insert into orders (order_number, customer_id, date, amount, order_status, discount_status) values (6, 5, '2011-06-13', 2180.00, 'UNPAID', 'NO_DISCOUNT')) - start
23:05:06.114 [main] DEBUG o.d.dataset.datatype.NumberDataType - typeCast(value=10000.00) - start
23:05:06.114 [main] DEBUG org.dbunit.dataset.DefaultTable - getValue(row=5, column=order_status) - start
23:05:06.114 [main] DEBUG org.dbunit.dataset.AbstractTable - assertValidRowIndex(row=5) - start
23:05:06.114 [main] DEBUG org.dbunit.dataset.AbstractTable - assertValidRowIndex(row=5, rowCount=6) - start
23:05:06.114 [main] DEBUG org.dbunit.dataset.AbstractTable - getColumnIndex(columnName=order_status) - start
23:05:06.115 [main] DEBUG o.d.dataset.AbstractTableMetaData - getColumnIndex(columnName=order_status) - start
23:05:06.115 [main] DEBUG o.d.d.s.AutomaticPreparedBatchStatement - addValue(value=PAID, dataType=VARCHAR) - start
23:05:06.115 [main] DEBUG o.d.d.s.SimplePreparedStatement - addValue(value=PAID, dataType=VARCHAR) - start
23:05:06.115 [main] DEBUG o.d.dataset.datatype.StringDataType - setSqlValue(value=PAID, column=5, statement=com.mysql.jdbc.JDBC4PreparedStatement@178460d: insert into orders (order_number, customer_id, date, amount, order_status, discount_status) values (6, 5, '2011-06-13', 10000.00, 'UNPAID', 'NO_DISCOUNT')) - start
23:05:06.117 [main] DEBUG org.dbunit.dataset.datatype.DataType - asString(value=PAID) - start
23:05:06.117 [main] DEBUG o.d.dataset.datatype.StringDataType - typeCast(value=PAID) - start
23:05:06.117 [main] DEBUG org.dbunit.dataset.DefaultTable - getValue(row=5, column=discount_status) - start
23:05:06.117 [main] DEBUG org.dbunit.dataset.AbstractTable - assertValidRowIndex(row=5) - start
23:05:06.117 [main] DEBUG org.dbunit.dataset.AbstractTable - assertValidRowIndex(row=5, rowCount=6) - start
23:05:06.117 [main] DEBUG org.dbunit.dataset.AbstractTable - getColumnIndex(columnName=discount_status) - start
23:05:06.118 [main] DEBUG o.d.dataset.AbstractTableMetaData - getColumnIndex(columnName=discount_status) - start
23:05:06.118 [main] DEBUG o.d.d.s.AutomaticPreparedBatchStatement - addValue(value=NO_DISCOUNT, dataType=VARCHAR) - start
23:05:06.118 [main] DEBUG o.d.d.s.SimplePreparedStatement - addValue(value=NO_DISCOUNT, dataType=VARCHAR) - start
23:05:06.119 [main] DEBUG o.d.dataset.datatype.StringDataType - setSqlValue(value=NO_DISCOUNT, column=6, statement=com.mysql.jdbc.JDBC4PreparedStatement@178460d: insert into orders (order_number, customer_id, date, amount, order_status, discount_status) values (6, 5, '2011-06-13', 10000.00, 'PAID', 'NO_DISCOUNT')) - start
23:05:06.120 [main] DEBUG org.dbunit.dataset.datatype.DataType - asString(value=NO_DISCOUNT) - start
23:05:06.120 [main] DEBUG o.d.dataset.datatype.StringDataType - typeCast(value=NO_DISCOUNT) - start
23:05:06.120 [main] DEBUG o.d.d.s.AutomaticPreparedBatchStatement - addBatch() - start
23:05:06.120 [main] DEBUG o.d.d.s.SimplePreparedStatement - addBatch() - start
23:05:06.143 [main] DEBUG org.dbunit.operation.InsertOperation - equalsIgnoreMapping(ignoreMapping={}, table=org.dbunit.dataset.DefaultTable[_metaData=tableName=orders, columns=[(order_number, UNKNOWN, nullableUnknown), (customer_id, UNKNOWN, nullableUnknown), (date, UNKNOWN, nullableUnknown), (amount, UNKNOWN, nullableUnknown), (order_status, UNKNOWN, nullableUnknown), (discount_status, UNKNOWN, nullableUnknown)], keys=[], _rowList.size()=6], row=6) - start
23:05:06.143 [main] DEBUG org.dbunit.dataset.DefaultTable - getValue(row=6, column=order_number) - start
23:05:06.224 [main] DEBUG org.dbunit.dataset.AbstractTable - assertValidRowIndex(row=6) - start
23:05:06.224 [main] DEBUG org.dbunit.dataset.AbstractTable - assertValidRowIndex(row=6, rowCount=6) - start
23:05:06.224 [main] DEBUG o.d.d.s.AutomaticPreparedBatchStatement - executeBatch() - start
23:05:06.224 [main] DEBUG o.d.d.s.SimplePreparedStatement - executeBatch() - start
23:05:06.224 [main] DEBUG o.d.d.s.SimplePreparedStatement - clearBatch() - start
23:05:06.224 [main] DEBUG o.d.d.s.AutomaticPreparedBatchStatement - clearBatch() - start
23:05:06.225 [main] DEBUG o.d.d.s.SimplePreparedStatement - clearBatch() - start
23:05:06.225 [main] DEBUG o.d.d.s.AutomaticPreparedBatchStatement - close() - start
23:05:06.225 [main] DEBUG o.d.d.s.AbstractPreparedBatchStatement - close() - start
23:05:06.225 [main] DEBUG o.d.dataset.DefaultTableIterator - getTable() - start
23:05:06.225 [main] DEBUG o.d.operation.AbstractBatchOperation - isEmpty(table=org.dbunit.dataset.DefaultTable[_metaData=tableName=order_items, columns=[(id, UNKNOWN, nullableUnknown), (order_order_number, UNKNOWN, nullableUnknown), (product_sku_number, UNKNOWN, nullableUnknown), (quantity, UNKNOWN, nullableUnknown)], keys=[], _rowList.size()=8]) - start
23:05:06.226 [main] DEBUG org.dbunit.dataset.DefaultTable - getValue(row=0, column=id) - start
23:05:06.226 [main] DEBUG org.dbunit.dataset.AbstractTable - assertValidRowIndex(row=0) - start
23:05:06.226 [main] DEBUG org.dbunit.dataset.AbstractTable - assertValidRowIndex(row=0, rowCount=8) - start
23:05:06.226 [main] DEBUG org.dbunit.dataset.AbstractTable - getColumnIndex(columnName=id) - start
23:05:06.226 [main] DEBUG o.d.dataset.AbstractTableMetaData - getColumnIndex(columnName=id) - start
23:05:06.226 [main] DEBUG o.dbunit.operation.AbstractOperation - getOperationMetaData(connection=org.dbunit.database.DatabaseConnection[schema=, connection=com.mysql.jdbc.JDBC4Connection@53fb57, super=_databaseConfig=org.dbunit.database.DatabaseConfig[, _propertyMap={http://www.dbunit.org/properties/statementFactory=org.dbunit.database.statement.PreparedStatementFactory@19a32e0, http://www.dbunit.org/features/caseSensitiveTableNames=false, http://www.dbunit.org/properties/fetchSize=100, http://www.dbunit.org/features/batchedStatements=false, http://www.dbunit.org/properties/metadataHandler=org.dbunit.database.DefaultMetadataHandler@8238f4, http://www.dbunit.org/properties/datatypeFactory=org.dbunit.dataset.datatype.DefaultDataTypeFactory[_toleratedDeltaMap=org.dbunit.dataset.datatype.ToleratedDeltaMap@16925b0], http://www.dbunit.org/properties/escapePattern=null, http://www.dbunit.org/properties/batchSize=100, http://www.dbunit.org/features/qualifiedTableNames=false, http://www.dbunit.org/properties/tableType=[Ljava.lang.String;@297ffb, http://www.dbunit.org/properties/resultSetTableFactory=org.dbunit.database.CachedResultSetTableFactory@914f6a, http://www.dbunit.org/features/datatypeWarning=true}], _dataSet=AbstractDataSet[_orderedTableNameMap=null]], metaData=tableName=order_items, columns=[(id, UNKNOWN, nullableUnknown), (order_order_number, UNKNOWN, nullableUnknown), (product_sku_number, UNKNOWN, nullableUnknown), (quantity, UNKNOWN, nullableUnknown)], keys=[]) - start
23:05:06.228 [main] DEBUG o.d.d.AbstractDatabaseConnection - createDataSet() - start
23:05:06.228 [main] DEBUG org.dbunit.database.DatabaseDataSet - getTableMetaData(tableName=order_items) - start
23:05:06.228 [main] DEBUG org.dbunit.database.DatabaseDataSet - initialize() - start
23:05:06.228 [main] DEBUG o.dbunit.dataset.OrderedTableNameMap - getTableName(tableName=order_items) - start
23:05:06.228 [main] DEBUG o.dbunit.dataset.OrderedTableNameMap - getTableName(tableName=order_items) - end - result=ORDER_ITEMS
23:05:06.230 [main] DEBUG o.dbunit.dataset.OrderedTableNameMap - getTableName(tableName=order_items) - start
23:05:06.230 [main] DEBUG o.dbunit.dataset.OrderedTableNameMap - getTableName(tableName=order_items) - end - result=ORDER_ITEMS
23:05:06.230 [main] DEBUG o.d.dataset.AbstractTableMetaData - getColumnIndex(columnName=id) - start
23:05:06.230 [main] DEBUG o.d.database.DatabaseTableMetaData - getColumns() - start
23:05:06.230 [main] DEBUG o.d.database.DatabaseTableMetaData - getColumns() - start
23:05:06.230 [main] DEBUG o.d.dataset.AbstractTableMetaData - getColumnIndex(columnName=order_order_number) - start
23:05:06.235 [main] DEBUG o.d.database.DatabaseTableMetaData - getColumns() - start
23:05:06.235 [main] DEBUG o.d.dataset.AbstractTableMetaData - getColumnIndex(columnName=product_sku_number) - start
23:05:06.235 [main] DEBUG o.d.database.DatabaseTableMetaData - getColumns() - start
23:05:06.235 [main] DEBUG o.d.dataset.AbstractTableMetaData - getColumnIndex(columnName=quantity) - start
23:05:06.235 [main] DEBUG o.d.database.DatabaseTableMetaData - getColumns() - start
23:05:06.236 [main] DEBUG o.d.database.DatabaseTableMetaData - getPrimaryKeys() - start
23:05:06.237 [main] DEBUG org.dbunit.operation.InsertOperation - getIgnoreMapping(table=org.dbunit.dataset.DefaultTable[_metaData=tableName=order_items, columns=[(id, UNKNOWN, nullableUnknown), (order_order_number, UNKNOWN, nullableUnknown), (product_sku_number, UNKNOWN, nullableUnknown), (quantity, UNKNOWN, nullableUnknown)], keys=[], _rowList.size()=8], row=0) - start
23:05:06.237 [main] DEBUG org.dbunit.dataset.DefaultTable - getValue(row=0, column=id) - start
23:05:06.237 [main] DEBUG org.dbunit.dataset.AbstractTable - assertValidRowIndex(row=0) - start
23:05:06.239 [main] DEBUG org.dbunit.dataset.AbstractTable - assertValidRowIndex(row=0, rowCount=8) - start
23:05:06.239 [main] DEBUG org.dbunit.dataset.AbstractTable - getColumnIndex(columnName=id) - start
23:05:06.239 [main] DEBUG o.d.dataset.AbstractTableMetaData - getColumnIndex(columnName=id) - start
23:05:06.239 [main] DEBUG org.dbunit.dataset.DefaultTable - getValue(row=0, column=order_order_number) - start
23:05:06.239 [main] DEBUG org.dbunit.dataset.AbstractTable - assertValidRowIndex(row=0) - start
23:05:06.241 [main] DEBUG org.dbunit.dataset.AbstractTable - assertValidRowIndex(row=0, rowCount=8) - start
23:05:06.241 [main] DEBUG org.dbunit.dataset.AbstractTable - getColumnIndex(columnName=order_order_number) - start
23:05:06.241 [main] DEBUG o.d.dataset.AbstractTableMetaData - getColumnIndex(columnName=order_order_number) - start
23:05:06.241 [main] DEBUG org.dbunit.dataset.DefaultTable - getValue(row=0, column=product_sku_number) - start
23:05:06.241 [main] DEBUG org.dbunit.dataset.AbstractTable - assertValidRowIndex(row=0) - start
23:05:06.242 [main] DEBUG org.dbunit.dataset.AbstractTable - assertValidRowIndex(row=0, rowCount=8) - start
23:05:06.242 [main] DEBUG org.dbunit.dataset.AbstractTable - getColumnIndex(columnName=product_sku_number) - start
23:05:06.242 [main] DEBUG o.d.dataset.AbstractTableMetaData - getColumnIndex(columnName=product_sku_number) - start
23:05:06.242 [main] DEBUG org.dbunit.dataset.DefaultTable - getValue(row=0, column=quantity) - start
23:05:06.242 [main] DEBUG org.dbunit.dataset.AbstractTable - assertValidRowIndex(row=0) - start
23:05:06.244 [main] DEBUG org.dbunit.dataset.AbstractTable - assertValidRowIndex(row=0, rowCount=8) - start
23:05:06.244 [main] DEBUG org.dbunit.dataset.AbstractTable - getColumnIndex(columnName=quantity) - start
23:05:06.244 [main] DEBUG o.d.dataset.AbstractTableMetaData - getColumnIndex(columnName=quantity) - start
23:05:06.244 [main] DEBUG org.dbunit.operation.InsertOperation - getOperationData(metaData=tableName=order_items, columns=[(id, INTEGER, noNulls), (order_order_number, INTEGER, noNulls), (product_sku_number, INTEGER, noNulls), (quantity, INTEGER, noNulls)], keys=[(id, INTEGER, noNulls)], ignoreMapping={}, connection=org.dbunit.database.DatabaseConnection[schema=, connection=com.mysql.jdbc.JDBC4Connection@53fb57, super=_databaseConfig=org.dbunit.database.DatabaseConfig[, _propertyMap={http://www.dbunit.org/properties/statementFactory=org.dbunit.database.statement.PreparedStatementFactory@19a32e0, http://www.dbunit.org/features/caseSensitiveTableNames=false, http://www.dbunit.org/properties/fetchSize=100, http://www.dbunit.org/features/batchedStatements=false, http://www.dbunit.org/properties/metadataHandler=org.dbunit.database.DefaultMetadataHandler@8238f4, http://www.dbunit.org/properties/datatypeFactory=org.dbunit.dataset.datatype.DefaultDataTypeFactory[_toleratedDeltaMap=org.dbunit.dataset.datatype.ToleratedDeltaMap@16925b0], http://www.dbunit.org/properties/escapePattern=null, http://www.dbunit.org/properties/batchSize=100, http://www.dbunit.org/features/qualifiedTableNames=false, http://www.dbunit.org/properties/tableType=[Ljava.lang.String;@297ffb, http://www.dbunit.org/properties/resultSetTableFactory=org.dbunit.database.CachedResultSetTableFactory@914f6a, http://www.dbunit.org/features/datatypeWarning=true}], _dataSet=AbstractDataSet[_orderedTableNameMap=null]]) - start
23:05:06.245 [main] DEBUG o.dbunit.operation.AbstractOperation - getQualifiedName(prefix=, name=order_items, connection=org.dbunit.database.DatabaseConnection[schema=, connection=com.mysql.jdbc.JDBC4Connection@53fb57, super=_databaseConfig=org.dbunit.database.DatabaseConfig[, _propertyMap={http://www.dbunit.org/properties/statementFactory=org.dbunit.database.statement.PreparedStatementFactory@19a32e0, http://www.dbunit.org/features/caseSensitiveTableNames=false, http://www.dbunit.org/properties/fetchSize=100, http://www.dbunit.org/features/batchedStatements=false, http://www.dbunit.org/properties/metadataHandler=org.dbunit.database.DefaultMetadataHandler@8238f4, http://www.dbunit.org/properties/datatypeFactory=org.dbunit.dataset.datatype.DefaultDataTypeFactory[_toleratedDeltaMap=org.dbunit.dataset.datatype.ToleratedDeltaMap@16925b0], http://www.dbunit.org/properties/escapePattern=null, http://www.dbunit.org/properties/batchSize=100, http://www.dbunit.org/features/qualifiedTableNames=false, http://www.dbunit.org/properties/tableType=[Ljava.lang.String;@297ffb, http://www.dbunit.org/properties/resultSetTableFactory=org.dbunit.database.CachedResultSetTableFactory@914f6a, http://www.dbunit.org/features/datatypeWarning=true}], _dataSet=AbstractDataSet[_orderedTableNameMap=null]]) - start
23:05:06.247 [main] DEBUG org.dbunit.util.QualifiedTableName - getQualifiedName() - start
23:05:06.247 [main] DEBUG org.dbunit.util.QualifiedTableName - getQualifiedName(prefix=, name=order_items, escapePattern=null) - start
23:05:06.247 [main] DEBUG o.dbunit.operation.AbstractOperation - getQualifiedName(prefix=null, name=id, connection=org.dbunit.database.DatabaseConnection[schema=, connection=com.mysql.jdbc.JDBC4Connection@53fb57, super=_databaseConfig=org.dbunit.database.DatabaseConfig[, _propertyMap={http://www.dbunit.org/properties/statementFactory=org.dbunit.database.statement.PreparedStatementFactory@19a32e0, http://www.dbunit.org/features/caseSensitiveTableNames=false, http://www.dbunit.org/properties/fetchSize=100, http://www.dbunit.org/features/batchedStatements=false, http://www.dbunit.org/properties/metadataHandler=org.dbunit.database.DefaultMetadataHandler@8238f4, http://www.dbunit.org/properties/datatypeFactory=org.dbunit.dataset.datatype.DefaultDataTypeFactory[_toleratedDeltaMap=org.dbunit.dataset.datatype.ToleratedDeltaMap@16925b0], http://www.dbunit.org/properties/escapePattern=null, http://www.dbunit.org/properties/batchSize=100, http://www.dbunit.org/features/qualifiedTableNames=false, http://www.dbunit.org/properties/tableType=[Ljava.lang.String;@297ffb, http://www.dbunit.org/properties/resultSetTableFactory=org.dbunit.database.CachedResultSetTableFactory@914f6a, http://www.dbunit.org/features/datatypeWarning=true}], _dataSet=AbstractDataSet[_orderedTableNameMap=null]]) - start
23:05:06.251 [main] DEBUG org.dbunit.util.QualifiedTableName - getQualifiedName() - start
23:05:06.251 [main] DEBUG org.dbunit.util.QualifiedTableName - getQualifiedName(prefix=null, name=id, escapePattern=null) - start
23:05:06.251 [main] DEBUG o.dbunit.operation.AbstractOperation - getQualifiedName(prefix=null, name=order_order_number, connection=org.dbunit.database.DatabaseConnection[schema=, connection=com.mysql.jdbc.JDBC4Connection@53fb57, super=_databaseConfig=org.dbunit.database.DatabaseConfig[, _propertyMap={http://www.dbunit.org/properties/statementFactory=org.dbunit.database.statement.PreparedStatementFactory@19a32e0, http://www.dbunit.org/features/caseSensitiveTableNames=false, http://www.dbunit.org/properties/fetchSize=100, http://www.dbunit.org/features/batchedStatements=false, http://www.dbunit.org/properties/metadataHandler=org.dbunit.database.DefaultMetadataHandler@8238f4, http://www.dbunit.org/properties/datatypeFactory=org.dbunit.dataset.datatype.DefaultDataTypeFactory[_toleratedDeltaMap=org.dbunit.dataset.datatype.ToleratedDeltaMap@16925b0], http://www.dbunit.org/properties/escapePattern=null, http://www.dbunit.org/properties/batchSize=100, http://www.dbunit.org/features/qualifiedTableNames=false, http://www.dbunit.org/properties/tableType=[Ljava.lang.String;@297ffb, http://www.dbunit.org/properties/resultSetTableFactory=org.dbunit.database.CachedResultSetTableFactory@914f6a, http://www.dbunit.org/features/datatypeWarning=true}], _dataSet=AbstractDataSet[_orderedTableNameMap=null]]) - start
23:05:06.255 [main] DEBUG org.dbunit.util.QualifiedTableName - getQualifiedName() - start
23:05:06.255 [main] DEBUG org.dbunit.util.QualifiedTableName - getQualifiedName(prefix=null, name=order_order_number, escapePattern=null) - start
23:05:06.255 [main] DEBUG o.dbunit.operation.AbstractOperation - getQualifiedName(prefix=null, name=product_sku_number, connection=org.dbunit.database.DatabaseConnection[schema=, connection=com.mysql.jdbc.JDBC4Connection@53fb57, super=_databaseConfig=org.dbunit.database.DatabaseConfig[, _propertyMap={http://www.dbunit.org/properties/statementFactory=org.dbunit.database.statement.PreparedStatementFactory@19a32e0, http://www.dbunit.org/features/caseSensitiveTableNames=false, http://www.dbunit.org/properties/fetchSize=100, http://www.dbunit.org/features/batchedStatements=false, http://www.dbunit.org/properties/metadataHandler=org.dbunit.database.DefaultMetadataHandler@8238f4, http://www.dbunit.org/properties/datatypeFactory=org.dbunit.dataset.datatype.DefaultDataTypeFactory[_toleratedDeltaMap=org.dbunit.dataset.datatype.ToleratedDeltaMap@16925b0], http://www.dbunit.org/properties/escapePattern=null, http://www.dbunit.org/properties/batchSize=100, http://www.dbunit.org/features/qualifiedTableNames=false, http://www.dbunit.org/properties/tableType=[Ljava.lang.String;@297ffb, http://www.dbunit.org/properties/resultSetTableFactory=org.dbunit.database.CachedResultSetTableFactory@914f6a, http://www.dbunit.org/features/datatypeWarning=true}], _dataSet=AbstractDataSet[_orderedTableNameMap=null]]) - start
23:05:06.260 [main] DEBUG org.dbunit.util.QualifiedTableName - getQualifiedName() - start
23:05:06.260 [main] DEBUG org.dbunit.util.QualifiedTableName - getQualifiedName(prefix=null, name=product_sku_number, escapePattern=null) - start
23:05:06.260 [main] DEBUG o.dbunit.operation.AbstractOperation - getQualifiedName(prefix=null, name=quantity, connection=org.dbunit.database.DatabaseConnection[schema=, connection=com.mysql.jdbc.JDBC4Connection@53fb57, super=_databaseConfig=org.dbunit.database.DatabaseConfig[, _propertyMap={http://www.dbunit.org/properties/statementFactory=org.dbunit.database.statement.PreparedStatementFactory@19a32e0, http://www.dbunit.org/features/caseSensitiveTableNames=false, http://www.dbunit.org/properties/fetchSize=100, http://www.dbunit.org/features/batchedStatements=false, http://www.dbunit.org/properties/metadataHandler=org.dbunit.database.DefaultMetadataHandler@8238f4, http://www.dbunit.org/properties/datatypeFactory=org.dbunit.dataset.datatype.DefaultDataTypeFactory[_toleratedDeltaMap=org.dbunit.dataset.datatype.ToleratedDeltaMap@16925b0], http://www.dbunit.org/properties/escapePattern=null, http://www.dbunit.org/properties/batchSize=100, http://www.dbunit.org/features/qualifiedTableNames=false, http://www.dbunit.org/properties/tableType=[Ljava.lang.String;@297ffb, http://www.dbunit.org/properties/resultSetTableFactory=org.dbunit.database.CachedResultSetTableFactory@914f6a, http://www.dbunit.org/features/datatypeWarning=true}], _dataSet=AbstractDataSet[_orderedTableNameMap=null]]) - start
23:05:06.264 [main] DEBUG org.dbunit.util.QualifiedTableName - getQualifiedName() - start
23:05:06.264 [main] DEBUG org.dbunit.util.QualifiedTableName - getQualifiedName(prefix=null, name=quantity, escapePattern=null) - start
23:05:06.264 [main] DEBUG o.d.d.s.PreparedStatementFactory - createPreparedBatchStatement(sql=insert into order_items (id, order_order_number, product_sku_number, quantity) values (?, ?, ?, ?), connection=org.dbunit.database.DatabaseConnection[schema=, connection=com.mysql.jdbc.JDBC4Connection@53fb57, super=_databaseConfig=org.dbunit.database.DatabaseConfig[, _propertyMap={http://www.dbunit.org/properties/statementFactory=org.dbunit.database.statement.PreparedStatementFactory@19a32e0, http://www.dbunit.org/features/caseSensitiveTableNames=false, http://www.dbunit.org/properties/fetchSize=100, http://www.dbunit.org/features/batchedStatements=false, http://www.dbunit.org/properties/metadataHandler=org.dbunit.database.DefaultMetadataHandler@8238f4, http://www.dbunit.org/properties/datatypeFactory=org.dbunit.dataset.datatype.DefaultDataTypeFactory[_toleratedDeltaMap=org.dbunit.dataset.datatype.ToleratedDeltaMap@16925b0], http://www.dbunit.org/properties/escapePattern=null, http://www.dbunit.org/properties/batchSize=100, http://www.dbunit.org/features/qualifiedTableNames=false, http://www.dbunit.org/properties/tableType=[Ljava.lang.String;@297ffb, http://www.dbunit.org/properties/resultSetTableFactory=org.dbunit.database.CachedResultSetTableFactory@914f6a, http://www.dbunit.org/features/datatypeWarning=true}], _dataSet=AbstractDataSet[_orderedTableNameMap=null]]) - start
23:05:06.269 [main] DEBUG o.d.d.s.AbstractStatementFactory - supportBatchStatement(connection=org.dbunit.database.DatabaseConnection[schema=, connection=com.mysql.jdbc.JDBC4Connection@53fb57, super=_databaseConfig=org.dbunit.database.DatabaseConfig[, _propertyMap={http://www.dbunit.org/properties/statementFactory=org.dbunit.database.statement.PreparedStatementFactory@19a32e0, http://www.dbunit.org/features/caseSensitiveTableNames=false, http://www.dbunit.org/properties/fetchSize=100, http://www.dbunit.org/features/batchedStatements=false, http://www.dbunit.org/properties/metadataHandler=org.dbunit.database.DefaultMetadataHandler@8238f4, http://www.dbunit.org/properties/datatypeFactory=org.dbunit.dataset.datatype.DefaultDataTypeFactory[_toleratedDeltaMap=org.dbunit.dataset.datatype.ToleratedDeltaMap@16925b0], http://www.dbunit.org/properties/escapePattern=null, http://www.dbunit.org/properties/batchSize=100, http://www.dbunit.org/features/qualifiedTableNames=false, http://www.dbunit.org/properties/tableType=[Ljava.lang.String;@297ffb, http://www.dbunit.org/properties/resultSetTableFactory=org.dbunit.database.CachedResultSetTableFactory@914f6a, http://www.dbunit.org/features/datatypeWarning=true}], _dataSet=AbstractDataSet[_orderedTableNameMap=null]]) - start
23:05:06.273 [main] DEBUG org.dbunit.dataset.DefaultTable - getValue(row=0, column=id) - start
23:05:06.273 [main] DEBUG org.dbunit.dataset.AbstractTable - assertValidRowIndex(row=0) - start
23:05:06.273 [main] DEBUG org.dbunit.dataset.AbstractTable - assertValidRowIndex(row=0, rowCount=8) - start
23:05:06.273 [main] DEBUG org.dbunit.dataset.AbstractTable - getColumnIndex(columnName=id) - start
23:05:06.273 [main] DEBUG o.d.dataset.AbstractTableMetaData - getColumnIndex(columnName=id) - start
23:05:06.273 [main] DEBUG o.d.d.s.AutomaticPreparedBatchStatement - addValue(value=1, dataType=INTEGER) - start
23:05:06.277 [main] DEBUG o.d.d.s.SimplePreparedStatement - addValue(value=1, dataType=INTEGER) - start
23:05:06.277 [main] DEBUG o.d.dataset.datatype.IntegerDataType - setSqlValue(value=1, column=1, statement=com.mysql.jdbc.JDBC4PreparedStatement@419d05: insert into order_items (id, order_order_number, product_sku_number, quantity) values (** NOT SPECIFIED **, ** NOT SPECIFIED **, ** NOT SPECIFIED **, ** NOT SPECIFIED **)) - start
23:05:06.277 [main] DEBUG o.d.dataset.datatype.IntegerDataType - typeCast(value=1) - start
23:05:06.282 [main] DEBUG o.d.dataset.datatype.IntegerDataType - typeCast(value=1) - start
23:05:06.282 [main] DEBUG org.dbunit.dataset.DefaultTable - getValue(row=0, column=order_order_number) - start
23:05:06.282 [main] DEBUG org.dbunit.dataset.AbstractTable - assertValidRowIndex(row=0) - start
23:05:06.282 [main] DEBUG org.dbunit.dataset.AbstractTable - assertValidRowIndex(row=0, rowCount=8) - start
23:05:06.282 [main] DEBUG org.dbunit.dataset.AbstractTable - getColumnIndex(columnName=order_order_number) - start
23:05:06.283 [main] DEBUG o.d.dataset.AbstractTableMetaData - getColumnIndex(columnName=order_order_number) - start
23:05:06.283 [main] DEBUG o.d.d.s.AutomaticPreparedBatchStatement - addValue(value=1, dataType=INTEGER) - start
23:05:06.283 [main] DEBUG o.d.d.s.SimplePreparedStatement - addValue(value=1, dataType=INTEGER) - start
23:05:06.283 [main] DEBUG o.d.dataset.datatype.IntegerDataType - setSqlValue(value=1, column=2, statement=com.mysql.jdbc.JDBC4PreparedStatement@419d05: insert into order_items (id, order_order_number, product_sku_number, quantity) values (1, ** NOT SPECIFIED **, ** NOT SPECIFIED **, ** NOT SPECIFIED **)) - start
23:05:06.285 [main] DEBUG o.d.dataset.datatype.IntegerDataType - typeCast(value=1) - start
23:05:06.285 [main] DEBUG o.d.dataset.datatype.IntegerDataType - typeCast(value=1) - start
23:05:06.285 [main] DEBUG org.dbunit.dataset.DefaultTable - getValue(row=0, column=product_sku_number) - start
23:05:06.285 [main] DEBUG org.dbunit.dataset.AbstractTable - assertValidRowIndex(row=0) - start
23:05:06.285 [main] DEBUG org.dbunit.dataset.AbstractTable - assertValidRowIndex(row=0, rowCount=8) - start
23:05:06.285 [main] DEBUG org.dbunit.dataset.AbstractTable - getColumnIndex(columnName=product_sku_number) - start
23:05:06.286 [main] DEBUG o.d.dataset.AbstractTableMetaData - getColumnIndex(columnName=product_sku_number) - start
23:05:06.286 [main] DEBUG o.d.d.s.AutomaticPreparedBatchStatement - addValue(value=1, dataType=INTEGER) - start
23:05:06.286 [main] DEBUG o.d.d.s.SimplePreparedStatement - addValue(value=1, dataType=INTEGER) - start
23:05:06.286 [main] DEBUG o.d.dataset.datatype.IntegerDataType - setSqlValue(value=1, column=3, statement=com.mysql.jdbc.JDBC4PreparedStatement@419d05: insert into order_items (id, order_order_number, product_sku_number, quantity) values (1, 1, ** NOT SPECIFIED **, ** NOT SPECIFIED **)) - start
23:05:06.288 [main] DEBUG o.d.dataset.datatype.IntegerDataType - typeCast(value=1) - start
23:05:06.289 [main] DEBUG o.d.dataset.datatype.IntegerDataType - typeCast(value=1) - start
23:05:06.289 [main] DEBUG org.dbunit.dataset.DefaultTable - getValue(row=0, column=quantity) - start
23:05:06.289 [main] DEBUG org.dbunit.dataset.AbstractTable - assertValidRowIndex(row=0) - start
23:05:06.289 [main] DEBUG org.dbunit.dataset.AbstractTable - assertValidRowIndex(row=0, rowCount=8) - start
23:05:06.289 [main] DEBUG org.dbunit.dataset.AbstractTable - getColumnIndex(columnName=quantity) - start
23:05:06.290 [main] DEBUG o.d.dataset.AbstractTableMetaData - getColumnIndex(columnName=quantity) - start
23:05:06.290 [main] DEBUG o.d.d.s.AutomaticPreparedBatchStatement - addValue(value=10, dataType=INTEGER) - start
23:05:06.290 [main] DEBUG o.d.d.s.SimplePreparedStatement - addValue(value=10, dataType=INTEGER) - start
23:05:06.290 [main] DEBUG o.d.dataset.datatype.IntegerDataType - setSqlValue(value=10, column=4, statement=com.mysql.jdbc.JDBC4PreparedStatement@419d05: insert into order_items (id, order_order_number, product_sku_number, quantity) values (1, 1, 1, ** NOT SPECIFIED **)) - start
23:05:06.292 [main] DEBUG o.d.dataset.datatype.IntegerDataType - typeCast(value=10) - start
23:05:06.292 [main] DEBUG o.d.dataset.datatype.IntegerDataType - typeCast(value=10) - start
23:05:06.292 [main] DEBUG o.d.d.s.AutomaticPreparedBatchStatement - addBatch() - start
23:05:06.292 [main] DEBUG o.d.d.s.SimplePreparedStatement - addBatch() - start
23:05:06.312 [main] DEBUG org.dbunit.operation.InsertOperation - equalsIgnoreMapping(ignoreMapping={}, table=org.dbunit.dataset.DefaultTable[_metaData=tableName=order_items, columns=[(id, UNKNOWN, nullableUnknown), (order_order_number, UNKNOWN, nullableUnknown), (product_sku_number, UNKNOWN, nullableUnknown), (quantity, UNKNOWN, nullableUnknown)], keys=[], _rowList.size()=8], row=1) - start
23:05:06.312 [main] DEBUG org.dbunit.dataset.DefaultTable - getValue(row=1, column=id) - start
23:05:06.312 [main] DEBUG org.dbunit.dataset.AbstractTable - assertValidRowIndex(row=1) - start
23:05:06.395 [main] DEBUG org.dbunit.dataset.AbstractTable - assertValidRowIndex(row=1, rowCount=8) - start
23:05:06.395 [main] DEBUG org.dbunit.dataset.AbstractTable - getColumnIndex(columnName=id) - start
23:05:06.395 [main] DEBUG o.d.dataset.AbstractTableMetaData - getColumnIndex(columnName=id) - start
23:05:06.395 [main] DEBUG org.dbunit.dataset.DefaultTable - getValue(row=1, column=order_order_number) - start
23:05:06.395 [main] DEBUG org.dbunit.dataset.AbstractTable - assertValidRowIndex(row=1) - start
23:05:06.396 [main] DEBUG org.dbunit.dataset.AbstractTable - assertValidRowIndex(row=1, rowCount=8) - start
23:05:06.396 [main] DEBUG org.dbunit.dataset.AbstractTable - getColumnIndex(columnName=order_order_number) - start
23:05:06.396 [main] DEBUG o.d.dataset.AbstractTableMetaData - getColumnIndex(columnName=order_order_number) - start
23:05:06.396 [main] DEBUG org.dbunit.dataset.DefaultTable - getValue(row=1, column=product_sku_number) - start
23:05:06.396 [main] DEBUG org.dbunit.dataset.AbstractTable - assertValidRowIndex(row=1) - start
23:05:06.398 [main] DEBUG org.dbunit.dataset.AbstractTable - assertValidRowIndex(row=1, rowCount=8) - start
23:05:06.398 [main] DEBUG org.dbunit.dataset.AbstractTable - getColumnIndex(columnName=product_sku_number) - start
23:05:06.398 [main] DEBUG o.d.dataset.AbstractTableMetaData - getColumnIndex(columnName=product_sku_number) - start
23:05:06.398 [main] DEBUG org.dbunit.dataset.DefaultTable - getValue(row=1, column=quantity) - start
23:05:06.398 [main] DEBUG org.dbunit.dataset.AbstractTable - assertValidRowIndex(row=1) - start
23:05:06.399 [main] DEBUG org.dbunit.dataset.AbstractTable - assertValidRowIndex(row=1, rowCount=8) - start
23:05:06.399 [main] DEBUG org.dbunit.dataset.AbstractTable - getColumnIndex(columnName=quantity) - start
23:05:06.399 [main] DEBUG o.d.dataset.AbstractTableMetaData - getColumnIndex(columnName=quantity) - start
23:05:06.399 [main] DEBUG org.dbunit.dataset.DefaultTable - getValue(row=1, column=id) - start
23:05:06.399 [main] DEBUG org.dbunit.dataset.AbstractTable - assertValidRowIndex(row=1) - start
23:05:06.401 [main] DEBUG org.dbunit.dataset.AbstractTable - assertValidRowIndex(row=1, rowCount=8) - start
23:05:06.401 [main] DEBUG org.dbunit.dataset.AbstractTable - getColumnIndex(columnName=id) - start
23:05:06.401 [main] DEBUG o.d.dataset.AbstractTableMetaData - getColumnIndex(columnName=id) - start
23:05:06.401 [main] DEBUG o.d.d.s.AutomaticPreparedBatchStatement - addValue(value=2, dataType=INTEGER) - start
23:05:06.401 [main] DEBUG o.d.d.s.SimplePreparedStatement - addValue(value=2, dataType=INTEGER) - start
23:05:06.402 [main] DEBUG o.d.dataset.datatype.IntegerDataType - setSqlValue(value=2, column=1, statement=com.mysql.jdbc.JDBC4PreparedStatement@419d05: insert into order_items (id, order_order_number, product_sku_number, quantity) values (1, 1, 1, 10)) - start
23:05:06.403 [main] DEBUG o.d.dataset.datatype.IntegerDataType - typeCast(value=2) - start
23:05:06.403 [main] DEBUG o.d.dataset.datatype.IntegerDataType - typeCast(value=2) - start
23:05:06.403 [main] DEBUG org.dbunit.dataset.DefaultTable - getValue(row=1, column=order_order_number) - start
23:05:06.404 [main] DEBUG org.dbunit.dataset.AbstractTable - assertValidRowIndex(row=1) - start
23:05:06.404 [main] DEBUG org.dbunit.dataset.AbstractTable - assertValidRowIndex(row=1, rowCount=8) - start
23:05:06.404 [main] DEBUG org.dbunit.dataset.AbstractTable - getColumnIndex(columnName=order_order_number) - start
23:05:06.404 [main] DEBUG o.d.dataset.AbstractTableMetaData - getColumnIndex(columnName=order_order_number) - start
23:05:06.404 [main] DEBUG o.d.d.s.AutomaticPreparedBatchStatement - addValue(value=2, dataType=INTEGER) - start
23:05:06.406 [main] DEBUG o.d.d.s.SimplePreparedStatement - addValue(value=2, dataType=INTEGER) - start
23:05:06.406 [main] DEBUG o.d.dataset.datatype.IntegerDataType - setSqlValue(value=2, column=2, statement=com.mysql.jdbc.JDBC4PreparedStatement@419d05: insert into order_items (id, order_order_number, product_sku_number, quantity) values (2, 1, 1, 10)) - start
23:05:06.406 [main] DEBUG o.d.dataset.datatype.IntegerDataType - typeCast(value=2) - start
23:05:06.406 [main] DEBUG o.d.dataset.datatype.IntegerDataType - typeCast(value=2) - start
23:05:06.408 [main] DEBUG org.dbunit.dataset.DefaultTable - getValue(row=1, column=product_sku_number) - start
23:05:06.408 [main] DEBUG org.dbunit.dataset.AbstractTable - assertValidRowIndex(row=1) - start
23:05:06.408 [main] DEBUG org.dbunit.dataset.AbstractTable - assertValidRowIndex(row=1, rowCount=8) - start
23:05:06.408 [main] DEBUG org.dbunit.dataset.AbstractTable - getColumnIndex(columnName=product_sku_number) - start
23:05:06.408 [main] DEBUG o.d.dataset.AbstractTableMetaData - getColumnIndex(columnName=product_sku_number) - start
23:05:06.409 [main] DEBUG o.d.d.s.AutomaticPreparedBatchStatement - addValue(value=2, dataType=INTEGER) - start
23:05:06.409 [main] DEBUG o.d.d.s.SimplePreparedStatement - addValue(value=2, dataType=INTEGER) - start
23:05:06.409 [main] DEBUG o.d.dataset.datatype.IntegerDataType - setSqlValue(value=2, column=3, statement=com.mysql.jdbc.JDBC4PreparedStatement@419d05: insert into order_items (id, order_order_number, product_sku_number, quantity) values (2, 2, 1, 10)) - start
23:05:06.409 [main] DEBUG o.d.dataset.datatype.IntegerDataType - typeCast(value=2) - start
23:05:06.411 [main] DEBUG o.d.dataset.datatype.IntegerDataType - typeCast(value=2) - start
23:05:06.411 [main] DEBUG org.dbunit.dataset.DefaultTable - getValue(row=1, column=quantity) - start
23:05:06.411 [main] DEBUG org.dbunit.dataset.AbstractTable - assertValidRowIndex(row=1) - start
23:05:06.411 [main] DEBUG org.dbunit.dataset.AbstractTable - assertValidRowIndex(row=1, rowCount=8) - start
23:05:06.411 [main] DEBUG org.dbunit.dataset.AbstractTable - getColumnIndex(columnName=quantity) - start
23:05:06.411 [main] DEBUG o.d.dataset.AbstractTableMetaData - getColumnIndex(columnName=quantity) - start
23:05:06.412 [main] DEBUG o.d.d.s.AutomaticPreparedBatchStatement - addValue(value=196, dataType=INTEGER) - start
23:05:06.412 [main] DEBUG o.d.d.s.SimplePreparedStatement - addValue(value=196, dataType=INTEGER) - start
23:05:06.412 [main] DEBUG o.d.dataset.datatype.IntegerDataType - setSqlValue(value=196, column=4, statement=com.mysql.jdbc.JDBC4PreparedStatement@419d05: insert into order_items (id, order_order_number, product_sku_number, quantity) values (2, 2, 2, 10)) - start
23:05:06.412 [main] DEBUG o.d.dataset.datatype.IntegerDataType - typeCast(value=196) - start
23:05:06.414 [main] DEBUG o.d.dataset.datatype.IntegerDataType - typeCast(value=196) - start
23:05:06.414 [main] DEBUG o.d.d.s.AutomaticPreparedBatchStatement - addBatch() - start
23:05:06.414 [main] DEBUG o.d.d.s.SimplePreparedStatement - addBatch() - start
23:05:06.429 [main] DEBUG org.dbunit.operation.InsertOperation - equalsIgnoreMapping(ignoreMapping={}, table=org.dbunit.dataset.DefaultTable[_metaData=tableName=order_items, columns=[(id, UNKNOWN, nullableUnknown), (order_order_number, UNKNOWN, nullableUnknown), (product_sku_number, UNKNOWN, nullableUnknown), (quantity, UNKNOWN, nullableUnknown)], keys=[], _rowList.size()=8], row=2) - start
23:05:06.430 [main] DEBUG org.dbunit.dataset.DefaultTable - getValue(row=2, column=id) - start
23:05:06.430 [main] DEBUG org.dbunit.dataset.AbstractTable - assertValidRowIndex(row=2) - start
23:05:06.517 [main] DEBUG org.dbunit.dataset.AbstractTable - assertValidRowIndex(row=2, rowCount=8) - start
23:05:06.517 [main] DEBUG org.dbunit.dataset.AbstractTable - getColumnIndex(columnName=id) - start
23:05:06.517 [main] DEBUG o.d.dataset.AbstractTableMetaData - getColumnIndex(columnName=id) - start
23:05:06.517 [main] DEBUG org.dbunit.dataset.DefaultTable - getValue(row=2, column=order_order_number) - start
23:05:06.517 [main] DEBUG org.dbunit.dataset.AbstractTable - assertValidRowIndex(row=2) - start
23:05:06.518 [main] DEBUG org.dbunit.dataset.AbstractTable - assertValidRowIndex(row=2, rowCount=8) - start
23:05:06.518 [main] DEBUG org.dbunit.dataset.AbstractTable - getColumnIndex(columnName=order_order_number) - start
23:05:06.518 [main] DEBUG o.d.dataset.AbstractTableMetaData - getColumnIndex(columnName=order_order_number) - start
23:05:06.518 [main] DEBUG org.dbunit.dataset.DefaultTable - getValue(row=2, column=product_sku_number) - start
23:05:06.518 [main] DEBUG org.dbunit.dataset.AbstractTable - assertValidRowIndex(row=2) - start
23:05:06.520 [main] DEBUG org.dbunit.dataset.AbstractTable - assertValidRowIndex(row=2, rowCount=8) - start
23:05:06.520 [main] DEBUG org.dbunit.dataset.AbstractTable - getColumnIndex(columnName=product_sku_number) - start
23:05:06.520 [main] DEBUG o.d.dataset.AbstractTableMetaData - getColumnIndex(columnName=product_sku_number) - start
23:05:06.520 [main] DEBUG org.dbunit.dataset.DefaultTable - getValue(row=2, column=quantity) - start
23:05:06.520 [main] DEBUG org.dbunit.dataset.AbstractTable - assertValidRowIndex(row=2) - start
23:05:06.521 [main] DEBUG org.dbunit.dataset.AbstractTable - assertValidRowIndex(row=2, rowCount=8) - start
23:05:06.521 [main] DEBUG org.dbunit.dataset.AbstractTable - getColumnIndex(columnName=quantity) - start
23:05:06.521 [main] DEBUG o.d.dataset.AbstractTableMetaData - getColumnIndex(columnName=quantity) - start
23:05:06.521 [main] DEBUG org.dbunit.dataset.DefaultTable - getValue(row=2, column=id) - start
23:05:06.521 [main] DEBUG org.dbunit.dataset.AbstractTable - assertValidRowIndex(row=2) - start
23:05:06.523 [main] DEBUG org.dbunit.dataset.AbstractTable - assertValidRowIndex(row=2, rowCount=8) - start
23:05:06.523 [main] DEBUG org.dbunit.dataset.AbstractTable - getColumnIndex(columnName=id) - start
23:05:06.523 [main] DEBUG o.d.dataset.AbstractTableMetaData - getColumnIndex(columnName=id) - start
23:05:06.523 [main] DEBUG o.d.d.s.AutomaticPreparedBatchStatement - addValue(value=3, dataType=INTEGER) - start
23:05:06.523 [main] DEBUG o.d.d.s.SimplePreparedStatement - addValue(value=3, dataType=INTEGER) - start
23:05:06.524 [main] DEBUG o.d.dataset.datatype.IntegerDataType - setSqlValue(value=3, column=1, statement=com.mysql.jdbc.JDBC4PreparedStatement@419d05: insert into order_items (id, order_order_number, product_sku_number, quantity) values (2, 2, 2, 196)) - start
23:05:06.525 [main] DEBUG o.d.dataset.datatype.IntegerDataType - typeCast(value=3) - start
23:05:06.525 [main] DEBUG o.d.dataset.datatype.IntegerDataType - typeCast(value=3) - start
23:05:06.525 [main] DEBUG org.dbunit.dataset.DefaultTable - getValue(row=2, column=order_order_number) - start
23:05:06.526 [main] DEBUG org.dbunit.dataset.AbstractTable - assertValidRowIndex(row=2) - start
23:05:06.526 [main] DEBUG org.dbunit.dataset.AbstractTable - assertValidRowIndex(row=2, rowCount=8) - start
23:05:06.526 [main] DEBUG org.dbunit.dataset.AbstractTable - getColumnIndex(columnName=order_order_number) - start
23:05:06.526 [main] DEBUG o.d.dataset.AbstractTableMetaData - getColumnIndex(columnName=order_order_number) - start
23:05:06.526 [main] DEBUG o.d.d.s.AutomaticPreparedBatchStatement - addValue(value=2, dataType=INTEGER) - start
23:05:06.528 [main] DEBUG o.d.d.s.SimplePreparedStatement - addValue(value=2, dataType=INTEGER) - start
23:05:06.528 [main] DEBUG o.d.dataset.datatype.IntegerDataType - setSqlValue(value=2, column=2, statement=com.mysql.jdbc.JDBC4PreparedStatement@419d05: insert into order_items (id, order_order_number, product_sku_number, quantity) values (3, 2, 2, 196)) - start
23:05:06.528 [main] DEBUG o.d.dataset.datatype.IntegerDataType - typeCast(value=2) - start
23:05:06.528 [main] DEBUG o.d.dataset.datatype.IntegerDataType - typeCast(value=2) - start
23:05:06.530 [main] DEBUG org.dbunit.dataset.DefaultTable - getValue(row=2, column=product_sku_number) - start
23:05:06.530 [main] DEBUG org.dbunit.dataset.AbstractTable - assertValidRowIndex(row=2) - start
23:05:06.530 [main] DEBUG org.dbunit.dataset.AbstractTable - assertValidRowIndex(row=2, rowCount=8) - start
23:05:06.530 [main] DEBUG org.dbunit.dataset.AbstractTable - getColumnIndex(columnName=product_sku_number) - start
23:05:06.530 [main] DEBUG o.d.dataset.AbstractTableMetaData - getColumnIndex(columnName=product_sku_number) - start
23:05:06.531 [main] DEBUG o.d.d.s.AutomaticPreparedBatchStatement - addValue(value=4, dataType=INTEGER) - start
23:05:06.531 [main] DEBUG o.d.d.s.SimplePreparedStatement - addValue(value=4, dataType=INTEGER) - start
23:05:06.531 [main] DEBUG o.d.dataset.datatype.IntegerDataType - setSqlValue(value=4, column=3, statement=com.mysql.jdbc.JDBC4PreparedStatement@419d05: insert into order_items (id, order_order_number, product_sku_number, quantity) values (3, 2, 2, 196)) - start
23:05:06.531 [main] DEBUG o.d.dataset.datatype.IntegerDataType - typeCast(value=4) - start
23:05:06.532 [main] DEBUG o.d.dataset.datatype.IntegerDataType - typeCast(value=4) - start
23:05:06.532 [main] DEBUG org.dbunit.dataset.DefaultTable - getValue(row=2, column=quantity) - start
23:05:06.532 [main] DEBUG org.dbunit.dataset.AbstractTable - assertValidRowIndex(row=2) - start
23:05:06.532 [main] DEBUG org.dbunit.dataset.AbstractTable - assertValidRowIndex(row=2, rowCount=8) - start
23:05:06.532 [main] DEBUG org.dbunit.dataset.AbstractTable - getColumnIndex(columnName=quantity) - start
23:05:06.532 [main] DEBUG o.d.dataset.AbstractTableMetaData - getColumnIndex(columnName=quantity) - start
23:05:06.534 [main] DEBUG o.d.d.s.AutomaticPreparedBatchStatement - addValue(value=1, dataType=INTEGER) - start
23:05:06.534 [main] DEBUG o.d.d.s.SimplePreparedStatement - addValue(value=1, dataType=INTEGER) - start
23:05:06.534 [main] DEBUG o.d.dataset.datatype.IntegerDataType - setSqlValue(value=1, column=4, statement=com.mysql.jdbc.JDBC4PreparedStatement@419d05: insert into order_items (id, order_order_number, product_sku_number, quantity) values (3, 2, 4, 196)) - start
23:05:06.534 [main] DEBUG o.d.dataset.datatype.IntegerDataType - typeCast(value=1) - start
23:05:06.535 [main] DEBUG o.d.dataset.datatype.IntegerDataType - typeCast(value=1) - start
23:05:06.535 [main] DEBUG o.d.d.s.AutomaticPreparedBatchStatement - addBatch() - start
23:05:06.536 [main] DEBUG o.d.d.s.SimplePreparedStatement - addBatch() - start
23:05:06.565 [main] DEBUG org.dbunit.operation.InsertOperation - equalsIgnoreMapping(ignoreMapping={}, table=org.dbunit.dataset.DefaultTable[_metaData=tableName=order_items, columns=[(id, UNKNOWN, nullableUnknown), (order_order_number, UNKNOWN, nullableUnknown), (product_sku_number, UNKNOWN, nullableUnknown), (quantity, UNKNOWN, nullableUnknown)], keys=[], _rowList.size()=8], row=3) - start
23:05:06.565 [main] DEBUG org.dbunit.dataset.DefaultTable - getValue(row=3, column=id) - start
23:05:06.565 [main] DEBUG org.dbunit.dataset.AbstractTable - assertValidRowIndex(row=3) - start
23:05:06.639 [main] DEBUG org.dbunit.dataset.AbstractTable - assertValidRowIndex(row=3, rowCount=8) - start
23:05:06.639 [main] DEBUG org.dbunit.dataset.AbstractTable - getColumnIndex(columnName=id) - start
23:05:06.639 [main] DEBUG o.d.dataset.AbstractTableMetaData - getColumnIndex(columnName=id) - start
23:05:06.639 [main] DEBUG org.dbunit.dataset.DefaultTable - getValue(row=3, column=order_order_number) - start
23:05:06.639 [main] DEBUG org.dbunit.dataset.AbstractTable - assertValidRowIndex(row=3) - start
23:05:06.640 [main] DEBUG org.dbunit.dataset.AbstractTable - assertValidRowIndex(row=3, rowCount=8) - start
23:05:06.641 [main] DEBUG org.dbunit.dataset.AbstractTable - getColumnIndex(columnName=order_order_number) - start
23:05:06.641 [main] DEBUG o.d.dataset.AbstractTableMetaData - getColumnIndex(columnName=order_order_number) - start
23:05:06.641 [main] DEBUG org.dbunit.dataset.DefaultTable - getValue(row=3, column=product_sku_number) - start
23:05:06.641 [main] DEBUG org.dbunit.dataset.AbstractTable - assertValidRowIndex(row=3) - start
23:05:06.642 [main] DEBUG org.dbunit.dataset.AbstractTable - assertValidRowIndex(row=3, rowCount=8) - start
23:05:06.642 [main] DEBUG org.dbunit.dataset.AbstractTable - getColumnIndex(columnName=product_sku_number) - start
23:05:06.642 [main] DEBUG o.d.dataset.AbstractTableMetaData - getColumnIndex(columnName=product_sku_number) - start
23:05:06.642 [main] DEBUG org.dbunit.dataset.DefaultTable - getValue(row=3, column=quantity) - start
23:05:06.642 [main] DEBUG org.dbunit.dataset.AbstractTable - assertValidRowIndex(row=3) - start
23:05:06.643 [main] DEBUG org.dbunit.dataset.AbstractTable - assertValidRowIndex(row=3, rowCount=8) - start
23:05:06.643 [main] DEBUG org.dbunit.dataset.AbstractTable - getColumnIndex(columnName=quantity) - start
23:05:06.643 [main] DEBUG o.d.dataset.AbstractTableMetaData - getColumnIndex(columnName=quantity) - start
23:05:06.643 [main] DEBUG org.dbunit.dataset.DefaultTable - getValue(row=3, column=id) - start
23:05:06.643 [main] DEBUG org.dbunit.dataset.AbstractTable - assertValidRowIndex(row=3) - start
23:05:06.645 [main] DEBUG org.dbunit.dataset.AbstractTable - assertValidRowIndex(row=3, rowCount=8) - start
23:05:06.645 [main] DEBUG org.dbunit.dataset.AbstractTable - getColumnIndex(columnName=id) - start
23:05:06.645 [main] DEBUG o.d.dataset.AbstractTableMetaData - getColumnIndex(columnName=id) - start
23:05:06.645 [main] DEBUG o.d.d.s.AutomaticPreparedBatchStatement - addValue(value=4, dataType=INTEGER) - start
23:05:06.645 [main] DEBUG o.d.d.s.SimplePreparedStatement - addValue(value=4, dataType=INTEGER) - start
23:05:06.646 [main] DEBUG o.d.dataset.datatype.IntegerDataType - setSqlValue(value=4, column=1, statement=com.mysql.jdbc.JDBC4PreparedStatement@419d05: insert into order_items (id, order_order_number, product_sku_number, quantity) values (3, 2, 4, 1)) - start
23:05:06.646 [main] DEBUG o.d.dataset.datatype.IntegerDataType - typeCast(value=4) - start
23:05:06.646 [main] DEBUG o.d.dataset.datatype.IntegerDataType - typeCast(value=4) - start
23:05:06.646 [main] DEBUG org.dbunit.dataset.DefaultTable - getValue(row=3, column=order_order_number) - start
23:05:06.648 [main] DEBUG org.dbunit.dataset.AbstractTable - assertValidRowIndex(row=3) - start
23:05:06.648 [main] DEBUG org.dbunit.dataset.AbstractTable - assertValidRowIndex(row=3, rowCount=8) - start
23:05:06.648 [main] DEBUG org.dbunit.dataset.AbstractTable - getColumnIndex(columnName=order_order_number) - start
23:05:06.648 [main] DEBUG o.d.dataset.AbstractTableMetaData - getColumnIndex(columnName=order_order_number) - start
23:05:06.648 [main] DEBUG o.d.d.s.AutomaticPreparedBatchStatement - addValue(value=3, dataType=INTEGER) - start
23:05:06.649 [main] DEBUG o.d.d.s.SimplePreparedStatement - addValue(value=3, dataType=INTEGER) - start
23:05:06.649 [main] DEBUG o.d.dataset.datatype.IntegerDataType - setSqlValue(value=3, column=2, statement=com.mysql.jdbc.JDBC4PreparedStatement@419d05: insert into order_items (id, order_order_number, product_sku_number, quantity) values (4, 2, 4, 1)) - start
23:05:06.649 [main] DEBUG o.d.dataset.datatype.IntegerDataType - typeCast(value=3) - start
23:05:06.650 [main] DEBUG o.d.dataset.datatype.IntegerDataType - typeCast(value=3) - start
23:05:06.651 [main] DEBUG org.dbunit.dataset.DefaultTable - getValue(row=3, column=product_sku_number) - start
23:05:06.651 [main] DEBUG org.dbunit.dataset.AbstractTable - assertValidRowIndex(row=3) - start
23:05:06.651 [main] DEBUG org.dbunit.dataset.AbstractTable - assertValidRowIndex(row=3, rowCount=8) - start
23:05:06.651 [main] DEBUG org.dbunit.dataset.AbstractTable - getColumnIndex(columnName=product_sku_number) - start
23:05:06.651 [main] DEBUG o.d.dataset.AbstractTableMetaData - getColumnIndex(columnName=product_sku_number) - start
23:05:06.653 [main] DEBUG o.d.d.s.AutomaticPreparedBatchStatement - addValue(value=2, dataType=INTEGER) - start
23:05:06.653 [main] DEBUG o.d.d.s.SimplePreparedStatement - addValue(value=2, dataType=INTEGER) - start
23:05:06.653 [main] DEBUG o.d.dataset.datatype.IntegerDataType - setSqlValue(value=2, column=3, statement=com.mysql.jdbc.JDBC4PreparedStatement@419d05: insert into order_items (id, order_order_number, product_sku_number, quantity) values (4, 3, 4, 1)) - start
23:05:06.653 [main] DEBUG o.d.dataset.datatype.IntegerDataType - typeCast(value=2) - start
23:05:06.654 [main] DEBUG o.d.dataset.datatype.IntegerDataType - typeCast(value=2) - start
23:05:06.654 [main] DEBUG org.dbunit.dataset.DefaultTable - getValue(row=3, column=quantity) - start
23:05:06.654 [main] DEBUG org.dbunit.dataset.AbstractTable - assertValidRowIndex(row=3) - start
23:05:06.654 [main] DEBUG org.dbunit.dataset.AbstractTable - assertValidRowIndex(row=3, rowCount=8) - start
23:05:06.654 [main] DEBUG org.dbunit.dataset.AbstractTable - getColumnIndex(columnName=quantity) - start
23:05:06.654 [main] DEBUG o.d.dataset.AbstractTableMetaData - getColumnIndex(columnName=quantity) - start
23:05:06.656 [main] DEBUG o.d.d.s.AutomaticPreparedBatchStatement - addValue(value=196, dataType=INTEGER) - start
23:05:06.656 [main] DEBUG o.d.d.s.SimplePreparedStatement - addValue(value=196, dataType=INTEGER) - start
23:05:06.656 [main] DEBUG o.d.dataset.datatype.IntegerDataType - setSqlValue(value=196, column=4, statement=com.mysql.jdbc.JDBC4PreparedStatement@419d05: insert into order_items (id, order_order_number, product_sku_number, quantity) values (4, 3, 2, 1)) - start
23:05:06.656 [main] DEBUG o.d.dataset.datatype.IntegerDataType - typeCast(value=196) - start
23:05:06.658 [main] DEBUG o.d.dataset.datatype.IntegerDataType - typeCast(value=196) - start
23:05:06.658 [main] DEBUG o.d.d.s.AutomaticPreparedBatchStatement - addBatch() - start
23:05:06.658 [main] DEBUG o.d.d.s.SimplePreparedStatement - addBatch() - start
23:05:06.682 [main] DEBUG org.dbunit.operation.InsertOperation - equalsIgnoreMapping(ignoreMapping={}, table=org.dbunit.dataset.DefaultTable[_metaData=tableName=order_items, columns=[(id, UNKNOWN, nullableUnknown), (order_order_number, UNKNOWN, nullableUnknown), (product_sku_number, UNKNOWN, nullableUnknown), (quantity, UNKNOWN, nullableUnknown)], keys=[], _rowList.size()=8], row=4) - start
23:05:06.682 [main] DEBUG org.dbunit.dataset.DefaultTable - getValue(row=4, column=id) - start
23:05:06.682 [main] DEBUG org.dbunit.dataset.AbstractTable - assertValidRowIndex(row=4) - start
23:05:06.761 [main] DEBUG org.dbunit.dataset.AbstractTable - assertValidRowIndex(row=4, rowCount=8) - start
23:05:06.761 [main] DEBUG org.dbunit.dataset.AbstractTable - getColumnIndex(columnName=id) - start
23:05:06.761 [main] DEBUG o.d.dataset.AbstractTableMetaData - getColumnIndex(columnName=id) - start
23:05:06.761 [main] DEBUG org.dbunit.dataset.DefaultTable - getValue(row=4, column=order_order_number) - start
23:05:06.761 [main] DEBUG org.dbunit.dataset.AbstractTable - assertValidRowIndex(row=4) - start
23:05:06.762 [main] DEBUG org.dbunit.dataset.AbstractTable - assertValidRowIndex(row=4, rowCount=8) - start
23:05:06.762 [main] DEBUG org.dbunit.dataset.AbstractTable - getColumnIndex(columnName=order_order_number) - start
23:05:06.762 [main] DEBUG o.d.dataset.AbstractTableMetaData - getColumnIndex(columnName=order_order_number) - start
23:05:06.762 [main] DEBUG org.dbunit.dataset.DefaultTable - getValue(row=4, column=product_sku_number) - start
23:05:06.762 [main] DEBUG org.dbunit.dataset.AbstractTable - assertValidRowIndex(row=4) - start
23:05:06.763 [main] DEBUG org.dbunit.dataset.AbstractTable - assertValidRowIndex(row=4, rowCount=8) - start
23:05:06.764 [main] DEBUG org.dbunit.dataset.AbstractTable - getColumnIndex(columnName=product_sku_number) - start
23:05:06.764 [main] DEBUG o.d.dataset.AbstractTableMetaData - getColumnIndex(columnName=product_sku_number) - start
23:05:06.764 [main] DEBUG org.dbunit.dataset.DefaultTable - getValue(row=4, column=quantity) - start
23:05:06.764 [main] DEBUG org.dbunit.dataset.AbstractTable - assertValidRowIndex(row=4) - start
23:05:06.765 [main] DEBUG org.dbunit.dataset.AbstractTable - assertValidRowIndex(row=4, rowCount=8) - start
23:05:06.765 [main] DEBUG org.dbunit.dataset.AbstractTable - getColumnIndex(columnName=quantity) - start
23:05:06.765 [main] DEBUG o.d.dataset.AbstractTableMetaData - getColumnIndex(columnName=quantity) - start
23:05:06.765 [main] DEBUG org.dbunit.dataset.DefaultTable - getValue(row=4, column=id) - start
23:05:06.765 [main] DEBUG org.dbunit.dataset.AbstractTable - assertValidRowIndex(row=4) - start
23:05:06.767 [main] DEBUG org.dbunit.dataset.AbstractTable - assertValidRowIndex(row=4, rowCount=8) - start
23:05:06.767 [main] DEBUG org.dbunit.dataset.AbstractTable - getColumnIndex(columnName=id) - start
23:05:06.767 [main] DEBUG o.d.dataset.AbstractTableMetaData - getColumnIndex(columnName=id) - start
23:05:06.767 [main] DEBUG o.d.d.s.AutomaticPreparedBatchStatement - addValue(value=5, dataType=INTEGER) - start
23:05:06.767 [main] DEBUG o.d.d.s.SimplePreparedStatement - addValue(value=5, dataType=INTEGER) - start
23:05:06.768 [main] DEBUG o.d.dataset.datatype.IntegerDataType - setSqlValue(value=5, column=1, statement=com.mysql.jdbc.JDBC4PreparedStatement@419d05: insert into order_items (id, order_order_number, product_sku_number, quantity) values (4, 3, 2, 196)) - start
23:05:06.770 [main] DEBUG o.d.dataset.datatype.IntegerDataType - typeCast(value=5) - start
23:05:06.770 [main] DEBUG o.d.dataset.datatype.IntegerDataType - typeCast(value=5) - start
23:05:06.770 [main] DEBUG org.dbunit.dataset.DefaultTable - getValue(row=4, column=order_order_number) - start
23:05:06.870 [main] DEBUG org.dbunit.dataset.AbstractTable - assertValidRowIndex(row=4) - start
23:05:06.870 [main] DEBUG org.dbunit.dataset.AbstractTable - assertValidRowIndex(row=4, rowCount=8) - start
23:05:06.870 [main] DEBUG org.dbunit.dataset.AbstractTable - getColumnIndex(columnName=order_order_number) - start
23:05:06.870 [main] DEBUG o.d.dataset.AbstractTableMetaData - getColumnIndex(columnName=order_order_number) - start
23:05:06.870 [main] DEBUG o.d.d.s.AutomaticPreparedBatchStatement - addValue(value=4, dataType=INTEGER) - start
23:05:06.871 [main] DEBUG o.d.d.s.SimplePreparedStatement - addValue(value=4, dataType=INTEGER) - start
23:05:06.871 [main] DEBUG o.d.dataset.datatype.IntegerDataType - setSqlValue(value=4, column=2, statement=com.mysql.jdbc.JDBC4PreparedStatement@419d05: insert into order_items (id, order_order_number, product_sku_number, quantity) values (5, 3, 2, 196)) - start
23:05:06.871 [main] DEBUG o.d.dataset.datatype.IntegerDataType - typeCast(value=4) - start
23:05:06.871 [main] DEBUG o.d.dataset.datatype.IntegerDataType - typeCast(value=4) - start
23:05:06.873 [main] DEBUG org.dbunit.dataset.DefaultTable - getValue(row=4, column=product_sku_number) - start
23:05:06.873 [main] DEBUG org.dbunit.dataset.AbstractTable - assertValidRowIndex(row=4) - start
23:05:06.873 [main] DEBUG org.dbunit.dataset.AbstractTable - assertValidRowIndex(row=4, rowCount=8) - start
23:05:06.873 [main] DEBUG org.dbunit.dataset.AbstractTable - getColumnIndex(columnName=product_sku_number) - start
23:05:06.873 [main] DEBUG o.d.dataset.AbstractTableMetaData - getColumnIndex(columnName=product_sku_number) - start
23:05:06.874 [main] DEBUG o.d.d.s.AutomaticPreparedBatchStatement - addValue(value=2, dataType=INTEGER) - start
23:05:06.874 [main] DEBUG o.d.d.s.SimplePreparedStatement - addValue(value=2, dataType=INTEGER) - start
23:05:06.874 [main] DEBUG o.d.dataset.datatype.IntegerDataType - setSqlValue(value=2, column=3, statement=com.mysql.jdbc.JDBC4PreparedStatement@419d05: insert into order_items (id, order_order_number, product_sku_number, quantity) values (5, 4, 2, 196)) - start
23:05:06.874 [main] DEBUG o.d.dataset.datatype.IntegerDataType - typeCast(value=2) - start
23:05:06.876 [main] DEBUG o.d.dataset.datatype.IntegerDataType - typeCast(value=2) - start
23:05:06.876 [main] DEBUG org.dbunit.dataset.DefaultTable - getValue(row=4, column=quantity) - start
23:05:06.876 [main] DEBUG org.dbunit.dataset.AbstractTable - assertValidRowIndex(row=4) - start
23:05:06.876 [main] DEBUG org.dbunit.dataset.AbstractTable - assertValidRowIndex(row=4, rowCount=8) - start
23:05:06.876 [main] DEBUG org.dbunit.dataset.AbstractTable - getColumnIndex(columnName=quantity) - start
23:05:06.876 [main] DEBUG o.d.dataset.AbstractTableMetaData - getColumnIndex(columnName=quantity) - start
23:05:06.877 [main] DEBUG o.d.d.s.AutomaticPreparedBatchStatement - addValue(value=196, dataType=INTEGER) - start
23:05:06.877 [main] DEBUG o.d.d.s.SimplePreparedStatement - addValue(value=196, dataType=INTEGER) - start
23:05:06.877 [main] DEBUG o.d.dataset.datatype.IntegerDataType - setSqlValue(value=196, column=4, statement=com.mysql.jdbc.JDBC4PreparedStatement@419d05: insert into order_items (id, order_order_number, product_sku_number, quantity) values (5, 4, 2, 196)) - start
23:05:06.877 [main] DEBUG o.d.dataset.datatype.IntegerDataType - typeCast(value=196) - start
23:05:06.880 [main] DEBUG o.d.dataset.datatype.IntegerDataType - typeCast(value=196) - start
23:05:06.880 [main] DEBUG o.d.d.s.AutomaticPreparedBatchStatement - addBatch() - start
23:05:06.880 [main] DEBUG o.d.d.s.SimplePreparedStatement - addBatch() - start
23:05:06.906 [main] DEBUG org.dbunit.operation.InsertOperation - equalsIgnoreMapping(ignoreMapping={}, table=org.dbunit.dataset.DefaultTable[_metaData=tableName=order_items, columns=[(id, UNKNOWN, nullableUnknown), (order_order_number, UNKNOWN, nullableUnknown), (product_sku_number, UNKNOWN, nullableUnknown), (quantity, UNKNOWN, nullableUnknown)], keys=[], _rowList.size()=8], row=5) - start
23:05:06.906 [main] DEBUG org.dbunit.dataset.DefaultTable - getValue(row=5, column=id) - start
23:05:06.906 [main] DEBUG org.dbunit.dataset.AbstractTable - assertValidRowIndex(row=5) - start
23:05:06.982 [main] DEBUG org.dbunit.dataset.AbstractTable - assertValidRowIndex(row=5, rowCount=8) - start
23:05:06.982 [main] DEBUG org.dbunit.dataset.AbstractTable - getColumnIndex(columnName=id) - start
23:05:06.982 [main] DEBUG o.d.dataset.AbstractTableMetaData - getColumnIndex(columnName=id) - start
23:05:06.982 [main] DEBUG org.dbunit.dataset.DefaultTable - getValue(row=5, column=order_order_number) - start
23:05:06.982 [main] DEBUG org.dbunit.dataset.AbstractTable - assertValidRowIndex(row=5) - start
23:05:06.983 [main] DEBUG org.dbunit.dataset.AbstractTable - assertValidRowIndex(row=5, rowCount=8) - start
23:05:06.983 [main] DEBUG org.dbunit.dataset.AbstractTable - getColumnIndex(columnName=order_order_number) - start
23:05:06.983 [main] DEBUG o.d.dataset.AbstractTableMetaData - getColumnIndex(columnName=order_order_number) - start
23:05:06.983 [main] DEBUG org.dbunit.dataset.DefaultTable - getValue(row=5, column=product_sku_number) - start
23:05:06.983 [main] DEBUG org.dbunit.dataset.AbstractTable - assertValidRowIndex(row=5) - start
23:05:06.985 [main] DEBUG org.dbunit.dataset.AbstractTable - assertValidRowIndex(row=5, rowCount=8) - start
23:05:06.985 [main] DEBUG org.dbunit.dataset.AbstractTable - getColumnIndex(columnName=product_sku_number) - start
23:05:06.985 [main] DEBUG o.d.dataset.AbstractTableMetaData - getColumnIndex(columnName=product_sku_number) - start
23:05:06.985 [main] DEBUG org.dbunit.dataset.DefaultTable - getValue(row=5, column=quantity) - start
23:05:06.985 [main] DEBUG org.dbunit.dataset.AbstractTable - assertValidRowIndex(row=5) - start
23:05:06.986 [main] DEBUG org.dbunit.dataset.AbstractTable - assertValidRowIndex(row=5, rowCount=8) - start
23:05:06.986 [main] DEBUG org.dbunit.dataset.AbstractTable - getColumnIndex(columnName=quantity) - start
23:05:06.986 [main] DEBUG o.d.dataset.AbstractTableMetaData - getColumnIndex(columnName=quantity) - start
23:05:06.986 [main] DEBUG org.dbunit.dataset.DefaultTable - getValue(row=5, column=id) - start
23:05:06.986 [main] DEBUG org.dbunit.dataset.AbstractTable - assertValidRowIndex(row=5) - start
23:05:06.988 [main] DEBUG org.dbunit.dataset.AbstractTable - assertValidRowIndex(row=5, rowCount=8) - start
23:05:06.988 [main] DEBUG org.dbunit.dataset.AbstractTable - getColumnIndex(columnName=id) - start
23:05:06.988 [main] DEBUG o.d.dataset.AbstractTableMetaData - getColumnIndex(columnName=id) - start
23:05:06.988 [main] DEBUG o.d.d.s.AutomaticPreparedBatchStatement - addValue(value=6, dataType=INTEGER) - start
23:05:06.988 [main] DEBUG o.d.d.s.SimplePreparedStatement - addValue(value=6, dataType=INTEGER) - start
23:05:06.989 [main] DEBUG o.d.dataset.datatype.IntegerDataType - setSqlValue(value=6, column=1, statement=com.mysql.jdbc.JDBC4PreparedStatement@419d05: insert into order_items (id, order_order_number, product_sku_number, quantity) values (5, 4, 2, 196)) - start
23:05:06.989 [main] DEBUG o.d.dataset.datatype.IntegerDataType - typeCast(value=6) - start
23:05:06.989 [main] DEBUG o.d.dataset.datatype.IntegerDataType - typeCast(value=6) - start
23:05:06.989 [main] DEBUG org.dbunit.dataset.DefaultTable - getValue(row=5, column=order_order_number) - start
23:05:06.991 [main] DEBUG org.dbunit.dataset.AbstractTable - assertValidRowIndex(row=5) - start
23:05:06.991 [main] DEBUG org.dbunit.dataset.AbstractTable - assertValidRowIndex(row=5, rowCount=8) - start
23:05:06.991 [main] DEBUG org.dbunit.dataset.AbstractTable - getColumnIndex(columnName=order_order_number) - start
23:05:06.991 [main] DEBUG o.d.dataset.AbstractTableMetaData - getColumnIndex(columnName=order_order_number) - start
23:05:06.991 [main] DEBUG o.d.d.s.AutomaticPreparedBatchStatement - addValue(value=5, dataType=INTEGER) - start
23:05:06.992 [main] DEBUG o.d.d.s.SimplePreparedStatement - addValue(value=5, dataType=INTEGER) - start
23:05:06.992 [main] DEBUG o.d.dataset.datatype.IntegerDataType - setSqlValue(value=5, column=2, statement=com.mysql.jdbc.JDBC4PreparedStatement@419d05: insert into order_items (id, order_order_number, product_sku_number, quantity) values (6, 4, 2, 196)) - start
23:05:06.993 [main] DEBUG o.d.dataset.datatype.IntegerDataType - typeCast(value=5) - start
23:05:06.993 [main] DEBUG o.d.dataset.datatype.IntegerDataType - typeCast(value=5) - start
23:05:06.995 [main] DEBUG org.dbunit.dataset.DefaultTable - getValue(row=5, column=product_sku_number) - start
23:05:06.995 [main] DEBUG org.dbunit.dataset.AbstractTable - assertValidRowIndex(row=5) - start
23:05:06.995 [main] DEBUG org.dbunit.dataset.AbstractTable - assertValidRowIndex(row=5, rowCount=8) - start
23:05:06.995 [main] DEBUG org.dbunit.dataset.AbstractTable - getColumnIndex(columnName=product_sku_number) - start
23:05:06.995 [main] DEBUG o.d.dataset.AbstractTableMetaData - getColumnIndex(columnName=product_sku_number) - start
23:05:06.996 [main] DEBUG o.d.d.s.AutomaticPreparedBatchStatement - addValue(value=3, dataType=INTEGER) - start
23:05:06.996 [main] DEBUG o.d.d.s.SimplePreparedStatement - addValue(value=3, dataType=INTEGER) - start
23:05:06.996 [main] DEBUG o.d.dataset.datatype.IntegerDataType - setSqlValue(value=3, column=3, statement=com.mysql.jdbc.JDBC4PreparedStatement@419d05: insert into order_items (id, order_order_number, product_sku_number, quantity) values (6, 5, 2, 196)) - start
23:05:06.996 [main] DEBUG o.d.dataset.datatype.IntegerDataType - typeCast(value=3) - start
23:05:06.997 [main] DEBUG o.d.dataset.datatype.IntegerDataType - typeCast(value=3) - start
23:05:06.997 [main] DEBUG org.dbunit.dataset.DefaultTable - getValue(row=5, column=quantity) - start
23:05:06.997 [main] DEBUG org.dbunit.dataset.AbstractTable - assertValidRowIndex(row=5) - start
23:05:06.997 [main] DEBUG org.dbunit.dataset.AbstractTable - assertValidRowIndex(row=5, rowCount=8) - start
23:05:06.997 [main] DEBUG org.dbunit.dataset.AbstractTable - getColumnIndex(columnName=quantity) - start
23:05:06.997 [main] DEBUG o.d.dataset.AbstractTableMetaData - getColumnIndex(columnName=quantity) - start
23:05:06.999 [main] DEBUG o.d.d.s.AutomaticPreparedBatchStatement - addValue(value=3, dataType=INTEGER) - start
23:05:06.999 [main] DEBUG o.d.d.s.SimplePreparedStatement - addValue(value=3, dataType=INTEGER) - start
23:05:06.999 [main] DEBUG o.d.dataset.datatype.IntegerDataType - setSqlValue(value=3, column=4, statement=com.mysql.jdbc.JDBC4PreparedStatement@419d05: insert into order_items (id, order_order_number, product_sku_number, quantity) values (6, 5, 3, 196)) - start
23:05:06.999 [main] DEBUG o.d.dataset.datatype.IntegerDataType - typeCast(value=3) - start
23:05:07.000 [main] DEBUG o.d.dataset.datatype.IntegerDataType - typeCast(value=3) - start
23:05:07.001 [main] DEBUG o.d.d.s.AutomaticPreparedBatchStatement - addBatch() - start
23:05:07.001 [main] DEBUG o.d.d.s.SimplePreparedStatement - addBatch() - start
23:05:07.027 [main] DEBUG org.dbunit.operation.InsertOperation - equalsIgnoreMapping(ignoreMapping={}, table=org.dbunit.dataset.DefaultTable[_metaData=tableName=order_items, columns=[(id, UNKNOWN, nullableUnknown), (order_order_number, UNKNOWN, nullableUnknown), (product_sku_number, UNKNOWN, nullableUnknown), (quantity, UNKNOWN, nullableUnknown)], keys=[], _rowList.size()=8], row=6) - start
23:05:07.027 [main] DEBUG org.dbunit.dataset.DefaultTable - getValue(row=6, column=id) - start
23:05:07.027 [main] DEBUG org.dbunit.dataset.AbstractTable - assertValidRowIndex(row=6) - start
23:05:07.104 [main] DEBUG org.dbunit.dataset.AbstractTable - assertValidRowIndex(row=6, rowCount=8) - start
23:05:07.104 [main] DEBUG org.dbunit.dataset.AbstractTable - getColumnIndex(columnName=id) - start
23:05:07.104 [main] DEBUG o.d.dataset.AbstractTableMetaData - getColumnIndex(columnName=id) - start
23:05:07.104 [main] DEBUG org.dbunit.dataset.DefaultTable - getValue(row=6, column=order_order_number) - start
23:05:07.104 [main] DEBUG org.dbunit.dataset.AbstractTable - assertValidRowIndex(row=6) - start
23:05:07.105 [main] DEBUG org.dbunit.dataset.AbstractTable - assertValidRowIndex(row=6, rowCount=8) - start
23:05:07.105 [main] DEBUG org.dbunit.dataset.AbstractTable - getColumnIndex(columnName=order_order_number) - start
23:05:07.105 [main] DEBUG o.d.dataset.AbstractTableMetaData - getColumnIndex(columnName=order_order_number) - start
23:05:07.105 [main] DEBUG org.dbunit.dataset.DefaultTable - getValue(row=6, column=product_sku_number) - start
23:05:07.105 [main] DEBUG org.dbunit.dataset.AbstractTable - assertValidRowIndex(row=6) - start
23:05:07.107 [main] DEBUG org.dbunit.dataset.AbstractTable - assertValidRowIndex(row=6, rowCount=8) - start
23:05:07.107 [main] DEBUG org.dbunit.dataset.AbstractTable - getColumnIndex(columnName=product_sku_number) - start
23:05:07.107 [main] DEBUG o.d.dataset.AbstractTableMetaData - getColumnIndex(columnName=product_sku_number) - start
23:05:07.107 [main] DEBUG org.dbunit.dataset.DefaultTable - getValue(row=6, column=quantity) - start
23:05:07.107 [main] DEBUG org.dbunit.dataset.AbstractTable - assertValidRowIndex(row=6) - start
23:05:07.108 [main] DEBUG org.dbunit.dataset.AbstractTable - assertValidRowIndex(row=6, rowCount=8) - start
23:05:07.108 [main] DEBUG org.dbunit.dataset.AbstractTable - getColumnIndex(columnName=quantity) - start
23:05:07.108 [main] DEBUG o.d.dataset.AbstractTableMetaData - getColumnIndex(columnName=quantity) - start
23:05:07.108 [main] DEBUG org.dbunit.dataset.DefaultTable - getValue(row=6, column=id) - start
23:05:07.108 [main] DEBUG org.dbunit.dataset.AbstractTable - assertValidRowIndex(row=6) - start
23:05:07.110 [main] DEBUG org.dbunit.dataset.AbstractTable - assertValidRowIndex(row=6, rowCount=8) - start
23:05:07.110 [main] DEBUG org.dbunit.dataset.AbstractTable - getColumnIndex(columnName=id) - start
23:05:07.110 [main] DEBUG o.d.dataset.AbstractTableMetaData - getColumnIndex(columnName=id) - start
23:05:07.110 [main] DEBUG o.d.d.s.AutomaticPreparedBatchStatement - addValue(value=7, dataType=INTEGER) - start
23:05:07.110 [main] DEBUG o.d.d.s.SimplePreparedStatement - addValue(value=7, dataType=INTEGER) - start
23:05:07.111 [main] DEBUG o.d.dataset.datatype.IntegerDataType - setSqlValue(value=7, column=1, statement=com.mysql.jdbc.JDBC4PreparedStatement@419d05: insert into order_items (id, order_order_number, product_sku_number, quantity) values (6, 5, 3, 3)) - start
23:05:07.112 [main] DEBUG o.d.dataset.datatype.IntegerDataType - typeCast(value=7) - start
23:05:07.112 [main] DEBUG o.d.dataset.datatype.IntegerDataType - typeCast(value=7) - start
23:05:07.112 [main] DEBUG org.dbunit.dataset.DefaultTable - getValue(row=6, column=order_order_number) - start
23:05:07.113 [main] DEBUG org.dbunit.dataset.AbstractTable - assertValidRowIndex(row=6) - start
23:05:07.113 [main] DEBUG org.dbunit.dataset.AbstractTable - assertValidRowIndex(row=6, rowCount=8) - start
23:05:07.113 [main] DEBUG org.dbunit.dataset.AbstractTable - getColumnIndex(columnName=order_order_number) - start
23:05:07.113 [main] DEBUG o.d.dataset.AbstractTableMetaData - getColumnIndex(columnName=order_order_number) - start
23:05:07.113 [main] DEBUG o.d.d.s.AutomaticPreparedBatchStatement - addValue(value=5, dataType=INTEGER) - start
23:05:07.115 [main] DEBUG o.d.d.s.SimplePreparedStatement - addValue(value=5, dataType=INTEGER) - start
23:05:07.115 [main] DEBUG o.d.dataset.datatype.IntegerDataType - setSqlValue(value=5, column=2, statement=com.mysql.jdbc.JDBC4PreparedStatement@419d05: insert into order_items (id, order_order_number, product_sku_number, quantity) values (7, 5, 3, 3)) - start
23:05:07.115 [main] DEBUG o.d.dataset.datatype.IntegerDataType - typeCast(value=5) - start
23:05:07.115 [main] DEBUG o.d.dataset.datatype.IntegerDataType - typeCast(value=5) - start
23:05:07.116 [main] DEBUG org.dbunit.dataset.DefaultTable - getValue(row=6, column=product_sku_number) - start
23:05:07.116 [main] DEBUG org.dbunit.dataset.AbstractTable - assertValidRowIndex(row=6) - start
23:05:07.116 [main] DEBUG org.dbunit.dataset.AbstractTable - assertValidRowIndex(row=6, rowCount=8) - start
23:05:07.116 [main] DEBUG org.dbunit.dataset.AbstractTable - getColumnIndex(columnName=product_sku_number) - start
23:05:07.116 [main] DEBUG o.d.dataset.AbstractTableMetaData - getColumnIndex(columnName=product_sku_number) - start
23:05:07.118 [main] DEBUG o.d.d.s.AutomaticPreparedBatchStatement - addValue(value=4, dataType=INTEGER) - start
23:05:07.118 [main] DEBUG o.d.d.s.SimplePreparedStatement - addValue(value=4, dataType=INTEGER) - start
23:05:07.118 [main] DEBUG o.d.dataset.datatype.IntegerDataType - setSqlValue(value=4, column=3, statement=com.mysql.jdbc.JDBC4PreparedStatement@419d05: insert into order_items (id, order_order_number, product_sku_number, quantity) values (7, 5, 3, 3)) - start
23:05:07.118 [main] DEBUG o.d.dataset.datatype.IntegerDataType - typeCast(value=4) - start
23:05:07.120 [main] DEBUG o.d.dataset.datatype.IntegerDataType - typeCast(value=4) - start
23:05:07.120 [main] DEBUG org.dbunit.dataset.DefaultTable - getValue(row=6, column=quantity) - start
23:05:07.120 [main] DEBUG org.dbunit.dataset.AbstractTable - assertValidRowIndex(row=6) - start
23:05:07.120 [main] DEBUG org.dbunit.dataset.AbstractTable - assertValidRowIndex(row=6, rowCount=8) - start
23:05:07.120 [main] DEBUG org.dbunit.dataset.AbstractTable - getColumnIndex(columnName=quantity) - start
23:05:07.120 [main] DEBUG o.d.dataset.AbstractTableMetaData - getColumnIndex(columnName=quantity) - start
23:05:07.121 [main] DEBUG o.d.d.s.AutomaticPreparedBatchStatement - addValue(value=10, dataType=INTEGER) - start
23:05:07.121 [main] DEBUG o.d.d.s.SimplePreparedStatement - addValue(value=10, dataType=INTEGER) - start
23:05:07.121 [main] DEBUG o.d.dataset.datatype.IntegerDataType - setSqlValue(value=10, column=4, statement=com.mysql.jdbc.JDBC4PreparedStatement@419d05: insert into order_items (id, order_order_number, product_sku_number, quantity) values (7, 5, 4, 3)) - start
23:05:07.121 [main] DEBUG o.d.dataset.datatype.IntegerDataType - typeCast(value=10) - start
23:05:07.123 [main] DEBUG o.d.dataset.datatype.IntegerDataType - typeCast(value=10) - start
23:05:07.123 [main] DEBUG o.d.d.s.AutomaticPreparedBatchStatement - addBatch() - start
23:05:07.123 [main] DEBUG o.d.d.s.SimplePreparedStatement - addBatch() - start
23:05:07.216 [main] DEBUG org.dbunit.operation.InsertOperation - equalsIgnoreMapping(ignoreMapping={}, table=org.dbunit.dataset.DefaultTable[_metaData=tableName=order_items, columns=[(id, UNKNOWN, nullableUnknown), (order_order_number, UNKNOWN, nullableUnknown), (product_sku_number, UNKNOWN, nullableUnknown), (quantity, UNKNOWN, nullableUnknown)], keys=[], _rowList.size()=8], row=7) - start
23:05:07.216 [main] DEBUG org.dbunit.dataset.DefaultTable - getValue(row=7, column=id) - start
23:05:07.216 [main] DEBUG org.dbunit.dataset.AbstractTable - assertValidRowIndex(row=7) - start
23:05:07.226 [main] DEBUG org.dbunit.dataset.AbstractTable - assertValidRowIndex(row=7, rowCount=8) - start
23:05:07.226 [main] DEBUG org.dbunit.dataset.AbstractTable - getColumnIndex(columnName=id) - start
23:05:07.226 [main] DEBUG o.d.dataset.AbstractTableMetaData - getColumnIndex(columnName=id) - start
23:05:07.226 [main] DEBUG org.dbunit.dataset.DefaultTable - getValue(row=7, column=order_order_number) - start
23:05:07.226 [main] DEBUG org.dbunit.dataset.AbstractTable - assertValidRowIndex(row=7) - start
23:05:07.227 [main] DEBUG org.dbunit.dataset.AbstractTable - assertValidRowIndex(row=7, rowCount=8) - start
23:05:07.227 [main] DEBUG org.dbunit.dataset.AbstractTable - getColumnIndex(columnName=order_order_number) - start
23:05:07.227 [main] DEBUG o.d.dataset.AbstractTableMetaData - getColumnIndex(columnName=order_order_number) - start
23:05:07.227 [main] DEBUG org.dbunit.dataset.DefaultTable - getValue(row=7, column=product_sku_number) - start
23:05:07.227 [main] DEBUG org.dbunit.dataset.AbstractTable - assertValidRowIndex(row=7) - start
23:05:07.229 [main] DEBUG org.dbunit.dataset.AbstractTable - assertValidRowIndex(row=7, rowCount=8) - start
23:05:07.229 [main] DEBUG org.dbunit.dataset.AbstractTable - getColumnIndex(columnName=product_sku_number) - start
23:05:07.229 [main] DEBUG o.d.dataset.AbstractTableMetaData - getColumnIndex(columnName=product_sku_number) - start
23:05:07.229 [main] DEBUG org.dbunit.dataset.DefaultTable - getValue(row=7, column=quantity) - start
23:05:07.229 [main] DEBUG org.dbunit.dataset.AbstractTable - assertValidRowIndex(row=7) - start
23:05:07.230 [main] DEBUG org.dbunit.dataset.AbstractTable - assertValidRowIndex(row=7, rowCount=8) - start
23:05:07.230 [main] DEBUG org.dbunit.dataset.AbstractTable - getColumnIndex(columnName=quantity) - start
23:05:07.230 [main] DEBUG o.d.dataset.AbstractTableMetaData - getColumnIndex(columnName=quantity) - start
23:05:07.230 [main] DEBUG org.dbunit.dataset.DefaultTable - getValue(row=7, column=id) - start
23:05:07.230 [main] DEBUG org.dbunit.dataset.AbstractTable - assertValidRowIndex(row=7) - start
23:05:07.232 [main] DEBUG org.dbunit.dataset.AbstractTable - assertValidRowIndex(row=7, rowCount=8) - start
23:05:07.232 [main] DEBUG org.dbunit.dataset.AbstractTable - getColumnIndex(columnName=id) - start
23:05:07.232 [main] DEBUG o.d.dataset.AbstractTableMetaData - getColumnIndex(columnName=id) - start
23:05:07.232 [main] DEBUG o.d.d.s.AutomaticPreparedBatchStatement - addValue(value=8, dataType=INTEGER) - start
23:05:07.232 [main] DEBUG o.d.d.s.SimplePreparedStatement - addValue(value=8, dataType=INTEGER) - start
23:05:07.233 [main] DEBUG o.d.dataset.datatype.IntegerDataType - setSqlValue(value=8, column=1, statement=com.mysql.jdbc.JDBC4PreparedStatement@419d05: insert into order_items (id, order_order_number, product_sku_number, quantity) values (7, 5, 4, 10)) - start
23:05:07.233 [main] DEBUG o.d.dataset.datatype.IntegerDataType - typeCast(value=8) - start
23:05:07.233 [main] DEBUG o.d.dataset.datatype.IntegerDataType - typeCast(value=8) - start
23:05:07.233 [main] DEBUG org.dbunit.dataset.DefaultTable - getValue(row=7, column=order_order_number) - start
23:05:07.236 [main] DEBUG org.dbunit.dataset.AbstractTable - assertValidRowIndex(row=7) - start
23:05:07.236 [main] DEBUG org.dbunit.dataset.AbstractTable - assertValidRowIndex(row=7, rowCount=8) - start
23:05:07.236 [main] DEBUG org.dbunit.dataset.AbstractTable - getColumnIndex(columnName=order_order_number) - start
23:05:07.236 [main] DEBUG o.d.dataset.AbstractTableMetaData - getColumnIndex(columnName=order_order_number) - start
23:05:07.236 [main] DEBUG o.d.d.s.AutomaticPreparedBatchStatement - addValue(value=6, dataType=INTEGER) - start
23:05:07.236 [main] DEBUG o.d.d.s.SimplePreparedStatement - addValue(value=6, dataType=INTEGER) - start
23:05:07.236 [main] DEBUG o.d.dataset.datatype.IntegerDataType - setSqlValue(value=6, column=2, statement=com.mysql.jdbc.JDBC4PreparedStatement@419d05: insert into order_items (id, order_order_number, product_sku_number, quantity) values (8, 5, 4, 10)) - start
23:05:07.236 [main] DEBUG o.d.dataset.datatype.IntegerDataType - typeCast(value=6) - start
23:05:07.236 [main] DEBUG o.d.dataset.datatype.IntegerDataType - typeCast(value=6) - start
23:05:07.239 [main] DEBUG org.dbunit.dataset.DefaultTable - getValue(row=7, column=product_sku_number) - start
23:05:07.239 [main] DEBUG org.dbunit.dataset.AbstractTable - assertValidRowIndex(row=7) - start
23:05:07.239 [main] DEBUG org.dbunit.dataset.AbstractTable - assertValidRowIndex(row=7, rowCount=8) - start
23:05:07.239 [main] DEBUG org.dbunit.dataset.AbstractTable - getColumnIndex(columnName=product_sku_number) - start
23:05:07.239 [main] DEBUG o.d.dataset.AbstractTableMetaData - getColumnIndex(columnName=product_sku_number) - start
23:05:07.240 [main] DEBUG o.d.d.s.AutomaticPreparedBatchStatement - addValue(value=3, dataType=INTEGER) - start
23:05:07.240 [main] DEBUG o.d.d.s.SimplePreparedStatement - addValue(value=3, dataType=INTEGER) - start
23:05:07.240 [main] DEBUG o.d.dataset.datatype.IntegerDataType - setSqlValue(value=3, column=3, statement=com.mysql.jdbc.JDBC4PreparedStatement@419d05: insert into order_items (id, order_order_number, product_sku_number, quantity) values (8, 6, 4, 10)) - start
23:05:07.240 [main] DEBUG o.d.dataset.datatype.IntegerDataType - typeCast(value=3) - start
23:05:07.241 [main] DEBUG o.d.dataset.datatype.IntegerDataType - typeCast(value=3) - start
23:05:07.241 [main] DEBUG org.dbunit.dataset.DefaultTable - getValue(row=7, column=quantity) - start
23:05:07.241 [main] DEBUG org.dbunit.dataset.AbstractTable - assertValidRowIndex(row=7) - start
23:05:07.241 [main] DEBUG org.dbunit.dataset.AbstractTable - assertValidRowIndex(row=7, rowCount=8) - start
23:05:07.241 [main] DEBUG org.dbunit.dataset.AbstractTable - getColumnIndex(columnName=quantity) - start
23:05:07.241 [main] DEBUG o.d.dataset.AbstractTableMetaData - getColumnIndex(columnName=quantity) - start
23:05:07.243 [main] DEBUG o.d.d.s.AutomaticPreparedBatchStatement - addValue(value=3, dataType=INTEGER) - start
23:05:07.243 [main] DEBUG o.d.d.s.SimplePreparedStatement - addValue(value=3, dataType=INTEGER) - start
23:05:07.243 [main] DEBUG o.d.dataset.datatype.IntegerDataType - setSqlValue(value=3, column=4, statement=com.mysql.jdbc.JDBC4PreparedStatement@419d05: insert into order_items (id, order_order_number, product_sku_number, quantity) values (8, 6, 3, 10)) - start
23:05:07.243 [main] DEBUG o.d.dataset.datatype.IntegerDataType - typeCast(value=3) - start
23:05:07.244 [main] DEBUG o.d.dataset.datatype.IntegerDataType - typeCast(value=3) - start
23:05:07.244 [main] DEBUG o.d.d.s.AutomaticPreparedBatchStatement - addBatch() - start
23:05:07.244 [main] DEBUG o.d.d.s.SimplePreparedStatement - addBatch() - start
23:05:07.277 [main] DEBUG org.dbunit.operation.InsertOperation - equalsIgnoreMapping(ignoreMapping={}, table=org.dbunit.dataset.DefaultTable[_metaData=tableName=order_items, columns=[(id, UNKNOWN, nullableUnknown), (order_order_number, UNKNOWN, nullableUnknown), (product_sku_number, UNKNOWN, nullableUnknown), (quantity, UNKNOWN, nullableUnknown)], keys=[], _rowList.size()=8], row=8) - start
23:05:07.277 [main] DEBUG org.dbunit.dataset.DefaultTable - getValue(row=8, column=id) - start
23:05:07.277 [main] DEBUG org.dbunit.dataset.AbstractTable - assertValidRowIndex(row=8) - start
23:05:07.347 [main] DEBUG org.dbunit.dataset.AbstractTable - assertValidRowIndex(row=8, rowCount=8) - start
23:05:07.347 [main] DEBUG o.d.d.s.AutomaticPreparedBatchStatement - executeBatch() - start
23:05:07.347 [main] DEBUG o.d.d.s.SimplePreparedStatement - executeBatch() - start
23:05:07.347 [main] DEBUG o.d.d.s.SimplePreparedStatement - clearBatch() - start
23:05:07.347 [main] DEBUG o.d.d.s.AutomaticPreparedBatchStatement - clearBatch() - start
23:05:07.347 [main] DEBUG o.d.d.s.SimplePreparedStatement - clearBatch() - start
23:05:07.348 [main] DEBUG o.d.d.s.AutomaticPreparedBatchStatement - close() - start
23:05:07.348 [main] DEBUG o.d.d.s.AbstractPreparedBatchStatement - close() - start
23:05:07.348 [main] DEBUG org.dbunit.DefaultOperationListener - operationSetUpFinished(connection=org.dbunit.database.DatabaseConnection[schema=, connection=com.mysql.jdbc.JDBC4Connection@53fb57, super=_databaseConfig=org.dbunit.database.DatabaseConfig[, _propertyMap={http://www.dbunit.org/properties/statementFactory=org.dbunit.database.statement.PreparedStatementFactory@19a32e0, http://www.dbunit.org/features/caseSensitiveTableNames=false, http://www.dbunit.org/properties/fetchSize=100, http://www.dbunit.org/features/batchedStatements=false, http://www.dbunit.org/properties/metadataHandler=org.dbunit.database.DefaultMetadataHandler@8238f4, http://www.dbunit.org/properties/datatypeFactory=org.dbunit.dataset.datatype.DefaultDataTypeFactory[_toleratedDeltaMap=org.dbunit.dataset.datatype.ToleratedDeltaMap@16925b0], http://www.dbunit.org/properties/escapePattern=null, http://www.dbunit.org/properties/batchSize=100, http://www.dbunit.org/features/qualifiedTableNames=false, http://www.dbunit.org/properties/tableType=[Ljava.lang.String;@297ffb, http://www.dbunit.org/properties/resultSetTableFactory=org.dbunit.database.CachedResultSetTableFactory@914f6a, http://www.dbunit.org/features/datatypeWarning=true}], _dataSet=AbstractDataSet[_orderedTableNameMap=null]]) - start
23:05:07.349 [main] DEBUG org.dbunit.DefaultOperationListener - closeConnection(connection=org.dbunit.database.DatabaseConnection[schema=, connection=com.mysql.jdbc.JDBC4Connection@53fb57, super=_databaseConfig=org.dbunit.database.DatabaseConfig[, _propertyMap={http://www.dbunit.org/properties/statementFactory=org.dbunit.database.statement.PreparedStatementFactory@19a32e0, http://www.dbunit.org/features/caseSensitiveTableNames=false, http://www.dbunit.org/properties/fetchSize=100, http://www.dbunit.org/features/batchedStatements=false, http://www.dbunit.org/properties/metadataHandler=org.dbunit.database.DefaultMetadataHandler@8238f4, http://www.dbunit.org/properties/datatypeFactory=org.dbunit.dataset.datatype.DefaultDataTypeFactory[_toleratedDeltaMap=org.dbunit.dataset.datatype.ToleratedDeltaMap@16925b0], http://www.dbunit.org/properties/escapePattern=null, http://www.dbunit.org/properties/batchSize=100, http://www.dbunit.org/features/qualifiedTableNames=false, http://www.dbunit.org/properties/tableType=[Ljava.lang.String;@297ffb, http://www.dbunit.org/properties/resultSetTableFactory=org.dbunit.database.CachedResultSetTableFactory@914f6a, http://www.dbunit.org/features/datatypeWarning=true}], _dataSet=AbstractDataSet[_orderedTableNameMap=null]]) - start
23:05:07.351 [main] DEBUG o.dbunit.database.DatabaseConnection - close() - start
23:05:07.379 [main] DEBUG org.dbunit.DBTestCase - getConnection() - start
23:05:07.379 [main] DEBUG org.dbunit.JdbcDatabaseTester - getConnection() - start
23:05:07.379 [main] DEBUG org.dbunit.assertion.SimpleAssert - assertNotNullNorEmpty(propertyName=connectionUrl, property=jdbc:mysql://127.0.0.1/orderingsystem_test) - start
23:05:07.387 [main] DEBUG org.dbunit.util.SQLHelper - isEscaped returns 'false' for tableName= (dbIdentifierQuoteString=`)
23:05:07.387 [main] DEBUG o.dbunit.database.DatabaseConnection - Database connection info: 
	database product name=MySQL
	database version=5.5.2-m2-community
	database major version=5
	database minor version=5
	jdbc driver name=MySQL-AB JDBC Driver
	jdbc driver version=mysql-connector-java-5.1.16 ( Revision: ${bzr.revision-id} )
	jdbc driver major version=5
	jdbc driver minor version=1

23:05:07.459 [main] DEBUG o.dbunit.database.DatabaseConnection - validateSchema(validateStrict=false) - start
23:05:07.462 [main] WARN  o.dbunit.database.DatabaseConnection - The given schema '' does not exist.
23:05:07.462 [main] DEBUG o.d.d.AbstractDatabaseConnection - createDataSet() - start
23:05:07.462 [main] DEBUG org.dbunit.database.DatabaseDataSet - getTable(tableName=orders) - start
23:05:07.462 [main] DEBUG org.dbunit.database.DatabaseDataSet - initialize() - start
23:05:07.462 [main] DEBUG org.dbunit.database.DatabaseDataSet - Initializing the data set from the database...
23:05:07.465 [main] DEBUG org.dbunit.database.DatabaseDataSet - 
	database product name=MySQL
	database version=5.5.2-m2-community
	database major version=5
	database minor version=5
	jdbc driver name=MySQL-AB JDBC Driver
	jdbc driver version=mysql-connector-java-5.1.16 ( Revision: ${bzr.revision-id} )
	jdbc driver major version=5
	jdbc driver minor version=1

23:05:07.465 [main] DEBUG org.dbunit.database.DatabaseDataSet - metadata resultset=com.mysql.jdbc.JDBC4ResultSet@26d607
23:05:07.465 [main] DEBUG org.dbunit.util.QualifiedTableName - getQualifiedNameIfEnabled(config=org.dbunit.database.DatabaseConfig[, _propertyMap={http://www.dbunit.org/properties/statementFactory=org.dbunit.database.statement.PreparedStatementFactory@19a32e0, http://www.dbunit.org/features/caseSensitiveTableNames=false, http://www.dbunit.org/properties/fetchSize=100, http://www.dbunit.org/features/batchedStatements=false, http://www.dbunit.org/properties/metadataHandler=org.dbunit.database.DefaultMetadataHandler@1ad98ef, http://www.dbunit.org/properties/datatypeFactory=org.dbunit.dataset.datatype.DefaultDataTypeFactory[_toleratedDeltaMap=org.dbunit.dataset.datatype.ToleratedDeltaMap@16925b0], http://www.dbunit.org/properties/escapePattern=null, http://www.dbunit.org/properties/batchSize=100, http://www.dbunit.org/features/qualifiedTableNames=false, http://www.dbunit.org/properties/tableType=[Ljava.lang.String;@297ffb, http://www.dbunit.org/properties/resultSetTableFactory=org.dbunit.database.CachedResultSetTableFactory@914f6a, http://www.dbunit.org/features/datatypeWarning=true}]) - start
23:05:07.564 [main] DEBUG org.dbunit.util.QualifiedTableName - Qualified table names feature is disabled. Returning plain table name
23:05:07.564 [main] DEBUG org.dbunit.util.QualifiedTableName - getQualifiedName(prefix=null, name=customers, escapePattern=null) - start
23:05:07.564 [main] DEBUG o.dbunit.dataset.OrderedTableNameMap - add(tableName=customers, object=null) - start
23:05:07.564 [main] DEBUG o.dbunit.dataset.OrderedTableNameMap - getTableName(tableName=customers) - start
23:05:07.564 [main] DEBUG o.dbunit.dataset.OrderedTableNameMap - getTableName(tableName=customers) - end - result=CUSTOMERS
23:05:07.565 [main] DEBUG o.dbunit.dataset.OrderedTableNameMap - getTableName(tableName=CUSTOMERS) - start
23:05:07.566 [main] DEBUG o.dbunit.dataset.OrderedTableNameMap - getTableName(tableName=CUSTOMERS) - end - result=CUSTOMERS
23:05:07.566 [main] DEBUG org.dbunit.util.QualifiedTableName - getQualifiedNameIfEnabled(config=org.dbunit.database.DatabaseConfig[, _propertyMap={http://www.dbunit.org/properties/statementFactory=org.dbunit.database.statement.PreparedStatementFactory@19a32e0, http://www.dbunit.org/features/caseSensitiveTableNames=false, http://www.dbunit.org/properties/fetchSize=100, http://www.dbunit.org/features/batchedStatements=false, http://www.dbunit.org/properties/metadataHandler=org.dbunit.database.DefaultMetadataHandler@1ad98ef, http://www.dbunit.org/properties/datatypeFactory=org.dbunit.dataset.datatype.DefaultDataTypeFactory[_toleratedDeltaMap=org.dbunit.dataset.datatype.ToleratedDeltaMap@16925b0], http://www.dbunit.org/properties/escapePattern=null, http://www.dbunit.org/properties/batchSize=100, http://www.dbunit.org/features/qualifiedTableNames=false, http://www.dbunit.org/properties/tableType=[Ljava.lang.String;@297ffb, http://www.dbunit.org/properties/resultSetTableFactory=org.dbunit.database.CachedResultSetTableFactory@914f6a, http://www.dbunit.org/features/datatypeWarning=true}]) - start
23:05:07.570 [main] DEBUG org.dbunit.util.QualifiedTableName - Qualified table names feature is disabled. Returning plain table name
23:05:07.570 [main] DEBUG org.dbunit.util.QualifiedTableName - getQualifiedName(prefix=null, name=inventories, escapePattern=null) - start
23:05:07.570 [main] DEBUG o.dbunit.dataset.OrderedTableNameMap - add(tableName=inventories, object=null) - start
23:05:07.570 [main] DEBUG o.dbunit.dataset.OrderedTableNameMap - getTableName(tableName=inventories) - start
23:05:07.570 [main] DEBUG o.dbunit.dataset.OrderedTableNameMap - getTableName(tableName=inventories) - end - result=INVENTORIES
23:05:07.571 [main] DEBUG o.dbunit.dataset.OrderedTableNameMap - getTableName(tableName=INVENTORIES) - start
23:05:07.571 [main] DEBUG o.dbunit.dataset.OrderedTableNameMap - getTableName(tableName=INVENTORIES) - end - result=INVENTORIES
23:05:07.571 [main] DEBUG org.dbunit.util.QualifiedTableName - getQualifiedNameIfEnabled(config=org.dbunit.database.DatabaseConfig[, _propertyMap={http://www.dbunit.org/properties/statementFactory=org.dbunit.database.statement.PreparedStatementFactory@19a32e0, http://www.dbunit.org/features/caseSensitiveTableNames=false, http://www.dbunit.org/properties/fetchSize=100, http://www.dbunit.org/features/batchedStatements=false, http://www.dbunit.org/properties/metadataHandler=org.dbunit.database.DefaultMetadataHandler@1ad98ef, http://www.dbunit.org/properties/datatypeFactory=org.dbunit.dataset.datatype.DefaultDataTypeFactory[_toleratedDeltaMap=org.dbunit.dataset.datatype.ToleratedDeltaMap@16925b0], http://www.dbunit.org/properties/escapePattern=null, http://www.dbunit.org/properties/batchSize=100, http://www.dbunit.org/features/qualifiedTableNames=false, http://www.dbunit.org/properties/tableType=[Ljava.lang.String;@297ffb, http://www.dbunit.org/properties/resultSetTableFactory=org.dbunit.database.CachedResultSetTableFactory@914f6a, http://www.dbunit.org/features/datatypeWarning=true}]) - start
23:05:07.576 [main] DEBUG org.dbunit.util.QualifiedTableName - Qualified table names feature is disabled. Returning plain table name
23:05:07.576 [main] DEBUG org.dbunit.util.QualifiedTableName - getQualifiedName(prefix=null, name=inventory_items, escapePattern=null) - start
23:05:07.576 [main] DEBUG o.dbunit.dataset.OrderedTableNameMap - add(tableName=inventory_items, object=null) - start
23:05:07.576 [main] DEBUG o.dbunit.dataset.OrderedTableNameMap - getTableName(tableName=inventory_items) - start
23:05:07.576 [main] DEBUG o.dbunit.dataset.OrderedTableNameMap - getTableName(tableName=inventory_items) - end - result=INVENTORY_ITEMS
23:05:07.577 [main] DEBUG o.dbunit.dataset.OrderedTableNameMap - getTableName(tableName=INVENTORY_ITEMS) - start
23:05:07.577 [main] DEBUG o.dbunit.dataset.OrderedTableNameMap - getTableName(tableName=INVENTORY_ITEMS) - end - result=INVENTORY_ITEMS
23:05:07.577 [main] DEBUG org.dbunit.util.QualifiedTableName - getQualifiedNameIfEnabled(config=org.dbunit.database.DatabaseConfig[, _propertyMap={http://www.dbunit.org/properties/statementFactory=org.dbunit.database.statement.PreparedStatementFactory@19a32e0, http://www.dbunit.org/features/caseSensitiveTableNames=false, http://www.dbunit.org/properties/fetchSize=100, http://www.dbunit.org/features/batchedStatements=false, http://www.dbunit.org/properties/metadataHandler=org.dbunit.database.DefaultMetadataHandler@1ad98ef, http://www.dbunit.org/properties/datatypeFactory=org.dbunit.dataset.datatype.DefaultDataTypeFactory[_toleratedDeltaMap=org.dbunit.dataset.datatype.ToleratedDeltaMap@16925b0], http://www.dbunit.org/properties/escapePattern=null, http://www.dbunit.org/properties/batchSize=100, http://www.dbunit.org/features/qualifiedTableNames=false, http://www.dbunit.org/properties/tableType=[Ljava.lang.String;@297ffb, http://www.dbunit.org/properties/resultSetTableFactory=org.dbunit.database.CachedResultSetTableFactory@914f6a, http://www.dbunit.org/features/datatypeWarning=true}]) - start
23:05:07.582 [main] DEBUG org.dbunit.util.QualifiedTableName - Qualified table names feature is disabled. Returning plain table name
23:05:07.582 [main] DEBUG org.dbunit.util.QualifiedTableName - getQualifiedName(prefix=null, name=order_items, escapePattern=null) - start
23:05:07.582 [main] DEBUG o.dbunit.dataset.OrderedTableNameMap - add(tableName=order_items, object=null) - start
23:05:07.582 [main] DEBUG o.dbunit.dataset.OrderedTableNameMap - getTableName(tableName=order_items) - start
23:05:07.582 [main] DEBUG o.dbunit.dataset.OrderedTableNameMap - getTableName(tableName=order_items) - end - result=ORDER_ITEMS
23:05:07.583 [main] DEBUG o.dbunit.dataset.OrderedTableNameMap - getTableName(tableName=ORDER_ITEMS) - start
23:05:07.583 [main] DEBUG o.dbunit.dataset.OrderedTableNameMap - getTableName(tableName=ORDER_ITEMS) - end - result=ORDER_ITEMS
23:05:07.583 [main] DEBUG org.dbunit.util.QualifiedTableName - getQualifiedNameIfEnabled(config=org.dbunit.database.DatabaseConfig[, _propertyMap={http://www.dbunit.org/properties/statementFactory=org.dbunit.database.statement.PreparedStatementFactory@19a32e0, http://www.dbunit.org/features/caseSensitiveTableNames=false, http://www.dbunit.org/properties/fetchSize=100, http://www.dbunit.org/features/batchedStatements=false, http://www.dbunit.org/properties/metadataHandler=org.dbunit.database.DefaultMetadataHandler@1ad98ef, http://www.dbunit.org/properties/datatypeFactory=org.dbunit.dataset.datatype.DefaultDataTypeFactory[_toleratedDeltaMap=org.dbunit.dataset.datatype.ToleratedDeltaMap@16925b0], http://www.dbunit.org/properties/escapePattern=null, http://www.dbunit.org/properties/batchSize=100, http://www.dbunit.org/features/qualifiedTableNames=false, http://www.dbunit.org/properties/tableType=[Ljava.lang.String;@297ffb, http://www.dbunit.org/properties/resultSetTableFactory=org.dbunit.database.CachedResultSetTableFactory@914f6a, http://www.dbunit.org/features/datatypeWarning=true}]) - start
23:05:07.587 [main] DEBUG org.dbunit.util.QualifiedTableName - Qualified table names feature is disabled. Returning plain table name
23:05:07.587 [main] DEBUG org.dbunit.util.QualifiedTableName - getQualifiedName(prefix=null, name=orders, escapePattern=null) - start
23:05:07.587 [main] DEBUG o.dbunit.dataset.OrderedTableNameMap - add(tableName=orders, object=null) - start
23:05:07.587 [main] DEBUG o.dbunit.dataset.OrderedTableNameMap - getTableName(tableName=orders) - start
23:05:07.587 [main] DEBUG o.dbunit.dataset.OrderedTableNameMap - getTableName(tableName=orders) - end - result=ORDERS
23:05:07.588 [main] DEBUG o.dbunit.dataset.OrderedTableNameMap - getTableName(tableName=ORDERS) - start
23:05:07.588 [main] DEBUG o.dbunit.dataset.OrderedTableNameMap - getTableName(tableName=ORDERS) - end - result=ORDERS
23:05:07.588 [main] DEBUG org.dbunit.util.QualifiedTableName - getQualifiedNameIfEnabled(config=org.dbunit.database.DatabaseConfig[, _propertyMap={http://www.dbunit.org/properties/statementFactory=org.dbunit.database.statement.PreparedStatementFactory@19a32e0, http://www.dbunit.org/features/caseSensitiveTableNames=false, http://www.dbunit.org/properties/fetchSize=100, http://www.dbunit.org/features/batchedStatements=false, http://www.dbunit.org/properties/metadataHandler=org.dbunit.database.DefaultMetadataHandler@1ad98ef, http://www.dbunit.org/properties/datatypeFactory=org.dbunit.dataset.datatype.DefaultDataTypeFactory[_toleratedDeltaMap=org.dbunit.dataset.datatype.ToleratedDeltaMap@16925b0], http://www.dbunit.org/properties/escapePattern=null, http://www.dbunit.org/properties/batchSize=100, http://www.dbunit.org/features/qualifiedTableNames=false, http://www.dbunit.org/properties/tableType=[Ljava.lang.String;@297ffb, http://www.dbunit.org/properties/resultSetTableFactory=org.dbunit.database.CachedResultSetTableFactory@914f6a, http://www.dbunit.org/features/datatypeWarning=true}]) - start
23:05:07.593 [main] DEBUG org.dbunit.util.QualifiedTableName - Qualified table names feature is disabled. Returning plain table name
23:05:07.593 [main] DEBUG org.dbunit.util.QualifiedTableName - getQualifiedName(prefix=null, name=products, escapePattern=null) - start
23:05:07.593 [main] DEBUG o.dbunit.dataset.OrderedTableNameMap - add(tableName=products, object=null) - start
23:05:07.593 [main] DEBUG o.dbunit.dataset.OrderedTableNameMap - getTableName(tableName=products) - start
23:05:07.593 [main] DEBUG o.dbunit.dataset.OrderedTableNameMap - getTableName(tableName=products) - end - result=PRODUCTS
23:05:07.594 [main] DEBUG o.dbunit.dataset.OrderedTableNameMap - getTableName(tableName=PRODUCTS) - start
23:05:07.594 [main] DEBUG o.dbunit.dataset.OrderedTableNameMap - getTableName(tableName=PRODUCTS) - end - result=PRODUCTS
23:05:07.594 [main] DEBUG org.dbunit.database.DatabaseDataSet - getTableMetaData(tableName=orders) - start
23:05:07.594 [main] DEBUG org.dbunit.database.DatabaseDataSet - initialize() - start
23:05:07.594 [main] DEBUG o.dbunit.dataset.OrderedTableNameMap - getTableName(tableName=orders) - start
23:05:07.599 [main] DEBUG o.dbunit.dataset.OrderedTableNameMap - getTableName(tableName=orders) - end - result=ORDERS
23:05:07.599 [main] DEBUG o.dbunit.dataset.OrderedTableNameMap - getTableName(tableName=orders) - start
23:05:07.599 [main] DEBUG o.dbunit.dataset.OrderedTableNameMap - getTableName(tableName=orders) - end - result=ORDERS
23:05:07.599 [main] DEBUG org.dbunit.util.SQLHelper - isEscaped returns 'false' for tableName=orders (dbIdentifierQuoteString=`)
23:05:07.599 [main] DEBUG o.d.database.DatabaseTableMetaData - Validating if table 'orders' exists in schema '' ...
23:05:07.602 [main] DEBUG org.dbunit.util.SQLHelper - close(resultSet=com.mysql.jdbc.JDBC4ResultSet@149b290) - start
23:05:07.602 [main] DEBUG o.dbunit.dataset.OrderedTableNameMap - update(tableName=orders, object=table=orders, cols=[(order_number, INTEGER, noNulls), (customer_id, INTEGER, noNulls), (date, DATE, noNulls), (amount, DECIMAL, noNulls), (order_status, VARCHAR, noNulls), (discount_status, VARCHAR, noNulls)], pk=[(order_number, INTEGER, noNulls)]) - start
23:05:07.610 [main] DEBUG o.dbunit.dataset.OrderedTableNameMap - getTableName(tableName=orders) - start
23:05:07.610 [main] DEBUG o.dbunit.dataset.OrderedTableNameMap - getTableName(tableName=orders) - end - result=ORDERS
23:05:07.705 [main] DEBUG o.dbunit.dataset.OrderedTableNameMap - getTableName(tableName=orders) - start
23:05:07.705 [main] DEBUG o.dbunit.dataset.OrderedTableNameMap - getTableName(tableName=orders) - end - result=ORDERS
23:05:07.707 [main] DEBUG o.d.d.DatabaseConfig$Configurator - Statement fetch size set to 100
23:05:07.707 [main] DEBUG org.dbunit.database.DatabaseDataSet - getSelectStatement(schema=, metaData=table=orders, cols=[(order_number, INTEGER, noNulls), (customer_id, INTEGER, noNulls), (date, DATE, noNulls), (amount, DECIMAL, noNulls), (order_status, VARCHAR, noNulls), (discount_status, VARCHAR, noNulls)], pk=[(order_number, INTEGER, noNulls)], escapePattern=null) - start
23:05:07.707 [main] DEBUG o.d.database.DatabaseTableMetaData - getColumns() - start
23:05:07.807 [main] DEBUG o.d.database.DatabaseTableMetaData - getPrimaryKeys() - start
23:05:07.807 [main] DEBUG org.dbunit.util.QualifiedTableName - getQualifiedName() - start
23:05:07.807 [main] DEBUG org.dbunit.util.QualifiedTableName - getQualifiedName(prefix=null, name=order_number, escapePattern=null) - start
23:05:07.807 [main] DEBUG org.dbunit.util.QualifiedTableName - getQualifiedName() - start
23:05:07.807 [main] DEBUG org.dbunit.util.QualifiedTableName - getQualifiedName(prefix=null, name=customer_id, escapePattern=null) - start
23:05:07.808 [main] DEBUG org.dbunit.util.QualifiedTableName - getQualifiedName() - start
23:05:07.808 [main] DEBUG org.dbunit.util.QualifiedTableName - getQualifiedName(prefix=null, name=date, escapePattern=null) - start
23:05:07.808 [main] DEBUG org.dbunit.util.QualifiedTableName - getQualifiedName() - start
23:05:07.808 [main] DEBUG org.dbunit.util.QualifiedTableName - getQualifiedName(prefix=null, name=amount, escapePattern=null) - start
23:05:07.808 [main] DEBUG org.dbunit.util.QualifiedTableName - getQualifiedName() - start
23:05:07.809 [main] DEBUG org.dbunit.util.QualifiedTableName - getQualifiedName(prefix=null, name=order_status, escapePattern=null) - start
23:05:07.809 [main] DEBUG org.dbunit.util.QualifiedTableName - getQualifiedName() - start
23:05:07.809 [main] DEBUG org.dbunit.util.QualifiedTableName - getQualifiedName(prefix=null, name=discount_status, escapePattern=null) - start
23:05:07.809 [main] DEBUG org.dbunit.util.QualifiedTableName - getQualifiedName() - start
23:05:07.809 [main] DEBUG org.dbunit.util.QualifiedTableName - getQualifiedName(prefix=, name=orders, escapePattern=null) - start
23:05:07.811 [main] DEBUG org.dbunit.util.QualifiedTableName - getQualifiedName() - start
23:05:07.811 [main] DEBUG org.dbunit.util.QualifiedTableName - getQualifiedName(prefix=null, name=order_number, escapePattern=null) - start
23:05:07.811 [main] DEBUG o.d.database.AbstractResultSetTable - Query: select order_number, customer_id, date, amount, order_status, discount_status from orders order by order_number
23:05:07.812 [main] DEBUG org.dbunit.dataset.DefaultTable - addTableRows(table=org.dbunit.database.ForwardOnlyResultSetTable@68c26c) - start
23:05:07.813 [main] DEBUG o.d.database.DatabaseTableMetaData - getColumns() - start
23:05:07.813 [main] DEBUG o.d.d.ForwardOnlyResultSetTable - getValue(row=0, columnName=order_number) - start
23:05:07.813 [main] DEBUG org.dbunit.dataset.AbstractTable - getColumnIndex(columnName=order_number) - start
23:05:07.813 [main] DEBUG o.d.dataset.AbstractTableMetaData - getColumnIndex(columnName=order_number) - start
23:05:07.813 [main] DEBUG o.d.database.DatabaseTableMetaData - getColumns() - start
23:05:07.813 [main] DEBUG o.d.database.DatabaseTableMetaData - getColumns() - start
23:05:07.815 [main] DEBUG o.d.dataset.datatype.IntegerDataType - getSqlValue(column=1, resultSet=com.mysql.jdbc.JDBC4ResultSet@1b446d1) - start
23:05:07.815 [main] DEBUG o.d.d.ForwardOnlyResultSetTable - getValue(row=0, columnName=customer_id) - start
23:05:07.815 [main] DEBUG org.dbunit.dataset.AbstractTable - getColumnIndex(columnName=customer_id) - start
23:05:07.815 [main] DEBUG o.d.dataset.AbstractTableMetaData - getColumnIndex(columnName=customer_id) - start
23:05:07.815 [main] DEBUG o.d.database.DatabaseTableMetaData - getColumns() - start
23:05:07.817 [main] DEBUG o.d.dataset.datatype.IntegerDataType - getSqlValue(column=2, resultSet=com.mysql.jdbc.JDBC4ResultSet@1b446d1) - start
23:05:07.817 [main] DEBUG o.d.d.ForwardOnlyResultSetTable - getValue(row=0, columnName=date) - start
23:05:07.817 [main] DEBUG org.dbunit.dataset.AbstractTable - getColumnIndex(columnName=date) - start
23:05:07.817 [main] DEBUG o.d.dataset.AbstractTableMetaData - getColumnIndex(columnName=date) - start
23:05:07.817 [main] DEBUG o.d.database.DatabaseTableMetaData - getColumns() - start
23:05:07.818 [main] DEBUG o.d.dataset.datatype.DateDataType - getSqlValue(column=3, resultSet=com.mysql.jdbc.JDBC4ResultSet@1b446d1) - start
23:05:07.825 [main] DEBUG o.d.d.ForwardOnlyResultSetTable - getValue(row=0, columnName=amount) - start
23:05:07.825 [main] DEBUG org.dbunit.dataset.AbstractTable - getColumnIndex(columnName=amount) - start
23:05:07.825 [main] DEBUG o.d.dataset.AbstractTableMetaData - getColumnIndex(columnName=amount) - start
23:05:07.825 [main] DEBUG o.d.database.DatabaseTableMetaData - getColumns() - start
23:05:07.825 [main] DEBUG o.d.dataset.datatype.NumberDataType - getSqlValue(column=4, resultSet=com.mysql.jdbc.JDBC4ResultSet@1b446d1) - start
23:05:07.921 [main] DEBUG o.d.d.ForwardOnlyResultSetTable - getValue(row=0, columnName=order_status) - start
23:05:07.921 [main] DEBUG org.dbunit.dataset.AbstractTable - getColumnIndex(columnName=order_status) - start
23:05:07.921 [main] DEBUG o.d.dataset.AbstractTableMetaData - getColumnIndex(columnName=order_status) - start
23:05:07.921 [main] DEBUG o.d.database.DatabaseTableMetaData - getColumns() - start
23:05:07.921 [main] DEBUG o.d.dataset.datatype.StringDataType - getSqlValue(column=5, resultSet=com.mysql.jdbc.JDBC4ResultSet@1b446d1) - start
23:05:07.922 [main] DEBUG o.d.d.ForwardOnlyResultSetTable - getValue(row=0, columnName=discount_status) - start
23:05:07.922 [main] DEBUG org.dbunit.dataset.AbstractTable - getColumnIndex(columnName=discount_status) - start
23:05:07.922 [main] DEBUG o.d.dataset.AbstractTableMetaData - getColumnIndex(columnName=discount_status) - start
23:05:07.922 [main] DEBUG o.d.database.DatabaseTableMetaData - getColumns() - start
23:05:07.922 [main] DEBUG o.d.dataset.datatype.StringDataType - getSqlValue(column=6, resultSet=com.mysql.jdbc.JDBC4ResultSet@1b446d1) - start
23:05:07.924 [main] DEBUG o.d.d.ForwardOnlyResultSetTable - getValue(row=1, columnName=order_number) - start
23:05:07.924 [main] DEBUG org.dbunit.dataset.AbstractTable - getColumnIndex(columnName=order_number) - start
23:05:07.924 [main] DEBUG o.d.dataset.AbstractTableMetaData - getColumnIndex(columnName=order_number) - start
23:05:07.924 [main] DEBUG o.d.database.DatabaseTableMetaData - getColumns() - start
23:05:07.924 [main] DEBUG o.d.dataset.datatype.IntegerDataType - getSqlValue(column=1, resultSet=com.mysql.jdbc.JDBC4ResultSet@1b446d1) - start
23:05:07.925 [main] DEBUG o.d.d.ForwardOnlyResultSetTable - getValue(row=1, columnName=customer_id) - start
23:05:07.925 [main] DEBUG org.dbunit.dataset.AbstractTable - getColumnIndex(columnName=customer_id) - start
23:05:07.925 [main] DEBUG o.d.dataset.AbstractTableMetaData - getColumnIndex(columnName=customer_id) - start
23:05:07.925 [main] DEBUG o.d.database.DatabaseTableMetaData - getColumns() - start
23:05:07.925 [main] DEBUG o.d.dataset.datatype.IntegerDataType - getSqlValue(column=2, resultSet=com.mysql.jdbc.JDBC4ResultSet@1b446d1) - start
23:05:07.927 [main] DEBUG o.d.d.ForwardOnlyResultSetTable - getValue(row=1, columnName=date) - start
23:05:07.927 [main] DEBUG org.dbunit.dataset.AbstractTable - getColumnIndex(columnName=date) - start
23:05:07.927 [main] DEBUG o.d.dataset.AbstractTableMetaData - getColumnIndex(columnName=date) - start
23:05:07.927 [main] DEBUG o.d.database.DatabaseTableMetaData - getColumns() - start
23:05:07.927 [main] DEBUG o.d.dataset.datatype.DateDataType - getSqlValue(column=3, resultSet=com.mysql.jdbc.JDBC4ResultSet@1b446d1) - start
23:05:07.929 [main] DEBUG o.d.d.ForwardOnlyResultSetTable - getValue(row=1, columnName=amount) - start
23:05:07.929 [main] DEBUG org.dbunit.dataset.AbstractTable - getColumnIndex(columnName=amount) - start
23:05:07.929 [main] DEBUG o.d.dataset.AbstractTableMetaData - getColumnIndex(columnName=amount) - start
23:05:07.929 [main] DEBUG o.d.database.DatabaseTableMetaData - getColumns() - start
23:05:07.929 [main] DEBUG o.d.dataset.datatype.NumberDataType - getSqlValue(column=4, resultSet=com.mysql.jdbc.JDBC4ResultSet@1b446d1) - start
23:05:07.930 [main] DEBUG o.d.d.ForwardOnlyResultSetTable - getValue(row=1, columnName=order_status) - start
23:05:07.930 [main] DEBUG org.dbunit.dataset.AbstractTable - getColumnIndex(columnName=order_status) - start
23:05:07.930 [main] DEBUG o.d.dataset.AbstractTableMetaData - getColumnIndex(columnName=order_status) - start
23:05:07.930 [main] DEBUG o.d.database.DatabaseTableMetaData - getColumns() - start
23:05:07.930 [main] DEBUG o.d.dataset.datatype.StringDataType - getSqlValue(column=5, resultSet=com.mysql.jdbc.JDBC4ResultSet@1b446d1) - start
23:05:07.932 [main] DEBUG o.d.d.ForwardOnlyResultSetTable - getValue(row=1, columnName=discount_status) - start
23:05:07.932 [main] DEBUG org.dbunit.dataset.AbstractTable - getColumnIndex(columnName=discount_status) - start
23:05:07.932 [main] DEBUG o.d.dataset.AbstractTableMetaData - getColumnIndex(columnName=discount_status) - start
23:05:07.932 [main] DEBUG o.d.database.DatabaseTableMetaData - getColumns() - start
23:05:07.932 [main] DEBUG o.d.dataset.datatype.StringDataType - getSqlValue(column=6, resultSet=com.mysql.jdbc.JDBC4ResultSet@1b446d1) - start
23:05:07.933 [main] DEBUG o.d.d.ForwardOnlyResultSetTable - getValue(row=2, columnName=order_number) - start
23:05:07.933 [main] DEBUG org.dbunit.dataset.AbstractTable - getColumnIndex(columnName=order_number) - start
23:05:07.933 [main] DEBUG o.d.dataset.AbstractTableMetaData - getColumnIndex(columnName=order_number) - start
23:05:07.933 [main] DEBUG o.d.database.DatabaseTableMetaData - getColumns() - start
23:05:07.933 [main] DEBUG o.d.dataset.datatype.IntegerDataType - getSqlValue(column=1, resultSet=com.mysql.jdbc.JDBC4ResultSet@1b446d1) - start
23:05:07.935 [main] DEBUG o.d.d.ForwardOnlyResultSetTable - getValue(row=2, columnName=customer_id) - start
23:05:07.935 [main] DEBUG org.dbunit.dataset.AbstractTable - getColumnIndex(columnName=customer_id) - start
23:05:07.935 [main] DEBUG o.d.dataset.AbstractTableMetaData - getColumnIndex(columnName=customer_id) - start
23:05:07.935 [main] DEBUG o.d.database.DatabaseTableMetaData - getColumns() - start
23:05:07.935 [main] DEBUG o.d.dataset.datatype.IntegerDataType - getSqlValue(column=2, resultSet=com.mysql.jdbc.JDBC4ResultSet@1b446d1) - start
23:05:07.937 [main] DEBUG o.d.d.ForwardOnlyResultSetTable - getValue(row=2, columnName=date) - start
23:05:07.937 [main] DEBUG org.dbunit.dataset.AbstractTable - getColumnIndex(columnName=date) - start
23:05:07.937 [main] DEBUG o.d.dataset.AbstractTableMetaData - getColumnIndex(columnName=date) - start
23:05:07.937 [main] DEBUG o.d.database.DatabaseTableMetaData - getColumns() - start
23:05:07.937 [main] DEBUG o.d.dataset.datatype.DateDataType - getSqlValue(column=3, resultSet=com.mysql.jdbc.JDBC4ResultSet@1b446d1) - start
23:05:07.938 [main] DEBUG o.d.d.ForwardOnlyResultSetTable - getValue(row=2, columnName=amount) - start
23:05:07.938 [main] DEBUG org.dbunit.dataset.AbstractTable - getColumnIndex(columnName=amount) - start
23:05:07.938 [main] DEBUG o.d.dataset.AbstractTableMetaData - getColumnIndex(columnName=amount) - start
23:05:07.938 [main] DEBUG o.d.database.DatabaseTableMetaData - getColumns() - start
23:05:07.938 [main] DEBUG o.d.dataset.datatype.NumberDataType - getSqlValue(column=4, resultSet=com.mysql.jdbc.JDBC4ResultSet@1b446d1) - start
23:05:07.940 [main] DEBUG o.d.d.ForwardOnlyResultSetTable - getValue(row=2, columnName=order_status) - start
23:05:07.940 [main] DEBUG org.dbunit.dataset.AbstractTable - getColumnIndex(columnName=order_status) - start
23:05:07.940 [main] DEBUG o.d.dataset.AbstractTableMetaData - getColumnIndex(columnName=order_status) - start
23:05:07.940 [main] DEBUG o.d.database.DatabaseTableMetaData - getColumns() - start
23:05:07.940 [main] DEBUG o.d.dataset.datatype.StringDataType - getSqlValue(column=5, resultSet=com.mysql.jdbc.JDBC4ResultSet@1b446d1) - start
23:05:07.941 [main] DEBUG o.d.d.ForwardOnlyResultSetTable - getValue(row=2, columnName=discount_status) - start
23:05:07.941 [main] DEBUG org.dbunit.dataset.AbstractTable - getColumnIndex(columnName=discount_status) - start
23:05:07.942 [main] DEBUG o.d.dataset.AbstractTableMetaData - getColumnIndex(columnName=discount_status) - start
23:05:07.942 [main] DEBUG o.d.database.DatabaseTableMetaData - getColumns() - start
23:05:07.942 [main] DEBUG o.d.dataset.datatype.StringDataType - getSqlValue(column=6, resultSet=com.mysql.jdbc.JDBC4ResultSet@1b446d1) - start
23:05:07.943 [main] DEBUG o.d.d.ForwardOnlyResultSetTable - getValue(row=3, columnName=order_number) - start
23:05:07.943 [main] DEBUG org.dbunit.dataset.AbstractTable - getColumnIndex(columnName=order_number) - start
23:05:07.943 [main] DEBUG o.d.dataset.AbstractTableMetaData - getColumnIndex(columnName=order_number) - start
23:05:07.943 [main] DEBUG o.d.database.DatabaseTableMetaData - getColumns() - start
23:05:07.943 [main] DEBUG o.d.dataset.datatype.IntegerDataType - getSqlValue(column=1, resultSet=com.mysql.jdbc.JDBC4ResultSet@1b446d1) - start
23:05:07.945 [main] DEBUG o.d.d.ForwardOnlyResultSetTable - getValue(row=3, columnName=customer_id) - start
23:05:07.945 [main] DEBUG org.dbunit.dataset.AbstractTable - getColumnIndex(columnName=customer_id) - start
23:05:07.945 [main] DEBUG o.d.dataset.AbstractTableMetaData - getColumnIndex(columnName=customer_id) - start
23:05:07.945 [main] DEBUG o.d.database.DatabaseTableMetaData - getColumns() - start
23:05:07.945 [main] DEBUG o.d.dataset.datatype.IntegerDataType - getSqlValue(column=2, resultSet=com.mysql.jdbc.JDBC4ResultSet@1b446d1) - start
23:05:07.946 [main] DEBUG o.d.d.ForwardOnlyResultSetTable - getValue(row=3, columnName=date) - start
23:05:07.947 [main] DEBUG org.dbunit.dataset.AbstractTable - getColumnIndex(columnName=date) - start
23:05:07.947 [main] DEBUG o.d.dataset.AbstractTableMetaData - getColumnIndex(columnName=date) - start
23:05:07.947 [main] DEBUG o.d.database.DatabaseTableMetaData - getColumns() - start
23:05:07.947 [main] DEBUG o.d.dataset.datatype.DateDataType - getSqlValue(column=3, resultSet=com.mysql.jdbc.JDBC4ResultSet@1b446d1) - start
23:05:07.948 [main] DEBUG o.d.d.ForwardOnlyResultSetTable - getValue(row=3, columnName=amount) - start
23:05:07.948 [main] DEBUG org.dbunit.dataset.AbstractTable - getColumnIndex(columnName=amount) - start
23:05:07.948 [main] DEBUG o.d.dataset.AbstractTableMetaData - getColumnIndex(columnName=amount) - start
23:05:07.948 [main] DEBUG o.d.database.DatabaseTableMetaData - getColumns() - start
23:05:07.948 [main] DEBUG o.d.dataset.datatype.NumberDataType - getSqlValue(column=4, resultSet=com.mysql.jdbc.JDBC4ResultSet@1b446d1) - start
23:05:07.950 [main] DEBUG o.d.d.ForwardOnlyResultSetTable - getValue(row=3, columnName=order_status) - start
23:05:07.950 [main] DEBUG org.dbunit.dataset.AbstractTable - getColumnIndex(columnName=order_status) - start
23:05:07.950 [main] DEBUG o.d.dataset.AbstractTableMetaData - getColumnIndex(columnName=order_status) - start
23:05:07.950 [main] DEBUG o.d.database.DatabaseTableMetaData - getColumns() - start
23:05:07.950 [main] DEBUG o.d.dataset.datatype.StringDataType - getSqlValue(column=5, resultSet=com.mysql.jdbc.JDBC4ResultSet@1b446d1) - start
23:05:07.952 [main] DEBUG o.d.d.ForwardOnlyResultSetTable - getValue(row=3, columnName=discount_status) - start
23:05:07.952 [main] DEBUG org.dbunit.dataset.AbstractTable - getColumnIndex(columnName=discount_status) - start
23:05:07.952 [main] DEBUG o.d.dataset.AbstractTableMetaData - getColumnIndex(columnName=discount_status) - start
23:05:07.952 [main] DEBUG o.d.database.DatabaseTableMetaData - getColumns() - start
23:05:07.952 [main] DEBUG o.d.dataset.datatype.StringDataType - getSqlValue(column=6, resultSet=com.mysql.jdbc.JDBC4ResultSet@1b446d1) - start
23:05:07.953 [main] DEBUG o.d.d.ForwardOnlyResultSetTable - getValue(row=4, columnName=order_number) - start
23:05:07.953 [main] DEBUG org.dbunit.dataset.AbstractTable - getColumnIndex(columnName=order_number) - start
23:05:07.953 [main] DEBUG o.d.dataset.AbstractTableMetaData - getColumnIndex(columnName=order_number) - start
23:05:07.953 [main] DEBUG o.d.database.DatabaseTableMetaData - getColumns() - start
23:05:07.953 [main] DEBUG o.d.dataset.datatype.IntegerDataType - getSqlValue(column=1, resultSet=com.mysql.jdbc.JDBC4ResultSet@1b446d1) - start
23:05:07.955 [main] DEBUG o.d.d.ForwardOnlyResultSetTable - getValue(row=4, columnName=customer_id) - start
23:05:07.955 [main] DEBUG org.dbunit.dataset.AbstractTable - getColumnIndex(columnName=customer_id) - start
23:05:07.955 [main] DEBUG o.d.dataset.AbstractTableMetaData - getColumnIndex(columnName=customer_id) - start
23:05:07.955 [main] DEBUG o.d.database.DatabaseTableMetaData - getColumns() - start
23:05:07.955 [main] DEBUG o.d.dataset.datatype.IntegerDataType - getSqlValue(column=2, resultSet=com.mysql.jdbc.JDBC4ResultSet@1b446d1) - start
23:05:07.957 [main] DEBUG o.d.d.ForwardOnlyResultSetTable - getValue(row=4, columnName=date) - start
23:05:07.957 [main] DEBUG org.dbunit.dataset.AbstractTable - getColumnIndex(columnName=date) - start
23:05:07.957 [main] DEBUG o.d.dataset.AbstractTableMetaData - getColumnIndex(columnName=date) - start
23:05:07.957 [main] DEBUG o.d.database.DatabaseTableMetaData - getColumns() - start
23:05:07.957 [main] DEBUG o.d.dataset.datatype.DateDataType - getSqlValue(column=3, resultSet=com.mysql.jdbc.JDBC4ResultSet@1b446d1) - start
23:05:07.958 [main] DEBUG o.d.d.ForwardOnlyResultSetTable - getValue(row=4, columnName=amount) - start
23:05:07.958 [main] DEBUG org.dbunit.dataset.AbstractTable - getColumnIndex(columnName=amount) - start
23:05:07.958 [main] DEBUG o.d.dataset.AbstractTableMetaData - getColumnIndex(columnName=amount) - start
23:05:07.958 [main] DEBUG o.d.database.DatabaseTableMetaData - getColumns() - start
23:05:07.958 [main] DEBUG o.d.dataset.datatype.NumberDataType - getSqlValue(column=4, resultSet=com.mysql.jdbc.JDBC4ResultSet@1b446d1) - start
23:05:07.960 [main] DEBUG o.d.d.ForwardOnlyResultSetTable - getValue(row=4, columnName=order_status) - start
23:05:07.960 [main] DEBUG org.dbunit.dataset.AbstractTable - getColumnIndex(columnName=order_status) - start
23:05:07.960 [main] DEBUG o.d.dataset.AbstractTableMetaData - getColumnIndex(columnName=order_status) - start
23:05:07.960 [main] DEBUG o.d.database.DatabaseTableMetaData - getColumns() - start
23:05:07.960 [main] DEBUG o.d.dataset.datatype.StringDataType - getSqlValue(column=5, resultSet=com.mysql.jdbc.JDBC4ResultSet@1b446d1) - start
23:05:07.961 [main] DEBUG o.d.d.ForwardOnlyResultSetTable - getValue(row=4, columnName=discount_status) - start
23:05:07.961 [main] DEBUG org.dbunit.dataset.AbstractTable - getColumnIndex(columnName=discount_status) - start
23:05:07.961 [main] DEBUG o.d.dataset.AbstractTableMetaData - getColumnIndex(columnName=discount_status) - start
23:05:07.961 [main] DEBUG o.d.database.DatabaseTableMetaData - getColumns() - start
23:05:07.961 [main] DEBUG o.d.dataset.datatype.StringDataType - getSqlValue(column=6, resultSet=com.mysql.jdbc.JDBC4ResultSet@1b446d1) - start
23:05:07.963 [main] DEBUG o.d.d.ForwardOnlyResultSetTable - getValue(row=5, columnName=order_number) - start
23:05:07.963 [main] DEBUG org.dbunit.dataset.AbstractTable - getColumnIndex(columnName=order_number) - start
23:05:07.963 [main] DEBUG o.d.dataset.AbstractTableMetaData - getColumnIndex(columnName=order_number) - start
23:05:07.963 [main] DEBUG o.d.database.DatabaseTableMetaData - getColumns() - start
23:05:07.963 [main] DEBUG o.d.dataset.datatype.IntegerDataType - getSqlValue(column=1, resultSet=com.mysql.jdbc.JDBC4ResultSet@1b446d1) - start
23:05:07.965 [main] DEBUG o.d.d.ForwardOnlyResultSetTable - getValue(row=5, columnName=customer_id) - start
23:05:07.965 [main] DEBUG org.dbunit.dataset.AbstractTable - getColumnIndex(columnName=customer_id) - start
23:05:07.965 [main] DEBUG o.d.dataset.AbstractTableMetaData - getColumnIndex(columnName=customer_id) - start
23:05:07.965 [main] DEBUG o.d.database.DatabaseTableMetaData - getColumns() - start
23:05:07.965 [main] DEBUG o.d.dataset.datatype.IntegerDataType - getSqlValue(column=2, resultSet=com.mysql.jdbc.JDBC4ResultSet@1b446d1) - start
23:05:07.966 [main] DEBUG o.d.d.ForwardOnlyResultSetTable - getValue(row=5, columnName=date) - start
23:05:07.966 [main] DEBUG org.dbunit.dataset.AbstractTable - getColumnIndex(columnName=date) - start
23:05:07.966 [main] DEBUG o.d.dataset.AbstractTableMetaData - getColumnIndex(columnName=date) - start
23:05:07.966 [main] DEBUG o.d.database.DatabaseTableMetaData - getColumns() - start
23:05:07.966 [main] DEBUG o.d.dataset.datatype.DateDataType - getSqlValue(column=3, resultSet=com.mysql.jdbc.JDBC4ResultSet@1b446d1) - start
23:05:07.968 [main] DEBUG o.d.d.ForwardOnlyResultSetTable - getValue(row=5, columnName=amount) - start
23:05:07.968 [main] DEBUG org.dbunit.dataset.AbstractTable - getColumnIndex(columnName=amount) - start
23:05:07.968 [main] DEBUG o.d.dataset.AbstractTableMetaData - getColumnIndex(columnName=amount) - start
23:05:07.968 [main] DEBUG o.d.database.DatabaseTableMetaData - getColumns() - start
23:05:07.968 [main] DEBUG o.d.dataset.datatype.NumberDataType - getSqlValue(column=4, resultSet=com.mysql.jdbc.JDBC4ResultSet@1b446d1) - start
23:05:07.969 [main] DEBUG o.d.d.ForwardOnlyResultSetTable - getValue(row=5, columnName=order_status) - start
23:05:07.970 [main] DEBUG org.dbunit.dataset.AbstractTable - getColumnIndex(columnName=order_status) - start
23:05:07.970 [main] DEBUG o.d.dataset.AbstractTableMetaData - getColumnIndex(columnName=order_status) - start
23:05:07.970 [main] DEBUG o.d.database.DatabaseTableMetaData - getColumns() - start
23:05:07.970 [main] DEBUG o.d.dataset.datatype.StringDataType - getSqlValue(column=5, resultSet=com.mysql.jdbc.JDBC4ResultSet@1b446d1) - start
23:05:07.971 [main] DEBUG o.d.d.ForwardOnlyResultSetTable - getValue(row=5, columnName=discount_status) - start
23:05:07.971 [main] DEBUG org.dbunit.dataset.AbstractTable - getColumnIndex(columnName=discount_status) - start
23:05:07.971 [main] DEBUG o.d.dataset.AbstractTableMetaData - getColumnIndex(columnName=discount_status) - start
23:05:07.971 [main] DEBUG o.d.database.DatabaseTableMetaData - getColumns() - start
23:05:07.971 [main] DEBUG o.d.dataset.datatype.StringDataType - getSqlValue(column=6, resultSet=com.mysql.jdbc.JDBC4ResultSet@1b446d1) - start
23:05:07.973 [main] DEBUG o.d.d.ForwardOnlyResultSetTable - getValue(row=6, columnName=order_number) - start
23:05:07.973 [main] DEBUG o.d.d.xml.FlatXmlDataSetBuilder - Creating FlatXmlDataSet with builder parameters: org.dbunit.dataset.xml.FlatXmlDataSetBuilder[dtdMetadata=true, columnSensing=false, caseSensitiveTableNames=false, metaDataSet=null]
23:05:07.973 [main] DEBUG o.d.d.xml.FlatXmlDataSetBuilder - Creating FlatXmlProducer using the properties of this builder: org.dbunit.dataset.xml.FlatXmlDataSetBuilder[dtdMetadata=true, columnSensing=false, caseSensitiveTableNames=false, metaDataSet=null]
23:05:07.975 [main] DEBUG o.dbunit.dataset.xml.FlatXmlProducer - setConsumer(consumer) - start
23:05:07.975 [main] DEBUG o.dbunit.dataset.xml.FlatXmlProducer - produce() - start
23:05:07.975 [main] DEBUG o.dbunit.dataset.xml.FlatDtdProducer - setLexicalHandler(xmlReader=org.apache.xerces.parsers.SAXParser@59fb21, handler=org.dbunit.dataset.xml.FlatXmlProducer$FlatDtdHandler@1766806) - start
23:05:07.976 [main] DEBUG o.dbunit.dataset.xml.FlatDtdProducer - setDeclHandler(xmlReader=org.apache.xerces.parsers.SAXParser@59fb21, handler=org.dbunit.dataset.xml.FlatXmlProducer$FlatDtdHandler@1766806) - start
23:05:07.980 [main] DEBUG o.dbunit.dataset.xml.FlatXmlProducer - startElement(uri=, localName=, qName=dataset, attributes=org.apache.xerces.parsers.AbstractSAXParser$AttributesProxy@15575e0) - start
23:05:07.980 [main] DEBUG org.dbunit.dataset.CachedDataSet - startDataSet() - start
23:05:07.980 [main] DEBUG o.dbunit.dataset.xml.FlatXmlProducer - startElement(uri=, localName=, qName=customers, attributes=org.apache.xerces.parsers.AbstractSAXParser$AttributesProxy@15575e0) - start
23:05:07.980 [main] DEBUG o.dbunit.dataset.OrderedTableNameMap - getLastTableName() - start
23:05:08.079 [main] DEBUG o.dbunit.dataset.OrderedTableNameMap - isLastTable(tableName=customers) - start
23:05:08.079 [main] DEBUG o.dbunit.dataset.OrderedTableNameMap - getTableName(tableName=customers) - start
23:05:08.079 [main] DEBUG o.dbunit.dataset.OrderedTableNameMap - getTableName(tableName=customers) - end - result=CUSTOMERS
23:05:08.079 [main] DEBUG o.dbunit.dataset.xml.FlatXmlProducer - createTableMetaData(tableName=customers, attributes=org.apache.xerces.parsers.AbstractSAXParser$AttributesProxy@15575e0) - start
23:05:08.081 [main] DEBUG org.dbunit.dataset.Columns - getColumns(columnNames=[], columns=[(id, UNKNOWN, nullableUnknown), (name, UNKNOWN, nullableUnknown)]) - start
23:05:08.081 [main] DEBUG o.dbunit.dataset.OrderedTableNameMap - add(tableName=customers, object=tableName=customers, columns=[(id, UNKNOWN, nullableUnknown), (name, UNKNOWN, nullableUnknown)], keys=[]) - start
23:05:08.081 [main] DEBUG o.dbunit.dataset.OrderedTableNameMap - getTableName(tableName=customers) - start
23:05:08.081 [main] DEBUG o.dbunit.dataset.OrderedTableNameMap - getTableName(tableName=customers) - end - result=CUSTOMERS
23:05:08.082 [main] DEBUG o.dbunit.dataset.OrderedTableNameMap - getTableName(tableName=CUSTOMERS) - start
23:05:08.082 [main] DEBUG o.dbunit.dataset.OrderedTableNameMap - getTableName(tableName=CUSTOMERS) - end - result=CUSTOMERS
23:05:08.082 [main] DEBUG org.dbunit.dataset.CachedDataSet - startTable(metaData=tableName=customers, columns=[(id, UNKNOWN, nullableUnknown), (name, UNKNOWN, nullableUnknown)], keys=[]) - start
23:05:08.082 [main] DEBUG o.dbunit.dataset.OrderedTableNameMap - getLastTableName() - start
23:05:08.084 [main] DEBUG o.dbunit.dataset.OrderedTableNameMap - getTableName(tableName=customers) - start
23:05:08.084 [main] DEBUG o.dbunit.dataset.OrderedTableNameMap - getTableName(tableName=customers) - end - result=CUSTOMERS
23:05:08.084 [main] DEBUG o.d.dataset.AbstractTableMetaData - getColumnIndex(columnName=id) - start
23:05:08.084 [main] DEBUG o.d.dataset.AbstractTableMetaData - getColumnIndex(columnName=name) - start
23:05:08.084 [main] DEBUG o.dbunit.dataset.OrderedTableNameMap - getLastTableName() - start
23:05:08.085 [main] DEBUG o.dbunit.dataset.OrderedTableNameMap - getTableName(tableName=customers) - start
23:05:08.085 [main] DEBUG o.dbunit.dataset.OrderedTableNameMap - getTableName(tableName=customers) - end - result=CUSTOMERS
23:05:08.085 [main] DEBUG org.dbunit.dataset.CachedDataSet - row(values=1) - start
23:05:08.085 [main] DEBUG org.dbunit.dataset.DefaultTable - addRow(values=1) - start
23:05:08.085 [main] DEBUG o.dbunit.dataset.xml.FlatXmlProducer - endElement(uri=, localName=, qName=customers) - start
23:05:08.087 [main] DEBUG o.dbunit.dataset.xml.FlatXmlProducer - startElement(uri=, localName=, qName=customers, attributes=org.apache.xerces.parsers.AbstractSAXParser$AttributesProxy@15575e0) - start
23:05:08.087 [main] DEBUG o.dbunit.dataset.OrderedTableNameMap - getLastTableName() - start
23:05:08.087 [main] DEBUG o.dbunit.dataset.OrderedTableNameMap - getTableName(tableName=customers) - start
23:05:08.087 [main] DEBUG o.dbunit.dataset.OrderedTableNameMap - getTableName(tableName=customers) - end - result=CUSTOMERS
23:05:08.088 [main] DEBUG o.dbunit.dataset.OrderedTableNameMap - isLastTable(tableName=customers) - start
23:05:08.089 [main] DEBUG o.dbunit.dataset.OrderedTableNameMap - getLastTableName() - start
23:05:08.089 [main] DEBUG o.dbunit.dataset.OrderedTableNameMap - getTableName(tableName=customers) - start
23:05:08.089 [main] DEBUG o.dbunit.dataset.OrderedTableNameMap - getTableName(tableName=customers) - end - result=CUSTOMERS
23:05:08.089 [main] DEBUG o.dbunit.dataset.OrderedTableNameMap - getTableName(tableName=customers) - start
23:05:08.090 [main] DEBUG o.dbunit.dataset.OrderedTableNameMap - getTableName(tableName=customers) - end - result=CUSTOMERS
23:05:08.090 [main] DEBUG o.dbunit.dataset.OrderedTableNameMap - getLastTableName() - start
23:05:08.090 [main] DEBUG o.dbunit.dataset.OrderedTableNameMap - getTableName(tableName=customers) - start
23:05:08.090 [main] DEBUG o.dbunit.dataset.OrderedTableNameMap - getTableName(tableName=customers) - end - result=CUSTOMERS
23:05:08.090 [main] DEBUG o.d.dataset.AbstractTableMetaData - getColumnIndex(columnName=id) - start
23:05:08.092 [main] DEBUG o.d.dataset.AbstractTableMetaData - getColumnIndex(columnName=name) - start
23:05:08.092 [main] DEBUG o.dbunit.dataset.OrderedTableNameMap - getLastTableName() - start
23:05:08.092 [main] DEBUG o.dbunit.dataset.OrderedTableNameMap - getTableName(tableName=customers) - start
23:05:08.092 [main] DEBUG o.dbunit.dataset.OrderedTableNameMap - getTableName(tableName=customers) - end - result=CUSTOMERS
23:05:08.092 [main] DEBUG org.dbunit.dataset.CachedDataSet - row(values=2) - start
23:05:08.094 [main] DEBUG org.dbunit.dataset.DefaultTable - addRow(values=2) - start
23:05:08.094 [main] DEBUG o.dbunit.dataset.xml.FlatXmlProducer - endElement(uri=, localName=, qName=customers) - start
23:05:08.094 [main] DEBUG o.dbunit.dataset.xml.FlatXmlProducer - startElement(uri=, localName=, qName=customers, attributes=org.apache.xerces.parsers.AbstractSAXParser$AttributesProxy@15575e0) - start
23:05:08.094 [main] DEBUG o.dbunit.dataset.OrderedTableNameMap - getLastTableName() - start
23:05:08.094 [main] DEBUG o.dbunit.dataset.OrderedTableNameMap - getTableName(tableName=customers) - start
23:05:08.095 [main] DEBUG o.dbunit.dataset.OrderedTableNameMap - getTableName(tableName=customers) - end - result=CUSTOMERS
23:05:08.095 [main] DEBUG o.dbunit.dataset.OrderedTableNameMap - isLastTable(tableName=customers) - start
23:05:08.095 [main] DEBUG o.dbunit.dataset.OrderedTableNameMap - getLastTableName() - start
23:05:08.095 [main] DEBUG o.dbunit.dataset.OrderedTableNameMap - getTableName(tableName=customers) - start
23:05:08.095 [main] DEBUG o.dbunit.dataset.OrderedTableNameMap - getTableName(tableName=customers) - end - result=CUSTOMERS
23:05:08.097 [main] DEBUG o.dbunit.dataset.OrderedTableNameMap - getTableName(tableName=customers) - start
23:05:08.097 [main] DEBUG o.dbunit.dataset.OrderedTableNameMap - getTableName(tableName=customers) - end - result=CUSTOMERS
23:05:08.097 [main] DEBUG o.dbunit.dataset.OrderedTableNameMap - getLastTableName() - start
23:05:08.097 [main] DEBUG o.dbunit.dataset.OrderedTableNameMap - getTableName(tableName=customers) - start
23:05:08.097 [main] DEBUG o.dbunit.dataset.OrderedTableNameMap - getTableName(tableName=customers) - end - result=CUSTOMERS
23:05:08.099 [main] DEBUG o.d.dataset.AbstractTableMetaData - getColumnIndex(columnName=id) - start
23:05:08.099 [main] DEBUG o.d.dataset.AbstractTableMetaData - getColumnIndex(columnName=name) - start
23:05:08.099 [main] DEBUG o.dbunit.dataset.OrderedTableNameMap - getLastTableName() - start
23:05:08.099 [main] DEBUG o.dbunit.dataset.OrderedTableNameMap - getTableName(tableName=customers) - start
23:05:08.099 [main] DEBUG o.dbunit.dataset.OrderedTableNameMap - getTableName(tableName=customers) - end - result=CUSTOMERS
23:05:08.101 [main] DEBUG org.dbunit.dataset.CachedDataSet - row(values=3) - start
23:05:08.101 [main] DEBUG org.dbunit.dataset.DefaultTable - addRow(values=3) - start
23:05:08.101 [main] DEBUG o.dbunit.dataset.xml.FlatXmlProducer - endElement(uri=, localName=, qName=customers) - start
23:05:08.101 [main] DEBUG o.dbunit.dataset.xml.FlatXmlProducer - startElement(uri=, localName=, qName=customers, attributes=org.apache.xerces.parsers.AbstractSAXParser$AttributesProxy@15575e0) - start
23:05:08.101 [main] DEBUG o.dbunit.dataset.OrderedTableNameMap - getLastTableName() - start
23:05:08.102 [main] DEBUG o.dbunit.dataset.OrderedTableNameMap - getTableName(tableName=customers) - start
23:05:08.102 [main] DEBUG o.dbunit.dataset.OrderedTableNameMap - getTableName(tableName=customers) - end - result=CUSTOMERS
23:05:08.102 [main] DEBUG o.dbunit.dataset.OrderedTableNameMap - isLastTable(tableName=customers) - start
23:05:08.103 [main] DEBUG o.dbunit.dataset.OrderedTableNameMap - getLastTableName() - start
23:05:08.103 [main] DEBUG o.dbunit.dataset.OrderedTableNameMap - getTableName(tableName=customers) - start
23:05:08.105 [main] DEBUG o.dbunit.dataset.OrderedTableNameMap - getTableName(tableName=customers) - end - result=CUSTOMERS
23:05:08.105 [main] DEBUG o.dbunit.dataset.OrderedTableNameMap - getTableName(tableName=customers) - start
23:05:08.105 [main] DEBUG o.dbunit.dataset.OrderedTableNameMap - getTableName(tableName=customers) - end - result=CUSTOMERS
23:05:08.105 [main] DEBUG o.dbunit.dataset.OrderedTableNameMap - getLastTableName() - start
23:05:08.105 [main] DEBUG o.dbunit.dataset.OrderedTableNameMap - getTableName(tableName=customers) - start
23:05:08.106 [main] DEBUG o.dbunit.dataset.OrderedTableNameMap - getTableName(tableName=customers) - end - result=CUSTOMERS
23:05:08.106 [main] DEBUG o.d.dataset.AbstractTableMetaData - getColumnIndex(columnName=id) - start
23:05:08.106 [main] DEBUG o.d.dataset.AbstractTableMetaData - getColumnIndex(columnName=name) - start
23:05:08.106 [main] DEBUG o.dbunit.dataset.OrderedTableNameMap - getLastTableName() - start
23:05:08.106 [main] DEBUG o.dbunit.dataset.OrderedTableNameMap - getTableName(tableName=customers) - start
23:05:08.108 [main] DEBUG o.dbunit.dataset.OrderedTableNameMap - getTableName(tableName=customers) - end - result=CUSTOMERS
23:05:08.108 [main] DEBUG org.dbunit.dataset.CachedDataSet - row(values=4) - start
23:05:08.108 [main] DEBUG org.dbunit.dataset.DefaultTable - addRow(values=4) - start
23:05:08.108 [main] DEBUG o.dbunit.dataset.xml.FlatXmlProducer - endElement(uri=, localName=, qName=customers) - start
23:05:08.108 [main] DEBUG o.dbunit.dataset.xml.FlatXmlProducer - startElement(uri=, localName=, qName=customers, attributes=org.apache.xerces.parsers.AbstractSAXParser$AttributesProxy@15575e0) - start
23:05:08.110 [main] DEBUG o.dbunit.dataset.OrderedTableNameMap - getLastTableName() - start
23:05:08.110 [main] DEBUG o.dbunit.dataset.OrderedTableNameMap - getTableName(tableName=customers) - start
23:05:08.110 [main] DEBUG o.dbunit.dataset.OrderedTableNameMap - getTableName(tableName=customers) - end - result=CUSTOMERS
23:05:08.110 [main] DEBUG o.dbunit.dataset.OrderedTableNameMap - isLastTable(tableName=customers) - start
23:05:08.110 [main] DEBUG o.dbunit.dataset.OrderedTableNameMap - getLastTableName() - start
23:05:08.112 [main] DEBUG o.dbunit.dataset.OrderedTableNameMap - getTableName(tableName=customers) - start
23:05:08.112 [main] DEBUG o.dbunit.dataset.OrderedTableNameMap - getTableName(tableName=customers) - end - result=CUSTOMERS
23:05:08.112 [main] DEBUG o.dbunit.dataset.OrderedTableNameMap - getTableName(tableName=customers) - start
23:05:08.112 [main] DEBUG o.dbunit.dataset.OrderedTableNameMap - getTableName(tableName=customers) - end - result=CUSTOMERS
23:05:08.112 [main] DEBUG o.dbunit.dataset.OrderedTableNameMap - getLastTableName() - start
23:05:08.116 [main] DEBUG o.dbunit.dataset.OrderedTableNameMap - getTableName(tableName=customers) - start
23:05:08.116 [main] DEBUG o.dbunit.dataset.OrderedTableNameMap - getTableName(tableName=customers) - end - result=CUSTOMERS
23:05:08.116 [main] DEBUG o.d.dataset.AbstractTableMetaData - getColumnIndex(columnName=id) - start
23:05:08.116 [main] DEBUG o.d.dataset.AbstractTableMetaData - getColumnIndex(columnName=name) - start
23:05:08.116 [main] DEBUG o.dbunit.dataset.OrderedTableNameMap - getLastTableName() - start
23:05:08.216 [main] DEBUG o.dbunit.dataset.OrderedTableNameMap - getTableName(tableName=customers) - start
23:05:08.216 [main] DEBUG o.dbunit.dataset.OrderedTableNameMap - getTableName(tableName=customers) - end - result=CUSTOMERS
23:05:08.216 [main] DEBUG org.dbunit.dataset.CachedDataSet - row(values=5) - start
23:05:08.216 [main] DEBUG org.dbunit.dataset.DefaultTable - addRow(values=5) - start
23:05:08.216 [main] DEBUG o.dbunit.dataset.xml.FlatXmlProducer - endElement(uri=, localName=, qName=customers) - start
23:05:08.217 [main] DEBUG o.dbunit.dataset.xml.FlatXmlProducer - startElement(uri=, localName=, qName=customers, attributes=org.apache.xerces.parsers.AbstractSAXParser$AttributesProxy@15575e0) - start
23:05:08.217 [main] DEBUG o.dbunit.dataset.OrderedTableNameMap - getLastTableName() - start
23:05:08.217 [main] DEBUG o.dbunit.dataset.OrderedTableNameMap - getTableName(tableName=customers) - start
23:05:08.217 [main] DEBUG o.dbunit.dataset.OrderedTableNameMap - getTableName(tableName=customers) - end - result=CUSTOMERS
23:05:08.219 [main] DEBUG o.dbunit.dataset.OrderedTableNameMap - isLastTable(tableName=customers) - start
23:05:08.219 [main] DEBUG o.dbunit.dataset.OrderedTableNameMap - getLastTableName() - start
23:05:08.219 [main] DEBUG o.dbunit.dataset.OrderedTableNameMap - getTableName(tableName=customers) - start
23:05:08.219 [main] DEBUG o.dbunit.dataset.OrderedTableNameMap - getTableName(tableName=customers) - end - result=CUSTOMERS
23:05:08.219 [main] DEBUG o.dbunit.dataset.OrderedTableNameMap - getTableName(tableName=customers) - start
23:05:08.220 [main] DEBUG o.dbunit.dataset.OrderedTableNameMap - getTableName(tableName=customers) - end - result=CUSTOMERS
23:05:08.220 [main] DEBUG o.dbunit.dataset.OrderedTableNameMap - getLastTableName() - start
23:05:08.220 [main] DEBUG o.dbunit.dataset.OrderedTableNameMap - getTableName(tableName=customers) - start
23:05:08.220 [main] DEBUG o.dbunit.dataset.OrderedTableNameMap - getTableName(tableName=customers) - end - result=CUSTOMERS
23:05:08.220 [main] DEBUG o.d.dataset.AbstractTableMetaData - getColumnIndex(columnName=id) - start
23:05:08.222 [main] DEBUG o.d.dataset.AbstractTableMetaData - getColumnIndex(columnName=name) - start
23:05:08.222 [main] DEBUG o.dbunit.dataset.OrderedTableNameMap - getLastTableName() - start
23:05:08.222 [main] DEBUG o.dbunit.dataset.OrderedTableNameMap - getTableName(tableName=customers) - start
23:05:08.222 [main] DEBUG o.dbunit.dataset.OrderedTableNameMap - getTableName(tableName=customers) - end - result=CUSTOMERS
23:05:08.222 [main] DEBUG org.dbunit.dataset.CachedDataSet - row(values=6) - start
23:05:08.223 [main] DEBUG org.dbunit.dataset.DefaultTable - addRow(values=6) - start
23:05:08.223 [main] DEBUG o.dbunit.dataset.xml.FlatXmlProducer - endElement(uri=, localName=, qName=customers) - start
23:05:08.224 [main] DEBUG o.dbunit.dataset.xml.FlatXmlProducer - startElement(uri=, localName=, qName=products, attributes=org.apache.xerces.parsers.AbstractSAXParser$AttributesProxy@15575e0) - start
23:05:08.224 [main] DEBUG o.dbunit.dataset.OrderedTableNameMap - getLastTableName() - start
23:05:08.224 [main] DEBUG o.dbunit.dataset.OrderedTableNameMap - getTableName(tableName=customers) - start
23:05:08.225 [main] DEBUG o.dbunit.dataset.OrderedTableNameMap - getTableName(tableName=customers) - end - result=CUSTOMERS
23:05:08.225 [main] DEBUG o.dbunit.dataset.OrderedTableNameMap - isLastTable(tableName=products) - start
23:05:08.225 [main] DEBUG o.dbunit.dataset.OrderedTableNameMap - getLastTableName() - start
23:05:08.225 [main] DEBUG o.dbunit.dataset.OrderedTableNameMap - getTableName(tableName=customers) - start
23:05:08.225 [main] DEBUG o.dbunit.dataset.OrderedTableNameMap - getTableName(tableName=customers) - end - result=CUSTOMERS
23:05:08.227 [main] DEBUG o.dbunit.dataset.OrderedTableNameMap - getTableName(tableName=products) - start
23:05:08.227 [main] DEBUG o.dbunit.dataset.OrderedTableNameMap - getTableName(tableName=products) - end - result=PRODUCTS
23:05:08.227 [main] DEBUG org.dbunit.dataset.CachedDataSet - endTable() - start
23:05:08.227 [main] DEBUG o.dbunit.dataset.OrderedTableNameMap - getTableName(tableName=customers) - start
23:05:08.227 [main] DEBUG o.dbunit.dataset.OrderedTableNameMap - getTableName(tableName=customers) - end - result=CUSTOMERS
23:05:08.229 [main] DEBUG o.dbunit.dataset.OrderedTableNameMap - add(tableName=customers, object=org.dbunit.dataset.DefaultTable[_metaData=tableName=customers, columns=[(id, UNKNOWN, nullableUnknown), (name, UNKNOWN, nullableUnknown)], keys=[], _rowList.size()=6]) - start
23:05:08.229 [main] DEBUG o.dbunit.dataset.OrderedTableNameMap - getTableName(tableName=customers) - start
23:05:08.229 [main] DEBUG o.dbunit.dataset.OrderedTableNameMap - getTableName(tableName=customers) - end - result=CUSTOMERS
23:05:08.229 [main] DEBUG o.dbunit.dataset.OrderedTableNameMap - getTableName(tableName=CUSTOMERS) - start
23:05:08.231 [main] DEBUG o.dbunit.dataset.OrderedTableNameMap - getTableName(tableName=CUSTOMERS) - end - result=CUSTOMERS
23:05:08.231 [main] DEBUG o.dbunit.dataset.OrderedTableNameMap - getTableName(tableName=products) - start
23:05:08.231 [main] DEBUG o.dbunit.dataset.OrderedTableNameMap - getTableName(tableName=products) - end - result=PRODUCTS
23:05:08.231 [main] DEBUG o.dbunit.dataset.xml.FlatXmlProducer - createTableMetaData(tableName=products, attributes=org.apache.xerces.parsers.AbstractSAXParser$AttributesProxy@15575e0) - start
23:05:08.232 [main] DEBUG org.dbunit.dataset.Columns - getColumns(columnNames=[], columns=[(sku_number, UNKNOWN, nullableUnknown), (name, UNKNOWN, nullableUnknown), (amount, UNKNOWN, nullableUnknown)]) - start
23:05:08.232 [main] DEBUG o.dbunit.dataset.OrderedTableNameMap - add(tableName=products, object=tableName=products, columns=[(sku_number, UNKNOWN, nullableUnknown), (name, UNKNOWN, nullableUnknown), (amount, UNKNOWN, nullableUnknown)], keys=[]) - start
23:05:08.232 [main] DEBUG o.dbunit.dataset.OrderedTableNameMap - getTableName(tableName=products) - start
23:05:08.234 [main] DEBUG o.dbunit.dataset.OrderedTableNameMap - getTableName(tableName=products) - end - result=PRODUCTS
23:05:08.234 [main] DEBUG o.dbunit.dataset.OrderedTableNameMap - getTableName(tableName=PRODUCTS) - start
23:05:08.234 [main] DEBUG o.dbunit.dataset.OrderedTableNameMap - getTableName(tableName=PRODUCTS) - end - result=PRODUCTS
23:05:08.234 [main] DEBUG org.dbunit.dataset.CachedDataSet - startTable(metaData=tableName=products, columns=[(sku_number, UNKNOWN, nullableUnknown), (name, UNKNOWN, nullableUnknown), (amount, UNKNOWN, nullableUnknown)], keys=[]) - start
23:05:08.235 [main] DEBUG o.dbunit.dataset.OrderedTableNameMap - getLastTableName() - start
23:05:08.235 [main] DEBUG o.dbunit.dataset.OrderedTableNameMap - getTableName(tableName=products) - start
23:05:08.235 [main] DEBUG o.dbunit.dataset.OrderedTableNameMap - getTableName(tableName=products) - end - result=PRODUCTS
23:05:08.235 [main] DEBUG o.d.dataset.AbstractTableMetaData - getColumnIndex(columnName=sku_number) - start
23:05:08.236 [main] DEBUG o.d.dataset.AbstractTableMetaData - getColumnIndex(columnName=name) - start
23:05:08.237 [main] DEBUG o.d.dataset.AbstractTableMetaData - getColumnIndex(columnName=amount) - start
23:05:08.237 [main] DEBUG o.dbunit.dataset.OrderedTableNameMap - getLastTableName() - start
23:05:08.237 [main] DEBUG o.dbunit.dataset.OrderedTableNameMap - getTableName(tableName=products) - start
23:05:08.237 [main] DEBUG o.dbunit.dataset.OrderedTableNameMap - getTableName(tableName=products) - end - result=PRODUCTS
23:05:08.237 [main] DEBUG org.dbunit.dataset.CachedDataSet - row(values=1) - start
23:05:08.237 [main] DEBUG org.dbunit.dataset.DefaultTable - addRow(values=1) - start
23:05:08.239 [main] DEBUG o.dbunit.dataset.xml.FlatXmlProducer - endElement(uri=, localName=, qName=products) - start
23:05:08.239 [main] DEBUG o.dbunit.dataset.xml.FlatXmlProducer - startElement(uri=, localName=, qName=products, attributes=org.apache.xerces.parsers.AbstractSAXParser$AttributesProxy@15575e0) - start
23:05:08.239 [main] DEBUG o.dbunit.dataset.OrderedTableNameMap - getLastTableName() - start
23:05:08.239 [main] DEBUG o.dbunit.dataset.OrderedTableNameMap - getTableName(tableName=products) - start
23:05:08.240 [main] DEBUG o.dbunit.dataset.OrderedTableNameMap - getTableName(tableName=products) - end - result=PRODUCTS
23:05:08.240 [main] DEBUG o.dbunit.dataset.OrderedTableNameMap - isLastTable(tableName=products) - start
23:05:08.241 [main] DEBUG o.dbunit.dataset.OrderedTableNameMap - getLastTableName() - start
23:05:08.241 [main] DEBUG o.dbunit.dataset.OrderedTableNameMap - getTableName(tableName=products) - start
23:05:08.241 [main] DEBUG o.dbunit.dataset.OrderedTableNameMap - getTableName(tableName=products) - end - result=PRODUCTS
23:05:08.242 [main] DEBUG o.dbunit.dataset.OrderedTableNameMap - getTableName(tableName=products) - start
23:05:08.242 [main] DEBUG o.dbunit.dataset.OrderedTableNameMap - getTableName(tableName=products) - end - result=PRODUCTS
23:05:08.242 [main] DEBUG o.dbunit.dataset.OrderedTableNameMap - getLastTableName() - start
23:05:08.242 [main] DEBUG o.dbunit.dataset.OrderedTableNameMap - getTableName(tableName=products) - start
23:05:08.242 [main] DEBUG o.dbunit.dataset.OrderedTableNameMap - getTableName(tableName=products) - end - result=PRODUCTS
23:05:08.244 [main] DEBUG o.d.dataset.AbstractTableMetaData - getColumnIndex(columnName=sku_number) - start
23:05:08.244 [main] DEBUG o.d.dataset.AbstractTableMetaData - getColumnIndex(columnName=name) - start
23:05:08.244 [main] DEBUG o.d.dataset.AbstractTableMetaData - getColumnIndex(columnName=amount) - start
23:05:08.244 [main] DEBUG o.dbunit.dataset.OrderedTableNameMap - getLastTableName() - start
23:05:08.244 [main] DEBUG o.dbunit.dataset.OrderedTableNameMap - getTableName(tableName=products) - start
23:05:08.245 [main] DEBUG o.dbunit.dataset.OrderedTableNameMap - getTableName(tableName=products) - end - result=PRODUCTS
23:05:08.245 [main] DEBUG org.dbunit.dataset.CachedDataSet - row(values=2) - start
23:05:08.245 [main] DEBUG org.dbunit.dataset.DefaultTable - addRow(values=2) - start
23:05:08.245 [main] DEBUG o.dbunit.dataset.xml.FlatXmlProducer - endElement(uri=, localName=, qName=products) - start
23:05:08.245 [main] DEBUG o.dbunit.dataset.xml.FlatXmlProducer - startElement(uri=, localName=, qName=products, attributes=org.apache.xerces.parsers.AbstractSAXParser$AttributesProxy@15575e0) - start
23:05:08.247 [main] DEBUG o.dbunit.dataset.OrderedTableNameMap - getLastTableName() - start
23:05:08.247 [main] DEBUG o.dbunit.dataset.OrderedTableNameMap - getTableName(tableName=products) - start
23:05:08.247 [main] DEBUG o.dbunit.dataset.OrderedTableNameMap - getTableName(tableName=products) - end - result=PRODUCTS
23:05:08.247 [main] DEBUG o.dbunit.dataset.OrderedTableNameMap - isLastTable(tableName=products) - start
23:05:08.247 [main] DEBUG o.dbunit.dataset.OrderedTableNameMap - getLastTableName() - start
23:05:08.249 [main] DEBUG o.dbunit.dataset.OrderedTableNameMap - getTableName(tableName=products) - start
23:05:08.249 [main] DEBUG o.dbunit.dataset.OrderedTableNameMap - getTableName(tableName=products) - end - result=PRODUCTS
23:05:08.249 [main] DEBUG o.dbunit.dataset.OrderedTableNameMap - getTableName(tableName=products) - start
23:05:08.249 [main] DEBUG o.dbunit.dataset.OrderedTableNameMap - getTableName(tableName=products) - end - result=PRODUCTS
23:05:08.249 [main] DEBUG o.dbunit.dataset.OrderedTableNameMap - getLastTableName() - start
23:05:08.250 [main] DEBUG o.dbunit.dataset.OrderedTableNameMap - getTableName(tableName=products) - start
23:05:08.250 [main] DEBUG o.dbunit.dataset.OrderedTableNameMap - getTableName(tableName=products) - end - result=PRODUCTS
23:05:08.250 [main] DEBUG o.d.dataset.AbstractTableMetaData - getColumnIndex(columnName=sku_number) - start
23:05:08.250 [main] DEBUG o.d.dataset.AbstractTableMetaData - getColumnIndex(columnName=name) - start
23:05:08.250 [main] DEBUG o.d.dataset.AbstractTableMetaData - getColumnIndex(columnName=amount) - start
23:05:08.252 [main] DEBUG o.dbunit.dataset.OrderedTableNameMap - getLastTableName() - start
23:05:08.252 [main] DEBUG o.dbunit.dataset.OrderedTableNameMap - getTableName(tableName=products) - start
23:05:08.252 [main] DEBUG o.dbunit.dataset.OrderedTableNameMap - getTableName(tableName=products) - end - result=PRODUCTS
23:05:08.252 [main] DEBUG org.dbunit.dataset.CachedDataSet - row(values=3) - start
23:05:08.252 [main] DEBUG org.dbunit.dataset.DefaultTable - addRow(values=3) - start
23:05:08.252 [main] DEBUG o.dbunit.dataset.xml.FlatXmlProducer - endElement(uri=, localName=, qName=products) - start
23:05:08.254 [main] DEBUG o.dbunit.dataset.xml.FlatXmlProducer - startElement(uri=, localName=, qName=products, attributes=org.apache.xerces.parsers.AbstractSAXParser$AttributesProxy@15575e0) - start
23:05:08.254 [main] DEBUG o.dbunit.dataset.OrderedTableNameMap - getLastTableName() - start
23:05:08.254 [main] DEBUG o.dbunit.dataset.OrderedTableNameMap - getTableName(tableName=products) - start
23:05:08.254 [main] DEBUG o.dbunit.dataset.OrderedTableNameMap - getTableName(tableName=products) - end - result=PRODUCTS
23:05:08.256 [main] DEBUG o.dbunit.dataset.OrderedTableNameMap - isLastTable(tableName=products) - start
23:05:08.256 [main] DEBUG o.dbunit.dataset.OrderedTableNameMap - getLastTableName() - start
23:05:08.256 [main] DEBUG o.dbunit.dataset.OrderedTableNameMap - getTableName(tableName=products) - start
23:05:08.256 [main] DEBUG o.dbunit.dataset.OrderedTableNameMap - getTableName(tableName=products) - end - result=PRODUCTS
23:05:08.256 [main] DEBUG o.dbunit.dataset.OrderedTableNameMap - getTableName(tableName=products) - start
23:05:08.258 [main] DEBUG o.dbunit.dataset.OrderedTableNameMap - getTableName(tableName=products) - end - result=PRODUCTS
23:05:08.258 [main] DEBUG o.dbunit.dataset.OrderedTableNameMap - getLastTableName() - start
23:05:08.258 [main] DEBUG o.dbunit.dataset.OrderedTableNameMap - getTableName(tableName=products) - start
23:05:08.258 [main] DEBUG o.dbunit.dataset.OrderedTableNameMap - getTableName(tableName=products) - end - result=PRODUCTS
23:05:08.258 [main] DEBUG o.d.dataset.AbstractTableMetaData - getColumnIndex(columnName=sku_number) - start
23:05:08.259 [main] DEBUG o.d.dataset.AbstractTableMetaData - getColumnIndex(columnName=name) - start
23:05:08.259 [main] DEBUG o.d.dataset.AbstractTableMetaData - getColumnIndex(columnName=amount) - start
23:05:08.259 [main] DEBUG o.dbunit.dataset.OrderedTableNameMap - getLastTableName() - start
23:05:08.259 [main] DEBUG o.dbunit.dataset.OrderedTableNameMap - getTableName(tableName=products) - start
23:05:08.259 [main] DEBUG o.dbunit.dataset.OrderedTableNameMap - getTableName(tableName=products) - end - result=PRODUCTS
23:05:08.261 [main] DEBUG org.dbunit.dataset.CachedDataSet - row(values=4) - start
23:05:08.261 [main] DEBUG org.dbunit.dataset.DefaultTable - addRow(values=4) - start
23:05:08.261 [main] DEBUG o.dbunit.dataset.xml.FlatXmlProducer - endElement(uri=, localName=, qName=products) - start
23:05:08.261 [main] DEBUG o.dbunit.dataset.xml.FlatXmlProducer - startElement(uri=, localName=, qName=orders, attributes=org.apache.xerces.parsers.AbstractSAXParser$AttributesProxy@15575e0) - start
23:05:08.261 [main] DEBUG o.dbunit.dataset.OrderedTableNameMap - getLastTableName() - start
23:05:08.263 [main] DEBUG o.dbunit.dataset.OrderedTableNameMap - getTableName(tableName=products) - start
23:05:08.263 [main] DEBUG o.dbunit.dataset.OrderedTableNameMap - getTableName(tableName=products) - end - result=PRODUCTS
23:05:08.263 [main] DEBUG o.dbunit.dataset.OrderedTableNameMap - isLastTable(tableName=orders) - start
23:05:08.263 [main] DEBUG o.dbunit.dataset.OrderedTableNameMap - getLastTableName() - start
23:05:08.263 [main] DEBUG o.dbunit.dataset.OrderedTableNameMap - getTableName(tableName=products) - start
23:05:08.265 [main] DEBUG o.dbunit.dataset.OrderedTableNameMap - getTableName(tableName=products) - end - result=PRODUCTS
23:05:08.265 [main] DEBUG o.dbunit.dataset.OrderedTableNameMap - getTableName(tableName=orders) - start
23:05:08.265 [main] DEBUG o.dbunit.dataset.OrderedTableNameMap - getTableName(tableName=orders) - end - result=ORDERS
23:05:08.265 [main] DEBUG org.dbunit.dataset.CachedDataSet - endTable() - start
23:05:08.265 [main] DEBUG o.dbunit.dataset.OrderedTableNameMap - getTableName(tableName=products) - start
23:05:08.266 [main] DEBUG o.dbunit.dataset.OrderedTableNameMap - getTableName(tableName=products) - end - result=PRODUCTS
23:05:08.266 [main] DEBUG o.dbunit.dataset.OrderedTableNameMap - add(tableName=products, object=org.dbunit.dataset.DefaultTable[_metaData=tableName=products, columns=[(sku_number, UNKNOWN, nullableUnknown), (name, UNKNOWN, nullableUnknown), (amount, UNKNOWN, nullableUnknown)], keys=[], _rowList.size()=4]) - start
23:05:08.266 [main] DEBUG o.dbunit.dataset.OrderedTableNameMap - getTableName(tableName=products) - start
23:05:08.268 [main] DEBUG o.dbunit.dataset.OrderedTableNameMap - getTableName(tableName=products) - end - result=PRODUCTS
23:05:08.268 [main] DEBUG o.dbunit.dataset.OrderedTableNameMap - getTableName(tableName=PRODUCTS) - start
23:05:08.268 [main] DEBUG o.dbunit.dataset.OrderedTableNameMap - getTableName(tableName=PRODUCTS) - end - result=PRODUCTS
23:05:08.268 [main] DEBUG o.dbunit.dataset.OrderedTableNameMap - getTableName(tableName=orders) - start
23:05:08.268 [main] DEBUG o.dbunit.dataset.OrderedTableNameMap - getTableName(tableName=orders) - end - result=ORDERS
23:05:08.269 [main] DEBUG o.dbunit.dataset.xml.FlatXmlProducer - createTableMetaData(tableName=orders, attributes=org.apache.xerces.parsers.AbstractSAXParser$AttributesProxy@15575e0) - start
23:05:08.269 [main] DEBUG org.dbunit.dataset.Columns - getColumns(columnNames=[], columns=[(order_number, UNKNOWN, nullableUnknown), (customer_id, UNKNOWN, nullableUnknown), (date, UNKNOWN, nullableUnknown), (amount, UNKNOWN, nullableUnknown), (order_status, UNKNOWN, nullableUnknown), (discount_status, UNKNOWN, nullableUnknown)]) - start
23:05:08.271 [main] DEBUG o.dbunit.dataset.OrderedTableNameMap - add(tableName=orders, object=tableName=orders, columns=[(order_number, UNKNOWN, nullableUnknown), (customer_id, UNKNOWN, nullableUnknown), (date, UNKNOWN, nullableUnknown), (amount, UNKNOWN, nullableUnknown), (order_status, UNKNOWN, nullableUnknown), (discount_status, UNKNOWN, nullableUnknown)], keys=[]) - start
23:05:08.271 [main] DEBUG o.dbunit.dataset.OrderedTableNameMap - getTableName(tableName=orders) - start
23:05:08.271 [main] DEBUG o.dbunit.dataset.OrderedTableNameMap - getTableName(tableName=orders) - end - result=ORDERS
23:05:08.272 [main] DEBUG o.dbunit.dataset.OrderedTableNameMap - getTableName(tableName=ORDERS) - start
23:05:08.272 [main] DEBUG o.dbunit.dataset.OrderedTableNameMap - getTableName(tableName=ORDERS) - end - result=ORDERS
23:05:08.272 [main] DEBUG org.dbunit.dataset.CachedDataSet - startTable(metaData=tableName=orders, columns=[(order_number, UNKNOWN, nullableUnknown), (customer_id, UNKNOWN, nullableUnknown), (date, UNKNOWN, nullableUnknown), (amount, UNKNOWN, nullableUnknown), (order_status, UNKNOWN, nullableUnknown), (discount_status, UNKNOWN, nullableUnknown)], keys=[]) - start
23:05:08.274 [main] DEBUG o.dbunit.dataset.OrderedTableNameMap - getLastTableName() - start
23:05:08.274 [main] DEBUG o.dbunit.dataset.OrderedTableNameMap - getTableName(tableName=orders) - start
23:05:08.274 [main] DEBUG o.dbunit.dataset.OrderedTableNameMap - getTableName(tableName=orders) - end - result=ORDERS
23:05:08.274 [main] DEBUG o.d.dataset.AbstractTableMetaData - getColumnIndex(columnName=order_number) - start
23:05:08.274 [main] DEBUG o.d.dataset.AbstractTableMetaData - getColumnIndex(columnName=customer_id) - start
23:05:08.275 [main] DEBUG o.d.dataset.AbstractTableMetaData - getColumnIndex(columnName=date) - start
23:05:08.275 [main] DEBUG o.d.dataset.AbstractTableMetaData - getColumnIndex(columnName=amount) - start
23:05:08.275 [main] DEBUG o.d.dataset.AbstractTableMetaData - getColumnIndex(columnName=order_status) - start
23:05:08.275 [main] DEBUG o.d.dataset.AbstractTableMetaData - getColumnIndex(columnName=discount_status) - start
23:05:08.275 [main] DEBUG o.dbunit.dataset.OrderedTableNameMap - getLastTableName() - start
23:05:08.277 [main] DEBUG o.dbunit.dataset.OrderedTableNameMap - getTableName(tableName=orders) - start
23:05:08.277 [main] DEBUG o.dbunit.dataset.OrderedTableNameMap - getTableName(tableName=orders) - end - result=ORDERS
23:05:08.277 [main] DEBUG org.dbunit.dataset.CachedDataSet - row(values=1) - start
23:05:08.277 [main] DEBUG org.dbunit.dataset.DefaultTable - addRow(values=1) - start
23:05:08.277 [main] DEBUG o.dbunit.dataset.xml.FlatXmlProducer - endElement(uri=, localName=, qName=orders) - start
23:05:08.277 [main] DEBUG o.dbunit.dataset.xml.FlatXmlProducer - startElement(uri=, localName=, qName=order_items, attributes=org.apache.xerces.parsers.AbstractSAXParser$AttributesProxy@15575e0) - start
23:05:08.279 [main] DEBUG o.dbunit.dataset.OrderedTableNameMap - getLastTableName() - start
23:05:08.279 [main] DEBUG o.dbunit.dataset.OrderedTableNameMap - getTableName(tableName=orders) - start
23:05:08.279 [main] DEBUG o.dbunit.dataset.OrderedTableNameMap - getTableName(tableName=orders) - end - result=ORDERS
23:05:08.279 [main] DEBUG o.dbunit.dataset.OrderedTableNameMap - isLastTable(tableName=order_items) - start
23:05:08.279 [main] DEBUG o.dbunit.dataset.OrderedTableNameMap - getLastTableName() - start
23:05:08.281 [main] DEBUG o.dbunit.dataset.OrderedTableNameMap - getTableName(tableName=orders) - start
23:05:08.281 [main] DEBUG o.dbunit.dataset.OrderedTableNameMap - getTableName(tableName=orders) - end - result=ORDERS
23:05:08.281 [main] DEBUG o.dbunit.dataset.OrderedTableNameMap - getTableName(tableName=order_items) - start
23:05:08.281 [main] DEBUG o.dbunit.dataset.OrderedTableNameMap - getTableName(tableName=order_items) - end - result=ORDER_ITEMS
23:05:08.281 [main] DEBUG org.dbunit.dataset.CachedDataSet - endTable() - start
23:05:08.283 [main] DEBUG o.dbunit.dataset.OrderedTableNameMap - getTableName(tableName=orders) - start
23:05:08.283 [main] DEBUG o.dbunit.dataset.OrderedTableNameMap - getTableName(tableName=orders) - end - result=ORDERS
23:05:08.283 [main] DEBUG o.dbunit.dataset.OrderedTableNameMap - add(tableName=orders, object=org.dbunit.dataset.DefaultTable[_metaData=tableName=orders, columns=[(order_number, UNKNOWN, nullableUnknown), (customer_id, UNKNOWN, nullableUnknown), (date, UNKNOWN, nullableUnknown), (amount, UNKNOWN, nullableUnknown), (order_status, UNKNOWN, nullableUnknown), (discount_status, UNKNOWN, nullableUnknown)], keys=[], _rowList.size()=1]) - start
23:05:08.284 [main] DEBUG o.dbunit.dataset.OrderedTableNameMap - getTableName(tableName=orders) - start
23:05:08.284 [main] DEBUG o.dbunit.dataset.OrderedTableNameMap - getTableName(tableName=orders) - end - result=ORDERS
23:05:08.284 [main] DEBUG o.dbunit.dataset.OrderedTableNameMap - getTableName(tableName=ORDERS) - start
23:05:08.284 [main] DEBUG o.dbunit.dataset.OrderedTableNameMap - getTableName(tableName=ORDERS) - end - result=ORDERS
23:05:08.284 [main] DEBUG o.dbunit.dataset.OrderedTableNameMap - getTableName(tableName=order_items) - start
23:05:08.285 [main] DEBUG o.dbunit.dataset.OrderedTableNameMap - getTableName(tableName=order_items) - end - result=ORDER_ITEMS
23:05:08.285 [main] DEBUG o.dbunit.dataset.xml.FlatXmlProducer - createTableMetaData(tableName=order_items, attributes=org.apache.xerces.parsers.AbstractSAXParser$AttributesProxy@15575e0) - start
23:05:08.285 [main] DEBUG org.dbunit.dataset.Columns - getColumns(columnNames=[], columns=[(id, UNKNOWN, nullableUnknown), (order_order_number, UNKNOWN, nullableUnknown), (product_sku_number, UNKNOWN, nullableUnknown), (quantity, UNKNOWN, nullableUnknown)]) - start
23:05:08.287 [main] DEBUG o.dbunit.dataset.OrderedTableNameMap - add(tableName=order_items, object=tableName=order_items, columns=[(id, UNKNOWN, nullableUnknown), (order_order_number, UNKNOWN, nullableUnknown), (product_sku_number, UNKNOWN, nullableUnknown), (quantity, UNKNOWN, nullableUnknown)], keys=[]) - start
23:05:08.287 [main] DEBUG o.dbunit.dataset.OrderedTableNameMap - getTableName(tableName=order_items) - start
23:05:08.287 [main] DEBUG o.dbunit.dataset.OrderedTableNameMap - getTableName(tableName=order_items) - end - result=ORDER_ITEMS
23:05:08.289 [main] DEBUG o.dbunit.dataset.OrderedTableNameMap - getTableName(tableName=ORDER_ITEMS) - start
23:05:08.289 [main] DEBUG o.dbunit.dataset.OrderedTableNameMap - getTableName(tableName=ORDER_ITEMS) - end - result=ORDER_ITEMS
23:05:08.289 [main] DEBUG org.dbunit.dataset.CachedDataSet - startTable(metaData=tableName=order_items, columns=[(id, UNKNOWN, nullableUnknown), (order_order_number, UNKNOWN, nullableUnknown), (product_sku_number, UNKNOWN, nullableUnknown), (quantity, UNKNOWN, nullableUnknown)], keys=[]) - start
23:05:08.291 [main] DEBUG o.dbunit.dataset.OrderedTableNameMap - getLastTableName() - start
23:05:08.291 [main] DEBUG o.dbunit.dataset.OrderedTableNameMap - getTableName(tableName=order_items) - start
23:05:08.291 [main] DEBUG o.dbunit.dataset.OrderedTableNameMap - getTableName(tableName=order_items) - end - result=ORDER_ITEMS
23:05:08.291 [main] DEBUG o.d.dataset.AbstractTableMetaData - getColumnIndex(columnName=id) - start
23:05:08.291 [main] DEBUG o.d.dataset.AbstractTableMetaData - getColumnIndex(columnName=order_order_number) - start
23:05:08.292 [main] DEBUG o.d.dataset.AbstractTableMetaData - getColumnIndex(columnName=product_sku_number) - start
23:05:08.292 [main] DEBUG o.d.dataset.AbstractTableMetaData - getColumnIndex(columnName=quantity) - start
23:05:08.292 [main] DEBUG o.dbunit.dataset.OrderedTableNameMap - getLastTableName() - start
23:05:08.292 [main] DEBUG o.dbunit.dataset.OrderedTableNameMap - getTableName(tableName=order_items) - start
23:05:08.292 [main] DEBUG o.dbunit.dataset.OrderedTableNameMap - getTableName(tableName=order_items) - end - result=ORDER_ITEMS
23:05:08.294 [main] DEBUG org.dbunit.dataset.CachedDataSet - row(values=1) - start
23:05:08.294 [main] DEBUG org.dbunit.dataset.DefaultTable - addRow(values=1) - start
23:05:08.294 [main] DEBUG o.dbunit.dataset.xml.FlatXmlProducer - endElement(uri=, localName=, qName=order_items) - start
23:05:08.294 [main] DEBUG o.dbunit.dataset.xml.FlatXmlProducer - startElement(uri=, localName=, qName=orders, attributes=org.apache.xerces.parsers.AbstractSAXParser$AttributesProxy@15575e0) - start
23:05:08.294 [main] DEBUG o.dbunit.dataset.OrderedTableNameMap - getLastTableName() - start
23:05:08.295 [main] DEBUG o.dbunit.dataset.OrderedTableNameMap - getTableName(tableName=order_items) - start
23:05:08.295 [main] DEBUG o.dbunit.dataset.OrderedTableNameMap - getTableName(tableName=order_items) - end - result=ORDER_ITEMS
23:05:08.295 [main] DEBUG o.dbunit.dataset.OrderedTableNameMap - isLastTable(tableName=orders) - start
23:05:08.295 [main] DEBUG o.dbunit.dataset.OrderedTableNameMap - getLastTableName() - start
23:05:08.295 [main] DEBUG o.dbunit.dataset.OrderedTableNameMap - getTableName(tableName=order_items) - start
23:05:08.297 [main] DEBUG o.dbunit.dataset.OrderedTableNameMap - getTableName(tableName=order_items) - end - result=ORDER_ITEMS
23:05:08.297 [main] DEBUG o.dbunit.dataset.OrderedTableNameMap - getTableName(tableName=orders) - start
23:05:08.297 [main] DEBUG o.dbunit.dataset.OrderedTableNameMap - getTableName(tableName=orders) - end - result=ORDERS
23:05:08.297 [main] DEBUG org.dbunit.dataset.CachedDataSet - endTable() - start
23:05:08.297 [main] DEBUG o.dbunit.dataset.OrderedTableNameMap - getTableName(tableName=order_items) - start
23:05:08.299 [main] DEBUG o.dbunit.dataset.OrderedTableNameMap - getTableName(tableName=order_items) - end - result=ORDER_ITEMS
23:05:08.299 [main] DEBUG o.dbunit.dataset.OrderedTableNameMap - add(tableName=order_items, object=org.dbunit.dataset.DefaultTable[_metaData=tableName=order_items, columns=[(id, UNKNOWN, nullableUnknown), (order_order_number, UNKNOWN, nullableUnknown), (product_sku_number, UNKNOWN, nullableUnknown), (quantity, UNKNOWN, nullableUnknown)], keys=[], _rowList.size()=1]) - start
23:05:08.299 [main] DEBUG o.dbunit.dataset.OrderedTableNameMap - getTableName(tableName=order_items) - start
23:05:08.301 [main] DEBUG o.dbunit.dataset.OrderedTableNameMap - getTableName(tableName=order_items) - end - result=ORDER_ITEMS
23:05:08.301 [main] DEBUG o.dbunit.dataset.OrderedTableNameMap - getTableName(tableName=ORDER_ITEMS) - start
23:05:08.301 [main] DEBUG o.dbunit.dataset.OrderedTableNameMap - getTableName(tableName=ORDER_ITEMS) - end - result=ORDER_ITEMS
23:05:08.301 [main] DEBUG o.dbunit.dataset.OrderedTableNameMap - getTableName(tableName=orders) - start
23:05:08.301 [main] DEBUG o.dbunit.dataset.OrderedTableNameMap - getTableName(tableName=orders) - end - result=ORDERS
23:05:08.303 [main] DEBUG o.dbunit.dataset.OrderedTableNameMap - getTableName(tableName=orders) - start
23:05:08.303 [main] DEBUG o.dbunit.dataset.OrderedTableNameMap - getTableName(tableName=orders) - end - result=ORDERS
23:05:08.303 [main] DEBUG o.dbunit.dataset.OrderedTableNameMap - setLastTable(nameorders) - start
23:05:08.303 [main] DEBUG o.dbunit.dataset.OrderedTableNameMap - getTableName(tableName=orders) - start
23:05:08.303 [main] DEBUG o.dbunit.dataset.OrderedTableNameMap - getTableName(tableName=orders) - end - result=ORDERS
23:05:08.304 [main] DEBUG org.dbunit.dataset.CachedDataSet - startTable(metaData=tableName=orders, columns=[(order_number, UNKNOWN, nullableUnknown), (customer_id, UNKNOWN, nullableUnknown), (date, UNKNOWN, nullableUnknown), (amount, UNKNOWN, nullableUnknown), (order_status, UNKNOWN, nullableUnknown), (discount_status, UNKNOWN, nullableUnknown)], keys=[]) - start
23:05:08.304 [main] DEBUG o.dbunit.dataset.OrderedTableNameMap - getLastTableName() - start
23:05:08.304 [main] DEBUG o.dbunit.dataset.OrderedTableNameMap - getTableName(tableName=orders) - start
23:05:08.306 [main] DEBUG o.dbunit.dataset.OrderedTableNameMap - getTableName(tableName=orders) - end - result=ORDERS
23:05:08.306 [main] DEBUG o.d.dataset.AbstractTableMetaData - getColumnIndex(columnName=order_number) - start
23:05:08.306 [main] DEBUG o.d.dataset.AbstractTableMetaData - getColumnIndex(columnName=customer_id) - start
23:05:08.306 [main] DEBUG o.d.dataset.AbstractTableMetaData - getColumnIndex(columnName=date) - start
23:05:08.306 [main] DEBUG o.d.dataset.AbstractTableMetaData - getColumnIndex(columnName=amount) - start
23:05:08.307 [main] DEBUG o.d.dataset.AbstractTableMetaData - getColumnIndex(columnName=order_status) - start
23:05:08.307 [main] DEBUG o.d.dataset.AbstractTableMetaData - getColumnIndex(columnName=discount_status) - start
23:05:08.307 [main] DEBUG o.dbunit.dataset.OrderedTableNameMap - getLastTableName() - start
23:05:08.307 [main] DEBUG o.dbunit.dataset.OrderedTableNameMap - getTableName(tableName=orders) - start
23:05:08.307 [main] DEBUG o.dbunit.dataset.OrderedTableNameMap - getTableName(tableName=orders) - end - result=ORDERS
23:05:08.309 [main] DEBUG org.dbunit.dataset.CachedDataSet - row(values=2) - start
23:05:08.309 [main] DEBUG org.dbunit.dataset.DefaultTable - addRow(values=2) - start
23:05:08.309 [main] DEBUG o.dbunit.dataset.xml.FlatXmlProducer - endElement(uri=, localName=, qName=orders) - start
23:05:08.310 [main] DEBUG o.dbunit.dataset.xml.FlatXmlProducer - startElement(uri=, localName=, qName=order_items, attributes=org.apache.xerces.parsers.AbstractSAXParser$AttributesProxy@15575e0) - start
23:05:08.310 [main] DEBUG o.dbunit.dataset.OrderedTableNameMap - getLastTableName() - start
23:05:08.311 [main] DEBUG o.dbunit.dataset.OrderedTableNameMap - getTableName(tableName=orders) - start
23:05:08.311 [main] DEBUG o.dbunit.dataset.OrderedTableNameMap - getTableName(tableName=orders) - end - result=ORDERS
23:05:08.311 [main] DEBUG o.dbunit.dataset.OrderedTableNameMap - isLastTable(tableName=order_items) - start
23:05:08.311 [main] DEBUG o.dbunit.dataset.OrderedTableNameMap - getLastTableName() - start
23:05:08.311 [main] DEBUG o.dbunit.dataset.OrderedTableNameMap - getTableName(tableName=orders) - start
23:05:08.313 [main] DEBUG o.dbunit.dataset.OrderedTableNameMap - getTableName(tableName=orders) - end - result=ORDERS
23:05:08.313 [main] DEBUG o.dbunit.dataset.OrderedTableNameMap - getTableName(tableName=order_items) - start
23:05:08.313 [main] DEBUG o.dbunit.dataset.OrderedTableNameMap - getTableName(tableName=order_items) - end - result=ORDER_ITEMS
23:05:08.313 [main] DEBUG org.dbunit.dataset.CachedDataSet - endTable() - start
23:05:08.313 [main] DEBUG o.dbunit.dataset.OrderedTableNameMap - getTableName(tableName=orders) - start
23:05:08.314 [main] DEBUG o.dbunit.dataset.OrderedTableNameMap - getTableName(tableName=orders) - end - result=ORDERS
23:05:08.314 [main] DEBUG o.dbunit.dataset.OrderedTableNameMap - getTableName(tableName=orders) - start
23:05:08.314 [main] DEBUG o.dbunit.dataset.OrderedTableNameMap - getTableName(tableName=orders) - end - result=ORDERS
23:05:08.314 [main] DEBUG org.dbunit.dataset.DefaultTable - addTableRows(table=org.dbunit.dataset.DefaultTable[_metaData=tableName=orders, columns=[(order_number, UNKNOWN, nullableUnknown), (customer_id, UNKNOWN, nullableUnknown), (date, UNKNOWN, nullableUnknown), (amount, UNKNOWN, nullableUnknown), (order_status, UNKNOWN, nullableUnknown), (discount_status, UNKNOWN, nullableUnknown)], keys=[], _rowList.size()=1]) - start
23:05:08.316 [main] DEBUG org.dbunit.dataset.DefaultTable - getValue(row=0, column=order_number) - start
23:05:08.316 [main] DEBUG org.dbunit.dataset.AbstractTable - assertValidRowIndex(row=0) - start
23:05:08.316 [main] DEBUG org.dbunit.dataset.AbstractTable - assertValidRowIndex(row=0, rowCount=1) - start
23:05:08.316 [main] DEBUG org.dbunit.dataset.AbstractTable - getColumnIndex(columnName=order_number) - start
23:05:08.316 [main] DEBUG o.d.dataset.AbstractTableMetaData - getColumnIndex(columnName=order_number) - start
23:05:08.317 [main] DEBUG org.dbunit.dataset.DefaultTable - getValue(row=0, column=customer_id) - start
23:05:08.317 [main] DEBUG org.dbunit.dataset.AbstractTable - assertValidRowIndex(row=0) - start
23:05:08.317 [main] DEBUG org.dbunit.dataset.AbstractTable - assertValidRowIndex(row=0, rowCount=1) - start
23:05:08.317 [main] DEBUG org.dbunit.dataset.AbstractTable - getColumnIndex(columnName=customer_id) - start
23:05:08.317 [main] DEBUG o.d.dataset.AbstractTableMetaData - getColumnIndex(columnName=customer_id) - start
23:05:08.319 [main] DEBUG org.dbunit.dataset.DefaultTable - getValue(row=0, column=date) - start
23:05:08.320 [main] DEBUG org.dbunit.dataset.AbstractTable - assertValidRowIndex(row=0) - start
23:05:08.320 [main] DEBUG org.dbunit.dataset.AbstractTable - assertValidRowIndex(row=0, rowCount=1) - start
23:05:08.320 [main] DEBUG org.dbunit.dataset.AbstractTable - getColumnIndex(columnName=date) - start
23:05:08.320 [main] DEBUG o.d.dataset.AbstractTableMetaData - getColumnIndex(columnName=date) - start
23:05:08.320 [main] DEBUG org.dbunit.dataset.DefaultTable - getValue(row=0, column=amount) - start
23:05:08.321 [main] DEBUG org.dbunit.dataset.AbstractTable - assertValidRowIndex(row=0) - start
23:05:08.321 [main] DEBUG org.dbunit.dataset.AbstractTable - assertValidRowIndex(row=0, rowCount=1) - start
23:05:08.321 [main] DEBUG org.dbunit.dataset.AbstractTable - getColumnIndex(columnName=amount) - start
23:05:08.321 [main] DEBUG o.d.dataset.AbstractTableMetaData - getColumnIndex(columnName=amount) - start
23:05:08.321 [main] DEBUG org.dbunit.dataset.DefaultTable - getValue(row=0, column=order_status) - start
23:05:08.323 [main] DEBUG org.dbunit.dataset.AbstractTable - assertValidRowIndex(row=0) - start
23:05:08.323 [main] DEBUG org.dbunit.dataset.AbstractTable - assertValidRowIndex(row=0, rowCount=1) - start
23:05:08.323 [main] DEBUG org.dbunit.dataset.AbstractTable - getColumnIndex(columnName=order_status) - start
23:05:08.323 [main] DEBUG o.d.dataset.AbstractTableMetaData - getColumnIndex(columnName=order_status) - start
23:05:08.323 [main] DEBUG org.dbunit.dataset.DefaultTable - getValue(row=0, column=discount_status) - start
23:05:08.324 [main] DEBUG org.dbunit.dataset.AbstractTable - assertValidRowIndex(row=0) - start
23:05:08.324 [main] DEBUG org.dbunit.dataset.AbstractTable - assertValidRowIndex(row=0, rowCount=1) - start
23:05:08.324 [main] DEBUG org.dbunit.dataset.AbstractTable - getColumnIndex(columnName=discount_status) - start
23:05:08.324 [main] DEBUG o.d.dataset.AbstractTableMetaData - getColumnIndex(columnName=discount_status) - start
23:05:08.324 [main] DEBUG org.dbunit.dataset.DefaultTable - getValue(row=1, column=order_number) - start
23:05:08.326 [main] DEBUG org.dbunit.dataset.AbstractTable - assertValidRowIndex(row=1) - start
23:05:08.326 [main] DEBUG org.dbunit.dataset.AbstractTable - assertValidRowIndex(row=1, rowCount=1) - start
23:05:08.326 [main] DEBUG o.dbunit.dataset.OrderedTableNameMap - getTableName(tableName=order_items) - start
23:05:08.326 [main] DEBUG o.dbunit.dataset.OrderedTableNameMap - getTableName(tableName=order_items) - end - result=ORDER_ITEMS
23:05:08.326 [main] DEBUG o.dbunit.dataset.OrderedTableNameMap - getTableName(tableName=order_items) - start
23:05:08.328 [main] DEBUG o.dbunit.dataset.OrderedTableNameMap - getTableName(tableName=order_items) - end - result=ORDER_ITEMS
23:05:08.328 [main] DEBUG o.dbunit.dataset.OrderedTableNameMap - setLastTable(nameorder_items) - start
23:05:08.328 [main] DEBUG o.dbunit.dataset.OrderedTableNameMap - getTableName(tableName=order_items) - start
23:05:08.328 [main] DEBUG o.dbunit.dataset.OrderedTableNameMap - getTableName(tableName=order_items) - end - result=ORDER_ITEMS
23:05:08.328 [main] DEBUG org.dbunit.dataset.CachedDataSet - startTable(metaData=tableName=order_items, columns=[(id, UNKNOWN, nullableUnknown), (order_order_number, UNKNOWN, nullableUnknown), (product_sku_number, UNKNOWN, nullableUnknown), (quantity, UNKNOWN, nullableUnknown)], keys=[]) - start
23:05:08.329 [main] DEBUG o.dbunit.dataset.OrderedTableNameMap - getLastTableName() - start
23:05:08.329 [main] DEBUG o.dbunit.dataset.OrderedTableNameMap - getTableName(tableName=order_items) - start
23:05:08.329 [main] DEBUG o.dbunit.dataset.OrderedTableNameMap - getTableName(tableName=order_items) - end - result=ORDER_ITEMS
23:05:08.329 [main] DEBUG o.d.dataset.AbstractTableMetaData - getColumnIndex(columnName=id) - start
23:05:08.329 [main] DEBUG o.d.dataset.AbstractTableMetaData - getColumnIndex(columnName=order_order_number) - start
23:05:08.331 [main] DEBUG o.d.dataset.AbstractTableMetaData - getColumnIndex(columnName=product_sku_number) - start
23:05:08.331 [main] DEBUG o.d.dataset.AbstractTableMetaData - getColumnIndex(columnName=quantity) - start
23:05:08.331 [main] DEBUG o.dbunit.dataset.OrderedTableNameMap - getLastTableName() - start
23:05:08.331 [main] DEBUG o.dbunit.dataset.OrderedTableNameMap - getTableName(tableName=order_items) - start
23:05:08.331 [main] DEBUG o.dbunit.dataset.OrderedTableNameMap - getTableName(tableName=order_items) - end - result=ORDER_ITEMS
23:05:08.333 [main] DEBUG org.dbunit.dataset.CachedDataSet - row(values=2) - start
23:05:08.333 [main] DEBUG org.dbunit.dataset.DefaultTable - addRow(values=2) - start
23:05:08.333 [main] DEBUG o.dbunit.dataset.xml.FlatXmlProducer - endElement(uri=, localName=, qName=order_items) - start
23:05:08.333 [main] DEBUG o.dbunit.dataset.xml.FlatXmlProducer - startElement(uri=, localName=, qName=order_items, attributes=org.apache.xerces.parsers.AbstractSAXParser$AttributesProxy@15575e0) - start
23:05:08.333 [main] DEBUG o.dbunit.dataset.OrderedTableNameMap - getLastTableName() - start
23:05:08.335 [main] DEBUG o.dbunit.dataset.OrderedTableNameMap - getTableName(tableName=order_items) - start
23:05:08.335 [main] DEBUG o.dbunit.dataset.OrderedTableNameMap - getTableName(tableName=order_items) - end - result=ORDER_ITEMS
23:05:08.335 [main] DEBUG o.dbunit.dataset.OrderedTableNameMap - isLastTable(tableName=order_items) - start
23:05:08.335 [main] DEBUG o.dbunit.dataset.OrderedTableNameMap - getLastTableName() - start
23:05:08.335 [main] DEBUG o.dbunit.dataset.OrderedTableNameMap - getTableName(tableName=order_items) - start
23:05:08.337 [main] DEBUG o.dbunit.dataset.OrderedTableNameMap - getTableName(tableName=order_items) - end - result=ORDER_ITEMS
23:05:08.337 [main] DEBUG o.dbunit.dataset.OrderedTableNameMap - getTableName(tableName=order_items) - start
23:05:08.337 [main] DEBUG o.dbunit.dataset.OrderedTableNameMap - getTableName(tableName=order_items) - end - result=ORDER_ITEMS
23:05:08.337 [main] DEBUG o.dbunit.dataset.OrderedTableNameMap - getLastTableName() - start
23:05:08.337 [main] DEBUG o.dbunit.dataset.OrderedTableNameMap - getTableName(tableName=order_items) - start
23:05:08.338 [main] DEBUG o.dbunit.dataset.OrderedTableNameMap - getTableName(tableName=order_items) - end - result=ORDER_ITEMS
23:05:08.338 [main] DEBUG o.d.dataset.AbstractTableMetaData - getColumnIndex(columnName=id) - start
23:05:08.338 [main] DEBUG o.d.dataset.AbstractTableMetaData - getColumnIndex(columnName=order_order_number) - start
23:05:08.338 [main] DEBUG o.d.dataset.AbstractTableMetaData - getColumnIndex(columnName=product_sku_number) - start
23:05:08.338 [main] DEBUG o.d.dataset.AbstractTableMetaData - getColumnIndex(columnName=quantity) - start
23:05:08.340 [main] DEBUG o.dbunit.dataset.OrderedTableNameMap - getLastTableName() - start
23:05:08.340 [main] DEBUG o.dbunit.dataset.OrderedTableNameMap - getTableName(tableName=order_items) - start
23:05:08.340 [main] DEBUG o.dbunit.dataset.OrderedTableNameMap - getTableName(tableName=order_items) - end - result=ORDER_ITEMS
23:05:08.340 [main] DEBUG org.dbunit.dataset.CachedDataSet - row(values=3) - start
23:05:08.340 [main] DEBUG org.dbunit.dataset.DefaultTable - addRow(values=3) - start
23:05:08.340 [main] DEBUG o.dbunit.dataset.xml.FlatXmlProducer - endElement(uri=, localName=, qName=order_items) - start
23:05:08.342 [main] DEBUG o.dbunit.dataset.xml.FlatXmlProducer - startElement(uri=, localName=, qName=orders, attributes=org.apache.xerces.parsers.AbstractSAXParser$AttributesProxy@15575e0) - start
23:05:08.342 [main] DEBUG o.dbunit.dataset.OrderedTableNameMap - getLastTableName() - start
23:05:08.342 [main] DEBUG o.dbunit.dataset.OrderedTableNameMap - getTableName(tableName=order_items) - start
23:05:08.342 [main] DEBUG o.dbunit.dataset.OrderedTableNameMap - getTableName(tableName=order_items) - end - result=ORDER_ITEMS
23:05:08.343 [main] DEBUG o.dbunit.dataset.OrderedTableNameMap - isLastTable(tableName=orders) - start
23:05:08.344 [main] DEBUG o.dbunit.dataset.OrderedTableNameMap - getLastTableName() - start
23:05:08.344 [main] DEBUG o.dbunit.dataset.OrderedTableNameMap - getTableName(tableName=order_items) - start
23:05:08.344 [main] DEBUG o.dbunit.dataset.OrderedTableNameMap - getTableName(tableName=order_items) - end - result=ORDER_ITEMS
23:05:08.344 [main] DEBUG o.dbunit.dataset.OrderedTableNameMap - getTableName(tableName=orders) - start
23:05:08.345 [main] DEBUG o.dbunit.dataset.OrderedTableNameMap - getTableName(tableName=orders) - end - result=ORDERS
23:05:08.345 [main] DEBUG org.dbunit.dataset.CachedDataSet - endTable() - start
23:05:08.345 [main] DEBUG o.dbunit.dataset.OrderedTableNameMap - getTableName(tableName=order_items) - start
23:05:08.345 [main] DEBUG o.dbunit.dataset.OrderedTableNameMap - getTableName(tableName=order_items) - end - result=ORDER_ITEMS
23:05:08.345 [main] DEBUG o.dbunit.dataset.OrderedTableNameMap - getTableName(tableName=order_items) - start
23:05:08.347 [main] DEBUG o.dbunit.dataset.OrderedTableNameMap - getTableName(tableName=order_items) - end - result=ORDER_ITEMS
23:05:08.347 [main] DEBUG org.dbunit.dataset.DefaultTable - addTableRows(table=org.dbunit.dataset.DefaultTable[_metaData=tableName=order_items, columns=[(id, UNKNOWN, nullableUnknown), (order_order_number, UNKNOWN, nullableUnknown), (product_sku_number, UNKNOWN, nullableUnknown), (quantity, UNKNOWN, nullableUnknown)], keys=[], _rowList.size()=2]) - start
23:05:08.347 [main] DEBUG org.dbunit.dataset.DefaultTable - getValue(row=0, column=id) - start
23:05:08.349 [main] DEBUG org.dbunit.dataset.AbstractTable - assertValidRowIndex(row=0) - start
23:05:08.349 [main] DEBUG org.dbunit.dataset.AbstractTable - assertValidRowIndex(row=0, rowCount=2) - start
23:05:08.349 [main] DEBUG org.dbunit.dataset.AbstractTable - getColumnIndex(columnName=id) - start
23:05:08.349 [main] DEBUG o.d.dataset.AbstractTableMetaData - getColumnIndex(columnName=id) - start
23:05:08.349 [main] DEBUG org.dbunit.dataset.DefaultTable - getValue(row=0, column=order_order_number) - start
23:05:08.349 [main] DEBUG org.dbunit.dataset.AbstractTable - assertValidRowIndex(row=0) - start
23:05:08.349 [main] DEBUG org.dbunit.dataset.AbstractTable - assertValidRowIndex(row=0, rowCount=2) - start
23:05:08.349 [main] DEBUG org.dbunit.dataset.AbstractTable - getColumnIndex(columnName=order_order_number) - start
23:05:08.349 [main] DEBUG o.d.dataset.AbstractTableMetaData - getColumnIndex(columnName=order_order_number) - start
23:05:08.349 [main] DEBUG org.dbunit.dataset.DefaultTable - getValue(row=0, column=product_sku_number) - start
23:05:08.351 [main] DEBUG org.dbunit.dataset.AbstractTable - assertValidRowIndex(row=0) - start
23:05:08.351 [main] DEBUG org.dbunit.dataset.AbstractTable - assertValidRowIndex(row=0, rowCount=2) - start
23:05:08.351 [main] DEBUG org.dbunit.dataset.AbstractTable - getColumnIndex(columnName=product_sku_number) - start
23:05:08.351 [main] DEBUG o.d.dataset.AbstractTableMetaData - getColumnIndex(columnName=product_sku_number) - start
23:05:08.351 [main] DEBUG org.dbunit.dataset.DefaultTable - getValue(row=0, column=quantity) - start
23:05:08.353 [main] DEBUG org.dbunit.dataset.AbstractTable - assertValidRowIndex(row=0) - start
23:05:08.353 [main] DEBUG org.dbunit.dataset.AbstractTable - assertValidRowIndex(row=0, rowCount=2) - start
23:05:08.353 [main] DEBUG org.dbunit.dataset.AbstractTable - getColumnIndex(columnName=quantity) - start
23:05:08.353 [main] DEBUG o.d.dataset.AbstractTableMetaData - getColumnIndex(columnName=quantity) - start
23:05:08.353 [main] DEBUG org.dbunit.dataset.DefaultTable - getValue(row=1, column=id) - start
23:05:08.355 [main] DEBUG org.dbunit.dataset.AbstractTable - assertValidRowIndex(row=1) - start
23:05:08.355 [main] DEBUG org.dbunit.dataset.AbstractTable - assertValidRowIndex(row=1, rowCount=2) - start
23:05:08.355 [main] DEBUG org.dbunit.dataset.AbstractTable - getColumnIndex(columnName=id) - start
23:05:08.355 [main] DEBUG o.d.dataset.AbstractTableMetaData - getColumnIndex(columnName=id) - start
23:05:08.355 [main] DEBUG org.dbunit.dataset.DefaultTable - getValue(row=1, column=order_order_number) - start
23:05:08.357 [main] DEBUG org.dbunit.dataset.AbstractTable - assertValidRowIndex(row=1) - start
23:05:08.357 [main] DEBUG org.dbunit.dataset.AbstractTable - assertValidRowIndex(row=1, rowCount=2) - start
23:05:08.357 [main] DEBUG org.dbunit.dataset.AbstractTable - getColumnIndex(columnName=order_order_number) - start
23:05:08.357 [main] DEBUG o.d.dataset.AbstractTableMetaData - getColumnIndex(columnName=order_order_number) - start
23:05:08.357 [main] DEBUG org.dbunit.dataset.DefaultTable - getValue(row=1, column=product_sku_number) - start
23:05:08.358 [main] DEBUG org.dbunit.dataset.AbstractTable - assertValidRowIndex(row=1) - start
23:05:08.358 [main] DEBUG org.dbunit.dataset.AbstractTable - assertValidRowIndex(row=1, rowCount=2) - start
23:05:08.358 [main] DEBUG org.dbunit.dataset.AbstractTable - getColumnIndex(columnName=product_sku_number) - start
23:05:08.358 [main] DEBUG o.d.dataset.AbstractTableMetaData - getColumnIndex(columnName=product_sku_number) - start
23:05:08.358 [main] DEBUG org.dbunit.dataset.DefaultTable - getValue(row=1, column=quantity) - start
23:05:08.360 [main] DEBUG org.dbunit.dataset.AbstractTable - assertValidRowIndex(row=1) - start
23:05:08.360 [main] DEBUG org.dbunit.dataset.AbstractTable - assertValidRowIndex(row=1, rowCount=2) - start
23:05:08.360 [main] DEBUG org.dbunit.dataset.AbstractTable - getColumnIndex(columnName=quantity) - start
23:05:08.360 [main] DEBUG o.d.dataset.AbstractTableMetaData - getColumnIndex(columnName=quantity) - start
23:05:08.360 [main] DEBUG org.dbunit.dataset.DefaultTable - getValue(row=2, column=id) - start
23:05:08.361 [main] DEBUG org.dbunit.dataset.AbstractTable - assertValidRowIndex(row=2) - start
23:05:08.361 [main] DEBUG org.dbunit.dataset.AbstractTable - assertValidRowIndex(row=2, rowCount=2) - start
23:05:08.361 [main] DEBUG o.dbunit.dataset.OrderedTableNameMap - getTableName(tableName=orders) - start
23:05:08.361 [main] DEBUG o.dbunit.dataset.OrderedTableNameMap - getTableName(tableName=orders) - end - result=ORDERS
23:05:08.361 [main] DEBUG o.dbunit.dataset.OrderedTableNameMap - getTableName(tableName=orders) - start
23:05:08.363 [main] DEBUG o.dbunit.dataset.OrderedTableNameMap - getTableName(tableName=orders) - end - result=ORDERS
23:05:08.363 [main] DEBUG o.dbunit.dataset.OrderedTableNameMap - setLastTable(nameorders) - start
23:05:08.363 [main] DEBUG o.dbunit.dataset.OrderedTableNameMap - getTableName(tableName=orders) - start
23:05:08.363 [main] DEBUG o.dbunit.dataset.OrderedTableNameMap - getTableName(tableName=orders) - end - result=ORDERS
23:05:08.363 [main] DEBUG org.dbunit.dataset.CachedDataSet - startTable(metaData=tableName=orders, columns=[(order_number, UNKNOWN, nullableUnknown), (customer_id, UNKNOWN, nullableUnknown), (date, UNKNOWN, nullableUnknown), (amount, UNKNOWN, nullableUnknown), (order_status, UNKNOWN, nullableUnknown), (discount_status, UNKNOWN, nullableUnknown)], keys=[]) - start
23:05:08.364 [main] DEBUG o.dbunit.dataset.OrderedTableNameMap - getLastTableName() - start
23:05:08.364 [main] DEBUG o.dbunit.dataset.OrderedTableNameMap - getTableName(tableName=orders) - start
23:05:08.364 [main] DEBUG o.dbunit.dataset.OrderedTableNameMap - getTableName(tableName=orders) - end - result=ORDERS
23:05:08.364 [main] DEBUG o.d.dataset.AbstractTableMetaData - getColumnIndex(columnName=order_number) - start
23:05:08.364 [main] DEBUG o.d.dataset.AbstractTableMetaData - getColumnIndex(columnName=customer_id) - start
23:05:08.366 [main] DEBUG o.d.dataset.AbstractTableMetaData - getColumnIndex(columnName=date) - start
23:05:08.366 [main] DEBUG o.d.dataset.AbstractTableMetaData - getColumnIndex(columnName=amount) - start
23:05:08.366 [main] DEBUG o.d.dataset.AbstractTableMetaData - getColumnIndex(columnName=order_status) - start
23:05:08.366 [main] DEBUG o.d.dataset.AbstractTableMetaData - getColumnIndex(columnName=discount_status) - start
23:05:08.366 [main] DEBUG o.dbunit.dataset.OrderedTableNameMap - getLastTableName() - start
23:05:08.368 [main] DEBUG o.dbunit.dataset.OrderedTableNameMap - getTableName(tableName=orders) - start
23:05:08.368 [main] DEBUG o.dbunit.dataset.OrderedTableNameMap - getTableName(tableName=orders) - end - result=ORDERS
23:05:08.368 [main] DEBUG org.dbunit.dataset.CachedDataSet - row(values=3) - start
23:05:08.368 [main] DEBUG org.dbunit.dataset.DefaultTable - addRow(values=3) - start
23:05:08.368 [main] DEBUG o.dbunit.dataset.xml.FlatXmlProducer - endElement(uri=, localName=, qName=orders) - start
23:05:08.368 [main] DEBUG o.dbunit.dataset.xml.FlatXmlProducer - startElement(uri=, localName=, qName=order_items, attributes=org.apache.xerces.parsers.AbstractSAXParser$AttributesProxy@15575e0) - start
23:05:08.369 [main] DEBUG o.dbunit.dataset.OrderedTableNameMap - getLastTableName() - start
23:05:08.369 [main] DEBUG o.dbunit.dataset.OrderedTableNameMap - getTableName(tableName=orders) - start
23:05:08.369 [main] DEBUG o.dbunit.dataset.OrderedTableNameMap - getTableName(tableName=orders) - end - result=ORDERS
23:05:08.369 [main] DEBUG o.dbunit.dataset.OrderedTableNameMap - isLastTable(tableName=order_items) - start
23:05:08.369 [main] DEBUG o.dbunit.dataset.OrderedTableNameMap - getLastTableName() - start
23:05:08.372 [main] DEBUG o.dbunit.dataset.OrderedTableNameMap - getTableName(tableName=orders) - start
23:05:08.372 [main] DEBUG o.dbunit.dataset.OrderedTableNameMap - getTableName(tableName=orders) - end - result=ORDERS
23:05:08.372 [main] DEBUG o.dbunit.dataset.OrderedTableNameMap - getTableName(tableName=order_items) - start
23:05:08.372 [main] DEBUG o.dbunit.dataset.OrderedTableNameMap - getTableName(tableName=order_items) - end - result=ORDER_ITEMS
23:05:08.372 [main] DEBUG org.dbunit.dataset.CachedDataSet - endTable() - start
23:05:08.374 [main] DEBUG o.dbunit.dataset.OrderedTableNameMap - getTableName(tableName=orders) - start
23:05:08.374 [main] DEBUG o.dbunit.dataset.OrderedTableNameMap - getTableName(tableName=orders) - end - result=ORDERS
23:05:08.374 [main] DEBUG o.dbunit.dataset.OrderedTableNameMap - getTableName(tableName=orders) - start
23:05:08.374 [main] DEBUG o.dbunit.dataset.OrderedTableNameMap - getTableName(tableName=orders) - end - result=ORDERS
23:05:08.374 [main] DEBUG org.dbunit.dataset.DefaultTable - addTableRows(table=org.dbunit.dataset.DefaultTable[_metaData=tableName=orders, columns=[(order_number, UNKNOWN, nullableUnknown), (customer_id, UNKNOWN, nullableUnknown), (date, UNKNOWN, nullableUnknown), (amount, UNKNOWN, nullableUnknown), (order_status, UNKNOWN, nullableUnknown), (discount_status, UNKNOWN, nullableUnknown)], keys=[], _rowList.size()=1]) - start
23:05:08.375 [main] DEBUG org.dbunit.dataset.DefaultTable - getValue(row=0, column=order_number) - start
23:05:08.375 [main] DEBUG org.dbunit.dataset.AbstractTable - assertValidRowIndex(row=0) - start
23:05:08.375 [main] DEBUG org.dbunit.dataset.AbstractTable - assertValidRowIndex(row=0, rowCount=1) - start
23:05:08.375 [main] DEBUG org.dbunit.dataset.AbstractTable - getColumnIndex(columnName=order_number) - start
23:05:08.375 [main] DEBUG o.d.dataset.AbstractTableMetaData - getColumnIndex(columnName=order_number) - start
23:05:08.377 [main] DEBUG org.dbunit.dataset.DefaultTable - getValue(row=0, column=customer_id) - start
23:05:08.377 [main] DEBUG org.dbunit.dataset.AbstractTable - assertValidRowIndex(row=0) - start
23:05:08.377 [main] DEBUG org.dbunit.dataset.AbstractTable - assertValidRowIndex(row=0, rowCount=1) - start
23:05:08.377 [main] DEBUG org.dbunit.dataset.AbstractTable - getColumnIndex(columnName=customer_id) - start
23:05:08.377 [main] DEBUG o.d.dataset.AbstractTableMetaData - getColumnIndex(columnName=customer_id) - start
23:05:08.379 [main] DEBUG org.dbunit.dataset.DefaultTable - getValue(row=0, column=date) - start
23:05:08.379 [main] DEBUG org.dbunit.dataset.AbstractTable - assertValidRowIndex(row=0) - start
23:05:08.379 [main] DEBUG org.dbunit.dataset.AbstractTable - assertValidRowIndex(row=0, rowCount=1) - start
23:05:08.379 [main] DEBUG org.dbunit.dataset.AbstractTable - getColumnIndex(columnName=date) - start
23:05:08.379 [main] DEBUG o.d.dataset.AbstractTableMetaData - getColumnIndex(columnName=date) - start
23:05:08.379 [main] DEBUG org.dbunit.dataset.DefaultTable - getValue(row=0, column=amount) - start
23:05:08.380 [main] DEBUG org.dbunit.dataset.AbstractTable - assertValidRowIndex(row=0) - start
23:05:08.381 [main] DEBUG org.dbunit.dataset.AbstractTable - assertValidRowIndex(row=0, rowCount=1) - start
23:05:08.381 [main] DEBUG org.dbunit.dataset.AbstractTable - getColumnIndex(columnName=amount) - start
23:05:08.381 [main] DEBUG o.d.dataset.AbstractTableMetaData - getColumnIndex(columnName=amount) - start
23:05:08.381 [main] DEBUG org.dbunit.dataset.DefaultTable - getValue(row=0, column=order_status) - start
23:05:08.383 [main] DEBUG org.dbunit.dataset.AbstractTable - assertValidRowIndex(row=0) - start
23:05:08.383 [main] DEBUG org.dbunit.dataset.AbstractTable - assertValidRowIndex(row=0, rowCount=1) - start
23:05:08.383 [main] DEBUG org.dbunit.dataset.AbstractTable - getColumnIndex(columnName=order_status) - start
23:05:08.383 [main] DEBUG o.d.dataset.AbstractTableMetaData - getColumnIndex(columnName=order_status) - start
23:05:08.383 [main] DEBUG org.dbunit.dataset.DefaultTable - getValue(row=0, column=discount_status) - start
23:05:08.384 [main] DEBUG org.dbunit.dataset.AbstractTable - assertValidRowIndex(row=0) - start
23:05:08.384 [main] DEBUG org.dbunit.dataset.AbstractTable - assertValidRowIndex(row=0, rowCount=1) - start
23:05:08.384 [main] DEBUG org.dbunit.dataset.AbstractTable - getColumnIndex(columnName=discount_status) - start
23:05:08.384 [main] DEBUG o.d.dataset.AbstractTableMetaData - getColumnIndex(columnName=discount_status) - start
23:05:08.384 [main] DEBUG org.dbunit.dataset.DefaultTable - getValue(row=1, column=order_number) - start
23:05:08.385 [main] DEBUG org.dbunit.dataset.AbstractTable - assertValidRowIndex(row=1) - start
23:05:08.385 [main] DEBUG org.dbunit.dataset.AbstractTable - assertValidRowIndex(row=1, rowCount=1) - start
23:05:08.385 [main] DEBUG o.dbunit.dataset.OrderedTableNameMap - getTableName(tableName=order_items) - start
23:05:08.385 [main] DEBUG o.dbunit.dataset.OrderedTableNameMap - getTableName(tableName=order_items) - end - result=ORDER_ITEMS
23:05:08.386 [main] DEBUG o.dbunit.dataset.OrderedTableNameMap - getTableName(tableName=order_items) - start
23:05:08.387 [main] DEBUG o.dbunit.dataset.OrderedTableNameMap - getTableName(tableName=order_items) - end - result=ORDER_ITEMS
23:05:08.387 [main] DEBUG o.dbunit.dataset.OrderedTableNameMap - setLastTable(nameorder_items) - start
23:05:08.387 [main] DEBUG o.dbunit.dataset.OrderedTableNameMap - getTableName(tableName=order_items) - start
23:05:08.387 [main] DEBUG o.dbunit.dataset.OrderedTableNameMap - getTableName(tableName=order_items) - end - result=ORDER_ITEMS
23:05:08.387 [main] DEBUG org.dbunit.dataset.CachedDataSet - startTable(metaData=tableName=order_items, columns=[(id, UNKNOWN, nullableUnknown), (order_order_number, UNKNOWN, nullableUnknown), (product_sku_number, UNKNOWN, nullableUnknown), (quantity, UNKNOWN, nullableUnknown)], keys=[]) - start
23:05:08.389 [main] DEBUG o.dbunit.dataset.OrderedTableNameMap - getLastTableName() - start
23:05:08.389 [main] DEBUG o.dbunit.dataset.OrderedTableNameMap - getTableName(tableName=order_items) - start
23:05:08.389 [main] DEBUG o.dbunit.dataset.OrderedTableNameMap - getTableName(tableName=order_items) - end - result=ORDER_ITEMS
23:05:08.389 [main] DEBUG o.d.dataset.AbstractTableMetaData - getColumnIndex(columnName=id) - start
23:05:08.389 [main] DEBUG o.d.dataset.AbstractTableMetaData - getColumnIndex(columnName=order_order_number) - start
23:05:08.391 [main] DEBUG o.d.dataset.AbstractTableMetaData - getColumnIndex(columnName=product_sku_number) - start
23:05:08.391 [main] DEBUG o.d.dataset.AbstractTableMetaData - getColumnIndex(columnName=quantity) - start
23:05:08.391 [main] DEBUG o.dbunit.dataset.OrderedTableNameMap - getLastTableName() - start
23:05:08.391 [main] DEBUG o.dbunit.dataset.OrderedTableNameMap - getTableName(tableName=order_items) - start
23:05:08.391 [main] DEBUG o.dbunit.dataset.OrderedTableNameMap - getTableName(tableName=order_items) - end - result=ORDER_ITEMS
23:05:08.393 [main] DEBUG org.dbunit.dataset.CachedDataSet - row(values=4) - start
23:05:08.393 [main] DEBUG org.dbunit.dataset.DefaultTable - addRow(values=4) - start
23:05:08.393 [main] DEBUG o.dbunit.dataset.xml.FlatXmlProducer - endElement(uri=, localName=, qName=order_items) - start
23:05:08.394 [main] DEBUG o.dbunit.dataset.xml.FlatXmlProducer - startElement(uri=, localName=, qName=orders, attributes=org.apache.xerces.parsers.AbstractSAXParser$AttributesProxy@15575e0) - start
23:05:08.394 [main] DEBUG o.dbunit.dataset.OrderedTableNameMap - getLastTableName() - start
23:05:08.394 [main] DEBUG o.dbunit.dataset.OrderedTableNameMap - getTableName(tableName=order_items) - start
23:05:08.394 [main] DEBUG o.dbunit.dataset.OrderedTableNameMap - getTableName(tableName=order_items) - end - result=ORDER_ITEMS
23:05:08.394 [main] DEBUG o.dbunit.dataset.OrderedTableNameMap - isLastTable(tableName=orders) - start
23:05:08.394 [main] DEBUG o.dbunit.dataset.OrderedTableNameMap - getLastTableName() - start
23:05:08.394 [main] DEBUG o.dbunit.dataset.OrderedTableNameMap - getTableName(tableName=order_items) - start
23:05:08.396 [main] DEBUG o.dbunit.dataset.OrderedTableNameMap - getTableName(tableName=order_items) - end - result=ORDER_ITEMS
23:05:08.396 [main] DEBUG o.dbunit.dataset.OrderedTableNameMap - getTableName(tableName=orders) - start
23:05:08.396 [main] DEBUG o.dbunit.dataset.OrderedTableNameMap - getTableName(tableName=orders) - end - result=ORDERS
23:05:08.396 [main] DEBUG org.dbunit.dataset.CachedDataSet - endTable() - start
23:05:08.396 [main] DEBUG o.dbunit.dataset.OrderedTableNameMap - getTableName(tableName=order_items) - start
23:05:08.398 [main] DEBUG o.dbunit.dataset.OrderedTableNameMap - getTableName(tableName=order_items) - end - result=ORDER_ITEMS
23:05:08.398 [main] DEBUG o.dbunit.dataset.OrderedTableNameMap - getTableName(tableName=order_items) - start
23:05:08.398 [main] DEBUG o.dbunit.dataset.OrderedTableNameMap - getTableName(tableName=order_items) - end - result=ORDER_ITEMS
23:05:08.398 [main] DEBUG org.dbunit.dataset.DefaultTable - addTableRows(table=org.dbunit.dataset.DefaultTable[_metaData=tableName=order_items, columns=[(id, UNKNOWN, nullableUnknown), (order_order_number, UNKNOWN, nullableUnknown), (product_sku_number, UNKNOWN, nullableUnknown), (quantity, UNKNOWN, nullableUnknown)], keys=[], _rowList.size()=1]) - start
23:05:08.400 [main] DEBUG org.dbunit.dataset.DefaultTable - getValue(row=0, column=id) - start
23:05:08.400 [main] DEBUG org.dbunit.dataset.AbstractTable - assertValidRowIndex(row=0) - start
23:05:08.400 [main] DEBUG org.dbunit.dataset.AbstractTable - assertValidRowIndex(row=0, rowCount=1) - start
23:05:08.400 [main] DEBUG org.dbunit.dataset.AbstractTable - getColumnIndex(columnName=id) - start
23:05:08.400 [main] DEBUG o.d.dataset.AbstractTableMetaData - getColumnIndex(columnName=id) - start
23:05:08.400 [main] DEBUG org.dbunit.dataset.DefaultTable - getValue(row=0, column=order_order_number) - start
23:05:08.401 [main] DEBUG org.dbunit.dataset.AbstractTable - assertValidRowIndex(row=0) - start
23:05:08.401 [main] DEBUG org.dbunit.dataset.AbstractTable - assertValidRowIndex(row=0, rowCount=1) - start
23:05:08.401 [main] DEBUG org.dbunit.dataset.AbstractTable - getColumnIndex(columnName=order_order_number) - start
23:05:08.401 [main] DEBUG o.d.dataset.AbstractTableMetaData - getColumnIndex(columnName=order_order_number) - start
23:05:08.401 [main] DEBUG org.dbunit.dataset.DefaultTable - getValue(row=0, column=product_sku_number) - start
23:05:08.404 [main] DEBUG org.dbunit.dataset.AbstractTable - assertValidRowIndex(row=0) - start
23:05:08.404 [main] DEBUG org.dbunit.dataset.AbstractTable - assertValidRowIndex(row=0, rowCount=1) - start
23:05:08.404 [main] DEBUG org.dbunit.dataset.AbstractTable - getColumnIndex(columnName=product_sku_number) - start
23:05:08.404 [main] DEBUG o.d.dataset.AbstractTableMetaData - getColumnIndex(columnName=product_sku_number) - start
23:05:08.404 [main] DEBUG org.dbunit.dataset.DefaultTable - getValue(row=0, column=quantity) - start
23:05:08.405 [main] DEBUG org.dbunit.dataset.AbstractTable - assertValidRowIndex(row=0) - start
23:05:08.405 [main] DEBUG org.dbunit.dataset.AbstractTable - assertValidRowIndex(row=0, rowCount=1) - start
23:05:08.405 [main] DEBUG org.dbunit.dataset.AbstractTable - getColumnIndex(columnName=quantity) - start
23:05:08.405 [main] DEBUG o.d.dataset.AbstractTableMetaData - getColumnIndex(columnName=quantity) - start
23:05:08.405 [main] DEBUG org.dbunit.dataset.DefaultTable - getValue(row=1, column=id) - start
23:05:08.407 [main] DEBUG org.dbunit.dataset.AbstractTable - assertValidRowIndex(row=1) - start
23:05:08.407 [main] DEBUG org.dbunit.dataset.AbstractTable - assertValidRowIndex(row=1, rowCount=1) - start
23:05:08.407 [main] DEBUG o.dbunit.dataset.OrderedTableNameMap - getTableName(tableName=orders) - start
23:05:08.407 [main] DEBUG o.dbunit.dataset.OrderedTableNameMap - getTableName(tableName=orders) - end - result=ORDERS
23:05:08.407 [main] DEBUG o.dbunit.dataset.OrderedTableNameMap - getTableName(tableName=orders) - start
23:05:08.408 [main] DEBUG o.dbunit.dataset.OrderedTableNameMap - getTableName(tableName=orders) - end - result=ORDERS
23:05:08.408 [main] DEBUG o.dbunit.dataset.OrderedTableNameMap - setLastTable(nameorders) - start
23:05:08.408 [main] DEBUG o.dbunit.dataset.OrderedTableNameMap - getTableName(tableName=orders) - start
23:05:08.408 [main] DEBUG o.dbunit.dataset.OrderedTableNameMap - getTableName(tableName=orders) - end - result=ORDERS
23:05:08.408 [main] DEBUG org.dbunit.dataset.CachedDataSet - startTable(metaData=tableName=orders, columns=[(order_number, UNKNOWN, nullableUnknown), (customer_id, UNKNOWN, nullableUnknown), (date, UNKNOWN, nullableUnknown), (amount, UNKNOWN, nullableUnknown), (order_status, UNKNOWN, nullableUnknown), (discount_status, UNKNOWN, nullableUnknown)], keys=[]) - start
23:05:08.410 [main] DEBUG o.dbunit.dataset.OrderedTableNameMap - getLastTableName() - start
23:05:08.410 [main] DEBUG o.dbunit.dataset.OrderedTableNameMap - getTableName(tableName=orders) - start
23:05:08.410 [main] DEBUG o.dbunit.dataset.OrderedTableNameMap - getTableName(tableName=orders) - end - result=ORDERS
23:05:08.410 [main] DEBUG o.d.dataset.AbstractTableMetaData - getColumnIndex(columnName=order_number) - start
23:05:08.410 [main] DEBUG o.d.dataset.AbstractTableMetaData - getColumnIndex(columnName=customer_id) - start
23:05:08.412 [main] DEBUG o.d.dataset.AbstractTableMetaData - getColumnIndex(columnName=date) - start
23:05:08.412 [main] DEBUG o.d.dataset.AbstractTableMetaData - getColumnIndex(columnName=amount) - start
23:05:08.412 [main] DEBUG o.d.dataset.AbstractTableMetaData - getColumnIndex(columnName=order_status) - start
23:05:08.412 [main] DEBUG o.d.dataset.AbstractTableMetaData - getColumnIndex(columnName=discount_status) - start
23:05:08.412 [main] DEBUG o.dbunit.dataset.OrderedTableNameMap - getLastTableName() - start
23:05:08.414 [main] DEBUG o.dbunit.dataset.OrderedTableNameMap - getTableName(tableName=orders) - start
23:05:08.414 [main] DEBUG o.dbunit.dataset.OrderedTableNameMap - getTableName(tableName=orders) - end - result=ORDERS
23:05:08.414 [main] DEBUG org.dbunit.dataset.CachedDataSet - row(values=4) - start
23:05:08.414 [main] DEBUG org.dbunit.dataset.DefaultTable - addRow(values=4) - start
23:05:08.414 [main] DEBUG o.dbunit.dataset.xml.FlatXmlProducer - endElement(uri=, localName=, qName=orders) - start
23:05:08.414 [main] DEBUG o.dbunit.dataset.xml.FlatXmlProducer - startElement(uri=, localName=, qName=order_items, attributes=org.apache.xerces.parsers.AbstractSAXParser$AttributesProxy@15575e0) - start
23:05:08.415 [main] DEBUG o.dbunit.dataset.OrderedTableNameMap - getLastTableName() - start
23:05:08.415 [main] DEBUG o.dbunit.dataset.OrderedTableNameMap - getTableName(tableName=orders) - start
23:05:08.415 [main] DEBUG o.dbunit.dataset.OrderedTableNameMap - getTableName(tableName=orders) - end - result=ORDERS
23:05:08.415 [main] DEBUG o.dbunit.dataset.OrderedTableNameMap - isLastTable(tableName=order_items) - start
23:05:08.415 [main] DEBUG o.dbunit.dataset.OrderedTableNameMap - getLastTableName() - start
23:05:08.418 [main] DEBUG o.dbunit.dataset.OrderedTableNameMap - getTableName(tableName=orders) - start
23:05:08.418 [main] DEBUG o.dbunit.dataset.OrderedTableNameMap - getTableName(tableName=orders) - end - result=ORDERS
23:05:08.419 [main] DEBUG o.dbunit.dataset.OrderedTableNameMap - getTableName(tableName=order_items) - start
23:05:08.419 [main] DEBUG o.dbunit.dataset.OrderedTableNameMap - getTableName(tableName=order_items) - end - result=ORDER_ITEMS
23:05:08.420 [main] DEBUG org.dbunit.dataset.CachedDataSet - endTable() - start
23:05:08.421 [main] DEBUG o.dbunit.dataset.OrderedTableNameMap - getTableName(tableName=orders) - start
23:05:08.421 [main] DEBUG o.dbunit.dataset.OrderedTableNameMap - getTableName(tableName=orders) - end - result=ORDERS
23:05:08.421 [main] DEBUG o.dbunit.dataset.OrderedTableNameMap - getTableName(tableName=orders) - start
23:05:08.421 [main] DEBUG o.dbunit.dataset.OrderedTableNameMap - getTableName(tableName=orders) - end - result=ORDERS
23:05:08.421 [main] DEBUG org.dbunit.dataset.DefaultTable - addTableRows(table=org.dbunit.dataset.DefaultTable[_metaData=tableName=orders, columns=[(order_number, UNKNOWN, nullableUnknown), (customer_id, UNKNOWN, nullableUnknown), (date, UNKNOWN, nullableUnknown), (amount, UNKNOWN, nullableUnknown), (order_status, UNKNOWN, nullableUnknown), (discount_status, UNKNOWN, nullableUnknown)], keys=[], _rowList.size()=1]) - start
23:05:08.521 [main] DEBUG org.dbunit.dataset.DefaultTable - getValue(row=0, column=order_number) - start
23:05:08.521 [main] DEBUG org.dbunit.dataset.AbstractTable - assertValidRowIndex(row=0) - start
23:05:08.521 [main] DEBUG org.dbunit.dataset.AbstractTable - assertValidRowIndex(row=0, rowCount=1) - start
23:05:08.521 [main] DEBUG org.dbunit.dataset.AbstractTable - getColumnIndex(columnName=order_number) - start
23:05:08.521 [main] DEBUG o.d.dataset.AbstractTableMetaData - getColumnIndex(columnName=order_number) - start
23:05:08.522 [main] DEBUG org.dbunit.dataset.DefaultTable - getValue(row=0, column=customer_id) - start
23:05:08.522 [main] DEBUG org.dbunit.dataset.AbstractTable - assertValidRowIndex(row=0) - start
23:05:08.522 [main] DEBUG org.dbunit.dataset.AbstractTable - assertValidRowIndex(row=0, rowCount=1) - start
23:05:08.522 [main] DEBUG org.dbunit.dataset.AbstractTable - getColumnIndex(columnName=customer_id) - start
23:05:08.522 [main] DEBUG o.d.dataset.AbstractTableMetaData - getColumnIndex(columnName=customer_id) - start
23:05:08.525 [main] DEBUG org.dbunit.dataset.DefaultTable - getValue(row=0, column=date) - start
23:05:08.525 [main] DEBUG org.dbunit.dataset.AbstractTable - assertValidRowIndex(row=0) - start
23:05:08.525 [main] DEBUG org.dbunit.dataset.AbstractTable - assertValidRowIndex(row=0, rowCount=1) - start
23:05:08.525 [main] DEBUG org.dbunit.dataset.AbstractTable - getColumnIndex(columnName=date) - start
23:05:08.525 [main] DEBUG o.d.dataset.AbstractTableMetaData - getColumnIndex(columnName=date) - start
23:05:08.525 [main] DEBUG org.dbunit.dataset.DefaultTable - getValue(row=0, column=amount) - start
23:05:08.526 [main] DEBUG org.dbunit.dataset.AbstractTable - assertValidRowIndex(row=0) - start
23:05:08.526 [main] DEBUG org.dbunit.dataset.AbstractTable - assertValidRowIndex(row=0, rowCount=1) - start
23:05:08.526 [main] DEBUG org.dbunit.dataset.AbstractTable - getColumnIndex(columnName=amount) - start
23:05:08.526 [main] DEBUG o.d.dataset.AbstractTableMetaData - getColumnIndex(columnName=amount) - start
23:05:08.526 [main] DEBUG org.dbunit.dataset.DefaultTable - getValue(row=0, column=order_status) - start
23:05:08.527 [main] DEBUG org.dbunit.dataset.AbstractTable - assertValidRowIndex(row=0) - start
23:05:08.527 [main] DEBUG org.dbunit.dataset.AbstractTable - assertValidRowIndex(row=0, rowCount=1) - start
23:05:08.527 [main] DEBUG org.dbunit.dataset.AbstractTable - getColumnIndex(columnName=order_status) - start
23:05:08.527 [main] DEBUG o.d.dataset.AbstractTableMetaData - getColumnIndex(columnName=order_status) - start
23:05:08.528 [main] DEBUG org.dbunit.dataset.DefaultTable - getValue(row=0, column=discount_status) - start
23:05:08.529 [main] DEBUG org.dbunit.dataset.AbstractTable - assertValidRowIndex(row=0) - start
23:05:08.529 [main] DEBUG org.dbunit.dataset.AbstractTable - assertValidRowIndex(row=0, rowCount=1) - start
23:05:08.529 [main] DEBUG org.dbunit.dataset.AbstractTable - getColumnIndex(columnName=discount_status) - start
23:05:08.529 [main] DEBUG o.d.dataset.AbstractTableMetaData - getColumnIndex(columnName=discount_status) - start
23:05:08.529 [main] DEBUG org.dbunit.dataset.DefaultTable - getValue(row=1, column=order_number) - start
23:05:08.531 [main] DEBUG org.dbunit.dataset.AbstractTable - assertValidRowIndex(row=1) - start
23:05:08.531 [main] DEBUG org.dbunit.dataset.AbstractTable - assertValidRowIndex(row=1, rowCount=1) - start
23:05:08.531 [main] DEBUG o.dbunit.dataset.OrderedTableNameMap - getTableName(tableName=order_items) - start
23:05:08.531 [main] DEBUG o.dbunit.dataset.OrderedTableNameMap - getTableName(tableName=order_items) - end - result=ORDER_ITEMS
23:05:08.531 [main] DEBUG o.dbunit.dataset.OrderedTableNameMap - getTableName(tableName=order_items) - start
23:05:08.532 [main] DEBUG o.dbunit.dataset.OrderedTableNameMap - getTableName(tableName=order_items) - end - result=ORDER_ITEMS
23:05:08.532 [main] DEBUG o.dbunit.dataset.OrderedTableNameMap - setLastTable(nameorder_items) - start
23:05:08.532 [main] DEBUG o.dbunit.dataset.OrderedTableNameMap - getTableName(tableName=order_items) - start
23:05:08.532 [main] DEBUG o.dbunit.dataset.OrderedTableNameMap - getTableName(tableName=order_items) - end - result=ORDER_ITEMS
23:05:08.532 [main] DEBUG org.dbunit.dataset.CachedDataSet - startTable(metaData=tableName=order_items, columns=[(id, UNKNOWN, nullableUnknown), (order_order_number, UNKNOWN, nullableUnknown), (product_sku_number, UNKNOWN, nullableUnknown), (quantity, UNKNOWN, nullableUnknown)], keys=[]) - start
23:05:08.534 [main] DEBUG o.dbunit.dataset.OrderedTableNameMap - getLastTableName() - start
23:05:08.534 [main] DEBUG o.dbunit.dataset.OrderedTableNameMap - getTableName(tableName=order_items) - start
23:05:08.534 [main] DEBUG o.dbunit.dataset.OrderedTableNameMap - getTableName(tableName=order_items) - end - result=ORDER_ITEMS
23:05:08.534 [main] DEBUG o.d.dataset.AbstractTableMetaData - getColumnIndex(columnName=id) - start
23:05:08.534 [main] DEBUG o.d.dataset.AbstractTableMetaData - getColumnIndex(columnName=order_order_number) - start
23:05:08.536 [main] DEBUG o.d.dataset.AbstractTableMetaData - getColumnIndex(columnName=product_sku_number) - start
23:05:08.536 [main] DEBUG o.d.dataset.AbstractTableMetaData - getColumnIndex(columnName=quantity) - start
23:05:08.536 [main] DEBUG o.dbunit.dataset.OrderedTableNameMap - getLastTableName() - start
23:05:08.536 [main] DEBUG o.dbunit.dataset.OrderedTableNameMap - getTableName(tableName=order_items) - start
23:05:08.536 [main] DEBUG o.dbunit.dataset.OrderedTableNameMap - getTableName(tableName=order_items) - end - result=ORDER_ITEMS
23:05:08.538 [main] DEBUG org.dbunit.dataset.CachedDataSet - row(values=5) - start
23:05:08.538 [main] DEBUG org.dbunit.dataset.DefaultTable - addRow(values=5) - start
23:05:08.538 [main] DEBUG o.dbunit.dataset.xml.FlatXmlProducer - endElement(uri=, localName=, qName=order_items) - start
23:05:08.538 [main] DEBUG o.dbunit.dataset.xml.FlatXmlProducer - startElement(uri=, localName=, qName=orders, attributes=org.apache.xerces.parsers.AbstractSAXParser$AttributesProxy@15575e0) - start
23:05:08.538 [main] DEBUG o.dbunit.dataset.OrderedTableNameMap - getLastTableName() - start
23:05:08.539 [main] DEBUG o.dbunit.dataset.OrderedTableNameMap - getTableName(tableName=order_items) - start
23:05:08.540 [main] DEBUG o.dbunit.dataset.OrderedTableNameMap - getTableName(tableName=order_items) - end - result=ORDER_ITEMS
23:05:08.540 [main] DEBUG o.dbunit.dataset.OrderedTableNameMap - isLastTable(tableName=orders) - start
23:05:08.540 [main] DEBUG o.dbunit.dataset.OrderedTableNameMap - getLastTableName() - start
23:05:08.540 [main] DEBUG o.dbunit.dataset.OrderedTableNameMap - getTableName(tableName=order_items) - start
23:05:08.541 [main] DEBUG o.dbunit.dataset.OrderedTableNameMap - getTableName(tableName=order_items) - end - result=ORDER_ITEMS
23:05:08.541 [main] DEBUG o.dbunit.dataset.OrderedTableNameMap - getTableName(tableName=orders) - start
23:05:08.541 [main] DEBUG o.dbunit.dataset.OrderedTableNameMap - getTableName(tableName=orders) - end - result=ORDERS
23:05:08.541 [main] DEBUG org.dbunit.dataset.CachedDataSet - endTable() - start
23:05:08.541 [main] DEBUG o.dbunit.dataset.OrderedTableNameMap - getTableName(tableName=order_items) - start
23:05:08.543 [main] DEBUG o.dbunit.dataset.OrderedTableNameMap - getTableName(tableName=order_items) - end - result=ORDER_ITEMS
23:05:08.543 [main] DEBUG o.dbunit.dataset.OrderedTableNameMap - getTableName(tableName=order_items) - start
23:05:08.543 [main] DEBUG o.dbunit.dataset.OrderedTableNameMap - getTableName(tableName=order_items) - end - result=ORDER_ITEMS
23:05:08.543 [main] DEBUG org.dbunit.dataset.DefaultTable - addTableRows(table=org.dbunit.dataset.DefaultTable[_metaData=tableName=order_items, columns=[(id, UNKNOWN, nullableUnknown), (order_order_number, UNKNOWN, nullableUnknown), (product_sku_number, UNKNOWN, nullableUnknown), (quantity, UNKNOWN, nullableUnknown)], keys=[], _rowList.size()=1]) - start
23:05:08.545 [main] DEBUG org.dbunit.dataset.DefaultTable - getValue(row=0, column=id) - start
23:05:08.545 [main] DEBUG org.dbunit.dataset.AbstractTable - assertValidRowIndex(row=0) - start
23:05:08.545 [main] DEBUG org.dbunit.dataset.AbstractTable - assertValidRowIndex(row=0, rowCount=1) - start
23:05:08.545 [main] DEBUG org.dbunit.dataset.AbstractTable - getColumnIndex(columnName=id) - start
23:05:08.545 [main] DEBUG o.d.dataset.AbstractTableMetaData - getColumnIndex(columnName=id) - start
23:05:08.545 [main] DEBUG org.dbunit.dataset.DefaultTable - getValue(row=0, column=order_order_number) - start
23:05:08.546 [main] DEBUG org.dbunit.dataset.AbstractTable - assertValidRowIndex(row=0) - start
23:05:08.546 [main] DEBUG org.dbunit.dataset.AbstractTable - assertValidRowIndex(row=0, rowCount=1) - start
23:05:08.546 [main] DEBUG org.dbunit.dataset.AbstractTable - getColumnIndex(columnName=order_order_number) - start
23:05:08.546 [main] DEBUG o.d.dataset.AbstractTableMetaData - getColumnIndex(columnName=order_order_number) - start
23:05:08.546 [main] DEBUG org.dbunit.dataset.DefaultTable - getValue(row=0, column=product_sku_number) - start
23:05:08.548 [main] DEBUG org.dbunit.dataset.AbstractTable - assertValidRowIndex(row=0) - start
23:05:08.549 [main] DEBUG org.dbunit.dataset.AbstractTable - assertValidRowIndex(row=0, rowCount=1) - start
23:05:08.549 [main] DEBUG org.dbunit.dataset.AbstractTable - getColumnIndex(columnName=product_sku_number) - start
23:05:08.549 [main] DEBUG o.d.dataset.AbstractTableMetaData - getColumnIndex(columnName=product_sku_number) - start
23:05:08.549 [main] DEBUG org.dbunit.dataset.DefaultTable - getValue(row=0, column=quantity) - start
23:05:08.550 [main] DEBUG org.dbunit.dataset.AbstractTable - assertValidRowIndex(row=0) - start
23:05:08.550 [main] DEBUG org.dbunit.dataset.AbstractTable - assertValidRowIndex(row=0, rowCount=1) - start
23:05:08.550 [main] DEBUG org.dbunit.dataset.AbstractTable - getColumnIndex(columnName=quantity) - start
23:05:08.550 [main] DEBUG o.d.dataset.AbstractTableMetaData - getColumnIndex(columnName=quantity) - start
23:05:08.550 [main] DEBUG org.dbunit.dataset.DefaultTable - getValue(row=1, column=id) - start
23:05:08.552 [main] DEBUG org.dbunit.dataset.AbstractTable - assertValidRowIndex(row=1) - start
23:05:08.552 [main] DEBUG org.dbunit.dataset.AbstractTable - assertValidRowIndex(row=1, rowCount=1) - start
23:05:08.552 [main] DEBUG o.dbunit.dataset.OrderedTableNameMap - getTableName(tableName=orders) - start
23:05:08.552 [main] DEBUG o.dbunit.dataset.OrderedTableNameMap - getTableName(tableName=orders) - end - result=ORDERS
23:05:08.552 [main] DEBUG o.dbunit.dataset.OrderedTableNameMap - getTableName(tableName=orders) - start
23:05:08.553 [main] DEBUG o.dbunit.dataset.OrderedTableNameMap - getTableName(tableName=orders) - end - result=ORDERS
23:05:08.553 [main] DEBUG o.dbunit.dataset.OrderedTableNameMap - setLastTable(nameorders) - start
23:05:08.553 [main] DEBUG o.dbunit.dataset.OrderedTableNameMap - getTableName(tableName=orders) - start
23:05:08.553 [main] DEBUG o.dbunit.dataset.OrderedTableNameMap - getTableName(tableName=orders) - end - result=ORDERS
23:05:08.553 [main] DEBUG org.dbunit.dataset.CachedDataSet - startTable(metaData=tableName=orders, columns=[(order_number, UNKNOWN, nullableUnknown), (customer_id, UNKNOWN, nullableUnknown), (date, UNKNOWN, nullableUnknown), (amount, UNKNOWN, nullableUnknown), (order_status, UNKNOWN, nullableUnknown), (discount_status, UNKNOWN, nullableUnknown)], keys=[]) - start
23:05:08.555 [main] DEBUG o.dbunit.dataset.OrderedTableNameMap - getLastTableName() - start
23:05:08.555 [main] DEBUG o.dbunit.dataset.OrderedTableNameMap - getTableName(tableName=orders) - start
23:05:08.555 [main] DEBUG o.dbunit.dataset.OrderedTableNameMap - getTableName(tableName=orders) - end - result=ORDERS
23:05:08.555 [main] DEBUG o.d.dataset.AbstractTableMetaData - getColumnIndex(columnName=order_number) - start
23:05:08.555 [main] DEBUG o.d.dataset.AbstractTableMetaData - getColumnIndex(columnName=customer_id) - start
23:05:08.557 [main] DEBUG o.d.dataset.AbstractTableMetaData - getColumnIndex(columnName=date) - start
23:05:08.557 [main] DEBUG o.d.dataset.AbstractTableMetaData - getColumnIndex(columnName=amount) - start
23:05:08.557 [main] DEBUG o.d.dataset.AbstractTableMetaData - getColumnIndex(columnName=order_status) - start
23:05:08.557 [main] DEBUG o.d.dataset.AbstractTableMetaData - getColumnIndex(columnName=discount_status) - start
23:05:08.557 [main] DEBUG o.dbunit.dataset.OrderedTableNameMap - getLastTableName() - start
23:05:08.559 [main] DEBUG o.dbunit.dataset.OrderedTableNameMap - getTableName(tableName=orders) - start
23:05:08.559 [main] DEBUG o.dbunit.dataset.OrderedTableNameMap - getTableName(tableName=orders) - end - result=ORDERS
23:05:08.559 [main] DEBUG org.dbunit.dataset.CachedDataSet - row(values=5) - start
23:05:08.559 [main] DEBUG org.dbunit.dataset.DefaultTable - addRow(values=5) - start
23:05:08.559 [main] DEBUG o.dbunit.dataset.xml.FlatXmlProducer - endElement(uri=, localName=, qName=orders) - start
23:05:08.559 [main] DEBUG o.dbunit.dataset.xml.FlatXmlProducer - startElement(uri=, localName=, qName=order_items, attributes=org.apache.xerces.parsers.AbstractSAXParser$AttributesProxy@15575e0) - start
23:05:08.560 [main] DEBUG o.dbunit.dataset.OrderedTableNameMap - getLastTableName() - start
23:05:08.560 [main] DEBUG o.dbunit.dataset.OrderedTableNameMap - getTableName(tableName=orders) - start
23:05:08.560 [main] DEBUG o.dbunit.dataset.OrderedTableNameMap - getTableName(tableName=orders) - end - result=ORDERS
23:05:08.560 [main] DEBUG o.dbunit.dataset.OrderedTableNameMap - isLastTable(tableName=order_items) - start
23:05:08.560 [main] DEBUG o.dbunit.dataset.OrderedTableNameMap - getLastTableName() - start
23:05:08.562 [main] DEBUG o.dbunit.dataset.OrderedTableNameMap - getTableName(tableName=orders) - start
23:05:08.562 [main] DEBUG o.dbunit.dataset.OrderedTableNameMap - getTableName(tableName=orders) - end - result=ORDERS
23:05:08.562 [main] DEBUG o.dbunit.dataset.OrderedTableNameMap - getTableName(tableName=order_items) - start
23:05:08.562 [main] DEBUG o.dbunit.dataset.OrderedTableNameMap - getTableName(tableName=order_items) - end - result=ORDER_ITEMS
23:05:08.562 [main] DEBUG org.dbunit.dataset.CachedDataSet - endTable() - start
23:05:08.564 [main] DEBUG o.dbunit.dataset.OrderedTableNameMap - getTableName(tableName=orders) - start
23:05:08.564 [main] DEBUG o.dbunit.dataset.OrderedTableNameMap - getTableName(tableName=orders) - end - result=ORDERS
23:05:08.564 [main] DEBUG o.dbunit.dataset.OrderedTableNameMap - getTableName(tableName=orders) - start
23:05:08.564 [main] DEBUG o.dbunit.dataset.OrderedTableNameMap - getTableName(tableName=orders) - end - result=ORDERS
23:05:08.564 [main] DEBUG org.dbunit.dataset.DefaultTable - addTableRows(table=org.dbunit.dataset.DefaultTable[_metaData=tableName=orders, columns=[(order_number, UNKNOWN, nullableUnknown), (customer_id, UNKNOWN, nullableUnknown), (date, UNKNOWN, nullableUnknown), (amount, UNKNOWN, nullableUnknown), (order_status, UNKNOWN, nullableUnknown), (discount_status, UNKNOWN, nullableUnknown)], keys=[], _rowList.size()=1]) - start
23:05:08.566 [main] DEBUG org.dbunit.dataset.DefaultTable - getValue(row=0, column=order_number) - start
23:05:08.566 [main] DEBUG org.dbunit.dataset.AbstractTable - assertValidRowIndex(row=0) - start
23:05:08.566 [main] DEBUG org.dbunit.dataset.AbstractTable - assertValidRowIndex(row=0, rowCount=1) - start
23:05:08.566 [main] DEBUG org.dbunit.dataset.AbstractTable - getColumnIndex(columnName=order_number) - start
23:05:08.566 [main] DEBUG o.d.dataset.AbstractTableMetaData - getColumnIndex(columnName=order_number) - start
23:05:08.568 [main] DEBUG org.dbunit.dataset.DefaultTable - getValue(row=0, column=customer_id) - start
23:05:08.568 [main] DEBUG org.dbunit.dataset.AbstractTable - assertValidRowIndex(row=0) - start
23:05:08.569 [main] DEBUG org.dbunit.dataset.AbstractTable - assertValidRowIndex(row=0, rowCount=1) - start
23:05:08.569 [main] DEBUG org.dbunit.dataset.AbstractTable - getColumnIndex(columnName=customer_id) - start
23:05:08.569 [main] DEBUG o.d.dataset.AbstractTableMetaData - getColumnIndex(columnName=customer_id) - start
23:05:08.570 [main] DEBUG org.dbunit.dataset.DefaultTable - getValue(row=0, column=date) - start
23:05:08.570 [main] DEBUG org.dbunit.dataset.AbstractTable - assertValidRowIndex(row=0) - start
23:05:08.570 [main] DEBUG org.dbunit.dataset.AbstractTable - assertValidRowIndex(row=0, rowCount=1) - start
23:05:08.570 [main] DEBUG org.dbunit.dataset.AbstractTable - getColumnIndex(columnName=date) - start
23:05:08.570 [main] DEBUG o.d.dataset.AbstractTableMetaData - getColumnIndex(columnName=date) - start
23:05:08.570 [main] DEBUG org.dbunit.dataset.DefaultTable - getValue(row=0, column=amount) - start
23:05:08.571 [main] DEBUG org.dbunit.dataset.AbstractTable - assertValidRowIndex(row=0) - start
23:05:08.571 [main] DEBUG org.dbunit.dataset.AbstractTable - assertValidRowIndex(row=0, rowCount=1) - start
23:05:08.572 [main] DEBUG org.dbunit.dataset.AbstractTable - getColumnIndex(columnName=amount) - start
23:05:08.572 [main] DEBUG o.d.dataset.AbstractTableMetaData - getColumnIndex(columnName=amount) - start
23:05:08.572 [main] DEBUG org.dbunit.dataset.DefaultTable - getValue(row=0, column=order_status) - start
23:05:08.573 [main] DEBUG org.dbunit.dataset.AbstractTable - assertValidRowIndex(row=0) - start
23:05:08.573 [main] DEBUG org.dbunit.dataset.AbstractTable - assertValidRowIndex(row=0, rowCount=1) - start
23:05:08.573 [main] DEBUG org.dbunit.dataset.AbstractTable - getColumnIndex(columnName=order_status) - start
23:05:08.573 [main] DEBUG o.d.dataset.AbstractTableMetaData - getColumnIndex(columnName=order_status) - start
23:05:08.573 [main] DEBUG org.dbunit.dataset.DefaultTable - getValue(row=0, column=discount_status) - start
23:05:08.575 [main] DEBUG org.dbunit.dataset.AbstractTable - assertValidRowIndex(row=0) - start
23:05:08.575 [main] DEBUG org.dbunit.dataset.AbstractTable - assertValidRowIndex(row=0, rowCount=1) - start
23:05:08.575 [main] DEBUG org.dbunit.dataset.AbstractTable - getColumnIndex(columnName=discount_status) - start
23:05:08.575 [main] DEBUG o.d.dataset.AbstractTableMetaData - getColumnIndex(columnName=discount_status) - start
23:05:08.575 [main] DEBUG org.dbunit.dataset.DefaultTable - getValue(row=1, column=order_number) - start
23:05:08.576 [main] DEBUG org.dbunit.dataset.AbstractTable - assertValidRowIndex(row=1) - start
23:05:08.576 [main] DEBUG org.dbunit.dataset.AbstractTable - assertValidRowIndex(row=1, rowCount=1) - start
23:05:08.576 [main] DEBUG o.dbunit.dataset.OrderedTableNameMap - getTableName(tableName=order_items) - start
23:05:08.577 [main] DEBUG o.dbunit.dataset.OrderedTableNameMap - getTableName(tableName=order_items) - end - result=ORDER_ITEMS
23:05:08.577 [main] DEBUG o.dbunit.dataset.OrderedTableNameMap - getTableName(tableName=order_items) - start
23:05:08.578 [main] DEBUG o.dbunit.dataset.OrderedTableNameMap - getTableName(tableName=order_items) - end - result=ORDER_ITEMS
23:05:08.578 [main] DEBUG o.dbunit.dataset.OrderedTableNameMap - setLastTable(nameorder_items) - start
23:05:08.578 [main] DEBUG o.dbunit.dataset.OrderedTableNameMap - getTableName(tableName=order_items) - start
23:05:08.578 [main] DEBUG o.dbunit.dataset.OrderedTableNameMap - getTableName(tableName=order_items) - end - result=ORDER_ITEMS
23:05:08.578 [main] DEBUG org.dbunit.dataset.CachedDataSet - startTable(metaData=tableName=order_items, columns=[(id, UNKNOWN, nullableUnknown), (order_order_number, UNKNOWN, nullableUnknown), (product_sku_number, UNKNOWN, nullableUnknown), (quantity, UNKNOWN, nullableUnknown)], keys=[]) - start
23:05:08.579 [main] DEBUG o.dbunit.dataset.OrderedTableNameMap - getLastTableName() - start
23:05:08.579 [main] DEBUG o.dbunit.dataset.OrderedTableNameMap - getTableName(tableName=order_items) - start
23:05:08.579 [main] DEBUG o.dbunit.dataset.OrderedTableNameMap - getTableName(tableName=order_items) - end - result=ORDER_ITEMS
23:05:08.579 [main] DEBUG o.d.dataset.AbstractTableMetaData - getColumnIndex(columnName=id) - start
23:05:08.579 [main] DEBUG o.d.dataset.AbstractTableMetaData - getColumnIndex(columnName=order_order_number) - start
23:05:08.581 [main] DEBUG o.d.dataset.AbstractTableMetaData - getColumnIndex(columnName=product_sku_number) - start
23:05:08.581 [main] DEBUG o.d.dataset.AbstractTableMetaData - getColumnIndex(columnName=quantity) - start
23:05:08.581 [main] DEBUG o.dbunit.dataset.OrderedTableNameMap - getLastTableName() - start
23:05:08.581 [main] DEBUG o.dbunit.dataset.OrderedTableNameMap - getTableName(tableName=order_items) - start
23:05:08.581 [main] DEBUG o.dbunit.dataset.OrderedTableNameMap - getTableName(tableName=order_items) - end - result=ORDER_ITEMS
23:05:08.583 [main] DEBUG org.dbunit.dataset.CachedDataSet - row(values=6) - start
23:05:08.583 [main] DEBUG org.dbunit.dataset.DefaultTable - addRow(values=6) - start
23:05:08.583 [main] DEBUG o.dbunit.dataset.xml.FlatXmlProducer - endElement(uri=, localName=, qName=order_items) - start
23:05:08.583 [main] DEBUG o.dbunit.dataset.xml.FlatXmlProducer - startElement(uri=, localName=, qName=order_items, attributes=org.apache.xerces.parsers.AbstractSAXParser$AttributesProxy@15575e0) - start
23:05:08.584 [main] DEBUG o.dbunit.dataset.OrderedTableNameMap - getLastTableName() - start
23:05:08.585 [main] DEBUG o.dbunit.dataset.OrderedTableNameMap - getTableName(tableName=order_items) - start
23:05:08.585 [main] DEBUG o.dbunit.dataset.OrderedTableNameMap - getTableName(tableName=order_items) - end - result=ORDER_ITEMS
23:05:08.585 [main] DEBUG o.dbunit.dataset.OrderedTableNameMap - isLastTable(tableName=order_items) - start
23:05:08.585 [main] DEBUG o.dbunit.dataset.OrderedTableNameMap - getLastTableName() - start
23:05:08.585 [main] DEBUG o.dbunit.dataset.OrderedTableNameMap - getTableName(tableName=order_items) - start
23:05:08.587 [main] DEBUG o.dbunit.dataset.OrderedTableNameMap - getTableName(tableName=order_items) - end - result=ORDER_ITEMS
23:05:08.587 [main] DEBUG o.dbunit.dataset.OrderedTableNameMap - getTableName(tableName=order_items) - start
23:05:08.587 [main] DEBUG o.dbunit.dataset.OrderedTableNameMap - getTableName(tableName=order_items) - end - result=ORDER_ITEMS
23:05:08.587 [main] DEBUG o.dbunit.dataset.OrderedTableNameMap - getLastTableName() - start
23:05:08.587 [main] DEBUG o.dbunit.dataset.OrderedTableNameMap - getTableName(tableName=order_items) - start
23:05:08.589 [main] DEBUG o.dbunit.dataset.OrderedTableNameMap - getTableName(tableName=order_items) - end - result=ORDER_ITEMS
23:05:08.589 [main] DEBUG o.d.dataset.AbstractTableMetaData - getColumnIndex(columnName=id) - start
23:05:08.589 [main] DEBUG o.d.dataset.AbstractTableMetaData - getColumnIndex(columnName=order_order_number) - start
23:05:08.589 [main] DEBUG o.d.dataset.AbstractTableMetaData - getColumnIndex(columnName=product_sku_number) - start
23:05:08.589 [main] DEBUG o.d.dataset.AbstractTableMetaData - getColumnIndex(columnName=quantity) - start
23:05:08.590 [main] DEBUG o.dbunit.dataset.OrderedTableNameMap - getLastTableName() - start
23:05:08.590 [main] DEBUG o.dbunit.dataset.OrderedTableNameMap - getTableName(tableName=order_items) - start
23:05:08.590 [main] DEBUG o.dbunit.dataset.OrderedTableNameMap - getTableName(tableName=order_items) - end - result=ORDER_ITEMS
23:05:08.590 [main] DEBUG org.dbunit.dataset.CachedDataSet - row(values=7) - start
23:05:08.590 [main] DEBUG org.dbunit.dataset.DefaultTable - addRow(values=7) - start
23:05:08.590 [main] DEBUG o.dbunit.dataset.xml.FlatXmlProducer - endElement(uri=, localName=, qName=order_items) - start
23:05:08.592 [main] DEBUG o.dbunit.dataset.xml.FlatXmlProducer - startElement(uri=, localName=, qName=orders, attributes=org.apache.xerces.parsers.AbstractSAXParser$AttributesProxy@15575e0) - start
23:05:08.592 [main] DEBUG o.dbunit.dataset.OrderedTableNameMap - getLastTableName() - start
23:05:08.592 [main] DEBUG o.dbunit.dataset.OrderedTableNameMap - getTableName(tableName=order_items) - start
23:05:08.592 [main] DEBUG o.dbunit.dataset.OrderedTableNameMap - getTableName(tableName=order_items) - end - result=ORDER_ITEMS
23:05:08.594 [main] DEBUG o.dbunit.dataset.OrderedTableNameMap - isLastTable(tableName=orders) - start
23:05:08.594 [main] DEBUG o.dbunit.dataset.OrderedTableNameMap - getLastTableName() - start
23:05:08.594 [main] DEBUG o.dbunit.dataset.OrderedTableNameMap - getTableName(tableName=order_items) - start
23:05:08.594 [main] DEBUG o.dbunit.dataset.OrderedTableNameMap - getTableName(tableName=order_items) - end - result=ORDER_ITEMS
23:05:08.594 [main] DEBUG o.dbunit.dataset.OrderedTableNameMap - getTableName(tableName=orders) - start
23:05:08.596 [main] DEBUG o.dbunit.dataset.OrderedTableNameMap - getTableName(tableName=orders) - end - result=ORDERS
23:05:08.596 [main] DEBUG org.dbunit.dataset.CachedDataSet - endTable() - start
23:05:08.596 [main] DEBUG o.dbunit.dataset.OrderedTableNameMap - getTableName(tableName=order_items) - start
23:05:08.596 [main] DEBUG o.dbunit.dataset.OrderedTableNameMap - getTableName(tableName=order_items) - end - result=ORDER_ITEMS
23:05:08.596 [main] DEBUG o.dbunit.dataset.OrderedTableNameMap - getTableName(tableName=order_items) - start
23:05:08.597 [main] DEBUG o.dbunit.dataset.OrderedTableNameMap - getTableName(tableName=order_items) - end - result=ORDER_ITEMS
23:05:08.598 [main] DEBUG org.dbunit.dataset.DefaultTable - addTableRows(table=org.dbunit.dataset.DefaultTable[_metaData=tableName=order_items, columns=[(id, UNKNOWN, nullableUnknown), (order_order_number, UNKNOWN, nullableUnknown), (product_sku_number, UNKNOWN, nullableUnknown), (quantity, UNKNOWN, nullableUnknown)], keys=[], _rowList.size()=2]) - start
23:05:08.598 [main] DEBUG org.dbunit.dataset.DefaultTable - getValue(row=0, column=id) - start
23:05:08.599 [main] DEBUG org.dbunit.dataset.AbstractTable - assertValidRowIndex(row=0) - start
23:05:08.599 [main] DEBUG org.dbunit.dataset.AbstractTable - assertValidRowIndex(row=0, rowCount=2) - start
23:05:08.599 [main] DEBUG org.dbunit.dataset.AbstractTable - getColumnIndex(columnName=id) - start
23:05:08.599 [main] DEBUG o.d.dataset.AbstractTableMetaData - getColumnIndex(columnName=id) - start
23:05:08.599 [main] DEBUG org.dbunit.dataset.DefaultTable - getValue(row=0, column=order_order_number) - start
23:05:08.601 [main] DEBUG org.dbunit.dataset.AbstractTable - assertValidRowIndex(row=0) - start
23:05:08.601 [main] DEBUG org.dbunit.dataset.AbstractTable - assertValidRowIndex(row=0, rowCount=2) - start
23:05:08.601 [main] DEBUG org.dbunit.dataset.AbstractTable - getColumnIndex(columnName=order_order_number) - start
23:05:08.601 [main] DEBUG o.d.dataset.AbstractTableMetaData - getColumnIndex(columnName=order_order_number) - start
23:05:08.601 [main] DEBUG org.dbunit.dataset.DefaultTable - getValue(row=0, column=product_sku_number) - start
23:05:08.602 [main] DEBUG org.dbunit.dataset.AbstractTable - assertValidRowIndex(row=0) - start
23:05:08.602 [main] DEBUG org.dbunit.dataset.AbstractTable - assertValidRowIndex(row=0, rowCount=2) - start
23:05:08.602 [main] DEBUG org.dbunit.dataset.AbstractTable - getColumnIndex(columnName=product_sku_number) - start
23:05:08.602 [main] DEBUG o.d.dataset.AbstractTableMetaData - getColumnIndex(columnName=product_sku_number) - start
23:05:08.602 [main] DEBUG org.dbunit.dataset.DefaultTable - getValue(row=0, column=quantity) - start
23:05:08.604 [main] DEBUG org.dbunit.dataset.AbstractTable - assertValidRowIndex(row=0) - start
23:05:08.604 [main] DEBUG org.dbunit.dataset.AbstractTable - assertValidRowIndex(row=0, rowCount=2) - start
23:05:08.604 [main] DEBUG org.dbunit.dataset.AbstractTable - getColumnIndex(columnName=quantity) - start
23:05:08.604 [main] DEBUG o.d.dataset.AbstractTableMetaData - getColumnIndex(columnName=quantity) - start
23:05:08.604 [main] DEBUG org.dbunit.dataset.DefaultTable - getValue(row=1, column=id) - start
23:05:08.606 [main] DEBUG org.dbunit.dataset.AbstractTable - assertValidRowIndex(row=1) - start
23:05:08.606 [main] DEBUG org.dbunit.dataset.AbstractTable - assertValidRowIndex(row=1, rowCount=2) - start
23:05:08.606 [main] DEBUG org.dbunit.dataset.AbstractTable - getColumnIndex(columnName=id) - start
23:05:08.606 [main] DEBUG o.d.dataset.AbstractTableMetaData - getColumnIndex(columnName=id) - start
23:05:08.606 [main] DEBUG org.dbunit.dataset.DefaultTable - getValue(row=1, column=order_order_number) - start
23:05:08.607 [main] DEBUG org.dbunit.dataset.AbstractTable - assertValidRowIndex(row=1) - start
23:05:08.607 [main] DEBUG org.dbunit.dataset.AbstractTable - assertValidRowIndex(row=1, rowCount=2) - start
23:05:08.607 [main] DEBUG org.dbunit.dataset.AbstractTable - getColumnIndex(columnName=order_order_number) - start
23:05:08.607 [main] DEBUG o.d.dataset.AbstractTableMetaData - getColumnIndex(columnName=order_order_number) - start
23:05:08.607 [main] DEBUG org.dbunit.dataset.DefaultTable - getValue(row=1, column=product_sku_number) - start
23:05:08.609 [main] DEBUG org.dbunit.dataset.AbstractTable - assertValidRowIndex(row=1) - start
23:05:08.609 [main] DEBUG org.dbunit.dataset.AbstractTable - assertValidRowIndex(row=1, rowCount=2) - start
23:05:08.609 [main] DEBUG org.dbunit.dataset.AbstractTable - getColumnIndex(columnName=product_sku_number) - start
23:05:08.609 [main] DEBUG o.d.dataset.AbstractTableMetaData - getColumnIndex(columnName=product_sku_number) - start
23:05:08.609 [main] DEBUG org.dbunit.dataset.DefaultTable - getValue(row=1, column=quantity) - start
23:05:08.610 [main] DEBUG org.dbunit.dataset.AbstractTable - assertValidRowIndex(row=1) - start
23:05:08.610 [main] DEBUG org.dbunit.dataset.AbstractTable - assertValidRowIndex(row=1, rowCount=2) - start
23:05:08.613 [main] DEBUG org.dbunit.dataset.AbstractTable - getColumnIndex(columnName=quantity) - start
23:05:08.613 [main] DEBUG o.d.dataset.AbstractTableMetaData - getColumnIndex(columnName=quantity) - start
23:05:08.613 [main] DEBUG org.dbunit.dataset.DefaultTable - getValue(row=2, column=id) - start
23:05:08.613 [main] DEBUG org.dbunit.dataset.AbstractTable - assertValidRowIndex(row=2) - start
23:05:08.713 [main] DEBUG org.dbunit.dataset.AbstractTable - assertValidRowIndex(row=2, rowCount=2) - start
23:05:08.713 [main] DEBUG o.dbunit.dataset.OrderedTableNameMap - getTableName(tableName=orders) - start
23:05:08.713 [main] DEBUG o.dbunit.dataset.OrderedTableNameMap - getTableName(tableName=orders) - end - result=ORDERS
23:05:08.713 [main] DEBUG o.dbunit.dataset.OrderedTableNameMap - getTableName(tableName=orders) - start
23:05:08.713 [main] DEBUG o.dbunit.dataset.OrderedTableNameMap - getTableName(tableName=orders) - end - result=ORDERS
23:05:08.714 [main] DEBUG o.dbunit.dataset.OrderedTableNameMap - setLastTable(nameorders) - start
23:05:08.714 [main] DEBUG o.dbunit.dataset.OrderedTableNameMap - getTableName(tableName=orders) - start
23:05:08.714 [main] DEBUG o.dbunit.dataset.OrderedTableNameMap - getTableName(tableName=orders) - end - result=ORDERS
23:05:08.714 [main] DEBUG org.dbunit.dataset.CachedDataSet - startTable(metaData=tableName=orders, columns=[(order_number, UNKNOWN, nullableUnknown), (customer_id, UNKNOWN, nullableUnknown), (date, UNKNOWN, nullableUnknown), (amount, UNKNOWN, nullableUnknown), (order_status, UNKNOWN, nullableUnknown), (discount_status, UNKNOWN, nullableUnknown)], keys=[]) - start
23:05:08.716 [main] DEBUG o.dbunit.dataset.OrderedTableNameMap - getLastTableName() - start
23:05:08.716 [main] DEBUG o.dbunit.dataset.OrderedTableNameMap - getTableName(tableName=orders) - start
23:05:08.716 [main] DEBUG o.dbunit.dataset.OrderedTableNameMap - getTableName(tableName=orders) - end - result=ORDERS
23:05:08.716 [main] DEBUG o.d.dataset.AbstractTableMetaData - getColumnIndex(columnName=order_number) - start
23:05:08.716 [main] DEBUG o.d.dataset.AbstractTableMetaData - getColumnIndex(columnName=customer_id) - start
23:05:08.717 [main] DEBUG o.d.dataset.AbstractTableMetaData - getColumnIndex(columnName=date) - start
23:05:08.717 [main] DEBUG o.d.dataset.AbstractTableMetaData - getColumnIndex(columnName=amount) - start
23:05:08.717 [main] DEBUG o.d.dataset.AbstractTableMetaData - getColumnIndex(columnName=order_status) - start
23:05:08.717 [main] DEBUG o.d.dataset.AbstractTableMetaData - getColumnIndex(columnName=discount_status) - start
23:05:08.717 [main] DEBUG o.dbunit.dataset.OrderedTableNameMap - getLastTableName() - start
23:05:08.719 [main] DEBUG o.dbunit.dataset.OrderedTableNameMap - getTableName(tableName=orders) - start
23:05:08.719 [main] DEBUG o.dbunit.dataset.OrderedTableNameMap - getTableName(tableName=orders) - end - result=ORDERS
23:05:08.719 [main] DEBUG org.dbunit.dataset.CachedDataSet - row(values=6) - start
23:05:08.719 [main] DEBUG org.dbunit.dataset.DefaultTable - addRow(values=6) - start
23:05:08.719 [main] DEBUG o.dbunit.dataset.xml.FlatXmlProducer - endElement(uri=, localName=, qName=orders) - start
23:05:08.719 [main] DEBUG o.dbunit.dataset.xml.FlatXmlProducer - startElement(uri=, localName=, qName=order_items, attributes=org.apache.xerces.parsers.AbstractSAXParser$AttributesProxy@15575e0) - start
23:05:08.721 [main] DEBUG o.dbunit.dataset.OrderedTableNameMap - getLastTableName() - start
23:05:08.721 [main] DEBUG o.dbunit.dataset.OrderedTableNameMap - getTableName(tableName=orders) - start
23:05:08.721 [main] DEBUG o.dbunit.dataset.OrderedTableNameMap - getTableName(tableName=orders) - end - result=ORDERS
23:05:08.721 [main] DEBUG o.dbunit.dataset.OrderedTableNameMap - isLastTable(tableName=order_items) - start
23:05:08.721 [main] DEBUG o.dbunit.dataset.OrderedTableNameMap - getLastTableName() - start
23:05:08.722 [main] DEBUG o.dbunit.dataset.OrderedTableNameMap - getTableName(tableName=orders) - start
23:05:08.722 [main] DEBUG o.dbunit.dataset.OrderedTableNameMap - getTableName(tableName=orders) - end - result=ORDERS
23:05:08.722 [main] DEBUG o.dbunit.dataset.OrderedTableNameMap - getTableName(tableName=order_items) - start
23:05:08.722 [main] DEBUG o.dbunit.dataset.OrderedTableNameMap - getTableName(tableName=order_items) - end - result=ORDER_ITEMS
23:05:08.722 [main] DEBUG org.dbunit.dataset.CachedDataSet - endTable() - start
23:05:08.725 [main] DEBUG o.dbunit.dataset.OrderedTableNameMap - getTableName(tableName=orders) - start
23:05:08.725 [main] DEBUG o.dbunit.dataset.OrderedTableNameMap - getTableName(tableName=orders) - end - result=ORDERS
23:05:08.725 [main] DEBUG o.dbunit.dataset.OrderedTableNameMap - getTableName(tableName=orders) - start
23:05:08.725 [main] DEBUG o.dbunit.dataset.OrderedTableNameMap - getTableName(tableName=orders) - end - result=ORDERS
23:05:08.725 [main] DEBUG org.dbunit.dataset.DefaultTable - addTableRows(table=org.dbunit.dataset.DefaultTable[_metaData=tableName=orders, columns=[(order_number, UNKNOWN, nullableUnknown), (customer_id, UNKNOWN, nullableUnknown), (date, UNKNOWN, nullableUnknown), (amount, UNKNOWN, nullableUnknown), (order_status, UNKNOWN, nullableUnknown), (discount_status, UNKNOWN, nullableUnknown)], keys=[], _rowList.size()=1]) - start
23:05:08.726 [main] DEBUG org.dbunit.dataset.DefaultTable - getValue(row=0, column=order_number) - start
23:05:08.726 [main] DEBUG org.dbunit.dataset.AbstractTable - assertValidRowIndex(row=0) - start
23:05:08.726 [main] DEBUG org.dbunit.dataset.AbstractTable - assertValidRowIndex(row=0, rowCount=1) - start
23:05:08.726 [main] DEBUG org.dbunit.dataset.AbstractTable - getColumnIndex(columnName=order_number) - start
23:05:08.726 [main] DEBUG o.d.dataset.AbstractTableMetaData - getColumnIndex(columnName=order_number) - start
23:05:08.728 [main] DEBUG org.dbunit.dataset.DefaultTable - getValue(row=0, column=customer_id) - start
23:05:08.728 [main] DEBUG org.dbunit.dataset.AbstractTable - assertValidRowIndex(row=0) - start
23:05:08.728 [main] DEBUG org.dbunit.dataset.AbstractTable - assertValidRowIndex(row=0, rowCount=1) - start
23:05:08.728 [main] DEBUG org.dbunit.dataset.AbstractTable - getColumnIndex(columnName=customer_id) - start
23:05:08.728 [main] DEBUG o.d.dataset.AbstractTableMetaData - getColumnIndex(columnName=customer_id) - start
23:05:08.730 [main] DEBUG org.dbunit.dataset.DefaultTable - getValue(row=0, column=date) - start
23:05:08.730 [main] DEBUG org.dbunit.dataset.AbstractTable - assertValidRowIndex(row=0) - start
23:05:08.730 [main] DEBUG org.dbunit.dataset.AbstractTable - assertValidRowIndex(row=0, rowCount=1) - start
23:05:08.730 [main] DEBUG org.dbunit.dataset.AbstractTable - getColumnIndex(columnName=date) - start
23:05:08.730 [main] DEBUG o.d.dataset.AbstractTableMetaData - getColumnIndex(columnName=date) - start
23:05:08.730 [main] DEBUG org.dbunit.dataset.DefaultTable - getValue(row=0, column=amount) - start
23:05:08.732 [main] DEBUG org.dbunit.dataset.AbstractTable - assertValidRowIndex(row=0) - start
23:05:08.732 [main] DEBUG org.dbunit.dataset.AbstractTable - assertValidRowIndex(row=0, rowCount=1) - start
23:05:08.732 [main] DEBUG org.dbunit.dataset.AbstractTable - getColumnIndex(columnName=amount) - start
23:05:08.732 [main] DEBUG o.d.dataset.AbstractTableMetaData - getColumnIndex(columnName=amount) - start
23:05:08.732 [main] DEBUG org.dbunit.dataset.DefaultTable - getValue(row=0, column=order_status) - start
23:05:08.733 [main] DEBUG org.dbunit.dataset.AbstractTable - assertValidRowIndex(row=0) - start
23:05:08.733 [main] DEBUG org.dbunit.dataset.AbstractTable - assertValidRowIndex(row=0, rowCount=1) - start
23:05:08.733 [main] DEBUG org.dbunit.dataset.AbstractTable - getColumnIndex(columnName=order_status) - start
23:05:08.733 [main] DEBUG o.d.dataset.AbstractTableMetaData - getColumnIndex(columnName=order_status) - start
23:05:08.733 [main] DEBUG org.dbunit.dataset.DefaultTable - getValue(row=0, column=discount_status) - start
23:05:08.735 [main] DEBUG org.dbunit.dataset.AbstractTable - assertValidRowIndex(row=0) - start
23:05:08.735 [main] DEBUG org.dbunit.dataset.AbstractTable - assertValidRowIndex(row=0, rowCount=1) - start
23:05:08.735 [main] DEBUG org.dbunit.dataset.AbstractTable - getColumnIndex(columnName=discount_status) - start
23:05:08.735 [main] DEBUG o.d.dataset.AbstractTableMetaData - getColumnIndex(columnName=discount_status) - start
23:05:08.735 [main] DEBUG org.dbunit.dataset.DefaultTable - getValue(row=1, column=order_number) - start
23:05:08.736 [main] DEBUG org.dbunit.dataset.AbstractTable - assertValidRowIndex(row=1) - start
23:05:08.736 [main] DEBUG org.dbunit.dataset.AbstractTable - assertValidRowIndex(row=1, rowCount=1) - start
23:05:08.737 [main] DEBUG o.dbunit.dataset.OrderedTableNameMap - getTableName(tableName=order_items) - start
23:05:08.737 [main] DEBUG o.dbunit.dataset.OrderedTableNameMap - getTableName(tableName=order_items) - end - result=ORDER_ITEMS
23:05:08.737 [main] DEBUG o.dbunit.dataset.OrderedTableNameMap - getTableName(tableName=order_items) - start
23:05:08.738 [main] DEBUG o.dbunit.dataset.OrderedTableNameMap - getTableName(tableName=order_items) - end - result=ORDER_ITEMS
23:05:08.738 [main] DEBUG o.dbunit.dataset.OrderedTableNameMap - setLastTable(nameorder_items) - start
23:05:08.738 [main] DEBUG o.dbunit.dataset.OrderedTableNameMap - getTableName(tableName=order_items) - start
23:05:08.738 [main] DEBUG o.dbunit.dataset.OrderedTableNameMap - getTableName(tableName=order_items) - end - result=ORDER_ITEMS
23:05:08.738 [main] DEBUG org.dbunit.dataset.CachedDataSet - startTable(metaData=tableName=order_items, columns=[(id, UNKNOWN, nullableUnknown), (order_order_number, UNKNOWN, nullableUnknown), (product_sku_number, UNKNOWN, nullableUnknown), (quantity, UNKNOWN, nullableUnknown)], keys=[]) - start
23:05:08.740 [main] DEBUG o.dbunit.dataset.OrderedTableNameMap - getLastTableName() - start
23:05:08.740 [main] DEBUG o.dbunit.dataset.OrderedTableNameMap - getTableName(tableName=order_items) - start
23:05:08.740 [main] DEBUG o.dbunit.dataset.OrderedTableNameMap - getTableName(tableName=order_items) - end - result=ORDER_ITEMS
23:05:08.740 [main] DEBUG o.d.dataset.AbstractTableMetaData - getColumnIndex(columnName=id) - start
23:05:08.740 [main] DEBUG o.d.dataset.AbstractTableMetaData - getColumnIndex(columnName=order_order_number) - start
23:05:08.741 [main] DEBUG o.d.dataset.AbstractTableMetaData - getColumnIndex(columnName=product_sku_number) - start
23:05:08.741 [main] DEBUG o.d.dataset.AbstractTableMetaData - getColumnIndex(columnName=quantity) - start
23:05:08.741 [main] DEBUG o.dbunit.dataset.OrderedTableNameMap - getLastTableName() - start
23:05:08.742 [main] DEBUG o.dbunit.dataset.OrderedTableNameMap - getTableName(tableName=order_items) - start
23:05:08.742 [main] DEBUG o.dbunit.dataset.OrderedTableNameMap - getTableName(tableName=order_items) - end - result=ORDER_ITEMS
23:05:08.743 [main] DEBUG org.dbunit.dataset.CachedDataSet - row(values=8) - start
23:05:08.743 [main] DEBUG org.dbunit.dataset.DefaultTable - addRow(values=8) - start
23:05:08.743 [main] DEBUG o.dbunit.dataset.xml.FlatXmlProducer - endElement(uri=, localName=, qName=order_items) - start
23:05:08.743 [main] DEBUG o.dbunit.dataset.xml.FlatXmlProducer - endElement(uri=, localName=, qName=dataset) - start
23:05:08.743 [main] DEBUG o.dbunit.dataset.OrderedTableNameMap - getLastTableName() - start
23:05:08.743 [main] DEBUG o.dbunit.dataset.OrderedTableNameMap - getTableName(tableName=order_items) - start
23:05:08.745 [main] DEBUG o.dbunit.dataset.OrderedTableNameMap - getTableName(tableName=order_items) - end - result=ORDER_ITEMS
23:05:08.745 [main] DEBUG org.dbunit.dataset.CachedDataSet - endTable() - start
23:05:08.745 [main] DEBUG o.dbunit.dataset.OrderedTableNameMap - getTableName(tableName=order_items) - start
23:05:08.745 [main] DEBUG o.dbunit.dataset.OrderedTableNameMap - getTableName(tableName=order_items) - end - result=ORDER_ITEMS
23:05:08.745 [main] DEBUG o.dbunit.dataset.OrderedTableNameMap - getTableName(tableName=order_items) - start
23:05:08.747 [main] DEBUG o.dbunit.dataset.OrderedTableNameMap - getTableName(tableName=order_items) - end - result=ORDER_ITEMS
23:05:08.747 [main] DEBUG org.dbunit.dataset.DefaultTable - addTableRows(table=org.dbunit.dataset.DefaultTable[_metaData=tableName=order_items, columns=[(id, UNKNOWN, nullableUnknown), (order_order_number, UNKNOWN, nullableUnknown), (product_sku_number, UNKNOWN, nullableUnknown), (quantity, UNKNOWN, nullableUnknown)], keys=[], _rowList.size()=1]) - start
23:05:08.747 [main] DEBUG org.dbunit.dataset.DefaultTable - getValue(row=0, column=id) - start
23:05:08.749 [main] DEBUG org.dbunit.dataset.AbstractTable - assertValidRowIndex(row=0) - start
23:05:08.749 [main] DEBUG org.dbunit.dataset.AbstractTable - assertValidRowIndex(row=0, rowCount=1) - start
23:05:08.749 [main] DEBUG org.dbunit.dataset.AbstractTable - getColumnIndex(columnName=id) - start
23:05:08.749 [main] DEBUG o.d.dataset.AbstractTableMetaData - getColumnIndex(columnName=id) - start
23:05:08.749 [main] DEBUG org.dbunit.dataset.DefaultTable - getValue(row=0, column=order_order_number) - start
23:05:08.750 [main] DEBUG org.dbunit.dataset.AbstractTable - assertValidRowIndex(row=0) - start
23:05:08.750 [main] DEBUG org.dbunit.dataset.AbstractTable - assertValidRowIndex(row=0, rowCount=1) - start
23:05:08.750 [main] DEBUG org.dbunit.dataset.AbstractTable - getColumnIndex(columnName=order_order_number) - start
23:05:08.750 [main] DEBUG o.d.dataset.AbstractTableMetaData - getColumnIndex(columnName=order_order_number) - start
23:05:08.750 [main] DEBUG org.dbunit.dataset.DefaultTable - getValue(row=0, column=product_sku_number) - start
23:05:08.752 [main] DEBUG org.dbunit.dataset.AbstractTable - assertValidRowIndex(row=0) - start
23:05:08.752 [main] DEBUG org.dbunit.dataset.AbstractTable - assertValidRowIndex(row=0, rowCount=1) - start
23:05:08.752 [main] DEBUG org.dbunit.dataset.AbstractTable - getColumnIndex(columnName=product_sku_number) - start
23:05:08.752 [main] DEBUG o.d.dataset.AbstractTableMetaData - getColumnIndex(columnName=product_sku_number) - start
23:05:08.752 [main] DEBUG org.dbunit.dataset.DefaultTable - getValue(row=0, column=quantity) - start
23:05:08.753 [main] DEBUG org.dbunit.dataset.AbstractTable - assertValidRowIndex(row=0) - start
23:05:08.753 [main] DEBUG org.dbunit.dataset.AbstractTable - assertValidRowIndex(row=0, rowCount=1) - start
23:05:08.753 [main] DEBUG org.dbunit.dataset.AbstractTable - getColumnIndex(columnName=quantity) - start
23:05:08.753 [main] DEBUG o.d.dataset.AbstractTableMetaData - getColumnIndex(columnName=quantity) - start
23:05:08.753 [main] DEBUG org.dbunit.dataset.DefaultTable - getValue(row=1, column=id) - start
23:05:08.755 [main] DEBUG org.dbunit.dataset.AbstractTable - assertValidRowIndex(row=1) - start
23:05:08.755 [main] DEBUG org.dbunit.dataset.AbstractTable - assertValidRowIndex(row=1, rowCount=1) - start
23:05:08.755 [main] DEBUG org.dbunit.dataset.CachedDataSet - endDataSet() - start
23:05:08.755 [main] DEBUG org.dbunit.dataset.CachedDataSet - endDataSet() - the final tableMap is: org.dbunit.dataset.OrderedTableNameMap[_tableNames=[customers, products, orders, order_items], _tableMap={ORDER_ITEMS=org.dbunit.dataset.DefaultTable[_metaData=tableName=order_items, columns=[(id, UNKNOWN, nullableUnknown), (order_order_number, UNKNOWN, nullableUnknown), (product_sku_number, UNKNOWN, nullableUnknown), (quantity, UNKNOWN, nullableUnknown)], keys=[], _rowList.size()=8], CUSTOMERS=org.dbunit.dataset.DefaultTable[_metaData=tableName=customers, columns=[(id, UNKNOWN, nullableUnknown), (name, UNKNOWN, nullableUnknown)], keys=[], _rowList.size()=6], ORDERS=org.dbunit.dataset.DefaultTable[_metaData=tableName=orders, columns=[(order_number, UNKNOWN, nullableUnknown), (customer_id, UNKNOWN, nullableUnknown), (date, UNKNOWN, nullableUnknown), (amount, UNKNOWN, nullableUnknown), (order_status, UNKNOWN, nullableUnknown), (discount_status, UNKNOWN, nullableUnknown)], keys=[], _rowList.size()=6], PRODUCTS=org.dbunit.dataset.DefaultTable[_metaData=tableName=products, columns=[(sku_number, UNKNOWN, nullableUnknown), (name, UNKNOWN, nullableUnknown), (amount, UNKNOWN, nullableUnknown)], keys=[], _rowList.size()=4]}, _caseSensitiveTableNames=false]
23:05:08.757 [main] DEBUG org.dbunit.dataset.AbstractDataSet - getTable(tableName=orders) - start
23:05:08.757 [main] DEBUG org.dbunit.dataset.AbstractDataSet - initialize() - start
23:05:08.757 [main] DEBUG org.dbunit.dataset.CachedDataSet - createIterator(reversed=false) - start
23:05:08.757 [main] DEBUG o.dbunit.dataset.OrderedTableNameMap - orderedValues() - start
23:05:08.757 [main] DEBUG o.dbunit.dataset.OrderedTableNameMap - getTableName(tableName=customers) - start
23:05:08.757 [main] DEBUG o.dbunit.dataset.OrderedTableNameMap - getTableName(tableName=customers) - end - result=CUSTOMERS
23:05:08.758 [main] DEBUG o.dbunit.dataset.OrderedTableNameMap - getTableName(tableName=products) - start
23:05:08.758 [main] DEBUG o.dbunit.dataset.OrderedTableNameMap - getTableName(tableName=products) - end - result=PRODUCTS
23:05:08.758 [main] DEBUG o.dbunit.dataset.OrderedTableNameMap - getTableName(tableName=orders) - start
23:05:08.758 [main] DEBUG o.dbunit.dataset.OrderedTableNameMap - getTableName(tableName=orders) - end - result=ORDERS
23:05:08.758 [main] DEBUG o.dbunit.dataset.OrderedTableNameMap - getTableName(tableName=order_items) - start
23:05:08.762 [main] DEBUG o.dbunit.dataset.OrderedTableNameMap - getTableName(tableName=order_items) - end - result=ORDER_ITEMS
23:05:08.762 [main] DEBUG o.d.dataset.DefaultTableIterator - getTable() - start
23:05:08.762 [main] DEBUG o.dbunit.dataset.OrderedTableNameMap - add(tableName=customers, object=org.dbunit.dataset.DefaultTable[_metaData=tableName=customers, columns=[(id, UNKNOWN, nullableUnknown), (name, UNKNOWN, nullableUnknown)], keys=[], _rowList.size()=6]) - start
23:05:08.762 [main] DEBUG o.dbunit.dataset.OrderedTableNameMap - getTableName(tableName=customers) - start
23:05:08.763 [main] DEBUG o.dbunit.dataset.OrderedTableNameMap - getTableName(tableName=customers) - end - result=CUSTOMERS
23:05:08.763 [main] DEBUG o.dbunit.dataset.OrderedTableNameMap - getTableName(tableName=CUSTOMERS) - start
23:05:08.763 [main] DEBUG o.dbunit.dataset.OrderedTableNameMap - getTableName(tableName=CUSTOMERS) - end - result=CUSTOMERS
23:05:08.763 [main] DEBUG o.d.dataset.DefaultTableIterator - getTable() - start
23:05:08.763 [main] DEBUG o.dbunit.dataset.OrderedTableNameMap - add(tableName=products, object=org.dbunit.dataset.DefaultTable[_metaData=tableName=products, columns=[(sku_number, UNKNOWN, nullableUnknown), (name, UNKNOWN, nullableUnknown), (amount, UNKNOWN, nullableUnknown)], keys=[], _rowList.size()=4]) - start
23:05:08.765 [main] DEBUG o.dbunit.dataset.OrderedTableNameMap - getTableName(tableName=products) - start
23:05:08.765 [main] DEBUG o.dbunit.dataset.OrderedTableNameMap - getTableName(tableName=products) - end - result=PRODUCTS
23:05:08.765 [main] DEBUG o.dbunit.dataset.OrderedTableNameMap - getTableName(tableName=PRODUCTS) - start
23:05:08.765 [main] DEBUG o.dbunit.dataset.OrderedTableNameMap - getTableName(tableName=PRODUCTS) - end - result=PRODUCTS
23:05:08.765 [main] DEBUG o.d.dataset.DefaultTableIterator - getTable() - start
23:05:08.767 [main] DEBUG o.dbunit.dataset.OrderedTableNameMap - add(tableName=orders, object=org.dbunit.dataset.DefaultTable[_metaData=tableName=orders, columns=[(order_number, UNKNOWN, nullableUnknown), (customer_id, UNKNOWN, nullableUnknown), (date, UNKNOWN, nullableUnknown), (amount, UNKNOWN, nullableUnknown), (order_status, UNKNOWN, nullableUnknown), (discount_status, UNKNOWN, nullableUnknown)], keys=[], _rowList.size()=6]) - start
23:05:08.767 [main] DEBUG o.dbunit.dataset.OrderedTableNameMap - getTableName(tableName=orders) - start
23:05:08.769 [main] DEBUG o.dbunit.dataset.OrderedTableNameMap - getTableName(tableName=orders) - end - result=ORDERS
23:05:08.769 [main] DEBUG o.dbunit.dataset.OrderedTableNameMap - getTableName(tableName=ORDERS) - start
23:05:08.769 [main] DEBUG o.dbunit.dataset.OrderedTableNameMap - getTableName(tableName=ORDERS) - end - result=ORDERS
23:05:08.769 [main] DEBUG o.d.dataset.DefaultTableIterator - getTable() - start
23:05:08.769 [main] DEBUG o.dbunit.dataset.OrderedTableNameMap - add(tableName=order_items, object=org.dbunit.dataset.DefaultTable[_metaData=tableName=order_items, columns=[(id, UNKNOWN, nullableUnknown), (order_order_number, UNKNOWN, nullableUnknown), (product_sku_number, UNKNOWN, nullableUnknown), (quantity, UNKNOWN, nullableUnknown)], keys=[], _rowList.size()=8]) - start
23:05:08.769 [main] DEBUG o.dbunit.dataset.OrderedTableNameMap - getTableName(tableName=order_items) - start
23:05:08.769 [main] DEBUG o.dbunit.dataset.OrderedTableNameMap - getTableName(tableName=order_items) - end - result=ORDER_ITEMS
23:05:08.769 [main] DEBUG o.dbunit.dataset.OrderedTableNameMap - getTableName(tableName=ORDER_ITEMS) - start
23:05:08.769 [main] DEBUG o.dbunit.dataset.OrderedTableNameMap - getTableName(tableName=ORDER_ITEMS) - end - result=ORDER_ITEMS
23:05:08.769 [main] DEBUG o.dbunit.dataset.OrderedTableNameMap - getTableName(tableName=orders) - start
23:05:08.772 [main] DEBUG o.dbunit.dataset.OrderedTableNameMap - getTableName(tableName=orders) - end - result=ORDERS
23:05:08.775 [main] DEBUG org.dbunit.assertion.DbUnitAssert - assertEquals(expectedTable=org.dbunit.dataset.DefaultTable[_metaData=tableName=orders, columns=[(order_number, UNKNOWN, nullableUnknown), (customer_id, UNKNOWN, nullableUnknown), (date, UNKNOWN, nullableUnknown), (amount, UNKNOWN, nullableUnknown), (order_status, UNKNOWN, nullableUnknown), (discount_status, UNKNOWN, nullableUnknown)], keys=[], _rowList.size()=6], actualTable=org.dbunit.database.CachedResultSetTable[_metaData=table=orders, cols=[(order_number, INTEGER, noNulls), (customer_id, INTEGER, noNulls), (date, DATE, noNulls), (amount, DECIMAL, noNulls), (order_status, VARCHAR, noNulls), (discount_status, VARCHAR, noNulls)], pk=[(order_number, INTEGER, noNulls)], _rowList.size()=6]) - start
23:05:08.875 [main] DEBUG org.dbunit.assertion.DbUnitAssert - assertEquals(expectedTable=org.dbunit.dataset.DefaultTable[_metaData=tableName=orders, columns=[(order_number, UNKNOWN, nullableUnknown), (customer_id, UNKNOWN, nullableUnknown), (date, UNKNOWN, nullableUnknown), (amount, UNKNOWN, nullableUnknown), (order_status, UNKNOWN, nullableUnknown), (discount_status, UNKNOWN, nullableUnknown)], keys=[], _rowList.size()=6], actualTable=org.dbunit.database.CachedResultSetTable[_metaData=table=orders, cols=[(order_number, INTEGER, noNulls), (customer_id, INTEGER, noNulls), (date, DATE, noNulls), (amount, DECIMAL, noNulls), (order_status, VARCHAR, noNulls), (discount_status, VARCHAR, noNulls)], pk=[(order_number, INTEGER, noNulls)], _rowList.size()=6], additionalColumnInfo=null) - start
23:05:08.876 [main] DEBUG org.dbunit.assertion.DbUnitAssert - assertEquals: expectedTable=org.dbunit.dataset.DefaultTable[_metaData=tableName=orders, columns=[(order_number, UNKNOWN, nullableUnknown), (customer_id, UNKNOWN, nullableUnknown), (date, UNKNOWN, nullableUnknown), (amount, UNKNOWN, nullableUnknown), (order_status, UNKNOWN, nullableUnknown), (discount_status, UNKNOWN, nullableUnknown)], keys=[], _rowList.size()=6]
23:05:08.876 [main] DEBUG org.dbunit.assertion.DbUnitAssert - assertEquals: actualTable=org.dbunit.database.CachedResultSetTable[_metaData=table=orders, cols=[(order_number, INTEGER, noNulls), (customer_id, INTEGER, noNulls), (date, DATE, noNulls), (amount, DECIMAL, noNulls), (order_status, VARCHAR, noNulls), (discount_status, VARCHAR, noNulls)], pk=[(order_number, INTEGER, noNulls)], _rowList.size()=6]
23:05:08.878 [main] DEBUG org.dbunit.assertion.DbUnitAssert - assertEquals: failureHandler=null
23:05:08.878 [main] DEBUG org.dbunit.assertion.DbUnitAssert - FailureHandler is null. Using default implementation
23:05:08.878 [main] DEBUG org.dbunit.dataset.Columns - getSortedColumns(metaData=tableName=orders, columns=[(order_number, UNKNOWN, nullableUnknown), (customer_id, UNKNOWN, nullableUnknown), (date, UNKNOWN, nullableUnknown), (amount, UNKNOWN, nullableUnknown), (order_status, UNKNOWN, nullableUnknown), (discount_status, UNKNOWN, nullableUnknown)], keys=[]) - start
23:05:08.879 [main] DEBUG o.d.dataset.Columns$ColumnComparator - compare(o1=(order_number, UNKNOWN, nullableUnknown), o2=(customer_id, UNKNOWN, nullableUnknown)) - start
23:05:08.879 [main] DEBUG o.d.dataset.Columns$ColumnComparator - compare(o1=(order_number, UNKNOWN, nullableUnknown), o2=(date, UNKNOWN, nullableUnknown)) - start
23:05:08.879 [main] DEBUG o.d.dataset.Columns$ColumnComparator - compare(o1=(customer_id, UNKNOWN, nullableUnknown), o2=(date, UNKNOWN, nullableUnknown)) - start
23:05:08.879 [main] DEBUG o.d.dataset.Columns$ColumnComparator - compare(o1=(order_number, UNKNOWN, nullableUnknown), o2=(amount, UNKNOWN, nullableUnknown)) - start
23:05:08.880 [main] DEBUG o.d.dataset.Columns$ColumnComparator - compare(o1=(date, UNKNOWN, nullableUnknown), o2=(amount, UNKNOWN, nullableUnknown)) - start
23:05:08.880 [main] DEBUG o.d.dataset.Columns$ColumnComparator - compare(o1=(customer_id, UNKNOWN, nullableUnknown), o2=(amount, UNKNOWN, nullableUnknown)) - start
23:05:08.880 [main] DEBUG o.d.dataset.Columns$ColumnComparator - compare(o1=(order_number, UNKNOWN, nullableUnknown), o2=(order_status, UNKNOWN, nullableUnknown)) - start
23:05:08.880 [main] DEBUG o.d.dataset.Columns$ColumnComparator - compare(o1=(order_status, UNKNOWN, nullableUnknown), o2=(discount_status, UNKNOWN, nullableUnknown)) - start
23:05:08.882 [main] DEBUG o.d.dataset.Columns$ColumnComparator - compare(o1=(order_number, UNKNOWN, nullableUnknown), o2=(discount_status, UNKNOWN, nullableUnknown)) - start
23:05:08.882 [main] DEBUG o.d.dataset.Columns$ColumnComparator - compare(o1=(date, UNKNOWN, nullableUnknown), o2=(discount_status, UNKNOWN, nullableUnknown)) - start
23:05:08.882 [main] DEBUG org.dbunit.dataset.Columns - getSortedColumns(metaData=table=orders, cols=[(order_number, INTEGER, noNulls), (customer_id, INTEGER, noNulls), (date, DATE, noNulls), (amount, DECIMAL, noNulls), (order_status, VARCHAR, noNulls), (discount_status, VARCHAR, noNulls)], pk=[(order_number, INTEGER, noNulls)]) - start
23:05:08.884 [main] DEBUG o.d.database.DatabaseTableMetaData - getColumns() - start
23:05:08.884 [main] DEBUG o.d.dataset.Columns$ColumnComparator - compare(o1=(order_number, INTEGER, noNulls), o2=(customer_id, INTEGER, noNulls)) - start
23:05:08.884 [main] DEBUG o.d.dataset.Columns$ColumnComparator - compare(o1=(order_number, INTEGER, noNulls), o2=(date, DATE, noNulls)) - start
23:05:08.884 [main] DEBUG o.d.dataset.Columns$ColumnComparator - compare(o1=(customer_id, INTEGER, noNulls), o2=(date, DATE, noNulls)) - start
23:05:08.885 [main] DEBUG o.d.dataset.Columns$ColumnComparator - compare(o1=(order_number, INTEGER, noNulls), o2=(amount, DECIMAL, noNulls)) - start
23:05:08.885 [main] DEBUG o.d.dataset.Columns$ColumnComparator - compare(o1=(date, DATE, noNulls), o2=(amount, DECIMAL, noNulls)) - start
23:05:08.885 [main] DEBUG o.d.dataset.Columns$ColumnComparator - compare(o1=(customer_id, INTEGER, noNulls), o2=(amount, DECIMAL, noNulls)) - start
23:05:08.885 [main] DEBUG o.d.dataset.Columns$ColumnComparator - compare(o1=(order_number, INTEGER, noNulls), o2=(order_status, VARCHAR, noNulls)) - start
23:05:08.887 [main] DEBUG o.d.dataset.Columns$ColumnComparator - compare(o1=(order_status, VARCHAR, noNulls), o2=(discount_status, VARCHAR, noNulls)) - start
23:05:08.887 [main] DEBUG o.d.dataset.Columns$ColumnComparator - compare(o1=(order_number, INTEGER, noNulls), o2=(discount_status, VARCHAR, noNulls)) - start
23:05:08.887 [main] DEBUG o.d.dataset.Columns$ColumnComparator - compare(o1=(date, DATE, noNulls), o2=(discount_status, VARCHAR, noNulls)) - start
23:05:08.888 [main] DEBUG o.d.database.DatabaseTableMetaData - getColumns() - start
23:05:08.888 [main] DEBUG o.dbunit.dataset.Columns$ColumnDiff - findMissingColumnsIn(metaDataToCheck=tableName=orders, columns=[(order_number, UNKNOWN, nullableUnknown), (customer_id, UNKNOWN, nullableUnknown), (date, UNKNOWN, nullableUnknown), (amount, UNKNOWN, nullableUnknown), (order_status, UNKNOWN, nullableUnknown), (discount_status, UNKNOWN, nullableUnknown)], keys=[], columnsToSearch=[(order_number, INTEGER, noNulls), (customer_id, INTEGER, noNulls), (date, DATE, noNulls), (amount, DECIMAL, noNulls), (order_status, VARCHAR, noNulls), (discount_status, VARCHAR, noNulls)])
23:05:08.890 [main] DEBUG o.d.dataset.AbstractTableMetaData - getColumnIndex(columnName=order_number) - start
23:05:08.890 [main] DEBUG o.d.dataset.AbstractTableMetaData - getColumnIndex(columnName=customer_id) - start
23:05:08.890 [main] DEBUG o.d.dataset.AbstractTableMetaData - getColumnIndex(columnName=date) - start
23:05:08.890 [main] DEBUG o.d.dataset.AbstractTableMetaData - getColumnIndex(columnName=amount) - start
23:05:08.890 [main] DEBUG o.d.dataset.AbstractTableMetaData - getColumnIndex(columnName=order_status) - start
23:05:08.890 [main] DEBUG o.d.dataset.AbstractTableMetaData - getColumnIndex(columnName=discount_status) - start
23:05:08.890 [main] DEBUG o.dbunit.dataset.Columns$ColumnDiff - findMissingColumnsIn(metaDataToCheck=table=orders, cols=[(order_number, INTEGER, noNulls), (customer_id, INTEGER, noNulls), (date, DATE, noNulls), (amount, DECIMAL, noNulls), (order_status, VARCHAR, noNulls), (discount_status, VARCHAR, noNulls)], pk=[(order_number, INTEGER, noNulls)], columnsToSearch=[(order_number, UNKNOWN, nullableUnknown), (customer_id, UNKNOWN, nullableUnknown), (date, UNKNOWN, nullableUnknown), (amount, UNKNOWN, nullableUnknown), (order_status, UNKNOWN, nullableUnknown), (discount_status, UNKNOWN, nullableUnknown)])
23:05:08.893 [main] DEBUG o.d.dataset.AbstractTableMetaData - getColumnIndex(columnName=order_number) - start
23:05:08.893 [main] DEBUG o.d.dataset.AbstractTableMetaData - getColumnIndex(columnName=customer_id) - start
23:05:08.893 [main] DEBUG o.d.dataset.AbstractTableMetaData - getColumnIndex(columnName=date) - start
23:05:08.893 [main] DEBUG o.d.dataset.AbstractTableMetaData - getColumnIndex(columnName=amount) - start
23:05:08.894 [main] DEBUG o.d.dataset.AbstractTableMetaData - getColumnIndex(columnName=order_status) - start
23:05:08.895 [main] DEBUG o.d.dataset.AbstractTableMetaData - getColumnIndex(columnName=discount_status) - start
23:05:08.895 [main] DEBUG o.d.a.DbUnitAssert$ComparisonColumn - getComparisonDataType(tableName=orders, expectedColumn=(amount, UNKNOWN, nullableUnknown), actualColumn=(amount, DECIMAL, noNulls), failureHandler=org.dbunit.assertion.DefaultFailureHandler[_additionalColumnInfo=null]) - start
23:05:08.896 [main] DEBUG o.d.a.DbUnitAssert$ComparisonColumn - getComparisonDataType(tableName=orders, expectedColumn=(customer_id, UNKNOWN, nullableUnknown), actualColumn=(customer_id, INTEGER, noNulls), failureHandler=org.dbunit.assertion.DefaultFailureHandler[_additionalColumnInfo=null]) - start
23:05:08.896 [main] DEBUG o.d.a.DbUnitAssert$ComparisonColumn - getComparisonDataType(tableName=orders, expectedColumn=(date, UNKNOWN, nullableUnknown), actualColumn=(date, DATE, noNulls), failureHandler=org.dbunit.assertion.DefaultFailureHandler[_additionalColumnInfo=null]) - start
23:05:08.896 [main] DEBUG o.d.a.DbUnitAssert$ComparisonColumn - getComparisonDataType(tableName=orders, expectedColumn=(discount_status, UNKNOWN, nullableUnknown), actualColumn=(discount_status, VARCHAR, noNulls), failureHandler=org.dbunit.assertion.DefaultFailureHandler[_additionalColumnInfo=null]) - start
23:05:08.897 [main] DEBUG o.d.a.DbUnitAssert$ComparisonColumn - getComparisonDataType(tableName=orders, expectedColumn=(order_number, UNKNOWN, nullableUnknown), actualColumn=(order_number, INTEGER, noNulls), failureHandler=org.dbunit.assertion.DefaultFailureHandler[_additionalColumnInfo=null]) - start
23:05:08.897 [main] DEBUG o.d.a.DbUnitAssert$ComparisonColumn - getComparisonDataType(tableName=orders, expectedColumn=(order_status, UNKNOWN, nullableUnknown), actualColumn=(order_status, VARCHAR, noNulls), failureHandler=org.dbunit.assertion.DefaultFailureHandler[_additionalColumnInfo=null]) - start
23:05:08.899 [main] DEBUG org.dbunit.assertion.DbUnitAssert - compareData(expectedTable=org.dbunit.dataset.DefaultTable[_metaData=tableName=orders, columns=[(order_number, UNKNOWN, nullableUnknown), (customer_id, UNKNOWN, nullableUnknown), (date, UNKNOWN, nullableUnknown), (amount, UNKNOWN, nullableUnknown), (order_status, UNKNOWN, nullableUnknown), (discount_status, UNKNOWN, nullableUnknown)], keys=[], _rowList.size()=6], actualTable=org.dbunit.database.CachedResultSetTable[_metaData=table=orders, cols=[(order_number, INTEGER, noNulls), (customer_id, INTEGER, noNulls), (date, DATE, noNulls), (amount, DECIMAL, noNulls), (order_status, VARCHAR, noNulls), (discount_status, VARCHAR, noNulls)], pk=[(order_number, INTEGER, noNulls)], _rowList.size()=6], comparisonCols=[org.dbunit.assertion.DbUnitAssert$ComparisonColumn@1f64158, org.dbunit.assertion.DbUnitAssert$ComparisonColumn@3c2378, org.dbunit.assertion.DbUnitAssert$ComparisonColumn@3cc262, org.dbunit.assertion.DbUnitAssert$ComparisonColumn@fdb00d, org.dbunit.assertion.DbUnitAssert$ComparisonColumn@131303f, org.dbunit.assertion.DbUnitAssert$ComparisonColumn@56860b], failureHandler=org.dbunit.assertion.DefaultFailureHandler[_additionalColumnInfo=null]) - start
23:05:08.901 [main] DEBUG org.dbunit.dataset.DefaultTable - getValue(row=0, column=amount) - start
23:05:08.901 [main] DEBUG org.dbunit.dataset.AbstractTable - assertValidRowIndex(row=0) - start
23:05:08.901 [main] DEBUG org.dbunit.dataset.AbstractTable - assertValidRowIndex(row=0, rowCount=6) - start
23:05:08.901 [main] DEBUG org.dbunit.dataset.AbstractTable - getColumnIndex(columnName=amount) - start
23:05:08.901 [main] DEBUG o.d.dataset.AbstractTableMetaData - getColumnIndex(columnName=amount) - start
23:05:08.901 [main] DEBUG org.dbunit.dataset.DefaultTable - getValue(row=0, column=amount) - start
23:05:08.901 [main] DEBUG org.dbunit.dataset.AbstractTable - assertValidRowIndex(row=0) - start
23:05:08.901 [main] DEBUG org.dbunit.dataset.AbstractTable - assertValidRowIndex(row=0, rowCount=6) - start
23:05:08.901 [main] DEBUG org.dbunit.dataset.AbstractTable - getColumnIndex(columnName=amount) - start
23:05:08.901 [main] DEBUG o.d.dataset.AbstractTableMetaData - getColumnIndex(columnName=amount) - start
23:05:08.906 [main] DEBUG o.d.d.datatype.AbstractDataType - compare(o1=200.00, o2=200.00) - start
23:05:08.907 [main] DEBUG o.d.dataset.datatype.NumberDataType - typeCast(value=200.00) - start
23:05:08.907 [main] DEBUG o.d.dataset.datatype.NumberDataType - typeCast(value=200.00) - start
23:05:08.907 [main] DEBUG o.d.d.datatype.AbstractDataType - compareNonNulls(value1=200.00, value2=200.00) - start
23:05:08.907 [main] DEBUG org.dbunit.dataset.DefaultTable - getValue(row=0, column=customer_id) - start
23:05:08.907 [main] DEBUG org.dbunit.dataset.AbstractTable - assertValidRowIndex(row=0) - start
23:05:08.908 [main] DEBUG org.dbunit.dataset.AbstractTable - assertValidRowIndex(row=0, rowCount=6) - start
23:05:08.908 [main] DEBUG org.dbunit.dataset.AbstractTable - getColumnIndex(columnName=customer_id) - start
23:05:08.908 [main] DEBUG o.d.dataset.AbstractTableMetaData - getColumnIndex(columnName=customer_id) - start
23:05:08.908 [main] DEBUG org.dbunit.dataset.DefaultTable - getValue(row=0, column=customer_id) - start
23:05:08.908 [main] DEBUG org.dbunit.dataset.AbstractTable - assertValidRowIndex(row=0) - start
23:05:08.910 [main] DEBUG org.dbunit.dataset.AbstractTable - assertValidRowIndex(row=0, rowCount=6) - start
23:05:08.910 [main] DEBUG org.dbunit.dataset.AbstractTable - getColumnIndex(columnName=customer_id) - start
23:05:08.910 [main] DEBUG o.d.dataset.AbstractTableMetaData - getColumnIndex(columnName=customer_id) - start
23:05:08.910 [main] DEBUG o.d.d.datatype.AbstractDataType - compare(o1=1, o2=1) - start
23:05:08.910 [main] DEBUG o.d.dataset.datatype.IntegerDataType - typeCast(value=1) - start
23:05:08.910 [main] DEBUG o.d.dataset.datatype.IntegerDataType - typeCast(value=1) - start
23:05:08.911 [main] DEBUG o.d.dataset.datatype.IntegerDataType - typeCast(value=1) - start
23:05:08.911 [main] DEBUG o.d.d.datatype.AbstractDataType - compareNonNulls(value1=1, value2=1) - start
23:05:08.911 [main] DEBUG org.dbunit.dataset.DefaultTable - getValue(row=0, column=date) - start
23:05:08.911 [main] DEBUG org.dbunit.dataset.AbstractTable - assertValidRowIndex(row=0) - start
23:05:08.911 [main] DEBUG org.dbunit.dataset.AbstractTable - assertValidRowIndex(row=0, rowCount=6) - start
23:05:08.911 [main] DEBUG org.dbunit.dataset.AbstractTable - getColumnIndex(columnName=date) - start
23:05:08.913 [main] DEBUG o.d.dataset.AbstractTableMetaData - getColumnIndex(columnName=date) - start
23:05:08.913 [main] DEBUG org.dbunit.dataset.DefaultTable - getValue(row=0, column=date) - start
23:05:08.913 [main] DEBUG org.dbunit.dataset.AbstractTable - assertValidRowIndex(row=0) - start
23:05:08.913 [main] DEBUG org.dbunit.dataset.AbstractTable - assertValidRowIndex(row=0, rowCount=6) - start
23:05:08.913 [main] DEBUG org.dbunit.dataset.AbstractTable - getColumnIndex(columnName=date) - start
23:05:08.913 [main] DEBUG o.d.dataset.AbstractTableMetaData - getColumnIndex(columnName=date) - start
23:05:08.915 [main] DEBUG o.d.d.datatype.AbstractDataType - compare(o1=2011-06-13, o2=2011-06-13) - start
23:05:08.915 [main] DEBUG o.d.dataset.datatype.DateDataType - typeCast(value=2011-06-13) - start
23:05:08.915 [main] DEBUG o.d.dataset.datatype.DateDataType - typeCast(value=2011-06-13) - start
23:05:08.915 [main] DEBUG o.d.d.datatype.AbstractDataType - compareNonNulls(value1=2011-06-13, value2=2011-06-13) - start
23:05:08.915 [main] DEBUG org.dbunit.dataset.DefaultTable - getValue(row=0, column=discount_status) - start
23:05:08.919 [main] DEBUG org.dbunit.dataset.AbstractTable - assertValidRowIndex(row=0) - start
23:05:08.920 [main] DEBUG org.dbunit.dataset.AbstractTable - assertValidRowIndex(row=0, rowCount=6) - start
23:05:08.920 [main] DEBUG org.dbunit.dataset.AbstractTable - getColumnIndex(columnName=discount_status) - start
23:05:08.920 [main] DEBUG o.d.dataset.AbstractTableMetaData - getColumnIndex(columnName=discount_status) - start
23:05:08.920 [main] DEBUG org.dbunit.dataset.DefaultTable - getValue(row=0, column=discount_status) - start
23:05:09.019 [main] DEBUG org.dbunit.dataset.AbstractTable - assertValidRowIndex(row=0) - start
23:05:09.019 [main] DEBUG org.dbunit.dataset.AbstractTable - assertValidRowIndex(row=0, rowCount=6) - start
23:05:09.019 [main] DEBUG org.dbunit.dataset.AbstractTable - getColumnIndex(columnName=discount_status) - start
23:05:09.019 [main] DEBUG o.d.dataset.AbstractTableMetaData - getColumnIndex(columnName=discount_status) - start
23:05:09.019 [main] DEBUG o.d.d.datatype.AbstractDataType - compare(o1=NO_DISCOUNT, o2=NO_DISCOUNT) - start
23:05:09.020 [main] DEBUG org.dbunit.dataset.DefaultTable - getValue(row=0, column=order_number) - start
23:05:09.020 [main] DEBUG org.dbunit.dataset.AbstractTable - assertValidRowIndex(row=0) - start
23:05:09.020 [main] DEBUG org.dbunit.dataset.AbstractTable - assertValidRowIndex(row=0, rowCount=6) - start
23:05:09.020 [main] DEBUG org.dbunit.dataset.AbstractTable - getColumnIndex(columnName=order_number) - start
23:05:09.020 [main] DEBUG o.d.dataset.AbstractTableMetaData - getColumnIndex(columnName=order_number) - start
23:05:09.022 [main] DEBUG org.dbunit.dataset.DefaultTable - getValue(row=0, column=order_number) - start
23:05:09.022 [main] DEBUG org.dbunit.dataset.AbstractTable - assertValidRowIndex(row=0) - start
23:05:09.022 [main] DEBUG org.dbunit.dataset.AbstractTable - assertValidRowIndex(row=0, rowCount=6) - start
23:05:09.022 [main] DEBUG org.dbunit.dataset.AbstractTable - getColumnIndex(columnName=order_number) - start
23:05:09.022 [main] DEBUG o.d.dataset.AbstractTableMetaData - getColumnIndex(columnName=order_number) - start
23:05:09.023 [main] DEBUG o.d.d.datatype.AbstractDataType - compare(o1=1, o2=1) - start
23:05:09.023 [main] DEBUG o.d.dataset.datatype.IntegerDataType - typeCast(value=1) - start
23:05:09.023 [main] DEBUG o.d.dataset.datatype.IntegerDataType - typeCast(value=1) - start
23:05:09.023 [main] DEBUG o.d.dataset.datatype.IntegerDataType - typeCast(value=1) - start
23:05:09.023 [main] DEBUG o.d.d.datatype.AbstractDataType - compareNonNulls(value1=1, value2=1) - start
23:05:09.023 [main] DEBUG org.dbunit.dataset.DefaultTable - getValue(row=0, column=order_status) - start
23:05:09.025 [main] DEBUG org.dbunit.dataset.AbstractTable - assertValidRowIndex(row=0) - start
23:05:09.025 [main] DEBUG org.dbunit.dataset.AbstractTable - assertValidRowIndex(row=0, rowCount=6) - start
23:05:09.025 [main] DEBUG org.dbunit.dataset.AbstractTable - getColumnIndex(columnName=order_status) - start
23:05:09.025 [main] DEBUG o.d.dataset.AbstractTableMetaData - getColumnIndex(columnName=order_status) - start
23:05:09.025 [main] DEBUG org.dbunit.dataset.DefaultTable - getValue(row=0, column=order_status) - start
23:05:09.027 [main] DEBUG org.dbunit.dataset.AbstractTable - assertValidRowIndex(row=0) - start
23:05:09.027 [main] DEBUG org.dbunit.dataset.AbstractTable - assertValidRowIndex(row=0, rowCount=6) - start
23:05:09.027 [main] DEBUG org.dbunit.dataset.AbstractTable - getColumnIndex(columnName=order_status) - start
23:05:09.027 [main] DEBUG o.d.dataset.AbstractTableMetaData - getColumnIndex(columnName=order_status) - start
23:05:09.027 [main] DEBUG o.d.d.datatype.AbstractDataType - compare(o1=UNPAID, o2=UNPAID) - start
23:05:09.028 [main] DEBUG org.dbunit.dataset.DefaultTable - getValue(row=1, column=amount) - start
23:05:09.028 [main] DEBUG org.dbunit.dataset.AbstractTable - assertValidRowIndex(row=1) - start
23:05:09.028 [main] DEBUG org.dbunit.dataset.AbstractTable - assertValidRowIndex(row=1, rowCount=6) - start
23:05:09.028 [main] DEBUG org.dbunit.dataset.AbstractTable - getColumnIndex(columnName=amount) - start
23:05:09.028 [main] DEBUG o.d.dataset.AbstractTableMetaData - getColumnIndex(columnName=amount) - start
23:05:09.030 [main] DEBUG org.dbunit.dataset.DefaultTable - getValue(row=1, column=amount) - start
23:05:09.030 [main] DEBUG org.dbunit.dataset.AbstractTable - assertValidRowIndex(row=1) - start
23:05:09.030 [main] DEBUG org.dbunit.dataset.AbstractTable - assertValidRowIndex(row=1, rowCount=6) - start
23:05:09.030 [main] DEBUG org.dbunit.dataset.AbstractTable - getColumnIndex(columnName=amount) - start
23:05:09.030 [main] DEBUG o.d.dataset.AbstractTableMetaData - getColumnIndex(columnName=amount) - start
23:05:09.031 [main] DEBUG o.d.d.datatype.AbstractDataType - compare(o1=10000.00, o2=10000.00) - start
23:05:09.031 [main] DEBUG o.d.dataset.datatype.NumberDataType - typeCast(value=10000.00) - start
23:05:09.032 [main] DEBUG o.d.dataset.datatype.NumberDataType - typeCast(value=10000.00) - start
23:05:09.032 [main] DEBUG o.d.d.datatype.AbstractDataType - compareNonNulls(value1=10000.00, value2=10000.00) - start
23:05:09.032 [main] DEBUG org.dbunit.dataset.DefaultTable - getValue(row=1, column=customer_id) - start
23:05:09.033 [main] DEBUG org.dbunit.dataset.AbstractTable - assertValidRowIndex(row=1) - start
23:05:09.033 [main] DEBUG org.dbunit.dataset.AbstractTable - assertValidRowIndex(row=1, rowCount=6) - start
23:05:09.033 [main] DEBUG org.dbunit.dataset.AbstractTable - getColumnIndex(columnName=customer_id) - start
23:05:09.033 [main] DEBUG o.d.dataset.AbstractTableMetaData - getColumnIndex(columnName=customer_id) - start
23:05:09.033 [main] DEBUG org.dbunit.dataset.DefaultTable - getValue(row=1, column=customer_id) - start
23:05:09.034 [main] DEBUG org.dbunit.dataset.AbstractTable - assertValidRowIndex(row=1) - start
23:05:09.034 [main] DEBUG org.dbunit.dataset.AbstractTable - assertValidRowIndex(row=1, rowCount=6) - start
23:05:09.034 [main] DEBUG org.dbunit.dataset.AbstractTable - getColumnIndex(columnName=customer_id) - start
23:05:09.034 [main] DEBUG o.d.dataset.AbstractTableMetaData - getColumnIndex(columnName=customer_id) - start
23:05:09.034 [main] DEBUG o.d.d.datatype.AbstractDataType - compare(o1=2, o2=2) - start
23:05:09.036 [main] DEBUG o.d.dataset.datatype.IntegerDataType - typeCast(value=2) - start
23:05:09.036 [main] DEBUG o.d.dataset.datatype.IntegerDataType - typeCast(value=2) - start
23:05:09.036 [main] DEBUG o.d.dataset.datatype.IntegerDataType - typeCast(value=2) - start
23:05:09.036 [main] DEBUG o.d.d.datatype.AbstractDataType - compareNonNulls(value1=2, value2=2) - start
23:05:09.036 [main] DEBUG org.dbunit.dataset.DefaultTable - getValue(row=1, column=date) - start
23:05:09.036 [main] DEBUG org.dbunit.dataset.AbstractTable - assertValidRowIndex(row=1) - start
23:05:09.037 [main] DEBUG org.dbunit.dataset.AbstractTable - assertValidRowIndex(row=1, rowCount=6) - start
23:05:09.037 [main] DEBUG org.dbunit.dataset.AbstractTable - getColumnIndex(columnName=date) - start
23:05:09.037 [main] DEBUG o.d.dataset.AbstractTableMetaData - getColumnIndex(columnName=date) - start
23:05:09.037 [main] DEBUG org.dbunit.dataset.DefaultTable - getValue(row=1, column=date) - start
23:05:09.037 [main] DEBUG org.dbunit.dataset.AbstractTable - assertValidRowIndex(row=1) - start
23:05:09.037 [main] DEBUG org.dbunit.dataset.AbstractTable - assertValidRowIndex(row=1, rowCount=6) - start
23:05:09.039 [main] DEBUG org.dbunit.dataset.AbstractTable - getColumnIndex(columnName=date) - start
23:05:09.039 [main] DEBUG o.d.dataset.AbstractTableMetaData - getColumnIndex(columnName=date) - start
23:05:09.039 [main] DEBUG o.d.d.datatype.AbstractDataType - compare(o1=2011-06-13, o2=2011-06-13) - start
23:05:09.039 [main] DEBUG o.d.dataset.datatype.DateDataType - typeCast(value=2011-06-13) - start
23:05:09.039 [main] DEBUG o.d.dataset.datatype.DateDataType - typeCast(value=2011-06-13) - start
23:05:09.039 [main] DEBUG o.d.d.datatype.AbstractDataType - compareNonNulls(value1=2011-06-13, value2=2011-06-13) - start
23:05:09.041 [main] DEBUG org.dbunit.dataset.DefaultTable - getValue(row=1, column=discount_status) - start
23:05:09.041 [main] DEBUG org.dbunit.dataset.AbstractTable - assertValidRowIndex(row=1) - start
23:05:09.041 [main] DEBUG org.dbunit.dataset.AbstractTable - assertValidRowIndex(row=1, rowCount=6) - start
23:05:09.041 [main] DEBUG org.dbunit.dataset.AbstractTable - getColumnIndex(columnName=discount_status) - start
23:05:09.041 [main] DEBUG o.d.dataset.AbstractTableMetaData - getColumnIndex(columnName=discount_status) - start
23:05:09.043 [main] DEBUG org.dbunit.dataset.DefaultTable - getValue(row=1, column=discount_status) - start
23:05:09.043 [main] DEBUG org.dbunit.dataset.AbstractTable - assertValidRowIndex(row=1) - start
23:05:09.043 [main] DEBUG org.dbunit.dataset.AbstractTable - assertValidRowIndex(row=1, rowCount=6) - start
23:05:09.043 [main] DEBUG org.dbunit.dataset.AbstractTable - getColumnIndex(columnName=discount_status) - start
23:05:09.043 [main] DEBUG o.d.dataset.AbstractTableMetaData - getColumnIndex(columnName=discount_status) - start
23:05:09.044 [main] DEBUG o.d.d.datatype.AbstractDataType - compare(o1=NO_DISCOUNT, o2=NO_DISCOUNT) - start
23:05:09.044 [main] DEBUG org.dbunit.dataset.DefaultTable - getValue(row=1, column=order_number) - start
23:05:09.044 [main] DEBUG org.dbunit.dataset.AbstractTable - assertValidRowIndex(row=1) - start
23:05:09.045 [main] DEBUG org.dbunit.dataset.AbstractTable - assertValidRowIndex(row=1, rowCount=6) - start
23:05:09.045 [main] DEBUG org.dbunit.dataset.AbstractTable - getColumnIndex(columnName=order_number) - start
23:05:09.046 [main] DEBUG o.d.dataset.AbstractTableMetaData - getColumnIndex(columnName=order_number) - start
23:05:09.046 [main] DEBUG org.dbunit.dataset.DefaultTable - getValue(row=1, column=order_number) - start
23:05:09.046 [main] DEBUG org.dbunit.dataset.AbstractTable - assertValidRowIndex(row=1) - start
23:05:09.046 [main] DEBUG org.dbunit.dataset.AbstractTable - assertValidRowIndex(row=1, rowCount=6) - start
23:05:09.046 [main] DEBUG org.dbunit.dataset.AbstractTable - getColumnIndex(columnName=order_number) - start
23:05:09.048 [main] DEBUG o.d.dataset.AbstractTableMetaData - getColumnIndex(columnName=order_number) - start
23:05:09.048 [main] DEBUG o.d.d.datatype.AbstractDataType - compare(o1=2, o2=2) - start
23:05:09.048 [main] DEBUG o.d.dataset.datatype.IntegerDataType - typeCast(value=2) - start
23:05:09.048 [main] DEBUG o.d.dataset.datatype.IntegerDataType - typeCast(value=2) - start
23:05:09.048 [main] DEBUG o.d.dataset.datatype.IntegerDataType - typeCast(value=2) - start
23:05:09.048 [main] DEBUG o.d.d.datatype.AbstractDataType - compareNonNulls(value1=2, value2=2) - start
23:05:09.051 [main] DEBUG org.dbunit.dataset.DefaultTable - getValue(row=1, column=order_status) - start
23:05:09.051 [main] DEBUG org.dbunit.dataset.AbstractTable - assertValidRowIndex(row=1) - start
23:05:09.051 [main] DEBUG org.dbunit.dataset.AbstractTable - assertValidRowIndex(row=1, rowCount=6) - start
23:05:09.051 [main] DEBUG org.dbunit.dataset.AbstractTable - getColumnIndex(columnName=order_status) - start
23:05:09.051 [main] DEBUG o.d.dataset.AbstractTableMetaData - getColumnIndex(columnName=order_status) - start
23:05:09.151 [main] DEBUG org.dbunit.dataset.DefaultTable - getValue(row=1, column=order_status) - start
23:05:09.151 [main] DEBUG org.dbunit.dataset.AbstractTable - assertValidRowIndex(row=1) - start
23:05:09.151 [main] DEBUG org.dbunit.dataset.AbstractTable - assertValidRowIndex(row=1, rowCount=6) - start
23:05:09.151 [main] DEBUG org.dbunit.dataset.AbstractTable - getColumnIndex(columnName=order_status) - start
23:05:09.151 [main] DEBUG o.d.dataset.AbstractTableMetaData - getColumnIndex(columnName=order_status) - start
23:05:09.152 [main] DEBUG o.d.d.datatype.AbstractDataType - compare(o1=UNPAID, o2=UNPAID) - start
23:05:09.152 [main] DEBUG org.dbunit.dataset.DefaultTable - getValue(row=2, column=amount) - start
23:05:09.152 [main] DEBUG org.dbunit.dataset.AbstractTable - assertValidRowIndex(row=2) - start
23:05:09.152 [main] DEBUG org.dbunit.dataset.AbstractTable - assertValidRowIndex(row=2, rowCount=6) - start
23:05:09.152 [main] DEBUG org.dbunit.dataset.AbstractTable - getColumnIndex(columnName=amount) - start
23:05:09.152 [main] DEBUG o.d.dataset.AbstractTableMetaData - getColumnIndex(columnName=amount) - start
23:05:09.154 [main] DEBUG org.dbunit.dataset.DefaultTable - getValue(row=2, column=amount) - start
23:05:09.154 [main] DEBUG org.dbunit.dataset.AbstractTable - assertValidRowIndex(row=2) - start
23:05:09.154 [main] DEBUG org.dbunit.dataset.AbstractTable - assertValidRowIndex(row=2, rowCount=6) - start
23:05:09.154 [main] DEBUG org.dbunit.dataset.AbstractTable - getColumnIndex(columnName=amount) - start
23:05:09.154 [main] DEBUG o.d.dataset.AbstractTableMetaData - getColumnIndex(columnName=amount) - start
23:05:09.156 [main] DEBUG o.d.d.datatype.AbstractDataType - compare(o1=15000.00, o2=15000.00) - start
23:05:09.156 [main] DEBUG o.d.dataset.datatype.NumberDataType - typeCast(value=15000.00) - start
23:05:09.156 [main] DEBUG o.d.dataset.datatype.NumberDataType - typeCast(value=15000.00) - start
23:05:09.156 [main] DEBUG o.d.d.datatype.AbstractDataType - compareNonNulls(value1=15000.00, value2=15000.00) - start
23:05:09.156 [main] DEBUG org.dbunit.dataset.DefaultTable - getValue(row=2, column=customer_id) - start
23:05:09.157 [main] DEBUG org.dbunit.dataset.AbstractTable - assertValidRowIndex(row=2) - start
23:05:09.157 [main] DEBUG org.dbunit.dataset.AbstractTable - assertValidRowIndex(row=2, rowCount=6) - start
23:05:09.157 [main] DEBUG org.dbunit.dataset.AbstractTable - getColumnIndex(columnName=customer_id) - start
23:05:09.157 [main] DEBUG o.d.dataset.AbstractTableMetaData - getColumnIndex(columnName=customer_id) - start
23:05:09.157 [main] DEBUG org.dbunit.dataset.DefaultTable - getValue(row=2, column=customer_id) - start
23:05:09.159 [main] DEBUG org.dbunit.dataset.AbstractTable - assertValidRowIndex(row=2) - start
23:05:09.159 [main] DEBUG org.dbunit.dataset.AbstractTable - assertValidRowIndex(row=2, rowCount=6) - start
23:05:09.159 [main] DEBUG org.dbunit.dataset.AbstractTable - getColumnIndex(columnName=customer_id) - start
23:05:09.159 [main] DEBUG o.d.dataset.AbstractTableMetaData - getColumnIndex(columnName=customer_id) - start
23:05:09.159 [main] DEBUG o.d.d.datatype.AbstractDataType - compare(o1=3, o2=3) - start
23:05:09.160 [main] DEBUG o.d.dataset.datatype.IntegerDataType - typeCast(value=3) - start
23:05:09.160 [main] DEBUG o.d.dataset.datatype.IntegerDataType - typeCast(value=3) - start
23:05:09.160 [main] DEBUG o.d.dataset.datatype.IntegerDataType - typeCast(value=3) - start
23:05:09.160 [main] DEBUG o.d.d.datatype.AbstractDataType - compareNonNulls(value1=3, value2=3) - start
23:05:09.160 [main] DEBUG org.dbunit.dataset.DefaultTable - getValue(row=2, column=date) - start
23:05:09.160 [main] DEBUG org.dbunit.dataset.AbstractTable - assertValidRowIndex(row=2) - start
23:05:09.162 [main] DEBUG org.dbunit.dataset.AbstractTable - assertValidRowIndex(row=2, rowCount=6) - start
23:05:09.162 [main] DEBUG org.dbunit.dataset.AbstractTable - getColumnIndex(columnName=date) - start
23:05:09.162 [main] DEBUG o.d.dataset.AbstractTableMetaData - getColumnIndex(columnName=date) - start
23:05:09.162 [main] DEBUG org.dbunit.dataset.DefaultTable - getValue(row=2, column=date) - start
23:05:09.162 [main] DEBUG org.dbunit.dataset.AbstractTable - assertValidRowIndex(row=2) - start
23:05:09.162 [main] DEBUG org.dbunit.dataset.AbstractTable - assertValidRowIndex(row=2, rowCount=6) - start
23:05:09.163 [main] DEBUG org.dbunit.dataset.AbstractTable - getColumnIndex(columnName=date) - start
23:05:09.163 [main] DEBUG o.d.dataset.AbstractTableMetaData - getColumnIndex(columnName=date) - start
23:05:09.163 [main] DEBUG o.d.d.datatype.AbstractDataType - compare(o1=2011-06-13, o2=2011-06-13) - start
23:05:09.163 [main] DEBUG o.d.dataset.datatype.DateDataType - typeCast(value=2011-06-13) - start
23:05:09.163 [main] DEBUG o.d.dataset.datatype.DateDataType - typeCast(value=2011-06-13) - start
23:05:09.163 [main] DEBUG o.d.d.datatype.AbstractDataType - compareNonNulls(value1=2011-06-13, value2=2011-06-13) - start
23:05:09.165 [main] DEBUG org.dbunit.dataset.DefaultTable - getValue(row=2, column=discount_status) - start
23:05:09.165 [main] DEBUG org.dbunit.dataset.AbstractTable - assertValidRowIndex(row=2) - start
23:05:09.165 [main] DEBUG org.dbunit.dataset.AbstractTable - assertValidRowIndex(row=2, rowCount=6) - start
23:05:09.165 [main] DEBUG org.dbunit.dataset.AbstractTable - getColumnIndex(columnName=discount_status) - start
23:05:09.165 [main] DEBUG o.d.dataset.AbstractTableMetaData - getColumnIndex(columnName=discount_status) - start
23:05:09.167 [main] DEBUG org.dbunit.dataset.DefaultTable - getValue(row=2, column=discount_status) - start
23:05:09.167 [main] DEBUG org.dbunit.dataset.AbstractTable - assertValidRowIndex(row=2) - start
23:05:09.167 [main] DEBUG org.dbunit.dataset.AbstractTable - assertValidRowIndex(row=2, rowCount=6) - start
23:05:09.167 [main] DEBUG org.dbunit.dataset.AbstractTable - getColumnIndex(columnName=discount_status) - start
23:05:09.167 [main] DEBUG o.d.dataset.AbstractTableMetaData - getColumnIndex(columnName=discount_status) - start
23:05:09.169 [main] DEBUG o.d.d.datatype.AbstractDataType - compare(o1=NO_DISCOUNT, o2=NO_DISCOUNT) - start
23:05:09.169 [main] DEBUG org.dbunit.dataset.DefaultTable - getValue(row=2, column=order_number) - start
23:05:09.169 [main] DEBUG org.dbunit.dataset.AbstractTable - assertValidRowIndex(row=2) - start
23:05:09.169 [main] DEBUG org.dbunit.dataset.AbstractTable - assertValidRowIndex(row=2, rowCount=6) - start
23:05:09.169 [main] DEBUG org.dbunit.dataset.AbstractTable - getColumnIndex(columnName=order_number) - start
23:05:09.170 [main] DEBUG o.d.dataset.AbstractTableMetaData - getColumnIndex(columnName=order_number) - start
23:05:09.170 [main] DEBUG org.dbunit.dataset.DefaultTable - getValue(row=2, column=order_number) - start
23:05:09.170 [main] DEBUG org.dbunit.dataset.AbstractTable - assertValidRowIndex(row=2) - start
23:05:09.170 [main] DEBUG org.dbunit.dataset.AbstractTable - assertValidRowIndex(row=2, rowCount=6) - start
23:05:09.170 [main] DEBUG org.dbunit.dataset.AbstractTable - getColumnIndex(columnName=order_number) - start
23:05:09.172 [main] DEBUG o.d.dataset.AbstractTableMetaData - getColumnIndex(columnName=order_number) - start
23:05:09.172 [main] DEBUG o.d.d.datatype.AbstractDataType - compare(o1=3, o2=3) - start
23:05:09.172 [main] DEBUG o.d.dataset.datatype.IntegerDataType - typeCast(value=3) - start
23:05:09.172 [main] DEBUG o.d.dataset.datatype.IntegerDataType - typeCast(value=3) - start
23:05:09.172 [main] DEBUG o.d.dataset.datatype.IntegerDataType - typeCast(value=3) - start
23:05:09.172 [main] DEBUG o.d.d.datatype.AbstractDataType - compareNonNulls(value1=3, value2=3) - start
23:05:09.173 [main] DEBUG org.dbunit.dataset.DefaultTable - getValue(row=2, column=order_status) - start
23:05:09.173 [main] DEBUG org.dbunit.dataset.AbstractTable - assertValidRowIndex(row=2) - start
23:05:09.173 [main] DEBUG org.dbunit.dataset.AbstractTable - assertValidRowIndex(row=2, rowCount=6) - start
23:05:09.173 [main] DEBUG org.dbunit.dataset.AbstractTable - getColumnIndex(columnName=order_status) - start
23:05:09.173 [main] DEBUG o.d.dataset.AbstractTableMetaData - getColumnIndex(columnName=order_status) - start
23:05:09.175 [main] DEBUG org.dbunit.dataset.DefaultTable - getValue(row=2, column=order_status) - start
23:05:09.175 [main] DEBUG org.dbunit.dataset.AbstractTable - assertValidRowIndex(row=2) - start
23:05:09.175 [main] DEBUG org.dbunit.dataset.AbstractTable - assertValidRowIndex(row=2, rowCount=6) - start
23:05:09.175 [main] DEBUG org.dbunit.dataset.AbstractTable - getColumnIndex(columnName=order_status) - start
23:05:09.175 [main] DEBUG o.d.dataset.AbstractTableMetaData - getColumnIndex(columnName=order_status) - start
23:05:09.177 [main] DEBUG o.d.d.datatype.AbstractDataType - compare(o1=UNPAID, o2=UNPAID) - start
23:05:09.177 [main] DEBUG org.dbunit.dataset.DefaultTable - getValue(row=3, column=amount) - start
23:05:09.177 [main] DEBUG org.dbunit.dataset.AbstractTable - assertValidRowIndex(row=3) - start
23:05:09.177 [main] DEBUG org.dbunit.dataset.AbstractTable - assertValidRowIndex(row=3, rowCount=6) - start
23:05:09.177 [main] DEBUG org.dbunit.dataset.AbstractTable - getColumnIndex(columnName=amount) - start
23:05:09.177 [main] DEBUG o.d.dataset.AbstractTableMetaData - getColumnIndex(columnName=amount) - start
23:05:09.178 [main] DEBUG org.dbunit.dataset.DefaultTable - getValue(row=3, column=amount) - start
23:05:09.178 [main] DEBUG org.dbunit.dataset.AbstractTable - assertValidRowIndex(row=3) - start
23:05:09.178 [main] DEBUG org.dbunit.dataset.AbstractTable - assertValidRowIndex(row=3, rowCount=6) - start
23:05:09.178 [main] DEBUG org.dbunit.dataset.AbstractTable - getColumnIndex(columnName=amount) - start
23:05:09.178 [main] DEBUG o.d.dataset.AbstractTableMetaData - getColumnIndex(columnName=amount) - start
23:05:09.180 [main] DEBUG o.d.d.datatype.AbstractDataType - compare(o1=110000.00, o2=110000.00) - start
23:05:09.180 [main] DEBUG o.d.dataset.datatype.NumberDataType - typeCast(value=110000.00) - start
23:05:09.180 [main] DEBUG o.d.dataset.datatype.NumberDataType - typeCast(value=110000.00) - start
23:05:09.180 [main] DEBUG o.d.d.datatype.AbstractDataType - compareNonNulls(value1=110000.00, value2=110000.00) - start
23:05:09.180 [main] DEBUG org.dbunit.dataset.DefaultTable - getValue(row=3, column=customer_id) - start
23:05:09.182 [main] DEBUG org.dbunit.dataset.AbstractTable - assertValidRowIndex(row=3) - start
23:05:09.182 [main] DEBUG org.dbunit.dataset.AbstractTable - assertValidRowIndex(row=3, rowCount=6) - start
23:05:09.182 [main] DEBUG org.dbunit.dataset.AbstractTable - getColumnIndex(columnName=customer_id) - start
23:05:09.182 [main] DEBUG o.d.dataset.AbstractTableMetaData - getColumnIndex(columnName=customer_id) - start
23:05:09.182 [main] DEBUG org.dbunit.dataset.DefaultTable - getValue(row=3, column=customer_id) - start
23:05:09.183 [main] DEBUG org.dbunit.dataset.AbstractTable - assertValidRowIndex(row=3) - start
23:05:09.183 [main] DEBUG org.dbunit.dataset.AbstractTable - assertValidRowIndex(row=3, rowCount=6) - start
23:05:09.183 [main] DEBUG org.dbunit.dataset.AbstractTable - getColumnIndex(columnName=customer_id) - start
23:05:09.183 [main] DEBUG o.d.dataset.AbstractTableMetaData - getColumnIndex(columnName=customer_id) - start
23:05:09.183 [main] DEBUG o.d.d.datatype.AbstractDataType - compare(o1=3, o2=3) - start
23:05:09.185 [main] DEBUG o.d.dataset.datatype.IntegerDataType - typeCast(value=3) - start
23:05:09.185 [main] DEBUG o.d.dataset.datatype.IntegerDataType - typeCast(value=3) - start
23:05:09.185 [main] DEBUG o.d.dataset.datatype.IntegerDataType - typeCast(value=3) - start
23:05:09.185 [main] DEBUG o.d.d.datatype.AbstractDataType - compareNonNulls(value1=3, value2=3) - start
23:05:09.185 [main] DEBUG org.dbunit.dataset.DefaultTable - getValue(row=3, column=date) - start
23:05:09.185 [main] DEBUG org.dbunit.dataset.AbstractTable - assertValidRowIndex(row=3) - start
23:05:09.186 [main] DEBUG org.dbunit.dataset.AbstractTable - assertValidRowIndex(row=3, rowCount=6) - start
23:05:09.187 [main] DEBUG org.dbunit.dataset.AbstractTable - getColumnIndex(columnName=date) - start
23:05:09.187 [main] DEBUG o.d.dataset.AbstractTableMetaData - getColumnIndex(columnName=date) - start
23:05:09.187 [main] DEBUG org.dbunit.dataset.DefaultTable - getValue(row=3, column=date) - start
23:05:09.187 [main] DEBUG org.dbunit.dataset.AbstractTable - assertValidRowIndex(row=3) - start
23:05:09.187 [main] DEBUG org.dbunit.dataset.AbstractTable - assertValidRowIndex(row=3, rowCount=6) - start
23:05:09.188 [main] DEBUG org.dbunit.dataset.AbstractTable - getColumnIndex(columnName=date) - start
23:05:09.188 [main] DEBUG o.d.dataset.AbstractTableMetaData - getColumnIndex(columnName=date) - start
23:05:09.188 [main] DEBUG o.d.d.datatype.AbstractDataType - compare(o1=2011-06-13, o2=2011-06-13) - start
23:05:09.188 [main] DEBUG o.d.dataset.datatype.DateDataType - typeCast(value=2011-06-13) - start
23:05:09.188 [main] DEBUG o.d.dataset.datatype.DateDataType - typeCast(value=2011-06-13) - start
23:05:09.188 [main] DEBUG o.d.d.datatype.AbstractDataType - compareNonNulls(value1=2011-06-13, value2=2011-06-13) - start
23:05:09.190 [main] DEBUG org.dbunit.dataset.DefaultTable - getValue(row=3, column=discount_status) - start
23:05:09.190 [main] DEBUG org.dbunit.dataset.AbstractTable - assertValidRowIndex(row=3) - start
23:05:09.190 [main] DEBUG org.dbunit.dataset.AbstractTable - assertValidRowIndex(row=3, rowCount=6) - start
23:05:09.190 [main] DEBUG org.dbunit.dataset.AbstractTable - getColumnIndex(columnName=discount_status) - start
23:05:09.190 [main] DEBUG o.d.dataset.AbstractTableMetaData - getColumnIndex(columnName=discount_status) - start
23:05:09.192 [main] DEBUG org.dbunit.dataset.DefaultTable - getValue(row=3, column=discount_status) - start
23:05:09.192 [main] DEBUG org.dbunit.dataset.AbstractTable - assertValidRowIndex(row=3) - start
23:05:09.192 [main] DEBUG org.dbunit.dataset.AbstractTable - assertValidRowIndex(row=3, rowCount=6) - start
23:05:09.192 [main] DEBUG org.dbunit.dataset.AbstractTable - getColumnIndex(columnName=discount_status) - start
23:05:09.192 [main] DEBUG o.d.dataset.AbstractTableMetaData - getColumnIndex(columnName=discount_status) - start
23:05:09.194 [main] DEBUG o.d.d.datatype.AbstractDataType - compare(o1=NO_DISCOUNT, o2=NO_DISCOUNT) - start
23:05:09.194 [main] DEBUG org.dbunit.dataset.DefaultTable - getValue(row=3, column=order_number) - start
23:05:09.194 [main] DEBUG org.dbunit.dataset.AbstractTable - assertValidRowIndex(row=3) - start
23:05:09.194 [main] DEBUG org.dbunit.dataset.AbstractTable - assertValidRowIndex(row=3, rowCount=6) - start
23:05:09.194 [main] DEBUG org.dbunit.dataset.AbstractTable - getColumnIndex(columnName=order_number) - start
23:05:09.195 [main] DEBUG o.d.dataset.AbstractTableMetaData - getColumnIndex(columnName=order_number) - start
23:05:09.195 [main] DEBUG org.dbunit.dataset.DefaultTable - getValue(row=3, column=order_number) - start
23:05:09.195 [main] DEBUG org.dbunit.dataset.AbstractTable - assertValidRowIndex(row=3) - start
23:05:09.195 [main] DEBUG org.dbunit.dataset.AbstractTable - assertValidRowIndex(row=3, rowCount=6) - start
23:05:09.195 [main] DEBUG org.dbunit.dataset.AbstractTable - getColumnIndex(columnName=order_number) - start
23:05:09.197 [main] DEBUG o.d.dataset.AbstractTableMetaData - getColumnIndex(columnName=order_number) - start
23:05:09.197 [main] DEBUG o.d.d.datatype.AbstractDataType - compare(o1=4, o2=4) - start
23:05:09.197 [main] DEBUG o.d.dataset.datatype.IntegerDataType - typeCast(value=4) - start
23:05:09.197 [main] DEBUG o.d.dataset.datatype.IntegerDataType - typeCast(value=4) - start
23:05:09.197 [main] DEBUG o.d.dataset.datatype.IntegerDataType - typeCast(value=4) - start
23:05:09.197 [main] DEBUG o.d.d.datatype.AbstractDataType - compareNonNulls(value1=4, value2=4) - start
23:05:09.198 [main] DEBUG org.dbunit.dataset.DefaultTable - getValue(row=3, column=order_status) - start
23:05:09.198 [main] DEBUG org.dbunit.dataset.AbstractTable - assertValidRowIndex(row=3) - start
23:05:09.198 [main] DEBUG org.dbunit.dataset.AbstractTable - assertValidRowIndex(row=3, rowCount=6) - start
23:05:09.198 [main] DEBUG org.dbunit.dataset.AbstractTable - getColumnIndex(columnName=order_status) - start
23:05:09.198 [main] DEBUG o.d.dataset.AbstractTableMetaData - getColumnIndex(columnName=order_status) - start
23:05:09.200 [main] DEBUG org.dbunit.dataset.DefaultTable - getValue(row=3, column=order_status) - start
23:05:09.200 [main] DEBUG org.dbunit.dataset.AbstractTable - assertValidRowIndex(row=3) - start
23:05:09.200 [main] DEBUG org.dbunit.dataset.AbstractTable - assertValidRowIndex(row=3, rowCount=6) - start
23:05:09.200 [main] DEBUG org.dbunit.dataset.AbstractTable - getColumnIndex(columnName=order_status) - start
23:05:09.200 [main] DEBUG o.d.dataset.AbstractTableMetaData - getColumnIndex(columnName=order_status) - start
23:05:09.202 [main] DEBUG o.d.d.datatype.AbstractDataType - compare(o1=PAID, o2=PAID) - start
23:05:09.202 [main] DEBUG org.dbunit.dataset.DefaultTable - getValue(row=4, column=amount) - start
23:05:09.202 [main] DEBUG org.dbunit.dataset.AbstractTable - assertValidRowIndex(row=4) - start
23:05:09.202 [main] DEBUG org.dbunit.dataset.AbstractTable - assertValidRowIndex(row=4, rowCount=6) - start
23:05:09.202 [main] DEBUG org.dbunit.dataset.AbstractTable - getColumnIndex(columnName=amount) - start
23:05:09.202 [main] DEBUG o.d.dataset.AbstractTableMetaData - getColumnIndex(columnName=amount) - start
23:05:09.203 [main] DEBUG org.dbunit.dataset.DefaultTable - getValue(row=4, column=amount) - start
23:05:09.203 [main] DEBUG org.dbunit.dataset.AbstractTable - assertValidRowIndex(row=4) - start
23:05:09.203 [main] DEBUG org.dbunit.dataset.AbstractTable - assertValidRowIndex(row=4, rowCount=6) - start
23:05:09.203 [main] DEBUG org.dbunit.dataset.AbstractTable - getColumnIndex(columnName=amount) - start
23:05:09.203 [main] DEBUG o.d.dataset.AbstractTableMetaData - getColumnIndex(columnName=amount) - start
23:05:09.205 [main] DEBUG o.d.d.datatype.AbstractDataType - compare(o1=2180.00, o2=2180.00) - start
23:05:09.205 [main] DEBUG o.d.dataset.datatype.NumberDataType - typeCast(value=2180.00) - start
23:05:09.205 [main] DEBUG o.d.dataset.datatype.NumberDataType - typeCast(value=2180.00) - start
23:05:09.205 [main] DEBUG o.d.d.datatype.AbstractDataType - compareNonNulls(value1=2180.00, value2=2180.00) - start
23:05:09.205 [main] DEBUG org.dbunit.dataset.DefaultTable - getValue(row=4, column=customer_id) - start
23:05:09.207 [main] DEBUG org.dbunit.dataset.AbstractTable - assertValidRowIndex(row=4) - start
23:05:09.207 [main] DEBUG org.dbunit.dataset.AbstractTable - assertValidRowIndex(row=4, rowCount=6) - start
23:05:09.207 [main] DEBUG org.dbunit.dataset.AbstractTable - getColumnIndex(columnName=customer_id) - start
23:05:09.207 [main] DEBUG o.d.dataset.AbstractTableMetaData - getColumnIndex(columnName=customer_id) - start
23:05:09.207 [main] DEBUG org.dbunit.dataset.DefaultTable - getValue(row=4, column=customer_id) - start
23:05:09.208 [main] DEBUG org.dbunit.dataset.AbstractTable - assertValidRowIndex(row=4) - start
23:05:09.208 [main] DEBUG org.dbunit.dataset.AbstractTable - assertValidRowIndex(row=4, rowCount=6) - start
23:05:09.208 [main] DEBUG org.dbunit.dataset.AbstractTable - getColumnIndex(columnName=customer_id) - start
23:05:09.208 [main] DEBUG o.d.dataset.AbstractTableMetaData - getColumnIndex(columnName=customer_id) - start
23:05:09.208 [main] DEBUG o.d.d.datatype.AbstractDataType - compare(o1=4, o2=4) - start
23:05:09.210 [main] DEBUG o.d.dataset.datatype.IntegerDataType - typeCast(value=4) - start
23:05:09.210 [main] DEBUG o.d.dataset.datatype.IntegerDataType - typeCast(value=4) - start
23:05:09.210 [main] DEBUG o.d.dataset.datatype.IntegerDataType - typeCast(value=4) - start
23:05:09.210 [main] DEBUG o.d.d.datatype.AbstractDataType - compareNonNulls(value1=4, value2=4) - start
23:05:09.210 [main] DEBUG org.dbunit.dataset.DefaultTable - getValue(row=4, column=date) - start
23:05:09.210 [main] DEBUG org.dbunit.dataset.AbstractTable - assertValidRowIndex(row=4) - start
23:05:09.211 [main] DEBUG org.dbunit.dataset.AbstractTable - assertValidRowIndex(row=4, rowCount=6) - start
23:05:09.211 [main] DEBUG org.dbunit.dataset.AbstractTable - getColumnIndex(columnName=date) - start
23:05:09.211 [main] DEBUG o.d.dataset.AbstractTableMetaData - getColumnIndex(columnName=date) - start
23:05:09.211 [main] DEBUG org.dbunit.dataset.DefaultTable - getValue(row=4, column=date) - start
23:05:09.211 [main] DEBUG org.dbunit.dataset.AbstractTable - assertValidRowIndex(row=4) - start
23:05:09.211 [main] DEBUG org.dbunit.dataset.AbstractTable - assertValidRowIndex(row=4, rowCount=6) - start
23:05:09.213 [main] DEBUG org.dbunit.dataset.AbstractTable - getColumnIndex(columnName=date) - start
23:05:09.213 [main] DEBUG o.d.dataset.AbstractTableMetaData - getColumnIndex(columnName=date) - start
23:05:09.213 [main] DEBUG o.d.d.datatype.AbstractDataType - compare(o1=2011-06-13, o2=2011-06-13) - start
23:05:09.213 [main] DEBUG o.d.dataset.datatype.DateDataType - typeCast(value=2011-06-13) - start
23:05:09.213 [main] DEBUG o.d.dataset.datatype.DateDataType - typeCast(value=2011-06-13) - start
23:05:09.213 [main] DEBUG o.d.d.datatype.AbstractDataType - compareNonNulls(value1=2011-06-13, value2=2011-06-13) - start
23:05:09.215 [main] DEBUG org.dbunit.dataset.DefaultTable - getValue(row=4, column=discount_status) - start
23:05:09.215 [main] DEBUG org.dbunit.dataset.AbstractTable - assertValidRowIndex(row=4) - start
23:05:09.215 [main] DEBUG org.dbunit.dataset.AbstractTable - assertValidRowIndex(row=4, rowCount=6) - start
23:05:09.215 [main] DEBUG org.dbunit.dataset.AbstractTable - getColumnIndex(columnName=discount_status) - start
23:05:09.215 [main] DEBUG o.d.dataset.AbstractTableMetaData - getColumnIndex(columnName=discount_status) - start
23:05:09.217 [main] DEBUG org.dbunit.dataset.DefaultTable - getValue(row=4, column=discount_status) - start
23:05:09.217 [main] DEBUG org.dbunit.dataset.AbstractTable - assertValidRowIndex(row=4) - start
23:05:09.217 [main] DEBUG org.dbunit.dataset.AbstractTable - assertValidRowIndex(row=4, rowCount=6) - start
23:05:09.217 [main] DEBUG org.dbunit.dataset.AbstractTable - getColumnIndex(columnName=discount_status) - start
23:05:09.217 [main] DEBUG o.d.dataset.AbstractTableMetaData - getColumnIndex(columnName=discount_status) - start
23:05:09.218 [main] DEBUG o.d.d.datatype.AbstractDataType - compare(o1=NO_DISCOUNT, o2=NO_DISCOUNT) - start
23:05:09.218 [main] DEBUG org.dbunit.dataset.DefaultTable - getValue(row=4, column=order_number) - start
23:05:09.218 [main] DEBUG org.dbunit.dataset.AbstractTable - assertValidRowIndex(row=4) - start
23:05:09.218 [main] DEBUG org.dbunit.dataset.AbstractTable - assertValidRowIndex(row=4, rowCount=6) - start
23:05:09.218 [main] DEBUG org.dbunit.dataset.AbstractTable - getColumnIndex(columnName=order_number) - start
23:05:09.220 [main] DEBUG o.d.dataset.AbstractTableMetaData - getColumnIndex(columnName=order_number) - start
23:05:09.220 [main] DEBUG org.dbunit.dataset.DefaultTable - getValue(row=4, column=order_number) - start
23:05:09.220 [main] DEBUG org.dbunit.dataset.AbstractTable - assertValidRowIndex(row=4) - start
23:05:09.220 [main] DEBUG org.dbunit.dataset.AbstractTable - assertValidRowIndex(row=4, rowCount=6) - start
23:05:09.220 [main] DEBUG org.dbunit.dataset.AbstractTable - getColumnIndex(columnName=order_number) - start
23:05:09.221 [main] DEBUG o.d.dataset.AbstractTableMetaData - getColumnIndex(columnName=order_number) - start
23:05:09.221 [main] DEBUG o.d.d.datatype.AbstractDataType - compare(o1=5, o2=5) - start
23:05:09.221 [main] DEBUG o.d.dataset.datatype.IntegerDataType - typeCast(value=5) - start
23:05:09.221 [main] DEBUG o.d.dataset.datatype.IntegerDataType - typeCast(value=5) - start
23:05:09.221 [main] DEBUG o.d.dataset.datatype.IntegerDataType - typeCast(value=5) - start
23:05:09.221 [main] DEBUG o.d.d.datatype.AbstractDataType - compareNonNulls(value1=5, value2=5) - start
23:05:09.223 [main] DEBUG org.dbunit.dataset.DefaultTable - getValue(row=4, column=order_status) - start
23:05:09.223 [main] DEBUG org.dbunit.dataset.AbstractTable - assertValidRowIndex(row=4) - start
23:05:09.223 [main] DEBUG org.dbunit.dataset.AbstractTable - assertValidRowIndex(row=4, rowCount=6) - start
23:05:09.223 [main] DEBUG org.dbunit.dataset.AbstractTable - getColumnIndex(columnName=order_status) - start
23:05:09.223 [main] DEBUG o.d.dataset.AbstractTableMetaData - getColumnIndex(columnName=order_status) - start
23:05:09.224 [main] DEBUG org.dbunit.dataset.DefaultTable - getValue(row=4, column=order_status) - start
23:05:09.224 [main] DEBUG org.dbunit.dataset.AbstractTable - assertValidRowIndex(row=4) - start
23:05:09.224 [main] DEBUG org.dbunit.dataset.AbstractTable - assertValidRowIndex(row=4, rowCount=6) - start
23:05:09.224 [main] DEBUG org.dbunit.dataset.AbstractTable - getColumnIndex(columnName=order_status) - start
23:05:09.224 [main] DEBUG o.d.dataset.AbstractTableMetaData - getColumnIndex(columnName=order_status) - start
23:05:09.226 [main] DEBUG o.d.d.datatype.AbstractDataType - compare(o1=PAID, o2=PAID) - start
23:05:09.226 [main] DEBUG org.dbunit.dataset.DefaultTable - getValue(row=5, column=amount) - start
23:05:09.226 [main] DEBUG org.dbunit.dataset.AbstractTable - assertValidRowIndex(row=5) - start
23:05:09.226 [main] DEBUG org.dbunit.dataset.AbstractTable - assertValidRowIndex(row=5, rowCount=6) - start
23:05:09.226 [main] DEBUG org.dbunit.dataset.AbstractTable - getColumnIndex(columnName=amount) - start
23:05:09.226 [main] DEBUG o.d.dataset.AbstractTableMetaData - getColumnIndex(columnName=amount) - start
23:05:09.228 [main] DEBUG org.dbunit.dataset.DefaultTable - getValue(row=5, column=amount) - start
23:05:09.228 [main] DEBUG org.dbunit.dataset.AbstractTable - assertValidRowIndex(row=5) - start
23:05:09.228 [main] DEBUG org.dbunit.dataset.AbstractTable - assertValidRowIndex(row=5, rowCount=6) - start
23:05:09.228 [main] DEBUG org.dbunit.dataset.AbstractTable - getColumnIndex(columnName=amount) - start
23:05:09.228 [main] DEBUG o.d.dataset.AbstractTableMetaData - getColumnIndex(columnName=amount) - start
23:05:09.229 [main] DEBUG o.d.d.datatype.AbstractDataType - compare(o1=10000.00, o2=10000.00) - start
23:05:09.229 [main] DEBUG o.d.dataset.datatype.NumberDataType - typeCast(value=10000.00) - start
23:05:09.229 [main] DEBUG o.d.dataset.datatype.NumberDataType - typeCast(value=10000.00) - start
23:05:09.229 [main] DEBUG o.d.d.datatype.AbstractDataType - compareNonNulls(value1=10000.00, value2=10000.00) - start
23:05:09.229 [main] DEBUG org.dbunit.dataset.DefaultTable - getValue(row=5, column=customer_id) - start
23:05:09.231 [main] DEBUG org.dbunit.dataset.AbstractTable - assertValidRowIndex(row=5) - start
23:05:09.231 [main] DEBUG org.dbunit.dataset.AbstractTable - assertValidRowIndex(row=5, rowCount=6) - start
23:05:09.231 [main] DEBUG org.dbunit.dataset.AbstractTable - getColumnIndex(columnName=customer_id) - start
23:05:09.231 [main] DEBUG o.d.dataset.AbstractTableMetaData - getColumnIndex(columnName=customer_id) - start
23:05:09.231 [main] DEBUG org.dbunit.dataset.DefaultTable - getValue(row=5, column=customer_id) - start
23:05:09.233 [main] DEBUG org.dbunit.dataset.AbstractTable - assertValidRowIndex(row=5) - start
23:05:09.233 [main] DEBUG org.dbunit.dataset.AbstractTable - assertValidRowIndex(row=5, rowCount=6) - start
23:05:09.233 [main] DEBUG org.dbunit.dataset.AbstractTable - getColumnIndex(columnName=customer_id) - start
23:05:09.233 [main] DEBUG o.d.dataset.AbstractTableMetaData - getColumnIndex(columnName=customer_id) - start
23:05:09.233 [main] DEBUG o.d.d.datatype.AbstractDataType - compare(o1=5, o2=5) - start
23:05:09.234 [main] DEBUG o.d.dataset.datatype.IntegerDataType - typeCast(value=5) - start
23:05:09.234 [main] DEBUG o.d.dataset.datatype.IntegerDataType - typeCast(value=5) - start
23:05:09.234 [main] DEBUG o.d.dataset.datatype.IntegerDataType - typeCast(value=5) - start
23:05:09.234 [main] DEBUG o.d.d.datatype.AbstractDataType - compareNonNulls(value1=5, value2=5) - start
23:05:09.234 [main] DEBUG org.dbunit.dataset.DefaultTable - getValue(row=5, column=date) - start
23:05:09.234 [main] DEBUG org.dbunit.dataset.AbstractTable - assertValidRowIndex(row=5) - start
23:05:09.236 [main] DEBUG org.dbunit.dataset.AbstractTable - assertValidRowIndex(row=5, rowCount=6) - start
23:05:09.236 [main] DEBUG org.dbunit.dataset.AbstractTable - getColumnIndex(columnName=date) - start
23:05:09.236 [main] DEBUG o.d.dataset.AbstractTableMetaData - getColumnIndex(columnName=date) - start
23:05:09.236 [main] DEBUG org.dbunit.dataset.DefaultTable - getValue(row=5, column=date) - start
23:05:09.236 [main] DEBUG org.dbunit.dataset.AbstractTable - assertValidRowIndex(row=5) - start
23:05:09.236 [main] DEBUG org.dbunit.dataset.AbstractTable - assertValidRowIndex(row=5, rowCount=6) - start
23:05:09.238 [main] DEBUG org.dbunit.dataset.AbstractTable - getColumnIndex(columnName=date) - start
23:05:09.238 [main] DEBUG o.d.dataset.AbstractTableMetaData - getColumnIndex(columnName=date) - start
23:05:09.238 [main] DEBUG o.d.d.datatype.AbstractDataType - compare(o1=2011-06-13, o2=2011-06-13) - start
23:05:09.238 [main] DEBUG o.d.dataset.datatype.DateDataType - typeCast(value=2011-06-13) - start
23:05:09.238 [main] DEBUG o.d.dataset.datatype.DateDataType - typeCast(value=2011-06-13) - start
23:05:09.238 [main] DEBUG o.d.d.datatype.AbstractDataType - compareNonNulls(value1=2011-06-13, value2=2011-06-13) - start
23:05:09.240 [main] DEBUG org.dbunit.dataset.DefaultTable - getValue(row=5, column=discount_status) - start
23:05:09.240 [main] DEBUG org.dbunit.dataset.AbstractTable - assertValidRowIndex(row=5) - start
23:05:09.240 [main] DEBUG org.dbunit.dataset.AbstractTable - assertValidRowIndex(row=5, rowCount=6) - start
23:05:09.240 [main] DEBUG org.dbunit.dataset.AbstractTable - getColumnIndex(columnName=discount_status) - start
23:05:09.240 [main] DEBUG o.d.dataset.AbstractTableMetaData - getColumnIndex(columnName=discount_status) - start
23:05:09.241 [main] DEBUG org.dbunit.dataset.DefaultTable - getValue(row=5, column=discount_status) - start
23:05:09.241 [main] DEBUG org.dbunit.dataset.AbstractTable - assertValidRowIndex(row=5) - start
23:05:09.241 [main] DEBUG org.dbunit.dataset.AbstractTable - assertValidRowIndex(row=5, rowCount=6) - start
23:05:09.241 [main] DEBUG org.dbunit.dataset.AbstractTable - getColumnIndex(columnName=discount_status) - start
23:05:09.241 [main] DEBUG o.d.dataset.AbstractTableMetaData - getColumnIndex(columnName=discount_status) - start
23:05:09.243 [main] DEBUG o.d.d.datatype.AbstractDataType - compare(o1=NO_DISCOUNT, o2=NO_DISCOUNT) - start
23:05:09.243 [main] DEBUG org.dbunit.dataset.DefaultTable - getValue(row=5, column=order_number) - start
23:05:09.243 [main] DEBUG org.dbunit.dataset.AbstractTable - assertValidRowIndex(row=5) - start
23:05:09.243 [main] DEBUG org.dbunit.dataset.AbstractTable - assertValidRowIndex(row=5, rowCount=6) - start
23:05:09.243 [main] DEBUG org.dbunit.dataset.AbstractTable - getColumnIndex(columnName=order_number) - start
23:05:09.244 [main] DEBUG o.d.dataset.AbstractTableMetaData - getColumnIndex(columnName=order_number) - start
23:05:09.244 [main] DEBUG org.dbunit.dataset.DefaultTable - getValue(row=5, column=order_number) - start
23:05:09.244 [main] DEBUG org.dbunit.dataset.AbstractTable - assertValidRowIndex(row=5) - start
23:05:09.244 [main] DEBUG org.dbunit.dataset.AbstractTable - assertValidRowIndex(row=5, rowCount=6) - start
23:05:09.244 [main] DEBUG org.dbunit.dataset.AbstractTable - getColumnIndex(columnName=order_number) - start
23:05:09.246 [main] DEBUG o.d.dataset.AbstractTableMetaData - getColumnIndex(columnName=order_number) - start
23:05:09.246 [main] DEBUG o.d.d.datatype.AbstractDataType - compare(o1=6, o2=6) - start
23:05:09.246 [main] DEBUG o.d.dataset.datatype.IntegerDataType - typeCast(value=6) - start
23:05:09.246 [main] DEBUG o.d.dataset.datatype.IntegerDataType - typeCast(value=6) - start
23:05:09.246 [main] DEBUG o.d.dataset.datatype.IntegerDataType - typeCast(value=6) - start
23:05:09.246 [main] DEBUG o.d.d.datatype.AbstractDataType - compareNonNulls(value1=6, value2=6) - start
23:05:09.248 [main] DEBUG org.dbunit.dataset.DefaultTable - getValue(row=5, column=order_status) - start
23:05:09.248 [main] DEBUG org.dbunit.dataset.AbstractTable - assertValidRowIndex(row=5) - start
23:05:09.248 [main] DEBUG org.dbunit.dataset.AbstractTable - assertValidRowIndex(row=5, rowCount=6) - start
23:05:09.248 [main] DEBUG org.dbunit.dataset.AbstractTable - getColumnIndex(columnName=order_status) - start
23:05:09.248 [main] DEBUG o.d.dataset.AbstractTableMetaData - getColumnIndex(columnName=order_status) - start
23:05:09.249 [main] DEBUG org.dbunit.dataset.DefaultTable - getValue(row=5, column=order_status) - start
23:05:09.249 [main] DEBUG org.dbunit.dataset.AbstractTable - assertValidRowIndex(row=5) - start
23:05:09.249 [main] DEBUG org.dbunit.dataset.AbstractTable - assertValidRowIndex(row=5, rowCount=6) - start
23:05:09.249 [main] DEBUG org.dbunit.dataset.AbstractTable - getColumnIndex(columnName=order_status) - start
23:05:09.249 [main] DEBUG o.d.dataset.AbstractTableMetaData - getColumnIndex(columnName=order_status) - start
23:05:09.251 [main] DEBUG o.d.d.datatype.AbstractDataType - compare(o1=PAID, o2=PAID) - start
23:05:09.251 [main] DEBUG org.dbunit.DatabaseTestCase - tearDown() - start
23:05:09.251 [main] DEBUG org.dbunit.AbstractDatabaseTester - setTearDownOperation(tearDownOperation=org.dbunit.operation.DeleteAllOperation@4ecfdd) - start
23:05:09.251 [main] DEBUG o.d.d.xml.FlatXmlDataSetBuilder - Creating FlatXmlDataSet with builder parameters: org.dbunit.dataset.xml.FlatXmlDataSetBuilder[dtdMetadata=true, columnSensing=false, caseSensitiveTableNames=false, metaDataSet=null]
23:05:09.252 [main] DEBUG o.d.d.xml.FlatXmlDataSetBuilder - Creating FlatXmlProducer using the properties of this builder: org.dbunit.dataset.xml.FlatXmlDataSetBuilder[dtdMetadata=true, columnSensing=false, caseSensitiveTableNames=false, metaDataSet=null]
23:05:09.253 [main] DEBUG o.dbunit.dataset.xml.FlatXmlProducer - setConsumer(consumer) - start
23:05:09.253 [main] DEBUG o.dbunit.dataset.xml.FlatXmlProducer - produce() - start
23:05:09.253 [main] DEBUG o.dbunit.dataset.xml.FlatDtdProducer - setLexicalHandler(xmlReader=org.apache.xerces.parsers.SAXParser@b122a1, handler=org.dbunit.dataset.xml.FlatXmlProducer$FlatDtdHandler@1589e56) - start
23:05:09.254 [main] DEBUG o.dbunit.dataset.xml.FlatDtdProducer - setDeclHandler(xmlReader=org.apache.xerces.parsers.SAXParser@b122a1, handler=org.dbunit.dataset.xml.FlatXmlProducer$FlatDtdHandler@1589e56) - start
23:05:09.255 [main] DEBUG o.dbunit.dataset.xml.FlatXmlProducer - startElement(uri=, localName=, qName=dataset, attributes=org.apache.xerces.parsers.AbstractSAXParser$AttributesProxy@1033a6f) - start
23:05:09.255 [main] DEBUG org.dbunit.dataset.CachedDataSet - startDataSet() - start
23:05:09.255 [main] DEBUG o.dbunit.dataset.xml.FlatXmlProducer - startElement(uri=, localName=, qName=customers, attributes=org.apache.xerces.parsers.AbstractSAXParser$AttributesProxy@1033a6f) - start
23:05:09.256 [main] DEBUG o.dbunit.dataset.OrderedTableNameMap - getLastTableName() - start
23:05:09.256 [main] DEBUG o.dbunit.dataset.OrderedTableNameMap - isLastTable(tableName=customers) - start
23:05:09.256 [main] DEBUG o.dbunit.dataset.OrderedTableNameMap - getTableName(tableName=customers) - start
23:05:09.256 [main] DEBUG o.dbunit.dataset.OrderedTableNameMap - getTableName(tableName=customers) - end - result=CUSTOMERS
23:05:09.256 [main] DEBUG o.dbunit.dataset.xml.FlatXmlProducer - createTableMetaData(tableName=customers, attributes=org.apache.xerces.parsers.AbstractSAXParser$AttributesProxy@1033a6f) - start
23:05:09.259 [main] DEBUG org.dbunit.dataset.Columns - getColumns(columnNames=[], columns=[(id, UNKNOWN, nullableUnknown), (name, UNKNOWN, nullableUnknown)]) - start
23:05:09.259 [main] DEBUG o.dbunit.dataset.OrderedTableNameMap - add(tableName=customers, object=tableName=customers, columns=[(id, UNKNOWN, nullableUnknown), (name, UNKNOWN, nullableUnknown)], keys=[]) - start
23:05:09.259 [main] DEBUG o.dbunit.dataset.OrderedTableNameMap - getTableName(tableName=customers) - start
23:05:09.259 [main] DEBUG o.dbunit.dataset.OrderedTableNameMap - getTableName(tableName=customers) - end - result=CUSTOMERS
23:05:09.261 [main] DEBUG o.dbunit.dataset.OrderedTableNameMap - getTableName(tableName=CUSTOMERS) - start
23:05:09.261 [main] DEBUG o.dbunit.dataset.OrderedTableNameMap - getTableName(tableName=CUSTOMERS) - end - result=CUSTOMERS
23:05:09.261 [main] DEBUG org.dbunit.dataset.CachedDataSet - startTable(metaData=tableName=customers, columns=[(id, UNKNOWN, nullableUnknown), (name, UNKNOWN, nullableUnknown)], keys=[]) - start
23:05:09.261 [main] DEBUG o.dbunit.dataset.OrderedTableNameMap - getLastTableName() - start
23:05:09.263 [main] DEBUG o.dbunit.dataset.OrderedTableNameMap - getTableName(tableName=customers) - start
23:05:09.263 [main] DEBUG o.dbunit.dataset.OrderedTableNameMap - getTableName(tableName=customers) - end - result=CUSTOMERS
23:05:09.263 [main] DEBUG o.d.dataset.AbstractTableMetaData - getColumnIndex(columnName=id) - start
23:05:09.263 [main] DEBUG o.d.dataset.AbstractTableMetaData - getColumnIndex(columnName=name) - start
23:05:09.263 [main] DEBUG o.dbunit.dataset.OrderedTableNameMap - getLastTableName() - start
23:05:09.264 [main] DEBUG o.dbunit.dataset.OrderedTableNameMap - getTableName(tableName=customers) - start
23:05:09.264 [main] DEBUG o.dbunit.dataset.OrderedTableNameMap - getTableName(tableName=customers) - end - result=CUSTOMERS
23:05:09.264 [main] DEBUG org.dbunit.dataset.CachedDataSet - row(values=1) - start
23:05:09.264 [main] DEBUG org.dbunit.dataset.DefaultTable - addRow(values=1) - start
23:05:09.264 [main] DEBUG o.dbunit.dataset.xml.FlatXmlProducer - endElement(uri=, localName=, qName=customers) - start
23:05:09.266 [main] DEBUG o.dbunit.dataset.xml.FlatXmlProducer - startElement(uri=, localName=, qName=customers, attributes=org.apache.xerces.parsers.AbstractSAXParser$AttributesProxy@1033a6f) - start
23:05:09.266 [main] DEBUG o.dbunit.dataset.OrderedTableNameMap - getLastTableName() - start
23:05:09.266 [main] DEBUG o.dbunit.dataset.OrderedTableNameMap - getTableName(tableName=customers) - start
23:05:09.266 [main] DEBUG o.dbunit.dataset.OrderedTableNameMap - getTableName(tableName=customers) - end - result=CUSTOMERS
23:05:09.268 [main] DEBUG o.dbunit.dataset.OrderedTableNameMap - isLastTable(tableName=customers) - start
23:05:09.268 [main] DEBUG o.dbunit.dataset.OrderedTableNameMap - getLastTableName() - start
23:05:09.268 [main] DEBUG o.dbunit.dataset.OrderedTableNameMap - getTableName(tableName=customers) - start
23:05:09.268 [main] DEBUG o.dbunit.dataset.OrderedTableNameMap - getTableName(tableName=customers) - end - result=CUSTOMERS
23:05:09.268 [main] DEBUG o.dbunit.dataset.OrderedTableNameMap - getTableName(tableName=customers) - start
23:05:09.269 [main] DEBUG o.dbunit.dataset.OrderedTableNameMap - getTableName(tableName=customers) - end - result=CUSTOMERS
23:05:09.269 [main] DEBUG o.dbunit.dataset.OrderedTableNameMap - getLastTableName() - start
23:05:09.269 [main] DEBUG o.dbunit.dataset.OrderedTableNameMap - getTableName(tableName=customers) - start
23:05:09.269 [main] DEBUG o.dbunit.dataset.OrderedTableNameMap - getTableName(tableName=customers) - end - result=CUSTOMERS
23:05:09.269 [main] DEBUG o.d.dataset.AbstractTableMetaData - getColumnIndex(columnName=id) - start
23:05:09.271 [main] DEBUG o.d.dataset.AbstractTableMetaData - getColumnIndex(columnName=name) - start
23:05:09.271 [main] DEBUG o.dbunit.dataset.OrderedTableNameMap - getLastTableName() - start
23:05:09.271 [main] DEBUG o.dbunit.dataset.OrderedTableNameMap - getTableName(tableName=customers) - start
23:05:09.271 [main] DEBUG o.dbunit.dataset.OrderedTableNameMap - getTableName(tableName=customers) - end - result=CUSTOMERS
23:05:09.271 [main] DEBUG org.dbunit.dataset.CachedDataSet - row(values=2) - start
23:05:09.272 [main] DEBUG org.dbunit.dataset.DefaultTable - addRow(values=2) - start
23:05:09.272 [main] DEBUG o.dbunit.dataset.xml.FlatXmlProducer - endElement(uri=, localName=, qName=customers) - start
23:05:09.272 [main] DEBUG o.dbunit.dataset.xml.FlatXmlProducer - startElement(uri=, localName=, qName=customers, attributes=org.apache.xerces.parsers.AbstractSAXParser$AttributesProxy@1033a6f) - start
23:05:09.273 [main] DEBUG o.dbunit.dataset.OrderedTableNameMap - getLastTableName() - start
23:05:09.273 [main] DEBUG o.dbunit.dataset.OrderedTableNameMap - getTableName(tableName=customers) - start
23:05:09.274 [main] DEBUG o.dbunit.dataset.OrderedTableNameMap - getTableName(tableName=customers) - end - result=CUSTOMERS
23:05:09.274 [main] DEBUG o.dbunit.dataset.OrderedTableNameMap - isLastTable(tableName=customers) - start
23:05:09.274 [main] DEBUG o.dbunit.dataset.OrderedTableNameMap - getLastTableName() - start
23:05:09.274 [main] DEBUG o.dbunit.dataset.OrderedTableNameMap - getTableName(tableName=customers) - start
23:05:09.274 [main] DEBUG o.dbunit.dataset.OrderedTableNameMap - getTableName(tableName=customers) - end - result=CUSTOMERS
23:05:09.276 [main] DEBUG o.dbunit.dataset.OrderedTableNameMap - getTableName(tableName=customers) - start
23:05:09.276 [main] DEBUG o.dbunit.dataset.OrderedTableNameMap - getTableName(tableName=customers) - end - result=CUSTOMERS
23:05:09.276 [main] DEBUG o.dbunit.dataset.OrderedTableNameMap - getLastTableName() - start
23:05:09.276 [main] DEBUG o.dbunit.dataset.OrderedTableNameMap - getTableName(tableName=customers) - start
23:05:09.276 [main] DEBUG o.dbunit.dataset.OrderedTableNameMap - getTableName(tableName=customers) - end - result=CUSTOMERS
23:05:09.278 [main] DEBUG o.d.dataset.AbstractTableMetaData - getColumnIndex(columnName=id) - start
23:05:09.278 [main] DEBUG o.d.dataset.AbstractTableMetaData - getColumnIndex(columnName=name) - start
23:05:09.278 [main] DEBUG o.dbunit.dataset.OrderedTableNameMap - getLastTableName() - start
23:05:09.278 [main] DEBUG o.dbunit.dataset.OrderedTableNameMap - getTableName(tableName=customers) - start
23:05:09.278 [main] DEBUG o.dbunit.dataset.OrderedTableNameMap - getTableName(tableName=customers) - end - result=CUSTOMERS
23:05:09.280 [main] DEBUG org.dbunit.dataset.CachedDataSet - row(values=3) - start
23:05:09.280 [main] DEBUG org.dbunit.dataset.DefaultTable - addRow(values=3) - start
23:05:09.280 [main] DEBUG o.dbunit.dataset.xml.FlatXmlProducer - endElement(uri=, localName=, qName=customers) - start
23:05:09.280 [main] DEBUG o.dbunit.dataset.xml.FlatXmlProducer - startElement(uri=, localName=, qName=customers, attributes=org.apache.xerces.parsers.AbstractSAXParser$AttributesProxy@1033a6f) - start
23:05:09.280 [main] DEBUG o.dbunit.dataset.OrderedTableNameMap - getLastTableName() - start
23:05:09.281 [main] DEBUG o.dbunit.dataset.OrderedTableNameMap - getTableName(tableName=customers) - start
23:05:09.281 [main] DEBUG o.dbunit.dataset.OrderedTableNameMap - getTableName(tableName=customers) - end - result=CUSTOMERS
23:05:09.281 [main] DEBUG o.dbunit.dataset.OrderedTableNameMap - isLastTable(tableName=customers) - start
23:05:09.281 [main] DEBUG o.dbunit.dataset.OrderedTableNameMap - getLastTableName() - start
23:05:09.281 [main] DEBUG o.dbunit.dataset.OrderedTableNameMap - getTableName(tableName=customers) - start
23:05:09.283 [main] DEBUG o.dbunit.dataset.OrderedTableNameMap - getTableName(tableName=customers) - end - result=CUSTOMERS
23:05:09.283 [main] DEBUG o.dbunit.dataset.OrderedTableNameMap - getTableName(tableName=customers) - start
23:05:09.283 [main] DEBUG o.dbunit.dataset.OrderedTableNameMap - getTableName(tableName=customers) - end - result=CUSTOMERS
23:05:09.283 [main] DEBUG o.dbunit.dataset.OrderedTableNameMap - getLastTableName() - start
23:05:09.283 [main] DEBUG o.dbunit.dataset.OrderedTableNameMap - getTableName(tableName=customers) - start
23:05:09.285 [main] DEBUG o.dbunit.dataset.OrderedTableNameMap - getTableName(tableName=customers) - end - result=CUSTOMERS
23:05:09.285 [main] DEBUG o.d.dataset.AbstractTableMetaData - getColumnIndex(columnName=id) - start
23:05:09.285 [main] DEBUG o.d.dataset.AbstractTableMetaData - getColumnIndex(columnName=name) - start
23:05:09.285 [main] DEBUG o.dbunit.dataset.OrderedTableNameMap - getLastTableName() - start
23:05:09.285 [main] DEBUG o.dbunit.dataset.OrderedTableNameMap - getTableName(tableName=customers) - start
23:05:09.287 [main] DEBUG o.dbunit.dataset.OrderedTableNameMap - getTableName(tableName=customers) - end - result=CUSTOMERS
23:05:09.287 [main] DEBUG org.dbunit.dataset.CachedDataSet - row(values=4) - start
23:05:09.287 [main] DEBUG org.dbunit.dataset.DefaultTable - addRow(values=4) - start
23:05:09.287 [main] DEBUG o.dbunit.dataset.xml.FlatXmlProducer - endElement(uri=, localName=, qName=customers) - start
23:05:09.287 [main] DEBUG o.dbunit.dataset.xml.FlatXmlProducer - startElement(uri=, localName=, qName=customers, attributes=org.apache.xerces.parsers.AbstractSAXParser$AttributesProxy@1033a6f) - start
23:05:09.288 [main] DEBUG o.dbunit.dataset.OrderedTableNameMap - getLastTableName() - start
23:05:09.288 [main] DEBUG o.dbunit.dataset.OrderedTableNameMap - getTableName(tableName=customers) - start
23:05:09.288 [main] DEBUG o.dbunit.dataset.OrderedTableNameMap - getTableName(tableName=customers) - end - result=CUSTOMERS
23:05:09.288 [main] DEBUG o.dbunit.dataset.OrderedTableNameMap - isLastTable(tableName=customers) - start
23:05:09.288 [main] DEBUG o.dbunit.dataset.OrderedTableNameMap - getLastTableName() - start
23:05:09.290 [main] DEBUG o.dbunit.dataset.OrderedTableNameMap - getTableName(tableName=customers) - start
23:05:09.290 [main] DEBUG o.dbunit.dataset.OrderedTableNameMap - getTableName(tableName=customers) - end - result=CUSTOMERS
23:05:09.290 [main] DEBUG o.dbunit.dataset.OrderedTableNameMap - getTableName(tableName=customers) - start
23:05:09.290 [main] DEBUG o.dbunit.dataset.OrderedTableNameMap - getTableName(tableName=customers) - end - result=CUSTOMERS
23:05:09.290 [main] DEBUG o.dbunit.dataset.OrderedTableNameMap - getLastTableName() - start
23:05:09.292 [main] DEBUG o.dbunit.dataset.OrderedTableNameMap - getTableName(tableName=customers) - start
23:05:09.292 [main] DEBUG o.dbunit.dataset.OrderedTableNameMap - getTableName(tableName=customers) - end - result=CUSTOMERS
23:05:09.292 [main] DEBUG o.d.dataset.AbstractTableMetaData - getColumnIndex(columnName=id) - start
23:05:09.292 [main] DEBUG o.d.dataset.AbstractTableMetaData - getColumnIndex(columnName=name) - start
23:05:09.292 [main] DEBUG o.dbunit.dataset.OrderedTableNameMap - getLastTableName() - start
23:05:09.294 [main] DEBUG o.dbunit.dataset.OrderedTableNameMap - getTableName(tableName=customers) - start
23:05:09.294 [main] DEBUG o.dbunit.dataset.OrderedTableNameMap - getTableName(tableName=customers) - end - result=CUSTOMERS
23:05:09.294 [main] DEBUG org.dbunit.dataset.CachedDataSet - row(values=5) - start
23:05:09.294 [main] DEBUG org.dbunit.dataset.DefaultTable - addRow(values=5) - start
23:05:09.294 [main] DEBUG o.dbunit.dataset.xml.FlatXmlProducer - endElement(uri=, localName=, qName=customers) - start
23:05:09.295 [main] DEBUG o.dbunit.dataset.xml.FlatXmlProducer - startElement(uri=, localName=, qName=customers, attributes=org.apache.xerces.parsers.AbstractSAXParser$AttributesProxy@1033a6f) - start
23:05:09.295 [main] DEBUG o.dbunit.dataset.OrderedTableNameMap - getLastTableName() - start
23:05:09.295 [main] DEBUG o.dbunit.dataset.OrderedTableNameMap - getTableName(tableName=customers) - start
23:05:09.295 [main] DEBUG o.dbunit.dataset.OrderedTableNameMap - getTableName(tableName=customers) - end - result=CUSTOMERS
23:05:09.297 [main] DEBUG o.dbunit.dataset.OrderedTableNameMap - isLastTable(tableName=customers) - start
23:05:09.297 [main] DEBUG o.dbunit.dataset.OrderedTableNameMap - getLastTableName() - start
23:05:09.297 [main] DEBUG o.dbunit.dataset.OrderedTableNameMap - getTableName(tableName=customers) - start
23:05:09.297 [main] DEBUG o.dbunit.dataset.OrderedTableNameMap - getTableName(tableName=customers) - end - result=CUSTOMERS
23:05:09.297 [main] DEBUG o.dbunit.dataset.OrderedTableNameMap - getTableName(tableName=customers) - start
23:05:09.299 [main] DEBUG o.dbunit.dataset.OrderedTableNameMap - getTableName(tableName=customers) - end - result=CUSTOMERS
23:05:09.299 [main] DEBUG o.dbunit.dataset.OrderedTableNameMap - getLastTableName() - start
23:05:09.299 [main] DEBUG o.dbunit.dataset.OrderedTableNameMap - getTableName(tableName=customers) - start
23:05:09.299 [main] DEBUG o.dbunit.dataset.OrderedTableNameMap - getTableName(tableName=customers) - end - result=CUSTOMERS
23:05:09.299 [main] DEBUG o.d.dataset.AbstractTableMetaData - getColumnIndex(columnName=id) - start
23:05:09.300 [main] DEBUG o.d.dataset.AbstractTableMetaData - getColumnIndex(columnName=name) - start
23:05:09.300 [main] DEBUG o.dbunit.dataset.OrderedTableNameMap - getLastTableName() - start
23:05:09.300 [main] DEBUG o.dbunit.dataset.OrderedTableNameMap - getTableName(tableName=customers) - start
23:05:09.300 [main] DEBUG o.dbunit.dataset.OrderedTableNameMap - getTableName(tableName=customers) - end - result=CUSTOMERS
23:05:09.300 [main] DEBUG org.dbunit.dataset.CachedDataSet - row(values=6) - start
23:05:09.302 [main] DEBUG org.dbunit.dataset.DefaultTable - addRow(values=6) - start
23:05:09.302 [main] DEBUG o.dbunit.dataset.xml.FlatXmlProducer - endElement(uri=, localName=, qName=customers) - start
23:05:09.302 [main] DEBUG o.dbunit.dataset.xml.FlatXmlProducer - startElement(uri=, localName=, qName=products, attributes=org.apache.xerces.parsers.AbstractSAXParser$AttributesProxy@1033a6f) - start
23:05:09.302 [main] DEBUG o.dbunit.dataset.OrderedTableNameMap - getLastTableName() - start
23:05:09.302 [main] DEBUG o.dbunit.dataset.OrderedTableNameMap - getTableName(tableName=customers) - start
23:05:09.303 [main] DEBUG o.dbunit.dataset.OrderedTableNameMap - getTableName(tableName=customers) - end - result=CUSTOMERS
23:05:09.303 [main] DEBUG o.dbunit.dataset.OrderedTableNameMap - isLastTable(tableName=products) - start
23:05:09.303 [main] DEBUG o.dbunit.dataset.OrderedTableNameMap - getLastTableName() - start
23:05:09.303 [main] DEBUG o.dbunit.dataset.OrderedTableNameMap - getTableName(tableName=customers) - start
23:05:09.303 [main] DEBUG o.dbunit.dataset.OrderedTableNameMap - getTableName(tableName=customers) - end - result=CUSTOMERS
23:05:09.306 [main] DEBUG o.dbunit.dataset.OrderedTableNameMap - getTableName(tableName=products) - start
23:05:09.306 [main] DEBUG o.dbunit.dataset.OrderedTableNameMap - getTableName(tableName=products) - end - result=PRODUCTS
23:05:09.306 [main] DEBUG org.dbunit.dataset.CachedDataSet - endTable() - start
23:05:09.306 [main] DEBUG o.dbunit.dataset.OrderedTableNameMap - getTableName(tableName=customers) - start
23:05:09.306 [main] DEBUG o.dbunit.dataset.OrderedTableNameMap - getTableName(tableName=customers) - end - result=CUSTOMERS
23:05:09.307 [main] DEBUG o.dbunit.dataset.OrderedTableNameMap - add(tableName=customers, object=org.dbunit.dataset.DefaultTable[_metaData=tableName=customers, columns=[(id, UNKNOWN, nullableUnknown), (name, UNKNOWN, nullableUnknown)], keys=[], _rowList.size()=6]) - start
23:05:09.307 [main] DEBUG o.dbunit.dataset.OrderedTableNameMap - getTableName(tableName=customers) - start
23:05:09.307 [main] DEBUG o.dbunit.dataset.OrderedTableNameMap - getTableName(tableName=customers) - end - result=CUSTOMERS
23:05:09.307 [main] DEBUG o.dbunit.dataset.OrderedTableNameMap - getTableName(tableName=CUSTOMERS) - start
23:05:09.309 [main] DEBUG o.dbunit.dataset.OrderedTableNameMap - getTableName(tableName=CUSTOMERS) - end - result=CUSTOMERS
23:05:09.309 [main] DEBUG o.dbunit.dataset.OrderedTableNameMap - getTableName(tableName=products) - start
23:05:09.309 [main] DEBUG o.dbunit.dataset.OrderedTableNameMap - getTableName(tableName=products) - end - result=PRODUCTS
23:05:09.309 [main] DEBUG o.dbunit.dataset.xml.FlatXmlProducer - createTableMetaData(tableName=products, attributes=org.apache.xerces.parsers.AbstractSAXParser$AttributesProxy@1033a6f) - start
23:05:09.311 [main] DEBUG org.dbunit.dataset.Columns - getColumns(columnNames=[], columns=[(sku_number, UNKNOWN, nullableUnknown), (name, UNKNOWN, nullableUnknown), (amount, UNKNOWN, nullableUnknown)]) - start
23:05:09.311 [main] DEBUG o.dbunit.dataset.OrderedTableNameMap - add(tableName=products, object=tableName=products, columns=[(sku_number, UNKNOWN, nullableUnknown), (name, UNKNOWN, nullableUnknown), (amount, UNKNOWN, nullableUnknown)], keys=[]) - start
23:05:09.311 [main] DEBUG o.dbunit.dataset.OrderedTableNameMap - getTableName(tableName=products) - start
23:05:09.312 [main] DEBUG o.dbunit.dataset.OrderedTableNameMap - getTableName(tableName=products) - end - result=PRODUCTS
23:05:09.312 [main] DEBUG o.dbunit.dataset.OrderedTableNameMap - getTableName(tableName=PRODUCTS) - start
23:05:09.312 [main] DEBUG o.dbunit.dataset.OrderedTableNameMap - getTableName(tableName=PRODUCTS) - end - result=PRODUCTS
23:05:09.312 [main] DEBUG org.dbunit.dataset.CachedDataSet - startTable(metaData=tableName=products, columns=[(sku_number, UNKNOWN, nullableUnknown), (name, UNKNOWN, nullableUnknown), (amount, UNKNOWN, nullableUnknown)], keys=[]) - start
23:05:09.313 [main] DEBUG o.dbunit.dataset.OrderedTableNameMap - getLastTableName() - start
23:05:09.313 [main] DEBUG o.dbunit.dataset.OrderedTableNameMap - getTableName(tableName=products) - start
23:05:09.313 [main] DEBUG o.dbunit.dataset.OrderedTableNameMap - getTableName(tableName=products) - end - result=PRODUCTS
23:05:09.313 [main] DEBUG o.d.dataset.AbstractTableMetaData - getColumnIndex(columnName=sku_number) - start
23:05:09.313 [main] DEBUG o.d.dataset.AbstractTableMetaData - getColumnIndex(columnName=name) - start
23:05:09.315 [main] DEBUG o.d.dataset.AbstractTableMetaData - getColumnIndex(columnName=amount) - start
23:05:09.315 [main] DEBUG o.dbunit.dataset.OrderedTableNameMap - getLastTableName() - start
23:05:09.315 [main] DEBUG o.dbunit.dataset.OrderedTableNameMap - getTableName(tableName=products) - start
23:05:09.315 [main] DEBUG o.dbunit.dataset.OrderedTableNameMap - getTableName(tableName=products) - end - result=PRODUCTS
23:05:09.315 [main] DEBUG org.dbunit.dataset.CachedDataSet - row(values=1) - start
23:05:09.315 [main] DEBUG org.dbunit.dataset.DefaultTable - addRow(values=1) - start
23:05:09.317 [main] DEBUG o.dbunit.dataset.xml.FlatXmlProducer - endElement(uri=, localName=, qName=products) - start
23:05:09.317 [main] DEBUG o.dbunit.dataset.xml.FlatXmlProducer - startElement(uri=, localName=, qName=products, attributes=org.apache.xerces.parsers.AbstractSAXParser$AttributesProxy@1033a6f) - start
23:05:09.317 [main] DEBUG o.dbunit.dataset.OrderedTableNameMap - getLastTableName() - start
23:05:09.317 [main] DEBUG o.dbunit.dataset.OrderedTableNameMap - getTableName(tableName=products) - start
23:05:09.319 [main] DEBUG o.dbunit.dataset.OrderedTableNameMap - getTableName(tableName=products) - end - result=PRODUCTS
23:05:09.319 [main] DEBUG o.dbunit.dataset.OrderedTableNameMap - isLastTable(tableName=products) - start
23:05:09.319 [main] DEBUG o.dbunit.dataset.OrderedTableNameMap - getLastTableName() - start
23:05:09.319 [main] DEBUG o.dbunit.dataset.OrderedTableNameMap - getTableName(tableName=products) - start
23:05:09.319 [main] DEBUG o.dbunit.dataset.OrderedTableNameMap - getTableName(tableName=products) - end - result=PRODUCTS
23:05:09.321 [main] DEBUG o.dbunit.dataset.OrderedTableNameMap - getTableName(tableName=products) - start
23:05:09.321 [main] DEBUG o.dbunit.dataset.OrderedTableNameMap - getTableName(tableName=products) - end - result=PRODUCTS
23:05:09.321 [main] DEBUG o.dbunit.dataset.OrderedTableNameMap - getLastTableName() - start
23:05:09.321 [main] DEBUG o.dbunit.dataset.OrderedTableNameMap - getTableName(tableName=products) - start
23:05:09.321 [main] DEBUG o.dbunit.dataset.OrderedTableNameMap - getTableName(tableName=products) - end - result=PRODUCTS
23:05:09.322 [main] DEBUG o.d.dataset.AbstractTableMetaData - getColumnIndex(columnName=sku_number) - start
23:05:09.322 [main] DEBUG o.d.dataset.AbstractTableMetaData - getColumnIndex(columnName=name) - start
23:05:09.322 [main] DEBUG o.d.dataset.AbstractTableMetaData - getColumnIndex(columnName=amount) - start
23:05:09.322 [main] DEBUG o.dbunit.dataset.OrderedTableNameMap - getLastTableName() - start
23:05:09.322 [main] DEBUG o.dbunit.dataset.OrderedTableNameMap - getTableName(tableName=products) - start
23:05:09.324 [main] DEBUG o.dbunit.dataset.OrderedTableNameMap - getTableName(tableName=products) - end - result=PRODUCTS
23:05:09.324 [main] DEBUG org.dbunit.dataset.CachedDataSet - row(values=2) - start
23:05:09.324 [main] DEBUG org.dbunit.dataset.DefaultTable - addRow(values=2) - start
23:05:09.324 [main] DEBUG o.dbunit.dataset.xml.FlatXmlProducer - endElement(uri=, localName=, qName=products) - start
23:05:09.324 [main] DEBUG o.dbunit.dataset.xml.FlatXmlProducer - startElement(uri=, localName=, qName=products, attributes=org.apache.xerces.parsers.AbstractSAXParser$AttributesProxy@1033a6f) - start
23:05:09.326 [main] DEBUG o.dbunit.dataset.OrderedTableNameMap - getLastTableName() - start
23:05:09.326 [main] DEBUG o.dbunit.dataset.OrderedTableNameMap - getTableName(tableName=products) - start
23:05:09.326 [main] DEBUG o.dbunit.dataset.OrderedTableNameMap - getTableName(tableName=products) - end - result=PRODUCTS
23:05:09.326 [main] DEBUG o.dbunit.dataset.OrderedTableNameMap - isLastTable(tableName=products) - start
23:05:09.326 [main] DEBUG o.dbunit.dataset.OrderedTableNameMap - getLastTableName() - start
23:05:09.327 [main] DEBUG o.dbunit.dataset.OrderedTableNameMap - getTableName(tableName=products) - start
23:05:09.327 [main] DEBUG o.dbunit.dataset.OrderedTableNameMap - getTableName(tableName=products) - end - result=PRODUCTS
23:05:09.327 [main] DEBUG o.dbunit.dataset.OrderedTableNameMap - getTableName(tableName=products) - start
23:05:09.327 [main] DEBUG o.dbunit.dataset.OrderedTableNameMap - getTableName(tableName=products) - end - result=PRODUCTS
23:05:09.327 [main] DEBUG o.dbunit.dataset.OrderedTableNameMap - getLastTableName() - start
23:05:09.329 [main] DEBUG o.dbunit.dataset.OrderedTableNameMap - getTableName(tableName=products) - start
23:05:09.329 [main] DEBUG o.dbunit.dataset.OrderedTableNameMap - getTableName(tableName=products) - end - result=PRODUCTS
23:05:09.329 [main] DEBUG o.d.dataset.AbstractTableMetaData - getColumnIndex(columnName=sku_number) - start
23:05:09.329 [main] DEBUG o.d.dataset.AbstractTableMetaData - getColumnIndex(columnName=name) - start
23:05:09.329 [main] DEBUG o.d.dataset.AbstractTableMetaData - getColumnIndex(columnName=amount) - start
23:05:09.331 [main] DEBUG o.dbunit.dataset.OrderedTableNameMap - getLastTableName() - start
23:05:09.331 [main] DEBUG o.dbunit.dataset.OrderedTableNameMap - getTableName(tableName=products) - start
23:05:09.331 [main] DEBUG o.dbunit.dataset.OrderedTableNameMap - getTableName(tableName=products) - end - result=PRODUCTS
23:05:09.331 [main] DEBUG org.dbunit.dataset.CachedDataSet - row(values=3) - start
23:05:09.331 [main] DEBUG org.dbunit.dataset.DefaultTable - addRow(values=3) - start
23:05:09.331 [main] DEBUG o.dbunit.dataset.xml.FlatXmlProducer - endElement(uri=, localName=, qName=products) - start
23:05:09.333 [main] DEBUG o.dbunit.dataset.xml.FlatXmlProducer - startElement(uri=, localName=, qName=products, attributes=org.apache.xerces.parsers.AbstractSAXParser$AttributesProxy@1033a6f) - start
23:05:09.333 [main] DEBUG o.dbunit.dataset.OrderedTableNameMap - getLastTableName() - start
23:05:09.333 [main] DEBUG o.dbunit.dataset.OrderedTableNameMap - getTableName(tableName=products) - start
23:05:09.333 [main] DEBUG o.dbunit.dataset.OrderedTableNameMap - getTableName(tableName=products) - end - result=PRODUCTS
23:05:09.334 [main] DEBUG o.dbunit.dataset.OrderedTableNameMap - isLastTable(tableName=products) - start
23:05:09.334 [main] DEBUG o.dbunit.dataset.OrderedTableNameMap - getLastTableName() - start
23:05:09.334 [main] DEBUG o.dbunit.dataset.OrderedTableNameMap - getTableName(tableName=products) - start
23:05:09.334 [main] DEBUG o.dbunit.dataset.OrderedTableNameMap - getTableName(tableName=products) - end - result=PRODUCTS
23:05:09.334 [main] DEBUG o.dbunit.dataset.OrderedTableNameMap - getTableName(tableName=products) - start
23:05:09.336 [main] DEBUG o.dbunit.dataset.OrderedTableNameMap - getTableName(tableName=products) - end - result=PRODUCTS
23:05:09.336 [main] DEBUG o.dbunit.dataset.OrderedTableNameMap - getLastTableName() - start
23:05:09.336 [main] DEBUG o.dbunit.dataset.OrderedTableNameMap - getTableName(tableName=products) - start
23:05:09.336 [main] DEBUG o.dbunit.dataset.OrderedTableNameMap - getTableName(tableName=products) - end - result=PRODUCTS
23:05:09.336 [main] DEBUG o.d.dataset.AbstractTableMetaData - getColumnIndex(columnName=sku_number) - start
23:05:09.338 [main] DEBUG o.d.dataset.AbstractTableMetaData - getColumnIndex(columnName=name) - start
23:05:09.338 [main] DEBUG o.d.dataset.AbstractTableMetaData - getColumnIndex(columnName=amount) - start
23:05:09.338 [main] DEBUG o.dbunit.dataset.OrderedTableNameMap - getLastTableName() - start
23:05:09.338 [main] DEBUG o.dbunit.dataset.OrderedTableNameMap - getTableName(tableName=products) - start
23:05:09.338 [main] DEBUG o.dbunit.dataset.OrderedTableNameMap - getTableName(tableName=products) - end - result=PRODUCTS
23:05:09.339 [main] DEBUG org.dbunit.dataset.CachedDataSet - row(values=4) - start
23:05:09.339 [main] DEBUG org.dbunit.dataset.DefaultTable - addRow(values=4) - start
23:05:09.339 [main] DEBUG o.dbunit.dataset.xml.FlatXmlProducer - endElement(uri=, localName=, qName=products) - start
23:05:09.339 [main] DEBUG o.dbunit.dataset.xml.FlatXmlProducer - startElement(uri=, localName=, qName=orders, attributes=org.apache.xerces.parsers.AbstractSAXParser$AttributesProxy@1033a6f) - start
23:05:09.339 [main] DEBUG o.dbunit.dataset.OrderedTableNameMap - getLastTableName() - start
23:05:09.341 [main] DEBUG o.dbunit.dataset.OrderedTableNameMap - getTableName(tableName=products) - start
23:05:09.341 [main] DEBUG o.dbunit.dataset.OrderedTableNameMap - getTableName(tableName=products) - end - result=PRODUCTS
23:05:09.341 [main] DEBUG o.dbunit.dataset.OrderedTableNameMap - isLastTable(tableName=orders) - start
23:05:09.341 [main] DEBUG o.dbunit.dataset.OrderedTableNameMap - getLastTableName() - start
23:05:09.341 [main] DEBUG o.dbunit.dataset.OrderedTableNameMap - getTableName(tableName=products) - start
23:05:09.343 [main] DEBUG o.dbunit.dataset.OrderedTableNameMap - getTableName(tableName=products) - end - result=PRODUCTS
23:05:09.343 [main] DEBUG o.dbunit.dataset.OrderedTableNameMap - getTableName(tableName=orders) - start
23:05:09.343 [main] DEBUG o.dbunit.dataset.OrderedTableNameMap - getTableName(tableName=orders) - end - result=ORDERS
23:05:09.343 [main] DEBUG org.dbunit.dataset.CachedDataSet - endTable() - start
23:05:09.343 [main] DEBUG o.dbunit.dataset.OrderedTableNameMap - getTableName(tableName=products) - start
23:05:09.345 [main] DEBUG o.dbunit.dataset.OrderedTableNameMap - getTableName(tableName=products) - end - result=PRODUCTS
23:05:09.345 [main] DEBUG o.dbunit.dataset.OrderedTableNameMap - add(tableName=products, object=org.dbunit.dataset.DefaultTable[_metaData=tableName=products, columns=[(sku_number, UNKNOWN, nullableUnknown), (name, UNKNOWN, nullableUnknown), (amount, UNKNOWN, nullableUnknown)], keys=[], _rowList.size()=4]) - start
23:05:09.345 [main] DEBUG o.dbunit.dataset.OrderedTableNameMap - getTableName(tableName=products) - start
23:05:09.347 [main] DEBUG o.dbunit.dataset.OrderedTableNameMap - getTableName(tableName=products) - end - result=PRODUCTS
23:05:09.347 [main] DEBUG o.dbunit.dataset.OrderedTableNameMap - getTableName(tableName=PRODUCTS) - start
23:05:09.347 [main] DEBUG o.dbunit.dataset.OrderedTableNameMap - getTableName(tableName=PRODUCTS) - end - result=PRODUCTS
23:05:09.347 [main] DEBUG o.dbunit.dataset.OrderedTableNameMap - getTableName(tableName=orders) - start
23:05:09.347 [main] DEBUG o.dbunit.dataset.OrderedTableNameMap - getTableName(tableName=orders) - end - result=ORDERS
23:05:09.348 [main] DEBUG o.dbunit.dataset.xml.FlatXmlProducer - createTableMetaData(tableName=orders, attributes=org.apache.xerces.parsers.AbstractSAXParser$AttributesProxy@1033a6f) - start
23:05:09.348 [main] DEBUG org.dbunit.dataset.Columns - getColumns(columnNames=[], columns=[(order_number, UNKNOWN, nullableUnknown), (customer_id, UNKNOWN, nullableUnknown), (date, UNKNOWN, nullableUnknown), (amount, UNKNOWN, nullableUnknown), (order_status, UNKNOWN, nullableUnknown), (discount_status, UNKNOWN, nullableUnknown)]) - start
23:05:09.349 [main] DEBUG o.dbunit.dataset.OrderedTableNameMap - add(tableName=orders, object=tableName=orders, columns=[(order_number, UNKNOWN, nullableUnknown), (customer_id, UNKNOWN, nullableUnknown), (date, UNKNOWN, nullableUnknown), (amount, UNKNOWN, nullableUnknown), (order_status, UNKNOWN, nullableUnknown), (discount_status, UNKNOWN, nullableUnknown)], keys=[]) - start
23:05:09.350 [main] DEBUG o.dbunit.dataset.OrderedTableNameMap - getTableName(tableName=orders) - start
23:05:09.350 [main] DEBUG o.dbunit.dataset.OrderedTableNameMap - getTableName(tableName=orders) - end - result=ORDERS
23:05:09.351 [main] DEBUG o.dbunit.dataset.OrderedTableNameMap - getTableName(tableName=ORDERS) - start
23:05:09.352 [main] DEBUG o.dbunit.dataset.OrderedTableNameMap - getTableName(tableName=ORDERS) - end - result=ORDERS
23:05:09.353 [main] DEBUG org.dbunit.dataset.CachedDataSet - startTable(metaData=tableName=orders, columns=[(order_number, UNKNOWN, nullableUnknown), (customer_id, UNKNOWN, nullableUnknown), (date, UNKNOWN, nullableUnknown), (amount, UNKNOWN, nullableUnknown), (order_status, UNKNOWN, nullableUnknown), (discount_status, UNKNOWN, nullableUnknown)], keys=[]) - start
23:05:09.353 [main] DEBUG o.dbunit.dataset.OrderedTableNameMap - getLastTableName() - start
23:05:09.453 [main] DEBUG o.dbunit.dataset.OrderedTableNameMap - getTableName(tableName=orders) - start
23:05:09.453 [main] DEBUG o.dbunit.dataset.OrderedTableNameMap - getTableName(tableName=orders) - end - result=ORDERS
23:05:09.453 [main] DEBUG o.d.dataset.AbstractTableMetaData - getColumnIndex(columnName=order_number) - start
23:05:09.453 [main] DEBUG o.d.dataset.AbstractTableMetaData - getColumnIndex(columnName=customer_id) - start
23:05:09.453 [main] DEBUG o.d.dataset.AbstractTableMetaData - getColumnIndex(columnName=date) - start
23:05:09.454 [main] DEBUG o.d.dataset.AbstractTableMetaData - getColumnIndex(columnName=amount) - start
23:05:09.454 [main] DEBUG o.d.dataset.AbstractTableMetaData - getColumnIndex(columnName=order_status) - start
23:05:09.454 [main] DEBUG o.d.dataset.AbstractTableMetaData - getColumnIndex(columnName=discount_status) - start
23:05:09.454 [main] DEBUG o.dbunit.dataset.OrderedTableNameMap - getLastTableName() - start
23:05:09.454 [main] DEBUG o.dbunit.dataset.OrderedTableNameMap - getTableName(tableName=orders) - start
23:05:09.456 [main] DEBUG o.dbunit.dataset.OrderedTableNameMap - getTableName(tableName=orders) - end - result=ORDERS
23:05:09.456 [main] DEBUG org.dbunit.dataset.CachedDataSet - row(values=1) - start
23:05:09.456 [main] DEBUG org.dbunit.dataset.DefaultTable - addRow(values=1) - start
23:05:09.456 [main] DEBUG o.dbunit.dataset.xml.FlatXmlProducer - endElement(uri=, localName=, qName=orders) - start
23:05:09.456 [main] DEBUG o.dbunit.dataset.xml.FlatXmlProducer - startElement(uri=, localName=, qName=order_items, attributes=org.apache.xerces.parsers.AbstractSAXParser$AttributesProxy@1033a6f) - start
23:05:09.457 [main] DEBUG o.dbunit.dataset.OrderedTableNameMap - getLastTableName() - start
23:05:09.457 [main] DEBUG o.dbunit.dataset.OrderedTableNameMap - getTableName(tableName=orders) - start
23:05:09.457 [main] DEBUG o.dbunit.dataset.OrderedTableNameMap - getTableName(tableName=orders) - end - result=ORDERS
23:05:09.457 [main] DEBUG o.dbunit.dataset.OrderedTableNameMap - isLastTable(tableName=order_items) - start
23:05:09.457 [main] DEBUG o.dbunit.dataset.OrderedTableNameMap - getLastTableName() - start
23:05:09.459 [main] DEBUG o.dbunit.dataset.OrderedTableNameMap - getTableName(tableName=orders) - start
23:05:09.459 [main] DEBUG o.dbunit.dataset.OrderedTableNameMap - getTableName(tableName=orders) - end - result=ORDERS
23:05:09.459 [main] DEBUG o.dbunit.dataset.OrderedTableNameMap - getTableName(tableName=order_items) - start
23:05:09.459 [main] DEBUG o.dbunit.dataset.OrderedTableNameMap - getTableName(tableName=order_items) - end - result=ORDER_ITEMS
23:05:09.459 [main] DEBUG org.dbunit.dataset.CachedDataSet - endTable() - start
23:05:09.461 [main] DEBUG o.dbunit.dataset.OrderedTableNameMap - getTableName(tableName=orders) - start
23:05:09.461 [main] DEBUG o.dbunit.dataset.OrderedTableNameMap - getTableName(tableName=orders) - end - result=ORDERS
23:05:09.461 [main] DEBUG o.dbunit.dataset.OrderedTableNameMap - add(tableName=orders, object=org.dbunit.dataset.DefaultTable[_metaData=tableName=orders, columns=[(order_number, UNKNOWN, nullableUnknown), (customer_id, UNKNOWN, nullableUnknown), (date, UNKNOWN, nullableUnknown), (amount, UNKNOWN, nullableUnknown), (order_status, UNKNOWN, nullableUnknown), (discount_status, UNKNOWN, nullableUnknown)], keys=[], _rowList.size()=1]) - start
23:05:09.463 [main] DEBUG o.dbunit.dataset.OrderedTableNameMap - getTableName(tableName=orders) - start
23:05:09.463 [main] DEBUG o.dbunit.dataset.OrderedTableNameMap - getTableName(tableName=orders) - end - result=ORDERS
23:05:09.463 [main] DEBUG o.dbunit.dataset.OrderedTableNameMap - getTableName(tableName=ORDERS) - start
23:05:09.463 [main] DEBUG o.dbunit.dataset.OrderedTableNameMap - getTableName(tableName=ORDERS) - end - result=ORDERS
23:05:09.463 [main] DEBUG o.dbunit.dataset.OrderedTableNameMap - getTableName(tableName=order_items) - start
23:05:09.464 [main] DEBUG o.dbunit.dataset.OrderedTableNameMap - getTableName(tableName=order_items) - end - result=ORDER_ITEMS
23:05:09.464 [main] DEBUG o.dbunit.dataset.xml.FlatXmlProducer - createTableMetaData(tableName=order_items, attributes=org.apache.xerces.parsers.AbstractSAXParser$AttributesProxy@1033a6f) - start
23:05:09.464 [main] DEBUG org.dbunit.dataset.Columns - getColumns(columnNames=[], columns=[(id, UNKNOWN, nullableUnknown), (order_order_number, UNKNOWN, nullableUnknown), (product_sku_number, UNKNOWN, nullableUnknown), (quantity, UNKNOWN, nullableUnknown)]) - start
23:05:09.466 [main] DEBUG o.dbunit.dataset.OrderedTableNameMap - add(tableName=order_items, object=tableName=order_items, columns=[(id, UNKNOWN, nullableUnknown), (order_order_number, UNKNOWN, nullableUnknown), (product_sku_number, UNKNOWN, nullableUnknown), (quantity, UNKNOWN, nullableUnknown)], keys=[]) - start
23:05:09.466 [main] DEBUG o.dbunit.dataset.OrderedTableNameMap - getTableName(tableName=order_items) - start
23:05:09.466 [main] DEBUG o.dbunit.dataset.OrderedTableNameMap - getTableName(tableName=order_items) - end - result=ORDER_ITEMS
23:05:09.468 [main] DEBUG o.dbunit.dataset.OrderedTableNameMap - getTableName(tableName=ORDER_ITEMS) - start
23:05:09.468 [main] DEBUG o.dbunit.dataset.OrderedTableNameMap - getTableName(tableName=ORDER_ITEMS) - end - result=ORDER_ITEMS
23:05:09.468 [main] DEBUG org.dbunit.dataset.CachedDataSet - startTable(metaData=tableName=order_items, columns=[(id, UNKNOWN, nullableUnknown), (order_order_number, UNKNOWN, nullableUnknown), (product_sku_number, UNKNOWN, nullableUnknown), (quantity, UNKNOWN, nullableUnknown)], keys=[]) - start
23:05:09.469 [main] DEBUG o.dbunit.dataset.OrderedTableNameMap - getLastTableName() - start
23:05:09.469 [main] DEBUG o.dbunit.dataset.OrderedTableNameMap - getTableName(tableName=order_items) - start
23:05:09.469 [main] DEBUG o.dbunit.dataset.OrderedTableNameMap - getTableName(tableName=order_items) - end - result=ORDER_ITEMS
23:05:09.469 [main] DEBUG o.d.dataset.AbstractTableMetaData - getColumnIndex(columnName=id) - start
23:05:09.469 [main] DEBUG o.d.dataset.AbstractTableMetaData - getColumnIndex(columnName=order_order_number) - start
23:05:09.470 [main] DEBUG o.d.dataset.AbstractTableMetaData - getColumnIndex(columnName=product_sku_number) - start
23:05:09.470 [main] DEBUG o.d.dataset.AbstractTableMetaData - getColumnIndex(columnName=quantity) - start
23:05:09.470 [main] DEBUG o.dbunit.dataset.OrderedTableNameMap - getLastTableName() - start
23:05:09.470 [main] DEBUG o.dbunit.dataset.OrderedTableNameMap - getTableName(tableName=order_items) - start
23:05:09.470 [main] DEBUG o.dbunit.dataset.OrderedTableNameMap - getTableName(tableName=order_items) - end - result=ORDER_ITEMS
23:05:09.472 [main] DEBUG org.dbunit.dataset.CachedDataSet - row(values=1) - start
23:05:09.472 [main] DEBUG org.dbunit.dataset.DefaultTable - addRow(values=1) - start
23:05:09.472 [main] DEBUG o.dbunit.dataset.xml.FlatXmlProducer - endElement(uri=, localName=, qName=order_items) - start
23:05:09.472 [main] DEBUG o.dbunit.dataset.xml.FlatXmlProducer - startElement(uri=, localName=, qName=orders, attributes=org.apache.xerces.parsers.AbstractSAXParser$AttributesProxy@1033a6f) - start
23:05:09.472 [main] DEBUG o.dbunit.dataset.OrderedTableNameMap - getLastTableName() - start
23:05:09.474 [main] DEBUG o.dbunit.dataset.OrderedTableNameMap - getTableName(tableName=order_items) - start
23:05:09.474 [main] DEBUG o.dbunit.dataset.OrderedTableNameMap - getTableName(tableName=order_items) - end - result=ORDER_ITEMS
23:05:09.474 [main] DEBUG o.dbunit.dataset.OrderedTableNameMap - isLastTable(tableName=orders) - start
23:05:09.474 [main] DEBUG o.dbunit.dataset.OrderedTableNameMap - getLastTableName() - start
23:05:09.474 [main] DEBUG o.dbunit.dataset.OrderedTableNameMap - getTableName(tableName=order_items) - start
23:05:09.475 [main] DEBUG o.dbunit.dataset.OrderedTableNameMap - getTableName(tableName=order_items) - end - result=ORDER_ITEMS
23:05:09.475 [main] DEBUG o.dbunit.dataset.OrderedTableNameMap - getTableName(tableName=orders) - start
23:05:09.475 [main] DEBUG o.dbunit.dataset.OrderedTableNameMap - getTableName(tableName=orders) - end - result=ORDERS
23:05:09.475 [main] DEBUG org.dbunit.dataset.CachedDataSet - endTable() - start
23:05:09.475 [main] DEBUG o.dbunit.dataset.OrderedTableNameMap - getTableName(tableName=order_items) - start
23:05:09.477 [main] DEBUG o.dbunit.dataset.OrderedTableNameMap - getTableName(tableName=order_items) - end - result=ORDER_ITEMS
23:05:09.477 [main] DEBUG o.dbunit.dataset.OrderedTableNameMap - add(tableName=order_items, object=org.dbunit.dataset.DefaultTable[_metaData=tableName=order_items, columns=[(id, UNKNOWN, nullableUnknown), (order_order_number, UNKNOWN, nullableUnknown), (product_sku_number, UNKNOWN, nullableUnknown), (quantity, UNKNOWN, nullableUnknown)], keys=[], _rowList.size()=1]) - start
23:05:09.478 [main] DEBUG o.dbunit.dataset.OrderedTableNameMap - getTableName(tableName=order_items) - start
23:05:09.479 [main] DEBUG o.dbunit.dataset.OrderedTableNameMap - getTableName(tableName=order_items) - end - result=ORDER_ITEMS
23:05:09.479 [main] DEBUG o.dbunit.dataset.OrderedTableNameMap - getTableName(tableName=ORDER_ITEMS) - start
23:05:09.479 [main] DEBUG o.dbunit.dataset.OrderedTableNameMap - getTableName(tableName=ORDER_ITEMS) - end - result=ORDER_ITEMS
23:05:09.479 [main] DEBUG o.dbunit.dataset.OrderedTableNameMap - getTableName(tableName=orders) - start
23:05:09.479 [main] DEBUG o.dbunit.dataset.OrderedTableNameMap - getTableName(tableName=orders) - end - result=ORDERS
23:05:09.481 [main] DEBUG o.dbunit.dataset.OrderedTableNameMap - getTableName(tableName=orders) - start
23:05:09.481 [main] DEBUG o.dbunit.dataset.OrderedTableNameMap - getTableName(tableName=orders) - end - result=ORDERS
23:05:09.481 [main] DEBUG o.dbunit.dataset.OrderedTableNameMap - setLastTable(nameorders) - start
23:05:09.481 [main] DEBUG o.dbunit.dataset.OrderedTableNameMap - getTableName(tableName=orders) - start
23:05:09.481 [main] DEBUG o.dbunit.dataset.OrderedTableNameMap - getTableName(tableName=orders) - end - result=ORDERS
23:05:09.482 [main] DEBUG org.dbunit.dataset.CachedDataSet - startTable(metaData=tableName=orders, columns=[(order_number, UNKNOWN, nullableUnknown), (customer_id, UNKNOWN, nullableUnknown), (date, UNKNOWN, nullableUnknown), (amount, UNKNOWN, nullableUnknown), (order_status, UNKNOWN, nullableUnknown), (discount_status, UNKNOWN, nullableUnknown)], keys=[]) - start
23:05:09.482 [main] DEBUG o.dbunit.dataset.OrderedTableNameMap - getLastTableName() - start
23:05:09.482 [main] DEBUG o.dbunit.dataset.OrderedTableNameMap - getTableName(tableName=orders) - start
23:05:09.484 [main] DEBUG o.dbunit.dataset.OrderedTableNameMap - getTableName(tableName=orders) - end - result=ORDERS
23:05:09.484 [main] DEBUG o.d.dataset.AbstractTableMetaData - getColumnIndex(columnName=order_number) - start
23:05:09.484 [main] DEBUG o.d.dataset.AbstractTableMetaData - getColumnIndex(columnName=customer_id) - start
23:05:09.484 [main] DEBUG o.d.dataset.AbstractTableMetaData - getColumnIndex(columnName=date) - start
23:05:09.484 [main] DEBUG o.d.dataset.AbstractTableMetaData - getColumnIndex(columnName=amount) - start
23:05:09.486 [main] DEBUG o.d.dataset.AbstractTableMetaData - getColumnIndex(columnName=order_status) - start
23:05:09.486 [main] DEBUG o.d.dataset.AbstractTableMetaData - getColumnIndex(columnName=discount_status) - start
23:05:09.486 [main] DEBUG o.dbunit.dataset.OrderedTableNameMap - getLastTableName() - start
23:05:09.486 [main] DEBUG o.dbunit.dataset.OrderedTableNameMap - getTableName(tableName=orders) - start
23:05:09.486 [main] DEBUG o.dbunit.dataset.OrderedTableNameMap - getTableName(tableName=orders) - end - result=ORDERS
23:05:09.487 [main] DEBUG org.dbunit.dataset.CachedDataSet - row(values=2) - start
23:05:09.487 [main] DEBUG org.dbunit.dataset.DefaultTable - addRow(values=2) - start
23:05:09.487 [main] DEBUG o.dbunit.dataset.xml.FlatXmlProducer - endElement(uri=, localName=, qName=orders) - start
23:05:09.487 [main] DEBUG o.dbunit.dataset.xml.FlatXmlProducer - startElement(uri=, localName=, qName=order_items, attributes=org.apache.xerces.parsers.AbstractSAXParser$AttributesProxy@1033a6f) - start
23:05:09.487 [main] DEBUG o.dbunit.dataset.OrderedTableNameMap - getLastTableName() - start
23:05:09.489 [main] DEBUG o.dbunit.dataset.OrderedTableNameMap - getTableName(tableName=orders) - start
23:05:09.489 [main] DEBUG o.dbunit.dataset.OrderedTableNameMap - getTableName(tableName=orders) - end - result=ORDERS
23:05:09.489 [main] DEBUG o.dbunit.dataset.OrderedTableNameMap - isLastTable(tableName=order_items) - start
23:05:09.489 [main] DEBUG o.dbunit.dataset.OrderedTableNameMap - getLastTableName() - start
23:05:09.489 [main] DEBUG o.dbunit.dataset.OrderedTableNameMap - getTableName(tableName=orders) - start
23:05:09.491 [main] DEBUG o.dbunit.dataset.OrderedTableNameMap - getTableName(tableName=orders) - end - result=ORDERS
23:05:09.491 [main] DEBUG o.dbunit.dataset.OrderedTableNameMap - getTableName(tableName=order_items) - start
23:05:09.491 [main] DEBUG o.dbunit.dataset.OrderedTableNameMap - getTableName(tableName=order_items) - end - result=ORDER_ITEMS
23:05:09.491 [main] DEBUG org.dbunit.dataset.CachedDataSet - endTable() - start
23:05:09.491 [main] DEBUG o.dbunit.dataset.OrderedTableNameMap - getTableName(tableName=orders) - start
23:05:09.492 [main] DEBUG o.dbunit.dataset.OrderedTableNameMap - getTableName(tableName=orders) - end - result=ORDERS
23:05:09.492 [main] DEBUG o.dbunit.dataset.OrderedTableNameMap - getTableName(tableName=orders) - start
23:05:09.492 [main] DEBUG o.dbunit.dataset.OrderedTableNameMap - getTableName(tableName=orders) - end - result=ORDERS
23:05:09.492 [main] DEBUG org.dbunit.dataset.DefaultTable - addTableRows(table=org.dbunit.dataset.DefaultTable[_metaData=tableName=orders, columns=[(order_number, UNKNOWN, nullableUnknown), (customer_id, UNKNOWN, nullableUnknown), (date, UNKNOWN, nullableUnknown), (amount, UNKNOWN, nullableUnknown), (order_status, UNKNOWN, nullableUnknown), (discount_status, UNKNOWN, nullableUnknown)], keys=[], _rowList.size()=1]) - start
23:05:09.494 [main] DEBUG org.dbunit.dataset.DefaultTable - getValue(row=0, column=order_number) - start
23:05:09.494 [main] DEBUG org.dbunit.dataset.AbstractTable - assertValidRowIndex(row=0) - start
23:05:09.494 [main] DEBUG org.dbunit.dataset.AbstractTable - assertValidRowIndex(row=0, rowCount=1) - start
23:05:09.494 [main] DEBUG org.dbunit.dataset.AbstractTable - getColumnIndex(columnName=order_number) - start
23:05:09.494 [main] DEBUG o.d.dataset.AbstractTableMetaData - getColumnIndex(columnName=order_number) - start
23:05:09.496 [main] DEBUG org.dbunit.dataset.DefaultTable - getValue(row=0, column=customer_id) - start
23:05:09.496 [main] DEBUG org.dbunit.dataset.AbstractTable - assertValidRowIndex(row=0) - start
23:05:09.496 [main] DEBUG org.dbunit.dataset.AbstractTable - assertValidRowIndex(row=0, rowCount=1) - start
23:05:09.496 [main] DEBUG org.dbunit.dataset.AbstractTable - getColumnIndex(columnName=customer_id) - start
23:05:09.496 [main] DEBUG o.d.dataset.AbstractTableMetaData - getColumnIndex(columnName=customer_id) - start
23:05:09.498 [main] DEBUG org.dbunit.dataset.DefaultTable - getValue(row=0, column=date) - start
23:05:09.498 [main] DEBUG org.dbunit.dataset.AbstractTable - assertValidRowIndex(row=0) - start
23:05:09.498 [main] DEBUG org.dbunit.dataset.AbstractTable - assertValidRowIndex(row=0, rowCount=1) - start
23:05:09.498 [main] DEBUG org.dbunit.dataset.AbstractTable - getColumnIndex(columnName=date) - start
23:05:09.498 [main] DEBUG o.d.dataset.AbstractTableMetaData - getColumnIndex(columnName=date) - start
23:05:09.498 [main] DEBUG org.dbunit.dataset.DefaultTable - getValue(row=0, column=amount) - start
23:05:09.499 [main] DEBUG org.dbunit.dataset.AbstractTable - assertValidRowIndex(row=0) - start
23:05:09.499 [main] DEBUG org.dbunit.dataset.AbstractTable - assertValidRowIndex(row=0, rowCount=1) - start
23:05:09.499 [main] DEBUG org.dbunit.dataset.AbstractTable - getColumnIndex(columnName=amount) - start
23:05:09.499 [main] DEBUG o.d.dataset.AbstractTableMetaData - getColumnIndex(columnName=amount) - start
23:05:09.499 [main] DEBUG org.dbunit.dataset.DefaultTable - getValue(row=0, column=order_status) - start
23:05:09.501 [main] DEBUG org.dbunit.dataset.AbstractTable - assertValidRowIndex(row=0) - start
23:05:09.501 [main] DEBUG org.dbunit.dataset.AbstractTable - assertValidRowIndex(row=0, rowCount=1) - start
23:05:09.501 [main] DEBUG org.dbunit.dataset.AbstractTable - getColumnIndex(columnName=order_status) - start
23:05:09.501 [main] DEBUG o.d.dataset.AbstractTableMetaData - getColumnIndex(columnName=order_status) - start
23:05:09.501 [main] DEBUG org.dbunit.dataset.DefaultTable - getValue(row=0, column=discount_status) - start
23:05:09.503 [main] DEBUG org.dbunit.dataset.AbstractTable - assertValidRowIndex(row=0) - start
23:05:09.503 [main] DEBUG org.dbunit.dataset.AbstractTable - assertValidRowIndex(row=0, rowCount=1) - start
23:05:09.503 [main] DEBUG org.dbunit.dataset.AbstractTable - getColumnIndex(columnName=discount_status) - start
23:05:09.503 [main] DEBUG o.d.dataset.AbstractTableMetaData - getColumnIndex(columnName=discount_status) - start
23:05:09.503 [main] DEBUG org.dbunit.dataset.DefaultTable - getValue(row=1, column=order_number) - start
23:05:09.504 [main] DEBUG org.dbunit.dataset.AbstractTable - assertValidRowIndex(row=1) - start
23:05:09.504 [main] DEBUG org.dbunit.dataset.AbstractTable - assertValidRowIndex(row=1, rowCount=1) - start
23:05:09.504 [main] DEBUG o.dbunit.dataset.OrderedTableNameMap - getTableName(tableName=order_items) - start
23:05:09.504 [main] DEBUG o.dbunit.dataset.OrderedTableNameMap - getTableName(tableName=order_items) - end - result=ORDER_ITEMS
23:05:09.505 [main] DEBUG o.dbunit.dataset.OrderedTableNameMap - getTableName(tableName=order_items) - start
23:05:09.506 [main] DEBUG o.dbunit.dataset.OrderedTableNameMap - getTableName(tableName=order_items) - end - result=ORDER_ITEMS
23:05:09.506 [main] DEBUG o.dbunit.dataset.OrderedTableNameMap - setLastTable(nameorder_items) - start
23:05:09.506 [main] DEBUG o.dbunit.dataset.OrderedTableNameMap - getTableName(tableName=order_items) - start
23:05:09.506 [main] DEBUG o.dbunit.dataset.OrderedTableNameMap - getTableName(tableName=order_items) - end - result=ORDER_ITEMS
23:05:09.506 [main] DEBUG org.dbunit.dataset.CachedDataSet - startTable(metaData=tableName=order_items, columns=[(id, UNKNOWN, nullableUnknown), (order_order_number, UNKNOWN, nullableUnknown), (product_sku_number, UNKNOWN, nullableUnknown), (quantity, UNKNOWN, nullableUnknown)], keys=[]) - start
23:05:09.507 [main] DEBUG o.dbunit.dataset.OrderedTableNameMap - getLastTableName() - start
23:05:09.507 [main] DEBUG o.dbunit.dataset.OrderedTableNameMap - getTableName(tableName=order_items) - start
23:05:09.507 [main] DEBUG o.dbunit.dataset.OrderedTableNameMap - getTableName(tableName=order_items) - end - result=ORDER_ITEMS
23:05:09.507 [main] DEBUG o.d.dataset.AbstractTableMetaData - getColumnIndex(columnName=id) - start
23:05:09.507 [main] DEBUG o.d.dataset.AbstractTableMetaData - getColumnIndex(columnName=order_order_number) - start
23:05:09.509 [main] DEBUG o.d.dataset.AbstractTableMetaData - getColumnIndex(columnName=product_sku_number) - start
23:05:09.509 [main] DEBUG o.d.dataset.AbstractTableMetaData - getColumnIndex(columnName=quantity) - start
23:05:09.509 [main] DEBUG o.dbunit.dataset.OrderedTableNameMap - getLastTableName() - start
23:05:09.509 [main] DEBUG o.dbunit.dataset.OrderedTableNameMap - getTableName(tableName=order_items) - start
23:05:09.509 [main] DEBUG o.dbunit.dataset.OrderedTableNameMap - getTableName(tableName=order_items) - end - result=ORDER_ITEMS
23:05:09.511 [main] DEBUG org.dbunit.dataset.CachedDataSet - row(values=2) - start
23:05:09.511 [main] DEBUG org.dbunit.dataset.DefaultTable - addRow(values=2) - start
23:05:09.511 [main] DEBUG o.dbunit.dataset.xml.FlatXmlProducer - endElement(uri=, localName=, qName=order_items) - start
23:05:09.511 [main] DEBUG o.dbunit.dataset.xml.FlatXmlProducer - startElement(uri=, localName=, qName=order_items, attributes=org.apache.xerces.parsers.AbstractSAXParser$AttributesProxy@1033a6f) - start
23:05:09.511 [main] DEBUG o.dbunit.dataset.OrderedTableNameMap - getLastTableName() - start
23:05:09.513 [main] DEBUG o.dbunit.dataset.OrderedTableNameMap - getTableName(tableName=order_items) - start
23:05:09.513 [main] DEBUG o.dbunit.dataset.OrderedTableNameMap - getTableName(tableName=order_items) - end - result=ORDER_ITEMS
23:05:09.513 [main] DEBUG o.dbunit.dataset.OrderedTableNameMap - isLastTable(tableName=order_items) - start
23:05:09.513 [main] DEBUG o.dbunit.dataset.OrderedTableNameMap - getLastTableName() - start
23:05:09.513 [main] DEBUG o.dbunit.dataset.OrderedTableNameMap - getTableName(tableName=order_items) - start
23:05:09.515 [main] DEBUG o.dbunit.dataset.OrderedTableNameMap - getTableName(tableName=order_items) - end - result=ORDER_ITEMS
23:05:09.515 [main] DEBUG o.dbunit.dataset.OrderedTableNameMap - getTableName(tableName=order_items) - start
23:05:09.515 [main] DEBUG o.dbunit.dataset.OrderedTableNameMap - getTableName(tableName=order_items) - end - result=ORDER_ITEMS
23:05:09.515 [main] DEBUG o.dbunit.dataset.OrderedTableNameMap - getLastTableName() - start
23:05:09.515 [main] DEBUG o.dbunit.dataset.OrderedTableNameMap - getTableName(tableName=order_items) - start
23:05:09.517 [main] DEBUG o.dbunit.dataset.OrderedTableNameMap - getTableName(tableName=order_items) - end - result=ORDER_ITEMS
23:05:09.517 [main] DEBUG o.d.dataset.AbstractTableMetaData - getColumnIndex(columnName=id) - start
23:05:09.517 [main] DEBUG o.d.dataset.AbstractTableMetaData - getColumnIndex(columnName=order_order_number) - start
23:05:09.517 [main] DEBUG o.d.dataset.AbstractTableMetaData - getColumnIndex(columnName=product_sku_number) - start
23:05:09.517 [main] DEBUG o.d.dataset.AbstractTableMetaData - getColumnIndex(columnName=quantity) - start
23:05:09.518 [main] DEBUG o.dbunit.dataset.OrderedTableNameMap - getLastTableName() - start
23:05:09.518 [main] DEBUG o.dbunit.dataset.OrderedTableNameMap - getTableName(tableName=order_items) - start
23:05:09.518 [main] DEBUG o.dbunit.dataset.OrderedTableNameMap - getTableName(tableName=order_items) - end - result=ORDER_ITEMS
23:05:09.518 [main] DEBUG org.dbunit.dataset.CachedDataSet - row(values=3) - start
23:05:09.518 [main] DEBUG org.dbunit.dataset.DefaultTable - addRow(values=3) - start
23:05:09.518 [main] DEBUG o.dbunit.dataset.xml.FlatXmlProducer - endElement(uri=, localName=, qName=order_items) - start
23:05:09.522 [main] DEBUG o.dbunit.dataset.xml.FlatXmlProducer - startElement(uri=, localName=, qName=orders, attributes=org.apache.xerces.parsers.AbstractSAXParser$AttributesProxy@1033a6f) - start
23:05:09.522 [main] DEBUG o.dbunit.dataset.OrderedTableNameMap - getLastTableName() - start
23:05:09.522 [main] DEBUG o.dbunit.dataset.OrderedTableNameMap - getTableName(tableName=order_items) - start
23:05:09.522 [main] DEBUG o.dbunit.dataset.OrderedTableNameMap - getTableName(tableName=order_items) - end - result=ORDER_ITEMS
23:05:09.522 [main] DEBUG o.dbunit.dataset.OrderedTableNameMap - isLastTable(tableName=orders) - start
23:05:09.522 [main] DEBUG o.dbunit.dataset.OrderedTableNameMap - getLastTableName() - start
23:05:09.522 [main] DEBUG o.dbunit.dataset.OrderedTableNameMap - getTableName(tableName=order_items) - start
23:05:09.522 [main] DEBUG o.dbunit.dataset.OrderedTableNameMap - getTableName(tableName=order_items) - end - result=ORDER_ITEMS
23:05:09.522 [main] DEBUG o.dbunit.dataset.OrderedTableNameMap - getTableName(tableName=orders) - start
23:05:09.524 [main] DEBUG o.dbunit.dataset.OrderedTableNameMap - getTableName(tableName=orders) - end - result=ORDERS
23:05:09.524 [main] DEBUG org.dbunit.dataset.CachedDataSet - endTable() - start
23:05:09.524 [main] DEBUG o.dbunit.dataset.OrderedTableNameMap - getTableName(tableName=order_items) - start
23:05:09.524 [main] DEBUG o.dbunit.dataset.OrderedTableNameMap - getTableName(tableName=order_items) - end - result=ORDER_ITEMS
23:05:09.524 [main] DEBUG o.dbunit.dataset.OrderedTableNameMap - getTableName(tableName=order_items) - start
23:05:09.526 [main] DEBUG o.dbunit.dataset.OrderedTableNameMap - getTableName(tableName=order_items) - end - result=ORDER_ITEMS
23:05:09.526 [main] DEBUG org.dbunit.dataset.DefaultTable - addTableRows(table=org.dbunit.dataset.DefaultTable[_metaData=tableName=order_items, columns=[(id, UNKNOWN, nullableUnknown), (order_order_number, UNKNOWN, nullableUnknown), (product_sku_number, UNKNOWN, nullableUnknown), (quantity, UNKNOWN, nullableUnknown)], keys=[], _rowList.size()=2]) - start
23:05:09.526 [main] DEBUG org.dbunit.dataset.DefaultTable - getValue(row=0, column=id) - start
23:05:09.527 [main] DEBUG org.dbunit.dataset.AbstractTable - assertValidRowIndex(row=0) - start
23:05:09.527 [main] DEBUG org.dbunit.dataset.AbstractTable - assertValidRowIndex(row=0, rowCount=2) - start
23:05:09.527 [main] DEBUG org.dbunit.dataset.AbstractTable - getColumnIndex(columnName=id) - start
23:05:09.527 [main] DEBUG o.d.dataset.AbstractTableMetaData - getColumnIndex(columnName=id) - start
23:05:09.527 [main] DEBUG org.dbunit.dataset.DefaultTable - getValue(row=0, column=order_order_number) - start
23:05:09.529 [main] DEBUG org.dbunit.dataset.AbstractTable - assertValidRowIndex(row=0) - start
23:05:09.529 [main] DEBUG org.dbunit.dataset.AbstractTable - assertValidRowIndex(row=0, rowCount=2) - start
23:05:09.529 [main] DEBUG org.dbunit.dataset.AbstractTable - getColumnIndex(columnName=order_order_number) - start
23:05:09.529 [main] DEBUG o.d.dataset.AbstractTableMetaData - getColumnIndex(columnName=order_order_number) - start
23:05:09.529 [main] DEBUG org.dbunit.dataset.DefaultTable - getValue(row=0, column=product_sku_number) - start
23:05:09.530 [main] DEBUG org.dbunit.dataset.AbstractTable - assertValidRowIndex(row=0) - start
23:05:09.530 [main] DEBUG org.dbunit.dataset.AbstractTable - assertValidRowIndex(row=0, rowCount=2) - start
23:05:09.530 [main] DEBUG org.dbunit.dataset.AbstractTable - getColumnIndex(columnName=product_sku_number) - start
23:05:09.530 [main] DEBUG o.d.dataset.AbstractTableMetaData - getColumnIndex(columnName=product_sku_number) - start
23:05:09.530 [main] DEBUG org.dbunit.dataset.DefaultTable - getValue(row=0, column=quantity) - start
23:05:09.532 [main] DEBUG org.dbunit.dataset.AbstractTable - assertValidRowIndex(row=0) - start
23:05:09.532 [main] DEBUG org.dbunit.dataset.AbstractTable - assertValidRowIndex(row=0, rowCount=2) - start
23:05:09.532 [main] DEBUG org.dbunit.dataset.AbstractTable - getColumnIndex(columnName=quantity) - start
23:05:09.532 [main] DEBUG o.d.dataset.AbstractTableMetaData - getColumnIndex(columnName=quantity) - start
23:05:09.532 [main] DEBUG org.dbunit.dataset.DefaultTable - getValue(row=1, column=id) - start
23:05:09.534 [main] DEBUG org.dbunit.dataset.AbstractTable - assertValidRowIndex(row=1) - start
23:05:09.534 [main] DEBUG org.dbunit.dataset.AbstractTable - assertValidRowIndex(row=1, rowCount=2) - start
23:05:09.534 [main] DEBUG org.dbunit.dataset.AbstractTable - getColumnIndex(columnName=id) - start
23:05:09.534 [main] DEBUG o.d.dataset.AbstractTableMetaData - getColumnIndex(columnName=id) - start
23:05:09.534 [main] DEBUG org.dbunit.dataset.DefaultTable - getValue(row=1, column=order_order_number) - start
23:05:09.535 [main] DEBUG org.dbunit.dataset.AbstractTable - assertValidRowIndex(row=1) - start
23:05:09.535 [main] DEBUG org.dbunit.dataset.AbstractTable - assertValidRowIndex(row=1, rowCount=2) - start
23:05:09.535 [main] DEBUG org.dbunit.dataset.AbstractTable - getColumnIndex(columnName=order_order_number) - start
23:05:09.535 [main] DEBUG o.d.dataset.AbstractTableMetaData - getColumnIndex(columnName=order_order_number) - start
23:05:09.535 [main] DEBUG org.dbunit.dataset.DefaultTable - getValue(row=1, column=product_sku_number) - start
23:05:09.537 [main] DEBUG org.dbunit.dataset.AbstractTable - assertValidRowIndex(row=1) - start
23:05:09.537 [main] DEBUG org.dbunit.dataset.AbstractTable - assertValidRowIndex(row=1, rowCount=2) - start
23:05:09.537 [main] DEBUG org.dbunit.dataset.AbstractTable - getColumnIndex(columnName=product_sku_number) - start
23:05:09.537 [main] DEBUG o.d.dataset.AbstractTableMetaData - getColumnIndex(columnName=product_sku_number) - start
23:05:09.537 [main] DEBUG org.dbunit.dataset.DefaultTable - getValue(row=1, column=quantity) - start
23:05:09.538 [main] DEBUG org.dbunit.dataset.AbstractTable - assertValidRowIndex(row=1) - start
23:05:09.538 [main] DEBUG org.dbunit.dataset.AbstractTable - assertValidRowIndex(row=1, rowCount=2) - start
23:05:09.538 [main] DEBUG org.dbunit.dataset.AbstractTable - getColumnIndex(columnName=quantity) - start
23:05:09.538 [main] DEBUG o.d.dataset.AbstractTableMetaData - getColumnIndex(columnName=quantity) - start
23:05:09.538 [main] DEBUG org.dbunit.dataset.DefaultTable - getValue(row=2, column=id) - start
23:05:09.540 [main] DEBUG org.dbunit.dataset.AbstractTable - assertValidRowIndex(row=2) - start
23:05:09.540 [main] DEBUG org.dbunit.dataset.AbstractTable - assertValidRowIndex(row=2, rowCount=2) - start
23:05:09.540 [main] DEBUG o.dbunit.dataset.OrderedTableNameMap - getTableName(tableName=orders) - start
23:05:09.540 [main] DEBUG o.dbunit.dataset.OrderedTableNameMap - getTableName(tableName=orders) - end - result=ORDERS
23:05:09.540 [main] DEBUG o.dbunit.dataset.OrderedTableNameMap - getTableName(tableName=orders) - start
23:05:09.542 [main] DEBUG o.dbunit.dataset.OrderedTableNameMap - getTableName(tableName=orders) - end - result=ORDERS
23:05:09.542 [main] DEBUG o.dbunit.dataset.OrderedTableNameMap - setLastTable(nameorders) - start
23:05:09.542 [main] DEBUG o.dbunit.dataset.OrderedTableNameMap - getTableName(tableName=orders) - start
23:05:09.542 [main] DEBUG o.dbunit.dataset.OrderedTableNameMap - getTableName(tableName=orders) - end - result=ORDERS
23:05:09.542 [main] DEBUG org.dbunit.dataset.CachedDataSet - startTable(metaData=tableName=orders, columns=[(order_number, UNKNOWN, nullableUnknown), (customer_id, UNKNOWN, nullableUnknown), (date, UNKNOWN, nullableUnknown), (amount, UNKNOWN, nullableUnknown), (order_status, UNKNOWN, nullableUnknown), (discount_status, UNKNOWN, nullableUnknown)], keys=[]) - start
23:05:09.543 [main] DEBUG o.dbunit.dataset.OrderedTableNameMap - getLastTableName() - start
23:05:09.543 [main] DEBUG o.dbunit.dataset.OrderedTableNameMap - getTableName(tableName=orders) - start
23:05:09.543 [main] DEBUG o.dbunit.dataset.OrderedTableNameMap - getTableName(tableName=orders) - end - result=ORDERS
23:05:09.543 [main] DEBUG o.d.dataset.AbstractTableMetaData - getColumnIndex(columnName=order_number) - start
23:05:09.543 [main] DEBUG o.d.dataset.AbstractTableMetaData - getColumnIndex(columnName=customer_id) - start
23:05:09.545 [main] DEBUG o.d.dataset.AbstractTableMetaData - getColumnIndex(columnName=date) - start
23:05:09.545 [main] DEBUG o.d.dataset.AbstractTableMetaData - getColumnIndex(columnName=amount) - start
23:05:09.545 [main] DEBUG o.d.dataset.AbstractTableMetaData - getColumnIndex(columnName=order_status) - start
23:05:09.545 [main] DEBUG o.d.dataset.AbstractTableMetaData - getColumnIndex(columnName=discount_status) - start
23:05:09.545 [main] DEBUG o.dbunit.dataset.OrderedTableNameMap - getLastTableName() - start
23:05:09.547 [main] DEBUG o.dbunit.dataset.OrderedTableNameMap - getTableName(tableName=orders) - start
23:05:09.547 [main] DEBUG o.dbunit.dataset.OrderedTableNameMap - getTableName(tableName=orders) - end - result=ORDERS
23:05:09.547 [main] DEBUG org.dbunit.dataset.CachedDataSet - row(values=3) - start
23:05:09.547 [main] DEBUG org.dbunit.dataset.DefaultTable - addRow(values=3) - start
23:05:09.547 [main] DEBUG o.dbunit.dataset.xml.FlatXmlProducer - endElement(uri=, localName=, qName=orders) - start
23:05:09.547 [main] DEBUG o.dbunit.dataset.xml.FlatXmlProducer - startElement(uri=, localName=, qName=order_items, attributes=org.apache.xerces.parsers.AbstractSAXParser$AttributesProxy@1033a6f) - start
23:05:09.548 [main] DEBUG o.dbunit.dataset.OrderedTableNameMap - getLastTableName() - start
23:05:09.548 [main] DEBUG o.dbunit.dataset.OrderedTableNameMap - getTableName(tableName=orders) - start
23:05:09.548 [main] DEBUG o.dbunit.dataset.OrderedTableNameMap - getTableName(tableName=orders) - end - result=ORDERS
23:05:09.548 [main] DEBUG o.dbunit.dataset.OrderedTableNameMap - isLastTable(tableName=order_items) - start
23:05:09.548 [main] DEBUG o.dbunit.dataset.OrderedTableNameMap - getLastTableName() - start
23:05:09.550 [main] DEBUG o.dbunit.dataset.OrderedTableNameMap - getTableName(tableName=orders) - start
23:05:09.550 [main] DEBUG o.dbunit.dataset.OrderedTableNameMap - getTableName(tableName=orders) - end - result=ORDERS
23:05:09.550 [main] DEBUG o.dbunit.dataset.OrderedTableNameMap - getTableName(tableName=order_items) - start
23:05:09.550 [main] DEBUG o.dbunit.dataset.OrderedTableNameMap - getTableName(tableName=order_items) - end - result=ORDER_ITEMS
23:05:09.550 [main] DEBUG org.dbunit.dataset.CachedDataSet - endTable() - start
23:05:09.553 [main] DEBUG o.dbunit.dataset.OrderedTableNameMap - getTableName(tableName=orders) - start
23:05:09.553 [main] DEBUG o.dbunit.dataset.OrderedTableNameMap - getTableName(tableName=orders) - end - result=ORDERS
23:05:09.553 [main] DEBUG o.dbunit.dataset.OrderedTableNameMap - getTableName(tableName=orders) - start
23:05:09.553 [main] DEBUG o.dbunit.dataset.OrderedTableNameMap - getTableName(tableName=orders) - end - result=ORDERS
23:05:09.553 [main] DEBUG org.dbunit.dataset.DefaultTable - addTableRows(table=org.dbunit.dataset.DefaultTable[_metaData=tableName=orders, columns=[(order_number, UNKNOWN, nullableUnknown), (customer_id, UNKNOWN, nullableUnknown), (date, UNKNOWN, nullableUnknown), (amount, UNKNOWN, nullableUnknown), (order_status, UNKNOWN, nullableUnknown), (discount_status, UNKNOWN, nullableUnknown)], keys=[], _rowList.size()=1]) - start
23:05:09.557 [main] DEBUG org.dbunit.dataset.DefaultTable - getValue(row=0, column=order_number) - start
23:05:09.557 [main] DEBUG org.dbunit.dataset.AbstractTable - assertValidRowIndex(row=0) - start
23:05:09.557 [main] DEBUG org.dbunit.dataset.AbstractTable - assertValidRowIndex(row=0, rowCount=1) - start
23:05:09.557 [main] DEBUG org.dbunit.dataset.AbstractTable - getColumnIndex(columnName=order_number) - start
23:05:09.557 [main] DEBUG o.d.dataset.AbstractTableMetaData - getColumnIndex(columnName=order_number) - start
23:05:09.558 [main] DEBUG org.dbunit.dataset.DefaultTable - getValue(row=0, column=customer_id) - start
23:05:09.558 [main] DEBUG org.dbunit.dataset.AbstractTable - assertValidRowIndex(row=0) - start
23:05:09.558 [main] DEBUG org.dbunit.dataset.AbstractTable - assertValidRowIndex(row=0, rowCount=1) - start
23:05:09.558 [main] DEBUG org.dbunit.dataset.AbstractTable - getColumnIndex(columnName=customer_id) - start
23:05:09.558 [main] DEBUG o.d.dataset.AbstractTableMetaData - getColumnIndex(columnName=customer_id) - start
23:05:09.560 [main] DEBUG org.dbunit.dataset.DefaultTable - getValue(row=0, column=date) - start
23:05:09.560 [main] DEBUG org.dbunit.dataset.AbstractTable - assertValidRowIndex(row=0) - start
23:05:09.560 [main] DEBUG org.dbunit.dataset.AbstractTable - assertValidRowIndex(row=0, rowCount=1) - start
23:05:09.560 [main] DEBUG org.dbunit.dataset.AbstractTable - getColumnIndex(columnName=date) - start
23:05:09.561 [main] DEBUG o.d.dataset.AbstractTableMetaData - getColumnIndex(columnName=date) - start
23:05:09.561 [main] DEBUG org.dbunit.dataset.DefaultTable - getValue(row=0, column=amount) - start
23:05:09.562 [main] DEBUG org.dbunit.dataset.AbstractTable - assertValidRowIndex(row=0) - start
23:05:09.562 [main] DEBUG org.dbunit.dataset.AbstractTable - assertValidRowIndex(row=0, rowCount=1) - start
23:05:09.562 [main] DEBUG org.dbunit.dataset.AbstractTable - getColumnIndex(columnName=amount) - start
23:05:09.562 [main] DEBUG o.d.dataset.AbstractTableMetaData - getColumnIndex(columnName=amount) - start
23:05:09.562 [main] DEBUG org.dbunit.dataset.DefaultTable - getValue(row=0, column=order_status) - start
23:05:09.564 [main] DEBUG org.dbunit.dataset.AbstractTable - assertValidRowIndex(row=0) - start
23:05:09.564 [main] DEBUG org.dbunit.dataset.AbstractTable - assertValidRowIndex(row=0, rowCount=1) - start
23:05:09.564 [main] DEBUG org.dbunit.dataset.AbstractTable - getColumnIndex(columnName=order_status) - start
23:05:09.564 [main] DEBUG o.d.dataset.AbstractTableMetaData - getColumnIndex(columnName=order_status) - start
23:05:09.564 [main] DEBUG org.dbunit.dataset.DefaultTable - getValue(row=0, column=discount_status) - start
23:05:09.565 [main] DEBUG org.dbunit.dataset.AbstractTable - assertValidRowIndex(row=0) - start
23:05:09.565 [main] DEBUG org.dbunit.dataset.AbstractTable - assertValidRowIndex(row=0, rowCount=1) - start
23:05:09.566 [main] DEBUG org.dbunit.dataset.AbstractTable - getColumnIndex(columnName=discount_status) - start
23:05:09.566 [main] DEBUG o.d.dataset.AbstractTableMetaData - getColumnIndex(columnName=discount_status) - start
23:05:09.566 [main] DEBUG org.dbunit.dataset.DefaultTable - getValue(row=1, column=order_number) - start
23:05:09.567 [main] DEBUG org.dbunit.dataset.AbstractTable - assertValidRowIndex(row=1) - start
23:05:09.567 [main] DEBUG org.dbunit.dataset.AbstractTable - assertValidRowIndex(row=1, rowCount=1) - start
23:05:09.567 [main] DEBUG o.dbunit.dataset.OrderedTableNameMap - getTableName(tableName=order_items) - start
23:05:09.567 [main] DEBUG o.dbunit.dataset.OrderedTableNameMap - getTableName(tableName=order_items) - end - result=ORDER_ITEMS
23:05:09.567 [main] DEBUG o.dbunit.dataset.OrderedTableNameMap - getTableName(tableName=order_items) - start
23:05:09.569 [main] DEBUG o.dbunit.dataset.OrderedTableNameMap - getTableName(tableName=order_items) - end - result=ORDER_ITEMS
23:05:09.569 [main] DEBUG o.dbunit.dataset.OrderedTableNameMap - setLastTable(nameorder_items) - start
23:05:09.569 [main] DEBUG o.dbunit.dataset.OrderedTableNameMap - getTableName(tableName=order_items) - start
23:05:09.569 [main] DEBUG o.dbunit.dataset.OrderedTableNameMap - getTableName(tableName=order_items) - end - result=ORDER_ITEMS
23:05:09.569 [main] DEBUG org.dbunit.dataset.CachedDataSet - startTable(metaData=tableName=order_items, columns=[(id, UNKNOWN, nullableUnknown), (order_order_number, UNKNOWN, nullableUnknown), (product_sku_number, UNKNOWN, nullableUnknown), (quantity, UNKNOWN, nullableUnknown)], keys=[]) - start
23:05:09.570 [main] DEBUG o.dbunit.dataset.OrderedTableNameMap - getLastTableName() - start
23:05:09.570 [main] DEBUG o.dbunit.dataset.OrderedTableNameMap - getTableName(tableName=order_items) - start
23:05:09.570 [main] DEBUG o.dbunit.dataset.OrderedTableNameMap - getTableName(tableName=order_items) - end - result=ORDER_ITEMS
23:05:09.570 [main] DEBUG o.d.dataset.AbstractTableMetaData - getColumnIndex(columnName=id) - start
23:05:09.570 [main] DEBUG o.d.dataset.AbstractTableMetaData - getColumnIndex(columnName=order_order_number) - start
23:05:09.572 [main] DEBUG o.d.dataset.AbstractTableMetaData - getColumnIndex(columnName=product_sku_number) - start
23:05:09.572 [main] DEBUG o.d.dataset.AbstractTableMetaData - getColumnIndex(columnName=quantity) - start
23:05:09.572 [main] DEBUG o.dbunit.dataset.OrderedTableNameMap - getLastTableName() - start
23:05:09.572 [main] DEBUG o.dbunit.dataset.OrderedTableNameMap - getTableName(tableName=order_items) - start
23:05:09.572 [main] DEBUG o.dbunit.dataset.OrderedTableNameMap - getTableName(tableName=order_items) - end - result=ORDER_ITEMS
23:05:09.574 [main] DEBUG org.dbunit.dataset.CachedDataSet - row(values=4) - start
23:05:09.574 [main] DEBUG org.dbunit.dataset.DefaultTable - addRow(values=4) - start
23:05:09.574 [main] DEBUG o.dbunit.dataset.xml.FlatXmlProducer - endElement(uri=, localName=, qName=order_items) - start
23:05:09.574 [main] DEBUG o.dbunit.dataset.xml.FlatXmlProducer - startElement(uri=, localName=, qName=orders, attributes=org.apache.xerces.parsers.AbstractSAXParser$AttributesProxy@1033a6f) - start
23:05:09.574 [main] DEBUG o.dbunit.dataset.OrderedTableNameMap - getLastTableName() - start
23:05:09.576 [main] DEBUG o.dbunit.dataset.OrderedTableNameMap - getTableName(tableName=order_items) - start
23:05:09.576 [main] DEBUG o.dbunit.dataset.OrderedTableNameMap - getTableName(tableName=order_items) - end - result=ORDER_ITEMS
23:05:09.576 [main] DEBUG o.dbunit.dataset.OrderedTableNameMap - isLastTable(tableName=orders) - start
23:05:09.576 [main] DEBUG o.dbunit.dataset.OrderedTableNameMap - getLastTableName() - start
23:05:09.576 [main] DEBUG o.dbunit.dataset.OrderedTableNameMap - getTableName(tableName=order_items) - start
23:05:09.578 [main] DEBUG o.dbunit.dataset.OrderedTableNameMap - getTableName(tableName=order_items) - end - result=ORDER_ITEMS
23:05:09.578 [main] DEBUG o.dbunit.dataset.OrderedTableNameMap - getTableName(tableName=orders) - start
23:05:09.578 [main] DEBUG o.dbunit.dataset.OrderedTableNameMap - getTableName(tableName=orders) - end - result=ORDERS
23:05:09.578 [main] DEBUG org.dbunit.dataset.CachedDataSet - endTable() - start
23:05:09.578 [main] DEBUG o.dbunit.dataset.OrderedTableNameMap - getTableName(tableName=order_items) - start
23:05:09.579 [main] DEBUG o.dbunit.dataset.OrderedTableNameMap - getTableName(tableName=order_items) - end - result=ORDER_ITEMS
23:05:09.579 [main] DEBUG o.dbunit.dataset.OrderedTableNameMap - getTableName(tableName=order_items) - start
23:05:09.579 [main] DEBUG o.dbunit.dataset.OrderedTableNameMap - getTableName(tableName=order_items) - end - result=ORDER_ITEMS
23:05:09.579 [main] DEBUG org.dbunit.dataset.DefaultTable - addTableRows(table=org.dbunit.dataset.DefaultTable[_metaData=tableName=order_items, columns=[(id, UNKNOWN, nullableUnknown), (order_order_number, UNKNOWN, nullableUnknown), (product_sku_number, UNKNOWN, nullableUnknown), (quantity, UNKNOWN, nullableUnknown)], keys=[], _rowList.size()=1]) - start
23:05:09.581 [main] DEBUG org.dbunit.dataset.DefaultTable - getValue(row=0, column=id) - start
23:05:09.581 [main] DEBUG org.dbunit.dataset.AbstractTable - assertValidRowIndex(row=0) - start
23:05:09.581 [main] DEBUG org.dbunit.dataset.AbstractTable - assertValidRowIndex(row=0, rowCount=1) - start
23:05:09.581 [main] DEBUG org.dbunit.dataset.AbstractTable - getColumnIndex(columnName=id) - start
23:05:09.581 [main] DEBUG o.d.dataset.AbstractTableMetaData - getColumnIndex(columnName=id) - start
23:05:09.581 [main] DEBUG org.dbunit.dataset.DefaultTable - getValue(row=0, column=order_order_number) - start
23:05:09.582 [main] DEBUG org.dbunit.dataset.AbstractTable - assertValidRowIndex(row=0) - start
23:05:09.582 [main] DEBUG org.dbunit.dataset.AbstractTable - assertValidRowIndex(row=0, rowCount=1) - start
23:05:09.582 [main] DEBUG org.dbunit.dataset.AbstractTable - getColumnIndex(columnName=order_order_number) - start
23:05:09.582 [main] DEBUG o.d.dataset.AbstractTableMetaData - getColumnIndex(columnName=order_order_number) - start
23:05:09.582 [main] DEBUG org.dbunit.dataset.DefaultTable - getValue(row=0, column=product_sku_number) - start
23:05:09.585 [main] DEBUG org.dbunit.dataset.AbstractTable - assertValidRowIndex(row=0) - start
23:05:09.585 [main] DEBUG org.dbunit.dataset.AbstractTable - assertValidRowIndex(row=0, rowCount=1) - start
23:05:09.585 [main] DEBUG org.dbunit.dataset.AbstractTable - getColumnIndex(columnName=product_sku_number) - start
23:05:09.585 [main] DEBUG o.d.dataset.AbstractTableMetaData - getColumnIndex(columnName=product_sku_number) - start
23:05:09.585 [main] DEBUG org.dbunit.dataset.DefaultTable - getValue(row=0, column=quantity) - start
23:05:09.586 [main] DEBUG org.dbunit.dataset.AbstractTable - assertValidRowIndex(row=0) - start
23:05:09.586 [main] DEBUG org.dbunit.dataset.AbstractTable - assertValidRowIndex(row=0, rowCount=1) - start
23:05:09.586 [main] DEBUG org.dbunit.dataset.AbstractTable - getColumnIndex(columnName=quantity) - start
23:05:09.586 [main] DEBUG o.d.dataset.AbstractTableMetaData - getColumnIndex(columnName=quantity) - start
23:05:09.586 [main] DEBUG org.dbunit.dataset.DefaultTable - getValue(row=1, column=id) - start
23:05:09.588 [main] DEBUG org.dbunit.dataset.AbstractTable - assertValidRowIndex(row=1) - start
23:05:09.588 [main] DEBUG org.dbunit.dataset.AbstractTable - assertValidRowIndex(row=1, rowCount=1) - start
23:05:09.588 [main] DEBUG o.dbunit.dataset.OrderedTableNameMap - getTableName(tableName=orders) - start
23:05:09.588 [main] DEBUG o.dbunit.dataset.OrderedTableNameMap - getTableName(tableName=orders) - end - result=ORDERS
23:05:09.588 [main] DEBUG o.dbunit.dataset.OrderedTableNameMap - getTableName(tableName=orders) - start
23:05:09.589 [main] DEBUG o.dbunit.dataset.OrderedTableNameMap - getTableName(tableName=orders) - end - result=ORDERS
23:05:09.589 [main] DEBUG o.dbunit.dataset.OrderedTableNameMap - setLastTable(nameorders) - start
23:05:09.589 [main] DEBUG o.dbunit.dataset.OrderedTableNameMap - getTableName(tableName=orders) - start
23:05:09.589 [main] DEBUG o.dbunit.dataset.OrderedTableNameMap - getTableName(tableName=orders) - end - result=ORDERS
23:05:09.589 [main] DEBUG org.dbunit.dataset.CachedDataSet - startTable(metaData=tableName=orders, columns=[(order_number, UNKNOWN, nullableUnknown), (customer_id, UNKNOWN, nullableUnknown), (date, UNKNOWN, nullableUnknown), (amount, UNKNOWN, nullableUnknown), (order_status, UNKNOWN, nullableUnknown), (discount_status, UNKNOWN, nullableUnknown)], keys=[]) - start
23:05:09.591 [main] DEBUG o.dbunit.dataset.OrderedTableNameMap - getLastTableName() - start
23:05:09.591 [main] DEBUG o.dbunit.dataset.OrderedTableNameMap - getTableName(tableName=orders) - start
23:05:09.591 [main] DEBUG o.dbunit.dataset.OrderedTableNameMap - getTableName(tableName=orders) - end - result=ORDERS
23:05:09.591 [main] DEBUG o.d.dataset.AbstractTableMetaData - getColumnIndex(columnName=order_number) - start
23:05:09.591 [main] DEBUG o.d.dataset.AbstractTableMetaData - getColumnIndex(columnName=customer_id) - start
23:05:09.594 [main] DEBUG o.d.dataset.AbstractTableMetaData - getColumnIndex(columnName=date) - start
23:05:09.594 [main] DEBUG o.d.dataset.AbstractTableMetaData - getColumnIndex(columnName=amount) - start
23:05:09.594 [main] DEBUG o.d.dataset.AbstractTableMetaData - getColumnIndex(columnName=order_status) - start
23:05:09.594 [main] DEBUG o.d.dataset.AbstractTableMetaData - getColumnIndex(columnName=discount_status) - start
23:05:09.594 [main] DEBUG o.dbunit.dataset.OrderedTableNameMap - getLastTableName() - start
23:05:09.595 [main] DEBUG o.dbunit.dataset.OrderedTableNameMap - getTableName(tableName=orders) - start
23:05:09.595 [main] DEBUG o.dbunit.dataset.OrderedTableNameMap - getTableName(tableName=orders) - end - result=ORDERS
23:05:09.595 [main] DEBUG org.dbunit.dataset.CachedDataSet - row(values=4) - start
23:05:09.595 [main] DEBUG org.dbunit.dataset.DefaultTable - addRow(values=4) - start
23:05:09.595 [main] DEBUG o.dbunit.dataset.xml.FlatXmlProducer - endElement(uri=, localName=, qName=orders) - start
23:05:09.595 [main] DEBUG o.dbunit.dataset.xml.FlatXmlProducer - startElement(uri=, localName=, qName=order_items, attributes=org.apache.xerces.parsers.AbstractSAXParser$AttributesProxy@1033a6f) - start
23:05:09.597 [main] DEBUG o.dbunit.dataset.OrderedTableNameMap - getLastTableName() - start
23:05:09.597 [main] DEBUG o.dbunit.dataset.OrderedTableNameMap - getTableName(tableName=orders) - start
23:05:09.597 [main] DEBUG o.dbunit.dataset.OrderedTableNameMap - getTableName(tableName=orders) - end - result=ORDERS
23:05:09.597 [main] DEBUG o.dbunit.dataset.OrderedTableNameMap - isLastTable(tableName=order_items) - start
23:05:09.597 [main] DEBUG o.dbunit.dataset.OrderedTableNameMap - getLastTableName() - start
23:05:09.598 [main] DEBUG o.dbunit.dataset.OrderedTableNameMap - getTableName(tableName=orders) - start
23:05:09.599 [main] DEBUG o.dbunit.dataset.OrderedTableNameMap - getTableName(tableName=orders) - end - result=ORDERS
23:05:09.599 [main] DEBUG o.dbunit.dataset.OrderedTableNameMap - getTableName(tableName=order_items) - start
23:05:09.599 [main] DEBUG o.dbunit.dataset.OrderedTableNameMap - getTableName(tableName=order_items) - end - result=ORDER_ITEMS
23:05:09.599 [main] DEBUG org.dbunit.dataset.CachedDataSet - endTable() - start
23:05:09.601 [main] DEBUG o.dbunit.dataset.OrderedTableNameMap - getTableName(tableName=orders) - start
23:05:09.601 [main] DEBUG o.dbunit.dataset.OrderedTableNameMap - getTableName(tableName=orders) - end - result=ORDERS
23:05:09.601 [main] DEBUG o.dbunit.dataset.OrderedTableNameMap - getTableName(tableName=orders) - start
23:05:09.601 [main] DEBUG o.dbunit.dataset.OrderedTableNameMap - getTableName(tableName=orders) - end - result=ORDERS
23:05:09.601 [main] DEBUG org.dbunit.dataset.DefaultTable - addTableRows(table=org.dbunit.dataset.DefaultTable[_metaData=tableName=orders, columns=[(order_number, UNKNOWN, nullableUnknown), (customer_id, UNKNOWN, nullableUnknown), (date, UNKNOWN, nullableUnknown), (amount, UNKNOWN, nullableUnknown), (order_status, UNKNOWN, nullableUnknown), (discount_status, UNKNOWN, nullableUnknown)], keys=[], _rowList.size()=1]) - start
23:05:09.602 [main] DEBUG org.dbunit.dataset.DefaultTable - getValue(row=0, column=order_number) - start
23:05:09.602 [main] DEBUG org.dbunit.dataset.AbstractTable - assertValidRowIndex(row=0) - start
23:05:09.602 [main] DEBUG org.dbunit.dataset.AbstractTable - assertValidRowIndex(row=0, rowCount=1) - start
23:05:09.602 [main] DEBUG org.dbunit.dataset.AbstractTable - getColumnIndex(columnName=order_number) - start
23:05:09.602 [main] DEBUG o.d.dataset.AbstractTableMetaData - getColumnIndex(columnName=order_number) - start
23:05:09.604 [main] DEBUG org.dbunit.dataset.DefaultTable - getValue(row=0, column=customer_id) - start
23:05:09.604 [main] DEBUG org.dbunit.dataset.AbstractTable - assertValidRowIndex(row=0) - start
23:05:09.604 [main] DEBUG org.dbunit.dataset.AbstractTable - assertValidRowIndex(row=0, rowCount=1) - start
23:05:09.604 [main] DEBUG org.dbunit.dataset.AbstractTable - getColumnIndex(columnName=customer_id) - start
23:05:09.604 [main] DEBUG o.d.dataset.AbstractTableMetaData - getColumnIndex(columnName=customer_id) - start
23:05:09.606 [main] DEBUG org.dbunit.dataset.DefaultTable - getValue(row=0, column=date) - start
23:05:09.606 [main] DEBUG org.dbunit.dataset.AbstractTable - assertValidRowIndex(row=0) - start
23:05:09.606 [main] DEBUG org.dbunit.dataset.AbstractTable - assertValidRowIndex(row=0, rowCount=1) - start
23:05:09.606 [main] DEBUG org.dbunit.dataset.AbstractTable - getColumnIndex(columnName=date) - start
23:05:09.606 [main] DEBUG o.d.dataset.AbstractTableMetaData - getColumnIndex(columnName=date) - start
23:05:09.606 [main] DEBUG org.dbunit.dataset.DefaultTable - getValue(row=0, column=amount) - start
23:05:09.608 [main] DEBUG org.dbunit.dataset.AbstractTable - assertValidRowIndex(row=0) - start
23:05:09.608 [main] DEBUG org.dbunit.dataset.AbstractTable - assertValidRowIndex(row=0, rowCount=1) - start
23:05:09.608 [main] DEBUG org.dbunit.dataset.AbstractTable - getColumnIndex(columnName=amount) - start
23:05:09.608 [main] DEBUG o.d.dataset.AbstractTableMetaData - getColumnIndex(columnName=amount) - start
23:05:09.608 [main] DEBUG org.dbunit.dataset.DefaultTable - getValue(row=0, column=order_status) - start
23:05:09.610 [main] DEBUG org.dbunit.dataset.AbstractTable - assertValidRowIndex(row=0) - start
23:05:09.610 [main] DEBUG org.dbunit.dataset.AbstractTable - assertValidRowIndex(row=0, rowCount=1) - start
23:05:09.610 [main] DEBUG org.dbunit.dataset.AbstractTable - getColumnIndex(columnName=order_status) - start
23:05:09.610 [main] DEBUG o.d.dataset.AbstractTableMetaData - getColumnIndex(columnName=order_status) - start
23:05:09.610 [main] DEBUG org.dbunit.dataset.DefaultTable - getValue(row=0, column=discount_status) - start
23:05:09.611 [main] DEBUG org.dbunit.dataset.AbstractTable - assertValidRowIndex(row=0) - start
23:05:09.611 [main] DEBUG org.dbunit.dataset.AbstractTable - assertValidRowIndex(row=0, rowCount=1) - start
23:05:09.611 [main] DEBUG org.dbunit.dataset.AbstractTable - getColumnIndex(columnName=discount_status) - start
23:05:09.611 [main] DEBUG o.d.dataset.AbstractTableMetaData - getColumnIndex(columnName=discount_status) - start
23:05:09.611 [main] DEBUG org.dbunit.dataset.DefaultTable - getValue(row=1, column=order_number) - start
23:05:09.613 [main] DEBUG org.dbunit.dataset.AbstractTable - assertValidRowIndex(row=1) - start
23:05:09.613 [main] DEBUG org.dbunit.dataset.AbstractTable - assertValidRowIndex(row=1, rowCount=1) - start
23:05:09.613 [main] DEBUG o.dbunit.dataset.OrderedTableNameMap - getTableName(tableName=order_items) - start
23:05:09.613 [main] DEBUG o.dbunit.dataset.OrderedTableNameMap - getTableName(tableName=order_items) - end - result=ORDER_ITEMS
23:05:09.613 [main] DEBUG o.dbunit.dataset.OrderedTableNameMap - getTableName(tableName=order_items) - start
23:05:09.614 [main] DEBUG o.dbunit.dataset.OrderedTableNameMap - getTableName(tableName=order_items) - end - result=ORDER_ITEMS
23:05:09.614 [main] DEBUG o.dbunit.dataset.OrderedTableNameMap - setLastTable(nameorder_items) - start
23:05:09.614 [main] DEBUG o.dbunit.dataset.OrderedTableNameMap - getTableName(tableName=order_items) - start
23:05:09.614 [main] DEBUG o.dbunit.dataset.OrderedTableNameMap - getTableName(tableName=order_items) - end - result=ORDER_ITEMS
23:05:09.614 [main] DEBUG org.dbunit.dataset.CachedDataSet - startTable(metaData=tableName=order_items, columns=[(id, UNKNOWN, nullableUnknown), (order_order_number, UNKNOWN, nullableUnknown), (product_sku_number, UNKNOWN, nullableUnknown), (quantity, UNKNOWN, nullableUnknown)], keys=[]) - start
23:05:09.616 [main] DEBUG o.dbunit.dataset.OrderedTableNameMap - getLastTableName() - start
23:05:09.616 [main] DEBUG o.dbunit.dataset.OrderedTableNameMap - getTableName(tableName=order_items) - start
23:05:09.616 [main] DEBUG o.dbunit.dataset.OrderedTableNameMap - getTableName(tableName=order_items) - end - result=ORDER_ITEMS
23:05:09.616 [main] DEBUG o.d.dataset.AbstractTableMetaData - getColumnIndex(columnName=id) - start
23:05:09.616 [main] DEBUG o.d.dataset.AbstractTableMetaData - getColumnIndex(columnName=order_order_number) - start
23:05:09.618 [main] DEBUG o.d.dataset.AbstractTableMetaData - getColumnIndex(columnName=product_sku_number) - start
23:05:09.618 [main] DEBUG o.d.dataset.AbstractTableMetaData - getColumnIndex(columnName=quantity) - start
23:05:09.618 [main] DEBUG o.dbunit.dataset.OrderedTableNameMap - getLastTableName() - start
23:05:09.618 [main] DEBUG o.dbunit.dataset.OrderedTableNameMap - getTableName(tableName=order_items) - start
23:05:09.618 [main] DEBUG o.dbunit.dataset.OrderedTableNameMap - getTableName(tableName=order_items) - end - result=ORDER_ITEMS
23:05:09.620 [main] DEBUG org.dbunit.dataset.CachedDataSet - row(values=5) - start
23:05:09.620 [main] DEBUG org.dbunit.dataset.DefaultTable - addRow(values=5) - start
23:05:09.620 [main] DEBUG o.dbunit.dataset.xml.FlatXmlProducer - endElement(uri=, localName=, qName=order_items) - start
23:05:09.620 [main] DEBUG o.dbunit.dataset.xml.FlatXmlProducer - startElement(uri=, localName=, qName=orders, attributes=org.apache.xerces.parsers.AbstractSAXParser$AttributesProxy@1033a6f) - start
23:05:09.620 [main] DEBUG o.dbunit.dataset.OrderedTableNameMap - getLastTableName() - start
23:05:09.621 [main] DEBUG o.dbunit.dataset.OrderedTableNameMap - getTableName(tableName=order_items) - start
23:05:09.621 [main] DEBUG o.dbunit.dataset.OrderedTableNameMap - getTableName(tableName=order_items) - end - result=ORDER_ITEMS
23:05:09.621 [main] DEBUG o.dbunit.dataset.OrderedTableNameMap - isLastTable(tableName=orders) - start
23:05:09.621 [main] DEBUG o.dbunit.dataset.OrderedTableNameMap - getLastTableName() - start
23:05:09.621 [main] DEBUG o.dbunit.dataset.OrderedTableNameMap - getTableName(tableName=order_items) - start
23:05:09.623 [main] DEBUG o.dbunit.dataset.OrderedTableNameMap - getTableName(tableName=order_items) - end - result=ORDER_ITEMS
23:05:09.623 [main] DEBUG o.dbunit.dataset.OrderedTableNameMap - getTableName(tableName=orders) - start
23:05:09.623 [main] DEBUG o.dbunit.dataset.OrderedTableNameMap - getTableName(tableName=orders) - end - result=ORDERS
23:05:09.623 [main] DEBUG org.dbunit.dataset.CachedDataSet - endTable() - start
23:05:09.623 [main] DEBUG o.dbunit.dataset.OrderedTableNameMap - getTableName(tableName=order_items) - start
23:05:09.625 [main] DEBUG o.dbunit.dataset.OrderedTableNameMap - getTableName(tableName=order_items) - end - result=ORDER_ITEMS
23:05:09.625 [main] DEBUG o.dbunit.dataset.OrderedTableNameMap - getTableName(tableName=order_items) - start
23:05:09.625 [main] DEBUG o.dbunit.dataset.OrderedTableNameMap - getTableName(tableName=order_items) - end - result=ORDER_ITEMS
23:05:09.625 [main] DEBUG org.dbunit.dataset.DefaultTable - addTableRows(table=org.dbunit.dataset.DefaultTable[_metaData=tableName=order_items, columns=[(id, UNKNOWN, nullableUnknown), (order_order_number, UNKNOWN, nullableUnknown), (product_sku_number, UNKNOWN, nullableUnknown), (quantity, UNKNOWN, nullableUnknown)], keys=[], _rowList.size()=1]) - start
23:05:09.627 [main] DEBUG org.dbunit.dataset.DefaultTable - getValue(row=0, column=id) - start
23:05:09.628 [main] DEBUG org.dbunit.dataset.AbstractTable - assertValidRowIndex(row=0) - start
23:05:09.628 [main] DEBUG org.dbunit.dataset.AbstractTable - assertValidRowIndex(row=0, rowCount=1) - start
23:05:09.628 [main] DEBUG org.dbunit.dataset.AbstractTable - getColumnIndex(columnName=id) - start
23:05:09.628 [main] DEBUG o.d.dataset.AbstractTableMetaData - getColumnIndex(columnName=id) - start
23:05:09.628 [main] DEBUG org.dbunit.dataset.DefaultTable - getValue(row=0, column=order_order_number) - start
23:05:09.628 [main] DEBUG org.dbunit.dataset.AbstractTable - assertValidRowIndex(row=0) - start
23:05:09.628 [main] DEBUG org.dbunit.dataset.AbstractTable - assertValidRowIndex(row=0, rowCount=1) - start
23:05:09.628 [main] DEBUG org.dbunit.dataset.AbstractTable - getColumnIndex(columnName=order_order_number) - start
23:05:09.628 [main] DEBUG o.d.dataset.AbstractTableMetaData - getColumnIndex(columnName=order_order_number) - start
23:05:09.628 [main] DEBUG org.dbunit.dataset.DefaultTable - getValue(row=0, column=product_sku_number) - start
23:05:09.631 [main] DEBUG org.dbunit.dataset.AbstractTable - assertValidRowIndex(row=0) - start
23:05:09.631 [main] DEBUG org.dbunit.dataset.AbstractTable - assertValidRowIndex(row=0, rowCount=1) - start
23:05:09.631 [main] DEBUG org.dbunit.dataset.AbstractTable - getColumnIndex(columnName=product_sku_number) - start
23:05:09.631 [main] DEBUG o.d.dataset.AbstractTableMetaData - getColumnIndex(columnName=product_sku_number) - start
23:05:09.631 [main] DEBUG org.dbunit.dataset.DefaultTable - getValue(row=0, column=quantity) - start
23:05:09.632 [main] DEBUG org.dbunit.dataset.AbstractTable - assertValidRowIndex(row=0) - start
23:05:09.632 [main] DEBUG org.dbunit.dataset.AbstractTable - assertValidRowIndex(row=0, rowCount=1) - start
23:05:09.632 [main] DEBUG org.dbunit.dataset.AbstractTable - getColumnIndex(columnName=quantity) - start
23:05:09.632 [main] DEBUG o.d.dataset.AbstractTableMetaData - getColumnIndex(columnName=quantity) - start
23:05:09.632 [main] DEBUG org.dbunit.dataset.DefaultTable - getValue(row=1, column=id) - start
23:05:09.634 [main] DEBUG org.dbunit.dataset.AbstractTable - assertValidRowIndex(row=1) - start
23:05:09.634 [main] DEBUG org.dbunit.dataset.AbstractTable - assertValidRowIndex(row=1, rowCount=1) - start
23:05:09.634 [main] DEBUG o.dbunit.dataset.OrderedTableNameMap - getTableName(tableName=orders) - start
23:05:09.634 [main] DEBUG o.dbunit.dataset.OrderedTableNameMap - getTableName(tableName=orders) - end - result=ORDERS
23:05:09.634 [main] DEBUG o.dbunit.dataset.OrderedTableNameMap - getTableName(tableName=orders) - start
23:05:09.635 [main] DEBUG o.dbunit.dataset.OrderedTableNameMap - getTableName(tableName=orders) - end - result=ORDERS
23:05:09.635 [main] DEBUG o.dbunit.dataset.OrderedTableNameMap - setLastTable(nameorders) - start
23:05:09.635 [main] DEBUG o.dbunit.dataset.OrderedTableNameMap - getTableName(tableName=orders) - start
23:05:09.635 [main] DEBUG o.dbunit.dataset.OrderedTableNameMap - getTableName(tableName=orders) - end - result=ORDERS
23:05:09.635 [main] DEBUG org.dbunit.dataset.CachedDataSet - startTable(metaData=tableName=orders, columns=[(order_number, UNKNOWN, nullableUnknown), (customer_id, UNKNOWN, nullableUnknown), (date, UNKNOWN, nullableUnknown), (amount, UNKNOWN, nullableUnknown), (order_status, UNKNOWN, nullableUnknown), (discount_status, UNKNOWN, nullableUnknown)], keys=[]) - start
23:05:09.637 [main] DEBUG o.dbunit.dataset.OrderedTableNameMap - getLastTableName() - start
23:05:09.637 [main] DEBUG o.dbunit.dataset.OrderedTableNameMap - getTableName(tableName=orders) - start
23:05:09.637 [main] DEBUG o.dbunit.dataset.OrderedTableNameMap - getTableName(tableName=orders) - end - result=ORDERS
23:05:09.637 [main] DEBUG o.d.dataset.AbstractTableMetaData - getColumnIndex(columnName=order_number) - start
23:05:09.637 [main] DEBUG o.d.dataset.AbstractTableMetaData - getColumnIndex(columnName=customer_id) - start
23:05:09.639 [main] DEBUG o.d.dataset.AbstractTableMetaData - getColumnIndex(columnName=date) - start
23:05:09.639 [main] DEBUG o.d.dataset.AbstractTableMetaData - getColumnIndex(columnName=amount) - start
23:05:09.639 [main] DEBUG o.d.dataset.AbstractTableMetaData - getColumnIndex(columnName=order_status) - start
23:05:09.639 [main] DEBUG o.d.dataset.AbstractTableMetaData - getColumnIndex(columnName=discount_status) - start
23:05:09.639 [main] DEBUG o.dbunit.dataset.OrderedTableNameMap - getLastTableName() - start
23:05:09.641 [main] DEBUG o.dbunit.dataset.OrderedTableNameMap - getTableName(tableName=orders) - start
23:05:09.641 [main] DEBUG o.dbunit.dataset.OrderedTableNameMap - getTableName(tableName=orders) - end - result=ORDERS
23:05:09.641 [main] DEBUG org.dbunit.dataset.CachedDataSet - row(values=5) - start
23:05:09.641 [main] DEBUG org.dbunit.dataset.DefaultTable - addRow(values=5) - start
23:05:09.641 [main] DEBUG o.dbunit.dataset.xml.FlatXmlProducer - endElement(uri=, localName=, qName=orders) - start
23:05:09.641 [main] DEBUG o.dbunit.dataset.xml.FlatXmlProducer - startElement(uri=, localName=, qName=order_items, attributes=org.apache.xerces.parsers.AbstractSAXParser$AttributesProxy@1033a6f) - start
23:05:09.642 [main] DEBUG o.dbunit.dataset.OrderedTableNameMap - getLastTableName() - start
23:05:09.642 [main] DEBUG o.dbunit.dataset.OrderedTableNameMap - getTableName(tableName=orders) - start
23:05:09.642 [main] DEBUG o.dbunit.dataset.OrderedTableNameMap - getTableName(tableName=orders) - end - result=ORDERS
23:05:09.642 [main] DEBUG o.dbunit.dataset.OrderedTableNameMap - isLastTable(tableName=order_items) - start
23:05:09.642 [main] DEBUG o.dbunit.dataset.OrderedTableNameMap - getLastTableName() - start
23:05:09.644 [main] DEBUG o.dbunit.dataset.OrderedTableNameMap - getTableName(tableName=orders) - start
23:05:09.644 [main] DEBUG o.dbunit.dataset.OrderedTableNameMap - getTableName(tableName=orders) - end - result=ORDERS
23:05:09.644 [main] DEBUG o.dbunit.dataset.OrderedTableNameMap - getTableName(tableName=order_items) - start
23:05:09.644 [main] DEBUG o.dbunit.dataset.OrderedTableNameMap - getTableName(tableName=order_items) - end - result=ORDER_ITEMS
23:05:09.644 [main] DEBUG org.dbunit.dataset.CachedDataSet - endTable() - start
23:05:09.646 [main] DEBUG o.dbunit.dataset.OrderedTableNameMap - getTableName(tableName=orders) - start
23:05:09.646 [main] DEBUG o.dbunit.dataset.OrderedTableNameMap - getTableName(tableName=orders) - end - result=ORDERS
23:05:09.646 [main] DEBUG o.dbunit.dataset.OrderedTableNameMap - getTableName(tableName=orders) - start
23:05:09.646 [main] DEBUG o.dbunit.dataset.OrderedTableNameMap - getTableName(tableName=orders) - end - result=ORDERS
23:05:09.646 [main] DEBUG org.dbunit.dataset.DefaultTable - addTableRows(table=org.dbunit.dataset.DefaultTable[_metaData=tableName=orders, columns=[(order_number, UNKNOWN, nullableUnknown), (customer_id, UNKNOWN, nullableUnknown), (date, UNKNOWN, nullableUnknown), (amount, UNKNOWN, nullableUnknown), (order_status, UNKNOWN, nullableUnknown), (discount_status, UNKNOWN, nullableUnknown)], keys=[], _rowList.size()=1]) - start
23:05:09.648 [main] DEBUG org.dbunit.dataset.DefaultTable - getValue(row=0, column=order_number) - start
23:05:09.648 [main] DEBUG org.dbunit.dataset.AbstractTable - assertValidRowIndex(row=0) - start
23:05:09.648 [main] DEBUG org.dbunit.dataset.AbstractTable - assertValidRowIndex(row=0, rowCount=1) - start
23:05:09.648 [main] DEBUG org.dbunit.dataset.AbstractTable - getColumnIndex(columnName=order_number) - start
23:05:09.648 [main] DEBUG o.d.dataset.AbstractTableMetaData - getColumnIndex(columnName=order_number) - start
23:05:09.650 [main] DEBUG org.dbunit.dataset.DefaultTable - getValue(row=0, column=customer_id) - start
23:05:09.650 [main] DEBUG org.dbunit.dataset.AbstractTable - assertValidRowIndex(row=0) - start
23:05:09.650 [main] DEBUG org.dbunit.dataset.AbstractTable - assertValidRowIndex(row=0, rowCount=1) - start
23:05:09.650 [main] DEBUG org.dbunit.dataset.AbstractTable - getColumnIndex(columnName=customer_id) - start
23:05:09.650 [main] DEBUG o.d.dataset.AbstractTableMetaData - getColumnIndex(columnName=customer_id) - start
23:05:09.652 [main] DEBUG org.dbunit.dataset.DefaultTable - getValue(row=0, column=date) - start
23:05:09.652 [main] DEBUG org.dbunit.dataset.AbstractTable - assertValidRowIndex(row=0) - start
23:05:09.652 [main] DEBUG org.dbunit.dataset.AbstractTable - assertValidRowIndex(row=0, rowCount=1) - start
23:05:09.652 [main] DEBUG org.dbunit.dataset.AbstractTable - getColumnIndex(columnName=date) - start
23:05:09.652 [main] DEBUG o.d.dataset.AbstractTableMetaData - getColumnIndex(columnName=date) - start
23:05:09.652 [main] DEBUG org.dbunit.dataset.DefaultTable - getValue(row=0, column=amount) - start
23:05:09.653 [main] DEBUG org.dbunit.dataset.AbstractTable - assertValidRowIndex(row=0) - start
23:05:09.654 [main] DEBUG org.dbunit.dataset.AbstractTable - assertValidRowIndex(row=0, rowCount=1) - start
23:05:09.655 [main] DEBUG org.dbunit.dataset.AbstractTable - getColumnIndex(columnName=amount) - start
23:05:09.655 [main] DEBUG o.d.dataset.AbstractTableMetaData - getColumnIndex(columnName=amount) - start
23:05:09.655 [main] DEBUG org.dbunit.dataset.DefaultTable - getValue(row=0, column=order_status) - start
23:05:09.656 [main] DEBUG org.dbunit.dataset.AbstractTable - assertValidRowIndex(row=0) - start
23:05:09.656 [main] DEBUG org.dbunit.dataset.AbstractTable - assertValidRowIndex(row=0, rowCount=1) - start
23:05:09.656 [main] DEBUG org.dbunit.dataset.AbstractTable - getColumnIndex(columnName=order_status) - start
23:05:09.658 [main] DEBUG o.d.dataset.AbstractTableMetaData - getColumnIndex(columnName=order_status) - start
23:05:09.658 [main] DEBUG org.dbunit.dataset.DefaultTable - getValue(row=0, column=discount_status) - start
23:05:09.658 [main] DEBUG org.dbunit.dataset.AbstractTable - assertValidRowIndex(row=0) - start
23:05:09.658 [main] DEBUG org.dbunit.dataset.AbstractTable - assertValidRowIndex(row=0, rowCount=1) - start
23:05:09.758 [main] DEBUG org.dbunit.dataset.AbstractTable - getColumnIndex(columnName=discount_status) - start
23:05:09.758 [main] DEBUG o.d.dataset.AbstractTableMetaData - getColumnIndex(columnName=discount_status) - start
23:05:09.758 [main] DEBUG org.dbunit.dataset.DefaultTable - getValue(row=1, column=order_number) - start
23:05:09.758 [main] DEBUG org.dbunit.dataset.AbstractTable - assertValidRowIndex(row=1) - start
23:05:09.758 [main] DEBUG org.dbunit.dataset.AbstractTable - assertValidRowIndex(row=1, rowCount=1) - start
23:05:09.759 [main] DEBUG o.dbunit.dataset.OrderedTableNameMap - getTableName(tableName=order_items) - start
23:05:09.759 [main] DEBUG o.dbunit.dataset.OrderedTableNameMap - getTableName(tableName=order_items) - end - result=ORDER_ITEMS
23:05:09.759 [main] DEBUG o.dbunit.dataset.OrderedTableNameMap - getTableName(tableName=order_items) - start
23:05:09.759 [main] DEBUG o.dbunit.dataset.OrderedTableNameMap - getTableName(tableName=order_items) - end - result=ORDER_ITEMS
23:05:09.759 [main] DEBUG o.dbunit.dataset.OrderedTableNameMap - setLastTable(nameorder_items) - start
23:05:09.761 [main] DEBUG o.dbunit.dataset.OrderedTableNameMap - getTableName(tableName=order_items) - start
23:05:09.761 [main] DEBUG o.dbunit.dataset.OrderedTableNameMap - getTableName(tableName=order_items) - end - result=ORDER_ITEMS
23:05:09.761 [main] DEBUG org.dbunit.dataset.CachedDataSet - startTable(metaData=tableName=order_items, columns=[(id, UNKNOWN, nullableUnknown), (order_order_number, UNKNOWN, nullableUnknown), (product_sku_number, UNKNOWN, nullableUnknown), (quantity, UNKNOWN, nullableUnknown)], keys=[]) - start
23:05:09.762 [main] DEBUG o.dbunit.dataset.OrderedTableNameMap - getLastTableName() - start
23:05:09.762 [main] DEBUG o.dbunit.dataset.OrderedTableNameMap - getTableName(tableName=order_items) - start
23:05:09.762 [main] DEBUG o.dbunit.dataset.OrderedTableNameMap - getTableName(tableName=order_items) - end - result=ORDER_ITEMS
23:05:09.762 [main] DEBUG o.d.dataset.AbstractTableMetaData - getColumnIndex(columnName=id) - start
23:05:09.762 [main] DEBUG o.d.dataset.AbstractTableMetaData - getColumnIndex(columnName=order_order_number) - start
23:05:09.764 [main] DEBUG o.d.dataset.AbstractTableMetaData - getColumnIndex(columnName=product_sku_number) - start
23:05:09.764 [main] DEBUG o.d.dataset.AbstractTableMetaData - getColumnIndex(columnName=quantity) - start
23:05:09.764 [main] DEBUG o.dbunit.dataset.OrderedTableNameMap - getLastTableName() - start
23:05:09.764 [main] DEBUG o.dbunit.dataset.OrderedTableNameMap - getTableName(tableName=order_items) - start
23:05:09.764 [main] DEBUG o.dbunit.dataset.OrderedTableNameMap - getTableName(tableName=order_items) - end - result=ORDER_ITEMS
23:05:09.766 [main] DEBUG org.dbunit.dataset.CachedDataSet - row(values=6) - start
23:05:09.768 [main] DEBUG org.dbunit.dataset.DefaultTable - addRow(values=6) - start
23:05:09.768 [main] DEBUG o.dbunit.dataset.xml.FlatXmlProducer - endElement(uri=, localName=, qName=order_items) - start
23:05:09.768 [main] DEBUG o.dbunit.dataset.xml.FlatXmlProducer - startElement(uri=, localName=, qName=order_items, attributes=org.apache.xerces.parsers.AbstractSAXParser$AttributesProxy@1033a6f) - start
23:05:09.768 [main] DEBUG o.dbunit.dataset.OrderedTableNameMap - getLastTableName() - start
23:05:09.868 [main] DEBUG o.dbunit.dataset.OrderedTableNameMap - getTableName(tableName=order_items) - start
23:05:09.868 [main] DEBUG o.dbunit.dataset.OrderedTableNameMap - getTableName(tableName=order_items) - end - result=ORDER_ITEMS
23:05:09.868 [main] DEBUG o.dbunit.dataset.OrderedTableNameMap - isLastTable(tableName=order_items) - start
23:05:09.868 [main] DEBUG o.dbunit.dataset.OrderedTableNameMap - getLastTableName() - start
23:05:09.868 [main] DEBUG o.dbunit.dataset.OrderedTableNameMap - getTableName(tableName=order_items) - start
23:05:09.869 [main] DEBUG o.dbunit.dataset.OrderedTableNameMap - getTableName(tableName=order_items) - end - result=ORDER_ITEMS
23:05:09.870 [main] DEBUG o.dbunit.dataset.OrderedTableNameMap - getTableName(tableName=order_items) - start
23:05:09.870 [main] DEBUG o.dbunit.dataset.OrderedTableNameMap - getTableName(tableName=order_items) - end - result=ORDER_ITEMS
23:05:09.870 [main] DEBUG o.dbunit.dataset.OrderedTableNameMap - getLastTableName() - start
23:05:09.870 [main] DEBUG o.dbunit.dataset.OrderedTableNameMap - getTableName(tableName=order_items) - start
23:05:09.871 [main] DEBUG o.dbunit.dataset.OrderedTableNameMap - getTableName(tableName=order_items) - end - result=ORDER_ITEMS
23:05:09.871 [main] DEBUG o.d.dataset.AbstractTableMetaData - getColumnIndex(columnName=id) - start
23:05:09.871 [main] DEBUG o.d.dataset.AbstractTableMetaData - getColumnIndex(columnName=order_order_number) - start
23:05:09.871 [main] DEBUG o.d.dataset.AbstractTableMetaData - getColumnIndex(columnName=product_sku_number) - start
23:05:09.871 [main] DEBUG o.d.dataset.AbstractTableMetaData - getColumnIndex(columnName=quantity) - start
23:05:09.873 [main] DEBUG o.dbunit.dataset.OrderedTableNameMap - getLastTableName() - start
23:05:09.873 [main] DEBUG o.dbunit.dataset.OrderedTableNameMap - getTableName(tableName=order_items) - start
23:05:09.873 [main] DEBUG o.dbunit.dataset.OrderedTableNameMap - getTableName(tableName=order_items) - end - result=ORDER_ITEMS
23:05:09.873 [main] DEBUG org.dbunit.dataset.CachedDataSet - row(values=7) - start
23:05:09.873 [main] DEBUG org.dbunit.dataset.DefaultTable - addRow(values=7) - start
23:05:09.873 [main] DEBUG o.dbunit.dataset.xml.FlatXmlProducer - endElement(uri=, localName=, qName=order_items) - start
23:05:09.875 [main] DEBUG o.dbunit.dataset.xml.FlatXmlProducer - startElement(uri=, localName=, qName=orders, attributes=org.apache.xerces.parsers.AbstractSAXParser$AttributesProxy@1033a6f) - start
23:05:09.875 [main] DEBUG o.dbunit.dataset.OrderedTableNameMap - getLastTableName() - start
23:05:09.875 [main] DEBUG o.dbunit.dataset.OrderedTableNameMap - getTableName(tableName=order_items) - start
23:05:09.875 [main] DEBUG o.dbunit.dataset.OrderedTableNameMap - getTableName(tableName=order_items) - end - result=ORDER_ITEMS
23:05:09.876 [main] DEBUG o.dbunit.dataset.OrderedTableNameMap - isLastTable(tableName=orders) - start
23:05:09.876 [main] DEBUG o.dbunit.dataset.OrderedTableNameMap - getLastTableName() - start
23:05:09.876 [main] DEBUG o.dbunit.dataset.OrderedTableNameMap - getTableName(tableName=order_items) - start
23:05:09.876 [main] DEBUG o.dbunit.dataset.OrderedTableNameMap - getTableName(tableName=order_items) - end - result=ORDER_ITEMS
23:05:09.876 [main] DEBUG o.dbunit.dataset.OrderedTableNameMap - getTableName(tableName=orders) - start
23:05:09.878 [main] DEBUG o.dbunit.dataset.OrderedTableNameMap - getTableName(tableName=orders) - end - result=ORDERS
23:05:09.878 [main] DEBUG org.dbunit.dataset.CachedDataSet - endTable() - start
23:05:09.878 [main] DEBUG o.dbunit.dataset.OrderedTableNameMap - getTableName(tableName=order_items) - start
23:05:09.878 [main] DEBUG o.dbunit.dataset.OrderedTableNameMap - getTableName(tableName=order_items) - end - result=ORDER_ITEMS
23:05:09.878 [main] DEBUG o.dbunit.dataset.OrderedTableNameMap - getTableName(tableName=order_items) - start
23:05:09.880 [main] DEBUG o.dbunit.dataset.OrderedTableNameMap - getTableName(tableName=order_items) - end - result=ORDER_ITEMS
23:05:09.880 [main] DEBUG org.dbunit.dataset.DefaultTable - addTableRows(table=org.dbunit.dataset.DefaultTable[_metaData=tableName=order_items, columns=[(id, UNKNOWN, nullableUnknown), (order_order_number, UNKNOWN, nullableUnknown), (product_sku_number, UNKNOWN, nullableUnknown), (quantity, UNKNOWN, nullableUnknown)], keys=[], _rowList.size()=2]) - start
23:05:09.880 [main] DEBUG org.dbunit.dataset.DefaultTable - getValue(row=0, column=id) - start
23:05:09.882 [main] DEBUG org.dbunit.dataset.AbstractTable - assertValidRowIndex(row=0) - start
23:05:09.882 [main] DEBUG org.dbunit.dataset.AbstractTable - assertValidRowIndex(row=0, rowCount=2) - start
23:05:09.882 [main] DEBUG org.dbunit.dataset.AbstractTable - getColumnIndex(columnName=id) - start
23:05:09.882 [main] DEBUG o.d.dataset.AbstractTableMetaData - getColumnIndex(columnName=id) - start
23:05:09.882 [main] DEBUG org.dbunit.dataset.DefaultTable - getValue(row=0, column=order_order_number) - start
23:05:09.882 [main] DEBUG org.dbunit.dataset.AbstractTable - assertValidRowIndex(row=0) - start
23:05:09.882 [main] DEBUG org.dbunit.dataset.AbstractTable - assertValidRowIndex(row=0, rowCount=2) - start
23:05:09.882 [main] DEBUG org.dbunit.dataset.AbstractTable - getColumnIndex(columnName=order_order_number) - start
23:05:09.882 [main] DEBUG o.d.dataset.AbstractTableMetaData - getColumnIndex(columnName=order_order_number) - start
23:05:09.882 [main] DEBUG org.dbunit.dataset.DefaultTable - getValue(row=0, column=product_sku_number) - start
23:05:09.884 [main] DEBUG org.dbunit.dataset.AbstractTable - assertValidRowIndex(row=0) - start
23:05:09.884 [main] DEBUG org.dbunit.dataset.AbstractTable - assertValidRowIndex(row=0, rowCount=2) - start
23:05:09.884 [main] DEBUG org.dbunit.dataset.AbstractTable - getColumnIndex(columnName=product_sku_number) - start
23:05:09.884 [main] DEBUG o.d.dataset.AbstractTableMetaData - getColumnIndex(columnName=product_sku_number) - start
23:05:09.884 [main] DEBUG org.dbunit.dataset.DefaultTable - getValue(row=0, column=quantity) - start
23:05:09.887 [main] DEBUG org.dbunit.dataset.AbstractTable - assertValidRowIndex(row=0) - start
23:05:09.887 [main] DEBUG org.dbunit.dataset.AbstractTable - assertValidRowIndex(row=0, rowCount=2) - start
23:05:09.887 [main] DEBUG org.dbunit.dataset.AbstractTable - getColumnIndex(columnName=quantity) - start
23:05:09.887 [main] DEBUG o.d.dataset.AbstractTableMetaData - getColumnIndex(columnName=quantity) - start
23:05:09.887 [main] DEBUG org.dbunit.dataset.DefaultTable - getValue(row=1, column=id) - start
23:05:09.888 [main] DEBUG org.dbunit.dataset.AbstractTable - assertValidRowIndex(row=1) - start
23:05:09.888 [main] DEBUG org.dbunit.dataset.AbstractTable - assertValidRowIndex(row=1, rowCount=2) - start
23:05:09.888 [main] DEBUG org.dbunit.dataset.AbstractTable - getColumnIndex(columnName=id) - start
23:05:09.888 [main] DEBUG o.d.dataset.AbstractTableMetaData - getColumnIndex(columnName=id) - start
23:05:09.888 [main] DEBUG org.dbunit.dataset.DefaultTable - getValue(row=1, column=order_order_number) - start
23:05:09.890 [main] DEBUG org.dbunit.dataset.AbstractTable - assertValidRowIndex(row=1) - start
23:05:09.890 [main] DEBUG org.dbunit.dataset.AbstractTable - assertValidRowIndex(row=1, rowCount=2) - start
23:05:09.890 [main] DEBUG org.dbunit.dataset.AbstractTable - getColumnIndex(columnName=order_order_number) - start
23:05:09.890 [main] DEBUG o.d.dataset.AbstractTableMetaData - getColumnIndex(columnName=order_order_number) - start
23:05:09.890 [main] DEBUG org.dbunit.dataset.DefaultTable - getValue(row=1, column=product_sku_number) - start
23:05:09.891 [main] DEBUG org.dbunit.dataset.AbstractTable - assertValidRowIndex(row=1) - start
23:05:09.891 [main] DEBUG org.dbunit.dataset.AbstractTable - assertValidRowIndex(row=1, rowCount=2) - start
23:05:09.891 [main] DEBUG org.dbunit.dataset.AbstractTable - getColumnIndex(columnName=product_sku_number) - start
23:05:09.891 [main] DEBUG o.d.dataset.AbstractTableMetaData - getColumnIndex(columnName=product_sku_number) - start
23:05:09.891 [main] DEBUG org.dbunit.dataset.DefaultTable - getValue(row=1, column=quantity) - start
23:05:09.893 [main] DEBUG org.dbunit.dataset.AbstractTable - assertValidRowIndex(row=1) - start
23:05:09.893 [main] DEBUG org.dbunit.dataset.AbstractTable - assertValidRowIndex(row=1, rowCount=2) - start
23:05:09.893 [main] DEBUG org.dbunit.dataset.AbstractTable - getColumnIndex(columnName=quantity) - start
23:05:09.893 [main] DEBUG o.d.dataset.AbstractTableMetaData - getColumnIndex(columnName=quantity) - start
23:05:09.893 [main] DEBUG org.dbunit.dataset.DefaultTable - getValue(row=2, column=id) - start
23:05:09.895 [main] DEBUG org.dbunit.dataset.AbstractTable - assertValidRowIndex(row=2) - start
23:05:09.895 [main] DEBUG org.dbunit.dataset.AbstractTable - assertValidRowIndex(row=2, rowCount=2) - start
23:05:09.895 [main] DEBUG o.dbunit.dataset.OrderedTableNameMap - getTableName(tableName=orders) - start
23:05:09.895 [main] DEBUG o.dbunit.dataset.OrderedTableNameMap - getTableName(tableName=orders) - end - result=ORDERS
23:05:09.895 [main] DEBUG o.dbunit.dataset.OrderedTableNameMap - getTableName(tableName=orders) - start
23:05:09.896 [main] DEBUG o.dbunit.dataset.OrderedTableNameMap - getTableName(tableName=orders) - end - result=ORDERS
23:05:09.896 [main] DEBUG o.dbunit.dataset.OrderedTableNameMap - setLastTable(nameorders) - start
23:05:09.896 [main] DEBUG o.dbunit.dataset.OrderedTableNameMap - getTableName(tableName=orders) - start
23:05:09.896 [main] DEBUG o.dbunit.dataset.OrderedTableNameMap - getTableName(tableName=orders) - end - result=ORDERS
23:05:09.896 [main] DEBUG org.dbunit.dataset.CachedDataSet - startTable(metaData=tableName=orders, columns=[(order_number, UNKNOWN, nullableUnknown), (customer_id, UNKNOWN, nullableUnknown), (date, UNKNOWN, nullableUnknown), (amount, UNKNOWN, nullableUnknown), (order_status, UNKNOWN, nullableUnknown), (discount_status, UNKNOWN, nullableUnknown)], keys=[]) - start
23:05:09.898 [main] DEBUG o.dbunit.dataset.OrderedTableNameMap - getLastTableName() - start
23:05:09.898 [main] DEBUG o.dbunit.dataset.OrderedTableNameMap - getTableName(tableName=orders) - start
23:05:09.898 [main] DEBUG o.dbunit.dataset.OrderedTableNameMap - getTableName(tableName=orders) - end - result=ORDERS
23:05:09.898 [main] DEBUG o.d.dataset.AbstractTableMetaData - getColumnIndex(columnName=order_number) - start
23:05:09.898 [main] DEBUG o.d.dataset.AbstractTableMetaData - getColumnIndex(columnName=customer_id) - start
23:05:09.900 [main] DEBUG o.d.dataset.AbstractTableMetaData - getColumnIndex(columnName=date) - start
23:05:09.900 [main] DEBUG o.d.dataset.AbstractTableMetaData - getColumnIndex(columnName=amount) - start
23:05:09.900 [main] DEBUG o.d.dataset.AbstractTableMetaData - getColumnIndex(columnName=order_status) - start
23:05:09.900 [main] DEBUG o.d.dataset.AbstractTableMetaData - getColumnIndex(columnName=discount_status) - start
23:05:09.900 [main] DEBUG o.dbunit.dataset.OrderedTableNameMap - getLastTableName() - start
23:05:09.902 [main] DEBUG o.dbunit.dataset.OrderedTableNameMap - getTableName(tableName=orders) - start
23:05:09.902 [main] DEBUG o.dbunit.dataset.OrderedTableNameMap - getTableName(tableName=orders) - end - result=ORDERS
23:05:09.902 [main] DEBUG org.dbunit.dataset.CachedDataSet - row(values=6) - start
23:05:09.902 [main] DEBUG org.dbunit.dataset.DefaultTable - addRow(values=6) - start
23:05:09.902 [main] DEBUG o.dbunit.dataset.xml.FlatXmlProducer - endElement(uri=, localName=, qName=orders) - start
23:05:09.902 [main] DEBUG o.dbunit.dataset.xml.FlatXmlProducer - startElement(uri=, localName=, qName=order_items, attributes=org.apache.xerces.parsers.AbstractSAXParser$AttributesProxy@1033a6f) - start
23:05:09.903 [main] DEBUG o.dbunit.dataset.OrderedTableNameMap - getLastTableName() - start
23:05:09.903 [main] DEBUG o.dbunit.dataset.OrderedTableNameMap - getTableName(tableName=orders) - start
23:05:09.903 [main] DEBUG o.dbunit.dataset.OrderedTableNameMap - getTableName(tableName=orders) - end - result=ORDERS
23:05:09.903 [main] DEBUG o.dbunit.dataset.OrderedTableNameMap - isLastTable(tableName=order_items) - start
23:05:09.903 [main] DEBUG o.dbunit.dataset.OrderedTableNameMap - getLastTableName() - start
23:05:09.906 [main] DEBUG o.dbunit.dataset.OrderedTableNameMap - getTableName(tableName=orders) - start
23:05:09.906 [main] DEBUG o.dbunit.dataset.OrderedTableNameMap - getTableName(tableName=orders) - end - result=ORDERS
23:05:09.906 [main] DEBUG o.dbunit.dataset.OrderedTableNameMap - getTableName(tableName=order_items) - start
23:05:09.906 [main] DEBUG o.dbunit.dataset.OrderedTableNameMap - getTableName(tableName=order_items) - end - result=ORDER_ITEMS
23:05:09.906 [main] DEBUG org.dbunit.dataset.CachedDataSet - endTable() - start
23:05:09.908 [main] DEBUG o.dbunit.dataset.OrderedTableNameMap - getTableName(tableName=orders) - start
23:05:09.908 [main] DEBUG o.dbunit.dataset.OrderedTableNameMap - getTableName(tableName=orders) - end - result=ORDERS
23:05:09.908 [main] DEBUG o.dbunit.dataset.OrderedTableNameMap - getTableName(tableName=orders) - start
23:05:09.908 [main] DEBUG o.dbunit.dataset.OrderedTableNameMap - getTableName(tableName=orders) - end - result=ORDERS
23:05:09.908 [main] DEBUG org.dbunit.dataset.DefaultTable - addTableRows(table=org.dbunit.dataset.DefaultTable[_metaData=tableName=orders, columns=[(order_number, UNKNOWN, nullableUnknown), (customer_id, UNKNOWN, nullableUnknown), (date, UNKNOWN, nullableUnknown), (amount, UNKNOWN, nullableUnknown), (order_status, UNKNOWN, nullableUnknown), (discount_status, UNKNOWN, nullableUnknown)], keys=[], _rowList.size()=1]) - start
23:05:09.910 [main] DEBUG org.dbunit.dataset.DefaultTable - getValue(row=0, column=order_number) - start
23:05:09.910 [main] DEBUG org.dbunit.dataset.AbstractTable - assertValidRowIndex(row=0) - start
23:05:09.910 [main] DEBUG org.dbunit.dataset.AbstractTable - assertValidRowIndex(row=0, rowCount=1) - start
23:05:09.910 [main] DEBUG org.dbunit.dataset.AbstractTable - getColumnIndex(columnName=order_number) - start
23:05:09.910 [main] DEBUG o.d.dataset.AbstractTableMetaData - getColumnIndex(columnName=order_number) - start
23:05:09.912 [main] DEBUG org.dbunit.dataset.DefaultTable - getValue(row=0, column=customer_id) - start
23:05:09.912 [main] DEBUG org.dbunit.dataset.AbstractTable - assertValidRowIndex(row=0) - start
23:05:09.912 [main] DEBUG org.dbunit.dataset.AbstractTable - assertValidRowIndex(row=0, rowCount=1) - start
23:05:09.912 [main] DEBUG org.dbunit.dataset.AbstractTable - getColumnIndex(columnName=customer_id) - start
23:05:09.912 [main] DEBUG o.d.dataset.AbstractTableMetaData - getColumnIndex(columnName=customer_id) - start
23:05:09.914 [main] DEBUG org.dbunit.dataset.DefaultTable - getValue(row=0, column=date) - start
23:05:09.914 [main] DEBUG org.dbunit.dataset.AbstractTable - assertValidRowIndex(row=0) - start
23:05:09.914 [main] DEBUG org.dbunit.dataset.AbstractTable - assertValidRowIndex(row=0, rowCount=1) - start
23:05:09.914 [main] DEBUG org.dbunit.dataset.AbstractTable - getColumnIndex(columnName=date) - start
23:05:09.914 [main] DEBUG o.d.dataset.AbstractTableMetaData - getColumnIndex(columnName=date) - start
23:05:09.914 [main] DEBUG org.dbunit.dataset.DefaultTable - getValue(row=0, column=amount) - start
23:05:09.915 [main] DEBUG org.dbunit.dataset.AbstractTable - assertValidRowIndex(row=0) - start
23:05:09.915 [main] DEBUG org.dbunit.dataset.AbstractTable - assertValidRowIndex(row=0, rowCount=1) - start
23:05:09.915 [main] DEBUG org.dbunit.dataset.AbstractTable - getColumnIndex(columnName=amount) - start
23:05:09.915 [main] DEBUG o.d.dataset.AbstractTableMetaData - getColumnIndex(columnName=amount) - start
23:05:09.915 [main] DEBUG org.dbunit.dataset.DefaultTable - getValue(row=0, column=order_status) - start
23:05:09.917 [main] DEBUG org.dbunit.dataset.AbstractTable - assertValidRowIndex(row=0) - start
23:05:09.917 [main] DEBUG org.dbunit.dataset.AbstractTable - assertValidRowIndex(row=0, rowCount=1) - start
23:05:09.917 [main] DEBUG org.dbunit.dataset.AbstractTable - getColumnIndex(columnName=order_status) - start
23:05:09.917 [main] DEBUG o.d.dataset.AbstractTableMetaData - getColumnIndex(columnName=order_status) - start
23:05:09.917 [main] DEBUG org.dbunit.dataset.DefaultTable - getValue(row=0, column=discount_status) - start
23:05:09.919 [main] DEBUG org.dbunit.dataset.AbstractTable - assertValidRowIndex(row=0) - start
23:05:09.919 [main] DEBUG org.dbunit.dataset.AbstractTable - assertValidRowIndex(row=0, rowCount=1) - start
23:05:09.919 [main] DEBUG org.dbunit.dataset.AbstractTable - getColumnIndex(columnName=discount_status) - start
23:05:09.919 [main] DEBUG o.d.dataset.AbstractTableMetaData - getColumnIndex(columnName=discount_status) - start
23:05:09.919 [main] DEBUG org.dbunit.dataset.DefaultTable - getValue(row=1, column=order_number) - start
23:05:09.921 [main] DEBUG org.dbunit.dataset.AbstractTable - assertValidRowIndex(row=1) - start
23:05:09.921 [main] DEBUG org.dbunit.dataset.AbstractTable - assertValidRowIndex(row=1, rowCount=1) - start
23:05:09.921 [main] DEBUG o.dbunit.dataset.OrderedTableNameMap - getTableName(tableName=order_items) - start
23:05:09.921 [main] DEBUG o.dbunit.dataset.OrderedTableNameMap - getTableName(tableName=order_items) - end - result=ORDER_ITEMS
23:05:09.921 [main] DEBUG o.dbunit.dataset.OrderedTableNameMap - getTableName(tableName=order_items) - start
23:05:09.922 [main] DEBUG o.dbunit.dataset.OrderedTableNameMap - getTableName(tableName=order_items) - end - result=ORDER_ITEMS
23:05:09.922 [main] DEBUG o.dbunit.dataset.OrderedTableNameMap - setLastTable(nameorder_items) - start
23:05:09.922 [main] DEBUG o.dbunit.dataset.OrderedTableNameMap - getTableName(tableName=order_items) - start
23:05:09.922 [main] DEBUG o.dbunit.dataset.OrderedTableNameMap - getTableName(tableName=order_items) - end - result=ORDER_ITEMS
23:05:09.922 [main] DEBUG org.dbunit.dataset.CachedDataSet - startTable(metaData=tableName=order_items, columns=[(id, UNKNOWN, nullableUnknown), (order_order_number, UNKNOWN, nullableUnknown), (product_sku_number, UNKNOWN, nullableUnknown), (quantity, UNKNOWN, nullableUnknown)], keys=[]) - start
23:05:09.924 [main] DEBUG o.dbunit.dataset.OrderedTableNameMap - getLastTableName() - start
23:05:09.924 [main] DEBUG o.dbunit.dataset.OrderedTableNameMap - getTableName(tableName=order_items) - start
23:05:09.924 [main] DEBUG o.dbunit.dataset.OrderedTableNameMap - getTableName(tableName=order_items) - end - result=ORDER_ITEMS
23:05:09.924 [main] DEBUG o.d.dataset.AbstractTableMetaData - getColumnIndex(columnName=id) - start
23:05:09.924 [main] DEBUG o.d.dataset.AbstractTableMetaData - getColumnIndex(columnName=order_order_number) - start
23:05:09.926 [main] DEBUG o.d.dataset.AbstractTableMetaData - getColumnIndex(columnName=product_sku_number) - start
23:05:09.926 [main] DEBUG o.d.dataset.AbstractTableMetaData - getColumnIndex(columnName=quantity) - start
23:05:09.926 [main] DEBUG o.dbunit.dataset.OrderedTableNameMap - getLastTableName() - start
23:05:09.926 [main] DEBUG o.dbunit.dataset.OrderedTableNameMap - getTableName(tableName=order_items) - start
23:05:09.926 [main] DEBUG o.dbunit.dataset.OrderedTableNameMap - getTableName(tableName=order_items) - end - result=ORDER_ITEMS
23:05:09.928 [main] DEBUG org.dbunit.dataset.CachedDataSet - row(values=8) - start
23:05:09.928 [main] DEBUG org.dbunit.dataset.DefaultTable - addRow(values=8) - start
23:05:09.928 [main] DEBUG o.dbunit.dataset.xml.FlatXmlProducer - endElement(uri=, localName=, qName=order_items) - start
23:05:09.928 [main] DEBUG o.dbunit.dataset.xml.FlatXmlProducer - endElement(uri=, localName=, qName=dataset) - start
23:05:09.928 [main] DEBUG o.dbunit.dataset.OrderedTableNameMap - getLastTableName() - start
23:05:09.928 [main] DEBUG o.dbunit.dataset.OrderedTableNameMap - getTableName(tableName=order_items) - start
23:05:09.929 [main] DEBUG o.dbunit.dataset.OrderedTableNameMap - getTableName(tableName=order_items) - end - result=ORDER_ITEMS
23:05:09.929 [main] DEBUG org.dbunit.dataset.CachedDataSet - endTable() - start
23:05:09.929 [main] DEBUG o.dbunit.dataset.OrderedTableNameMap - getTableName(tableName=order_items) - start
23:05:09.929 [main] DEBUG o.dbunit.dataset.OrderedTableNameMap - getTableName(tableName=order_items) - end - result=ORDER_ITEMS
23:05:09.929 [main] DEBUG o.dbunit.dataset.OrderedTableNameMap - getTableName(tableName=order_items) - start
23:05:09.931 [main] DEBUG o.dbunit.dataset.OrderedTableNameMap - getTableName(tableName=order_items) - end - result=ORDER_ITEMS
23:05:09.931 [main] DEBUG org.dbunit.dataset.DefaultTable - addTableRows(table=org.dbunit.dataset.DefaultTable[_metaData=tableName=order_items, columns=[(id, UNKNOWN, nullableUnknown), (order_order_number, UNKNOWN, nullableUnknown), (product_sku_number, UNKNOWN, nullableUnknown), (quantity, UNKNOWN, nullableUnknown)], keys=[], _rowList.size()=1]) - start
23:05:09.931 [main] DEBUG org.dbunit.dataset.DefaultTable - getValue(row=0, column=id) - start
23:05:09.933 [main] DEBUG org.dbunit.dataset.AbstractTable - assertValidRowIndex(row=0) - start
23:05:09.933 [main] DEBUG org.dbunit.dataset.AbstractTable - assertValidRowIndex(row=0, rowCount=1) - start
23:05:09.933 [main] DEBUG org.dbunit.dataset.AbstractTable - getColumnIndex(columnName=id) - start
23:05:09.933 [main] DEBUG o.d.dataset.AbstractTableMetaData - getColumnIndex(columnName=id) - start
23:05:09.933 [main] DEBUG org.dbunit.dataset.DefaultTable - getValue(row=0, column=order_order_number) - start
23:05:09.933 [main] DEBUG org.dbunit.dataset.AbstractTable - assertValidRowIndex(row=0) - start
23:05:09.933 [main] DEBUG org.dbunit.dataset.AbstractTable - assertValidRowIndex(row=0, rowCount=1) - start
23:05:09.933 [main] DEBUG org.dbunit.dataset.AbstractTable - getColumnIndex(columnName=order_order_number) - start
23:05:09.933 [main] DEBUG o.d.dataset.AbstractTableMetaData - getColumnIndex(columnName=order_order_number) - start
23:05:09.933 [main] DEBUG org.dbunit.dataset.DefaultTable - getValue(row=0, column=product_sku_number) - start
23:05:09.935 [main] DEBUG org.dbunit.dataset.AbstractTable - assertValidRowIndex(row=0) - start
23:05:09.935 [main] DEBUG org.dbunit.dataset.AbstractTable - assertValidRowIndex(row=0, rowCount=1) - start
23:05:09.936 [main] DEBUG org.dbunit.dataset.AbstractTable - getColumnIndex(columnName=product_sku_number) - start
23:05:09.936 [main] DEBUG o.d.dataset.AbstractTableMetaData - getColumnIndex(columnName=product_sku_number) - start
23:05:09.936 [main] DEBUG org.dbunit.dataset.DefaultTable - getValue(row=0, column=quantity) - start
23:05:09.937 [main] DEBUG org.dbunit.dataset.AbstractTable - assertValidRowIndex(row=0) - start
23:05:09.938 [main] DEBUG org.dbunit.dataset.AbstractTable - assertValidRowIndex(row=0, rowCount=1) - start
23:05:09.938 [main] DEBUG org.dbunit.dataset.AbstractTable - getColumnIndex(columnName=quantity) - start
23:05:09.938 [main] DEBUG o.d.dataset.AbstractTableMetaData - getColumnIndex(columnName=quantity) - start
23:05:09.938 [main] DEBUG org.dbunit.dataset.DefaultTable - getValue(row=1, column=id) - start
23:05:09.939 [main] DEBUG org.dbunit.dataset.AbstractTable - assertValidRowIndex(row=1) - start
23:05:09.939 [main] DEBUG org.dbunit.dataset.AbstractTable - assertValidRowIndex(row=1, rowCount=1) - start
23:05:09.939 [main] DEBUG org.dbunit.dataset.CachedDataSet - endDataSet() - start
23:05:09.942 [main] DEBUG org.dbunit.dataset.CachedDataSet - endDataSet() - the final tableMap is: org.dbunit.dataset.OrderedTableNameMap[_tableNames=[customers, products, orders, order_items], _tableMap={ORDER_ITEMS=org.dbunit.dataset.DefaultTable[_metaData=tableName=order_items, columns=[(id, UNKNOWN, nullableUnknown), (order_order_number, UNKNOWN, nullableUnknown), (product_sku_number, UNKNOWN, nullableUnknown), (quantity, UNKNOWN, nullableUnknown)], keys=[], _rowList.size()=8], CUSTOMERS=org.dbunit.dataset.DefaultTable[_metaData=tableName=customers, columns=[(id, UNKNOWN, nullableUnknown), (name, UNKNOWN, nullableUnknown)], keys=[], _rowList.size()=6], ORDERS=org.dbunit.dataset.DefaultTable[_metaData=tableName=orders, columns=[(order_number, UNKNOWN, nullableUnknown), (customer_id, UNKNOWN, nullableUnknown), (date, UNKNOWN, nullableUnknown), (amount, UNKNOWN, nullableUnknown), (order_status, UNKNOWN, nullableUnknown), (discount_status, UNKNOWN, nullableUnknown)], keys=[], _rowList.size()=6], PRODUCTS=org.dbunit.dataset.DefaultTable[_metaData=tableName=products, columns=[(sku_number, UNKNOWN, nullableUnknown), (name, UNKNOWN, nullableUnknown), (amount, UNKNOWN, nullableUnknown)], keys=[], _rowList.size()=4]}, _caseSensitiveTableNames=false]
23:05:09.943 [main] DEBUG org.dbunit.AbstractDatabaseTester - setDataSet(dataSet=AbstractDataSet[_orderedTableNameMap=null]) - start
23:05:09.943 [main] DEBUG org.dbunit.DatabaseTestCase - getOperationListener() - start
23:05:09.943 [main] DEBUG org.dbunit.AbstractDatabaseTester - setOperationListener(operationListener=org.dbunit.DatabaseTestCase$1@b9e45a) - start
23:05:09.943 [main] DEBUG org.dbunit.AbstractDatabaseTester - onTearDown() - start
23:05:09.943 [main] DEBUG org.dbunit.AbstractDatabaseTester - executeOperation(operation=org.dbunit.operation.DeleteAllOperation@4ecfdd) - start
23:05:09.944 [main] DEBUG org.dbunit.JdbcDatabaseTester - getConnection() - start
23:05:09.944 [main] DEBUG org.dbunit.assertion.SimpleAssert - assertNotNullNorEmpty(propertyName=connectionUrl, property=jdbc:mysql://127.0.0.1/orderingsystem_test) - start
23:05:09.954 [main] DEBUG org.dbunit.util.SQLHelper - isEscaped returns 'false' for tableName= (dbIdentifierQuoteString=`)
23:05:09.954 [main] DEBUG o.dbunit.database.DatabaseConnection - Database connection info: 
	database product name=MySQL
	database version=5.5.2-m2-community
	database major version=5
	database minor version=5
	jdbc driver name=MySQL-AB JDBC Driver
	jdbc driver version=mysql-connector-java-5.1.16 ( Revision: ${bzr.revision-id} )
	jdbc driver major version=5
	jdbc driver minor version=1

23:05:10.051 [main] DEBUG o.dbunit.database.DatabaseConnection - validateSchema(validateStrict=false) - start
23:05:10.052 [main] WARN  o.dbunit.database.DatabaseConnection - The given schema '' does not exist.
23:05:10.052 [main] DEBUG org.dbunit.DefaultOperationListener - connectionCreated(connection=org.dbunit.database.DatabaseConnection[schema=, connection=com.mysql.jdbc.JDBC4Connection@349471, super=_databaseConfig=org.dbunit.database.DatabaseConfig[, _propertyMap={http://www.dbunit.org/properties/statementFactory=org.dbunit.database.statement.PreparedStatementFactory@19a32e0, http://www.dbunit.org/features/caseSensitiveTableNames=false, http://www.dbunit.org/properties/fetchSize=100, http://www.dbunit.org/features/batchedStatements=false, http://www.dbunit.org/properties/metadataHandler=org.dbunit.database.DefaultMetadataHandler@1fdadcd, http://www.dbunit.org/properties/datatypeFactory=org.dbunit.dataset.datatype.DefaultDataTypeFactory[_toleratedDeltaMap=org.dbunit.dataset.datatype.ToleratedDeltaMap@16925b0], http://www.dbunit.org/properties/escapePattern=null, http://www.dbunit.org/properties/batchSize=100, http://www.dbunit.org/features/qualifiedTableNames=false, http://www.dbunit.org/properties/tableType=[Ljava.lang.String;@297ffb, http://www.dbunit.org/properties/resultSetTableFactory=org.dbunit.database.CachedResultSetTableFactory@914f6a, http://www.dbunit.org/features/datatypeWarning=true}], _dataSet=null]) - start
23:05:10.151 [main] DEBUG org.dbunit.AbstractDatabaseTester - getDataSet() - start
23:05:10.151 [main] DEBUG o.d.operation.DeleteAllOperation - execute(connection=org.dbunit.database.DatabaseConnection[schema=, connection=com.mysql.jdbc.JDBC4Connection@349471, super=_databaseConfig=org.dbunit.database.DatabaseConfig[, _propertyMap={http://www.dbunit.org/properties/statementFactory=org.dbunit.database.statement.PreparedStatementFactory@19a32e0, http://www.dbunit.org/features/caseSensitiveTableNames=false, http://www.dbunit.org/properties/fetchSize=100, http://www.dbunit.org/features/batchedStatements=false, http://www.dbunit.org/properties/metadataHandler=org.dbunit.database.DefaultMetadataHandler@1fdadcd, http://www.dbunit.org/properties/datatypeFactory=org.dbunit.dataset.datatype.DefaultDataTypeFactory[_toleratedDeltaMap=org.dbunit.dataset.datatype.ToleratedDeltaMap@16925b0], http://www.dbunit.org/properties/escapePattern=null, http://www.dbunit.org/properties/batchSize=100, http://www.dbunit.org/features/qualifiedTableNames=false, http://www.dbunit.org/properties/tableType=[Ljava.lang.String;@297ffb, http://www.dbunit.org/properties/resultSetTableFactory=org.dbunit.database.CachedResultSetTableFactory@914f6a, http://www.dbunit.org/features/datatypeWarning=true}], _dataSet=null], dataSet=AbstractDataSet[_orderedTableNameMap=null]) - start
23:05:10.151 [main] DEBUG o.d.d.AbstractDatabaseConnection - createDataSet() - start
23:05:10.151 [main] DEBUG o.d.d.s.PreparedStatementFactory - createBatchStatement(connection=org.dbunit.database.DatabaseConnection[schema=, connection=com.mysql.jdbc.JDBC4Connection@349471, super=_databaseConfig=org.dbunit.database.DatabaseConfig[, _propertyMap={http://www.dbunit.org/properties/statementFactory=org.dbunit.database.statement.PreparedStatementFactory@19a32e0, http://www.dbunit.org/features/caseSensitiveTableNames=false, http://www.dbunit.org/properties/fetchSize=100, http://www.dbunit.org/features/batchedStatements=false, http://www.dbunit.org/properties/metadataHandler=org.dbunit.database.DefaultMetadataHandler@1fdadcd, http://www.dbunit.org/properties/datatypeFactory=org.dbunit.dataset.datatype.DefaultDataTypeFactory[_toleratedDeltaMap=org.dbunit.dataset.datatype.ToleratedDeltaMap@16925b0], http://www.dbunit.org/properties/escapePattern=null, http://www.dbunit.org/properties/batchSize=100, http://www.dbunit.org/features/qualifiedTableNames=false, http://www.dbunit.org/properties/tableType=[Ljava.lang.String;@297ffb, http://www.dbunit.org/properties/resultSetTableFactory=org.dbunit.database.CachedResultSetTableFactory@914f6a, http://www.dbunit.org/features/datatypeWarning=true}], _dataSet=AbstractDataSet[_orderedTableNameMap=null]]) - start
23:05:10.155 [main] DEBUG o.d.d.s.AbstractStatementFactory - supportBatchStatement(connection=org.dbunit.database.DatabaseConnection[schema=, connection=com.mysql.jdbc.JDBC4Connection@349471, super=_databaseConfig=org.dbunit.database.DatabaseConfig[, _propertyMap={http://www.dbunit.org/properties/statementFactory=org.dbunit.database.statement.PreparedStatementFactory@19a32e0, http://www.dbunit.org/features/caseSensitiveTableNames=false, http://www.dbunit.org/properties/fetchSize=100, http://www.dbunit.org/features/batchedStatements=false, http://www.dbunit.org/properties/metadataHandler=org.dbunit.database.DefaultMetadataHandler@1fdadcd, http://www.dbunit.org/properties/datatypeFactory=org.dbunit.dataset.datatype.DefaultDataTypeFactory[_toleratedDeltaMap=org.dbunit.dataset.datatype.ToleratedDeltaMap@16925b0], http://www.dbunit.org/properties/escapePattern=null, http://www.dbunit.org/properties/batchSize=100, http://www.dbunit.org/features/qualifiedTableNames=false, http://www.dbunit.org/properties/tableType=[Ljava.lang.String;@297ffb, http://www.dbunit.org/properties/resultSetTableFactory=org.dbunit.database.CachedResultSetTableFactory@914f6a, http://www.dbunit.org/features/datatypeWarning=true}], _dataSet=AbstractDataSet[_orderedTableNameMap=null]]) - start
23:05:10.159 [main] DEBUG org.dbunit.dataset.AbstractDataSet - iterator() - start
23:05:10.159 [main] DEBUG org.dbunit.dataset.CachedDataSet - createIterator(reversed=false) - start
23:05:10.159 [main] DEBUG o.dbunit.dataset.OrderedTableNameMap - orderedValues() - start
23:05:10.159 [main] DEBUG o.dbunit.dataset.OrderedTableNameMap - getTableName(tableName=customers) - start
23:05:10.159 [main] DEBUG o.dbunit.dataset.OrderedTableNameMap - getTableName(tableName=customers) - end - result=CUSTOMERS
23:05:10.159 [main] DEBUG o.dbunit.dataset.OrderedTableNameMap - getTableName(tableName=products) - start
23:05:10.163 [main] DEBUG o.dbunit.dataset.OrderedTableNameMap - getTableName(tableName=products) - end - result=PRODUCTS
23:05:10.163 [main] DEBUG o.dbunit.dataset.OrderedTableNameMap - getTableName(tableName=orders) - start
23:05:10.163 [main] DEBUG o.dbunit.dataset.OrderedTableNameMap - getTableName(tableName=orders) - end - result=ORDERS
23:05:10.163 [main] DEBUG o.dbunit.dataset.OrderedTableNameMap - getTableName(tableName=order_items) - start
23:05:10.163 [main] DEBUG o.dbunit.dataset.OrderedTableNameMap - getTableName(tableName=order_items) - end - result=ORDER_ITEMS
23:05:10.168 [main] DEBUG o.d.dataset.DefaultTableIterator - getTableMetaData() - start
23:05:10.168 [main] DEBUG o.d.dataset.DefaultTableIterator - getTable() - start
23:05:10.168 [main] DEBUG o.d.dataset.DefaultTableIterator - getTableMetaData() - start
23:05:10.168 [main] DEBUG o.d.dataset.DefaultTableIterator - getTable() - start
23:05:10.168 [main] DEBUG o.d.dataset.DefaultTableIterator - getTableMetaData() - start
23:05:10.168 [main] DEBUG o.d.dataset.DefaultTableIterator - getTable() - start
23:05:10.168 [main] DEBUG o.d.dataset.DefaultTableIterator - getTableMetaData() - start
23:05:10.170 [main] DEBUG o.d.dataset.DefaultTableIterator - getTable() - start
23:05:10.170 [main] DEBUG org.dbunit.database.DatabaseDataSet - getTableMetaData(tableName=order_items) - start
23:05:10.170 [main] DEBUG org.dbunit.database.DatabaseDataSet - initialize() - start
23:05:10.170 [main] DEBUG org.dbunit.database.DatabaseDataSet - Initializing the data set from the database...
23:05:10.172 [main] DEBUG org.dbunit.database.DatabaseDataSet - 
	database product name=MySQL
	database version=5.5.2-m2-community
	database major version=5
	database minor version=5
	jdbc driver name=MySQL-AB JDBC Driver
	jdbc driver version=mysql-connector-java-5.1.16 ( Revision: ${bzr.revision-id} )
	jdbc driver major version=5
	jdbc driver minor version=1

23:05:10.172 [main] DEBUG org.dbunit.database.DatabaseDataSet - metadata resultset=com.mysql.jdbc.JDBC4ResultSet@d1c778
23:05:10.172 [main] DEBUG org.dbunit.util.QualifiedTableName - getQualifiedNameIfEnabled(config=org.dbunit.database.DatabaseConfig[, _propertyMap={http://www.dbunit.org/properties/statementFactory=org.dbunit.database.statement.PreparedStatementFactory@19a32e0, http://www.dbunit.org/features/caseSensitiveTableNames=false, http://www.dbunit.org/properties/fetchSize=100, http://www.dbunit.org/features/batchedStatements=false, http://www.dbunit.org/properties/metadataHandler=org.dbunit.database.DefaultMetadataHandler@1fdadcd, http://www.dbunit.org/properties/datatypeFactory=org.dbunit.dataset.datatype.DefaultDataTypeFactory[_toleratedDeltaMap=org.dbunit.dataset.datatype.ToleratedDeltaMap@16925b0], http://www.dbunit.org/properties/escapePattern=null, http://www.dbunit.org/properties/batchSize=100, http://www.dbunit.org/features/qualifiedTableNames=false, http://www.dbunit.org/properties/tableType=[Ljava.lang.String;@297ffb, http://www.dbunit.org/properties/resultSetTableFactory=org.dbunit.database.CachedResultSetTableFactory@914f6a, http://www.dbunit.org/features/datatypeWarning=true}]) - start
23:05:10.173 [main] DEBUG org.dbunit.util.QualifiedTableName - Qualified table names feature is disabled. Returning plain table name
23:05:10.173 [main] DEBUG org.dbunit.util.QualifiedTableName - getQualifiedName(prefix=null, name=customers, escapePattern=null) - start
23:05:10.173 [main] DEBUG o.dbunit.dataset.OrderedTableNameMap - add(tableName=customers, object=null) - start
23:05:10.173 [main] DEBUG o.dbunit.dataset.OrderedTableNameMap - getTableName(tableName=customers) - start
23:05:10.173 [main] DEBUG o.dbunit.dataset.OrderedTableNameMap - getTableName(tableName=customers) - end - result=CUSTOMERS
23:05:10.175 [main] DEBUG o.dbunit.dataset.OrderedTableNameMap - getTableName(tableName=CUSTOMERS) - start
23:05:10.175 [main] DEBUG o.dbunit.dataset.OrderedTableNameMap - getTableName(tableName=CUSTOMERS) - end - result=CUSTOMERS
23:05:10.175 [main] DEBUG org.dbunit.util.QualifiedTableName - getQualifiedNameIfEnabled(config=org.dbunit.database.DatabaseConfig[, _propertyMap={http://www.dbunit.org/properties/statementFactory=org.dbunit.database.statement.PreparedStatementFactory@19a32e0, http://www.dbunit.org/features/caseSensitiveTableNames=false, http://www.dbunit.org/properties/fetchSize=100, http://www.dbunit.org/features/batchedStatements=false, http://www.dbunit.org/properties/metadataHandler=org.dbunit.database.DefaultMetadataHandler@1fdadcd, http://www.dbunit.org/properties/datatypeFactory=org.dbunit.dataset.datatype.DefaultDataTypeFactory[_toleratedDeltaMap=org.dbunit.dataset.datatype.ToleratedDeltaMap@16925b0], http://www.dbunit.org/properties/escapePattern=null, http://www.dbunit.org/properties/batchSize=100, http://www.dbunit.org/features/qualifiedTableNames=false, http://www.dbunit.org/properties/tableType=[Ljava.lang.String;@297ffb, http://www.dbunit.org/properties/resultSetTableFactory=org.dbunit.database.CachedResultSetTableFactory@914f6a, http://www.dbunit.org/features/datatypeWarning=true}]) - start
23:05:10.180 [main] DEBUG org.dbunit.util.QualifiedTableName - Qualified table names feature is disabled. Returning plain table name
23:05:10.180 [main] DEBUG org.dbunit.util.QualifiedTableName - getQualifiedName(prefix=null, name=inventories, escapePattern=null) - start
23:05:10.180 [main] DEBUG o.dbunit.dataset.OrderedTableNameMap - add(tableName=inventories, object=null) - start
23:05:10.180 [main] DEBUG o.dbunit.dataset.OrderedTableNameMap - getTableName(tableName=inventories) - start
23:05:10.180 [main] DEBUG o.dbunit.dataset.OrderedTableNameMap - getTableName(tableName=inventories) - end - result=INVENTORIES
23:05:10.181 [main] DEBUG o.dbunit.dataset.OrderedTableNameMap - getTableName(tableName=INVENTORIES) - start
23:05:10.181 [main] DEBUG o.dbunit.dataset.OrderedTableNameMap - getTableName(tableName=INVENTORIES) - end - result=INVENTORIES
23:05:10.181 [main] DEBUG org.dbunit.util.QualifiedTableName - getQualifiedNameIfEnabled(config=org.dbunit.database.DatabaseConfig[, _propertyMap={http://www.dbunit.org/properties/statementFactory=org.dbunit.database.statement.PreparedStatementFactory@19a32e0, http://www.dbunit.org/features/caseSensitiveTableNames=false, http://www.dbunit.org/properties/fetchSize=100, http://www.dbunit.org/features/batchedStatements=false, http://www.dbunit.org/properties/metadataHandler=org.dbunit.database.DefaultMetadataHandler@1fdadcd, http://www.dbunit.org/properties/datatypeFactory=org.dbunit.dataset.datatype.DefaultDataTypeFactory[_toleratedDeltaMap=org.dbunit.dataset.datatype.ToleratedDeltaMap@16925b0], http://www.dbunit.org/properties/escapePattern=null, http://www.dbunit.org/properties/batchSize=100, http://www.dbunit.org/features/qualifiedTableNames=false, http://www.dbunit.org/properties/tableType=[Ljava.lang.String;@297ffb, http://www.dbunit.org/properties/resultSetTableFactory=org.dbunit.database.CachedResultSetTableFactory@914f6a, http://www.dbunit.org/features/datatypeWarning=true}]) - start
23:05:10.186 [main] DEBUG org.dbunit.util.QualifiedTableName - Qualified table names feature is disabled. Returning plain table name
23:05:10.186 [main] DEBUG org.dbunit.util.QualifiedTableName - getQualifiedName(prefix=null, name=inventory_items, escapePattern=null) - start
23:05:10.186 [main] DEBUG o.dbunit.dataset.OrderedTableNameMap - add(tableName=inventory_items, object=null) - start
23:05:10.186 [main] DEBUG o.dbunit.dataset.OrderedTableNameMap - getTableName(tableName=inventory_items) - start
23:05:10.186 [main] DEBUG o.dbunit.dataset.OrderedTableNameMap - getTableName(tableName=inventory_items) - end - result=INVENTORY_ITEMS
23:05:10.187 [main] DEBUG o.dbunit.dataset.OrderedTableNameMap - getTableName(tableName=INVENTORY_ITEMS) - start
23:05:10.187 [main] DEBUG o.dbunit.dataset.OrderedTableNameMap - getTableName(tableName=INVENTORY_ITEMS) - end - result=INVENTORY_ITEMS
23:05:10.187 [main] DEBUG org.dbunit.util.QualifiedTableName - getQualifiedNameIfEnabled(config=org.dbunit.database.DatabaseConfig[, _propertyMap={http://www.dbunit.org/properties/statementFactory=org.dbunit.database.statement.PreparedStatementFactory@19a32e0, http://www.dbunit.org/features/caseSensitiveTableNames=false, http://www.dbunit.org/properties/fetchSize=100, http://www.dbunit.org/features/batchedStatements=false, http://www.dbunit.org/properties/metadataHandler=org.dbunit.database.DefaultMetadataHandler@1fdadcd, http://www.dbunit.org/properties/datatypeFactory=org.dbunit.dataset.datatype.DefaultDataTypeFactory[_toleratedDeltaMap=org.dbunit.dataset.datatype.ToleratedDeltaMap@16925b0], http://www.dbunit.org/properties/escapePattern=null, http://www.dbunit.org/properties/batchSize=100, http://www.dbunit.org/features/qualifiedTableNames=false, http://www.dbunit.org/properties/tableType=[Ljava.lang.String;@297ffb, http://www.dbunit.org/properties/resultSetTableFactory=org.dbunit.database.CachedResultSetTableFactory@914f6a, http://www.dbunit.org/features/datatypeWarning=true}]) - start
23:05:10.192 [main] DEBUG org.dbunit.util.QualifiedTableName - Qualified table names feature is disabled. Returning plain table name
23:05:10.192 [main] DEBUG org.dbunit.util.QualifiedTableName - getQualifiedName(prefix=null, name=order_items, escapePattern=null) - start
23:05:10.192 [main] DEBUG o.dbunit.dataset.OrderedTableNameMap - add(tableName=order_items, object=null) - start
23:05:10.192 [main] DEBUG o.dbunit.dataset.OrderedTableNameMap - getTableName(tableName=order_items) - start
23:05:10.192 [main] DEBUG o.dbunit.dataset.OrderedTableNameMap - getTableName(tableName=order_items) - end - result=ORDER_ITEMS
23:05:10.193 [main] DEBUG o.dbunit.dataset.OrderedTableNameMap - getTableName(tableName=ORDER_ITEMS) - start
23:05:10.194 [main] DEBUG o.dbunit.dataset.OrderedTableNameMap - getTableName(tableName=ORDER_ITEMS) - end - result=ORDER_ITEMS
23:05:10.194 [main] DEBUG org.dbunit.util.QualifiedTableName - getQualifiedNameIfEnabled(config=org.dbunit.database.DatabaseConfig[, _propertyMap={http://www.dbunit.org/properties/statementFactory=org.dbunit.database.statement.PreparedStatementFactory@19a32e0, http://www.dbunit.org/features/caseSensitiveTableNames=false, http://www.dbunit.org/properties/fetchSize=100, http://www.dbunit.org/features/batchedStatements=false, http://www.dbunit.org/properties/metadataHandler=org.dbunit.database.DefaultMetadataHandler@1fdadcd, http://www.dbunit.org/properties/datatypeFactory=org.dbunit.dataset.datatype.DefaultDataTypeFactory[_toleratedDeltaMap=org.dbunit.dataset.datatype.ToleratedDeltaMap@16925b0], http://www.dbunit.org/properties/escapePattern=null, http://www.dbunit.org/properties/batchSize=100, http://www.dbunit.org/features/qualifiedTableNames=false, http://www.dbunit.org/properties/tableType=[Ljava.lang.String;@297ffb, http://www.dbunit.org/properties/resultSetTableFactory=org.dbunit.database.CachedResultSetTableFactory@914f6a, http://www.dbunit.org/features/datatypeWarning=true}]) - start
23:05:10.197 [main] DEBUG org.dbunit.util.QualifiedTableName - Qualified table names feature is disabled. Returning plain table name
23:05:10.197 [main] DEBUG org.dbunit.util.QualifiedTableName - getQualifiedName(prefix=null, name=orders, escapePattern=null) - start
23:05:10.197 [main] DEBUG o.dbunit.dataset.OrderedTableNameMap - add(tableName=orders, object=null) - start
23:05:10.198 [main] DEBUG o.dbunit.dataset.OrderedTableNameMap - getTableName(tableName=orders) - start
23:05:10.198 [main] DEBUG o.dbunit.dataset.OrderedTableNameMap - getTableName(tableName=orders) - end - result=ORDERS
23:05:10.199 [main] DEBUG o.dbunit.dataset.OrderedTableNameMap - getTableName(tableName=ORDERS) - start
23:05:10.199 [main] DEBUG o.dbunit.dataset.OrderedTableNameMap - getTableName(tableName=ORDERS) - end - result=ORDERS
23:05:10.199 [main] DEBUG org.dbunit.util.QualifiedTableName - getQualifiedNameIfEnabled(config=org.dbunit.database.DatabaseConfig[, _propertyMap={http://www.dbunit.org/properties/statementFactory=org.dbunit.database.statement.PreparedStatementFactory@19a32e0, http://www.dbunit.org/features/caseSensitiveTableNames=false, http://www.dbunit.org/properties/fetchSize=100, http://www.dbunit.org/features/batchedStatements=false, http://www.dbunit.org/properties/metadataHandler=org.dbunit.database.DefaultMetadataHandler@1fdadcd, http://www.dbunit.org/properties/datatypeFactory=org.dbunit.dataset.datatype.DefaultDataTypeFactory[_toleratedDeltaMap=org.dbunit.dataset.datatype.ToleratedDeltaMap@16925b0], http://www.dbunit.org/properties/escapePattern=null, http://www.dbunit.org/properties/batchSize=100, http://www.dbunit.org/features/qualifiedTableNames=false, http://www.dbunit.org/properties/tableType=[Ljava.lang.String;@297ffb, http://www.dbunit.org/properties/resultSetTableFactory=org.dbunit.database.CachedResultSetTableFactory@914f6a, http://www.dbunit.org/features/datatypeWarning=true}]) - start
23:05:10.203 [main] DEBUG org.dbunit.util.QualifiedTableName - Qualified table names feature is disabled. Returning plain table name
23:05:10.203 [main] DEBUG org.dbunit.util.QualifiedTableName - getQualifiedName(prefix=null, name=products, escapePattern=null) - start
23:05:10.203 [main] DEBUG o.dbunit.dataset.OrderedTableNameMap - add(tableName=products, object=null) - start
23:05:10.203 [main] DEBUG o.dbunit.dataset.OrderedTableNameMap - getTableName(tableName=products) - start
23:05:10.203 [main] DEBUG o.dbunit.dataset.OrderedTableNameMap - getTableName(tableName=products) - end - result=PRODUCTS
23:05:10.204 [main] DEBUG o.dbunit.dataset.OrderedTableNameMap - getTableName(tableName=PRODUCTS) - start
23:05:10.204 [main] DEBUG o.dbunit.dataset.OrderedTableNameMap - getTableName(tableName=PRODUCTS) - end - result=PRODUCTS
23:05:10.204 [main] DEBUG o.dbunit.dataset.OrderedTableNameMap - getTableName(tableName=order_items) - start
23:05:10.204 [main] DEBUG o.dbunit.dataset.OrderedTableNameMap - getTableName(tableName=order_items) - end - result=ORDER_ITEMS
23:05:10.204 [main] DEBUG o.dbunit.dataset.OrderedTableNameMap - getTableName(tableName=order_items) - start
23:05:10.209 [main] DEBUG o.dbunit.dataset.OrderedTableNameMap - getTableName(tableName=order_items) - end - result=ORDER_ITEMS
23:05:10.209 [main] DEBUG org.dbunit.util.SQLHelper - isEscaped returns 'false' for tableName=order_items (dbIdentifierQuoteString=`)
23:05:10.209 [main] DEBUG o.d.database.DatabaseTableMetaData - Validating if table 'order_items' exists in schema '' ...
23:05:10.210 [main] DEBUG org.dbunit.util.SQLHelper - close(resultSet=com.mysql.jdbc.JDBC4ResultSet@ab444) - start
23:05:10.210 [main] DEBUG o.dbunit.dataset.OrderedTableNameMap - update(tableName=order_items, object=table=order_items, cols=[(id, INTEGER, noNulls), (order_order_number, INTEGER, noNulls), (product_sku_number, INTEGER, noNulls), (quantity, INTEGER, noNulls)], pk=[(id, INTEGER, noNulls)]) - start
23:05:10.217 [main] DEBUG o.dbunit.dataset.OrderedTableNameMap - getTableName(tableName=order_items) - start
23:05:10.217 [main] DEBUG o.dbunit.dataset.OrderedTableNameMap - getTableName(tableName=order_items) - end - result=ORDER_ITEMS
23:05:10.312 [main] DEBUG o.dbunit.dataset.OrderedTableNameMap - getTableName(tableName=order_items) - start
23:05:10.312 [main] DEBUG o.dbunit.dataset.OrderedTableNameMap - getTableName(tableName=order_items) - end - result=ORDER_ITEMS
23:05:10.312 [main] DEBUG o.dbunit.operation.AbstractOperation - getQualifiedName(prefix=, name=order_items, connection=org.dbunit.database.DatabaseConnection[schema=, connection=com.mysql.jdbc.JDBC4Connection@349471, super=_databaseConfig=org.dbunit.database.DatabaseConfig[, _propertyMap={http://www.dbunit.org/properties/statementFactory=org.dbunit.database.statement.PreparedStatementFactory@19a32e0, http://www.dbunit.org/features/caseSensitiveTableNames=false, http://www.dbunit.org/properties/fetchSize=100, http://www.dbunit.org/features/batchedStatements=false, http://www.dbunit.org/properties/metadataHandler=org.dbunit.database.DefaultMetadataHandler@1fdadcd, http://www.dbunit.org/properties/datatypeFactory=org.dbunit.dataset.datatype.DefaultDataTypeFactory[_toleratedDeltaMap=org.dbunit.dataset.datatype.ToleratedDeltaMap@16925b0], http://www.dbunit.org/properties/escapePattern=null, http://www.dbunit.org/properties/batchSize=100, http://www.dbunit.org/features/qualifiedTableNames=false, http://www.dbunit.org/properties/tableType=[Ljava.lang.String;@297ffb, http://www.dbunit.org/properties/resultSetTableFactory=org.dbunit.database.CachedResultSetTableFactory@914f6a, http://www.dbunit.org/features/datatypeWarning=true}], _dataSet=AbstractDataSet[_orderedTableNameMap=null]]) - start
23:05:10.313 [main] DEBUG org.dbunit.util.QualifiedTableName - getQualifiedName() - start
23:05:10.313 [main] DEBUG org.dbunit.util.QualifiedTableName - getQualifiedName(prefix=, name=order_items, escapePattern=null) - start
23:05:10.313 [main] DEBUG o.d.d.statement.SimpleStatement - addBatch(sql=delete from order_items) - start
23:05:10.313 [main] DEBUG o.d.operation.DeleteAllOperation - Added SQL: delete from order_items
23:05:10.313 [main] DEBUG org.dbunit.database.DatabaseDataSet - getTableMetaData(tableName=orders) - start
23:05:10.314 [main] DEBUG org.dbunit.database.DatabaseDataSet - initialize() - start
23:05:10.314 [main] DEBUG o.dbunit.dataset.OrderedTableNameMap - getTableName(tableName=orders) - start
23:05:10.314 [main] DEBUG o.dbunit.dataset.OrderedTableNameMap - getTableName(tableName=orders) - end - result=ORDERS
23:05:10.314 [main] DEBUG o.dbunit.dataset.OrderedTableNameMap - getTableName(tableName=orders) - start
23:05:10.314 [main] DEBUG o.dbunit.dataset.OrderedTableNameMap - getTableName(tableName=orders) - end - result=ORDERS
23:05:10.319 [main] DEBUG org.dbunit.util.SQLHelper - isEscaped returns 'false' for tableName=orders (dbIdentifierQuoteString=`)
23:05:10.319 [main] DEBUG o.d.database.DatabaseTableMetaData - Validating if table 'orders' exists in schema '' ...
23:05:10.320 [main] DEBUG org.dbunit.util.SQLHelper - close(resultSet=com.mysql.jdbc.JDBC4ResultSet@100bac2) - start
23:05:10.320 [main] DEBUG o.dbunit.dataset.OrderedTableNameMap - update(tableName=orders, object=table=orders, cols=[(order_number, INTEGER, noNulls), (customer_id, INTEGER, noNulls), (date, DATE, noNulls), (amount, DECIMAL, noNulls), (order_status, VARCHAR, noNulls), (discount_status, VARCHAR, noNulls)], pk=[(order_number, INTEGER, noNulls)]) - start
23:05:10.328 [main] DEBUG o.dbunit.dataset.OrderedTableNameMap - getTableName(tableName=orders) - start
23:05:10.328 [main] DEBUG o.dbunit.dataset.OrderedTableNameMap - getTableName(tableName=orders) - end - result=ORDERS
23:05:10.422 [main] DEBUG o.dbunit.dataset.OrderedTableNameMap - getTableName(tableName=orders) - start
23:05:10.422 [main] DEBUG o.dbunit.dataset.OrderedTableNameMap - getTableName(tableName=orders) - end - result=ORDERS
23:05:10.422 [main] DEBUG o.dbunit.operation.AbstractOperation - getQualifiedName(prefix=, name=orders, connection=org.dbunit.database.DatabaseConnection[schema=, connection=com.mysql.jdbc.JDBC4Connection@349471, super=_databaseConfig=org.dbunit.database.DatabaseConfig[, _propertyMap={http://www.dbunit.org/properties/statementFactory=org.dbunit.database.statement.PreparedStatementFactory@19a32e0, http://www.dbunit.org/features/caseSensitiveTableNames=false, http://www.dbunit.org/properties/fetchSize=100, http://www.dbunit.org/features/batchedStatements=false, http://www.dbunit.org/properties/metadataHandler=org.dbunit.database.DefaultMetadataHandler@1fdadcd, http://www.dbunit.org/properties/datatypeFactory=org.dbunit.dataset.datatype.DefaultDataTypeFactory[_toleratedDeltaMap=org.dbunit.dataset.datatype.ToleratedDeltaMap@16925b0], http://www.dbunit.org/properties/escapePattern=null, http://www.dbunit.org/properties/batchSize=100, http://www.dbunit.org/features/qualifiedTableNames=false, http://www.dbunit.org/properties/tableType=[Ljava.lang.String;@297ffb, http://www.dbunit.org/properties/resultSetTableFactory=org.dbunit.database.CachedResultSetTableFactory@914f6a, http://www.dbunit.org/features/datatypeWarning=true}], _dataSet=AbstractDataSet[_orderedTableNameMap=null]]) - start
23:05:10.423 [main] DEBUG org.dbunit.util.QualifiedTableName - getQualifiedName() - start
23:05:10.423 [main] DEBUG org.dbunit.util.QualifiedTableName - getQualifiedName(prefix=, name=orders, escapePattern=null) - start
23:05:10.423 [main] DEBUG o.d.d.statement.SimpleStatement - addBatch(sql=delete from orders) - start
23:05:10.423 [main] DEBUG o.d.operation.DeleteAllOperation - Added SQL: delete from orders
23:05:10.423 [main] DEBUG org.dbunit.database.DatabaseDataSet - getTableMetaData(tableName=products) - start
23:05:10.424 [main] DEBUG org.dbunit.database.DatabaseDataSet - initialize() - start
23:05:10.424 [main] DEBUG o.dbunit.dataset.OrderedTableNameMap - getTableName(tableName=products) - start
23:05:10.424 [main] DEBUG o.dbunit.dataset.OrderedTableNameMap - getTableName(tableName=products) - end - result=PRODUCTS
23:05:10.424 [main] DEBUG o.dbunit.dataset.OrderedTableNameMap - getTableName(tableName=products) - start
23:05:10.424 [main] DEBUG o.dbunit.dataset.OrderedTableNameMap - getTableName(tableName=products) - end - result=PRODUCTS
23:05:10.429 [main] DEBUG org.dbunit.util.SQLHelper - isEscaped returns 'false' for tableName=products (dbIdentifierQuoteString=`)
23:05:10.429 [main] DEBUG o.d.database.DatabaseTableMetaData - Validating if table 'products' exists in schema '' ...
23:05:10.430 [main] DEBUG org.dbunit.util.SQLHelper - close(resultSet=com.mysql.jdbc.JDBC4ResultSet@1be16f5) - start
23:05:10.431 [main] DEBUG o.dbunit.dataset.OrderedTableNameMap - update(tableName=products, object=table=products, cols=[(sku_number, INTEGER, noNulls), (name, VARCHAR, noNulls), (amount, DECIMAL, noNulls)], pk=[(sku_number, INTEGER, noNulls)]) - start
23:05:10.437 [main] DEBUG o.dbunit.dataset.OrderedTableNameMap - getTableName(tableName=products) - start
23:05:10.438 [main] DEBUG o.dbunit.dataset.OrderedTableNameMap - getTableName(tableName=products) - end - result=PRODUCTS
23:05:10.438 [main] DEBUG o.dbunit.dataset.OrderedTableNameMap - getTableName(tableName=products) - start
23:05:10.532 [main] DEBUG o.dbunit.dataset.OrderedTableNameMap - getTableName(tableName=products) - end - result=PRODUCTS
23:05:10.532 [main] DEBUG o.dbunit.operation.AbstractOperation - getQualifiedName(prefix=, name=products, connection=org.dbunit.database.DatabaseConnection[schema=, connection=com.mysql.jdbc.JDBC4Connection@349471, super=_databaseConfig=org.dbunit.database.DatabaseConfig[, _propertyMap={http://www.dbunit.org/properties/statementFactory=org.dbunit.database.statement.PreparedStatementFactory@19a32e0, http://www.dbunit.org/features/caseSensitiveTableNames=false, http://www.dbunit.org/properties/fetchSize=100, http://www.dbunit.org/features/batchedStatements=false, http://www.dbunit.org/properties/metadataHandler=org.dbunit.database.DefaultMetadataHandler@1fdadcd, http://www.dbunit.org/properties/datatypeFactory=org.dbunit.dataset.datatype.DefaultDataTypeFactory[_toleratedDeltaMap=org.dbunit.dataset.datatype.ToleratedDeltaMap@16925b0], http://www.dbunit.org/properties/escapePattern=null, http://www.dbunit.org/properties/batchSize=100, http://www.dbunit.org/features/qualifiedTableNames=false, http://www.dbunit.org/properties/tableType=[Ljava.lang.String;@297ffb, http://www.dbunit.org/properties/resultSetTableFactory=org.dbunit.database.CachedResultSetTableFactory@914f6a, http://www.dbunit.org/features/datatypeWarning=true}], _dataSet=AbstractDataSet[_orderedTableNameMap=null]]) - start
23:05:10.533 [main] DEBUG org.dbunit.util.QualifiedTableName - getQualifiedName() - start
23:05:10.533 [main] DEBUG org.dbunit.util.QualifiedTableName - getQualifiedName(prefix=, name=products, escapePattern=null) - start
23:05:10.533 [main] DEBUG o.d.d.statement.SimpleStatement - addBatch(sql=delete from products) - start
23:05:10.533 [main] DEBUG o.d.operation.DeleteAllOperation - Added SQL: delete from products
23:05:10.533 [main] DEBUG org.dbunit.database.DatabaseDataSet - getTableMetaData(tableName=customers) - start
23:05:10.534 [main] DEBUG org.dbunit.database.DatabaseDataSet - initialize() - start
23:05:10.534 [main] DEBUG o.dbunit.dataset.OrderedTableNameMap - getTableName(tableName=customers) - start
23:05:10.534 [main] DEBUG o.dbunit.dataset.OrderedTableNameMap - getTableName(tableName=customers) - end - result=CUSTOMERS
23:05:10.534 [main] DEBUG o.dbunit.dataset.OrderedTableNameMap - getTableName(tableName=customers) - start
23:05:10.534 [main] DEBUG o.dbunit.dataset.OrderedTableNameMap - getTableName(tableName=customers) - end - result=CUSTOMERS
23:05:10.538 [main] DEBUG org.dbunit.util.SQLHelper - isEscaped returns 'false' for tableName=customers (dbIdentifierQuoteString=`)
23:05:10.538 [main] DEBUG o.d.database.DatabaseTableMetaData - Validating if table 'customers' exists in schema '' ...
23:05:10.540 [main] DEBUG org.dbunit.util.SQLHelper - close(resultSet=com.mysql.jdbc.JDBC4ResultSet@8a548b) - start
23:05:10.540 [main] DEBUG o.dbunit.dataset.OrderedTableNameMap - update(tableName=customers, object=table=customers, cols=[(id, INTEGER, noNulls), (name, VARCHAR, nullable)], pk=[(id, INTEGER, noNulls)]) - start
23:05:10.546 [main] DEBUG o.dbunit.dataset.OrderedTableNameMap - getTableName(tableName=customers) - start
23:05:10.546 [main] DEBUG o.dbunit.dataset.OrderedTableNameMap - getTableName(tableName=customers) - end - result=CUSTOMERS
23:05:10.546 [main] DEBUG o.dbunit.dataset.OrderedTableNameMap - getTableName(tableName=customers) - start
23:05:10.642 [main] DEBUG o.dbunit.dataset.OrderedTableNameMap - getTableName(tableName=customers) - end - result=CUSTOMERS
23:05:10.642 [main] DEBUG o.dbunit.operation.AbstractOperation - getQualifiedName(prefix=, name=customers, connection=org.dbunit.database.DatabaseConnection[schema=, connection=com.mysql.jdbc.JDBC4Connection@349471, super=_databaseConfig=org.dbunit.database.DatabaseConfig[, _propertyMap={http://www.dbunit.org/properties/statementFactory=org.dbunit.database.statement.PreparedStatementFactory@19a32e0, http://www.dbunit.org/features/caseSensitiveTableNames=false, http://www.dbunit.org/properties/fetchSize=100, http://www.dbunit.org/features/batchedStatements=false, http://www.dbunit.org/properties/metadataHandler=org.dbunit.database.DefaultMetadataHandler@1fdadcd, http://www.dbunit.org/properties/datatypeFactory=org.dbunit.dataset.datatype.DefaultDataTypeFactory[_toleratedDeltaMap=org.dbunit.dataset.datatype.ToleratedDeltaMap@16925b0], http://www.dbunit.org/properties/escapePattern=null, http://www.dbunit.org/properties/batchSize=100, http://www.dbunit.org/features/qualifiedTableNames=false, http://www.dbunit.org/properties/tableType=[Ljava.lang.String;@297ffb, http://www.dbunit.org/properties/resultSetTableFactory=org.dbunit.database.CachedResultSetTableFactory@914f6a, http://www.dbunit.org/features/datatypeWarning=true}], _dataSet=AbstractDataSet[_orderedTableNameMap=null]]) - start
23:05:10.643 [main] DEBUG org.dbunit.util.QualifiedTableName - getQualifiedName() - start
23:05:10.643 [main] DEBUG org.dbunit.util.QualifiedTableName - getQualifiedName(prefix=, name=customers, escapePattern=null) - start
23:05:10.643 [main] DEBUG o.d.d.statement.SimpleStatement - addBatch(sql=delete from customers) - start
23:05:10.643 [main] DEBUG o.d.operation.DeleteAllOperation - Added SQL: delete from customers
23:05:10.643 [main] DEBUG o.d.d.statement.SimpleStatement - executeBatch() - start
23:05:10.643 [main] DEBUG o.d.d.statement.SimpleStatement - DbUnit SQL: delete from order_items
23:05:10.682 [main] DEBUG o.d.d.statement.SimpleStatement - DbUnit SQL: delete from orders
23:05:10.700 [main] DEBUG o.d.d.statement.SimpleStatement - DbUnit SQL: delete from products
23:05:10.726 [main] DEBUG o.d.d.statement.SimpleStatement - DbUnit SQL: delete from customers
23:05:10.744 [main] DEBUG o.d.d.statement.SimpleStatement - clearBatch() - start
23:05:10.744 [main] DEBUG o.d.d.s.AbstractBatchStatement - close() - start
23:05:10.744 [main] DEBUG org.dbunit.DefaultOperationListener - operationTearDownFinished(connection=org.dbunit.database.DatabaseConnection[schema=, connection=com.mysql.jdbc.JDBC4Connection@349471, super=_databaseConfig=org.dbunit.database.DatabaseConfig[, _propertyMap={http://www.dbunit.org/properties/statementFactory=org.dbunit.database.statement.PreparedStatementFactory@19a32e0, http://www.dbunit.org/features/caseSensitiveTableNames=false, http://www.dbunit.org/properties/fetchSize=100, http://www.dbunit.org/features/batchedStatements=false, http://www.dbunit.org/properties/metadataHandler=org.dbunit.database.DefaultMetadataHandler@1fdadcd, http://www.dbunit.org/properties/datatypeFactory=org.dbunit.dataset.datatype.DefaultDataTypeFactory[_toleratedDeltaMap=org.dbunit.dataset.datatype.ToleratedDeltaMap@16925b0], http://www.dbunit.org/properties/escapePattern=null, http://www.dbunit.org/properties/batchSize=100, http://www.dbunit.org/features/qualifiedTableNames=false, http://www.dbunit.org/properties/tableType=[Ljava.lang.String;@297ffb, http://www.dbunit.org/properties/resultSetTableFactory=org.dbunit.database.CachedResultSetTableFactory@914f6a, http://www.dbunit.org/features/datatypeWarning=true}], _dataSet=AbstractDataSet[_orderedTableNameMap=null]]) - start
23:05:10.749 [main] DEBUG org.dbunit.DefaultOperationListener - closeConnection(connection=org.dbunit.database.DatabaseConnection[schema=, connection=com.mysql.jdbc.JDBC4Connection@349471, super=_databaseConfig=org.dbunit.database.DatabaseConfig[, _propertyMap={http://www.dbunit.org/properties/statementFactory=org.dbunit.database.statement.PreparedStatementFactory@19a32e0, http://www.dbunit.org/features/caseSensitiveTableNames=false, http://www.dbunit.org/properties/fetchSize=100, http://www.dbunit.org/features/batchedStatements=false, http://www.dbunit.org/properties/metadataHandler=org.dbunit.database.DefaultMetadataHandler@1fdadcd, http://www.dbunit.org/properties/datatypeFactory=org.dbunit.dataset.datatype.DefaultDataTypeFactory[_toleratedDeltaMap=org.dbunit.dataset.datatype.ToleratedDeltaMap@16925b0], http://www.dbunit.org/properties/escapePattern=null, http://www.dbunit.org/properties/batchSize=100, http://www.dbunit.org/features/qualifiedTableNames=false, http://www.dbunit.org/properties/tableType=[Ljava.lang.String;@297ffb, http://www.dbunit.org/properties/resultSetTableFactory=org.dbunit.database.CachedResultSetTableFactory@914f6a, http://www.dbunit.org/features/datatypeWarning=true}], _dataSet=AbstractDataSet[_orderedTableNameMap=null]]) - start
23:05:10.750 [main] DEBUG o.dbunit.database.DatabaseConnection - close() - start
]]></system-out>
  <system-err><![CDATA[]]></system-err>
</testsuite>
